27
 energy: -465.791344535141 gnorm: 0.031178398646 xtb: 6.7.1 (edcfbbe)
C            3.31421760766862       -0.32631918464460        0.87992973988992
C            1.94401526126144       -0.17354609767690        0.30721434863613
C            1.43748541193699        1.01695688545064       -0.02881455351277
C            0.08592715693808        1.22306246804197       -0.54054538973953
O           -0.36273835366074        2.33852146093626       -0.71849322191838
C           -0.76528776523912       -0.00819880760363       -0.82040131866354
H           -1.21946426734038        0.16672435007388       -1.80403566959942
C            0.06752510142992       -1.28838075647092       -0.91912687700729
C            1.14640170220800       -1.42880695323314        0.15177444266726
C           -1.95330636676556       -0.01201250290532        0.17257625567647
C           -3.04038867274728       -0.99588639474130       -0.25404825341258
C           -1.54973642308673       -0.27072024201996        1.62209101191879
H            3.78193298907587        0.63905109798318        1.05246420786637
H            3.94040096624610       -0.90210168219975        0.19823243508784
H            3.26816426384821       -0.87290477508681        1.82150027420715
H            2.01650840689357        1.92133087305139        0.10188274744515
H           -0.58800867686056       -2.15993442865712       -0.89760485209775
H            0.56593544855078       -1.28124059246775       -1.89258638783866
H            0.70573687301273       -1.67658483834294        1.12026525899642
H            1.81189504230290       -2.25537246219942       -0.11183439924956
H           -2.37363073995182        0.99909738614273        0.11807656625232
H           -3.35745308218778       -0.80516881175679       -1.27668958286573
H           -3.90593033493082       -0.89416491639623        0.39671047897579
H           -2.68998285679200       -2.02366902479674       -0.18666296408272
H           -1.30227555757707       -1.31817945358412        1.77801346848788
H           -2.38067727235494       -0.02654195981176        2.28113071151083
H           -0.70017325941027        0.34597547535331        1.90614855444466
27
 energy: -465.792389817103 gnorm: 0.008512762547 xtb: 6.7.1 (edcfbbe)
C            3.32016384988436       -0.32279004055434        0.88510253110016
C            1.95139817465372       -0.17177023948384        0.30493894114956
C            1.44665911105962        1.02675959537322       -0.03525190342219
C            0.09412098624464        1.22376183474108       -0.55767822734598
O           -0.35869414959908        2.34711503491689       -0.72661069633371
C           -0.77140841618677       -0.00493558829017       -0.82379337792714
H           -1.22346859296276        0.17898805067485       -1.80711881323657
C            0.05748657869030       -1.29239699303566       -0.92157828083982
C            1.14783922533711       -1.42647693288967        0.14282120212183
C           -1.95832590326215       -0.01493880382651        0.17383026914498
C           -3.04818983600000       -0.99686069255889       -0.25695878790522
C           -1.55242521352653       -0.26689306032359        1.62809812304521
H            3.79628467476675        0.64280441498606        1.06135183343712
H            3.95002906813603       -0.90809220885774        0.20635623586020
H            3.27472722843214       -0.87594677065063        1.82919006599914
H            2.02460792806531        1.93538474530518        0.10888743129239
H           -0.59506099323218       -2.17047787179959       -0.90570863014074
H            0.55602736704198       -1.29208186619176       -1.89752641520543
H            0.71915967241569       -1.68241588017161        1.11891683955976
H            1.81807457614031       -2.25521833080502       -0.11345080030067
H           -2.37508419265183        0.99804298338853        0.11348226729437
H           -3.36992103597521       -0.80860229858113       -1.28464761658914
H           -3.92004756625403       -0.90139391465994        0.39544260471217
H           -2.70178072753252       -2.03225409684614       -0.19074089212070
H           -1.30000107416863       -1.31835891276153        1.78910063898491
H           -2.38540900792261       -0.02911936618310        2.29451853208429
H           -0.69966818922941        0.34915376934758        1.92619382137099
27
 energy: -465.792501899749 gnorm: 0.003839926743 xtb: 6.7.1 (edcfbbe)
C            3.32225489943693       -0.32159585778652        0.88978759714687
C            1.95692324404270       -0.17059515575801        0.30052631683460
C            1.45323074627143        1.03070893645205       -0.04408704202545
C            0.09303047495904        1.22260358436880       -0.55022635090513
O           -0.35519887885142        2.34830806227372       -0.73471447201465
C           -0.77440073193495       -0.00513367385440       -0.82251942721758
H           -1.22412831253520        0.18531695117267       -1.80602946112781
C            0.05665101882547       -1.29328675857005       -0.92397548908375
C            1.15268450626677       -1.42613437562577        0.13605136191217
C           -1.96321159485238       -0.01243729529460        0.17533349200951
C           -3.05208372634940       -0.99588493377321       -0.25682009126904
C           -1.55818354219573       -0.26614661830952        1.63091636375683
H            3.80215592773078        0.64338556308187        1.06820909679247
H            3.95700306104171       -0.91172376815322        0.21597394388069
H            3.27597997893208       -0.87649795395422        1.83558744440939
H            2.03217257819487        1.94087309380545        0.09738851649972
H           -0.59440458091525       -2.17410511524335       -0.90633939562593
H            0.55031719294318       -1.29743174355162       -1.90385157702068
H            0.73357997821994       -1.68742577655504        1.11735895453733
H            1.82482069156464       -2.25497728027968       -0.12110399894895
H           -2.38008756134107        1.00084291689207        0.11361511821397
H           -3.37586770313902       -0.80762995457570       -1.28616539908543
H           -3.92761528255683       -0.90453034061118        0.39504290748158
H           -2.70918967112752       -2.03527197046720       -0.19313747595076
H           -1.29980733728745       -1.31850734359552        1.79455110929994
H           -2.39310184357052       -0.03377141633270        2.30016166546378
H           -0.70642865913573        0.35203566230502        1.93563409471002
27
 energy: -465.792536651665 gnorm: 0.001608256946 xtb: 6.7.1 (edcfbbe)
C            3.32229878668255       -0.32155741824133        0.89065633954691
C            1.95785167359790       -0.16990373143722        0.29994354985458
C            1.45420610501121        1.03130679051620       -0.04484372362313
C            0.09662590396630        1.22224928558417       -0.55718965631940
O           -0.35396227073396        2.34744704390444       -0.73680568775686
C           -0.77380472553589       -0.00527937037942       -0.82122364101029
H           -1.22455355343275        0.18540313529034       -1.80405524306692
C            0.05686539450965       -1.29351194980069       -0.92336155228846
C            1.15505064222377       -1.42610618384118        0.13394563353584
C           -1.96356538746096       -0.01265495875140        0.17616199757397
C           -3.05331815086397       -0.99497071324478       -0.25604198086874
C           -1.56009009288913       -0.26661409580489        1.63170620785576
H            3.80235080453606        0.64291164512661        1.06998091637429
H            3.95925918401521       -0.91256630261093        0.21968225622383
H            3.27373591236694       -0.87541219945344        1.83691911913132
H            2.03223526593602        1.94159201539781        0.09725159254012
H           -0.59417917267891       -2.17422179450810       -0.90228541962352
H            0.54671962458674       -1.29848077137906       -1.90522075211062
H            0.73920953829172       -1.69077934934612        1.11590094891267
H            1.82802731065027       -2.25310528864517       -0.12748630335032
H           -2.38052215853731        1.00059653192062        0.11454491151907
H           -3.37725127103661       -0.80563995857485       -1.28499055593603
H           -3.92901991542803       -0.90400829714996        0.39550732862307
H           -2.71121676841719       -2.03454537514128       -0.19367987393424
H           -1.29873223544625       -1.31822727224705        1.79485144700730
H           -2.39649847586951       -0.03688055853344        2.29994803968230
H           -0.71062668626837        0.35394717028026        1.93735092321462
27
 energy: -465.792556750287 gnorm: 0.001139334416 xtb: 6.7.1 (edcfbbe)
C            3.32174690015714       -0.32061319780546        0.89273309462404
C            1.95935596064299       -0.16938797404582        0.29779419420604
C            1.45544382071670        1.03080185243724       -0.04779219093022
C            0.09812436808910        1.22163520764637       -0.55964553923696
O           -0.35241453985186        2.34609752968925       -0.74031315080540
C           -0.77321206177167       -0.00601567365703       -0.81957136473370
H           -1.22465714231074        0.18417568678896       -1.80199970223554
C            0.05559995670900       -1.29509660660205       -0.92130648800567
C            1.15867541005598       -1.42641180239417        0.13023005988840
C           -1.96310058313903       -0.01316156873914        0.17788920831215
C           -3.05443768109652       -0.99258204791319       -0.25638518253339
C           -1.56145633058667       -0.26753426523282        1.63313506895098
H            3.80144877329924        0.64343987712211        1.07294053131906
H            3.96176300990333       -0.91302402962882        0.22652015005752
H            3.26801069824714       -0.87195724119108        1.83986075666581
H            2.03262553315390        1.94121211179459        0.09327210744375
H           -0.59545357483184       -2.17540006884104       -0.89462639196475
H            0.54011221239567       -1.30153785377647       -1.90556810429995
H            0.74822985122936       -1.69679601562255        1.11264054738927
H            1.83350191989380       -2.24945962261120       -0.13887016249500
H           -2.37877902787793        1.00056385738317        0.11662687894741
H           -3.37881833738871       -0.80086330528127       -1.28431846748965
H           -3.92920063143262       -0.90104040733911        0.39568592529147
H           -2.71362260716412       -2.03213799014958       -0.19592960552482
H           -1.29468596659986       -1.31762463598403        1.79391747076793
H           -2.40092461646808       -0.04384591908615        2.29915512481651
H           -0.71677930465243        0.35755375688561        1.94108952328876
27
 energy: -465.792571830687 gnorm: 0.000809390647 xtb: 6.7.1 (edcfbbe)
C            3.32068083220552       -0.31872107688039        0.89670587248675
C            1.96103491625603       -0.16902541025779        0.29520538943098
C            1.45692626884507        1.03032227599365       -0.05231651876782
C            0.09878041950248        1.22031330624501       -0.56196932102803
O           -0.35124852956617        2.34456296477014       -0.74597609037820
C           -0.77377955183464       -0.00734704918687       -0.81840714264782
H           -1.22610021487001        0.18179461831929       -1.80063727082852
C            0.05414484348551       -1.29718667991466       -0.91968863496946
C            1.16328729274369       -1.42749606005360        0.12555569080791
C           -1.96352020711963       -0.01120134680326        0.17944039544407
C           -3.05635756059365       -0.98836506351067       -0.25625742049207
C           -1.56149786781100       -0.26955729774515        1.63353891371347
H            3.79982388547963        0.64568407977546        1.07672661866662
H            3.96428128681967       -0.91408105362465        0.23677143021216
H            3.26062658699082       -0.86642917888153        1.84566729382600
H            2.03299571410137        1.94149562089658        0.08893827324942
H           -0.59786598544545       -2.17650566879094       -0.88526727346968
H            0.53207683612607       -1.30869996771872       -1.90706256688377
H            0.76091901081671       -1.70570573621351        1.10919424408780
H            1.84074356710983       -2.24572016407482       -0.15208398236686
H           -2.37680943446532        1.00366188322964        0.11944311192847
H           -3.38111148053971       -0.79273248698134       -1.28333072661851
H           -3.93030357998809       -0.89690325707057        0.39688972969771
H           -2.71755675711039       -2.02882338696116       -0.19924973411229
H           -1.28579179016575       -1.31798094576348        1.79074772589583
H           -2.40431806887732       -0.05611458316345        2.29885587520994
H           -0.72296364886887        0.36175439019543        1.94572475361908
27
 energy: -465.792578195194 gnorm: 0.000466706251 xtb: 6.7.1 (edcfbbe)
C            3.31905777613076       -0.31683941988137        0.89983054267504
C            1.96056053958191       -0.16882148193833        0.29485582319663
C            1.45633314502419        1.03014807082074       -0.05380422223852
C            0.09826221663484        1.21967192662471       -0.56402207057919
O           -0.35142797096453        2.34396067075859       -0.74937608380688
C           -0.77381705280753       -0.00805625807328       -0.81971149243775
H           -1.22654786268265        0.17911474546417       -1.80213804205406
C            0.05259140700950       -1.29917981553317       -0.91873160130444
C            1.16495589538655       -1.42837455025138        0.12369243032171
C           -1.96208173145335       -0.01068784771763        0.17948452791551
C           -3.05810179276428       -0.98444058828174       -0.25611790956596
C           -1.55867516653222       -0.27169932972516        1.63269478825105
H            3.79739152520692        0.64839117311820        1.07785579444641
H            3.96387456138341       -0.91426221219141        0.24321717200907
H            3.25639137212340       -0.86139369715306        1.85037301696751
H            2.03192317728746        1.94163331350752        0.08831449942325
H           -0.60036800496867       -2.17760695884038       -0.87989503993152
H            0.52776325680713       -1.31462915369220       -1.90717813065788
H            0.76656382789338       -1.71058481257383        1.10757288908496
H            1.84379278386685       -2.24402917359554       -0.15791061330534
H           -2.37313551632530        1.00520430665289        0.12165945787411
H           -3.38361280052236       -0.78617101269171       -1.28243225349073
H           -3.93093781614657       -0.89278756795942        0.39847944970754
H           -2.72072107851684       -2.02545998295652       -0.20161848279820
H           -1.27721300078262       -1.31918040484344        1.78555229419770
H           -2.40232105648783       -0.06570408070455        2.29934042941241
H           -0.72340374308571        0.36277986477607        1.94716506411592
27
 energy: -465.792581530970 gnorm: 0.000437870249 xtb: 6.7.1 (edcfbbe)
C            3.31726900123065       -0.31478447301494        0.90271910563485
C            1.95965078992366       -0.16864526670623        0.29500166580905
C            1.45519325319581        1.02990120712475       -0.05441848289662
C            0.09796297994770        1.21875751647480       -0.56703269705354
O           -0.35173288882766        2.34289800626459       -0.75319927828287
C           -0.77411539331045       -0.00902360225800       -0.82080005363481
H           -1.22742186168911        0.17649358051945       -1.80331094323251
C            0.05180502063839       -1.30080130564562       -0.91826158431124
C            1.16580802769214       -1.42900731036646        0.12293228832321
C           -1.96133177425577       -0.00962123492412        0.17944461537350
C           -3.05989901995629       -0.98062899366610       -0.25595865598718
C           -1.55465645086566       -0.27465887682427        1.63101840717952
H            3.79504623060111        0.65120487693618        1.07815768616364
H            3.96310691783444       -0.91426586203107        0.24902936844711
H            3.25340251754708       -0.85599743084014        1.85506783491482
H            2.03001378872509        1.94165793480568        0.08916685237305
H           -0.60215352140422       -2.17838667502119       -0.87603548236160
H            0.52522473730400       -1.31965843630659       -1.90742913081429
H            0.76956001698925       -1.71366077568375        1.10682965464919
H            1.84567210058943       -2.24303692100621       -0.16077838443237
H           -2.37020679152743        1.00729166996378        0.12421906659819
H           -3.38687432631594       -0.77978752166514       -1.28134980988236
H           -3.93127269705233       -0.88824339435865        0.40048849433144
H           -2.72465547428430       -2.02257919158698       -0.20404402314013
H           -1.26935533860185       -1.32168112207349        1.77959222825525
H           -2.39794414202196       -0.07408374853628        2.29959390372042
H           -0.72099893388539        0.36134641649607        1.94650251777045
27
 energy: -465.792581530970 gnorm: 0.000437870249 xtb: 6.7.1 (edcfbbe)
C            3.31726900123065       -0.31478447301494        0.90271910563485
C            1.95965078992366       -0.16864526670623        0.29500166580905
C            1.45519325319581        1.02990120712475       -0.05441848289662
C            0.09796297994770        1.21875751647480       -0.56703269705354
O           -0.35173288882766        2.34289800626459       -0.75319927828287
C           -0.77411539331045       -0.00902360225800       -0.82080005363481
H           -1.22742186168911        0.17649358051945       -1.80331094323251
C            0.05180502063839       -1.30080130564562       -0.91826158431124
C            1.16580802769214       -1.42900731036646        0.12293228832321
C           -1.96133177425577       -0.00962123492412        0.17944461537350
C           -3.05989901995629       -0.98062899366610       -0.25595865598718
C           -1.55465645086566       -0.27465887682427        1.63101840717952
H            3.79504623060111        0.65120487693618        1.07815768616364
H            3.96310691783444       -0.91426586203107        0.24902936844711
H            3.25340251754708       -0.85599743084014        1.85506783491482
H            2.03001378872509        1.94165793480568        0.08916685237305
H           -0.60215352140422       -2.17838667502119       -0.87603548236160
H            0.52522473730400       -1.31965843630659       -1.90742913081429
H            0.76956001698925       -1.71366077568375        1.10682965464919
H            1.84567210058943       -2.24303692100621       -0.16077838443237
H           -2.37020679152743        1.00729166996378        0.12421906659819
H           -3.38687432631594       -0.77978752166514       -1.28134980988236
H           -3.93127269705233       -0.88824339435865        0.40048849433144
H           -2.72465547428430       -2.02257919158698       -0.20404402314013
H           -1.26935533860185       -1.32168112207349        1.77959222825525
H           -2.39794414202196       -0.07408374853628        2.29959390372042
H           -0.72099893388539        0.36134641649607        1.94650251777045
