2025-04-15 20:06:04,376 -   censo.qm_processor   -   INFO   - worker2728349:Running sp calculation in /scratch/pawsey0265/mwang1/.automated/7126/0_PRESCREENING/CONF1/sp.
2025-04-15 20:06:04,376 -   censo.qm_processor   -   INFO   - worker2728350:Running sp calculation in /scratch/pawsey0265/mwang1/.automated/7126/0_PRESCREENING/CONF2/sp.
2025-04-15 20:06:25,888 -     censo.parallel     -   INFO   - All jobs executed successfully.
2025-04-15 20:06:25,911 -   censo.qm_processor   -   INFO   - worker2728572:Running sp calculation in /scratch/pawsey0265/mwang1/.automated/7126/1_SCREENING/CONF2/sp.
2025-04-15 20:06:25,911 -   censo.qm_processor   -   INFO   - worker2728573:Running sp calculation in /scratch/pawsey0265/mwang1/.automated/7126/1_SCREENING/CONF1/sp.
2025-04-15 20:07:28,165 -     censo.parallel     -   INFO   - All jobs executed successfully.
2025-04-15 20:07:28,189 -   censo.qm_processor   -   INFO   - worker2729299:Running xtb_opt calculation in /scratch/pawsey0265/mwang1/.automated/7126/2_OPTIMIZATION/CONF2/xtb_opt.
2025-04-15 20:07:28,189 -   censo.qm_processor   -   INFO   - worker2729300:Running xtb_opt calculation in /scratch/pawsey0265/mwang1/.automated/7126/2_OPTIMIZATION/CONF1/xtb_opt.
2025-04-15 20:19:05,881 -     censo.parallel     -   INFO   - All jobs executed successfully.
2025-04-15 20:19:05,895 -   censo.qm_processor   -   INFO   - worker2735459:Running xtb_rrho calculation in /scratch/pawsey0265/mwang1/.automated/7126/2_OPTIMIZATION/CONF2/xtb_rrho.
2025-04-15 20:19:05,895 -   censo.qm_processor   -   INFO   - worker2735460:Running xtb_rrho calculation in /scratch/pawsey0265/mwang1/.automated/7126/2_OPTIMIZATION/CONF1/xtb_rrho.
2025-04-15 20:19:25,256 -     censo.parallel     -   INFO   - All jobs executed successfully.
2025-04-15 20:19:25,256 -censo.ensembleopt.optimization-   INFO   - Threshold: 3.00 kcal/mol
2025-04-15 20:19:25,268 -   censo.qm_processor   -   INFO   - worker2735503:Running xtb_opt calculation in /scratch/pawsey0265/mwang1/.automated/7126/2_OPTIMIZATION/CONF2/xtb_opt.
2025-04-15 20:19:25,269 -   censo.qm_processor   -   INFO   - worker2735504:Running xtb_opt calculation in /scratch/pawsey0265/mwang1/.automated/7126/2_OPTIMIZATION/CONF1/xtb_opt.
2025-04-15 20:33:38,921 -     censo.parallel     -   INFO   - All jobs executed successfully.
2025-04-15 20:33:38,922 -censo.ensembleopt.optimization-   INFO   - Threshold: 2.25 kcal/mol
2025-04-15 20:33:38,934 -   censo.qm_processor   -   INFO   - worker2738697:Running xtb_opt calculation in /scratch/pawsey0265/mwang1/.automated/7126/2_OPTIMIZATION/CONF1/xtb_opt.
2025-04-15 20:36:49,229 -     censo.parallel     -   INFO   - All jobs executed successfully.
2025-04-15 20:36:49,230 -censo.ensembleopt.optimization-   INFO   - Threshold: 1.50 kcal/mol
2025-04-15 20:36:49,242 -   censo.qm_processor   -   INFO   - worker2739422:Running xtb_rrho calculation in /scratch/pawsey0265/mwang1/.automated/7126/2_OPTIMIZATION/CONF2/xtb_rrho.
2025-04-15 20:36:49,243 -   censo.qm_processor   -   INFO   - worker2739423:Running xtb_rrho calculation in /scratch/pawsey0265/mwang1/.automated/7126/2_OPTIMIZATION/CONF1/xtb_rrho.
2025-04-15 20:36:59,663 -     censo.parallel     -   INFO   - All jobs executed successfully.
