27
 energy: -465.784819919173 gnorm: 0.001306854748 xtb: 6.7.1 (edcfbbe)
C           -3.41171101100775       -0.53028821535022       -0.11186808766195
C           -1.93145556833313       -0.42557396442769       -0.44901108011916
H           -1.78991571938898       -0.48834411661093       -1.54041732880260
C           -1.10008597518375       -1.56361802283821        0.18008687680353
C            0.38828378426004       -1.43647975865306       -0.13773092969340
C            0.94513107726487       -0.09358350029534        0.35265519216682
H            0.77700488169795       -0.03635906460875        1.43686963228298
C            0.14763227920347        1.06746061539546       -0.29167373841408
C           -1.33564480282450        0.90879186250784       -0.02325101451109
O           -1.98975967036316        1.77391654331825        0.52400793444401
C            2.43087682120437        0.06579900229278        0.11862007262435
C            3.24280712288278        0.42371601496916        1.11531970349390
C            2.94921825048845       -0.18676097410607       -1.26962459590527
H           -3.56215417300450       -0.45880889421816        0.96913892414556
H           -3.97992993666988        0.28065827752077       -0.57311275198896
H           -3.81531478166994       -1.48673898476922       -0.45789015661771
H           -1.25027847635977       -1.54641040788610        1.26826554933880
H           -1.48754135858168       -2.52504383402398       -0.17614228977144
H            0.94767095436703       -2.25613695680532        0.32828812719395
H            0.53430797347750       -1.52338757116999       -1.22268154213835
H            0.47882498856373        2.03391097400698        0.09584958404806
H            0.30397800951690        1.05328061190949       -1.37908338780065
H            4.30857867552909        0.56060635667201        0.95801236282321
H            2.86434591880088        0.59507182109672        2.11898683265475
H            2.85042135027172       -1.24497827881058       -1.53952410498402
H            2.39280449150532        0.38483306197229       -2.02170138192686
H            4.00436021613606        0.08432858647648       -1.34835171287001
27
 energy: -465.784823254537 gnorm: 0.000504383619 xtb: 6.7.1 (edcfbbe)
C           -3.41154669256654       -0.52979593120864       -0.11177792674652
C           -1.93159416548483       -0.42568393167168       -0.44869959269973
H           -1.79008777286879       -0.48928337210877       -1.54006586516347
C           -1.09970667289579       -1.56336762486061        0.18097612723360
C            0.38834313177269       -1.43717514915824       -0.13839013151586
C            0.94529928865633       -0.09411586226685        0.35241084535824
H            0.77649182615447       -0.03687371309617        1.43658118916569
C            0.14731461490358        1.06680492104369       -0.29277335586035
C           -1.33598903844630        0.90945532559671       -0.02389072877586
O           -1.98918985144971        1.77382007489107        0.52447984844785
C            2.43111657967120        0.06576477640177        0.11894355957011
C            3.24259994717031        0.42334707977460        1.11607011107214
C            2.94979540472202       -0.18539483578349       -1.26924573973123
H           -3.56282106653668       -0.45760407053054        0.96905070954420
H           -3.97984434516208        0.28056497645057       -0.57389240932408
H           -3.81555051443988       -1.48634662255989       -0.45711770043918
H           -1.24888705467094       -1.54477292137951        1.26944061749563
H           -1.48764030761302       -2.52531783252383       -0.17353523287188
H            0.94792146824155       -2.25753766610342        0.32635113704917
H            0.53305708067896       -1.52320159430288       -1.22370852735810
H            0.47912990145247        2.03367213804043        0.09312555506418
H            0.30352626828474        1.05067851678093       -1.38021744883103
H            4.30834245435766        0.55967751092149        0.95923996068275
H            2.86384094163657        0.59291191141627        2.11971382178001
H            2.85126042115802       -1.24311004055440       -1.54007833512933
H            2.39272926097777        0.38650028995108       -2.02032575416519
H            4.00454473253799        0.08624484365892       -1.34862814969166
27
 energy: -465.784823254537 gnorm: 0.000504383619 xtb: 6.7.1 (edcfbbe)
C           -3.41154669256654       -0.52979593120864       -0.11177792674652
C           -1.93159416548483       -0.42568393167168       -0.44869959269973
H           -1.79008777286879       -0.48928337210877       -1.54006586516347
C           -1.09970667289579       -1.56336762486061        0.18097612723360
C            0.38834313177269       -1.43717514915824       -0.13839013151586
C            0.94529928865633       -0.09411586226685        0.35241084535824
H            0.77649182615447       -0.03687371309617        1.43658118916569
C            0.14731461490358        1.06680492104369       -0.29277335586035
C           -1.33598903844630        0.90945532559671       -0.02389072877586
O           -1.98918985144971        1.77382007489107        0.52447984844785
C            2.43111657967120        0.06576477640177        0.11894355957011
C            3.24259994717031        0.42334707977460        1.11607011107214
C            2.94979540472202       -0.18539483578349       -1.26924573973123
H           -3.56282106653668       -0.45760407053054        0.96905070954420
H           -3.97984434516208        0.28056497645057       -0.57389240932408
H           -3.81555051443988       -1.48634662255989       -0.45711770043918
H           -1.24888705467094       -1.54477292137951        1.26944061749563
H           -1.48764030761302       -2.52531783252383       -0.17353523287188
H            0.94792146824155       -2.25753766610342        0.32635113704917
H            0.53305708067896       -1.52320159430288       -1.22370852735810
H            0.47912990145247        2.03367213804043        0.09312555506418
H            0.30352626828474        1.05067851678093       -1.38021744883103
H            4.30834245435766        0.55967751092149        0.95923996068275
H            2.86384094163657        0.59291191141627        2.11971382178001
H            2.85126042115802       -1.24311004055440       -1.54007833512933
H            2.39272926097777        0.38650028995108       -2.02032575416519
H            4.00454473253799        0.08624484365892       -1.34862814969166
