15
 energy: -345.699796280825 gnorm: 0.000932282900 xtb: 6.7.1 (edcfbbe)
C           -2.35233910481862       -0.57786455216132        0.01101541112325
O           -0.91362219582871       -0.64598558226994        0.02595617021400
C           -0.28755867672277        0.55814669947860       -0.05432092709389
O           -0.88065653309139        1.61124672505227       -0.12748297954648
C            1.18463637146352        0.42407304849707       -0.04363556514623
C            1.85281204325106       -0.67024218190755        0.76834026411381
C            1.85261744855436       -0.76024840084430       -0.71793632252352
H           -2.70403943993689       -0.14792701653243       -0.93132081183151
H           -2.71579018598916        0.03648903210226        0.83948801497669
H           -2.69464145975010       -1.60798952745143        0.11504936800765
H            1.68523463535203        1.38297168298594       -0.10238882543905
H            2.77386526133595       -0.39847700903651        1.27190666564544
H            1.19794782139420       -1.33803019682986        1.31510164644307
H            2.77321245264988       -0.55139630923824       -1.25142779530590
H            1.19763147345012       -1.48916415511309       -1.18013602226777
15
 energy: -345.699798203272 gnorm: 0.000417156176 xtb: 6.7.1 (edcfbbe)
C           -2.35286909253359       -0.57785861571994        0.01161951125126
O           -0.91367260748411       -0.64588842669152        0.02541670963345
C           -0.28760018237886        0.55811954983025       -0.05636046009051
O           -0.88045161774788        1.61134908320122       -0.12960707793428
C            1.18467438605214        0.42396485457980       -0.04392745624410
C            1.85255788205836       -0.67012821217091        0.76857311409766
C            1.85317809723017       -0.76043153125303       -0.71778107797948
H           -2.70506059468727       -0.14558138333781       -0.92879565141121
H           -2.71521761582668        0.03390082347807        0.84174381235967
H           -2.69490298396882       -1.60785721302368        0.11316987541556
H            1.68549621246462        1.38273421172794       -0.10254855796548
H            2.77330962453444       -0.39805730547874        1.27243231210820
H            1.19737603537167       -1.33786040138221        1.31494018265651
H            2.77403547386078       -0.55133383433334       -1.25066634428614
H            1.19845691781664       -1.48946933592845       -1.18000064389208
15
 energy: -345.699798203272 gnorm: 0.000417156176 xtb: 6.7.1 (edcfbbe)
C           -2.35286909253359       -0.57785861571994        0.01161951125126
O           -0.91367260748411       -0.64588842669152        0.02541670963345
C           -0.28760018237886        0.55811954983025       -0.05636046009051
O           -0.88045161774788        1.61134908320122       -0.12960707793428
C            1.18467438605214        0.42396485457980       -0.04392745624410
C            1.85255788205836       -0.67012821217091        0.76857311409766
C            1.85317809723017       -0.76043153125303       -0.71778107797948
H           -2.70506059468727       -0.14558138333781       -0.92879565141121
H           -2.71521761582668        0.03390082347807        0.84174381235967
H           -2.69490298396882       -1.60785721302368        0.11316987541556
H            1.68549621246462        1.38273421172794       -0.10254855796548
H            2.77330962453444       -0.39805730547874        1.27243231210820
H            1.19737603537167       -1.33786040138221        1.31494018265651
H            2.77403547386078       -0.55133383433334       -1.25066634428614
H            1.19845691781664       -1.48946933592845       -1.18000064389208
