15
 energy: -345.699345834159 gnorm: 0.026966088010 xtb: 6.7.1 (edcfbbe)
C           -2.66320449438014       -0.14417718126389       -0.00150118250067
O           -1.36028132880278       -0.71271934691582       -0.00040124330018
C           -0.31239455333843        0.12832008345686        0.00108914590048
O           -0.40843183368099        1.32920322228901        0.00191866600085
C            0.95994396142538       -0.63020048787926        0.00168697180075
C            2.12878020784332       -0.03337142591479       -0.74397082082967
C            2.13058562454412       -0.02982291821322        0.74142417562854
H           -3.18329560251060       -0.47740511141155       -0.89985200449875
H           -2.59115851344821        0.94508597561879        0.00955974800424
H           -3.19152254731425       -0.49560563571962        0.88490785699213
H            0.83157055796849       -1.70332941595479        0.00406913930180
H            2.78238203623295       -0.71135103901522       -1.27055467236302
H            1.95107886396457        0.90384700460052       -1.24855139585327
H            2.78562661783439       -0.70509067761244        1.26967729786263
H            1.95388352476582        0.90984037930317        1.24181125535028
15
 energy: -345.700114214548 gnorm: 0.011058378495 xtb: 6.7.1 (edcfbbe)
C           -2.67155879633151       -0.13866736890950       -0.00139273859128
O           -1.35971737332345       -0.71390792071151       -0.00016167241431
C           -0.30290788920657        0.13011316710223        0.00110190038562
O           -0.38852377021271        1.33849830183914        0.00135245906177
C            0.96471227615590       -0.63589667534786        0.00170986696474
C            2.13228941855421       -0.03166890301631       -0.74479234192661
C            2.13405846669876       -0.02813281838749        0.74224813622530
H           -3.19045058858813       -0.48027336984454       -0.90006491142120
H           -2.61698689028069        0.95186553440731        0.00988344308672
H           -3.19887563610387       -0.49894357106818        0.88488474750009
H            0.85053364404550       -1.71306159852024        0.00409711753287
H            2.78448427517844       -0.71895430585606       -1.27072880968424
H            1.94303703593106        0.90954070641053       -1.24810842922587
H            2.78766582212606       -0.71277115418965        1.26987061486188
H            1.94580266359867        0.91548338008121        1.24141359065703
15
 energy: -345.700246932189 gnorm: 0.004582877158 xtb: 6.7.1 (edcfbbe)
C           -2.67667681274588       -0.13409105800525       -0.00123973229044
O           -1.36211273815034       -0.71999022638450        0.00010719738852
C           -0.30102899749812        0.12640983077028        0.00078858701825
O           -0.38361976386140        1.33595689954943        0.00063714245019
C            0.96536264456008       -0.63988234874952        0.00168473336943
C            2.13363202113332       -0.02956595478071       -0.74505579173276
C            2.13529794951843       -0.02606275516744        0.74260245951822
H           -3.19442545524767       -0.47706239851914       -0.90106486345190
H           -2.61571023247198        0.95573054572857        0.01032005621716
H           -3.20320434691072       -0.49621659468049        0.88578383744857
H            0.86360305120629       -1.71889575194393        0.00407034635155
H            2.78726843500420       -0.71972517591377       -1.26794369601466
H            1.93610535897089        0.91217795114595       -1.24653612932886
H            2.79029142492377       -0.71363039925323        1.26720129795111
H            1.93877991391084        0.91807114063764        1.23995733332677
15
 energy: -345.700268311463 gnorm: 0.001338474741 xtb: 6.7.1 (edcfbbe)
C           -2.67824137379192       -0.13205582660080       -0.00112381118437
O           -1.36350701688976       -0.72465752820025        0.00042386581825
C           -0.30108760765310        0.12224516340225        0.00071133189565
O           -0.38351690082376        1.33123484692162        0.00000232712879
C            0.96513670236552       -0.64235007212970        0.00162475560268
C            2.13362497024227       -0.02822241808460       -0.74509116508531
C            2.13518246312088       -0.02469678500149        0.74264206237123
H           -3.19595635422619       -0.47295784584077       -0.90144485293869
H           -2.60958640448898        0.95700440840215        0.01078844070157
H           -3.20519181316411       -0.49264821863346        0.88595147079637
H            0.86940754848923       -1.72163015440453        0.00404421267930
H            2.78853682469319       -0.71773934721574       -1.26645460191376
H            1.93243630320691        0.91272359282561       -1.24565792579876
H            2.79133604893273       -0.71166357320120        1.26580645682508
H            1.93498886652739        0.91863773066504        1.23909005165668
15
 energy: -345.700271936084 gnorm: 0.001013784557 xtb: 6.7.1 (edcfbbe)
C           -2.67836449987007       -0.13100676578382       -0.00090826014235
O           -1.36420758843437       -0.72735093865006        0.00067108544465
C           -0.30132493595944        0.11878447681530        0.00026423630839
O           -0.38385638242223        1.32732983371752       -0.00069390318630
C            0.96493004611980       -0.64422775149292        0.00149563476845
C            2.13316733420862       -0.02750365104882       -0.74502743934839
C            2.13451886375201       -0.02391052804972        0.74264161337101
H           -3.19610165633639       -0.46944241773443       -0.90163067175756
H           -2.60440954794764        0.95756472724824        0.01152838478722
H           -3.20581128944109       -0.49002106937945        0.88597604322000
H            0.87208919909990       -1.72333939974305        0.00398895761699
H            2.78926897167665       -0.71535029107365       -1.26599678509170
H            1.92982405372002        0.91240890207777       -1.24550471080815
H            2.79172123695838       -0.70916292428944        1.26563542379080
H            1.93211832936467        0.91845197277542        1.23887294323019
15
 energy: -345.700272638706 gnorm: 0.000290317295 xtb: 6.7.1 (edcfbbe)
C           -2.67790678470074       -0.13100588826992       -0.00087298688692
O           -1.36406012190212       -0.72695443916038        0.00086834383225
C           -0.30127438256905        0.11870119762345        0.00045585798837
O           -0.38347992838162        1.32748928229284       -0.00103075051852
C            0.96503865188706       -0.64447462473682        0.00147467952350
C            2.13294006590626       -0.02765147311610       -0.74500431775279
C            2.13426523833883       -0.02397184744644        0.74253552870484
H           -3.19559471457212       -0.46915438141006       -0.90177321760286
H           -2.60463522376317        0.95763552014521        0.01195606153475
H           -3.20562620650419       -0.49035199194792        0.88575672802713
H            0.87180226210168       -1.72360857499621        0.00404539773835
H            2.78935910813081       -0.71513175700213       -1.26624341491861
H            1.92941349742936        0.91219789837983       -1.24571443964455
H            2.79169982175709       -0.70884579339101        1.26592132465741
H            1.93162086644256        0.91835107178983        1.23893778044293
15
 energy: -345.700272638706 gnorm: 0.000290317295 xtb: 6.7.1 (edcfbbe)
C           -2.67790678470074       -0.13100588826992       -0.00087298688692
O           -1.36406012190212       -0.72695443916038        0.00086834383225
C           -0.30127438256905        0.11870119762345        0.00045585798837
O           -0.38347992838162        1.32748928229284       -0.00103075051852
C            0.96503865188706       -0.64447462473682        0.00147467952350
C            2.13294006590626       -0.02765147311610       -0.74500431775279
C            2.13426523833883       -0.02397184744644        0.74253552870484
H           -3.19559471457212       -0.46915438141006       -0.90177321760286
H           -2.60463522376317        0.95763552014521        0.01195606153475
H           -3.20562620650419       -0.49035199194792        0.88575672802713
H            0.87180226210168       -1.72360857499621        0.00404539773835
H            2.78935910813081       -0.71513175700213       -1.26624341491861
H            1.92941349742936        0.91219789837983       -1.24571443964455
H            2.79169982175709       -0.70884579339101        1.26592132465741
H            1.93162086644256        0.91835107178983        1.23893778044293
