10
 energy: -13.497082453568 gnorm: 0.024084423392 xtb: 6.7.1 (edcfbbe)
C            1.83185204126280        0.21452282413716        0.18939472354583
C            0.70397995462650       -0.17170053959458       -0.40076612284885
C           -0.56766506663389       -0.46294225797833        0.33191135198429
O           -1.64623105687555        0.36064851362972       -0.13163062827453
H            2.73147209167367        0.42622081469318       -0.37962876488326
H            1.89320479460787        0.32621311710607        1.26973693646131
H            0.65465498040423       -0.26934890123462       -1.48451164869296
H           -0.41645705860520       -0.35193346643119        1.41693296296643
H           -0.89291809685585       -1.49200215128048        0.14174237247343
H           -1.35963572855912        1.27737787658399       -0.04690982736757
10
 energy: -13.497636006104 gnorm: 0.008516404214 xtb: 6.7.1 (edcfbbe)
C            1.82785883407414        0.21549201160967        0.18699715972597
C            0.70949028949315       -0.17111894108383       -0.39961599324670
C           -0.56441580117777       -0.46181986329889        0.33056896648629
O           -1.63823530021979        0.35149965382148       -0.12716896756573
H            2.72395622860101        0.42332425144446       -0.37454187136899
H            1.89626506517503        0.31491657029832        1.26023001306502
H            0.65520716157332       -0.26401204590221       -1.47764023278117
H           -0.42479487587179       -0.33329389138218        1.41350602938606
H           -0.88833024358891       -1.48980137553638        0.13874623031987
H           -1.36474450301292        1.27186945966048       -0.04480997865649
10
 energy: -13.497701588759 gnorm: 0.003192645854 xtb: 6.7.1 (edcfbbe)
C            1.83091601724542        0.20710418100571        0.18763066143017
C            0.71198805235037       -0.17150938340787       -0.39902493931699
C           -0.56508833943010       -0.45903693235185        0.33030032848345
O           -1.63590477280955        0.34702010141268       -0.12806398938908
H            2.72371286005408        0.42378915500840       -0.37197168854687
H            1.90033876421669        0.31264505673633        1.25774763779339
H            0.65096817903835       -0.25855505188366       -1.47522964777811
H           -0.42568553836587       -0.32748445303170        1.41250380143389
H           -0.88484671218462       -1.48776590281728        0.13887691396922
H           -1.37414165506933        1.27084905896017       -0.04649772271493
10
 energy: -13.497723696575 gnorm: 0.002190012246 xtb: 6.7.1 (edcfbbe)
C            1.83226762910713        0.21033684770323        0.18765510433157
C            0.71211020262810       -0.16332208938809       -0.39932140696372
C           -0.56584016881714       -0.45447215333487        0.33071253955197
O           -1.63835852410432        0.34012957509304       -0.13136969191002
H            2.72914941045407        0.41414745338658       -0.36985504276163
H            1.90808812584686        0.30028742656357        1.25855783468976
H            0.64723291213163       -0.25181414203333       -1.47456317960707
H           -0.42503941628876       -0.31988637557458        1.41255613853511
H           -0.87666116764693       -1.48657408390322        0.14260186118361
H           -1.39069214826519        1.26822337111860       -0.05070280168544
10
 energy: -13.497739766547 gnorm: 0.001179967667 xtb: 6.7.1 (edcfbbe)
C            1.83477369782977        0.20570116899633        0.18826332637742
C            0.71254690276191       -0.16237701073872       -0.39947641855858
C           -0.56602365089441       -0.45252317682314        0.33116450841156
O           -1.64034899954220        0.33779859238032       -0.13402742594490
H            2.73123024679058        0.41315205174577       -0.37020808233566
H            1.90992714536791        0.29664440986865        1.25983991900087
H            0.64554257624952       -0.24540048201743       -1.47566863583380
H           -0.42441235776419       -0.31645465951435        1.41313411625293
H           -0.87366280606191       -1.48651574127889        0.14629421299817
H           -1.39731589969153        1.26703067701239       -0.05304416500388
10
 energy: -13.497756798585 gnorm: 0.001721973505 xtb: 6.7.1 (edcfbbe)
C            1.84038573435025        0.19667434720489        0.18930881662073
C            0.71295398995586       -0.15526452374327       -0.39980997120631
C           -0.56541777648806       -0.44693084235865        0.33228023805457
O           -1.64669615915917        0.32877745267906       -0.14167378695726
H            2.73684295043959        0.40646653605960       -0.37064985963081
H            1.91666427451558        0.28055323294437        1.26252979099238
H            0.64168943376793       -0.22584739785891       -1.47766806954568
H           -0.42411630241292       -0.30200369004911        1.41388126731304
H           -0.86281370144885       -1.48662345502300        0.15781233578066
H           -1.41723558847474        1.26125416977594       -0.05973940605719
10
 energy: -13.497770359367 gnorm: 0.001236527382 xtb: 6.7.1 (edcfbbe)
C            1.84280230198851        0.19305934076359        0.18952610510605
C            0.71281316058222       -0.14994375768252       -0.39950786699593
C           -0.56429446073059       -0.44401087111182        0.33298880907783
O           -1.65020417331556        0.32248108220590       -0.14604749978933
H            2.73900760996713        0.40172207532300       -0.37071417947579
H            1.92137100264278        0.26881609529724        1.26301075709542
H            0.63970031357350       -0.21361249478432       -1.47755397234405
H           -0.42536360919941       -0.29150901389506        1.41374283291052
H           -0.85575362495545       -1.48643752137869        0.16465163918628
H           -1.42782166550767        1.25649089489359       -0.06382526940688
10
 energy: -13.497782114070 gnorm: 0.000239810266 xtb: 6.7.1 (edcfbbe)
C            1.84472320703518        0.19036024024627        0.18965725351563
C            0.71230814322818       -0.14485749283661       -0.39845530805103
C           -0.56319491442043       -0.44181384567206        0.33411805543847
O           -1.65281601519386        0.31638971378131       -0.14973914936992
H            2.74001145223851        0.39840323304575       -0.37089238347876
H            1.92695115205890        0.25677752748333        1.26281580297359
H            0.63703842532166       -0.20194385767347       -1.47616478478242
H           -0.42750787425584       -0.28196248499174        1.41362568399252
H           -0.84936407597765       -1.48602464073619        0.17064320286040
H           -1.43589264498918        1.25172743698434       -0.06933701773435
10
 energy: -13.497788633779 gnorm: 0.000355148119 xtb: 6.7.1 (edcfbbe)
C            1.84654650123463        0.18787060348090        0.18990642250657
C            0.71191070504269       -0.14055494977992       -0.39750992251827
C           -0.56252311335294       -0.43994292232341        0.33538309071484
O           -1.65537195097550        0.31125383267138       -0.15258055989518
H            2.74124938571525        0.39557722713580       -0.37131743044206
H            1.93183269931036        0.24648480668760        1.26311617691207
H            0.63428881638481       -0.19092006350070       -1.47532503854703
H           -0.42893252349904       -0.27453089319515        1.41413318323440
H           -0.84404540256524       -1.48603973080788        0.17610149084494
H           -1.44269826224956        1.24785791926231       -0.07563605744616
10
 energy: -13.497793224572 gnorm: 0.000321342978 xtb: 6.7.1 (edcfbbe)
C            1.84809328419842        0.18534029330090        0.19021361454051
C            0.71159694870262       -0.13726608195631       -0.39679051108902
C           -0.56222603099037       -0.43832931481367        0.33646189628588
O           -1.65742390235902        0.30746315432961       -0.15419929098415
H            2.74198178346950        0.39453636341479       -0.37176639176414
H            1.93558823341861        0.23822579998797        1.26348921532372
H            0.63205997648426       -0.18268154516272       -1.47465151501699
H           -0.42973265926244       -0.26939065701465        1.41476748120703
H           -0.84011247053310       -1.48588947439806        0.18031094060326
H           -1.44756830808302        1.24504729194305       -0.08156408374197
10
 energy: -13.497797178336 gnorm: 0.000199282677 xtb: 6.7.1 (edcfbbe)
C            1.84949658112673        0.18303225659318        0.19052826318657
C            0.71122241140871       -0.13400399606661       -0.39611785651060
C           -0.56201199146153       -0.43686228482019        0.33765279030133
O           -1.65953621272143        0.30361445360110       -0.15534433103207
H            2.74318358207890        0.39213370853988       -0.37204269095405
H            1.93881716560406        0.23110303049682        1.26388011912431
H            0.62941744553766       -0.17330925056391       -1.47420794019090
H           -0.43007411879067       -0.26488378191402        1.41564907810946
H           -0.83616013018522       -1.48593604610999        0.18445980864209
H           -1.45209787755173        1.24216773987467       -0.08818588531202
10
 energy: -13.497800057883 gnorm: 0.000174361619 xtb: 6.7.1 (edcfbbe)
C            1.85062805638733        0.18098732072062        0.19076465942370
C            0.71085447890034       -0.13131878264632       -0.39559600227802
C           -0.56184729919014       -0.43538312070089        0.33867673877424
O           -1.66154110093975        0.30060628142349       -0.15608076053113
H            2.74354597456524        0.39207763768726       -0.37247506808545
H            1.94180860612210        0.22335650758788        1.26442810536616
H            0.62760068422251       -0.16656943331022       -1.47372881159678
H           -0.43031380209422       -0.26082456980456        1.41645284812854
H           -0.83282350586114       -1.48574880366195        0.18806670344634
H           -1.45565523706680        1.23987279233561       -0.09423705728346
10
 energy: -13.497802516240 gnorm: 0.000234834435 xtb: 6.7.1 (edcfbbe)
C            1.85211452483202        0.17833978764044        0.19104582299633
C            0.71042032939011       -0.12778525672362       -0.39500867596483
C           -0.56158785028898       -0.43382653868172        0.33976494868511
O           -1.66367205949746        0.29677230602185       -0.15704661332189
H            2.74457937100371        0.39020673070493       -0.37262415748931
H            1.94494380792560        0.21595701371882        1.26461086360260
H            0.62525077465248       -0.15780116880617       -1.47316948079495
H           -0.43072827663469       -0.25610869921347        1.41716351957304
H           -0.82887976394763       -1.48564061027588        0.19216118141758
H           -1.46018400238970        1.23694226524575       -0.10062605333956
10
 energy: -13.497804217395 gnorm: 0.000219993479 xtb: 6.7.1 (edcfbbe)
C            1.85319150966321        0.17649515881970        0.19118758218832
C            0.71020788033162       -0.12518990175716       -0.39437935486251
C           -0.56126033208310       -0.43242117048916        0.34077385229113
O           -1.66539872889530        0.29339770440029       -0.15834399825251
H            2.74529673108125        0.38877052013698       -0.37292340871732
H            1.94780549182820        0.20879852406207        1.26483573140682
H            0.62324202520389       -0.14999817233713       -1.47262525867911
H           -0.43126247806003       -0.25162763905488        1.41778213393075
H           -0.82533749995969       -1.48544470918105        0.19595657820962
H           -1.46422774406459        1.23427551503126       -0.10599250215105
10
 energy: -13.497805308051 gnorm: 0.000144717148 xtb: 6.7.1 (edcfbbe)
C            1.85431069998923        0.17479536792266        0.19132202269310
C            0.70994623414319       -0.12253575734011       -0.39396805471378
C           -0.56100829196596       -0.43121596743533        0.34140653795841
O           -1.66685945182154        0.29054466050617       -0.15972463176650
H            2.74616214933400        0.38723204238141       -0.37307550145837
H            1.95028681183068        0.20314911069052        1.26491277116387
H            0.62182820654227       -0.14406903508883       -1.47209984809419
H           -0.43186412404085       -0.24760388254941        1.41802475933904
H           -0.82232191813215       -1.48529656799470        0.19897659665156
H           -1.46822346083341        1.23205585853853       -0.10950329640901
10
 energy: -13.497806025946 gnorm: 0.000065681552 xtb: 6.7.1 (edcfbbe)
C            1.85528546485619        0.17317069520898        0.19141179311273
C            0.70994835527331       -0.12063024070576       -0.39358276773497
C           -0.56069560143526       -0.43007443564125        0.34194297925276
O           -1.66797263625452        0.28796235585588       -0.16124952486238
H            2.74676723462516        0.38611667614860       -0.37325351190570
H            1.95242538116453        0.19798117060060        1.26489817464603
H            0.62073380740318       -0.13875948562378       -1.47170505810131
H           -0.43255713566081       -0.24378302144058        1.41817983293384
H           -0.81968675703895       -1.48501398666885        0.20182494886683
H           -1.47199125788735        1.23008610189709       -0.11219551084372
10
 energy: -13.497806359493 gnorm: 0.000027889143 xtb: 6.7.1 (edcfbbe)
C            1.85599742241364        0.17211139715288        0.19147358430217
C            0.70989354889555       -0.11905691463259       -0.39334287280717
C           -0.56050955575392       -0.42921083612655        0.34227351361039
O           -1.66884394427927        0.28606716696685       -0.16247588933753
H            2.74737319674891        0.38501507652628       -0.37337747427157
H            1.95400404260026        0.19426611231971        1.26497083393132
H            0.61997360609804       -0.13498681121216       -1.47141677813478
H           -0.43296232678005       -0.24094705640107        1.41820485322401
H           -0.81769605760057       -1.48483754051119        0.20389930204227
H           -1.47497307729712        1.22863523554876       -0.11393771719499
10
 energy: -13.497806503996 gnorm: 0.000022279520 xtb: 6.7.1 (edcfbbe)
C            1.85659906693957        0.17113660965116        0.19152486746023
C            0.70989037008945       -0.11789220389164       -0.39316122090909
C           -0.56034393202848       -0.42851399194442        0.34255759546157
O           -1.66951625896196        0.28454034970776       -0.16341365574806
H            2.74782353565568        0.38422714892768       -0.37346243201953
H            1.95522442868117        0.19132545080293        1.26497215993361
H            0.61938212327947       -0.13191228746595       -1.47122489970252
H           -0.43335284249780       -0.23866002472165        1.41827666686458
H           -0.81611511808068       -1.48466539755661        0.20555410209710
H           -1.47733451803095        1.22747017612168       -0.11535182807377
10
 energy: -13.497806538918 gnorm: 0.000014749867 xtb: 6.7.1 (edcfbbe)
C            1.85686924769778        0.17069336251427        0.19155122344776
C            0.70986895739209       -0.11728282636898       -0.39306058967874
C           -0.56027822235884       -0.42817370713754        0.34270232482029
O           -1.66986724750432        0.28380852365717       -0.16380573522352
H            2.74803742486511        0.38384366350329       -0.37350921698227
H            1.95581329963961        0.18986242017281        1.26499622974377
H            0.61906594338355       -0.13039481120997       -1.47110436156387
H           -0.43347132057321       -0.23762282951306        1.41830686724401
H           -0.81534953009007       -1.48458736508194        0.20637560220985
H           -1.47843169740623        1.22690939909488       -0.11618098865315
