16
 energy: -271.704823071234 gnorm: 0.028366558512 xtb: 6.7.1 (edcfbbe)
C            1.15340457871110       -1.34209858129472       -0.51657802072891
C            0.68173642490210       -0.22946650720168        0.42687214248916
C            1.64109348332721        0.95520387972328        0.38752873147172
C           -0.71789627771812        0.18694624508284        0.00077363130034
O           -0.94024539861665        1.20831103653543       -0.59746359116475
C           -1.82010739100654       -0.78322415964707        0.35978385545943
H            0.48231847531373       -2.19708750417359       -0.48756573231605
H            1.19604363473000       -0.96959068992965       -1.53764902838137
H            2.14826706085195       -1.67434490534195       -0.22919925040156
H            0.62724922567795       -0.62796364847827        1.44581538964068
H            1.31602747238317        1.72902452526618        1.07879965597804
H            1.66187909303642        1.38223197261250       -0.61182393137112
H            2.64597319067250        0.64111437588409        0.65922248719212
H           -1.44952836224232       -1.65685943643420        0.88595437309259
H           -2.33582603953507       -1.08998659898300       -0.54824587804294
H           -2.54771491982896       -0.26641514891806        0.98300198123559
16
 energy: -271.705549820826 gnorm: 0.006243725396 xtb: 6.7.1 (edcfbbe)
C            1.15149775640390       -1.34720287077743       -0.51569495504152
C            0.69243270879196       -0.21889148829509        0.42330232277329
C            1.65067629048187        0.96635116348755        0.38942169968676
C           -0.71924031082886        0.18243949076249        0.01394762100835
O           -0.94812276087675        1.20715617972983       -0.59148095839578
C           -1.83095686662571       -0.78950833385738        0.35880164922550
H            0.48047734474620       -2.20957277420008       -0.49194013457190
H            1.19802448754827       -0.97569458846258       -1.54284842264108
H            2.14995190485357       -1.68588430852109       -0.22991761985107
H            0.63246591072705       -0.62533952341991        1.44187121244228
H            1.32845701690884        1.74988641142150        1.07829101792166
H            1.67640466041457        1.39640926182846       -0.61344851859309
H            2.65907575877449        0.64854734256136        0.66466440378588
H           -1.46891887783360       -1.67184534970284        0.88717345490361
H           -2.34748180156685       -1.09250680829938       -0.55543905828068
H           -2.56206861457071       -0.26854928798264        0.98252282406743
16
 energy: -271.705617364170 gnorm: 0.002193244319 xtb: 6.7.1 (edcfbbe)
C            1.15540069176549       -1.34652683113028       -0.51581732807320
C            0.69440913631059       -0.21704588748084        0.42429955592958
C            1.65139074247003        0.96792024489214        0.38709392700570
C           -0.71912988130712        0.17793789790348        0.01388470712669
O           -0.95300540779366        1.20933888298161       -0.58282652274116
C           -1.83520510625137       -0.79148445582357        0.35950164152879
H            0.48168533827838       -2.20873603195317       -0.49145415029165
H            1.20440109862620       -0.97879597159789       -1.54636949844119
H            2.15381207495244       -1.69019107666156       -0.22906493996769
H            0.63558302077514       -0.62684244902439        1.44331647424326
H            1.32934409437355        1.75602693045652        1.07317160496411
H            1.68359543751267        1.39944203375347       -0.61688153490508
H            2.66088399518625        0.65135287486021        0.66690928920685
H           -1.48210173214723       -1.68100485419818        0.88608372454584
H           -2.35328086102173       -1.08785823072313       -0.55758216706962
H           -2.56510821588452       -0.26773890541383        0.98496246486510
16
 energy: -271.705632505267 gnorm: 0.001463533362 xtb: 6.7.1 (edcfbbe)
C            1.15697494983972       -1.34734928403752       -0.51566504579059
C            0.69507644093293       -0.21694794449540        0.42397531230050
C            1.65069149359540        0.96821062082314        0.38511996881316
C           -0.71945579635806        0.17940135637681        0.01955047684674
O           -0.95539337602309        1.21157600588309       -0.57489583726730
C           -1.83599846989825       -0.79227745090836        0.35900829161650
H            0.48188512799074       -2.20854269841684       -0.49077967433799
H            1.20732265474409       -0.98078211136315       -1.54667379851939
H            2.15478096346188       -1.69245927980239       -0.22784678160386
H            0.63937808696302       -0.62662998877366        1.44342427591659
H            1.32806120709475        1.75872789678214        1.06845807135727
H            1.68580757213263        1.39780240311110       -0.61975720406155
H            2.66012271380326        0.65313663173699        0.66772262257589
H           -1.48746415079875       -1.68501133120629        0.88362181606165
H           -2.35281283986679       -1.08431330394449       -0.56031278469224
H           -2.56630201439530       -0.26874748505480        0.98427759238641
16
 energy: -271.705647426752 gnorm: 0.001190378177 xtb: 6.7.1 (edcfbbe)
C            1.15814743249834       -1.34926421272130       -0.51509571024200
C            0.69641850721634       -0.21698835629106        0.42294498318838
C            1.64994767015756        0.96886502817600        0.38180887281481
C           -0.71912292842701        0.17955818276441        0.02527420852938
O           -0.95928028009004        1.21707135781190       -0.55710796838562
C           -1.83657732925004       -0.79358479738742        0.35795422425178
H            0.48134041285049       -2.20868564930796       -0.49045855414636
H            1.21199465646826       -0.98361347221700       -1.54574459102408
H            2.15424121626867       -1.69511608635337       -0.22350878052146
H            0.64566167682955       -0.62582816851453        1.44293381938389
H            1.32362166039577        1.76387728622454        1.05791578104613
H            1.69012783540304        1.39164638496284       -0.62554842845582
H            2.65850864714975        0.65749637710150        0.67102228953756
H           -1.49360781934962       -1.69149042014825        0.87662205593795
H           -2.35243812295524       -1.07654273395154       -0.56447940209368
H           -2.56630843912593       -0.27160687130787        0.98469486454034
16
 energy: -271.705658635297 gnorm: 0.000995732207 xtb: 6.7.1 (edcfbbe)
C            1.15711971703450       -1.35024975477017       -0.51336782080691
C            0.69653904324587       -0.21696600264083        0.42341888696543
C            1.65051635072227        0.96883416865506        0.37788990174495
C           -0.71935910234425        0.18173381103966        0.03052815912047
O           -0.96160122225461        1.22564352583058       -0.53933842261200
C           -1.83564565354696       -0.79508884694608        0.35593898032968
H            0.47910838374130       -2.20837148566429       -0.48957048818366
H            1.21379816982033       -0.98520277458251       -1.54373845324201
H            2.15186490303312       -1.69712077215815       -0.21949653019035
H            0.64737819426945       -0.62416119411400        1.44409368726912
H            1.31905219979594        1.76772684300988        1.04639285915954
H            1.69490564751375        1.38427580734395       -0.63216797171197
H            2.65757084263716        0.66012930714372        0.67422429643639
H           -1.49224053990521       -1.69587875539964        0.86841973062619
H           -2.34998583026652       -1.07180968619118       -0.56899670877233
H           -2.56634583312754       -0.27770031764320        0.98499747470492
16
 energy: -271.705668336523 gnorm: 0.000908225281 xtb: 6.7.1 (edcfbbe)
C            1.15356683904571       -1.35156243043716       -0.51018084777234
C            0.69664958181193       -0.21512870459001        0.42390295116368
C            1.65279911953365        0.96946053011473        0.37349323063879
C           -0.72055275211660        0.18588352038008        0.03817051945315
O           -0.96590017629271        1.23919153364753       -0.51379745251397
C           -1.83395574768169       -0.79786822508384        0.35188999657226
H            0.47374052215789       -2.20828404950249       -0.48643872385027
H            1.21251479867763       -0.98819722265530       -1.54115983415906
H            2.14730601414639       -1.70096429640649       -0.21551811358355
H            0.64899946551333       -0.61908469631876        1.44612665235343
H            1.31645335412526        1.77580716669039        1.03046824804506
H            1.70373748895104        1.37394172960989       -0.64086372473931
H            2.65744074535340        0.66272550499623        0.67960044116843
H           -1.48675295125235       -1.70194826628505        0.85592621590277
H           -2.34497265492365       -1.06827152667760       -0.57682563700236
H           -2.56839737144344       -0.28990653012697        0.98443291294439
16
 energy: -271.705672324956 gnorm: 0.000562875429 xtb: 6.7.1 (edcfbbe)
C            1.15070020486671       -1.35126889906834       -0.50844251480244
C            0.69627985233885       -0.21369073559255        0.42493198354440
C            1.65418037284336        0.96948680868849        0.37189426544678
C           -0.72132910231831        0.18871541682394        0.04132049959052
O           -0.96737417602346        1.24446195599226       -0.50481001542921
C           -1.83240723347746       -0.79908536341224        0.34953599748221
H            0.47024735016449       -2.20746553854880       -0.48256104301858
H            1.20779845922287       -0.98940193929877       -1.54018172698755
H            2.14481101172149       -1.70142164777615       -0.21578516190850
H            0.64877499690743       -0.61615596641993        1.44789577655007
H            1.31817131584618        1.77815510882282        1.02571520950836
H            1.70779007419568        1.37099027060064       -0.64344815523152
H            2.65767625387346        0.66191978028925        0.68050808641670
H           -1.48198436758207       -1.70299034672542        0.85173503810706
H           -2.34001521968428       -1.06993359252364       -0.58094462497322
H           -2.57064284735759       -0.29652111088719        0.98186221364865
16
 energy: -271.705672324956 gnorm: 0.000562875429 xtb: 6.7.1 (edcfbbe)
C            1.15070020486671       -1.35126889906834       -0.50844251480244
C            0.69627985233885       -0.21369073559255        0.42493198354440
C            1.65418037284336        0.96948680868849        0.37189426544678
C           -0.72132910231831        0.18871541682394        0.04132049959052
O           -0.96737417602346        1.24446195599226       -0.50481001542921
C           -1.83240723347746       -0.79908536341224        0.34953599748221
H            0.47024735016449       -2.20746553854880       -0.48256104301858
H            1.20779845922287       -0.98940193929877       -1.54018172698755
H            2.14481101172149       -1.70142164777615       -0.21578516190850
H            0.64877499690743       -0.61615596641993        1.44789577655007
H            1.31817131584618        1.77815510882282        1.02571520950836
H            1.70779007419568        1.37099027060064       -0.64344815523152
H            2.65767625387346        0.66191978028925        0.68050808641670
H           -1.48198436758207       -1.70299034672542        0.85173503810706
H           -2.34001521968428       -1.06993359252364       -0.58094462497322
H           -2.57064284735759       -0.29652111088719        0.98186221364865
