18
 energy: -26.541992046437 gnorm: 0.022378802270 xtb: 6.7.1 (edcfbbe)
C           -2.81961791157377        0.77494235613305       -0.67458846155992
O           -2.08426041474857        0.53226723040844        0.52691517586439
C           -0.82523387482652        0.00961891991765        0.29324002569442
C           -0.64765824820889       -1.37071680370678        0.25610063308603
C            0.63695188641538       -1.86749155103259        0.05597199025479
C            1.71961511196176       -1.01404151431285       -0.10838329823368
C            1.53460510320682        0.37490664032488       -0.07068272186717
C            0.24489771851279        0.88062542400150        0.13106481938273
N            2.62526684829348        1.23922792490340       -0.16275694531461
H           -2.96723911689605       -0.15476524226701       -1.24101862840185
H           -2.30139077675722        1.50357141006364       -1.31338952651166
H           -3.78875936788024        1.17772741584157       -0.37309719386722
H           -1.49914654234361       -2.02659810096533        0.39691965086269
H            0.79963354353407       -2.94039529849634        0.03140244140101
H            2.71655995517369       -1.41943700335645       -0.25363726560180
H            0.06721193564218        1.95074754126512        0.18555498176282
H            2.40257345662559        2.16783806829604       -0.48557965194578
H            3.42353171775613        0.85881357218272       -0.64681612949788
18
 energy: -26.542786516260 gnorm: 0.009955921757 xtb: 6.7.1 (edcfbbe)
C           -2.81802102087857        0.77321411873028       -0.67259553396904
O           -2.08785207808953        0.53487376693632        0.51972061866851
C           -0.82488436568373        0.01230692242528        0.29351850498085
C           -0.64001599884418       -1.36432481561098        0.25608579352498
C            0.63789564020311       -1.86225093727110        0.06155051892921
C            1.71333780288060       -1.01140306898526       -0.10716113559362
C            1.53001430543395        0.37196761701622       -0.07499533403678
C            0.24616201744689        0.87637375045255        0.12679318171851
N            2.61668883779894        1.23163014727576       -0.16712430094946
H           -2.96490904430610       -0.15523915215514       -1.23567103169529
H           -2.30185832106049        1.49997904628052       -1.31025230327376
H           -3.78287282195075        1.17399812077816       -0.36629310150689
H           -1.48656622455765       -2.02055977463813        0.38969499901510
H            0.79812104753134       -2.93151054127740        0.03261040281391
H            2.70560762916870       -1.41345920171531       -0.25956567794248
H            0.07447510659938        1.94312559727621        0.17035850364994
H            2.39752669894911        2.16815280779490       -0.47298214290726
H            3.42469181324600        0.84996658588777       -0.63647206591916
18
 energy: -26.542961103820 gnorm: 0.004860398707 xtb: 6.7.1 (edcfbbe)
C           -2.81840280166232        0.77188809765443       -0.66912692052839
O           -2.09041213039082        0.53691139734211        0.51579207705884
C           -0.82527698736931        0.01456444185740        0.29174919205530
C           -0.63626400216420       -1.36070705335386        0.25605488398787
C            0.63827848686802       -1.86119892272241        0.06106589427351
C            1.71180683847519       -1.01138293375627       -0.10898640429263
C            1.52930528408540        0.37045917073296       -0.07846320380005
C            0.24693526665224        0.87475577552862        0.12102242873222
N            2.61216520489569        1.22695406769404       -0.17259714965835
H           -2.96801393380363       -0.15486740679711       -1.23326594736369
H           -2.30752647697158        1.49802440196259       -1.31093622963114
H           -3.78175443625964        1.17172668835186       -0.36064110954680
H           -1.48028370247884       -2.01771683846801        0.39013989764138
H            0.79649452265177       -2.92902362621373        0.03641200374708
H            2.70294913285396       -1.41119007535500       -0.26342308073240
H            0.08023413312563        1.94100948443830        0.15659740955455
H            2.39750830212776        2.17080460011670       -0.45880829717349
H            3.42979832325168        0.84582972018804       -0.62536554881652
18
 energy: -26.543016078572 gnorm: 0.003250582350 xtb: 6.7.1 (edcfbbe)
C           -2.82043108845010        0.77107717700669       -0.66649156453638
O           -2.09084061328204        0.53823119373857        0.51417813673367
C           -0.82525795798525        0.01590496342152        0.28922472508875
C           -0.63528958539199       -1.35930809486866        0.25672255862016
C            0.63869112129826       -1.86166461581557        0.06157806546389
C            1.71255080164977       -1.01241066565290       -0.11062145542150
C            1.53030629917874        0.36995500968655       -0.08179813617666
C            0.24734101579789        0.87482176982434        0.11558006722698
N            2.61111520423387        1.22489833854262       -0.17709910116756
H           -2.97283086886719       -0.15527950104208       -1.23189817613183
H           -2.31393939337368        1.49727835222520       -1.31292601366082
H           -3.78395956709246        1.17079613643321       -0.35709267237948
H           -1.47893095035908       -2.01676756321103        0.39274570613426
H            0.79503989225383       -2.92954810612777        0.03767478709990
H            2.70393714643223       -1.41161132571161       -0.26562306290260
H            0.08339469386860        1.94175044619088        0.14751180063383
H            2.40078712626112        2.17352474307424       -0.44803101921587
H            3.43585774771452        0.84519273148644       -0.61641474990147
18
 energy: -26.543047948645 gnorm: 0.002271724602 xtb: 6.7.1 (edcfbbe)
C           -2.82382751168699        0.77029616432059       -0.66425044813479
O           -2.08994326617181        0.53962725637018        0.51297560558393
C           -0.82468541924783        0.01709146693064        0.28570796142008
C           -0.63532213366203       -1.35844786136979        0.25671560493727
C            0.63876547792249       -1.86212603652766        0.06074064551889
C            1.71367432726711       -1.01369402051200       -0.11300937565190
C            1.53193436689113        0.36969244833541       -0.08554411412813
C            0.24785915375398        0.87553656497290        0.10932655555779
N            2.61139242692117        1.22329306261930       -0.18189399329756
H           -2.97900284361310       -0.15662855532657       -1.22975168366146
H           -2.32166329544818        1.49660611783599       -1.31547822698123
H           -3.78767887248307        1.17000339067292       -0.35326052991110
H           -1.47902436599253       -2.01595328385309        0.39663653261608
H            0.79387040026910       -2.93055187681400        0.03947805284494
H            2.70564890753922       -1.41321364030072       -0.26671600828002
H            0.08572040983332        1.94333379903823        0.13864380923971
H            2.40639747794627        2.17641470790544       -0.43662697857822
H            3.44342578384875        0.84556128490289       -0.60647351358701
18
 energy: -26.543055977670 gnorm: 0.001417600879 xtb: 6.7.1 (edcfbbe)
C           -2.82607077893306        0.76971865643629       -0.66377889263960
O           -2.08872096353419        0.54083240959069        0.51249873173918
C           -0.82407504272757        0.01778522039611        0.28362826145675
C           -0.63576633674813       -1.35802763145834        0.25626823812972
C            0.63856286255392       -1.86190198671635        0.06039204265713
C            1.71399960480864       -1.01409683748025       -0.11402994078727
C            1.53276677505228        0.36969341043425       -0.08746499985058
C            0.24834249705111        0.87619099276654        0.10625245486275
N            2.61213677899138        1.22258513621761       -0.18415558397548
H           -2.98211292050373       -0.15829938637835       -1.22753097216413
H           -2.32563735590987        1.49559991791259       -1.31699849912991
H           -3.78959183982545        1.16941099481788       -0.35104005785800
H           -1.47974222482480       -2.01506686676646        0.39785050264271
H            0.79344289909822       -2.93064091616641        0.03995044826367
H            2.70603197184870       -1.41437145331516       -0.26679100968309
H            0.08630393464298        1.94417953033086        0.13504703438465
H            2.41016729858497        2.17754562189169       -0.43150470974094
H            3.44750386426160        0.84570417668744       -0.60137315280026
18
 energy: -26.543059446201 gnorm: 0.000522619307 xtb: 6.7.1 (edcfbbe)
C           -2.82847906541846        0.76862869253366       -0.66386525501686
O           -2.08696706125203        0.54318857042743        0.51215857020832
C           -0.82324178714895        0.01898122750049        0.28185969154405
C           -0.63645786680040       -1.35712341853653        0.25515533995199
C            0.63791533458799       -1.86108500670413        0.05955381729839
C            1.71386460308807       -1.01410081594125       -0.11490579713224
C            1.53356355678802        0.36982692631604       -0.08898676405821
C            0.24928650207873        0.87713524214792        0.10398061049824
N            2.61329678307007        1.22171839392408       -0.18602996340162
H           -2.98477900473779       -0.16136854760829       -1.22367208214286
H           -2.32956175867149        1.49310923765267       -1.31921358225090
H           -3.79104826041676        1.16832068836594       -0.34865743331796
H           -1.48088777319906       -2.01320668502318        0.39758258695976
H            0.79292475876044       -2.93000495303084        0.04005756495693
H            2.70558068183234       -1.41558835006602       -0.26662429927281
H            0.08671116796597        1.94500196076536        0.13254906924952
H            2.41439038645052        2.17829302593166       -0.42716349623974
H            3.45142982690979        0.84511480054565       -0.59655868232672
18
 energy: -26.543060610333 gnorm: 0.000309293844 xtb: 6.7.1 (edcfbbe)
C           -2.82872685055963        0.76781949782590       -0.66399417598712
O           -2.08652075141058        0.54476060166332        0.51221236859553
C           -0.82306877455916        0.01983618104948        0.28208051611170
C           -0.63665406035366       -1.35629799505399        0.25467068655733
C            0.63746257667487       -1.86060628543482        0.05923528173362
C            1.71361048399856       -1.01386240928491       -0.11478719120773
C            1.53380786570569        0.36998702884637       -0.08858407690457
C            0.24988006064522        0.87757750915873        0.10463794423606
N            2.61383032515670        1.22147881126243       -0.18561598654800
H           -2.98482439181894       -0.16316963332324       -1.22179350287371
H           -2.33018748085705        1.49118324103136       -1.32056827394135
H           -3.79096478816813        1.16771013346177       -0.34860459399224
H           -1.48134430937825       -2.01205866598917        0.39630829685458
H            0.79228303121648       -2.92945262920366        0.03916813904507
H            2.70504612018863       -1.41569503150269       -0.26674940787384
H            0.08725513251703        1.94533017750814        0.13351632763138
H            2.41503907575538        2.17801464636474       -0.42743005702263
H            3.45161775913384        0.84428581082087       -0.59648239890681
18
 energy: -26.543063230949 gnorm: 0.000658031091 xtb: 6.7.1 (edcfbbe)
C           -2.82947406129200        0.76514421597027       -0.66410952208967
O           -2.08504549585586        0.54980334721234        0.51239143615244
C           -0.82248247368805        0.02260932083174        0.28283715318299
C           -0.63749460138546       -1.35368298866582        0.25320019340192
C            0.63591948824538       -1.85926180035726        0.05777965543360
C            1.71298769502941       -1.01338843898261       -0.11481242604763
C            1.53482768745573        0.37048429135804       -0.08724616677959
C            0.25173893340282        0.87911716317573        0.10690823341748
N            2.61572360769528        1.22087443223179       -0.18432898015934
H           -2.98500260742730       -0.16901375672147       -1.21621372203817
H           -2.33250156967247        1.48533944964251       -1.32504186822264
H           -3.79130602332544        1.16563719670504       -0.34899892745537
H           -1.48301159252543       -2.00865424287322        0.39309708179910
H            0.78986331773968       -2.92807733833216        0.03651763682534
H            2.70381053921364       -1.41627497871151       -0.26721009888231
H            0.08949834745598        1.94678419725562        0.13698893713742
H            2.41719447092159        2.17722527273178       -0.42794771337836
H            3.45229536189950        0.84217564672982       -0.59659100678992
18
 energy: -26.543075719288 gnorm: 0.002662624875 xtb: 6.7.1 (edcfbbe)
C           -2.83453091363196        0.75205316969449       -0.66379962150236
O           -2.07752410281136        0.57415447353219        0.51254535500310
C           -0.81932246943725        0.03627933662735        0.28447259606192
C           -0.64171841724595       -1.34090043771790        0.24619404478397
C            0.62864106233694       -1.85274714846261        0.05124435194463
C            1.71039925962525       -1.01165707290841       -0.11557621603136
C            1.54026821016981        0.37261915860864       -0.08249646669399
C            0.26076594217472        0.88683100331458        0.11493720975538
N            2.62539296308261        1.21747828729228       -0.17894577784059
H           -2.98814302036751       -0.19748328302887       -1.18874430115808
H           -2.34679485897048        1.45748072935788       -1.34703892178816
H           -3.79479365674911        1.15497557355209       -0.34935717546305
H           -1.49112870727949       -1.99206543677925        0.37903176081051
H            0.77763116608092       -2.92174518979604        0.02429949514588
H            2.69847736959126       -1.41978599182717       -0.26959038231564
H            0.10160190827326        1.95444147591232        0.15054626094023
H            2.42996571986336        2.17413438073249       -0.42648852082398
H            3.45835356918195        0.83277796109655       -0.59401379532112
18
 energy: -26.542242339691 gnorm: 0.029129967436 xtb: 6.7.1 (edcfbbe)
C           -2.86548604434381        0.67431302922277       -0.66130743491422
O           -2.03287062377269        0.71820715598245        0.51211274302361
C           -0.80034553171981        0.11752659863801        0.29281953696970
C           -0.66686421717200       -1.26491794215224        0.20457952734018
C            0.58546832135773       -1.81409906657466        0.01186122936859
C            1.69533364014858       -1.00183537667947       -0.12103062084591
C            1.57294072472441        0.38502917498259       -0.05504190343562
C            0.31434074511763        0.93275168352100        0.16091038242518
N            2.68322714251988        1.19700917480506       -0.14698346799015
H           -3.00792533849100       -0.36581909717860       -1.02546043745394
H           -2.43345115905055        1.29198560210575       -1.47718212197316
H           -3.81683061006425        1.09140334514866       -0.35074456696935
H           -1.53913279805876       -1.89354669527951        0.29736889640433
H            0.70464285697072       -2.88443092479837       -0.04704263406987
H            2.66737861373380       -1.44108295801858       -0.28393948683004
H            0.17448707718536        2.00034697981683        0.22850714069302
H            2.50707602893032        2.15611550986366       -0.41478229418090
H            3.49555219587131        0.77788479579512       -0.57742459205413
18
 energy: -26.543098206153 gnorm: 0.008082590742 xtb: 6.7.1 (edcfbbe)
C           -2.84922391037199        0.71606256326941       -0.66209366985628
O           -2.06036744853178        0.63375203032677        0.50862524152889
C           -0.81137647371856        0.07345246886378        0.28727890948701
C           -0.65254966412951       -1.30514962707204        0.22719879326158
C            0.60936120723790       -1.83414174210855        0.03519439613284
C            1.70360961518432       -1.00627244945156       -0.11644938009857
C            1.55501135538383        0.37905157583711       -0.06898615507698
C            0.28469725021795        0.90843862212719        0.13732757093035
N            2.65225723310855        1.20775093332045       -0.16548153646720
H           -2.99278592244210       -0.26848060775157       -1.11901615099588
H           -2.38545576766125        1.38266824152952       -1.39817123308041
H           -3.80739551714741        1.12149436586391       -0.35057754974892
H           -1.51257333526414       -1.94575232197887        0.34061719380531
H            0.74379169353803       -2.90348676369877       -0.00780730047314
H            2.68429848185833       -1.42841229247989       -0.27501897508585
H            0.13533158072686        1.97620678132492        0.18863428604128
H            2.46612246168400        2.16460655211882       -0.42605716818792
H            3.47478818421392        0.80505265915992       -0.58799737660880
18
 energy: -26.543112700680 gnorm: 0.007294109746 xtb: 6.7.1 (edcfbbe)
C           -2.84866352900486        0.71785599845504       -0.66188565383682
O           -2.05972469289571        0.63353184641041        0.50754156634625
C           -0.81123287403898        0.07223650253044        0.28594931166814
C           -0.65207228295680       -1.30669900634154        0.22732575462068
C            0.61023428919062       -1.83533648491874        0.03495061772089
C            1.70398263390734       -1.00706577744727       -0.11727055517810
C            1.55443717286875        0.37819082306078       -0.07028468386233
C            0.28397355186698        0.90732755710245        0.13460556677838
N            2.65086216603070        1.20784134454975       -0.16551016465305
H           -2.99447336884809       -0.26656063766500       -1.11856458813930
H           -2.38686240927037        1.38534492478542       -1.39886412775206
H           -3.80634331038772        1.12347929430402       -0.34854984623979
H           -1.51156471601837       -1.94753017615384        0.34233317166506
H            0.74553253257778       -2.90473931491122       -0.00527349540805
H            2.68514514227454       -1.42848686915615       -0.27474715600177
H            0.13461794563661        1.97506067595276        0.18436683251643
H            2.46501308207765        2.16540053013404       -0.42285339361866
H            3.47467969087686        0.80698975850918       -0.58604926111859
18
 energy: -26.543145703378 gnorm: 0.005471812006 xtb: 6.7.1 (edcfbbe)
C           -2.85004329032425        0.72057907724240       -0.66053716903621
O           -2.05682351939031        0.63583744868581        0.50350683503685
C           -0.81035639208283        0.07059746391500        0.28070303025052
C           -0.65137035751344       -1.30920604179954        0.22667840041579
C            0.61195881333046       -1.83740650803000        0.03481622215954
C            1.70551647758661       -1.00913400937101       -0.11858259465212
C            1.55460057076147        0.37611716670753       -0.07327068121265
C            0.28356904592554        0.90542763401967        0.12695382450789
N            2.64980162063728        1.20778437772641       -0.16401971443438
H           -3.00123093765268       -0.26399789578187       -1.11493465109936
H           -2.39449244811833        1.38797037657015       -1.40199011846895
H           -3.80614595650087        1.12795632589162       -0.34230040763059
H           -1.50993679593204       -1.95042289958585        0.34533241091283
H            0.74818863617771       -2.90724053063559       -0.00074487884793
H            2.68758690630973       -1.42963873229970       -0.27370087675304
H            0.13484755603150        1.97328678698231        0.17313941596402
H            2.46489254141751        2.16684684667114       -0.41385868589680
H            3.47697855322386        0.81148410229209       -0.57997046570811
18
 energy: -26.543183383114 gnorm: 0.004033768861 xtb: 6.7.1 (edcfbbe)
C           -2.85528447928771        0.71929837290844       -0.65822990027550
O           -2.05211508430767        0.64363423221664        0.49790064380702
C           -0.80845788636775        0.07285357131942        0.27394511388205
C           -0.65180221723107       -1.30771272751566        0.22336937576233
C            0.61183822536792       -1.83707672725106        0.03290618143566
C            1.70719584286656       -1.01084303806372       -0.11963890110117
C            1.55752313278830        0.37470797136658       -0.07506775301583
C            0.28615511317182        0.90598599385701        0.12000662469489
N            2.65323895181754        1.20651844566355       -0.16026637698339
H           -3.01150500640148       -0.26818181183049       -1.10458186330235
H           -2.40865143956291        1.38229076153304       -1.40954006036762
H           -3.80942938368500        1.12903470826323       -0.33475957925485
H           -1.51034221404041       -1.94858046333621        0.34459806535738
H            0.74688045801457       -2.90756230651590        0.00087628911707
H            2.68952200561025       -1.43240595427339       -0.27161186928348
H            0.13951822575931        1.97428906812723        0.16354040070127
H            2.47018739635542        2.16706308669177       -0.40353080295290
H            3.48306938301921        0.81352780604004       -0.57269569271329
18
 energy: -26.543255008868 gnorm: 0.002195961070 xtb: 6.7.1 (edcfbbe)
C           -2.86656088757711        0.71207740261880       -0.65404138990526
O           -2.04373355943028        0.66092174809358        0.48827646814066
C           -0.80451789639098        0.08136389634399        0.26354994692261
C           -0.65408333607078       -1.30012983194000        0.21578612122270
C            0.60912071917849       -1.83345646760141        0.02846412533491
C            1.70945630515121       -1.01271850249181       -0.12041749113555
C            1.56488988641653        0.37378392088665       -0.07542016246915
C            0.29351434856413        0.91030257818541        0.11265994356677
N            2.66362413472156        1.20322996691359       -0.15253997357670
H           -3.02815285256769       -0.28300989205428       -1.08217538802650
H           -2.43565280452477        1.36394709320579       -1.42517992477967
H           -3.81817578948862        1.12507873940509       -0.32400128132641
H           -1.51399861414217       -1.93953426026663        0.33824996938699
H            0.73928850500633       -2.90525396736861       -0.00131809036420
H            2.69125729329520       -1.43831395927658       -0.26764650918654
H            0.15236047518236        1.97975342549209        0.15465388812289
H            2.48390840246384        2.16556133394079       -0.38822128540004
H            3.49499669409966        0.81323776511405       -0.56345907102021
18
 energy: -26.543345883423 gnorm: 0.002113166670 xtb: 6.7.1 (edcfbbe)
C           -2.87913369491214        0.69963502198979       -0.64973835869730
O           -2.03525168262471        0.68227932255549        0.47854472732980
C           -0.79995509262374        0.09481146959197        0.25486961848040
C           -0.65803151502114       -1.28735222695510        0.20649113565986
C            0.60366209299074       -1.82689608603886        0.02264955125169
C            1.71061115744951       -1.01353902466968       -0.12057010024818
C            1.57404246232248        0.37434185649466       -0.07312591968245
C            0.30358573995451        0.91812641834729        0.11048644002857
N            2.67784569436312        1.19863433156083       -0.14414155264598
H           -3.04153798411748       -0.30568127340816       -1.05520049969039
H           -2.46494327120045        1.33724609694165       -1.44306003612506
H           -3.82957763421707        1.11428611871451       -0.31608718069624
H           -1.52082093325529       -1.92422677210194        0.32699322679184
H            0.72613041012456       -2.90018896130231       -0.00811797907198
H            2.69093593752697       -1.44514433909497       -0.26397432858165
H            0.17032758984944        1.98910878905037        0.15422103312021
H            2.50202790901915        2.16243923746003       -0.37472909602901
H            3.50762383825841        0.80896101006495       -0.55829078568682
18
 energy: -26.543474401509 gnorm: 0.005336392371 xtb: 6.7.1 (edcfbbe)
C           -2.89662306679974        0.67748967351079       -0.64375854394137
O           -2.02358398030474        0.71621593562689        0.46456851282589
C           -0.79325002352337        0.11832599334816        0.24453916191657
C           -0.66491279313345       -1.26468956812846        0.19217030548795
C            0.59342015227716       -1.81522488472467        0.01312651073758
C            1.71045484204341       -1.01349984347826       -0.12092004138513
C            1.58740322248259        0.37647342371577       -0.06809275134326
C            0.31960029687535        0.93225213786098        0.11203711634686
N            2.70001689843047        1.19062155178585       -0.13255109919595
H           -3.05481597304861       -0.34443306068714       -1.01281286850982
H           -2.50734929402422        1.29242278553665       -1.46980362381006
H           -3.84694025755975        1.09198806827924       -0.30740901394422
H           -1.53312919766394       -1.89662190303973        0.30720365261988
H            0.70302421363634       -2.89054763121894       -0.02127303746332
H            2.68778988318367       -1.45479484207418       -0.26038805851104
H            0.19952330586116        2.00548394125970        0.16104500137830
H            2.53157468414451        2.15698573636240       -0.35664594673843
H            3.52533811100999        0.79839347526540       -0.55381538096311
18
 energy: -26.543513496644 gnorm: 0.014520973445 xtb: 6.7.1 (edcfbbe)
C           -2.92805940085013        0.63606901471985       -0.63219574430977
O           -2.00350176889935        0.77796534586173        0.43645067683202
C           -0.78151242898647        0.16247028743316        0.22424202453638
C           -0.67696705467989       -1.22204818389353        0.16540359143787
C            0.57451652744229       -1.79328846404831       -0.00470761788608
C            1.70900833993956       -1.01247659250052       -0.12241219445627
C            1.61042515400825        0.38091739052843       -0.06015041224975
C            0.34810711083685        0.95883413390048        0.11297877496020
N            2.73967036381803        1.17464337123722       -0.11196262491509
H           -3.07635391172766       -0.41489701941721       -0.93340916835263
H           -2.58558961527544        1.20823186365541       -1.51634302748673
H           -3.87800198057632        1.04891940023959       -0.28922770712268
H           -1.55523711672410       -1.84401530533691        0.27098258642324
H            0.66097615044928       -2.87178596540077       -0.04471929243812
H            2.68070074211714       -1.47090238731851       -0.25490650169449
H            0.25223168445092        2.03575198058757        0.17071243997978
H            2.58882938894291        2.14691111904721       -0.32201653376947
H            3.55829883960087        0.77554099990550       -0.54149937398108
18
 energy: -26.543642459863 gnorm: 0.007287661191 xtb: 6.7.1 (edcfbbe)
C           -2.91880736017004        0.64670302688227       -0.63471512435172
O           -2.01273970110417        0.75573307639998        0.44227863528976
C           -0.78589847161129        0.15071705699436        0.22912550868813
C           -0.67286157133083       -1.23279924549180        0.17273247493980
C            0.57992676058540       -1.79840935377470        0.00061058636924
C            1.70838166883396       -1.01123785652546       -0.12192863592631
C            1.60244546958625        0.38095294589630       -0.06322603850648
C            0.33869311166774        0.95250534096559        0.11167339921715
N            2.72800300142912        1.17796772521905       -0.11894062167741
H           -3.06645756440114       -0.39261980997382       -0.95810854500689
H           -2.56153801917780        1.23109002193190       -1.49620585114341
H           -3.86925553869634        1.05819907841489       -0.29343103455162
H           -1.54835502857812       -1.85706850002596        0.28108519806722
H            0.67284505981694       -2.87548679445282       -0.03776001390559
H            2.68155759375423       -1.46434335286588       -0.25633610280549
H            0.23639853175232        2.02819705416111        0.16639872639859
H            2.57605835781932        2.14910389275430       -0.33310979512921
H            3.54914472371124        0.77763668269109       -0.54292287045845
18
 energy: -26.543729503565 gnorm: 0.006591798547 xtb: 6.7.1 (edcfbbe)
C           -2.92405295698877        0.63832844991510       -0.63180086135464
O           -2.00940991255268        0.76783540992582        0.43352085642932
C           -0.78378850589160        0.16008316532752        0.22335683063379
C           -0.67430053302573       -1.22376690130233        0.16684193817161
C            0.57647284165162       -1.79376231676952       -0.00312347350427
C            1.70714491992689       -1.00998557750433       -0.12267494122071
C            1.60541254182230        0.38232721416246       -0.06231357737269
C            0.34357208004869        0.95823740711014        0.11005706125811
N            2.73454044663041        1.17383713224307       -0.11456305636854
H           -3.06905617488923       -0.40506024794763       -0.93945567723734
H           -2.57821450379757        1.21148709511735       -1.50468738922554
H           -3.87349566596551        1.04901432699274       -0.28694989216564
H           -1.55190337903693       -1.84506325418368        0.27352352250459
H            0.66556149891665       -2.87085190729211       -0.04220780237172
H            2.67905294078251       -1.46566653307105       -0.25599002272326
H            0.24534813761598        2.03398813731447        0.16572334888811
H            2.58984326147174        2.14638585227884       -0.32595915390374
H            3.55481398716798        0.76947353688353       -0.53607781493015
18
 energy: -26.543865337677 gnorm: 0.002903108497 xtb: 6.7.1 (edcfbbe)
C           -2.92359562266067        0.63750411164572       -0.63235419870412
O           -2.00467313112509        0.77911859024844        0.42626079918056
C           -0.78229343182777        0.16356555697914        0.21973064466530
C           -0.67321924364033       -1.22119062060291        0.16291473749378
C            0.57582808150869       -1.79319957164403       -0.00517599442514
C            1.70577617709473       -1.00934281619110       -0.12237956040649
C            1.60481047434520        0.38156477654748       -0.06146623994623
C            0.34603690345760        0.95853586035666        0.10732305217910
N            2.73363829422683        1.17221215585170       -0.10963225726817
H           -3.07094747283376       -0.40985048757443       -0.91761605592690
H           -2.58803202307243        1.19746877225862       -1.51573829517894
H           -3.86745405421265        1.05164779977481       -0.28082858935901
H           -1.55168360366658       -1.83994647372872        0.26480994784700
H            0.66614666886075       -2.86935422251369       -0.04440440159710
H            2.67643140242250       -1.46514969948486       -0.25567706081548
H            0.24627423538267        2.03275687072829        0.16256593694160
H            2.59024734560709        2.14527554493715       -0.32371925964142
H            3.55425002401997        0.76522484161209       -0.52739330953101
18
 energy: -26.543971526996 gnorm: 0.002769435804 xtb: 6.7.1 (edcfbbe)
C           -2.92764813357822        0.63288738068973       -0.63102649549342
O           -1.99689253116271        0.79774590882280        0.41348601090915
C           -0.77987308892791        0.17025283770068        0.21262583436904
C           -0.67319107928711       -1.21552733640657        0.15499714467537
C            0.57394258126794       -1.79099534996268       -0.00914141961126
C            1.70530389229793       -1.00851529407556       -0.12180860424139
C            1.60724200796604        0.38135155257038       -0.05898742654431
C            0.35149764842643        0.96069599321221        0.10535272063999
N            2.73692531503168        1.17018174989702       -0.10208149732905
H           -3.07999275441869       -0.42077213959457       -0.88472108321500
H           -2.60443932258997        1.16976542410281       -1.53178322425474
H           -3.86375823831481        1.05754204747761       -0.27346533190402
H           -1.55357196244545       -1.83106757875280        0.25193831969179
H            0.66439753631512       -2.86635066616697       -0.04917699029153
H            2.67440719938164       -1.46614731247203       -0.25425689918631
H            0.24959644884845        2.03367213226206        0.16051021122097
H            2.59579857048340        2.14326009357537       -0.32052088914827
H            3.55779693459298        0.75886154632085       -0.51472048477967
18
 energy: -26.544096538337 gnorm: 0.004352780915 xtb: 6.7.1 (edcfbbe)
C           -2.93591093976568        0.62438590314801       -0.62811580887332
O           -1.98658499925180        0.82218139175912        0.39531796953846
C           -0.77653879250214        0.18005139994680        0.20287700309230
C           -0.67444231082253       -1.20661445984751        0.14372861218869
C            0.57081921201219       -1.78662912709282       -0.01448655552370
C            1.70565984060430       -1.00759712875928       -0.12072665084083
C            1.61278519170629        0.38181435259183       -0.05480442452418
C            0.35972846502057        0.96493179508493        0.10511036762531
N            2.74465206429634        1.16769833604045       -0.09275829163203
H           -3.09641267289308       -0.43699613161572       -0.84189292635504
H           -2.62671360497095        1.12936456124452       -1.55225141207616
H           -3.86272960718173        1.06532340383655       -0.26639217249206
H           -1.55743948172494       -1.81899737369405        0.23460737079337
H            0.65957916237955       -2.86160891030166       -0.05621487595753
H            2.67287786736878       -1.46898899494192       -0.25152584092791
H            0.25651000318179        2.03717786382331        0.16181407463924
H            2.60648217915247        2.14028571759700       -0.31651509261239
H            3.56521944727731        0.75105839038075       -0.50055145055483
18
 energy: -26.544267568935 gnorm: 0.006101541026 xtb: 6.7.1 (edcfbbe)
C           -2.94872043632236        0.61177128500696       -0.62339291908168
O           -1.97369220957224        0.85247637917412        0.37005865273742
C           -0.77226258789641        0.19328827354055        0.18976449952937
C           -0.67700834615617       -1.19403193896214        0.12820902268402
C            0.56650515573854       -1.77973773883663       -0.02116781052578
C            1.70685387274069       -1.00658713401489       -0.11866384051865
C            1.62149369742918        0.38295398761294       -0.04853445634498
C            0.37088990453731        0.97137987414266        0.10686418003527
N            2.75699634694702        1.16452496753110       -0.08151333953660
H           -3.12003049691178       -0.45777994397678       -0.78744939256770
H           -2.65595926249701        1.07464784005082       -1.57641700035214
H           -3.86434343761658        1.07494412610224       -0.25984544719889
H           -1.56302934332635       -1.80360359439867        0.21117173158051
H            0.65134054282472       -2.85485054568525       -0.06506622600978
H            2.67177110926502       -1.47378512089162       -0.24667833624987
H            0.26798322190375        2.04342226446941        0.16711952512903
H            2.62245565949038        2.13610857880028       -0.31163884399353
H            3.57629763330902        0.74169942953516       -0.48560010380861
18
 energy: -26.544457371844 gnorm: 0.008089545196 xtb: 6.7.1 (edcfbbe)
C           -2.96445869794421        0.59752995156609       -0.61688141675824
O           -1.96100316250841        0.88182575277299        0.34090827201444
C           -0.76788732027036        0.20764093933033        0.17386847659326
C           -0.68009019089146       -1.17985858259728        0.10993415872532
C            0.56219225556403       -1.77141916298302       -0.02800994443055
C            1.70887291645056       -1.00562577556908       -0.11540527413288
C            1.63160990738889        0.38458602840544       -0.04195764352735
C            0.38269569497870        0.97896866206811        0.10810392520679
N            2.77187953225808        1.16084049452251       -0.06969345596911
H           -3.14609262459707       -0.47758411552545       -0.73063978726656
H           -2.68931928800394        1.01623149725408       -1.59715562858070
H           -3.86882421362890        1.08357258194792       -0.25357639479479
H           -1.56870895238625       -1.78761837898013        0.18416215289456
H            0.64136263646291       -2.84716577664069       -0.07311860255478
H            2.67165062923332       -1.47951472276607       -0.23835150348306
H            0.28236288844964        2.05140940302258        0.17249575736745
H            2.64173607757663        2.13115253844714       -0.30646854404038
H            3.58956293575453        0.73186965492470       -0.47099465175602
18
 energy: -26.544688612896 gnorm: 0.010724990269 xtb: 6.7.1 (edcfbbe)
C           -2.98567275267091        0.58032577831478       -0.60664409896481
O           -1.94721242692718        0.91298889047357        0.30295032586889
C           -0.76280560873204        0.22509231565778        0.15091545281210
C           -0.68347287566509       -1.16215929722448        0.08509309756101
C            0.55786500205290       -1.76069627796146       -0.03633055867020
C            1.71216865879840       -1.00454854425467       -0.10999778887746
C            1.64402088972789        0.38689876636796       -0.03539952376482
C            0.39623572466534        0.98878278253640        0.10504757717746
N            2.79111721204013        1.15567766186398       -0.05433586321846
H           -3.17812155845850       -0.49777813660968       -0.66205105136837
H           -2.73442952771354        0.94736872224017       -1.61525424004123
H           -3.87676854621281        1.09171381810518       -0.24386093382402
H           -1.57446040460869       -1.76876520254193        0.14822061818060
H            0.62885056743110       -2.83758993561606       -0.08089905138067
H            2.67295794644088       -1.48654922609706       -0.22268983144797
H            0.30157152709009        2.06227902655935        0.17283927677099
H            2.66807765357381        2.12444982204790       -0.29939976776619
H            3.60761954305492        0.71935002533839       -0.45098374353940
18
 energy: -26.544965440700 gnorm: 0.013148381464 xtb: 6.7.1 (edcfbbe)
C           -3.01170042808957        0.56174053245184       -0.59142812681286
O           -1.93390233001227        0.94236990741483        0.25663353266900
C           -0.75736516711478        0.24455602919090        0.11950063714927
C           -0.68624888363783       -1.14202222694044        0.05334293934832
C            0.55444015818677       -1.74829667483579       -0.04629348589927
C            1.71676968336447       -1.00340125550577       -0.10205308533629
C            1.65744078980447        0.38983678602320       -0.03067639169852
C            0.40995521110615        1.00044668168757        0.09291879824456
N            2.81331462150341        1.14885933540524       -0.03462626030644
H           -3.21459813747057       -0.51522543474977       -0.58226978842096
H           -2.79189923421202        0.87155333023623       -1.62657787754149
H           -3.88753800070078        1.09965532454067       -0.22858232669537
H           -1.57892763767969       -1.74834591811652        0.10311424374757
H            0.61493576420644       -2.82676410258326       -0.08778775028899
H            2.67620593138039       -1.49398596185391       -0.19704880364506
H            0.32463602719979        2.07576791267478        0.16044269248989
H            2.70158262610943        2.11605349942535       -0.28948544381754
H            3.63044002994284        0.70404322473488       -0.42190360767833
18
 energy: -26.545284284765 gnorm: 0.010474643811 xtb: 6.7.1 (edcfbbe)
C           -3.02951215394165        0.55125338842551       -0.57640898518996
O           -1.92883487465818        0.95358263381089        0.22182505135145
C           -0.75435824969729        0.25644308112058        0.09255995070805
C           -0.68656439692345       -1.12932822051970        0.02848166898870
C            0.55407908165804       -1.74024086093751       -0.05374418655585
C            1.72037398589732       -1.00280499032210       -0.09461328412635
C            1.66452448564814        0.39211476066746       -0.03119892642235
C            0.41623608083982        1.00858567945568        0.07337986474718
N            2.82688143584348        1.14329153388370       -0.01875737736542
H           -3.23786231286924       -0.51885082150143       -0.52391772984491
H           -2.83561268985385        0.82190416742398       -1.62211005295881
H           -3.89455222722398        1.10630373452489       -0.21494824054093
H           -1.57892332475683       -1.73693139404576        0.06768748381410
H            0.60606795920065       -2.82002036803097       -0.09091833802001
H            2.67999155070028       -1.49761690058173       -0.17058973797161
H            0.34140119286333        2.08596483214726        0.13443620677276
H            2.72714053994290        2.10984019028138       -0.27944826890938
H            3.64706494121715        0.69335054339783       -0.39449520296914
18
 energy: -26.545506056120 gnorm: 0.019928088711 xtb: 6.7.1 (edcfbbe)
C           -3.05757429034418        0.52951726155430       -0.55045787687310
O           -1.91186461750628        0.99515377294879        0.14900104577551
C           -0.74615111341375        0.28350688241481        0.04355949713312
C           -0.68768172545581       -1.10264995467883       -0.01762003802088
C            0.55067126260479       -1.72522349482431       -0.07111360165897
C            1.72453877638524       -1.00205331039803       -0.08294425700964
C            1.67764337061479        0.39493574390951       -0.02802136945803
C            0.43227973975428        1.02414649291839        0.04170837489064
N            2.84964815192898        1.13218155729256        0.01547475449447
H           -3.29149168143975       -0.53903653264424       -0.37491267483789
H           -2.91830405686105        0.69233229087110       -1.64271278203872
H           -3.89427464781638        1.13729053458288       -0.19441057494532
H           -1.58116987835958       -1.70997317594007       -0.00408475739104
H            0.58633084291489       -2.80668930780951       -0.10657374122455
H            2.68242108780917       -1.50441932330697       -0.13022710532437
H            0.37785006208729        2.10397319016172        0.09427219480490
H            2.77094144646136        2.09914263950016       -0.25091287822265
H            3.67372829452260        0.67470572264757       -0.34280431458587
18
 energy: -26.545987752087 gnorm: 0.010685720760 xtb: 6.7.1 (edcfbbe)
C           -3.04674588488331        0.53605694822277       -0.54678069513666
O           -1.91656337075196        0.98785321704534        0.15092007283989
C           -0.74654211132054        0.27926659185776        0.04129264019064
C           -0.68450198128148       -1.10815644852842       -0.01522823726657
C            0.55268996130987       -1.73017776370915       -0.07106997087786
C            1.72196149817910       -1.00316168317457       -0.08193322873404
C            1.67065096673963        0.39299295813217       -0.03199181670097
C            0.42771868086138        1.02114805791498        0.02941853788205
N            2.83797164451150        1.13178230015164        0.01587722066430
H           -3.27573385142916       -0.52397406191162       -0.37296640461275
H           -2.91631373805123        0.69834039421776       -1.62981235715399
H           -3.88390797036950        1.13993465291490       -0.19549694077947
H           -1.57689412918595       -1.71436413248299       -0.00313093636412
H            0.58982526320370       -2.81062129476575       -0.10571078169246
H            2.68009864872536       -1.50003936981991       -0.12740038425796
H            0.37670393838159        2.10024938520188        0.07224496450182
H            2.76212503766875        2.10126484779517       -0.24279337335084
H            3.66499842157884        0.67844639013790       -0.33821841364341
18
 energy: -26.546400917419 gnorm: 0.008635693411 xtb: 6.7.1 (edcfbbe)
C           -3.06215271183572        0.52454962708660       -0.52739632600303
O           -1.90344051428873        1.01681314893613        0.10247287566065
C           -0.74004072447775        0.29363031663307        0.00247783079090
C           -0.68313610115662       -1.09518932190313       -0.04747317829254
C            0.55135920452451       -1.72544346196782       -0.08055599692597
C            1.72397633925333       -1.00380992022710       -0.07204904639309
C            1.67726813171613        0.39211786274313       -0.03015293046114
C            0.43926660353070        1.02764125612378        0.00438413314095
N            2.84539626290077        1.12504713950483        0.03550865376386
H           -3.28983330751387       -0.52005649720019       -0.29288990264033
H           -2.97711886918611        0.62826853418604       -1.62274735335254
H           -3.88307177418566        1.14929736548626       -0.17886976851078
H           -1.57751949074540       -1.69646435201423       -0.04785079051687
H            0.58326154027624       -2.80533145873571       -0.10869493479359
H            2.68075013748688       -1.50348957946598       -0.09813829019629
H            0.39498801037174        2.10608970391733        0.03658082393277
H            2.78079863870727        2.09613429146225       -0.22451366865879
H            3.67678964850885        0.66703633463452       -0.30287223503651
18
 energy: -26.546690771874 gnorm: 0.019647153514 xtb: 6.7.1 (edcfbbe)
C           -3.08540787326373        0.50718746568089       -0.49625341826635
O           -1.88178693864779        1.06317947652342        0.01080684528413
C           -0.73017406650733        0.31466197616966       -0.06437999208797
C           -0.68197733077194       -1.07551738987433       -0.10630661389057
C            0.54763054667786       -1.71774927915108       -0.09773405048440
C            1.72581768625702       -1.00413576943222       -0.05631880919433
C            1.68748273869893        0.39125102833771       -0.02876057980603
C            0.45728611248613        1.03720890989960       -0.03722877355879
N            2.85607519807649        1.11615572100842        0.06731912371923
H           -3.31335048727751       -0.51256280573109       -0.12798529208563
H           -3.06530711644113        0.49010140892417       -1.60796002349605
H           -3.87276319025911        1.18715332405028       -0.15867820934011
H           -1.58095877881965       -1.66792713890725       -0.13150308245078
H            0.57361491650000       -2.79644143428958       -0.11544565041188
H            2.68030415921841       -1.50979701785456       -0.04615727253720
H            0.41760703889087        2.11415596305213       -0.02121681155061
H            2.80767307276903        2.08930740981522       -0.19341408418631
H            3.69577533630000        0.65060914097829       -0.24156341014865
18
 energy: -26.547131387252 gnorm: 0.012065306780 xtb: 6.7.1 (edcfbbe)
C           -3.08029508168116        0.51263760355251       -0.49833959033146
O           -1.87965551452557        1.05987562083110        0.00943096137366
C           -0.73016706413401        0.30798851359047       -0.06662994390541
C           -0.68202852130175       -1.08194932664888       -0.10874615427511
C            0.54649623483925       -1.72235216021222       -0.09475410877674
C            1.72386304135984       -1.00427020929952       -0.05596189838074
C            1.68606133321853        0.38977887161916       -0.03043148955554
C            0.45691520345672        1.03259654165318       -0.03617528758083
N            2.85006517386806        1.11991054814418        0.06032754670922
H           -3.29105256169246       -0.49653773870139       -0.13474490881231
H           -3.05543026709792        0.49874626837556       -1.59038757237273
H           -3.86859487194380        1.18661448526826       -0.16113570447124
H           -1.58402664380268       -1.66960475741060       -0.13178248997942
H            0.58097180028398       -2.79980596927977       -0.10850386413793
H            2.67794756958519       -1.51079028699113       -0.04403635180498
H            0.40202217586341        2.10730270842254       -0.01745964585482
H            2.79352100345984        2.09266679423675       -0.19953653909352
H            3.69092801413107        0.65403348204949       -0.24391306324239
18
 energy: -26.547552242756 gnorm: 0.009390612491 xtb: 6.7.1 (edcfbbe)
C           -3.08248109532124        0.51245832544463       -0.48359046830908
O           -1.87169020617286        1.06947128688289       -0.02696019050922
C           -0.72670107936121        0.31298039719451       -0.08933041853792
C           -0.68222611044289       -1.07674061630622       -0.13163810490489
C            0.54367378372923       -1.71959393655024       -0.09957384103914
C            1.72193614687743       -1.00406961396158       -0.04976511216877
C            1.68859988914619        0.39044952028650       -0.03271862337592
C            0.46062018788373        1.03604201642128       -0.05494820533927
N            2.85386425960187        1.11838334904314        0.07026069045998
H           -3.28518423392907       -0.47608734889823       -0.06034266516582
H           -3.08767490422203        0.43486186413353       -1.58212399008833
H           -3.86036942386565        1.20091477704856       -0.16038690046503
H           -1.58665744369988       -1.66156780729484       -0.16984932366907
H            0.57755442848319       -2.79736878404351       -0.11151520364689
H            2.67348586867388       -1.51451053808699       -0.02277870746163
H            0.40205916100411        2.11118526606957       -0.03820859594976
H            2.80072844025921        2.09052968297127       -0.19083576720464
H            3.69800335524253        0.64950314884535       -0.21847467711686
18
 energy: -26.547829224927 gnorm: 0.021067276852 xtb: 6.7.1 (edcfbbe)
C           -3.09126566887714        0.50205516671749       -0.45453425079876
O           -1.85383249646551        1.09379462561541       -0.11689662018054
C           -0.71984752689568        0.32555372630316       -0.14146496086789
C           -0.68364276870077       -1.06390160534969       -0.18345665948921
C            0.53753553452029       -1.71143601954732       -0.11125111183857
C            1.71839699768184       -1.00270675266876       -0.03548048661025
C            1.69591517721743        0.39282198016352       -0.03366667839104
C            0.47011595692928        1.04425015114757       -0.09112675621792
N            2.86494564789523        1.11531066100056        0.09264473073255
H           -3.28520227298433       -0.43903323225256        0.10945581365057
H           -3.15297038489702        0.29049086090792       -1.54896625543797
H           -3.84227407096345        1.24238750697911       -0.17020333918847
H           -1.59086335114241       -1.64432370155488       -0.25361494335225
H            0.56914254760071       -2.79045903480686       -0.11972667521744
H            2.66359668128989       -1.52212672269836        0.02237872731313
H            0.40557229989928        2.12090851871852       -0.07604933624037
H            2.81843538073469        2.08472760233553       -0.17632312478677
H            3.71378334104417        0.63852725818917       -0.16449817757099
18
 energy: -26.548260717462 gnorm: 0.011186565927 xtb: 6.7.1 (edcfbbe)
C           -3.08502615715406        0.50386588471722       -0.46013647902139
O           -1.85945302225521        1.07801341730750       -0.10349910630331
C           -0.72293768969495        0.32098572108491       -0.12478363423240
C           -0.68521020842605       -1.06768226278697       -0.17086206764337
C            0.53783349710933       -1.71040439167581       -0.10753263857171
C            1.71721572058618       -1.00173262958398       -0.03824787198419
C            1.69421443689940        0.39495939503615       -0.03318391925022
C            0.46429716431766        1.04347197553759       -0.08010362116234
N            2.86640635506779        1.11810088001359        0.08527306720100
H           -3.28175863130089       -0.43193669995614        0.08281545166062
H           -3.13336882986905        0.30954160876982       -1.54435069307702
H           -3.84426874263999        1.23657782649879       -0.18626808377949
H           -1.58868847875299       -1.65366663134629       -0.23916121664638
H            0.56881986985889       -2.79124819680573       -0.12089069984886
H            2.66148857826522       -1.52121767964398        0.01202551112103
H            0.40072177282972        2.12263735423673       -0.05681344855900
H            2.81581120331764        2.08471968631900       -0.18956545261745
H            3.71144418572788        0.64185573147714       -0.17749520177776
18
 energy: -26.548593853761 gnorm: 0.008254320887 xtb: 6.7.1 (edcfbbe)
C           -3.09254122495340        0.49709287000561       -0.44873895513074
O           -1.85174293280455        1.09073054513669       -0.14221298726622
C           -0.72033032765585        0.32756773360169       -0.14518252523547
C           -0.68698170361753       -1.06124990873555       -0.18987299815995
C            0.53554869466312       -1.70630081016778       -0.11226230006631
C            1.71735752796658       -1.00128699159638       -0.03202373365425
C            1.69842982794681        0.39560227799264       -0.02994104611187
C            0.47074746909414        1.04621493240266       -0.08414038388996
N            2.87145120468338        1.11686079998851        0.09098516541712
H           -3.27641564978305       -0.41102399685457        0.13075412650651
H           -3.16465360579361        0.26205977042056       -1.52173555627506
H           -3.84689662632039        1.23598470355370       -0.19260806014799
H           -1.59037109426547       -1.64563292633388       -0.26750006681337
H            0.56446325038680       -2.78746195480473       -0.12296428821976
H            2.66021065212689       -1.52436012307699        0.03054017754327
H            0.40841807482135        2.12548279370034       -0.06168657963172
H            2.82346100418548        2.08114453691567       -0.19289051910712
H            3.71738648320582        0.63541673705134       -0.16129957424932
18
 energy: -26.548938421826 gnorm: 0.016792205790 xtb: 6.7.1 (edcfbbe)
C           -3.09648259037432        0.48296903033647       -0.42437633004802
O           -1.84142211674155        1.11225331619733       -0.23175262393034
C           -0.71782164429556        0.33795200929873       -0.18337820739493
C           -0.69062814938932       -1.05111976607414       -0.22572549624497
C            0.53027049226937       -1.69900414899989       -0.12534588091478
C            1.71374233586662       -0.99960086203201       -0.02306718807219
C            1.70070311987612        0.39712532049905       -0.02225981974373
C            0.47833596516997        1.04985071215906       -0.08983209161755
N            2.87297887773203        1.11618195917326        0.10383288391089
H           -3.26827512643314       -0.35508886217683        0.27495212870705
H           -3.19947764046657        0.11840520961649       -1.46612795952320
H           -3.83400165004389        1.27340543431808       -0.23912257003517
H           -1.59123317539721       -1.63352478340930       -0.32674432594121
H            0.55506351567068       -2.78012136953789       -0.13661674739978
H            2.65247968883584       -1.52602497600481        0.05659106873814
H            0.42131156889401        2.12893858926074       -0.07187143701578
H            2.83149691706537        2.07666302807846       -0.19366920389484
H            3.72050063564804        0.62758114849665       -0.12826630407176
18
 energy: -26.549259157812 gnorm: 0.006382868421 xtb: 6.7.1 (edcfbbe)
C           -3.09150017847828        0.48493326367020       -0.42985837160913
O           -1.84728043145824        1.10911318930561       -0.22006602290182
C           -0.72037470551457        0.33726387263257       -0.17431477439261
C           -0.69073849288249       -1.05214170984089       -0.21280671785376
C            0.53123913486039       -1.70090865211312       -0.12439754876118
C            1.71381729436761       -1.00056958151094       -0.02789461356010
C            1.69656602837626        0.39604816747807       -0.02144141398828
C            0.47406642180926        1.04876585844481       -0.08275070091757
N            2.86738823063955        1.11617719756823        0.10156050925454
H           -3.26375563937057       -0.35384585735688        0.25521839280235
H           -3.18043532381254        0.13575785425908       -1.46297109260732
H           -3.83704521914730        1.26168814405795       -0.24981560824961
H           -1.59056919530978       -1.63514267022137       -0.30819749555652
H            0.55439815632669       -2.78112639369867       -0.13835782846368
H            2.65473558379458       -1.52345031093696        0.04158370950335
H            0.42373220441732        2.12677255653001       -0.06650614121500
H            2.82822668284206        2.07763077468915       -0.19430273308358
H            3.71507047242657        0.62987528624260       -0.13746165289226
18
 energy: -26.549533756248 gnorm: 0.005667788694 xtb: 6.7.1 (edcfbbe)
C           -3.08947936171009        0.48243641087589       -0.41765936251542
O           -1.84565843903039        1.11408461990475       -0.25416639157002
C           -0.71995364011999        0.34398372343870       -0.19163067971244
C           -0.69212734736285       -1.04548658928217       -0.22273536374490
C            0.52879330278390       -1.69830924122242       -0.12962067180597
C            1.71174803743446       -1.00126356729626       -0.02824321123549
C            1.69463522585175        0.39633098289156       -0.02224220249221
C            0.47226743513064        1.05305755302566       -0.09475567990253
N            2.86709305144045        1.11421427997191        0.11259129637124
H           -3.25246933078819       -0.31752481220593        0.31484770108196
H           -3.19159758371543        0.07330332917821       -1.43263266069946
H           -3.83614576877994        1.25974709917447       -0.27373712590721
H           -1.59216761141470       -1.62740369161543       -0.32571892485600
H            0.54700309473947       -2.77855686678036       -0.14372411190179
H            2.65289856000257       -1.52475341400918        0.04440628367419
H            0.43030426772977        2.13110558151187       -0.07965605046423
H            2.83590634386818        2.07483044163821       -0.18748946173576
H            3.71649078782691        0.62704514999997       -0.12061348707614
18
 energy: -26.549675037923 gnorm: 0.012312922510 xtb: 6.7.1 (edcfbbe)
C           -3.08731463043127        0.47414539625534       -0.39831991760160
O           -1.84311476796672        1.12160787327628       -0.31188734749463
C           -0.71830319676020        0.35285455300774       -0.22012790873088
C           -0.69418193008471       -1.03682561236767       -0.23983881922564
C            0.52389720924025       -1.69496172151280       -0.14009759202095
C            1.70798161362779       -1.00117107521229       -0.03066308786701
C            1.69200952255358        0.39649554780326       -0.02261859661389
C            0.47281600669342        1.05831567912870       -0.10853658892904
N            2.86426911051176        1.11205864968498        0.13098096892727
H           -3.23790950656916       -0.25577276171888        0.41259617584892
H           -3.19850998589496       -0.03904655299462       -1.37492906540957
H           -3.83296774540270        1.27154849366687       -0.32156572769806
H           -1.59558276525991       -1.61503498766281       -0.34895688490388
H            0.53666701418954       -2.77465677897385       -0.15126863649814
H            2.64956591462472       -1.52491277655260        0.04436717847984
H            0.44017148268833        2.13598416042604       -0.10090335589733
H            2.84338276332051        2.07176456225865       -0.17320203720022
H            3.71466491480622        0.62444834068705       -0.09780886165733
18
 energy: -26.549838583764 gnorm: 0.006213537349 xtb: 6.7.1 (edcfbbe)
C           -3.08784247247722        0.47431603513503       -0.40055159895681
O           -1.84414971719025        1.11883370798688       -0.30471862184841
C           -0.71729618312470        0.35304778481512       -0.22095854478870
C           -0.69381728158757       -1.03674416291410       -0.23794765744799
C            0.52327095449351       -1.69546825189959       -0.13917172805173
C            1.70810562364817       -1.00101999561826       -0.03305042879986
C            1.69276181673502        0.39641156440599       -0.02562440992968
C            0.47367242108524        1.05956076866096       -0.11375475944248
N            2.86528482936267        1.11104990439195        0.13449159552396
H           -3.23697680448956       -0.25691995150384        0.39928087981469
H           -3.19704909367803       -0.02636260044676       -1.37361222002226
H           -3.83715115791158        1.26038428823621       -0.31592786300435
H           -1.59760962155482       -1.61373072871660       -0.33953421995296
H            0.53614161338966       -2.77528573441731       -0.14769840193023
H            2.65048056962936       -1.52507130894203        0.03944088675837
H            0.43973076574258        2.13758643416790       -0.10815229303890
H            2.84473275234126        2.07172657597456       -0.16639365764177
H            3.71525200947276        0.62452665988328       -0.09889706173303
18
 energy: -26.549929144981 gnorm: 0.002522929497 xtb: 6.7.1 (edcfbbe)
C           -3.08859162676890        0.47380370502984       -0.40094477924933
O           -1.84426150205261        1.11865067395518       -0.30510194929601
C           -0.71644285058300        0.35261486440725       -0.22249926756835
C           -0.69343160132078       -1.03730931331053       -0.24151169519711
C            0.52310723591302       -1.69500659574637       -0.14150891205851
C            1.70802981366292       -0.99998319696252       -0.03576310034023
C            1.69437658556404        0.39698934653970       -0.02821525839215
C            0.47621765343375        1.05978650395755       -0.11847684633887
N            2.86609142782336        1.11028811392561        0.13744399307713
H           -3.24161430562151       -0.24182998838878        0.41245729496752
H           -3.19767583858653       -0.04315819431914       -1.36275646929871
H           -3.83752475575744        1.26152233841854       -0.33066699975755
H           -1.59841894218973       -1.61443543593591       -0.33801609919720
H            0.53691577615194       -2.77512346311542       -0.15191168937765
H            2.64925973328643       -1.52458155402285        0.03941428071771
H            0.44012175027635        2.13816637517839       -0.10960274308833
H            2.84490041748105        2.07263097944257       -0.15889397086967
H            3.71648205317413        0.62381583014631       -0.09622589322482
18
 energy: -26.550017434949 gnorm: 0.002405950800 xtb: 6.7.1 (edcfbbe)
C           -3.08896040800928        0.47246282837248       -0.39918433760486
O           -1.84436329883438        1.11897045413828       -0.30609840870016
C           -0.71532763161144        0.35241899745285       -0.22669875738345
C           -0.69349285446854       -1.03749792919614       -0.24694378983175
C            0.52267562246307       -1.69437537757971       -0.14789816161075
C            1.70761459738066       -0.99891863043853       -0.04131673497901
C            1.69610510764664        0.39772810719493       -0.03055123823970
C            0.47899735764695        1.06017516777838       -0.12544959058911
N            2.86720609049422        1.10870470152709        0.14317490039941
H           -3.25176751237152       -0.21196833325663        0.44138942156976
H           -3.19038360519795       -0.07843765848891       -1.34044702638638
H           -3.83695443492289        1.26474578423634       -0.36380723813458
H           -1.60058125002840       -1.61376374402610       -0.33553410465978
H            0.53819653583914       -2.77479983180864       -0.15991598062630
H            2.64735929748150       -1.52489257716844        0.03666387201882
H            0.43885252616656        2.13884778854246       -0.11417779131113
H            2.84446421794568        2.07428507814837       -0.14327593454843
H            3.71790066626646        0.62315616377131       -0.09270920387475
18
 energy: -26.550050459713 gnorm: 0.002473652460 xtb: 6.7.1 (edcfbbe)
C           -3.08845375792540        0.47194952617620       -0.39662093022367
O           -1.84413280440766        1.11953933255830       -0.30686735557305
C           -0.71501681204729        0.35270568348298       -0.22892421564301
C           -0.69399041162582       -1.03711220071788       -0.24860984926667
C            0.52231295011025       -1.69425163975076       -0.15164787421671
C            1.70721621909229       -0.99895299370941       -0.04420272297444
C            1.69623665298659        0.39783184393901       -0.03150171197742
C            0.47931418228409        1.06037200813436       -0.12821209979423
N            2.86733913702986        1.10780044239229        0.14605797313252
H           -3.25820283372490       -0.19435883918848        0.45760143729809
H           -3.18250861203048       -0.09936740035263       -1.32629604032196
H           -3.83593830969095        1.26580513785645       -0.38428414422553
H           -1.60174509956606       -1.61241939632345       -0.33531092931504
H            0.53849132053715       -2.77462959295405       -0.16477231994230
H            2.64667317226556       -1.52561777750270        0.03383935795832
H            0.43767767292643        2.13896877310805       -0.11783374467493
H            2.84402043670503        2.07511173485606       -0.13421037928772
H            3.71824792096782        0.62346634719506       -0.09098455544438
18
 energy: -26.550071682198 gnorm: 0.001139703915 xtb: 6.7.1 (edcfbbe)
C           -3.08768071757730        0.47177414561687       -0.39420869946110
O           -1.84384422560899        1.12007368511394       -0.30748114027805
C           -0.71506645997910        0.35314243764469       -0.22975398852688
C           -0.69458661396292       -1.03660054449469       -0.24859177104036
C            0.52200388644612       -1.69431958886050       -0.15435707850158
C            1.70689619781938       -0.99938258522742       -0.04630288226676
C            1.69576564312259        0.39763102558337       -0.03190144234977
C            0.47876749922012        1.06049316777781       -0.12870312855521
N            2.86701482327604        1.10714062115390        0.14751114222953
H           -3.26341387354148       -0.18102366680179        0.46819352924654
H           -3.17485286757214       -0.11429580608900       -1.31543865915379
H           -3.83468402939209        1.26541896280149       -0.40049686709619
H           -1.60241144418790       -1.61125555296788       -0.33499731646425
H            0.53814797821929       -2.77453923884570       -0.16836889721375
H            2.64659463443178       -1.52625466552059        0.03024371185975
H            0.43713198194658        2.13893218770532       -0.11989193948358
H            2.84353624358569        2.07564004056462       -0.12788989375312
H            3.71822236764081        0.62426636404498       -0.09034478368358
18
 energy: -26.550083340747 gnorm: 0.000671250394 xtb: 6.7.1 (edcfbbe)
C           -3.08701339455296        0.47157985127841       -0.39273282148461
O           -1.84368660608445        1.12046027978247       -0.30834382986372
C           -0.71538605219074        0.35363250810270       -0.22867353305825
C           -0.69515487237191       -1.03611213166435       -0.24715019246321
C            0.52172024668940       -1.69442137111989       -0.15654455409029
C            1.70677423664796       -0.99994111221608       -0.04902290656899
C            1.69515809498611        0.39720222135204       -0.03201827932349
C            0.47802806652368        1.06057186049678       -0.12684710614169
N            2.86648871059726        1.10648630074786        0.14798384655435
H           -3.26955425914074       -0.16657025786817        0.47820117222672
H           -3.16675610097790       -0.12951201748342       -1.30531596928929
H           -3.83326595100144        1.26462598023423       -0.41933457128210
H           -1.60280802037775       -1.61068731218952       -0.33296211972065
H            0.53720998290514       -2.77449786765105       -0.17233296070976
H            2.64703806544012       -1.52657427957116        0.02406410645809
H            0.43764903409965        2.13891291778582       -0.11824934015907
H            2.84294493590911        2.07621406541063       -0.12239050973970
H            3.71815490678594        0.62547135377210       -0.09111053583647
18
 energy: -26.550086535966 gnorm: 0.000346682672 xtb: 6.7.1 (edcfbbe)
C           -3.08720626787264        0.47155144450472       -0.39359599960616
O           -1.84383480984798        1.12039286920491       -0.30836312600470
C           -0.71553043877269        0.35368663259773       -0.22710851664077
C           -0.69509398252805       -1.03609523224052       -0.24595935192394
C            0.52179653311817       -1.69440278329163       -0.15685151715513
C            1.70706108366756       -1.00002405401039       -0.05067719293510
C            1.69523803058860        0.39701929559472       -0.03176528600548
C            0.47803746399883        1.06051419546418       -0.12469002052072
N            2.86649751269389        1.10632113021024        0.14757221985637
H           -3.27248690505117       -0.16194100872726        0.48014916953295
H           -3.16487178521657       -0.13398318425912       -1.30318392739344
H           -3.83305279510117        1.26460210157277       -0.42653161807438
H           -1.60278344985899       -1.61103478052530       -0.33022609885935
H            0.53686778743907       -2.77451671541261       -0.17339541005644
H            2.64753081241013       -1.52643901007311        0.02027387083512
H            0.43838528200386        2.13891168597395       -0.11427337092577
H            2.84275431211533        2.07641938031484       -0.12152435856021
H            3.71823264010032        0.62585902230126       -0.09262957005502
18
 energy: -26.550088027553 gnorm: 0.000121566464 xtb: 6.7.1 (edcfbbe)
C           -3.08743840595789        0.47159931039923       -0.39475681442193
O           -1.84400869804400        1.12027687071019       -0.30748124305122
C           -0.71568546705324        0.35363637637864       -0.22514174711379
C           -0.69502674095536       -1.03615522159014       -0.24439544946503
C            0.52191855466702       -1.69441041525554       -0.15681138500652
C            1.70737227871599       -1.00004436609893       -0.05221763328736
C            1.69536796798677        0.39691650879492       -0.03163190617325
C            0.47799693269379        1.06039448456106       -0.12245741274545
N            2.86660570121857        1.10629565739626        0.14706693745699
H           -3.27540119944668       -0.15911419248055        0.48042898378747
H           -3.16291081411796       -0.13669362811623       -1.30242160967135
H           -3.83283963061538        1.26490787642170       -0.43198251217297
H           -1.60277597137880       -1.61128760930448       -0.32740978857118
H            0.53684818841456       -2.77455236522430       -0.17408095865239
H            2.64800702074855       -1.52637274305480        0.01655702346923
H            0.43867229106303        2.13882053218496       -0.11019760087181
H            2.84262228128988        2.07653875619581       -0.12155890037315
H            3.71821673465763        0.62608515728159       -0.09428808762845
18
 energy: -26.550088593716 gnorm: 0.000133885984 xtb: 6.7.1 (edcfbbe)
C           -3.08745812302912        0.47158359482144       -0.39541317038531
O           -1.84409783658660        1.12021796412097       -0.30602533993268
C           -0.71576425923301        0.35358455463141       -0.22371904411148
C           -0.69504804788904       -1.03621760848263       -0.24331206645209
C            0.52198255320364       -1.69441898034470       -0.15699914851689
C            1.70751019488289       -1.00001659809843       -0.05322899883501
C            1.69541745246889        0.39690209904282       -0.03144275832776
C            0.47793760550654        1.06033925846328       -0.12095038315624
N            2.86672294538488        1.10630021279825        0.14678666191626
H           -3.27776287165045       -0.15754616262750        0.48051111669108
H           -3.16086750514310       -0.13817399477729       -1.30217547645496
H           -3.83255223497932        1.26507081279828       -0.43581591148687
H           -1.60290519391516       -1.61137443438941       -0.32534505168380
H            0.53696059211992       -2.77455941515582       -0.17460785513937
H            2.64823225592600       -1.52635645015583        0.01406769587844
H            0.43860267969606        2.13876298064828       -0.10784307929766
H            2.84251452492640        2.07659671537568       -0.12170634838691
H            3.71811629219706        0.62614644053058       -0.09556094681089
18
 energy: -26.550088974457 gnorm: 0.000108366890 xtb: 6.7.1 (edcfbbe)
C           -3.08741874674541        0.47162768247168       -0.39598198901372
O           -1.84422041593167        1.12019663056758       -0.30373434520470
C           -0.71587445732488        0.35353221205338       -0.22192557821436
C           -0.69514628689399       -1.03626778977661       -0.24192983917373
C            0.52200235810599       -1.69442537131465       -0.15708081961161
C            1.70759691902272       -0.99998188362676       -0.05421812315114
C            1.69545189601758        0.39690751825196       -0.03144443791039
C            0.47784756188945        1.06030298544004       -0.11954696353436
N            2.86688312801991        1.10627688602166        0.14644701507383
H           -3.28050411158704       -0.15617760990248        0.48026693393635
H           -3.15806687765115       -0.13956152635999       -1.30201284372179
H           -3.83225077550832        1.26517244466827       -0.43988788252974
H           -1.60308101342661       -1.61137231300312       -0.32327421205585
H            0.53713404294806       -2.77455270557316       -0.17547540565512
H            2.64840525438858       -1.52636177042770        0.01163224651936
H            0.43835117389387        2.13871001841596       -0.10575129964354
H            2.84243078551112        2.07663831852019       -0.12184522999695
H            3.71800058915827        0.62617726277315       -0.09701733060467
18
 energy: -26.550089141143 gnorm: 0.000075036483 xtb: 6.7.1 (edcfbbe)
C           -3.08733099847067        0.47162765011616       -0.39624206871376
O           -1.84430031213576        1.12018745440841       -0.30198407560088
C           -0.71592199366255        0.35349983307854       -0.22094821051410
C           -0.69520761310972       -1.03629229474945       -0.24128137145480
C            0.52201707904359       -1.69442999880094       -0.15725700819276
C            1.70761332908857       -0.99996317544802       -0.05461521046719
C            1.69544622959181        0.39692483081597       -0.03134074728522
C            0.47779534925485        1.06029968614487       -0.11883686162457
N            2.86699595712495        1.10625489212074        0.14619182957302
H           -3.28200531515994       -0.15611195901894        0.47970458039095
H           -3.15642248898055       -0.13955729033329       -1.30238226843163
H           -3.83202906332012        1.26515474633127       -0.44153582848333
H           -1.60319491960276       -1.61136836439974       -0.32217312992294
H            0.53722079969032       -2.77454328830346       -0.17575627443044
H            2.64845872418895       -1.52636125571608        0.01064811203695
H            0.43814668275931        2.13869268148047       -0.10491921712872
H            2.84234894723104        2.07664364689640       -0.12200375696680
H            3.71791063035517        0.62618319457649       -0.09804859727593
18
 energy: -26.550089264999 gnorm: 0.000039808231 xtb: 6.7.1 (edcfbbe)
C           -3.08726836862678        0.47164846844329       -0.39640956540440
O           -1.84437844327316        1.12018607648555       -0.30050294480054
C           -0.71596270095276        0.35347865861855       -0.22022715724184
C           -0.69526433497094       -1.03630098287773       -0.24079871741659
C            0.52199989512763       -1.69443670464060       -0.15713124765212
C            1.70759766685561       -0.99995990192655       -0.05466592241692
C            1.69544214865017        0.39693615639651       -0.03137799406039
C            0.47776760125473        1.06030122259835       -0.11849891480445
N            2.86708593679424        1.10623160122875        0.14588544549146
H           -3.28281509057758       -0.15681910424967        0.47882839565985
H           -3.15535834952252       -0.13886773654364       -1.30313706661981
H           -3.83194990922860        1.26517180302701       -0.44186358029195
H           -1.60324903773367       -1.61135799885765       -0.32166570562010
H            0.53726132575713       -2.77454200542271       -0.17593806501986
H            2.64846578948574       -1.52635602028427        0.01037309490896
H            0.43800333122286        2.13868497805773       -0.10455505797553
H            2.84229740186539        2.07664465967129       -0.12221873330341
H            3.71786616175900        0.62619781947517       -0.09887636792452
18
 energy: -26.550089348592 gnorm: 0.000045197808 xtb: 6.7.1 (edcfbbe)
C           -3.08723045539643        0.47166521787126       -0.39658684337754
O           -1.84444598990538        1.12018429076538       -0.29939723572345
C           -0.71599144707649        0.35347283975544       -0.21972647960233
C           -0.69529060834834       -1.03629630850255       -0.24050445167389
C            0.52199670505118       -1.69444302966972       -0.15705296315793
C            1.70759532673608       -0.99997512101480       -0.05463433583680
C            1.69544408872704        0.39693149297616       -0.03137781428617
C            0.47775727141781        1.06030009551095       -0.11826109350456
N            2.86715506336121        1.10621042490375        0.14556215681224
H           -3.28313425862647       -0.15793874115894        0.47774679465115
H           -3.15484969713306       -0.13774478614676       -1.30411551986179
H           -3.83196346705504        1.26516598629520       -0.44137129339027
H           -1.60327329120461       -1.61135719934556       -0.32133831084219
H            0.53723577556051       -2.77454550018634       -0.17576897818670
H            2.64847459983659       -1.52635692712013        0.01040136559740
H            0.43796835767308        2.13868106932257       -0.10432285447720
H            2.84224115848545        2.07664931340268       -0.12243500056528
H            3.71785189178336        0.62623787154078       -0.09959724706687
