12
 energy: -14.557996507273 gnorm: 0.021154112680 xtb: 6.7.1 (edcfbbe)
C           -1.95970321731183        0.14757587877008       -0.00563206822600
C           -0.58922801923117       -0.52732098255867        0.02539554746627
C            0.54486239634473        0.48778995451188       -0.02685503318017
O            1.83988584661776       -0.11293338968553        0.05933579590895
H           -2.08628020864295        0.74490370015934       -0.91480825377552
H           -2.76594976302342       -0.59015911919765        0.02373460670840
H           -2.08704743464228        0.81581912185567        0.85244320260938
H           -0.49642247320150       -1.21597490784913       -0.82605869718907
H           -0.47876255970237       -1.12997339161382        0.93421017973535
H            0.45796529296606        1.10304687735818       -0.93780738355188
H            0.48062082033525        1.16577458376817        0.83149099872578
H            1.93255440600479       -0.71623909695407       -0.68617491988929
12
 energy: -14.558516482155 gnorm: 0.008750057662 xtb: 6.7.1 (edcfbbe)
C           -1.95398622640368        0.14662284841938       -0.00488505174444
C           -0.59097987657275       -0.52899692627721        0.02364799549025
C            0.53949160141060        0.49432708380442       -0.02455595761552
O            1.82095315653559       -0.10559810779335        0.05686513672340
H           -2.06999722060241        0.73868873206856       -0.91249091521699
H           -2.74925724332167       -0.59624814370707        0.02363742925913
H           -2.07232156871365        0.80919653760841        0.85185474470318
H           -0.50236510377466       -1.21077267834516       -0.82992418561928
H           -0.48979868041674       -1.12521713726506        0.93432579591220
H            0.46418116541607        1.09832708728249       -0.94137944636851
H            0.48294084962568        1.16771664901177        0.83522622704710
H            1.91363423333068       -0.71573671624273       -0.68304779722832
12
 energy: -14.558581763746 gnorm: 0.002843390939 xtb: 6.7.1 (edcfbbe)
C           -1.95598134729692        0.14665739960152       -0.00459995760131
C           -0.59207566035380       -0.52791594148296        0.02310777536327
C            0.54225714983567        0.49380079821294       -0.02538558952653
O            1.81900669937450       -0.10129826024591        0.05501595146891
H           -2.07042849658135        0.73807031643599       -0.91019680119247
H           -2.74848520566568       -0.59658959021766        0.02380005281785
H           -2.07136123869454        0.80668384498261        0.85140611755816
H           -0.50108767715024       -1.20527466336822       -0.83144692388358
H           -0.48933667426630       -1.12262669504318        0.93290338724322
H            0.46263114440202        1.09619181246298       -0.94204003728959
H            0.48383926486082        1.16453993457490        0.83455349710211
H            1.91351712804885       -0.71992972734856       -0.67784349671783
12
 energy: -14.558592774106 gnorm: 0.000886607753 xtb: 6.7.1 (edcfbbe)
C           -1.95594749725042        0.14714258059001       -0.00437637021330
C           -0.59166003864495       -0.52851473228167        0.02234456490994
C            0.54363260366063        0.49432277424041       -0.02616467430141
O            1.81852504860086       -0.09942679536259        0.05406446489441
H           -2.07092718278713        0.73887594265853       -0.90962436261404
H           -2.74800336340845       -0.59645539738256        0.02397948128515
H           -2.07083159484814        0.80639030471327        0.85220207059783
H           -0.50041985342317       -1.20477630744124       -0.83278071249938
H           -0.48809138875296       -1.12359059461192        0.93162622088749
H            0.45958693061722        1.09783964860392       -0.94217800911777
H            0.48312639483904        1.16486326920960        0.83379950296908
H            1.91350502791052       -0.72436146437132       -0.67361820145581
12
 energy: -14.558595015005 gnorm: 0.000701615213 xtb: 6.7.1 (edcfbbe)
C           -1.95586732154121        0.14697133887786       -0.00407155938180
C           -0.59118329963372       -0.52863068788689        0.02154956105181
C            0.54471804749352        0.49481371491295       -0.02685397347664
O            1.81943883818948       -0.09734473160074        0.05287078282386
H           -2.07140136346623        0.73960416220858       -0.90915723449200
H           -2.74858160959088       -0.59653272800190        0.02412445019374
H           -2.07047568009571        0.80593299384330        0.85332523979216
H           -0.50043546750851       -1.20443924701066       -0.83423931881184
H           -0.48720691466863       -1.12470471118070        0.93034621367503
H            0.45763225767266        1.09970988225910       -0.94248538716441
H            0.48251353318946        1.16580331291730        0.83317028371162
H            1.91334406647281       -0.72887407077375       -0.66930508257934
12
 energy: -14.558595725971 gnorm: 0.000264562346 xtb: 6.7.1 (edcfbbe)
C           -1.95548321686701        0.14690965329100       -0.00397806206713
C           -0.59100374955415       -0.52856137323552        0.02134702952672
C            0.54422922124057        0.49505382356224       -0.02698280732028
O            1.81937943324734       -0.09691656254511        0.05271145782114
H           -2.07137821029667        0.73979801147725       -0.90885978530158
H           -2.74814254187291       -0.59663502518375        0.02410971327324
H           -2.07035368398632        0.80570333231079        0.85352579029377
H           -0.50020686288818       -1.20426526043245       -0.83460825454926
H           -0.48683033989105       -1.12487967820773        0.93003305516504
H            0.45792483302804        1.09979882372747       -0.94277882279235
H            0.48223188365450        1.16601513889167        0.83310878444923
H            1.91212832069888       -0.72971165509140       -0.66835412315635
12
 energy: -14.558596084774 gnorm: 0.000131344515 xtb: 6.7.1 (edcfbbe)
C           -1.95537803299329        0.14664482655089       -0.00376363952356
C           -0.59072005387612       -0.52810512520846        0.02080951495678
C            0.54405150932564        0.49559382497780       -0.02732009798255
O            1.81953076302933       -0.09609811205720        0.05245979244100
H           -2.07159878026265        0.74001106518305       -0.90821540348771
H           -2.74779533889852       -0.59711014000391        0.02409631052591
H           -2.07016517330778        0.80489355947126        0.85408931298717
H           -0.50000953989018       -1.20342006309439       -0.83545791474907
H           -0.48616567362293       -1.12483132324911        0.92918103273489
H            0.45823472802654        1.10013962533593       -0.94321805440239
H            0.48208957557139        1.16652073859959        0.83272081324689
H            1.91042110341160       -0.73192964794099       -0.66610769140516
12
 energy: -14.558596142330 gnorm: 0.000051189040 xtb: 6.7.1 (edcfbbe)
C           -1.95534103772009        0.14666367571007       -0.00362902095984
C           -0.59054303887355       -0.52804628462521        0.02054682108768
C            0.54404140751905        0.49588916807876       -0.02756757037508
O            1.81952280166355       -0.09580924369698        0.05245437573256
H           -2.07186296938890        0.74031904001875       -0.90786054592147
H           -2.74751916112896       -0.59733087323006        0.02405976203575
H           -2.07019852550533        0.80454357030930        0.85450136707241
H           -0.49984266035452       -1.20308540152584       -0.83594591661358
H           -0.48571938461477       -1.12499883967619        0.92875946137401
H            0.45829872952278        1.10035133112455       -0.94353295998403
H            0.48189147862587        1.16688616959554        0.83239785145500
H            1.90976744676790       -0.73307308351825       -0.66490964956120
