17
 energy: -27.186174950928 gnorm: 0.021589666638 xtb: 6.7.1 (edcfbbe)
C           -3.17537065489173       -0.31327344900306        0.00002108341988
O           -2.08066921910255        0.59724446211950       -0.00002577200789
C           -0.82226146504778        0.07100165002495       -0.00000163579156
C           -0.54069038759749       -1.29863155095729        0.00004109673797
C            0.79156468651243       -1.70525949192568        0.00005042348800
C            1.83271026641908       -0.78820066381267        0.00002277137276
C            1.52762828119717        0.57637167220083       -0.00001257154331
C            0.21000783500807        1.01007247755068       -0.00002576598286
O            2.49839059655253        1.54108047162153       -0.00003667916554
H           -4.07462209147608        0.30410466976146       -0.00005172209046
H           -3.16844880183067       -0.94635375688537        0.89673971332652
H           -3.16840731700592       -0.94650092431865       -0.89659253432766
H           -1.32846848434646       -2.03978081133094        0.00006676781465
H            1.01894044554621       -2.76654624956594        0.00007946031657
H            2.86601931802587       -1.12307223966456        0.00002881071226
H           -0.02004260487401        2.06873873998588       -0.00005443487316
H            3.36163219042409        1.11304458060316       -0.00001198244534
17
 energy: -27.186864620206 gnorm: 0.009132139725 xtb: 6.7.1 (edcfbbe)
C           -3.17853536761317       -0.31024960349605        0.00002010499396
O           -2.08467601312833        0.58602328246468       -0.00002225384935
C           -0.82492670222968        0.06495498266529       -0.00000057937795
C           -0.53064169276180       -1.29627591758299        0.00004198487445
C            0.79486131808047       -1.69999563419549        0.00005099003525
C            1.82786757151563       -0.78281456387386        0.00002323015713
C            1.52607979626003        0.57628388637449       -0.00001300078992
C            0.20715724455602        1.00012883986384       -0.00002602305000
O            2.49881676157900        1.53391977028613       -0.00003691866266
H           -4.07061545020679        0.31386660302032       -0.00004424337627
H           -3.17434088633603       -0.94038565515848        0.89505889606127
H           -3.17430677414062       -0.94051786504463       -0.89492487643049
H           -1.31046802380100       -2.03989254780801        0.00006850853389
H            1.02328798675072       -2.75709168577150        0.00008078844768
H            2.85773393302700       -1.11435892153300        0.00003070428138
H           -0.02323596898127        2.05291447164001       -0.00005556865495
H            3.36385486094258        1.10753014455311       -0.00001471423260
17
 energy: -27.186946727670 gnorm: 0.003329884594 xtb: 6.7.1 (edcfbbe)
C           -3.17860748847503       -0.30783834605847        0.00001913818284
O           -2.08622380169286        0.58144426314852       -0.00001923737231
C           -0.82671058138054        0.06244154908615        0.00000057247952
C           -0.52652310502273       -1.29608572969885        0.00004306620870
C            0.79703026380726       -1.69966534634948        0.00005258862817
C            1.82673012153508       -0.78044706194305        0.00002450553314
C            1.52641639234463        0.57769509451301       -0.00001301673835
C            0.20591194403533        0.99592579731211       -0.00002602427552
O            2.49936046755935        1.53114726463734       -0.00003795222637
H           -4.06765683899987        0.31991826807353       -0.00003576499471
H           -3.18041864244216       -0.93876570692815        0.89388764516137
H           -3.18039163451696       -0.93888109541082       -0.89376761623479
H           -1.30400542421686       -2.04158041121487        0.00006919873932
H            1.02620863087844       -2.75506204098502        0.00008276865315
H            2.85625880516574       -1.10985680628757        0.00003242372219
H           -0.02517570787097        2.04709179475276       -0.00005665467359
H            3.36570919280490        1.10655809975672       -0.00001861183195
17
 energy: -27.186955406994 gnorm: 0.001102162338 xtb: 6.7.1 (edcfbbe)
C           -3.17852474074115       -0.30641877051106        0.00001837196731
O           -2.08616348062724        0.58033715281022       -0.00001708926431
C           -0.82703703910245        0.06159826994850        0.00000150768362
C           -0.52570760287999       -1.29684514059082        0.00004390247943
C            0.79803045261047       -1.70055730755457        0.00005382199767
C            1.82703174805100       -0.78014870492386        0.00002547572036
C            1.52693072230829        0.57848112031612       -0.00001312817315
C            0.20575604727963        0.99499540551393       -0.00002599168676
O            2.49935306894412        1.53091506872544       -0.00003909513460
H           -4.06723626384033        0.32240680271292       -0.00002915204505
H           -3.18326506097321       -0.93852869130820        0.89357746809464
H           -3.18324332304179       -0.93863089792646       -0.89346823455484
H           -1.30320217162055       -2.04297888586662        0.00006960999304
H            1.02774280556994       -2.75568384633983        0.00008464069035
H            2.85712290686882       -1.10873639427138        0.00003381768675
H           -0.02597549270495        2.04638466595020       -0.00005722755343
H            3.36630001741215        1.10744973971932       -0.00002166894022
17
 energy: -27.186956601416 gnorm: 0.000542923009 xtb: 6.7.1 (edcfbbe)
C           -3.17841971283186       -0.30523867471750        0.00001727263784
O           -2.08567705913384        0.57980044843117       -0.00001435817764
C           -0.82690497995954        0.06089071327530        0.00000276008921
C           -0.52554580078361       -1.29782114465051        0.00004510573941
C            0.79870059206706       -1.70143238455921        0.00005570664376
C            1.82739232549282       -0.78032560306615        0.00002688048683
C            1.52733258803153        0.57891498673934       -0.00001322834783
C            0.20582950915160        0.99457332340165       -0.00002582680869
O            2.49905574238582        1.53115289341071       -0.00004095667855
H           -4.06722895594630        0.32411436285045       -0.00001987378878
H           -3.18508242675022       -0.93834005120191        0.89351701266794
H           -3.18506803851101       -0.93842400335993       -0.89342286491793
H           -1.30344008641367       -2.04410683687315        0.00007011818667
H            1.02900906071098       -2.75653000235165        0.00008726380455
H            2.85809124138507       -1.10833250076452        0.00003567454594
H           -0.02664597478444        2.04633407624083       -0.00005771491429
H            3.36651456940236        1.10880998359893       -0.00002594220764
17
 energy: -27.186956844932 gnorm: 0.000067442214 xtb: 6.7.1 (edcfbbe)
C           -3.17842226516637       -0.30546277529318        0.00001707551997
O           -2.08566834592001        0.57994469580126       -0.00001402571735
C           -0.82681346741541        0.06092917477234        0.00000297228934
C           -0.52567751835042       -1.29773940986706        0.00004531452425
C            0.79852084682541       -1.70122588916970        0.00005601613995
C            1.82728164661186       -0.78038989984768        0.00002708936948
C            1.52721433659500        0.57872692608341       -0.00001324967261
C            0.20584971355003        0.99465466491427       -0.00002575093839
O            2.49900905341270        1.53117724211641       -0.00004133996622
H           -4.06720184848431        0.32375876814077       -0.00001820564162
H           -3.18454572678178       -0.93829285879572        0.89356948107448
H           -3.18453273676195       -0.93837369956833       -0.89347798128472
H           -1.30354486017976       -2.04384648315214        0.00007020933617
H            1.02879411248127       -2.75634914302395        0.00008777065182
H            2.85784786867451       -1.10849626796661        0.00003596960520
H           -0.02661741001826        2.04627653016147       -0.00005769519864
H            3.36641919444025        1.10874801109827       -0.00002662113030
17
 energy: -27.186956852581 gnorm: 0.000023082550 xtb: 6.7.1 (edcfbbe)
C           -3.17842449462453       -0.30541187115599        0.00001668802903
O           -2.08564701125302        0.57991606549009       -0.00001320552186
C           -0.82679175424828        0.06084369865941        0.00000336731779
C           -0.52566141888295       -1.29780396527881        0.00004572808952
C            0.79854712995557       -1.70123466630950        0.00005669774435
C            1.82727694614088       -0.78039582020076        0.00002756984727
C            1.52721646422890        0.57871806599457       -0.00001330033753
C            0.20584744397983        0.99460044148976       -0.00002568304207
O            2.49898680733277        1.53117563509524       -0.00004203481433
H           -4.06714469224428        0.32387501910374       -0.00001477266396
H           -3.18460147675091       -0.93823999067146        0.89355735986375
H           -3.18459136892027       -0.93831429796465       -0.89347128726722
H           -1.30352158739893       -2.04389386495254        0.00007040712005
H            1.02886608366203       -2.75634651500944        0.00008874753637
H            2.85784104231830       -1.10846140999798        0.00003660149563
H           -0.02673069986508        2.04617089668475       -0.00005784149533
H            3.36644518008273        1.10884216542743       -0.00002801294063
