12
 energy: -194.282355000482 gnorm: 0.004798704677 xtb: 6.7.1 (edcfbbe)
C            1.57209250011383       -0.48690696156167        0.06374198720096
C            0.56618920553657        0.65020053162667        0.19066978222690
O           -0.65043438745831        0.42396219142658       -0.51714026773513
C           -1.44828433904652       -0.60146266200685        0.05064755246823
H            1.23484063165851       -1.39521533674702        0.57376800050731
H            1.74762171675938       -0.72338434689735       -0.99141286492590
H            2.52502418283478       -0.18909870922268        0.51463513423360
H            0.98025815582607        1.56696755233702       -0.24299264768504
H            0.34551002279677        0.85033529491210        1.25386982147828
H           -1.00158146535684       -1.60334873254289       -0.07628912290586
H           -2.41006019596034       -0.57873415781462       -0.47298177565755
H           -1.62277531347265       -0.42598667879479        1.12942729062866
12
 energy: -194.282386324143 gnorm: 0.001017757105 xtb: 6.7.1 (edcfbbe)
C            1.57253872415030       -0.48665173229539        0.06371132002132
C            0.56595233063797        0.64958842287895        0.19056357059878
O           -0.65047937085426        0.42338232768029       -0.51696426865154
C           -1.44875637691244       -0.60097296029880        0.05062549901337
H            1.23536023399655       -1.39458478864800        0.57218184516606
H            1.74854349938255       -0.72223396901556       -0.99046377111690
H            2.52496833597492       -0.18986597950982        0.51510459852922
H            0.98003303848005        1.56604249502353       -0.24281104886588
H            0.34596830475927        0.84946456064369        1.25362986660342
H           -1.00364801955446       -1.59985022559295       -0.07463267418315
H           -2.40930625291183       -0.58112269911553       -0.47081059670245
H           -1.62277376312363       -0.42586746337696        1.12580849286990
12
 energy: -194.282387855983 gnorm: 0.000524932662 xtb: 6.7.1 (edcfbbe)
C            1.57253985256644       -0.48679945030642        0.06322735259517
C            0.56552498848669        0.64911467746146        0.19036536499495
O           -0.65026952561534        0.42251654354517       -0.51721405160097
C           -1.44856947153991       -0.60084132252246        0.05133360634434
H            1.23511069335850       -1.39522580379026        0.56991260450801
H            1.75006919455018       -0.72072570054667       -0.99066547565960
H            2.52409745533312       -0.19033183241099        0.51629740604911
H            0.97940389941204        1.56567848583428       -0.24258017290256
H            0.34589418221944        0.84856797946705        1.25350228205745
H           -1.00375314886329       -1.59861029979659       -0.07269918953237
H           -2.40836775180908       -0.58220202702917       -0.47021823852855
H           -1.62327974169175       -0.42381327812506        1.12468128130280
12
 energy: -194.282387855983 gnorm: 0.000524932662 xtb: 6.7.1 (edcfbbe)
C            1.57253985256644       -0.48679945030642        0.06322735259517
C            0.56552498848669        0.64911467746146        0.19036536499495
O           -0.65026952561534        0.42251654354517       -0.51721405160097
C           -1.44856947153991       -0.60084132252246        0.05133360634434
H            1.23511069335850       -1.39522580379026        0.56991260450801
H            1.75006919455018       -0.72072570054667       -0.99066547565960
H            2.52409745533312       -0.19033183241099        0.51629740604911
H            0.97940389941204        1.56567848583428       -0.24258017290256
H            0.34589418221944        0.84856797946705        1.25350228205745
H           -1.00375314886329       -1.59861029979659       -0.07269918953237
H           -2.40836775180908       -0.58220202702917       -0.47021823852855
H           -1.62327974169175       -0.42381327812506        1.12468128130280
