2025-04-15 19:34:09,927 -   censo.qm_processor   -   INFO   - worker1813840:Running sp calculation in /scratch/pawsey0265/mwang1/.automated/7061/0_PRESCREENING/CONF1/sp.
2025-04-15 19:34:09,928 -   censo.qm_processor   -   INFO   - worker1813841:Running sp calculation in /scratch/pawsey0265/mwang1/.automated/7061/0_PRESCREENING/CONF2/sp.
2025-04-15 19:34:09,928 -   censo.qm_processor   -   INFO   - worker1813843:Running sp calculation in /scratch/pawsey0265/mwang1/.automated/7061/0_PRESCREENING/CONF3/sp.
2025-04-15 19:34:27,532 -     censo.parallel     -   INFO   - All jobs executed successfully.
2025-04-15 19:34:27,641 -   censo.qm_processor   -   INFO   - worker1814012:Running sp calculation in /scratch/pawsey0265/mwang1/.automated/7061/1_SCREENING/CONF1/sp.
2025-04-15 19:34:27,642 -   censo.qm_processor   -   INFO   - worker1814013:Running sp calculation in /scratch/pawsey0265/mwang1/.automated/7061/1_SCREENING/CONF2/sp.
2025-04-15 19:34:27,642 -   censo.qm_processor   -   INFO   - worker1814014:Running sp calculation in /scratch/pawsey0265/mwang1/.automated/7061/1_SCREENING/CONF3/sp.
2025-04-15 19:35:02,985 -     censo.parallel     -   INFO   - All jobs executed successfully.
2025-04-15 19:35:03,009 -   censo.qm_processor   -   INFO   - worker1814517:Running xtb_opt calculation in /scratch/pawsey0265/mwang1/.automated/7061/2_OPTIMIZATION/CONF1/xtb_opt.
2025-04-15 19:35:03,009 -   censo.qm_processor   -   INFO   - worker1814518:Running xtb_opt calculation in /scratch/pawsey0265/mwang1/.automated/7061/2_OPTIMIZATION/CONF2/xtb_opt.
2025-04-15 19:35:03,010 -   censo.qm_processor   -   INFO   - worker1814519:Running xtb_opt calculation in /scratch/pawsey0265/mwang1/.automated/7061/2_OPTIMIZATION/CONF3/xtb_opt.
2025-04-15 19:42:46,859 -     censo.parallel     -   INFO   - All jobs executed successfully.
2025-04-15 19:42:47,033 -   censo.qm_processor   -   INFO   - worker1817884:Running xtb_rrho calculation in /scratch/pawsey0265/mwang1/.automated/7061/2_OPTIMIZATION/CONF1/xtb_rrho.
2025-04-15 19:42:47,033 -   censo.qm_processor   -   INFO   - worker1817885:Running xtb_rrho calculation in /scratch/pawsey0265/mwang1/.automated/7061/2_OPTIMIZATION/CONF2/xtb_rrho.
2025-04-15 19:42:47,034 -   censo.qm_processor   -   INFO   - worker1817886:Running xtb_rrho calculation in /scratch/pawsey0265/mwang1/.automated/7061/2_OPTIMIZATION/CONF3/xtb_rrho.
2025-04-15 19:42:51,820 -     censo.parallel     -   INFO   - All jobs executed successfully.
2025-04-15 19:42:51,821 -censo.ensembleopt.optimization-   INFO   - Threshold: 2.50 kcal/mol
2025-04-15 19:42:51,834 -   censo.qm_processor   -   INFO   - worker1817918:Running xtb_opt calculation in /scratch/pawsey0265/mwang1/.automated/7061/2_OPTIMIZATION/CONF2/xtb_opt.
2025-04-15 19:42:51,834 -   censo.qm_processor   -   INFO   - worker1817919:Running xtb_opt calculation in /scratch/pawsey0265/mwang1/.automated/7061/2_OPTIMIZATION/CONF3/xtb_opt.
2025-04-15 19:50:22,074 -     censo.parallel     -   INFO   - All jobs executed successfully.
2025-04-15 19:50:22,094 -censo.ensembleopt.optimization-   INFO   - Threshold: 2.50 kcal/mol
2025-04-15 19:50:22,107 -   censo.qm_processor   -   INFO   - worker1821216:Running xtb_opt calculation in /scratch/pawsey0265/mwang1/.automated/7061/2_OPTIMIZATION/CONF2/xtb_opt.
2025-04-15 19:50:22,107 -   censo.qm_processor   -   INFO   - worker1821217:Running xtb_opt calculation in /scratch/pawsey0265/mwang1/.automated/7061/2_OPTIMIZATION/CONF3/xtb_opt.
2025-04-15 19:55:31,483 -     censo.parallel     -   INFO   - All jobs executed successfully.
2025-04-15 19:55:31,526 -censo.ensembleopt.optimization-   INFO   - Threshold: 1.50 kcal/mol
2025-04-15 19:55:31,538 -   censo.qm_processor   -   INFO   - worker1823770:Running xtb_rrho calculation in /scratch/pawsey0265/mwang1/.automated/7061/2_OPTIMIZATION/CONF1/xtb_rrho.
2025-04-15 19:55:31,538 -   censo.qm_processor   -   INFO   - worker1823771:Running xtb_rrho calculation in /scratch/pawsey0265/mwang1/.automated/7061/2_OPTIMIZATION/CONF2/xtb_rrho.
2025-04-15 19:55:31,538 -   censo.qm_processor   -   INFO   - worker1823772:Running xtb_rrho calculation in /scratch/pawsey0265/mwang1/.automated/7061/2_OPTIMIZATION/CONF3/xtb_rrho.
2025-04-15 19:55:32,736 -     censo.parallel     -   INFO   - All jobs executed successfully.
