10
 energy: -284.281637631851 gnorm: 0.044202939124 xtb: 6.7.1 (edcfbbe)
C           -1.94397345106143       -0.05782066312562        0.00073715200033
C           -0.69055811690600        0.79290841965136       -0.00093529000041
N            0.53999131273928       -0.03090975711370       -0.00012257120005
O            0.42635676998893       -1.22964643634489       -0.00034587200015
O            1.58515143050242        0.57488339895475        0.00063442360028
H           -1.97375890027462       -0.69637563120858       -0.87827260678919
H           -1.97361990117456       -0.69318209560717        0.88206659789087
H           -2.82106106275009        0.58288595305829       -0.00034167270015
H           -0.63523946838149        1.43639510243650        0.88096828139038
H           -0.63587018788177        1.43359683413526       -0.88493652309214
10
 energy: -284.283238672891 gnorm: 0.015116877885 xtb: 6.7.1 (edcfbbe)
C           -1.95797146457159       -0.05891006908694        0.00073398754101
C           -0.70137621978375        0.78632518602537       -0.00091510676270
N            0.55725040136218       -0.03080891917865       -0.00007519773387
O            0.45861131581165       -1.24432293698789       -0.00034681979902
O            1.60398364472962        0.59589074365710        0.00057640326342
H           -1.99727268860982       -0.69929036057914       -0.88117580891545
H           -1.99706708995362       -0.69614401174495        0.88494425163933
H           -2.83020659696446        0.59781536883196       -0.00031358815391
H           -0.62897683868330        1.43250433479921        0.87889809099327
H           -0.62955586764283        1.42967562364381       -0.88287456654679
10
 energy: -284.283473939984 gnorm: 0.007385116728 xtb: 6.7.1 (edcfbbe)
C           -1.96107885959183       -0.06115382045555        0.00073274688946
C           -0.70914315660514        0.78639925817832       -0.00092431776737
N            0.56525967570980       -0.03192574449815       -0.00013814295972
O            0.47344667470424       -1.25007761717658       -0.00025114010897
O            1.61022771203448        0.60378645479287        0.00058529371721
H           -2.00921602243047       -0.70074015330537       -0.88298854070713
H           -2.00893238802182       -0.69768359940802        0.88668953508653
H           -2.82972824312816        0.60411092347320       -0.00025025124734
H           -0.62642697703288        1.43143004001895        0.87921997369484
H           -0.62698974465255        1.42858914952363       -0.88322362676410
10
 energy: -284.283508982761 gnorm: 0.004296904101 xtb: 6.7.1 (edcfbbe)
C           -1.96155301717373       -0.06060828173824        0.00072266386155
C           -0.71186340020028        0.78712097389318       -0.00091039566062
N            0.56868368245314       -0.03329607300159        0.00002981841655
O            0.47781746378065       -1.25105031223108       -0.00025813657569
O            1.61196396796732        0.60408457714707        0.00046061188491
H           -2.01117592347532       -0.69940396162655       -0.88334410420150
H           -2.01087090641429       -0.69640117899327        0.88698435712525
H           -2.83091631209563        0.60417972685904       -0.00023125903473
H           -0.62708029738785        1.43049784692364        0.87991402320791
H           -0.62758657321722        1.42761155997261       -0.88391607454730
10
 energy: -284.283520030324 gnorm: 0.000671822710 xtb: 6.7.1 (edcfbbe)
C           -1.96113633416708       -0.06010161618259        0.00071761500568
C           -0.71344308221530        0.78883081166797       -0.00096667090186
N            0.57012785252051       -0.03454713438003       -0.00033744553589
O            0.47804274175930       -1.25097138680269        0.00001008084343
O            1.61216180434322        0.60259727081595        0.00065884723248
H           -2.01056389293722       -0.69850351002319       -0.88339644991620
H           -2.01013121708937       -0.69563637345527        0.88693324486297
H           -2.83198458769237        0.60271021608164       -0.00011774632027
H           -0.62753174482329        1.43058784976728        0.88058475083505
H           -0.62812285982653        1.42776875432226       -0.88463471146248
10
 energy: -284.283520057770 gnorm: 0.000718618421 xtb: 6.7.1 (edcfbbe)
C           -1.96102599003875       -0.05979159656464        0.00069081426109
C           -0.71352847694016        0.78961596623445       -0.00083852600379
N            0.56990010182279       -0.03491852838707        0.00078255029127
O            0.47674537454336       -1.25096021743795       -0.00042824515432
O            1.61191837732337        0.60183960003798       -0.00006338999452
H           -2.00927644695891       -0.69843322251155       -0.88322884917793
H           -2.00900684673369       -0.69550061889843        0.88675541619938
H           -2.83268373343714        0.60171248611603       -0.00025853353188
H           -0.62766631205773        1.43110325445007        0.88082285160488
H           -0.62795737676958        1.42806776637530       -0.88478256736499
10
 energy: -284.283520057770 gnorm: 0.000718618421 xtb: 6.7.1 (edcfbbe)
C           -1.96102599003875       -0.05979159656464        0.00069081426109
C           -0.71352847694016        0.78961596623445       -0.00083852600379
N            0.56990010182279       -0.03491852838707        0.00078255029127
O            0.47674537454336       -1.25096021743795       -0.00042824515432
O            1.61191837732337        0.60183960003798       -0.00006338999452
H           -2.00927644695891       -0.69843322251155       -0.88322884917793
H           -2.00900684673369       -0.69550061889843        0.88675541619938
H           -2.83268373343714        0.60171248611603       -0.00025853353188
H           -0.62766631205773        1.43110325445007        0.88082285160488
H           -0.62795737676958        1.42806776637530       -0.88478256736499
