15
 energy: -15.772759244297 gnorm: 0.018654462643 xtb: 6.7.1 (edcfbbe)
C           -2.18962781072056        0.28322949952551        0.37376204121408
C           -0.99225902035239        0.21697819073395       -0.58379758945245
C            0.00055761863043       -0.82493266642915       -0.16832704187651
C            1.28409319846434       -0.61612487189513        0.13112287134115
C            1.98968214055354        0.71347246352249        0.08909380471414
H           -1.86225353122339        0.54374618808835        1.38462318890400
H           -2.69910492863383       -0.68422291046368        0.42791904281334
H           -2.91810935265453        1.03050430746864        0.04469782355995
H           -1.35914050172071       -0.01680571070886       -1.59305466731657
H           -0.51322243418144        1.19930550879618       -0.64604275559693
H           -0.38772278100384       -1.84072150644537       -0.09270537682770
H            1.88188974958154       -1.47403379658681        0.43174554900928
H            3.04113413545845        0.60731556942949        0.36422637131667
H            1.53939257082309        1.43349608276515        0.78200533511008
H            1.95422227340491        1.16187262908024       -0.90987354756598
15
 energy: -15.773375491876 gnorm: 0.005768597351 xtb: 6.7.1 (edcfbbe)
C           -2.18027372537106        0.27899395057497        0.37300746200398
C           -0.99022536683427        0.22261621513667       -0.58475675817878
C           -0.00003908099994       -0.81486398747096       -0.16096409441052
C            1.27642118313895       -0.60849581088507        0.13347150484926
C            1.98370173095173        0.71174204064866        0.08926193031611
H           -1.84985364839174        0.54190181809123        1.37719138353114
H           -2.68226510685995       -0.68718445390418        0.42144512679163
H           -2.90187338148145        1.02406284720619        0.04069006214451
H           -1.35780711874598       -0.02304864655541       -1.58818336399000
H           -0.51478357727385        1.20378783016114       -0.63590856979736
H           -0.39269905946076       -1.82346224464604       -0.09103911703064
H            1.88009310148520       -1.45851207671244        0.42700669659719
H            3.03076441876482        0.59618833230156        0.36333744838302
H            1.52786961646512        1.42213747036394        0.78130365995015
H            1.94050134103877        1.14721569257075       -0.91046832181312
15
 energy: -15.773420559860 gnorm: 0.001682051445 xtb: 6.7.1 (edcfbbe)
C           -2.17728452085698        0.27824554047303        0.37294622192749
C           -0.98845338284773        0.22524317462329       -0.58564343879367
C            0.00081451513993       -0.81433208109117       -0.16340844977272
C            1.27531589461697       -0.60953265538241        0.13137345239598
C            1.98119858881473        0.71129984372953        0.08844110637283
H           -1.84433542501329        0.53906879644265        1.37509282649379
H           -2.67497277104700       -0.68814449454363        0.41888474028844
H           -2.89919331395493        1.02231153926325        0.04376642804099
H           -1.35459561371830       -0.02232186261502       -1.58732593071803
H           -0.51429203814215        1.20555292979754       -0.63306170719153
H           -0.39953879176908       -1.81767385837549       -0.08952559551208
H            1.87966354441793       -1.45480639251509        0.43229319064908
H            3.02572539600096        0.59598383459455        0.36509986281861
H            1.52148273758724        1.41934383290187        0.77759921442386
H            1.93799650719730        1.14284082957810       -0.91113687207647
15
 energy: -15.773428259135 gnorm: 0.000907444696 xtb: 6.7.1 (edcfbbe)
C           -2.17559214993927        0.27740121349386        0.37282072488941
C           -0.98668298963088        0.22759452384092       -0.58666426549923
C            0.00002039230369       -0.81466565926887       -0.16101179456357
C            1.27416577604771       -0.61118838406169        0.13518806122424
C            1.97939556756068        0.71133338481343        0.08751595687459
H           -1.84110549808297        0.53612425040473        1.37480924226843
H           -2.67136590457630       -0.68963297641428        0.41680038522458
H           -2.89828258017731        1.02148344446846        0.04619918882870
H           -1.35063326642448       -0.01914050653122       -1.58866295126368
H           -0.51258671983134        1.20744683953063       -0.63135040846852
H           -0.40566694178028       -1.81580700213109       -0.09122680793615
H            1.88106841972368       -1.45490180768217        0.43483895923606
H            3.02313738017776        0.59782574995707        0.36568086537415
H            1.51747469858828        1.42008688143017        0.77377534028704
H            1.93618514246664        1.13911902503106       -0.91331744712947
15
 energy: -15.773430240270 gnorm: 0.000366307376 xtb: 6.7.1 (edcfbbe)
C           -2.17547149935393        0.27728850798334        0.37284552244606
C           -0.98602963485243        0.22794019137837       -0.58636443278983
C            0.00053014378626       -0.81553103169134       -0.16254250547983
C            1.27478131329052       -0.61218593809648        0.13427658271581
C            1.97889978414133        0.71132804260403        0.08706349284660
H           -1.84093768075974        0.53456130695978        1.37556027291645
H           -2.67180940065529       -0.68991963804821        0.41563295803653
H           -2.89843217587195        1.02206057344937        0.04732056903395
H           -1.35005325189172       -0.01681425473161       -1.58902434737758
H           -0.51155926679615        1.20787687353647       -0.63012131008681
H           -0.40686815018823       -1.81614265334103       -0.09048990932297
H            1.88136367607445       -1.45525094512863        0.43708619677048
H            3.02259634108012        0.59921229287080        0.36740168281061
H            1.51512674161751        1.42116168186622        0.77156979783660
H            1.93739438680485        1.13749396726991       -0.91481952100951
15
 energy: -15.773431028679 gnorm: 0.000176986322 xtb: 6.7.1 (edcfbbe)
C           -2.17559606553468        0.27710083639128        0.37277924271572
C           -0.98584905281615        0.22798375068352       -0.58578245147087
C            0.00047302681677       -0.81548670982343       -0.16202091475790
C            1.27472010456296       -0.61209640720657        0.13463922614887
C            1.97879780465907        0.71118548023147        0.08671227019322
H           -1.84173381465949        0.53345326834231        1.37599517712380
H           -2.67264927672917       -0.68986712956206        0.41462659079959
H           -2.89802938038707        1.02247482778784        0.04738670574179
H           -1.34960507507109       -0.01577963609402       -1.58895820659893
H           -0.51112916001901        1.20794081003711       -0.62874711048598
H           -0.40644964997082       -1.81636451695913       -0.09047067275402
H            1.88143000585528       -1.45530888730054        0.43673207553406
H            3.02228051815096        0.59972268090000        0.36853683994259
H            1.51420556830625        1.42193677351483        0.76974862841097
H            1.93866577326178        1.13618383593839       -0.91578235119632
15
 energy: -15.773432692016 gnorm: 0.000439473123 xtb: 6.7.1 (edcfbbe)
C           -2.17603527447632        0.27642125437685        0.37267980023989
C           -0.98528726922235        0.22858660085857       -0.58419369274606
C            0.00034343177216       -0.81533888387562       -0.16092570480978
C            1.27476120758412       -0.61210164151156        0.13482602617057
C            1.97858777834614        0.71089035410097        0.08564302102834
H           -1.84350860426498        0.52963174987040        1.37711011672571
H           -2.67459211458667       -0.68991782827730        0.41131570176987
H           -2.89695208463525        1.02362444446108        0.04826647548525
H           -1.34786893814209       -0.01288587785433       -1.58850437116169
H           -0.51009777111063        1.20847624235827       -0.62478586395923
H           -0.40636289323193       -1.81626429497250       -0.08945017959868
H            1.88186883036419       -1.45539865920802        0.43560151522088
H            3.02074538032576        0.60118885262405        0.37324427169082
H            1.51034880081142        1.42429745577109        0.76332909424958
H            1.94358084689203        1.13186920815905       -0.91876116095888
15
 energy: -15.773436111819 gnorm: 0.000953244275 xtb: 6.7.1 (edcfbbe)
C           -2.17793438589484        0.27481623068211        0.37264364556016
C           -0.98437624867661        0.23029820310716       -0.58038001985433
C            0.00016237598650       -0.81476656340117       -0.15839393555903
C            1.27530084654687       -0.61218561036570        0.13471310444714
C            1.97908969699666        0.71036568200534        0.08300819207698
H           -1.84832122830638        0.52059934065711        1.37993339670428
H           -2.67935535523617       -0.69039196575705        0.40339458988196
H           -2.89575593038580        1.02605946001609        0.05071049211564
H           -1.34380973637296       -0.00654098362499       -1.58713372738294
H           -0.50867735083831        1.21022680723548       -0.61571388261055
H           -0.40649658223473       -1.81566595201544       -0.08698383800389
H            1.88311318965261       -1.45589703084874        0.43265862859135
H            3.01750815825395        0.60427213664742        0.38590855532033
H            1.50122797901304        1.43028310189326        0.74714101626015
H            1.95785589792178        1.12160612065012       -0.92611116820069
15
 energy: -15.773441526913 gnorm: 0.001885849178 xtb: 6.7.1 (edcfbbe)
C           -2.18251329983744        0.27125035624875        0.37272133018732
C           -0.98321635219144        0.23423264875271       -0.57296441805996
C           -0.00007919524538       -0.81287691485561       -0.15371411335708
C            1.27668772732715       -0.61213122679438        0.13353610195505
C            1.98141644852859        0.70937258048018        0.07801350448568
H           -1.85868227760601        0.50313819225903        1.38531768464307
H           -2.68841148930738       -0.69214267754400        0.38822477593289
H           -2.89497487142738        1.02956523151311        0.05548622224621
H           -1.33634743439227        0.00533743453195       -1.58402068429129
H           -0.50743622290796        1.21453291676637       -0.59849003277843
H           -0.40755334415041       -1.81329747612772       -0.08123614813988
H            1.88554779422064       -1.45694276342891        0.42593889948422
H            3.01147542935959        0.60960870461121        0.41250736143317
H            1.48428923211181        1.44235813525439        0.71415330233772
H            1.98932918194351        1.10107383521392       -0.94007873673214
15
 energy: -15.773448296652 gnorm: 0.002013421033 xtb: 6.7.1 (edcfbbe)
C           -2.18695284276214        0.26844726597332        0.37275094170286
C           -0.98317033923961        0.23747638278920       -0.56746979678884
C           -0.00022135547477       -0.81067815944430       -0.15026671912753
C            1.27799120262277       -0.61173525735536        0.13205546672238
C            1.98463207484090        0.70859002994617        0.07440068811794
H           -1.86747724923976        0.49115212395653        1.38878245931309
H           -2.69442292669154       -0.69418242450249        0.37755930176033
H           -2.89660578027779        1.03064744643075        0.05865038497631
H           -1.33129245183369        0.01333168936131       -1.58128541608724
H           -0.50842070674186        1.21838009137092       -0.58633376943039
H           -0.40865416417721       -1.81059633201538       -0.07674438454503
H            1.88710979665703       -1.45766228706097        0.42071811003799
H            3.00737024488155        0.61272806625761        0.43213959174491
H            1.47457127110054        1.45078462365656        0.68933356603969
H            2.01507455276118        1.08639571751711       -0.94889537508991
15
 energy: -15.773463139296 gnorm: 0.001131277676 xtb: 6.7.1 (edcfbbe)
C           -2.19413301323336        0.26412077874286        0.37275051267146
C           -0.98428476956441        0.24262373102404       -0.56058881477686
C           -0.00037100574255       -0.80626221192298       -0.14600505231355
C            1.27997936296675       -0.61051590246959        0.12930270937507
C            1.99120420330443        0.70757302780389        0.07000010017006
H           -1.88066624327705        0.47732330267820        1.39245607626111
H           -2.70071843188437       -0.69863713441310        0.36503182407673
H           -2.90223276362943        1.02885667592583        0.06174598783603
H           -1.32545450351087        0.02302572874837       -1.57739437799796
H           -0.51253420103525        1.22490339904376       -0.57152701515584
H           -0.41097025439449       -1.80513233105075       -0.06997871855757
H            1.88855379365654       -1.45849786538778        0.41345988653178
H            3.00283584300383        0.61494824515493        0.45738158988896
H            1.46649659006236        1.46112013865417        0.65686007523970
H            2.05182671970349        1.06762939434916       -0.95809973390260
15
 energy: -15.773414296734 gnorm: 0.007841846009 xtb: 6.7.1 (edcfbbe)
C           -2.21383762710315        0.25059856547221        0.37291431643468
C           -0.98694179557884        0.25867222412531       -0.54043190397595
C           -0.00096268482661       -0.79304172983174       -0.13450598473866
C            1.28489027450061       -0.60690464007431        0.12261881927301
C            2.00964763123448        0.70431418316476        0.05663525497147
H           -1.91839800811607        0.43729823443518        1.40373284613250
H           -2.71657985106996       -0.71379564001988        0.32945334084412
H           -2.91906605518807        1.02143847151206        0.07021500684873
H           -1.30812322338043        0.05576633909395       -1.56721506922445
H           -0.52343947845121        1.24521035505299       -0.52555487372336
H           -0.41808592685413       -1.78893337703433       -0.05226157938351
H            1.89136278001839       -1.46084943335486        0.39469948485558
H            2.98859860451224        0.62146988570048        0.53393975960785
H            1.44018981330722        1.49353424191353        0.55864126410631
H            2.16027687342118        1.00830129672562       -0.98748563268182
15
 energy: -15.773485518989 gnorm: 0.001577104779 xtb: 6.7.1 (edcfbbe)
C           -2.20922015261723        0.25422796454325        0.37256077646389
C           -0.98770417452326        0.25466738024829       -0.54737527790074
C           -0.00076767402675       -0.79521504274210       -0.13864824877306
C            1.28349384786767       -0.60717042106049        0.12403909850708
C            2.00689961028841        0.70518509806052        0.06136854467920
H           -1.90834022473161        0.45424489913849        1.39850500596758
H           -2.70797024911451       -0.71193936470331        0.34371159752095
H           -2.91935145947593        1.01850472990253        0.06492270588677
H           -1.31493042480963        0.04467996163726       -1.57025421572215
H           -0.52385917404579        1.24069083409859       -0.54151621720781
H           -0.41676708379022       -1.79167098094426       -0.05765545287943
H            1.88906436742263       -1.45994626256546        0.40144853603243
H            2.99463692055740        0.61662171323718        0.50642269540782
H            1.45696748511452        1.48155156875223        0.59176062751909
H            2.12737971230993        1.02864689927826       -0.97389512615513
15
 energy: -15.773494028931 gnorm: 0.001172902367 xtb: 6.7.1 (edcfbbe)
C           -2.21163156697021        0.25194204845655        0.37226605966622
C           -0.98810257955326        0.25742453329550       -0.54452888382955
C           -0.00122809953751       -0.79291490016917       -0.13733405438089
C            1.28362296526126       -0.60647761057338        0.12346346584085
C            2.00945601938785        0.70420628947993        0.05959635466051
H           -1.91394660412992        0.45131956090881        1.39938542853023
H           -2.70760918540819       -0.71567154324963        0.34096486734387
H           -2.92346854217294        1.01452008089765        0.06397387676538
H           -1.31267643600085        0.05146964163464       -1.56921532836465
H           -0.52532427183539        1.24396776237080       -0.53394532991363
H           -0.41773203709120       -1.78913450409426       -0.05578307136118
H            1.88846328100087       -1.46035920654392        0.39920057338540
H            2.99189221890765        0.61777971557390        0.51589096051070
H            1.45586689041332        1.48581724026178        0.57768183753765
H            2.14194927415417        1.01918986863180       -0.97622170704441
15
 energy: -15.773443495387 gnorm: 0.009275119092 xtb: 6.7.1 (edcfbbe)
C           -2.23400982542854        0.23292904347042        0.37034963463879
C           -0.99130566149548        0.28074218732376       -0.51763841645738
C           -0.00460583626597       -0.77363615575524       -0.12478174817021
C            1.28558362702711       -0.60021419266900        0.11842648471643
C            2.03150019602718        0.69633004680359        0.04254572481676
H           -1.96481771851026        0.42239791802478        1.40805909225915
H           -2.70829305668103       -0.74552265697518        0.31327123431474
H           -2.95726051328417        0.98403378445072        0.05892098761429
H           -1.29100739464294        0.10921741875249       -1.55813744127545
H           -0.53766539037049        1.27164509825123       -0.46501523888784
H           -0.42459632907472       -1.76829868893253       -0.04118069987316
H            1.88540648486414       -1.46300392250980        0.37817275576854
H            2.96698883872602        0.62823965819813        0.60499215801376
H            1.43782986415444        1.52286484510276        0.44933868887469
H            2.27578404138039        0.93535459334484       -1.00192816700667
15
 energy: -15.773524849073 gnorm: 0.001599743341 xtb: 6.7.1 (edcfbbe)
C           -2.22338074716142        0.24185434396641        0.37104481774315
C           -0.98960852355733        0.27010822037730       -0.52960927878412
C           -0.00319409732485       -0.78249942597107       -0.13062926142660
C            1.28432818771590       -0.60289839103961        0.12131067160281
C            2.02092053611844        0.69967065106785        0.05023229832766
H           -1.94204520762385        0.43881135775749        1.40344030302381
H           -2.70592309182016       -0.73250293017200        0.32804211788412
H           -2.94254408773414        0.99615850419216        0.05905954472297
H           -1.30069597837568        0.08396096698558       -1.56300964061952
H           -0.53142114305728        1.25869818015922       -0.49531382771388
H           -0.42079962608074       -1.77828786422381       -0.04934021771304
H            1.88648827880968       -1.46151785728551        0.38812795405432
H            2.97799810502419        0.62357470926147        0.56222503778068
H            1.44695474126692        1.50419824728581        0.50897334243215
H            2.21245398022597        0.97375026451969       -0.98915881196805
15
 energy: -15.773533394112 gnorm: 0.000865592986 xtb: 6.7.1 (edcfbbe)
C           -2.22704663482137        0.23983727733983        0.37086084419658
C           -0.99041942087602        0.27296746545437       -0.52606437426196
C           -0.00338964654983       -0.77990383992478       -0.12856894037704
C            1.28518913092018       -0.60222117964188        0.11991910571654
C            2.02464410835523        0.69886052779833        0.04866801150262
H           -1.94979138524555        0.43692749210464        1.40417610686211
H           -2.70580184684971       -0.73615067958063        0.32512840592770
H           -2.94755476461100        0.99187628717147        0.05694174778695
H           -1.29808678575447        0.08936592979379       -1.56060128002716
H           -0.53419026901815        1.26212232373420       -0.48741664930094
H           -0.42190719090000       -1.77535669674477       -0.04675581945144
H            1.88679442550848       -1.46227225071661        0.38364377756339
H            2.97544822554349        0.62478197948402        0.57138597977538
H            1.44672823765130        1.50720630375073        0.49395506850709
H            2.22891514307308        0.96503803685827       -0.98987693507335
15
 energy: -15.773554591432 gnorm: 0.003049871172 xtb: 6.7.1 (edcfbbe)
C           -2.24207244742801        0.22985141399109        0.36976275611747
C           -0.99261305271449        0.28623961478306       -0.50863058026460
C           -0.00431331346155       -0.76909856941573       -0.11969900710082
C            1.28826903151786       -0.59957738278908        0.11392656378198
C            2.03854088456077        0.69454022287818        0.03919280693154
H           -1.98351426669045        0.42417336524272        1.40863947172227
H           -2.70637770658624       -0.75245737722826        0.31024084623393
H           -2.96785231381881        0.97394389918534        0.04900012633678
H           -1.28438233694374        0.12008458099377       -1.55077336973029
H           -0.54355767448142        1.27761263511261       -0.44604199055676
H           -0.42597145274822       -1.76323618814682       -0.03650277931031
H            1.88768565133180       -1.46482638756984        0.36593607113436
H            2.95835553568463        0.63370068752536        0.61993872121113
H            1.44061423033712        1.52354935348885        0.41756113129900
H            2.30672055786643        0.91857910882972       -0.99715571845924
15
 energy: -15.773565275963 gnorm: 0.001871402640 xtb: 6.7.1 (edcfbbe)
C           -2.24232978702521        0.22934734559930        0.36951077469229
C           -0.99234791072344        0.28672608516295       -0.50731945240697
C           -0.00430980624498       -0.76903104246441       -0.11937892971625
C            1.28818954170832       -0.59958030477869        0.11371530439061
C            2.03832725305501        0.69421097541274        0.03827078256579
H           -1.98491425699717        0.42318171419097        1.40879154986036
H           -2.70650511513748       -0.75293178152877        0.30942346132475
H           -2.96801892186947        0.97348839699828        0.04845061159752
H           -1.28317713831510        0.12297180243559       -1.55024675267297
H           -0.54332696407862        1.27793103057785       -0.44242396255015
H           -0.42577025148166       -1.76321206165488       -0.03655950073849
H            1.88778152160729       -1.46463693440059        0.36554468399256
H            2.95514578701688        0.63568533628104        0.62251967303454
H            1.44026425898876        1.52407072023717        0.41164442892282
H            2.31052311592253        0.91485769481242       -0.99654762294997
15
 energy: -15.773591698152 gnorm: 0.003602478788 xtb: 6.7.1 (edcfbbe)
C           -2.25503492584649        0.21916563124775        0.36753376904383
C           -0.99408518105903        0.29844214724337       -0.48973524292114
C           -0.00549421750442       -0.75978061270885       -0.11173877582124
C            1.28974498316507       -0.59629958359485        0.10877249836692
C            2.04951951757037        0.68995222752806        0.02737195490715
H           -2.01476094009515        0.40438796359931        1.41283111460157
H           -2.71012675846040       -0.76655214884909        0.29135005433563
H           -2.98331997514066        0.96026089311718        0.04451746501130
H           -1.26960794204517        0.15649464184364       -1.54091236987974
H           -0.55123387594303        1.29072626851231       -0.39884751171354
H           -0.42830467609182       -1.75318485883508       -0.02796735504641
H            1.88825274356265       -1.46460267072527        0.35198619637128
H            2.92846136677004        0.65065775531179        0.67063025909989
H            1.43638462099111        1.53965570569389        0.32751769335112
H            2.38913658655260        0.86375561749680       -0.99791470036021
15
 energy: -15.773619399802 gnorm: 0.001475285041 xtb: 6.7.1 (edcfbbe)
C           -2.25719955920908        0.21671751813742        0.36699171592998
C           -0.99538083588402        0.30011138561045       -0.48735955102450
C           -0.00613553229421       -0.75759877694549       -0.11058304510189
C            1.28963551328929       -0.59452894675312        0.10769068161694
C            2.05254113238251        0.68957451217629        0.02490501842797
H           -2.01829742445458        0.39359921120004        1.41392504864415
H           -2.71463399633975       -0.76735806771864        0.28306773871038
H           -2.98353439682829        0.96173560542743        0.04873619040319
H           -1.26892530719846        0.16146178282063       -1.53905205108882
H           -0.55422887140673        1.29232572200488       -0.39285145716763
H           -0.42887524931162       -1.75089635922426       -0.02465293425728
H            1.88794839193612       -1.46313795519254        0.35095413045566
H            2.91959004812232        0.65654162751293        0.68084180865495
H            1.43884422878000        1.54242952243304        0.30640121631932
H            2.40818318484217        0.85210219539191       -0.99361946117601
15
 energy: -15.773629303644 gnorm: 0.000451846895 xtb: 6.7.1 (edcfbbe)
C           -2.25739220191683        0.21642775003050        0.36845335303815
C           -0.99659342494840        0.30097911690567       -0.48938202264722
C           -0.00629912090788       -0.75646333317428       -0.11245775072086
C            1.28953418358467       -0.59379523842908        0.10785215780085
C            2.05396760191644        0.68999685810622        0.02556638673247
H           -2.01592393107452        0.38881471417160        1.41520665212544
H           -2.71466590722702       -0.76689617153659        0.28042999423401
H           -2.98397171497113        0.96270616929535        0.05438744556302
H           -1.27157660486782        0.16006012615851       -1.54005315442585
H           -0.55609285024782        1.29386532380182       -0.39626864221982
H           -0.42958939594417       -1.74963023569739       -0.02572081697764
H            1.88651622756772       -1.46297123524099        0.35334841903467
H            2.91832019718217        0.65796404792034        0.68517626406354
H            1.43867628196143        1.54330165318282        0.30045174634751
H            2.41462198631883        0.84871943138646       -0.99159498260186
15
 energy: -15.773641229061 gnorm: 0.001084653253 xtb: 6.7.1 (edcfbbe)
C           -2.25717534637300        0.21532214359563        0.37049283499835
C           -0.99868011429283        0.30195440056373       -0.49238297714412
C           -0.00663753248538       -0.75392894780495       -0.11393091904612
C            1.28875372694021       -0.59183258101426        0.10923409020260
C            2.05584178348672        0.69070509595503        0.02644358953141
H           -2.00988666436214        0.37900774852944        1.41694842995235
H           -2.71693259163649       -0.76597875176459        0.27586540044151
H           -2.98235465568351        0.96622404743989        0.06474097754273
H           -1.27740186411754        0.15705007669246       -1.54107940684471
H           -0.55989066708088        1.29598413906659       -0.40283816175480
H           -0.42979049247473       -1.74738733005917       -0.02867686675385
H            1.88411794398674       -1.46219315000736        0.35504215158297
H            2.91317426238858        0.66114475704943        0.69532733373075
H            1.43832095299161        1.54607638591924        0.28818388700603
H            2.42807258513833        0.84093094271985       -0.98797531409870
15
 energy: -15.773652554751 gnorm: 0.001156044809 xtb: 6.7.1 (edcfbbe)
C           -2.25646478079864        0.21487292763544        0.37257156469954
C           -1.00062815452567        0.30148784860348       -0.49457040402685
C           -0.00656312777057       -0.75273932480436       -0.11716990279722
C            1.28841257211184       -0.59041729323342        0.10769818121325
C            2.05685185808443        0.69131031307448        0.02714089534732
H           -2.00436099843142        0.36959900005368        1.41925351881075
H           -2.72113336101650       -0.76356128023854        0.27231991595004
H           -2.97923330852019        0.97143407514258        0.07502972257915
H           -1.28276894472250        0.15373615568234       -1.54184314956182
H           -0.56312830142696        1.29626870375273       -0.40861399677407
H           -0.42938256064465       -1.74625724173604       -0.03063799540841
H            1.88284479865655       -1.46088122983498        0.35541126626799
H            2.90528738205550        0.66568536028290        0.70775451422028
H            1.43667000945973        1.54908203808381        0.27444337181250
H            2.44312824391473        0.83345892441685       -0.98339245298607
15
 energy: -15.773668038185 gnorm: 0.000832576974 xtb: 6.7.1 (edcfbbe)
C           -2.25520826307201        0.21478158488613        0.37520960491924
C           -1.00274696339449        0.30008499163172       -0.49632310439555
C           -0.00694025254291       -0.75226026101337       -0.11936722261702
C            1.28774430168593       -0.58888744090203        0.10637358569922
C            2.05705495356091        0.69200419710036        0.02768599168344
H           -1.99804342268010        0.35910789561788        1.42231070116402
H           -2.72771744898103       -0.75945348912929        0.26929567222545
H           -2.97392626151379        0.97888632277776        0.08703924772028
H           -1.28829074243547        0.14964897508506       -1.54248316791853
H           -0.56602205472415        1.29547794847929       -0.41446817557565
H           -0.42804169287685       -1.74674137755829       -0.03488409725691
H            1.88286276684440       -1.45941473027985        0.35216747954791
H            2.89232690984538        0.67323489196496        0.72521290708667
H            1.43286728131028        1.55291687458332        0.25421884216574
H            2.46361221539958        0.82369259363729       -0.97659321510192
15
 energy: -15.773687615124 gnorm: 0.001474658884 xtb: 6.7.1 (edcfbbe)
C           -2.25324534168082        0.21506645257898        0.37910944665404
C           -1.00519944631285        0.29800097454077       -0.49771551695343
C           -0.00712834573305       -0.75298556709775       -0.12399962804950
C            1.28717235329115       -0.58773644689103        0.10191460651117
C            2.05612562360519        0.69291726271545        0.02816328668761
H           -1.98892304564221        0.34796272001718        1.42610432873610
H           -2.73584741455134       -0.75388711939941        0.26805428682138
H           -2.96663215692728        0.98843496616116        0.10211555537210
H           -1.29588210708712        0.14562678229926       -1.54241253768958
H           -0.56841595149842        1.29370082937184       -0.42054241181533
H           -0.42582720170386       -1.74861186655638       -0.04118188432144
H            1.88393565422894       -1.45765856652907        0.34615057045064
H            2.86975441722861        0.68543950461492        0.75226276990112
H            1.42496862861976        1.55727478334975        0.22258233539821
H            2.49467566058897        0.80953426770530       -0.96521015835673
15
 energy: -15.773706425542 gnorm: 0.002484930345 xtb: 6.7.1 (edcfbbe)
C           -2.25047479513021        0.21568421446556        0.38416778722855
C           -1.00794758486796        0.29589865069106       -0.49975511978910
C           -0.00778282867972       -0.75392325780759       -0.12940546631058
C            1.28619020308212       -0.58683256818657        0.09672525377577
C            2.05476433139715        0.69366323485441        0.02896793592543
H           -1.97931657863689        0.34030102673097        1.43056670326397
H           -2.74114892609409       -0.74894507197533        0.27078747350195
H           -2.96002417571755        0.99574889891274        0.11649395239982
H           -1.30381322831240        0.14245792768602       -1.54310648701046
H           -0.57092096505120        1.29160072212559       -0.42646574792948
H           -0.42406659668936       -1.75076883503762       -0.04984571728792
H            1.88507605743596       -1.45628958776753        0.33764412686999
H            2.84239138567997        0.69957700398965        0.78249142720830
H            1.41690241778820        1.56122482117822        0.18628128509974
H            2.52970261022165        0.79368179702138       -0.95015235759961
15
 energy: -15.773725428223 gnorm: 0.002727765203 xtb: 6.7.1 (edcfbbe)
C           -2.24813389211711        0.21614779892660        0.38831766963816
C           -1.01004045502590        0.29486523185096       -0.50128392735616
C           -0.00836594605147       -0.75469995983043       -0.13465791979181
C            1.28535207970831       -0.58646694600751        0.09193838850129
C            2.05359763221056        0.69401088702806        0.02980131296137
H           -1.97111372591294        0.33871673410272        1.43337443506233
H           -2.74236138485022       -0.74681754224431        0.27685445883567
H           -2.95676846928875        0.99855109969651        0.12567607732392
H           -1.31074846502569        0.14097886184078       -1.54332195475092
H           -0.57258652389694        1.29054766873498       -0.43082424168508
H           -0.42299168000669       -1.75249021947163       -0.05851561067677
H            1.88566002429271       -1.45556974010535        0.33086659432707
H            2.81900730345058        0.71062968552698        0.80598080686742
H            1.41156076926940        1.56326701507744        0.15714394091565
H            2.55746405966982        0.78140840175514       -0.93595498082578
15
 energy: -15.773759472800 gnorm: 0.003357363804 xtb: 6.7.1 (edcfbbe)
C           -2.24358434935878        0.21713366755489        0.39634990318154
C           -1.01392435580506        0.29386843185167       -0.50467093151180
C           -0.00956919510262       -0.75562695338362       -0.14514370150390
C            1.28363681357249       -0.58602962892451        0.08321192461349
C            2.05179225637423        0.69441921733896        0.03184950273435
H           -1.95676049700226        0.34288716393585        1.43830230581522
H           -2.73882194036572       -0.74601022015092        0.29295630474307
H           -2.95443931982181        0.99853515020014        0.13818830023380
H           -1.32359131253448        0.13962751419893       -1.54418554660414
H           -0.57581602336466        1.28947366749620       -0.43842740275525
H           -0.42180995493592       -1.75488087086390       -0.07568342485186
H            1.88596866102776       -1.45505645850592        0.31795188258766
H            2.77674745841244        0.72900397523833        0.84638796138870
H            1.40402659697353        1.56565912670492        0.10673470330568
H            2.60567648835654        0.76007519418994       -0.90842673203021
15
 energy: -15.773807158035 gnorm: 0.001741420113 xtb: 6.7.1 (edcfbbe)
C           -2.23828646044719        0.21849022324979        0.40453718958256
C           -1.01741610090988        0.29409599408683       -0.50850206041311
C           -0.01107148174354       -0.75645914537984       -0.15695967411661
C            1.28163971428149       -0.58657604850971        0.07388249725035
C            2.04970649927427        0.69413273271838        0.03478618296762
H           -1.94283631679358        0.36085944983639        1.44182437015846
H           -2.72558114043890       -0.75038597380528        0.31915653555292
H           -2.95798190641757        0.98973555863111        0.14225705598730
H           -1.33641779924356        0.14056256051995       -1.54530992498258
H           -0.57829517264580        1.28937653112076       -0.44519692016765
H           -0.42180468068323       -1.75686354501244       -0.09564654157289
H            1.88524812308580       -1.45598012384405        0.30455371587721
H            2.73477999332571        0.74459941512974        0.88009217384305
H            1.40112889562761        1.56480709695880        0.06302656053476
H            2.64671916015402        0.74268425118054       -0.87710611115505
15
 energy: -15.772463497121 gnorm: 0.031154006010 xtb: 6.7.1 (edcfbbe)
C           -2.22215547224163        0.22185891289035        0.43641341882112
C           -1.03368575855007        0.29521832023323       -0.52285475440731
C           -0.01530010617882       -0.75499128764858       -0.20065910375246
C            1.27543542471504       -0.58459796932217        0.04114679645966
C            2.04793148877631        0.69458884020882        0.04535470784737
H           -1.89121526571045        0.40292960469318        1.45921885965832
H           -2.69018479378557       -0.76164710193821        0.39756745654382
H           -2.96835250986684        0.96949520746596        0.17466521290018
H           -1.39065818520268        0.13592576722100       -1.54703803170152
H           -0.59490692460079        1.29194582855111       -0.47755348439201
H           -0.41938453601337       -1.76023214697226       -0.16747307995487
H            1.88148386954972       -1.45765965946424        0.25486832160589
H            2.58001534940057        0.80459093186996        1.02305173446573
H            1.38776299520976        1.57024850844878       -0.11630195205500
H            2.82274575092445        0.66540522064403       -0.76501105269263
15
 energy: -15.773829491751 gnorm: 0.005980360101 xtb: 6.7.1 (edcfbbe)
C           -2.22741231840454        0.22149511266959        0.42464296012079
C           -1.02775186255346        0.29566529885855       -0.51927142869978
C           -0.01343685294549       -0.75431970097849       -0.18587547136285
C            1.27790319784026       -0.58578750337361        0.05409257328691
C            2.04943695487433        0.69397239231167        0.04397432115036
H           -1.91034816895533        0.40270565588547        1.45088269437969
H           -2.69229122883963       -0.76257413710804        0.37854997579571
H           -2.97213210862358        0.96817142973894        0.15439068724971
H           -1.37270909884087        0.13529826743580       -1.54658162605088
H           -0.58962640351687        1.29252884073371       -0.46992511684528
H           -0.42082563617657       -1.75744700654579       -0.14357956803904
H            1.88107065455437       -1.45897013799760        0.27334683332561
H            2.64435946491847        0.77569662654408        0.95879544787681
H            1.40003780186663        1.56528462534797       -0.03359880106205
H            2.74325693122793        0.70135921335869       -0.80444843177940
15
 energy: -15.773875866208 gnorm: 0.001271956340 xtb: 6.7.1 (edcfbbe)
C           -2.22627703308821        0.22174731487911        0.42554482273357
C           -1.02818285277627        0.29636387084644       -0.52003393159168
C           -0.01337222339118       -0.75314406946186       -0.18760229250184
C            1.27780705120011       -0.58576934166943        0.05327236026256
C            2.04990709469676        0.69351945613527        0.04485484995693
H           -1.91091840806235        0.40959734796689        1.45022924160945
H           -2.68600089584278       -0.76426383017884        0.38412574979156
H           -2.97495781051750        0.96289595169557        0.15208891073139
H           -1.37502968506296        0.13377619563255       -1.54594361501753
H           -0.59092040059847        1.29357975147660       -0.47307286427100
H           -0.42082590887396       -1.75624559711492       -0.14661313299297
H            1.87946995472456       -1.45974762019019        0.27299090710089
H            2.64278431265169        0.77431709373836        0.95619559540657
H            1.40485628036184        1.56391756998015       -0.03077733257578
H            2.74119185100435        0.70253488314522       -0.79986421929582
15
 energy: -15.773879870565 gnorm: 0.000525656902 xtb: 6.7.1 (edcfbbe)
C           -2.22547550129453        0.22179005962519        0.42627624580287
C           -1.02901563085146        0.29616511905212       -0.52123508389168
C           -0.01337139445523       -0.75226997137810       -0.18886259558736
C            1.27771181172093       -0.58525244189176        0.05273958876027
C            2.05028188727685        0.69354802562168        0.04549022314076
H           -1.90936583445661        0.40862062225136        1.45007255932111
H           -2.68543453867347       -0.76300759931937        0.38444216218240
H           -2.97398265568320        0.96292019374476        0.15499000697887
H           -1.37770506002950        0.13100119208233       -1.54588015124267
H           -0.59247488318317        1.29369671857150       -0.47717374002297
H           -0.42050040793327       -1.75543681268057       -0.14753592325384
H            1.87845333011321       -1.45968712031223        0.27295739818143
H            2.64078842991451        0.77482502005139        0.95708120975494
H            1.40697901150988        1.56422159251791       -0.03127339426600
H            2.74264276245071        0.70194437894474       -0.79669345651180
15
 energy: -15.773882596121 gnorm: 0.000345297515 xtb: 6.7.1 (edcfbbe)
C           -2.22466300258355        0.22200781858541        0.42724916176612
C           -1.02991937975156        0.29568984506549       -0.52275010445900
C           -0.01353510450207       -0.75204505225639       -0.19046617337608
C            1.27738682544906       -0.58480992826374        0.05208396356213
C            2.05018834802399        0.69383035180085        0.04610006707471
H           -1.90556536889910        0.40746752056843        1.45051056758035
H           -2.68576106356730       -0.76228703371615        0.38538274061561
H           -2.97275844528695        0.96442434642314        0.15832532855492
H           -1.38041456194395        0.12865712791428       -1.54642710013614
H           -0.59366152905626        1.29342795312933       -0.48096057449810
H           -0.42018258358930       -1.75547778092844       -0.14924681353689
H            1.87780247268283       -1.45936514741168        0.27278421297406
H            2.63701108478326        0.77619520954852        0.96022845781676
H            1.40726968105150        1.56464468403374       -0.03426475229121
H            2.74633395361504        0.70071906238816       -0.79315393230094
15
 energy: -15.773890487613 gnorm: 0.001139938240 xtb: 6.7.1 (edcfbbe)
C           -2.21788004670375        0.22415449468649        0.43368672977025
C           -1.03412534891915        0.29246772517742       -0.53160637193298
C           -0.01421320856673       -0.75232382642855       -0.20089364912864
C            1.27525220487833       -0.58321983290529        0.04812256100121
C            2.04780859096449        0.69552487977425        0.05024964980323
H           -1.88336629163887        0.40458506701483        1.45335833049567
H           -2.68530841115783       -0.75776464044941        0.39489055514933
H           -2.96467713810110        0.97228303800623        0.17641314073254
H           -1.39635258191279        0.11622933351028       -1.54959014273403
H           -0.59863138142287        1.29097122871378       -0.50240951131844
H           -0.41806300823414       -1.75727304347132       -0.16252346831759
H            1.87488620612677       -1.45800538906402        0.27055387914612
H            2.61047891765846        0.78604347809189        0.98005131511533
H            1.40656238086079        1.56623067010073       -0.05502703622464
H            2.76716044259402        0.69317579412362       -0.76988093221107
15
 energy: -15.773894038316 gnorm: 0.000937851193 xtb: 6.7.1 (edcfbbe)
C           -2.21503794297802        0.22536440979993        0.43592389602716
C           -1.03507359868402        0.29101980293330       -0.53401954857069
C           -0.01443970157318       -0.75349576532308       -0.20466584136717
C            1.27450200179290       -0.58337860291518        0.04647127766956
C            2.04592709708857        0.69607885221962        0.05159295865296
H           -1.87605506347057        0.40695748414473        1.45396092951947
H           -2.68367727951972       -0.75618947746542        0.40049942802473
H           -2.96199977097186        0.97388434977946        0.18041281578096
H           -1.40131154164702        0.11283447532477       -1.55011384343930
H           -0.59904086684554        1.28934971148251       -0.50854954533427
H           -0.41746172601311       -1.75882346409555       -0.16821878708039
H            1.87473730492406       -1.45771157530808        0.26908922042529
H            2.59992643342368        0.78982497957351        0.98618833657818
H            1.40535622841067        1.56555984312628       -0.06155404803198
H            2.77317975248879        0.69180395360413       -0.76162219950820
15
 energy: -15.773904085747 gnorm: 0.000760361130 xtb: 6.7.1 (edcfbbe)
C           -2.20345923373162        0.23034168564406        0.44427564892515
C           -1.03736833164998        0.28555248261711       -0.54237253119946
C           -0.01491062910530       -0.75886261363316       -0.21825777453834
C            1.27190948140809       -0.58506151321420        0.04092226683554
C            2.03776789898335        0.69771225362245        0.05780824546420
H           -1.84999535339281        0.41808775324147        1.45605260512349
H           -2.67603088868125       -0.74976021500451        0.42292861955472
H           -2.95148550179195        0.97924363308762        0.19378680619094
H           -1.41834719195722        0.10148903694328       -1.55182348068703
H           -0.59852180184730        1.28281842401997       -0.52975858774543
H           -0.41505634268569       -1.76546728785021       -0.19056899124104
H            1.87541668661123       -1.45769997938935        0.26146964124669
H            2.55937923735675        0.80473728326870        1.00939061101609
H            1.39838245505118        1.56346107995654       -0.08855899980286
H            2.79185084185815        0.68648695357115       -0.72989902979639
15
 energy: -15.773907710440 gnorm: 0.000656757496 xtb: 6.7.1 (edcfbbe)
C           -2.19757876259416        0.23328708157784        0.44861320310357
C           -1.03827886211967        0.28271055371875       -0.54652910513723
C           -0.01508232731153       -0.76173075430662       -0.22461826308956
C            1.27085559701530       -0.58634892413461        0.03696213676300
C            2.03327622681344        0.69833386616930        0.06068761303946
H           -1.83835279181546        0.42772890126417        1.45687409967772
H           -2.66984668877883       -0.74693197535052        0.43690547741700
H           -2.94779864284385        0.98015510856243        0.19825536109376
H           -1.42623438883277        0.09524408193046       -1.55290081077988
H           -0.59793721132147        1.27950354991867       -0.54044513984575
H           -0.41368280370473       -1.76892278437231       -0.20108014733743
H            1.87622873432705       -1.45804351840121        0.25597215203427
H            2.53875470111233        0.81046626152059        1.02006560804905
H            1.39507471063252        1.56113120389314       -0.09875907059459
H            2.80013383584745        0.68649632489085       -0.71460806504713
15
 energy: -15.773908708185 gnorm: 0.001216273085 xtb: 6.7.1 (edcfbbe)
C           -2.18968769343483        0.23701679732361        0.45508424518044
C           -1.04092384728227        0.27885378445254       -0.55305902670987
C           -0.01542924994908       -0.76457196730105       -0.23484647115631
C            1.26933910190643       -0.58716087906356        0.03157151391460
C            2.02831495328167        0.69933233943397        0.06550897896106
H           -1.81872105113443        0.43869149067782        1.45801417837222
H           -2.66218578604262       -0.74318651803913        0.45549891306296
H           -2.94244182266720        0.98250440538591        0.20765940006048
H           -1.43989183209426        0.08495241270726       -1.55401906998458
H           -0.59985970115549        1.27542901855477       -0.55803285689207
H           -0.41142623174330       -1.77301560646049       -0.21738268813374
H            1.87612441247426       -1.45829207134616        0.24894560956392
H            2.50850995318657        0.81920928088835        1.03760444290277
H            1.39194223165091        1.55980921691819       -0.11711846644699
H            2.81586788942925        0.68350727274890       -0.69003365334860
15
 energy: -15.773910124602 gnorm: 0.000891087063 xtb: 6.7.1 (edcfbbe)
C           -2.18811685292739        0.23819148029710        0.45613349432545
C           -1.04144158687088        0.27792265946034       -0.55375592047819
C           -0.01533292047771       -0.76529508244600       -0.23677769148189
C            1.26945055448264       -0.58770340866908        0.03018649579062
C            2.02723675498693        0.69926971339411        0.06704596365718
H           -1.81485711593371        0.44503980632707        1.45712594533530
H           -2.65828582402387       -0.74293424111798        0.46161284193548
H           -2.94252142179475        0.98139388165748        0.20694292243985
H           -1.44230586163239        0.08254822985005       -1.55319944693142
H           -0.60069566610401        1.27434938075115       -0.56138587947421
H           -0.41067265359825       -1.77405369033659       -0.22107729638598
H            1.87650012878399       -1.45899070741647        0.24614431284519
H            2.50296519482202        0.81930903071523        1.03945260696804
H            1.39146305357694        1.55933652330438       -0.11823085515474
H            2.81614554313605        0.68469540111014       -0.68482244404441
15
 energy: -15.773911303326 gnorm: 0.000291658501 xtb: 6.7.1 (edcfbbe)
C           -2.18648712096188        0.23871448483213        0.45734220594186
C           -1.04199663332629        0.27730567286535       -0.55548037408499
C           -0.01541481962022       -0.76533439273509       -0.23856386296950
C            1.26915019032325       -0.58756517977263        0.02880748063512
C            2.02674046370082        0.69946858553951        0.06752023741769
H           -1.81188987919963        0.44560849348011        1.45743111026707
H           -2.65753115953218       -0.74192899040505        0.46425561665300
H           -2.94090685607557        0.98204518857111        0.20936451857643
H           -1.44511012506585        0.07995648027346       -1.55375139438484
H           -0.60115317564389        1.27372021222984       -0.56568138235493
H           -0.41040992202125       -1.77412031073352       -0.22244904741800
H            1.87603064841893       -1.45896008684966        0.24485749406335
H            2.49857057560504        0.82065420998359        1.04273219063131
H            1.39128630801722        1.55903535340532       -0.11967098122637
H            2.81865283180711        0.68447925619643       -0.68131876240093
15
 energy: -15.773911526587 gnorm: 0.000395723910 xtb: 6.7.1 (edcfbbe)
C           -2.18474151889619        0.23951134644456        0.45866799876622
C           -1.04270205670590        0.27641810215609       -0.55712522672790
C           -0.01557047746003       -0.76577900215326       -0.24067577879220
C            1.26862587523916       -0.58745322613930        0.02781128649748
C            2.02561753779315        0.69984871569184        0.06856791978587
H           -1.80782814630708        0.44770842958437        1.45759695319745
H           -2.65585322938424       -0.74110801147995        0.46814618508574
H           -2.93985790110091        0.98243023512201        0.21147317069795
H           -1.44823604648000        0.07739649105319       -1.55410491349871
H           -0.60179690568636        1.27277898083199       -0.56988526726982
H           -0.40987840841428       -1.77491564758441       -0.22576414905422
H            1.87573230390755       -1.45876403556598        0.24361058672289
H            2.49301707535529        0.82165127895108        1.04559522387557
H            1.39102621815831        1.55947933263218       -0.12213961913771
H            2.82197700640715        0.68387598733651       -0.67637932080235
15
 energy: -15.773911795724 gnorm: 0.000081335571 xtb: 6.7.1 (edcfbbe)
C           -2.18455236828981        0.23970131908138        0.45864712999995
C           -1.04283259691911        0.27616909884965       -0.55724140730847
C           -0.01559124386197       -0.76597007740388       -0.24089359915491
C            1.26860859991521       -0.58748414647418        0.02762252055732
C            2.02550406165354        0.69982002307112        0.06873932979240
H           -1.80702118160587        0.44844482582201        1.45729690177872
H           -2.65552281544336       -0.74101284494447        0.46869971199550
H           -2.93974212195369        0.98256945520814        0.21130936436550
H           -1.44874208215572        0.07694569367066       -1.55391320713794
H           -0.60195821838468        1.27248202198583       -0.57051593481494
H           -0.40978883785717       -1.77513524670960       -0.22603761642624
H            1.87584996073625       -1.45867541218817        0.24348463479250
H            2.49337260246199        0.82123209584168        1.04574281447816
H            1.39083765740927        1.55960281632523       -0.12113781546411
H            2.82110991072074        0.68438935474553       -0.67640777810718
15
 energy: -15.773911969847 gnorm: 0.000163344297 xtb: 6.7.1 (edcfbbe)
C           -2.18421348206874        0.23993649623292        0.45875577230464
C           -1.04290226676042        0.27592772695067       -0.55757744679124
C           -0.01563783269250       -0.76614875195896       -0.24107977189998
C            1.26848383226976       -0.58749513122727        0.02766791431067
C            2.02528684760236        0.69985172040955        0.06894776201273
H           -1.80644478791184        0.44931250113549        1.45720562604063
H           -2.65513798670227       -0.74078668793849        0.46958636208350
H           -2.93957018510128        0.98257624684436        0.21125302345196
H           -1.44905332981586        0.07630944306670       -1.55405740982721
H           -0.60188295083328        1.27216869566813       -0.57141973210283
H           -0.40967272522761       -1.77537359881081       -0.22652503161576
H            1.87589500057068       -1.45862904565577        0.24330034064660
H            2.49378034652504        0.82066768721295        1.04578347595787
H            1.39034688980272        1.55974381577260       -0.11973419444284
H            2.82025395676885        0.68501785917886       -0.67671164078247
15
 energy: -15.773912299025 gnorm: 0.000222906563 xtb: 6.7.1 (edcfbbe)
C           -2.18366080558766        0.24039067543696        0.45893095995124
C           -1.04300425306772        0.27550652005191       -0.55818024349980
C           -0.01562414897798       -0.76648246506725       -0.24167099775223
C            1.26831340827930       -0.58754383794283        0.02769164988551
C            2.02490140896800        0.69992995088221        0.06941885566963
H           -1.80545366882440        0.45095417191427        1.45696770442913
H           -2.65437268773445       -0.74041326647614        0.47118851066376
H           -2.93941073407269        0.98252338177311        0.21111134746531
H           -1.44976530767122        0.07515946516593       -1.55426718841578
H           -0.60177044943359        1.27165496183036       -0.57308418038970
H           -0.40943676604772       -1.77578922509055       -0.22739937892967
H            1.87587735750311       -1.45856798946073        0.24339121158827
H            2.49494286028580        0.81947133056524        1.04569435598640
H            1.38939333746334        1.55999114800595       -0.11681464700213
H            2.81860177534349        0.68629415529248       -0.67758291030367
15
 energy: -15.773912933589 gnorm: 0.000201607818 xtb: 6.7.1 (edcfbbe)
C           -2.18253354968142        0.24130088722329        0.45922609165518
C           -1.04320293177079        0.27464793158606       -0.55945854681889
C           -0.01565114960995       -0.76709377081203       -0.24256373763052
C            1.26794710460637       -0.58765919800867        0.02804928441607
C            2.02404551606571        0.70010177910565        0.07061707244729
H           -1.80325705074675        0.45436714453339        1.45632056675444
H           -2.65269953416902       -0.73973859718348        0.47434888426489
H           -2.93901636208208        0.98242182271629        0.21061220620462
H           -1.45133785310749        0.07278034806826       -1.55469278165144
H           -0.60170336456736        1.27066062097570       -0.57656804893027
H           -0.40901018688125       -1.77658354081981       -0.22908710988339
H            1.87584260413437       -1.45855273187886        0.24340233887305
H            2.49797085355647        0.81689370956133        1.04531826173084
H            1.38733582425212        1.56041282979942       -0.11042399927296
H            2.81480140642668        0.68911974201436       -0.67970543281264
15
 energy: -15.773913621542 gnorm: 0.000115763343 xtb: 6.7.1 (edcfbbe)
C           -2.18098881044732        0.24258051371386        0.45962720388013
C           -1.04340809767023        0.27342030941448       -0.56119337487331
C           -0.01559363271983       -0.76793610731026       -0.24398318813586
C            1.26760267068102       -0.58791647525837        0.02815108217440
C            2.02278214509787        0.70032439660760        0.07228210713727
H           -1.80011401696713        0.45888262830065        1.45540357805809
H           -2.65051788063337       -0.73869728143355        0.47853816300119
H           -2.93834770841141        0.98247247922862        0.21005353785646
H           -1.45332753168772        0.06946711694835       -1.55525628123638
H           -0.60166376321861        1.26926673033347       -0.58135705207311
H           -0.40848637865729       -1.77761477506374       -0.23106880303443
H            1.87575306080815       -1.45859005143404        0.24364329743065
H            2.50212081539580        0.81327998840989        1.04472912843884
H            1.38431852866317        1.56081996138434       -0.10156732897131
H            2.80940192619253        0.69331954303962       -0.68260702030637
15
 energy: -15.773914000745 gnorm: 0.000073563968 xtb: 6.7.1 (edcfbbe)
C           -2.17982470810226        0.24360738939524        0.45985660552682
C           -1.04351154820756        0.27242386637728       -0.56244825954964
C           -0.01554930297430       -0.76862889651321       -0.24474863595748
C            1.26737687163337       -0.58818098450845        0.02841285049543
C            2.02175140508922        0.70049702660639        0.07352185823349
H           -1.79751207471624        0.46214432345906        1.45457225536881
H           -2.64905926186624       -0.73774973020844        0.48152478980239
H           -2.93762989791837        0.98283869884445        0.20967874034937
H           -1.45486180728992        0.06682091444565       -1.55556846860700
H           -0.60166026697504        1.26817596448494       -0.58498932124603
H           -0.40802129574655       -1.77849096206694       -0.23257252785273
H            1.87582966379037       -1.45871794920127        0.24354869842802
H            2.50516514365022        0.81061862896395        1.04418976758433
H            1.38183402581950        1.56097354880923       -0.09478542189274
H            2.80520438023941        0.69674713799302       -0.68479788133677
15
 energy: -15.773914169913 gnorm: 0.000049074150 xtb: 6.7.1 (edcfbbe)
C           -2.17909293188137        0.24418486253221        0.46005374990311
C           -1.04357270334058        0.27180884147953       -0.56319189022523
C           -0.01551086468325       -0.76905900092682       -0.24528173732109
C            1.26728958439737       -0.58834870197308        0.02835047285939
C            2.02111130354041        0.70062638067063        0.07422361550881
H           -1.79600387931300        0.46365835460198        1.45426378362476
H           -2.64847109405309       -0.73706292136632        0.48301514796114
H           -2.93692854486562        0.98330125723574        0.20965632504965
H           -1.45565273287535        0.06527350595167       -1.55580357647397
H           -0.60162264385990        1.26747278236823       -0.58708966276990
H           -0.40780465514296       -1.77899197885427       -0.23319025442822
H            1.87591969034703       -1.45876620953137        0.24342036132273
H            2.50659384992363        0.80928573469119        1.04398507656885
H            1.38038631952219        1.56100604878792       -0.09121927822514
H            2.80289062871009        0.69869002121368       -0.68579708400862
15
 energy: -15.773914260122 gnorm: 0.000034027597 xtb: 6.7.1 (edcfbbe)
C           -2.17869466598332        0.24454141425665        0.46015723908333
C           -1.04359299378886        0.27141328622451       -0.56356339365866
C           -0.01546933698808       -0.76935145936555       -0.24552704245306
C            1.26725497421455       -0.58844859069008        0.02833245406673
C            2.02072409800555        0.70072041890009        0.07455665388291
H           -1.79503015778742        0.46427207784267        1.45408400082492
H           -2.64837118748236       -0.73654564925266        0.48372297423397
H           -2.93639745791513        0.98382744861355        0.20983857964035
H           -1.45612174246915        0.06431867400058       -1.55585790931070
H           -0.60156988142172        1.26701981510337       -0.58828830810126
H           -0.40759485219727       -1.77935311542407       -0.23368429306951
H            1.87603097864211       -1.45876665452359        0.24336285647609
H            2.50709796163381        0.80866056781989        1.04393668462638
H            1.37952789930078        1.56101070332999       -0.08945494073391
H            2.80173769066213        0.69976004004558       -0.68622050616132
