24
 energy: -43.360480212829 gnorm: 0.045267236853 xtb: 6.7.1 (edcfbbe)
C           -2.12967697937598       -1.15156106469029       -0.24727473733154
C           -1.29873128805441       -0.33291123531095        0.73444576035890
H           -1.90645830190362       -0.15904056054317        1.62926924981952
C           -0.90186592530668        1.04913166699708        0.18206779638482
H           -1.17426520455253        1.10558773030702       -0.88371825561985
C            0.60046999363702        1.26873411350367        0.26323803809459
H            0.90763728604942        1.34167730584517        1.31984251280407
C            1.27813300232729        0.07710790844172       -0.38905325012010
H            0.86053810252341       -0.05621057878385       -1.39781820549494
C            0.99723769305652       -1.16971082135768        0.45703873110657
H            1.81513224822820       -1.30303734369069        1.17755427426518
O           -0.16390166318549       -1.08005715980986        1.24049073032583
O            0.97480320115775       -2.28816734541045       -0.44359868671312
O            2.68057072173950        0.34703045624089       -0.45321797091645
O            0.87984274810429        2.48074068050427       -0.42810459099620
O           -1.61818510005547        2.03123612951758        0.92858370353481
O           -1.50869100624360       -1.34851590444191       -1.50961340183431
H           -3.05960246382577       -0.60203197523810       -0.43665487816920
H           -2.39172704085005       -2.10982805241681        0.22756419250485
H            0.95426489924951       -3.09276748916200        0.08990002143335
H            3.07402262460107       -0.25252615464107       -1.09804775714501
H            1.83956259855810        2.54862699855241       -0.50387509101176
H           -1.37498432513362        2.89088623361402        0.56331940487151
H           -0.72872566209165       -1.90772141883137       -1.36369381194662
24
 energy: -43.362647045122 gnorm: 0.022268097962 xtb: 6.7.1 (edcfbbe)
C           -2.12395629442593       -1.15460782795555       -0.24829089524157
C           -1.28738832489757       -0.33725178689152        0.74088363823233
H           -1.88703399105442       -0.16989138410319        1.64161288699963
C           -0.91358606602988        1.04503692229493        0.17914088460940
H           -1.19635903336420        1.10356084195709       -0.88296845617684
C            0.59292951797459        1.27692859077789        0.26046933272535
H            0.90945635334136        1.35314207215187        1.31195312990432
C            1.28086619866769        0.08439616262750       -0.39267492242063
H            0.86859608146690       -0.05900475633502       -1.40002502214335
C            0.99508020731240       -1.16294368694494        0.45303622701026
H            1.81418325578496       -1.30231348677652        1.17227898091754
O           -0.15478734585068       -1.07213120541499        1.23940876466142
O            0.95307909659887       -2.28009723907323       -0.42874318450710
O            2.67308660151191        0.34919000613169       -0.46380686270633
O            0.88145025256488        2.47956752806419       -0.42224896401670
O           -1.62298507158661        2.01918830025087        0.91830243882968
O           -1.50987051419239       -1.33885186303228       -1.50341418929111
H           -3.05565162192236       -0.61500878428420       -0.44123620035747
H           -2.36726206633109       -2.12184703312891        0.21306503728807
H            0.91379452513723       -3.08543702466874        0.10144476853157
H            3.07127251409525       -0.27069446818777       -1.08481620046145
H            1.84143788216310        2.53469755647545       -0.50651725272520
H           -1.36298287767462        2.88107359925341        0.56933221443172
H           -0.70796912063617       -1.87002891399238       -1.36754237588865
24
 energy: -43.363505383238 gnorm: 0.006229080093 xtb: 6.7.1 (edcfbbe)
C           -2.11301993808880       -1.16456070952106       -0.24811845916208
C           -1.27784355197050       -0.33983806206229        0.74840760569351
H           -1.87709730215502       -0.17757649718149        1.65001639420581
C           -0.92295750020974        1.04356966083001        0.17902228697435
H           -1.20800583249743        1.09243580319119       -0.88294632176061
C            0.58821536062887        1.28391463735319        0.25389063349932
H            0.90514056864741        1.35553152595961        1.30487207436989
C            1.28324639144832        0.08761697583201       -0.39882898117866
H            0.86976165603466       -0.05959613792580       -1.40495763826433
C            0.99195544847570       -1.15931561386670        0.45043752580767
H            1.81664480584298       -1.29934453572319        1.16655364319549
O           -0.14737004546972       -1.05823160089310        1.24237701072452
O            0.93107155485494       -2.26890049180704       -0.42063565448803
O            2.66420569300434        0.35545521711589       -0.47235564636782
O            0.87901883028821        2.48079302303529       -0.41939838245522
O           -1.63103766183170        2.01105081834662        0.90736723818909
O           -1.50578126747532       -1.32863732538952       -1.49950352189560
H           -3.04782704954760       -0.63297228070078       -0.43451880496590
H           -2.33936714737666       -2.13857622135737        0.20684606412720
H            0.85415611475747       -3.07745467111025        0.10228033574912
H            3.07554514878926       -0.29332972087979       -1.05629680338488
H            1.83849933131734        2.52216533235957       -0.52256815828327
H           -1.34576430861905        2.87617789612117        0.58326116321670
H           -0.67598914019479       -1.82370490253055       -1.37655982534138
24
 energy: -43.363719018946 gnorm: 0.007382307509 xtb: 6.7.1 (edcfbbe)
C           -2.10499663081288       -1.17085976631394       -0.24723368685252
C           -1.27401683127431       -0.34065913895638        0.75238225830270
H           -1.87827165946629       -0.17943202053488        1.65090000452663
C           -0.92580211242902        1.04334644084802        0.17801091026502
H           -1.20964936367450        1.08386945027485       -0.88559395993074
C            0.58669956129114        1.28602781755698        0.25148179922100
H            0.90189042216131        1.35251193714934        1.30422742428304
C            1.28369458065135        0.08928213198869       -0.40197772622269
H            0.86733653294719       -0.05738966296401       -1.40796108501336
C            0.99186019133624       -1.15828177237350        0.44912532717306
H            1.82098513044621       -1.29878050937080        1.16154357634134
O           -0.14174471291334       -1.04900322584287        1.24896281496826
O            0.92098401673370       -2.26442375852474       -0.42118506191546
O            2.66162105040011        0.36101346041589       -0.47473697198128
O            0.87564287906777        2.48282118232772       -0.41910651297287
O           -1.63477413922825        2.01055714246690        0.90231519777604
O           -1.50174964384243       -1.32260241979240       -1.50062925316985
H           -3.04558271025541       -0.64639796961782       -0.42510243381243
H           -2.32073026075600       -2.14812992135855        0.20724853322846
H            0.81395472334090       -3.07306688143137        0.09862057079693
H            3.08210803131646       -0.30516154901694       -1.03352303607752
H            1.83396768681476        2.51768799093566       -0.53702284637587
H           -1.33575606851902        2.87630580576142        0.59197526584713
H           -0.66227051468250       -1.80256264443160       -1.38407733020012
24
 energy: -43.363899092515 gnorm: 0.008032024851 xtb: 6.7.1 (edcfbbe)
C           -2.09412466038613       -1.18082163696151       -0.24445840673149
C           -1.27030775228677       -0.34147526216746        0.75579761669743
H           -1.88213908032236       -0.18073074019244        1.64935225020450
C           -0.92700981016699        1.04317064852198        0.17619346097150
H           -1.20939918320450        1.07421440852961       -0.88918936684227
C            0.58565988851830        1.28812370359712        0.24935651334019
H            0.89809813384392        1.34903280496358        1.30451073379863
C            1.28450695199359        0.09251126399600       -0.40501190894484
H            0.86653067432881       -0.05229920071917       -1.41191172276486
C            0.99276462936307       -1.15643347562737        0.44706022162420
H            1.82717086585320       -1.30088977609416        1.15353989859034
O           -0.13363806396430       -1.03691289125322        1.25910657655797
O            0.90821355704378       -2.25972276049037       -0.42419841449575
O            2.66097531212104        0.36941642852375       -0.47591795386559
O            0.87171941525345        2.48709920844235       -0.41821743172027
O           -1.63846076384839        2.01251883258170        0.89558917876273
O           -1.49996637057354       -1.31512657996720       -1.50455414674653
H           -3.04517086293060       -0.66893875525322       -0.40777317348537
H           -2.29273361244548       -2.16339113713597        0.20877523180218
H            0.75732130383497       -3.06458922197871        0.09354306499273
H            3.09270997402629       -0.31849963980822       -0.99948226929848
H            1.82763614927629        2.51384295291100       -0.55741044352968
H           -1.32228043538022        2.87737979581815        0.60153370415748
H           -0.65267610129426       -1.78080685104062       -1.39758943486988
24
 energy: -43.363977324330 gnorm: 0.005040946385 xtb: 6.7.1 (edcfbbe)
C           -2.08917694157268       -1.18641399877024       -0.24154600191208
C           -1.26907352784242       -0.34166102273967        0.75611441478407
H           -1.88334250356684       -0.18053465031777        1.64783581982307
C           -0.92655383695323        1.04265513641804        0.17411198804109
H           -1.20922716072696        1.07123613316086       -0.89133116431767
C            0.58518765754337        1.28855671628577        0.24849418927795
H            0.89633293732405        1.34910890639218        1.30431848149947
C            1.28543823940561        0.09459800808304       -0.40538945923355
H            0.86984466952030       -0.04937587894846       -1.41377573673153
C            0.99348147939930       -1.15506062068784        0.44579609963943
H            1.82979378738599       -1.30420285673528        1.14881190651171
O           -0.12948517927369       -1.03176665494895        1.26360220968700
O            0.90113738972398       -2.25770821716402       -0.42657670939029
O            2.66250315756518        0.37361458712542       -0.47418040470817
O            0.87027080776101        2.48944238426570       -0.41784222741162
O           -1.63936910150450        2.01403923390530        0.89163015085359
O           -1.50405222875717       -1.31089161878637       -1.50786277843778
H           -3.04748318968101       -0.68439019299584       -0.39529877526898
H           -2.27465343922699       -2.17253461935878        0.21017778743827
H            0.72895972701363       -3.05685554693327        0.09128915921189
H            3.09896557013846       -0.32347689306554       -0.97869690974120
H            1.82423247335144        2.51226666395594       -0.56776952116098
H           -1.31451354002687        2.87738363844267        0.60489821163121
H           -0.65381708834681       -1.77135651738729       -1.40816695188006
24
 energy: -43.364028439763 gnorm: 0.002139867488 xtb: 6.7.1 (edcfbbe)
C           -2.08650662051861       -1.19109303747953       -0.23760677116965
C           -1.26822074798906       -0.34175861258398        0.75537350926341
H           -1.88145394503485       -0.17989347504083        1.64744459101977
C           -0.92617162311862        1.04161889453241        0.17152184459486
H           -1.21067619319605        1.07048587756856       -0.89297978024489
C            0.58428963677922        1.28897748012278        0.24697224707914
H            0.89495144698238        1.35215511021250        1.30251694696423
C            1.28732326385814        0.09700396306593       -0.40490791817962
H            0.87723659608738       -0.04776458754684       -1.41535065435090
C            0.99446442081258       -1.15326784310814        0.44412641796162
H            1.83127177398607       -1.30846439837073        1.14460325862693
O           -0.12610080011821       -1.02929115895694        1.26472070530311
O            0.89571494820563       -2.25525332230355       -0.42984413735958
O            2.66523006737628        0.37798692009385       -0.47053822528261
O            0.86894422502383        2.49128473672023       -0.41887638523007
O           -1.63959384418637        2.01452377929815        0.88841335315024
O           -1.51184381375291       -1.30630519795979       -1.51029406877128
H           -3.05163717095205       -0.69998896007022       -0.38255846277828
H           -2.25706604169619       -2.18084652837277        0.21152967319541
H            0.70504262749151       -3.04786511261546        0.08846809922668
H            3.10624539286970       -0.32892898000589       -0.95529709607897
H            1.82103396650754        2.51119561633160       -0.57642181521368
H           -1.30761157501407        2.87627073976219        0.60698647032065
H           -0.65946583175010       -1.76410978409789       -1.41935802384165
24
 energy: -43.364042803821 gnorm: 0.001329874887 xtb: 6.7.1 (edcfbbe)
C           -2.08633466527536       -1.19273426652773       -0.23505732308356
C           -1.26765320015004       -0.34179516002126        0.75525720775640
H           -1.87836890376242       -0.17925952612891        1.64886259595852
C           -0.92631516778495        1.04072152762926        0.17024957748556
H           -1.21227803365191        1.07007752580522       -0.89356474799303
C            0.58367105122755        1.28929380659759        0.24557341003676
H            0.89441499079751        1.35517953249075        1.30067692178764
C            1.28910326020928        0.09809168001973       -0.40428506721140
H            0.88318418484444       -0.04746072229181       -1.41613224434466
C            0.99505774779495       -1.15258272962923        0.44294282322870
H            1.83166490246243       -1.31112980735199        1.14272344398934
O           -0.12463917990783       -1.02969139607307        1.26346789690363
O            0.89418908909180       -2.25364880723194       -0.43258239749687
O            2.66720937881170        0.38021310662047       -0.46666064948594
O            0.86768065305482        2.49157789606904       -0.42113389256125
O           -1.63954294250871        2.01402615720071        0.88725581477369
O           -1.51676739674047       -1.30298684143825       -1.51046625228046
H           -3.05436793645877       -0.70723495402695       -0.37598694443095
H           -2.24895041990468       -2.18415158993294        0.21224557101832
H            0.69360880232850       -3.04363236812807        0.08544659991796
H            3.11083665272110       -0.33137916305417       -0.94108881918662
H            1.81920720977978        2.51078688620665       -0.58083596231369
H           -1.30554366173019        2.87512150076519        0.60674711919367
H           -0.66366625659538       -1.76073016837266       -1.42501090345691
24
 energy: -43.364049285360 gnorm: 0.001058022272 xtb: 6.7.1 (edcfbbe)
C           -2.08746275723217       -1.19312209435445       -0.23258535936906
C           -1.26710946542980       -0.34186103619958        0.75604024472733
H           -1.87463490294547       -0.17852951465785        1.65170677336075
C           -0.92661760367625        1.03970861139008        0.16973401179659
H           -1.21363170598662        1.06882701109917       -0.89368404612142
C            0.58330767934166        1.28964648237725        0.24387757760898
H            0.89440792243710        1.35855269827606        1.29855909839969
C            1.29116388959380        0.09857741506092       -0.40366278826884
H            0.88925677418900       -0.04739373523597       -1.41694283259776
C            0.99528059890679       -1.15267386088179        0.44155725856267
H            1.83190898044594       -1.31371535169049        1.14093823708966
O           -0.12375154444971       -1.03150658983601        1.26153503571910
O            0.89369261073412       -2.25238129837111       -0.43619312599240
O            2.66921042918384        0.38176974374351       -0.46136258057619
O            0.86595622159619        2.49091213825455       -0.42527425863456
O           -1.63934420371281        2.01320240179009        0.88689785256087
O           -1.52103664412451       -1.29918387005735       -1.50951335657622
H           -3.05705559355848       -0.71100749936021       -0.37055326754473
H           -2.24470471075364       -2.18554773288131        0.21310830987437
H            0.68789289723041       -3.04140540418474        0.08046876845207
H            3.11564540959659       -0.33340337702146       -0.92733314612656
H            1.81764311040863        2.51118095089820       -0.58382999651077
H           -1.30675044921817        2.87407897906948        0.60405909274921
H           -0.66786678392325       -1.75805294803137       -1.42890372437791
24
 energy: -43.364052730898 gnorm: 0.000606547629 xtb: 6.7.1 (edcfbbe)
C           -2.08827137354178       -1.19290386776926       -0.23153966917426
C           -1.26667582594648       -0.34199775908633        0.75698285162672
H           -1.87335026085541       -0.17842766137364        1.65320006840690
C           -0.92654097363017        1.03927587353784        0.16996545250274
H           -1.21347215153705        1.06733209572951       -0.89358836949136
C            0.58355193294632        1.28986035754867        0.24319033552538
H            0.89499452914072        1.35988446879723        1.29776285889577
C            1.29226307729778        0.09852977626972       -0.40340621285817
H            0.89163764556771       -0.04689284647541       -1.41733020556659
C            0.99534874814821       -1.15329025086169        0.44085440186496
H            1.83216971545172       -1.31531335601099        1.14002512062258
O           -0.12331543484379       -1.03239087675411        1.26110141425852
O            0.89355261125827       -2.25204075384501       -0.43826847962867
O            2.67018632686704        0.38193511594028       -0.45846846375213
O            0.86491280591155        2.49021612535364       -0.42789352050139
O           -1.63931253107391        2.01280244340902        0.88677595010298
O           -1.52251466700269       -1.29777543144012       -1.50875551436916
H           -3.05798462663710       -0.71052281724467       -0.36827851199775
H           -2.24511038600672       -2.18549688651897        0.21395096719371
H            0.68724716285620       -3.04219727137998        0.07706658053091
H            3.11786435395912       -0.33371328203746       -0.92228873229486
H            1.81712234061148        2.51246193610994       -0.58379801103699
H           -1.30978557616043        2.87396520524035        0.60072280008105
H           -0.66911728412740       -1.75662821794294       -1.42933933273601
24
 energy: -43.364055796737 gnorm: 0.000778685303 xtb: 6.7.1 (edcfbbe)
C           -2.08951841873294       -1.19246601391277       -0.22962821688189
C           -1.26589135852596       -0.34234960561140        0.75845446573304
H           -1.87158437865912       -0.17829831159163        1.65522719705145
C           -0.92602473688170        1.03844650110654        0.17021972579855
H           -1.21270496981042        1.06496948114522       -0.89350745889175
C            0.58409101700533        1.29004707040024        0.24225113859567
H            0.89622235575094        1.36199574558881        1.29653694796194
C            1.29396344706384        0.09849096758422       -0.40300951588452
H            0.89558204264917       -0.04605090534449       -1.41804908308950
C            0.99534796456613       -1.15433143061438        0.43953845758093
H            1.83256742486310       -1.31858902128924        1.13785421098291
O           -0.12245474326447       -1.03352001938767        1.26097257016027
O            0.89202392056564       -2.25119988309221       -0.44200608322195
O            2.67189303227004        0.38222022552678       -0.45408652543210
O            0.86331806254597        2.48918101403364       -0.43181961955210
O           -1.63913086696529        2.01208752557129        0.88634106125631
O           -1.52558035406207       -1.29651748522364       -1.50759027615638
H           -3.05914739395687       -0.70905386427813       -0.36426902316898
H           -2.24666930356304       -2.18515489683049        0.21568645566031
H            0.68842743799417       -3.04308933203149        0.07103820007291
H            3.12174768810128       -0.33490979873505       -0.91387512580710
H            1.81643723299509        2.51564083006837       -0.58223549572500
H           -1.31577048744189        2.87375300336306        0.59400479704016
H           -0.67174445585377       -1.75462967724997       -1.42940502587831
24
 energy: -43.364056756854 gnorm: 0.000541613528 xtb: 6.7.1 (edcfbbe)
C           -2.08986458135530       -1.19287678221233       -0.22835921263799
C           -1.26526812279766       -0.34259866820296        0.75871331794148
H           -1.87058254725598       -0.17819864779250        1.65565919210909
C           -0.92562017636222        1.03799446446007        0.16979796670352
H           -1.21215303323413        1.06388737931561       -0.89396172215390
C            0.58437195351797        1.29009865426461        0.24195270653704
H            0.89653466977453        1.36274544983134        1.29612748633523
C            1.29507516247655        0.09872954576899       -0.40273204694338
H            0.89798558361811       -0.04537883355799       -1.41836600210116
C            0.99569406051250       -1.15470829461139        0.43872346474123
H            1.83279938654372       -1.32075364147242        1.13663527429667
O           -0.12155405939003       -1.03330486420069        1.26100183496249
O            0.89067787465657       -2.25047802262294       -0.44377913918670
O            2.67306711959222        0.38248590938675       -0.45217054211973
O            0.86285916323810        2.48910639178674       -0.43270945400651
O           -1.63922786924468        2.01168298702267        0.88531971387776
O           -1.52782006647684       -1.29676114317501       -1.50715554244798
H           -3.05984877270818       -0.70950344578756       -0.36149502879756
H           -2.24637588689864       -2.18576934137719        0.21714119054818
H            0.68563795179114       -3.04325075163315        0.06864654370102
H            3.12362882877786       -0.33472051738075       -0.91029548390623
H            1.81629728672982        2.51750867337334       -0.58089381571966
H           -1.31824760278382        2.87349569060654        0.59051718484755
H           -0.67266616406843       -1.75276007259415       -1.42967410837561
24
 energy: -43.364057277064 gnorm: 0.000199408405 xtb: 6.7.1 (edcfbbe)
C           -2.09002766006230       -1.19309541756751       -0.22770509931194
C           -1.26509511162695       -0.34266955894383        0.75870421073736
H           -1.87014405638932       -0.17793154773320        1.65578325089876
C           -0.92549666735523        1.03776741230641        0.16932992745825
H           -1.21187402705972        1.06348352645666       -0.89445103606931
C            0.58437529612857        1.28999825117013        0.24189858499119
H            0.89623004213245        1.36259289031314        1.29613335883009
C            1.29539375146782        0.09888053484980       -0.40275750905649
H            0.89886746304707       -0.04521210691519       -1.41860422975334
C            0.99576862343272       -1.15476921914864        0.43825913488024
H            1.83289216582950       -1.32155009108733        1.13587820430097
O           -0.12118681162226       -1.03304796175109        1.26103717938099
O            0.88967923854332       -2.25004160785567       -0.44455371655502
O            2.67344233694406        0.38284584354956       -0.45168192956756
O            0.86295285804984        2.48926264554414       -0.43241653388979
O           -1.63937382397587        2.01159710827749        0.88450518831145
O           -1.52896137665867       -1.29721743518834       -1.50695895080938
H           -3.06014243821486       -0.70988253114087       -0.36027132112962
H           -2.24621843156700       -2.18599323027515        0.21794579040659
H            0.68540472265195       -3.04278940340178        0.06783749150531
H            3.12446827648931       -0.33497038941718       -0.90876910436783
H            1.81645926924592        2.51819743340517       -0.57989594551193
H           -1.31872003706152        2.87333305966943        0.58918850024512
H           -0.67329344371566       -1.75211608592054       -1.42979166771924
24
 energy: -43.364057503225 gnorm: 0.000342747866 xtb: 6.7.1 (edcfbbe)
C           -2.09033847241591       -1.19331100375989       -0.22698439536686
C           -1.26500398260976       -0.34266636592926        0.75867228537809
H           -1.86963681523748       -0.17746553552216        1.65596007411694
C           -0.92539595635013        1.03751778615482        0.16873218685930
H           -1.21149251053079        1.06285439454987       -0.89510756015604
C            0.58437147974531        1.28986164387574        0.24197355132990
H            0.89574900145416        1.36223223285801        1.29634413284038
C            1.29573443662712        0.09899950326477       -0.40266844263032
H            0.89978195914098       -0.04492908872083       -1.41875025928529
C            0.99578418971802       -1.15488466483384        0.43785494323360
H            1.83287590533533       -1.32229019714023        1.13530111823689
O           -0.12097542062315       -1.03295141716676        1.26094637421489
O            0.88889480041607       -2.24971603954684       -0.44523939419637
O            2.67384230032935        0.38309719474403       -0.45098083271318
O            0.86320570279502        2.48940592260892       -0.43182215896004
O           -1.63963558667678        2.01164185998296        0.88325253619015
O           -1.53021772194272       -1.29766401472594       -1.50666728870763
H           -3.06056624210687       -0.71035701279251       -0.35909687737581
H           -2.24609368525712       -2.18618180238403        0.21879492255925
H            0.68554415734467       -3.04242977621305        0.06714680708238
H            3.12500436971462       -0.33429782723430       -0.90812317715842
H            1.81676933589619        2.51856747504194       -0.57876828181746
H           -1.31868263558116        2.87321306196610        0.58781687259101
H           -0.67411845053178       -1.75157420988188       -1.42994335806049
24
 energy: -43.364057668534 gnorm: 0.000204491731 xtb: 6.7.1 (edcfbbe)
C           -2.09062460667997       -1.19356838120338       -0.22635714023553
C           -1.26489834170628       -0.34266384053992        0.75869502255978
H           -1.86917175338184       -0.17714211526190        1.65616709313885
C           -0.92538534429582        1.03730631736840        0.16821951610239
H           -1.21120175599895        1.06216834199907       -0.89569660417398
C            0.58431180567414        1.28985747840652        0.24197557841361
H            0.89531688989250        1.36194997714051        1.29647455565946
C            1.29604006875103        0.09922396454870       -0.40268409327168
H            0.90051797789725       -0.04468588084361       -1.41893429131320
C            0.99588100050028       -1.15487046523137        0.43748928734343
H            1.83297047403507       -1.32274482363265        1.13481911088626
O           -0.12071820758997       -1.03283190833755        1.26081425940592
O            0.88845675379904       -2.24933921533882       -0.44587119137809
O            2.67411237309094        0.38357957333265       -0.45051288592927
O            0.86333518150928        2.48961691517919       -0.43130830451135
O           -1.63996128524072        2.01166878533397        0.88206592295762
O           -1.53132048240200       -1.29787721820109       -1.50641088077588
H           -3.06106647157951       -0.71092377476570       -0.35795207911102
H           -2.24577181405362       -2.18648312552128        0.21954037224864
H            0.68506430682922       -3.04221406080218        0.06639977257884
H            3.12575436238262       -0.33434542619877       -0.90699413500115
H            1.81694025025101        2.51881373727999       -0.57796452088751
H           -1.31842623819486        2.87310336683296        0.58686777241391
H           -0.67475498483565       -1.75092610234813       -1.43019835891516
24
 energy: -43.364057811270 gnorm: 0.000124677977 xtb: 6.7.1 (edcfbbe)
C           -2.09086858903099       -1.19364057625849       -0.22602222677927
C           -1.26488900510088       -0.34262230546827        0.75877694054813
H           -1.86896447955352       -0.17691619881853        1.65634491739076
C           -0.92535079537346        1.03718274559582        0.16795337954841
H           -1.21084680507352        1.06162755401023       -0.89607222665976
C            0.58431606075825        1.28985313525046        0.24205284326450
H            0.89507967600978        1.36181400711291        1.29664316056551
C            1.29622703746138        0.09930180290168       -0.40258073158197
H            0.90091582847599       -0.04448199300207       -1.41893549933410
C            0.99589696955702       -1.15490622084634        0.43737429001860
H            1.83299614651162       -1.32296194645919        1.13467552426636
O           -0.12067736684617       -1.03291351285299        1.26071260158384
O            0.88842484865545       -2.24917146843421       -0.44628026144433
O            2.67428972744944        0.38368453452690       -0.44999480155005
O            0.86341055879586        2.48967937222224       -0.43104727666357
O           -1.64019726400391        2.01174114030749        0.88124286353426
O           -1.53187537257620       -1.29786481290346       -1.50621658391162
H           -3.06142284804470       -0.71111310489610       -0.35731590483727
H           -2.24571171043758       -2.18654075129879        0.21999191905252
H            0.68506271828460       -3.04224426603915        0.06574473965952
H            3.12603940574793       -0.33392149461519       -0.90677566261459
H            1.81703727547250        2.51884813858426       -0.57757163995352
H           -1.31825395568196        2.87305393509054        0.58622189000732
H           -0.67523790280375       -1.75081559451414       -1.43027847590479
24
 energy: -43.364057955672 gnorm: 0.000061515457 xtb: 6.7.1 (edcfbbe)
C           -2.09121973252500       -1.19375524399766       -0.22554927600094
C           -1.26484118778233       -0.34257560754909        0.75887701542027
H           -1.86861560093123       -0.17656799335592        1.65657901140559
C           -0.92526393099853        1.03700835340309        0.16759871030246
H           -1.21024163704896        1.06077879593640       -0.89660551571602
C            0.58436156515971        1.28987521129578        0.24222743001307
H            0.89480663940353        1.36167823782232        1.29693722258588
C            1.29653984456510        0.09944211216199       -0.40235791491059
H            0.90151371627856       -0.04410178917816       -1.41886360667366
C            0.99588612494798       -1.15498615058920        0.43720323522123
H            1.83295593537292       -1.32341885829339        1.13446467970911
O           -0.12064020102905       -1.03308962047742        1.26055941734248
O            0.88839118503125       -2.24896303317641       -0.44687350110647
O            2.67458096228621        0.38386322114445       -0.44920020694355
O            0.86347790959484        2.48979705428183       -0.43067058248654
O           -1.64059870299475        2.01182698425288        0.87998801969926
O           -1.53265276911662       -1.29792759343794       -1.50589601424552
H           -3.06184432290129       -0.71129111967600       -0.35646691110460
H           -2.24580350120167       -2.18661217425279        0.22062436267676
H            0.68497194121085       -3.04234928187288        0.06475602670991
H            3.12641059026569       -0.33316406685497       -0.90665318634716
H            1.81713167788440        2.51898496505182       -0.57707836740898
H           -1.31800875883149        2.87302101859870        0.58529346647972
H           -0.67589758798696       -1.75080130204182       -1.43024973641685
24
 energy: -43.364057984668 gnorm: 0.000202898764 xtb: 6.7.1 (edcfbbe)
C           -2.09157087601902       -1.19386991173683       -0.22507632522262
C           -1.26479337046378       -0.34252890962991        0.75897709029241
H           -1.86826672230894       -0.17621978789330        1.65681310542043
C           -0.92517706662360        1.03683396121035        0.16724404105652
H           -1.20963646902440        1.05993003786257       -0.89713880477228
C            0.58440706956117        1.28989728734109        0.24240201676165
H            0.89453360279729        1.36154246853174        1.29723128460625
C            1.29685265166882        0.09958242142230       -0.40213509823922
H            0.90211160408113       -0.04372158535424       -1.41879171401323
C            0.99587528033894       -1.15506608033207        0.43703218042387
H            1.83291572423423       -1.32387577012759        1.13425383515186
O           -0.12060303521192       -1.03326572810185        1.26040623310112
O            0.88835752140706       -2.24875459791861       -0.44746674076860
O            2.67487219712299        0.38404190776199       -0.44840561233704
O            0.86354526039382        2.48991473634142       -0.43029388830950
O           -1.64100014198560        2.01191282819827        0.87873317586426
O           -1.53343016565703       -1.29799037397242       -1.50557544457943
H           -3.06226579775787       -0.71146913445589       -0.35561791737193
H           -2.24589529196575       -2.18668359720679        0.22125680630100
H            0.68488116413709       -3.04245429770660        0.06376731376031
H            3.12678177478345       -0.33240663909475       -0.90653071007973
H            1.81722608029629        2.51912179151938       -0.57658509486445
H           -1.31776356198102        2.87298810210685        0.58436504295211
H           -0.67655727317017       -1.75078700956950       -1.43022099692891
24
 energy: -43.364057990465 gnorm: 0.000190263416 xtb: 6.7.1 (edcfbbe)
C           -2.09174633082366       -1.19391749582207       -0.22486350838103
C           -1.26475432339572       -0.34252350506123        0.75900215709581
H           -1.86808780160112       -0.17609111532172        1.65690304189676
C           -0.92513476215670        1.03676430263869        0.16710178216681
H           -1.20941872823454        1.05964039273514       -0.89734407879282
C            0.58443116896666        1.28993065135213        0.24245843149110
H            0.89443425899514        1.36154588558419        1.29733034024579
C            1.29700573785286        0.09968666101023       -0.40206870580526
H            0.90241244649342       -0.04352579233378       -1.41879951962213
C            0.99586764560352       -1.15507388893640        0.43689806887521
H            1.83292405754797       -1.32405970348781        1.13407373832154
O           -0.12056539449095       -1.03335972092955        1.26030832687202
O            0.88832069604568       -2.24861129685052       -0.44781806059009
O            2.67501152057094        0.38423748004454       -0.44807742199670
O            0.86358602603509        2.48998256440101       -0.43016218203365
O           -1.64112743720127        2.01192774028004        0.87827808267913
O           -1.53381281292885       -1.29814137977484       -1.50541504975083
H           -3.06242808551606       -0.71148051401514       -0.35527708087389
H           -2.24606188216720       -2.18666630406664        0.22158059484692
H            0.68489270742668       -3.04240621895483        0.06318497980539
H            3.12711716484857       -0.33228588366110       -0.90611867180310
H            1.81727398197554        2.51921945831838       -0.57635332122924
H           -1.31774320295122        2.87296341084457        0.58395355423995
H           -0.67699649224163       -1.75108360879765       -1.43013171945283
