8
 energy: -1458.519742984059 gnorm: 0.019555499321 xtb: 6.7.1 (edcfbbe)
C           -0.84761503217560        0.59132778606203       -0.95152529352165
C            0.52211193893136       -0.03605126921598       -0.78604176484832
Cl           0.38052169026862       -1.72430832396409       -0.24596417410899
Cl           1.50057189666494        0.88607497079264        0.37788611586745
Cl          -1.73893653237057        0.60457748196790        0.58992238966141
H           -0.74772908123134        1.62571404602040       -1.28228945766822
H           -1.43765018933706        0.01769145820784       -1.66725173223880
H            1.06396206767147       -0.04168374461847       -1.73507944796886
8
 energy: -1458.520988126462 gnorm: 0.007781414443 xtb: 6.7.1 (edcfbbe)
C           -0.85246349410981        0.58700060448988       -0.92516721252559
C            0.52140800765810       -0.04215118129252       -0.75948068184003
Cl           0.41237735993040       -1.76538401288208       -0.28135558847006
Cl           1.55693947355771        0.90281689172935        0.35637094065761
Cl          -1.82749092014327        0.64508124993741        0.58030546002717
H           -0.73129413200466        1.61401603600492       -1.28039619841961
H           -1.41843247634526        0.01276980989015       -1.66380829303656
H            1.03419314028614       -0.03080703904051       -1.72681125808229
8
 energy: -1458.521121922874 gnorm: 0.003651660997 xtb: 6.7.1 (edcfbbe)
C           -0.85205912739310        0.58793225884458       -0.92993549205518
C            0.51924744734218       -0.03975959080712       -0.76558077290741
Cl           0.40924486455143       -1.76064300968985       -0.27038744582644
Cl           1.54958357710543        0.89783236183184        0.36508587797390
Cl          -1.81491511541289        0.63882709782107        0.58421828563163
H           -0.72725205954280        1.61553924401940       -1.28246314485901
H           -1.41638550171223        0.00981101256553       -1.66691041518348
H            1.02777286497428       -0.02619700794489       -1.73436981626708
8
 energy: -1458.521135526369 gnorm: 0.001541656714 xtb: 6.7.1 (edcfbbe)
C           -0.85144105347345        0.58804159752277       -0.93153525761000
C            0.51838421400596       -0.03886556541335       -0.76773931407610
Cl           0.40820222805110       -1.76077049025836       -0.26818741178308
Cl           1.54853128944072        0.89773970104131        0.36738327225097
Cl          -1.81220236750110        0.63757355349145        0.58486692497619
H           -0.72707736765197        1.61605983987335       -1.28245107447508
H           -1.41666859206024        0.00930395292074       -1.66705786046641
H            1.02750859509988       -0.02574022170492       -1.73562222102895
8
 energy: -1458.521138700819 gnorm: 0.000460885249 xtb: 6.7.1 (edcfbbe)
C           -0.85099020835978        0.58802121416553       -0.93227469651426
C            0.51763056465586       -0.03822991614663       -0.76895821424336
Cl           0.40736430611282       -1.76208010913987       -0.26818704662432
Cl           1.54883421076909        0.89903284596633        0.36814478224243
Cl          -1.81159826093777        0.63728129007673        0.58538187669961
H           -0.72778709282290        1.61634763137687       -1.28230100177336
H           -1.41741172331825        0.00943066891812       -1.66680688744843
H            1.02919514564970       -0.02646125768819       -1.73534175757972
8
 energy: -1458.521138700819 gnorm: 0.000460885249 xtb: 6.7.1 (edcfbbe)
C           -0.85099020835978        0.58802121416553       -0.93227469651426
C            0.51763056465586       -0.03822991614663       -0.76895821424336
Cl           0.40736430611282       -1.76208010913987       -0.26818704662432
Cl           1.54883421076909        0.89903284596633        0.36814478224243
Cl          -1.81159826093777        0.63728129007673        0.58538187669961
H           -0.72778709282290        1.61634763137687       -1.28230100177336
H           -1.41741172331825        0.00943066891812       -1.66680688744843
H            1.02919514564970       -0.02646125768819       -1.73534175757972
