22
 energy: -71.234056115646 gnorm: 0.026474184540 xtb: 6.7.1 (edcfbbe)
C            0.74062058969630        0.00005598323136       -0.00005371934601
C            1.44950606716597       -0.85025713275555        0.84996236239760
C            2.84726722131619       -0.85904700909675        0.85890307331128
C            3.54545686997722       -0.00014468299071       -0.00037184787757
C            2.84718551661776        0.85887384222859       -0.85948128380443
C            1.44942741355408        0.85028383881689       -0.85021794103488
Cl           0.56239872540627        1.90219291336329       -1.90222746945154
Cl           3.70516925813863        1.91693038868301       -1.91866569080916
Cl           5.27041327341305       -0.00033139931801       -0.00056966996237
Cl           3.70540269256439       -1.91720712059472        1.91784808468856
Cl           0.56254952097404       -1.90204018661918        1.90216084711132
C           -0.74062553645240        0.00006219995337        0.00005585870328
C           -1.44952435575210       -0.85023661704748       -0.84996652434637
C           -2.84728080073506       -0.85900247958198       -0.85891421265358
C           -3.54546253668286       -0.00008669584709        0.00038161029496
C           -2.84718276550541        0.85892915480201        0.85946027304306
C           -1.44941994274370        0.85031719978903        0.85020049188742
Cl          -0.56233235083791        1.90220294193210        1.90218797083553
Cl          -3.70524564671306        1.91698021878486        1.91856920018037
Cl          -5.27041851241632       -0.00012347528311        0.00066087003215
Cl          -3.70533583545931       -1.91717706613668       -1.91792516699306
Cl          -0.56262656253035       -1.90206496708241       -1.90216663504905
22
 energy: -71.235253978835 gnorm: 0.017764044863 xtb: 6.7.1 (edcfbbe)
C            0.74048533382628        0.00005360199088       -0.00005278258860
C            1.44689748306821       -0.84842045535151        0.84839945920184
C            2.84008815354263       -0.85532005327195        0.85526490283845
C            3.53563557831244       -0.00011618501635       -0.00034567754186
C            2.84001229336493        0.85518099148889       -0.85580032380877
C            1.44682070403152        0.84845834882095       -0.84863694380567
Cl           0.56940908057828        1.89804888146041       -1.89803615660929
Cl           3.69712567171265        1.90794088528205       -1.90938334469949
Cl           5.25364216777885       -0.00037863731275       -0.00067296575721
Cl           3.69730008586259       -1.90824005424895        1.90859982382967
Cl           0.56957592999361       -1.89791493166914        1.89797143824450
C           -0.74049043244992        0.00006520585428        0.00005891976863
C           -1.44691344615497       -0.84840018236426       -0.84839426667436
C           -2.84010432708423       -0.85526972187714       -0.85527058323330
C           -3.53564100742198       -0.00005069544056        0.00033278068497
C           -2.84000678407711        0.85524248193513        0.85578380027380
C           -1.44681544117130        0.84849145516950        0.84862884485512
Cl          -0.56938055575464        1.89807712120350        1.89801568270294
Cl          -3.69711623978654        1.90802935601631        1.90933337092469
Cl          -5.25364732543799       -0.00027576001941        0.00062281181382
Cl          -3.69731969391131       -1.90817305907094       -1.90862799814865
Cl          -0.56961492582657       -1.89791874434811       -1.89796031111374
22
 energy: -71.235605164115 gnorm: 0.007691909130 xtb: 6.7.1 (edcfbbe)
C            0.74051693371463        0.00004374367481       -0.00006905236584
C            1.44381330898995       -0.84866811435075        0.84872441361126
C            2.83604904362783       -0.85429854773445        0.85415900609099
C            3.53097773748145       -0.00017123123799       -0.00038975465362
C            2.83598419687949        0.85409878199630       -0.85473777792050
C            1.44374774393006        0.84868056771770       -0.84898783616849
Cl           0.57235088548497        1.89401324814468       -1.89420763141694
Cl           3.69095693563530        1.90235034863039       -1.90353229150522
Cl           5.24219300553692       -0.00028742647789       -0.00057745014065
Cl           3.69109441667176       -1.90264025011036        1.90280210161757
Cl           0.57250047022865       -1.89387678398727        1.89413992178114
C           -0.74052216380689        0.00007531672009        0.00003688079377
C           -1.44383923671713       -0.84861494779843       -0.84875888745436
C           -2.83607550031221       -0.85419929944138       -0.85420282385183
C           -3.53098300495207       -0.00003893358392        0.00032556958970
C           -2.83596827999751        0.85420954251595        0.85468243654364
C           -1.44373239144937        0.84874608937886        0.84894078420279
Cl          -0.57231455881198        1.89404393818419        1.89417919738480
Cl          -3.69090860304226        1.90245142263728        1.90351040194821
Cl          -5.24219813795160       -0.00036899798812        0.00073202104442
Cl          -3.69115326832811       -1.90256320778399       -1.90279960160292
Cl          -0.57254722981645       -1.89387540987488       -1.89413914637042
22
 energy: -71.235644184248 gnorm: 0.002442514587 xtb: 6.7.1 (edcfbbe)
C            0.74066748333038        0.00004599036574       -0.00006928229332
C            1.44271532015712       -0.84948476624173        0.84957414656992
C            2.83599251204138       -0.85492194997052        0.85482598596816
C            3.53131027729955       -0.00011283720153       -0.00033967430244
C            2.83592472562727        0.85478661836943       -0.85535795343020
C            1.44264601763674        0.84951418790558       -0.84983103795535
Cl           0.57179233779080        1.89304381203182       -1.89336769199953
Cl           3.69005884075659        1.90206463328216       -1.90315125048206
Cl           5.24077186650617       -0.00037113241111       -0.00065004667498
Cl           3.69020759921307       -1.90234720082003        1.90240539344112
Cl           0.57194749980115       -1.89291383863683        1.89328436336572
C           -0.74067273425334        0.00006543282191        0.00004143060781
C           -1.44273935221180       -0.84945721907567       -0.84959453475004
C           -2.83601728219081       -0.85488899234924       -0.85481980829378
C           -3.53131550756489       -0.00009420705578        0.00037462382150
C           -2.83591045134153        0.85483137338874        0.85535232447184
C           -1.44263250582915        0.84955397099020        0.84979834072236
Cl          -0.57175830970415        1.89308362825414        1.89331835109863
Cl          -3.69001872098207        1.90216060934270        1.90311472397513
Cl          -5.24077707807335       -0.00026959337082        0.00064419389996
Cl          -3.69025824945323       -1.90227660540196       -1.90241639787979
Cl          -0.57199198556047       -1.89290206498637       -1.89330571872314
22
 energy: -71.235649595804 gnorm: 0.000396298154 xtb: 6.7.1 (edcfbbe)
C            0.74082268521704        0.00004590041950       -0.00007431811564
C            1.44231195953264       -0.84997905941213        0.85006361475091
C            2.83630047533760       -0.85543825418838        0.85528594259588
C            3.53179156622466       -0.00016427885902       -0.00037858262487
C            2.83624209737529        0.85524925135365       -0.85585373904226
C            1.44225306181023        0.84999793726714       -0.85033058704596
Cl           0.57119214804741        1.89285809913299       -1.89326137010873
Cl           3.69021821514844        1.90246820679303       -1.90349120425218
Cl           5.24091066378134       -0.00029785789834       -0.00057036933615
Cl           3.69034430057379       -1.90275293534746        1.90277249727426
Cl           0.57132381048737       -1.89272551244188        1.89317050750095
C           -0.74082793537943        0.00007292467478        0.00003245390402
C           -1.44234454419991       -0.84993293545792       -0.85010097628788
C           -2.83633254229296       -0.85534335421882       -0.85532576502229
C           -3.53179682178968       -0.00003054136419        0.00032043578157
C           -2.83622053843566        0.85535608792844        0.85580198966894
C           -1.44223098229938        0.85005616965963        0.85028110608200
Cl          -0.57113683078547        1.89289625411691        1.89320466215143
Cl          -3.69016076677069        1.90256102245397        1.90348262235931
Cl          -5.24091586928634       -0.00038626396918        0.00075634491615
Cl          -3.69041224055928       -1.90268633796927       -1.90275484840364
Cl          -0.57138960874157       -1.89271467344262       -1.89319993558832
22
 energy: -71.235649749783 gnorm: 0.000173628798 xtb: 6.7.1 (edcfbbe)
C            0.74089934968225        0.00005051555602       -0.00007405922703
C            1.44224444496018       -0.85003775802584        0.85014548613882
C            2.83633439198574       -0.85546100843869        0.85537449010211
C            3.53177609839700       -0.00009275447086       -0.00031790230537
C            2.83627230775342        0.85535080110327       -0.85588493585644
C            1.44218087283012        0.85007913036065       -0.85040394809515
Cl           0.57104031777927        1.89285951496695       -1.89330493865728
Cl           3.69034023934336        1.90263436900475       -1.90364402754597
Cl           5.24102619528372       -0.00040620759353       -0.00067244512309
Cl           3.69047907328164       -1.90291104923613        1.90290445701408
Cl           0.57118122682841       -1.89272725073690        1.89320330491605
C           -0.74090459687116        0.00006720405693        0.00003356126191
C           -1.44227287268927       -0.85001679077817       -0.85017162073217
C           -2.83636336002302       -0.85545673358786       -0.85534513187553
C           -3.53178132634729       -0.00012515234731        0.00040527122517
C           -2.83625382249754        0.85536709278851        0.85590228388648
C           -1.44216294343269        0.85011214517320        0.85036576385916
Cl          -0.57099382985797        1.89290194302382        1.89323362459716
Cl          -3.69029587420025        1.90272076703321        1.90361214351794
Cl          -5.24103144082703       -0.00023592616850        0.00062654575571
Cl          -3.69053393627053       -1.90285122557842       -1.90290975619556
Cl          -0.57123821211292       -1.89271177687427       -1.89324768550348
22
 energy: -71.235649778814 gnorm: 0.000045755808 xtb: 6.7.1 (edcfbbe)
C            0.74091687751210        0.00004887141131       -0.00007231618023
C            1.44222324462108       -0.85004621507824        0.85015602972917
C            2.83629169791439       -0.85547964332145        0.85532237766419
C            3.53167984194226       -0.00017530875399       -0.00039466340166
C            2.83623115588628        0.85529030512753       -0.85589890331026
C            1.44216178765103        0.85007630505934       -0.85041685066724
Cl           0.57107271342347        1.89284939013214       -1.89330847666345
Cl           3.69033534474158        1.90264628149036       -1.90363517589396
Cl           5.24096723953528       -0.00029628696339       -0.00057662465245
Cl           3.69046462943292       -1.90291483091543        1.90292348955656
Cl           0.57120777784319       -1.89271073685920        1.89321939080729
C           -0.74092212145538        0.00006463783773        0.00003985859124
C           -1.44225471425551       -0.85001954214003       -0.85017729885609
C           -2.83632280299237       -0.85539275962199       -0.85535882580467
C           -3.53168510579004       -0.00002713651847        0.00031644874701
C           -2.83621055420570        0.85538923455544        0.85585041160863
C           -1.44214080995819        0.85011498133500        0.85038357548773
Cl          -0.57101818350758        1.89288343451743        1.89325223429385
Cl          -3.69027809619382        1.90272302222187        1.90363880959741
Cl          -5.24097246360928       -0.00034582850587        0.00070894225380
Cl          -3.69053235667167       -1.90286485232572       -1.90289309488598
Cl          -0.57127279886860       -1.89270347345352       -1.89324885686340
