12
 energy: -16.981736039870 gnorm: 0.027468191299 xtb: 6.7.1 (edcfbbe)
C           -1.92667051679674       -0.66484029046996        0.13577799970787
C           -0.94491375005318        0.43506513831885       -0.24497851126585
C            0.48213557076306        0.10571681049173        0.17778671173735
O            0.84709685555412       -1.02098816948492        0.46981912232525
N            1.33371241467588        1.17695866112354        0.20683062353126
H           -1.61198823755285       -1.62057667292834       -0.28797460723488
H           -1.97043422853118       -0.78688256962454        1.22122009900964
H           -2.92991508120095       -0.42792130195154       -0.22860966990501
H           -1.24324219952916        1.39828781472643        0.18739182167297
H           -0.93353164737971        0.57693274556831       -1.33468928789074
H            1.05381635117440        2.08001831246095       -0.13464761481932
H            2.31319129151151        1.00008470337303        0.35793187784429
12
 energy: -16.982338767707 gnorm: 0.007086824004 xtb: 6.7.1 (edcfbbe)
C           -1.92034214505123       -0.66006949303627        0.13574078907296
C           -0.94314959522958        0.43967887442332       -0.24689932918810
C            0.47769530751169        0.09925252759871        0.17285161160807
O            0.84508157327037       -1.01486131214409        0.46831973022797
N            1.32104566369735        1.16660700444265        0.20092291715162
H           -1.59998841607952       -1.60830690472496       -0.29008605818781
H           -1.95739490311226       -0.77483472122454        1.21757145700728
H           -2.91987247543087       -0.42656242824485       -0.22725887187150
H           -1.23772167715670        1.39418188361683        0.19953289807146
H           -0.93642428029026        0.57182085513852       -1.33497260569880
H            1.04188841832155        2.06847975829752       -0.14114052937306
H            2.29843935218465        0.99646913746069        0.37127655589273
12
 energy: -16.982405194987 gnorm: 0.001967998064 xtb: 6.7.1 (edcfbbe)
C           -1.92036570588371       -0.65884158534776        0.13528958524523
C           -0.94214827990253        0.44198498719006       -0.24774009229430
C            0.47677283100563        0.09574690562003        0.17305834264207
O            0.84715813927947       -1.01486529944203        0.46859911686725
N            1.31752711090731        1.16223908688147        0.19323247687162
H           -1.59641940247504       -1.60474682418936       -0.28951005005265
H           -1.95606201736822       -0.77094844552504        1.21572745217618
H           -2.91874611320961       -0.42845152732968       -0.22814756390575
H           -1.23271212468760        1.39222784736825        0.20572836508245
H           -0.93746432232909        0.57411622938491       -1.33403014691290
H            1.03820429733823        2.06516206711178       -0.14515700631582
H            2.29351240996035        0.99823173988090        0.37880808530946
12
 energy: -16.982429882626 gnorm: 0.002555774954 xtb: 6.7.1 (edcfbbe)
C           -1.92190090714016       -0.65908806971660        0.13503416450796
C           -0.94205744548976        0.44297258768245       -0.24767331372497
C            0.47784126301033        0.09255805384475        0.16941033887889
O            0.84902332842456       -1.01595915227190        0.47099453695119
N            1.31799037179315        1.15885494227365        0.18109150146833
H           -1.59456753897071       -1.60426927966215       -0.28811132734780
H           -1.95872610029375       -0.76877151637379        1.21521197938532
H           -2.91917928906036       -0.43032383689422       -0.23103417420281
H           -1.22852625826607        1.39010750974442        0.21235089518140
H           -0.94056533881772        0.57802543008947       -1.33235574431417
H            1.03865104748703        2.06515473111826       -0.14790980432765
H            2.29127368995866        1.00259378176920        0.38884951225715
12
 energy: -16.982444581108 gnorm: 0.002007362892 xtb: 6.7.1 (edcfbbe)
C           -1.92247725238253       -0.66002774914646        0.13414785628759
C           -0.94250974868967        0.44325506256356       -0.24603084221132
C            0.47752120147239        0.09290038824881        0.17217641948644
O            0.84839343463434       -1.01572734388932        0.47495701831194
N            1.32056715381153        1.15727475506358        0.17291108612361
H           -1.59275348200925       -1.60543552666319       -0.28722768706787
H           -1.96316886385346       -0.76900299246665        1.21449268370396
H           -2.91873207996929       -0.43203270267284       -0.23577479472737
H           -1.22896275211781        1.38906334280405        0.21670241667416
H           -0.94116067322523        0.58173100579328       -1.33026845720989
H            1.04030226177432        2.06646785757253       -0.14735058490796
H            2.29223762318986        1.00338908439619        0.38712345024952
12
 energy: -16.982462440684 gnorm: 0.001348158310 xtb: 6.7.1 (edcfbbe)
C           -1.92289880013231       -0.66166515801548        0.13254628554891
C           -0.94361974083752        0.44379942981255       -0.24219047031457
C            0.47752427390113        0.09374607484792        0.17364573559090
O            0.84527027099308       -1.01414458588955        0.48499868893326
N            1.32619773990993        1.15391277248483        0.15614227757829
H           -1.58865769134072       -1.60730838812384       -0.28573016410582
H           -1.97160269021359       -0.77048991112821        1.21308619838174
H           -2.91745245667622       -0.43581934924344       -0.24466188598983
H           -1.23111334639497        1.38771118754783        0.22493254458598
H           -0.94261291209969        0.58916100287295       -1.32584664829192
H            1.04358677828146        2.06901302721002       -0.14542912484508
H            2.29463539724460        1.00393907922795        0.38436512764098
12
 energy: -16.982471888858 gnorm: 0.001069157360 xtb: 6.7.1 (edcfbbe)
C           -1.92222896130689       -0.66266772015822        0.13032292972848
C           -0.94451436283889        0.44516014266525       -0.23789150664202
C            0.47661000655031        0.09505747025157        0.17660735036481
O            0.84081472085964       -1.01119534921667        0.49792521418123
N            1.33051348832111        1.15012693749356        0.14066612299318
H           -1.58313394897253       -1.60738017121092       -0.28616509082472
H           -1.97752901980609       -0.77266143589499        1.21050518611370
H           -2.91542327671749       -0.43985852054002       -0.25253488266282
H           -1.23420522946350        1.38698653915000        0.23318528426956
H           -0.94262680514368        0.59702436169682       -1.32099413251357
H            1.04429996385713        2.06937740739359       -0.14419963992492
H            2.29668024729607        1.00188551997356        0.37843172962993
12
 energy: -16.982476505504 gnorm: 0.000481361936 xtb: 6.7.1 (edcfbbe)
C           -1.92164282038004       -0.66284423160519        0.12888690164530
C           -0.94463999453620        0.44622698785063       -0.23597965670909
C            0.47587626453285        0.09595588591646        0.17909211335037
O            0.83866272702481       -1.00884628767771        0.50610442008481
N            1.33102695239801        1.14905346753177        0.13665892246817
H           -1.58119652645299       -1.60605220954076       -0.28937722432123
H           -1.97721705666847       -0.77535923504115        1.20854837850677
H           -2.91473269773112       -0.44067245118863       -0.25383426524478
H           -1.23552816623785        1.38696390576476        0.23657898531062
H           -0.94137784866584        0.60036890584277       -1.31875741292712
H            1.04283117704176        2.06753708403338       -0.14633122950810
H            2.29719481231028        0.99952335971720        0.37426863205711
12
 energy: -16.982478905049 gnorm: 0.000409927617 xtb: 6.7.1 (edcfbbe)
C           -1.92160399931167       -0.66342614047084        0.12742029925025
C           -0.94476238193177        0.44696595366227       -0.23428487012164
C            0.47550253501088        0.09661858677098        0.18175479277629
O            0.83714794623412       -1.00684098387171        0.51455780959997
N            1.33180507793900        1.14853188441757        0.13308907690600
H           -1.58080890154206       -1.60521681177165       -0.29367387264154
H           -1.97667075737937       -0.77899771984588        1.20674778655140
H           -2.91471950784850       -0.44039127353767       -0.25450483446345
H           -1.23643921050805        1.38635172092773        0.24034467566052
H           -0.94050748640824        0.60351994061786       -1.31664811109185
H            1.04240568324686        2.06649384939850       -0.15039670179490
H            2.29790782513399        0.99824617530637        0.37145251408178
12
 energy: -16.982481554687 gnorm: 0.000539425226 xtb: 6.7.1 (edcfbbe)
C           -1.92164736674231       -0.66418724673713        0.12586492121322
C           -0.94480084675082        0.44744124119623       -0.23287342156270
C            0.47523635089523        0.09738448032745        0.18466017197552
O            0.83595325697934       -1.00454653501783        0.52318766938127
N            1.33221543723706        1.14862033249625        0.13145117188815
H           -1.58219922821827       -1.60445374208031       -0.29966157929887
H           -1.97465094472612       -0.78404318491862        1.20480844290415
H           -2.91523836742952       -0.43884526685258       -0.25338414781667
H           -1.23733366840064        1.38538269306763        0.24385955573237
H           -0.93957250895707        0.60637274980983       -1.31476699466400
H            1.04303625563869        2.06502534326425       -0.15717819313071
H            2.29825845310962        0.99770431704835        0.36989096809111
12
 energy: -16.982485858476 gnorm: 0.000697169186 xtb: 6.7.1 (edcfbbe)
C           -1.92158208441105       -0.66541347872804        0.12340429065896
C           -0.94495341377769        0.44806350846116       -0.23074647560099
C            0.47462226222321        0.09854176346958        0.18931445927913
O            0.83378225720135       -1.00109278356407        0.53684753589190
N            1.33272732355719        1.14872728907218        0.12935863464216
H           -1.58501298311185       -1.60311274813479       -0.31010329784652
H           -1.97039630737434       -0.79277425399208        1.20171417047511
H           -2.91630534637008       -0.43595716333557       -0.25050922833481
H           -1.23893809183305        1.38384517599017        0.24920542827103
H           -0.93837434250872        0.61081179975502       -1.31195682176923
H            1.04514344605291        2.06254692852429       -0.16945337752078
H            2.29854410298730        0.99766914408569        0.36878324656688
12
 energy: -16.982492011690 gnorm: 0.000789948080 xtb: 6.7.1 (edcfbbe)
C           -1.92151648187364       -0.66735812979651        0.11956140274460
C           -0.94532296294401        0.44902114505944       -0.22708948955486
C            0.47346842677111        0.10060218701111        0.19682302324824
O            0.82999058376175       -0.99551243337019        0.55797583652044
N            1.33378764844854        1.14858932705666        0.12569765601758
H           -1.58930060879601       -1.60092502222228       -0.32633128297424
H           -1.96416442736336       -0.80679603833428        1.19674479108533
H           -2.91805508289871       -0.43194638155188       -0.24608021354679
H           -1.24171876491522        1.38170131054841        0.25744613193521
H           -0.93639598126819        0.61783776685503       -1.30727305278261
H            1.04936840831127        2.05848863690091       -0.18864653204830
H            2.29911606540166        0.99815281344709        0.36703029406824
12
 energy: -16.982497546583 gnorm: 0.000796993575 xtb: 6.7.1 (edcfbbe)
C           -1.92120947812050       -0.66919913062686        0.11585781632476
C           -0.94588010933571        0.45012605698107       -0.22316233723585
C            0.47213544937491        0.10262107171654        0.20405231797161
O            0.82578569124722       -0.99000793660700        0.57859507020003
N            1.33508132004214        1.14774775363496        0.12071174608998
H           -1.59235318173315       -1.59854866474743       -0.34133113386027
H           -1.95896321730633       -0.81997634959560        1.19173542179973
H           -2.91918282707458       -0.42881163100302       -0.24274714558022
H           -1.24492352774903        1.37977240862652        0.26584928096277
H           -0.93484885063556        0.62509125069211       -1.30235325333260
H            1.05381530645134        2.05423026484083       -0.20640012751605
H            2.29980024747443        0.99881008769142        0.36505090888894
12
 energy: -16.982502520940 gnorm: 0.000543169841 xtb: 6.7.1 (edcfbbe)
C           -1.92100666337333       -0.67076753111568        0.11254339624118
C           -0.94647329948097        0.45124715098259       -0.21918864097326
C            0.47087778324816        0.10457730763098        0.21051923894479
O            0.82180421107832       -0.98479134782922        0.59664105248615
N            1.33656305784912        1.14637756236017        0.11506655490501
H           -1.59389492807422       -1.59628061585824       -0.35343393560077
H           -1.95577729235626       -0.83093594244560        1.18707930296736
H           -2.91996791057829       -0.42726989531206       -0.24117336513761
H           -1.24786036862146        1.37821062666588        0.27372763118756
H           -0.93346304087269        0.63191042036142       -1.29742983560362
H            1.05776675347145        2.05030285036124       -0.22083040785430
H            2.30068852034535        0.99927459580205        0.36233757315035
12
 energy: -16.982507066398 gnorm: 0.000514596959 xtb: 6.7.1 (edcfbbe)
C           -1.92038415826593       -0.67229053749956        0.10924835685303
C           -0.94724917404869        0.45279191988417       -0.21492329229253
C            0.46943200811105        0.10645630913402        0.21679089683349
O            0.81726141310127       -0.97949293026745        0.61544439212049
N            1.33813310998524        1.14428043058376        0.10801735180121
H           -1.59377991931637       -1.59384765495247       -0.36482736561303
H           -1.95341867278047       -0.84135242264121        1.18242473279084
H           -2.91995072397165       -0.42639089898361       -0.24096799355409
H           -1.25110803915509        1.37684601602318        0.28234639752690
H           -0.93249937040807        0.63957711741103       -1.29215673118446
H            1.06122229227082        2.04612570534568       -0.23448228307434
H            2.30159805711306        0.99915212756599        0.35894410250534
12
 energy: -16.982511124801 gnorm: 0.000362242437 xtb: 6.7.1 (edcfbbe)
C           -1.92019257539430       -0.67372608015261        0.10580025246199
C           -0.94794101302983        0.45425195332246       -0.21028156344105
C            0.46819616938259        0.10855047504953        0.22340320221534
O            0.81330622903580       -0.97383173350752        0.63335962771844
N            1.33987848897192        1.14220037064536        0.10122773185851
H           -1.59319615304617       -1.59146464496664       -0.37521683300245
H           -1.95222720958844       -0.85084257036069        1.17759893670078
H           -2.92023619869110       -0.42628176058783       -0.24192925318109
H           -1.25419898617269        1.37525698614272        0.29134602906013
H           -0.93134024316405        0.64711377974856       -1.28639274329156
H            1.06430980425181        2.04203682360663       -0.24762124134421
H            2.30289851007964        0.99859158266356        0.35456441895799
12
 energy: -16.982514600532 gnorm: 0.000521962617 xtb: 6.7.1 (edcfbbe)
C           -1.91963153719666       -0.67519186253587        0.10256891268469
C           -0.94870319133118        0.45593777890370       -0.20603227581041
C            0.46697991495696        0.11049052569446        0.22926690708726
O            0.80924653962483       -0.96833169839594        0.65124625376786
N            1.34144146095189        1.14012511390986        0.09442140135217
H           -1.59217556240371       -1.58932001485944       -0.38502313946834
H           -1.95119523322846       -0.86002519683362        1.17308616470233
H           -2.91996459213966       -0.42618960333399       -0.24315129783074
H           -1.25711048378796        1.37370093121102        0.30042041630269
H           -0.93056751572709        0.65519332469212       -1.28096414877306
H            1.06701348011771        2.03788681650859       -0.26052806619969
H            2.30392354279852        0.99757906664266        0.35054743689807
12
 energy: -16.982517898492 gnorm: 0.000411884841 xtb: 6.7.1 (edcfbbe)
C           -1.91916066476354       -0.67664150593120        0.09918643777827
C           -0.94945947850907        0.45759225731368       -0.20157211032770
C            0.46582473838729        0.11252564601799        0.23551537528001
O            0.80564006036773       -0.96247669421327        0.66886122241025
N            1.34283605650964        1.13826378596345        0.08850633282467
H           -1.59094603388353       -1.58706426137550       -0.39488100888374
H           -1.95024660248138       -0.86883639273098        1.16838867149924
H           -2.91970291389982       -0.42603461419097       -0.24478712526686
H           -1.26023515316941        1.37179625486627        0.30992327767972
H           -0.92992697763447        0.66320707962481       -1.27517976530853
H            1.06966282171233        2.03334292482827       -0.27429656650191
H            2.30497096999939        0.99618070143097        0.34619382352941
12
 energy: -16.982520912398 gnorm: 0.000383118301 xtb: 6.7.1 (edcfbbe)
C           -1.91881146520170       -0.67826964602317        0.09536896584975
C           -0.95027694944435        0.45940062849700       -0.19669978728258
C            0.46464108131200        0.11492344415196        0.24220950974051
O            0.80174620863462       -0.95578177702692        0.68820199331607
N            1.34441189244349        1.13649089460867        0.08231205391890
H           -1.58982113592891       -1.58465733527000       -0.40548555091721
H           -1.94942140398227       -0.87865055400952        1.16305904868016
H           -2.91971393244586       -0.42631736174570       -0.24656257548296
H           -1.26337985982338        1.36956601658418        0.32056747203957
H           -0.92919509347406        0.67238724010640       -1.26877517526317
H            1.07287988704741        2.02820582094934       -0.28988261100316
H            2.30619759349817        0.99455781078130        0.34154522111695
12
 energy: -16.982523948542 gnorm: 0.000658410309 xtb: 6.7.1 (edcfbbe)
C           -1.91784055505286       -0.68082265951187        0.08946020254792
C           -0.95169526459468        0.46238243734226       -0.18896570391103
C            0.46247310711184        0.11874116212461        0.25320348474779
O            0.79549577523735       -0.94498073491645        0.71867901238280
N            1.34634391398516        1.13372217909313        0.07387692902013
H           -1.58766977914602       -1.58048950102001       -0.42304728190584
H           -1.94735246472223       -0.89438975653294        1.15470698730742
H           -2.91922139349177       -0.42607398189340       -0.24903871902587
H           -1.26895782180598        1.36610486228781        0.33714728615232
H           -0.92821372059506        0.68663163080507       -1.25856322080035
H            1.07807190940812        2.01933269715838       -0.31561679895374
H            2.30782311630129        0.99169684666693        0.33401638715128
12
 energy: -16.982525179383 gnorm: 0.000568808344 xtb: 6.7.1 (edcfbbe)
C           -1.91725399152853       -0.68264467269078        0.08504381020104
C           -0.95280113951857        0.46450933761247       -0.18321840203319
C            0.46105230029776        0.12169451213002        0.26086943185649
O            0.79120665501062       -0.93669228268363        0.74029002520151
N            1.34799797835359        1.13154160037777        0.06725625602290
H           -1.58579726361815       -1.57752171604791       -0.43468725623993
H           -1.94660947969175       -0.90509031241178        1.14833407899443
H           -2.91893562832260       -0.42667233811622       -0.25160579260862
H           -1.27313302141897        1.36329922113999        0.34953401289968
H           -0.92789211909069        0.69728241439860       -1.25086732604028
H            1.08215972846609        2.01250262783019       -0.33370978192301
H            2.30926280369636        0.98964679006481        0.32861950838181
12
 energy: -16.982525533919 gnorm: 0.000244844696 xtb: 6.7.1 (edcfbbe)
C           -1.91703825474703       -0.68250945743002        0.08505753921017
C           -0.95288127884900        0.46456892812086       -0.18328188295511
C            0.46082874012451        0.12182972943373        0.26077433124481
O            0.79072306282376       -0.93616745608923        0.74042592798053
N            1.34788069342713        1.13116817422927        0.06723166936954
H           -1.58559006909348       -1.57696489984245       -0.43526461450945
H           -1.94566136634197       -0.90541555593955        1.14818921385435
H           -2.91901098433342       -0.42678871288564       -0.25086017269162
H           -1.27321312902555        1.36342760284453        0.34925337529252
H           -0.92815994384965        0.69721016042523       -1.25091281248984
H            1.08242162321869        2.01187619975190       -0.33392411604554
H            2.30895772928120        0.98962046898489        0.32917010645247
12
 energy: -16.982525616943 gnorm: 0.000068277660 xtb: 6.7.1 (edcfbbe)
C           -1.91695563360627       -0.68254022212751        0.08501289944221
C           -0.95293453666630        0.46465756171711       -0.18334843463425
C            0.46070060572780        0.12190676376124        0.26099761490167
O            0.79047770076196       -0.93614277194084        0.74084033792088
N            1.34788784159824        1.13107324283703        0.06717072633367
H           -1.58578667300522       -1.57686250996863       -0.43575129003484
H           -1.94512449970026       -0.90584367401984        1.14808353732108
H           -2.91909079276417       -0.42672883232102       -0.25035419774242
H           -1.27331758034971        1.36356821173997        0.34910236937592
H           -0.92813313936501        0.69730164729805       -1.25099667136554
H            1.08258453496067        2.01177632465882       -0.33418912879713
H            2.30894899504343        0.98968943996915        0.32929080199160
