
         ______________________________________________________________
        |                                                              |
        |                                                              |
        |                   CENSO - Commandline ENSO                   |
        |                           v 2.1.2                            |
        |    energetic sorting of CREST Conformer Rotamer Ensembles    |
        |                    University of Bonn, MCTC                  |
        |                           Oct 2024                           |
        |                 based on ENSO version 2.0.1                  |
        |             L. M. Seidler, F. Bohle and S. Grimme            |
        |                                                              |
        |______________________________________________________________|

        Please cite:
        (TBA)
        S. Grimme, F. Bohle, A. Hansen, P. Pracht, S. Spicher, and M. Stahn
        J. Phys. Chem. A 2021, 125, 19, 4039-4054.
        DOI: https://doi.org/10.1021/acs.jpca.1c00971

        This program is distributed in the hope that it will be useful,
        but WITHOUT ANY WARRANTY; without even the implied warranty of
        MERCHANTABILITY or FITNESS FOR A PARTICULAR PURPOSE.

Reading configuration file from /home/mwang1/.censo2rc.
CALL: /software/projects/pawsey0265/mwang1/censo_screwed/bin/censo -i crest_conformers.xyz --maxcores 13 -O 1
Read 13 conformers.
Number of atoms:              31
Charge:                       0
Unpaired electrons:           0


----------------------------------------------------------------------------------------------------
                                          GENERAL SETTINGS                                          
----------------------------------------------------------------------------------------------------
    
imagthr:                      -100.0
sthr:                         0.0
scale:                        1.0
temperature:                  298.15
solvent:                      h2o
sm_rrho:                      alpb
multitemp:                    False
evaluate_rrho:                False
consider_sym:                 False
bhess:                        False
rmsdbias:                     False
balance:                      False
gas-phase:                    True
copy_mo:                      True
retry_failed:                 True
trange:                       [273.15, 373.15, 5]



----------------------------------------------------------------------------------------------------
                                            PRESCREENING                                            
----------------------------------------------------------------------------------------------------
    
threshold:                    4.0
func:                         pbe-d4
basis:                        def2-sv(p)
prog:                         orca
gfnv:                         gfn2
run:                          True
template:                     False


Running sp calculation for CONF2.
Running sp calculation for CONF1.
Running sp calculation for CONF4.
Running sp calculation for CONF3.
Running sp calculation for CONF5.
Running sp calculation for CONF6.
Running sp calculation for CONF7.
Running sp calculation for CONF9.
Running sp calculation for CONF8.
Running sp calculation for CONF11.
Running sp calculation for CONF10.
Running sp calculation for CONF12.
Running sp calculation for CONF13.


No longer considering CONF6.
No longer considering CONF7.
No longer considering CONF8.
No longer considering CONF9.
No longer considering CONF10.
No longer considering CONF11.
No longer considering CONF12.
No longer considering CONF13.

-------------------------------- PRESCREENING SINGLE-POINT RESULTS ---------------------------------

CONF#       E (xTB)        ΔE (xTB)          E (DFT)          ΔE (DFT)        ΔGsolv (xTB)          Gtot             ΔGtot          Boltzmann weight   
             [Eh]         [kcal/mol]          [Eh]           [kcal/mol]        [kcal/mol]           [Eh]           [kcal/mol]        % at 298.15 K     
CONF1         ---            ---           -745.177235          0.00              ---            -745.177235          0.00               64.90         
CONF2         ---            ---           -745.175119          1.33              ---            -745.175119          1.33                6.90         
CONF3         ---            ---           -745.175756          0.93              ---            -745.175756          0.93               13.55         
CONF4         ---            ---           -745.175640          1.00              ---            -745.175640          1.00               11.98         
CONF5         ---            ---           -745.174093          1.97              ---            -745.174093          1.97                2.33         

Boltzmann averaged free energy/enthalpy of ensemble on input geometries (not DFT optimized):
temperature /K:   avE(T) /a.u.   avG(T) /a.u.
    298.15        -742.6688409    -742.6688409     <<==part0==
----------------------------------------------------------------------------------------------------

Number of conformers:         5
Highest ranked conformer:     CONF1


Ran prescreening in 33.58 seconds!

----------------------------------------------------------------------------------------------------
                                             SCREENING                                              
----------------------------------------------------------------------------------------------------
    
threshold:                    3.5
func:                         r2scan-3c
basis:                        def2-tzvp
prog:                         orca
sm:                           smd
gfnv:                         gfn2
run:                          True
implicit:                     False
template:                     False


Running sp calculation for CONF1.
Running sp calculation for CONF3.
Running sp calculation for CONF2.
Running sp calculation for CONF4.
Running sp calculation for CONF5.

----------------------------- SCREENING SINGLE-POINT (+ mRRHO) RESULTS -----------------------------

CONF#        G (xTB)          ΔG (xTB)          E (DFT)         ΔGsolv       GmRRHO          Gtot             ΔGtot          Boltzmann weight   
               [Eh]          [kcal/mol]          [Eh]            [Eh]         [Eh]           [Eh]           [kcal/mol]        % at 298.15 K     
CONF1       -48.519924          ---           -746.593389        ---          ---         -746.593389          0.00               63.97         
CONF2       -48.518944          ---           -746.591448        ---          ---         -746.591448          1.22                8.19         
CONF3       -48.518508          ---           -746.591963        ---          ---         -746.591963          0.89               14.13         
CONF4       -48.518500          ---           -746.591868        ---          ---         -746.591868          0.95               12.78         
CONF5       -48.518450          ---           -746.589408        ---          ---         -746.589408          2.50                0.94         

Boltzmann averaged free energy/enthalpy of ensemble on input geometries (not DFT optimized):
temperature /K:   avE(T) /a.u.   avG(T) /a.u.
    298.15        -746.5927968    -746.5927968     <<==part1==
----------------------------------------------------------------------------------------------------


----------------------------------- SCREENING RANKING COMPARISON -----------------------------------

CONF#       ΔGtot prescreening       ΔGtot screening   
                [kcal/mol]             [kcal/mol]      
CONF1              0.00                   0.00         
CONF2              1.33                   1.22         
CONF3              0.93                   0.89         
CONF4              1.00                   0.95         
CONF5              1.97                   2.50         
----------------------------------------------------------------------------------------------------



Number of conformers:         5
Highest ranked conformer:     CONF1


Ran screening in 98.18 seconds!

----------------------------------------------------------------------------------------------------
                                            OPTIMIZATION                                            
----------------------------------------------------------------------------------------------------
    
optcycles:                    8
maxcyc:                       200
threshold:                    1.5
hlow:                         0.01
gradthr:                      0.01
func:                         r2scan-3c
basis:                        def2-tzvp
prog:                         orca
sm:                           smd
gfnv:                         gfn2
optlevel:                     normal
run:                          True
macrocycles:                  True
crestcheck:                   True
template:                     False
constrain:                    False
xtb_opt:                      True


Optimization using macrocycles, 8 microcycles per step.
Running xtb_opt calculation for CONF1.
Running xtb_opt calculation for CONF3.
Running xtb_opt calculation for CONF2.
Running xtb_opt calculation for CONF4.
Running xtb_opt calculation for CONF5.
Running xtb_rrho calculation for CONF1.
Running xtb_rrho calculation for CONF3.
Running xtb_rrho calculation for CONF4.
Running xtb_rrho calculation for CONF2.
Running xtb_rrho calculation for CONF5.

----------------------------------- OPTIMIZATION CYCLE 8 UPDATE ------------------------------------

CONF#          Gtot             ΔGtot          grad_norm       converged   
               [Eh]           [kcal/mol]        [Eh/a0]                    
CONF1       -746.391934          0.00          0.004326          False     
CONF2       -746.390520          0.89          0.002218          False     
CONF3       -746.390917          0.64          0.004678          False     
CONF4       -746.390901          0.65          0.007436          False     
CONF5       -746.388665          2.05          0.001403          False     
----------------------------------------------------------------------------------------------------
Running xtb_opt calculation for CONF1.
Running xtb_opt calculation for CONF4.
Running xtb_opt calculation for CONF3.
Running xtb_opt calculation for CONF2.
Running xtb_opt calculation for CONF5.

----------------------------------- OPTIMIZATION CYCLE 16 UPDATE -----------------------------------

CONF#          Gtot             ΔGtot          grad_norm       converged   
               [Eh]           [kcal/mol]        [Eh/a0]                    
CONF1       -746.392153          0.00          0.001818          False     
CONF2       -746.390625          0.96          0.001520          False     
CONF3       -746.391812          0.21          0.008879          False     
CONF4       -746.391455          0.44          0.007943          False     
CONF5       -746.388916          2.03          0.002008          False     
----------------------------------------------------------------------------------------------------
Running xtb_opt calculation for CONF1.
Running xtb_opt calculation for CONF3.
Running xtb_opt calculation for CONF4.
Running xtb_opt calculation for CONF2.
Running xtb_opt calculation for CONF5.
CONF1 converged after 33 steps.

----------------------------------- OPTIMIZATION CYCLE 24 UPDATE -----------------------------------

CONF#          Gtot             ΔGtot          grad_norm       converged   
               [Eh]           [kcal/mol]        [Eh/a0]                    
CONF1       -746.392156          0.40          0.000595          True      
CONF2       -746.390807          1.24          0.006687          False     
CONF3       -746.392786          0.00          0.008725          False     
CONF4       -746.392514          0.17          0.008655          False     
CONF5       -746.389729          1.92          0.004692          False     
----------------------------------------------------------------------------------------------------
Running xtb_opt calculation for CONF3.
Running xtb_opt calculation for CONF4.
Running xtb_opt calculation for CONF2.
Running xtb_opt calculation for CONF5.

----------------------------------- OPTIMIZATION CYCLE 32 UPDATE -----------------------------------

CONF#          Gtot             ΔGtot          grad_norm       converged   
               [Eh]           [kcal/mol]        [Eh/a0]                    
CONF1       -746.392156          0.62          0.000595          True      
CONF2       -746.391074          1.30          0.004553          False     
CONF3       -746.393079          0.04          0.003130          False     
CONF4       -746.393142          0.00          0.004412          False     
CONF5       -746.390735          1.51          0.002553          False     
----------------------------------------------------------------------------------------------------
Running xtb_opt calculation for CONF3.
Running xtb_opt calculation for CONF4.
Running xtb_opt calculation for CONF2.
Running xtb_opt calculation for CONF5.
CONF3 converged after 71 steps.

----------------------------------- OPTIMIZATION CYCLE 40 UPDATE -----------------------------------

CONF#          Gtot             ΔGtot          grad_norm       converged   
               [Eh]           [kcal/mol]        [Eh/a0]                    
CONF1       -746.392156          0.71          0.000595          True      
CONF2       -746.391206          1.31          0.001430          False     
CONF3       -746.393129          0.10          0.000349          True      
CONF4       -746.393295          0.00          0.002098          False     
CONF5       -746.391380          1.20          0.002695          False     
----------------------------------------------------------------------------------------------------
Running xtb_opt calculation for CONF4.
Running xtb_opt calculation for CONF2.
Running xtb_opt calculation for CONF5.
CONF4 converged after 83 steps.
CONF2 converged after 81 steps.
CONF5 converged after 86 steps.

----------------------------------- OPTIMIZATION CYCLE 48 UPDATE -----------------------------------

CONF#          Gtot             ΔGtot          grad_norm       converged   
               [Eh]           [kcal/mol]        [Eh/a0]                    
CONF1       -746.392156          0.72          0.000595          True      
CONF2       -746.391210          1.32          0.000708          True      
CONF3       -746.393129          0.11          0.000349          True      
CONF4       -746.393308          0.00          0.001042          True      
CONF5       -746.391439          1.17          0.000685          True      
----------------------------------------------------------------------------------------------------
Running xtb_rrho calculation for CONF1.
Running xtb_rrho calculation for CONF3.
Running xtb_rrho calculation for CONF4.
Running xtb_rrho calculation for CONF2.
Running xtb_rrho calculation for CONF5.

--------------------------------------- OPTIMIZATION RESULTS ---------------------------------------

CONF#       E (DFT) (+ ΔGsolv)       ΔE (DFT) (+ δΔGsolv)       GmRRHO          Gtot             ΔGtot          Boltzmann weight   
                   [Eh]                   [kcal/mol]             [Eh]           [Eh]           [kcal/mol]        % at 298.15 K     
CONF1          -746.596472                   0.05                ---         -746.392578          0.05               27.79         
CONF2          -746.594475                   1.30                ---         -746.391194          0.92                6.41         
CONF3          -746.596519                   0.02                ---         -746.392616          0.03               28.91         
CONF4          -746.596545                   0.00                ---         -746.392658          0.00               30.25         
CONF5          -746.594488                   1.29                ---         -746.391227          0.90                6.64         

Boltzmann averaged free energy/enthalpy of ensemble on optimized geometries:
temperature /K:   avE(T) /a.u.   avG(T) /a.u.
    298.15        -746.5962475    -746.3924348     <<==part2==
----------------------------------------------------------------------------------------------------


--------------------------------------- OPTIMIZATION RESULTS ---------------------------------------

CONF#       E (DFT) (+ ΔGsolv)       ΔE (DFT) (+ δΔGsolv)       GmRRHO          Gtot             ΔGtot          Boltzmann weight   
                   [Eh]                   [kcal/mol]             [Eh]           [Eh]           [kcal/mol]        % at 298.15 K     
CONF1          -746.596472                   0.05                ---         -746.392578          0.05               27.79         
CONF2          -746.594475                   1.30                ---         -746.391194          0.92                6.41         
CONF3          -746.596519                   0.02                ---         -746.392616          0.03               28.91         
CONF4          -746.596545                   0.00                ---         -746.392658          0.00               30.25         
CONF5          -746.594488                   1.29                ---         -746.391227          0.90                6.64         

Boltzmann averaged free energy/enthalpy of ensemble on optimized geometries:
temperature /K:   avE(T) /a.u.   avG(T) /a.u.
    298.15        -746.5962475    -746.3924348     <<==part2==
----------------------------------------------------------------------------------------------------


--------------------------------- OPTIMIZATION RANKING COMPARISON ----------------------------------

CONF#       ΔGtot prescreening       ΔGtot screening       ΔGtot optimization   
                [kcal/mol]             [kcal/mol]              [kcal/mol]       
CONF1              0.00                   0.00                    0.05          
CONF2              1.33                   1.22                    0.92          
CONF3              0.93                   0.89                    0.03          
CONF4              1.00                   0.95                    0.00          
CONF5              1.97                   2.50                    0.90          
----------------------------------------------------------------------------------------------------



Number of conformers:         5
Highest ranked conformer:     CONF4


Ran optimization in 4961.72 seconds!

Ran CENSO in 01:24:53

CENSO all done!
