17
 energy: -27.180500804867 gnorm: 0.020536733500 xtb: 6.7.1 (edcfbbe)
C           -2.75525982070138       -0.79721973977036        0.00016266071587
O           -1.79789238866495        0.25541753339992       -0.00006270651505
C           -0.48372438172572       -0.10167657126723       -0.00003791214811
C           -0.00345090666293       -1.40822920462606       -0.00005951462936
C            1.37067793582678       -1.65870909672058       -0.00001692366419
C            2.27079141795977       -0.60505779721568        0.00004672442739
C            1.79671706962450        0.70710662523497        0.00005756142172
C            0.43375906380268        0.96796436105798        0.00001164981229
O           -0.08891668209562        2.23067828029530        0.00002144066520
H           -2.65963323659255       -1.42385602819660        0.89674327616480
H           -2.65992847544564       -1.42399286126344       -0.89635512262486
H           -3.73113393539438       -0.31022480637034        0.00028176962338
H           -0.69441549980423       -2.24201484041457       -0.00011515692172
H            1.72448488353488       -2.68390915117216       -0.00003301446133
H            3.33924079122088       -0.79037915249172        0.00009035559805
H            2.49546671940638        1.54073487235451        0.00011201802072
H            0.64066568372980        2.86034699539307        0.00004787128259
17
 energy: -27.181142500106 gnorm: 0.007851321629 xtb: 6.7.1 (edcfbbe)
C           -2.75801844486758       -0.79607563063671        0.00016015299463
O           -1.79861759922989        0.24076966288468       -0.00004678645561
C           -0.48299372691695       -0.10980055062898       -0.00002812543844
C            0.00331382589910       -1.40860151894090       -0.00005150827080
C            1.37124447315012       -1.65121573515188       -0.00001646061270
C            2.26480564027111       -0.60065306434394        0.00004266675459
C            1.79138410208138        0.70441364171836        0.00005379731968
C            0.43257886705848        0.96125324308806        0.00001526050272
O           -0.07956933679659        2.22536780612656        0.00002574135647
H           -2.66719723636280       -1.42014488188288        0.89527947915546
H           -2.66747306653276       -1.42026224631898       -0.89490597456573
H           -3.72687214155731       -0.29968810955031        0.00027322949457
H           -0.67809775329883       -2.24500002377567       -0.00010220916163
H            1.72691280964497       -2.67125615709922       -0.00003346374796
H            3.32920343244830       -0.78385668344123        0.00007984445037
H            2.48710408730129        1.53507231307984        0.00010015386259
H            0.64974030572621        2.85665735310021        0.00004917912918
17
 energy: -27.181212427914 gnorm: 0.003078876807 xtb: 6.7.1 (edcfbbe)
C           -2.75868873152644       -0.79485618834578        0.00015593336151
O           -1.79982030525255        0.23449923269464       -0.00002866176271
C           -0.48334085730900       -0.11267567081306       -0.00001720767359
C            0.00601452650526       -1.40894846861254       -0.00004105790007
C            1.37279973006479       -1.64932439867007       -0.00001483798250
C            2.26455957288243       -0.59903629934178        0.00003586733890
C            1.78950448786413        0.70392346704578        0.00004852615743
C            0.43124802498760        0.95922145262779        0.00001936698589
O           -0.07429385814009        2.22434879766824        0.00003164493523
H           -2.67417917367487       -1.42072627123652        0.89410353114376
H           -2.67443238111539       -1.42082233736129       -0.89374841921393
H           -3.72487236835290       -0.29400384037788        0.00026295006188
H           -0.67207494749505       -2.24691186025948       -0.00008433256675
H            1.72956405686506       -2.66771372151459       -0.00003282903031
H            3.32786794506798       -0.78117491228676        0.00006567141887
H            2.48307334501990        1.53447570729526        0.00008759901277
H            0.65451917162740        2.85670472971507        0.00005123248102
17
 energy: -27.181221313369 gnorm: 0.001113207786 xtb: 6.7.1 (edcfbbe)
C           -2.75907479522959       -0.79398504099039        0.00015195481457
O           -1.80040808773315        0.23282714673252       -0.00001197257189
C           -0.48344458173972       -0.11313935815863       -0.00000683340789
C            0.00687205861810       -1.40912442389074       -0.00003117020756
C            1.37392459900553       -1.64947279868678       -0.00001322122159
C            2.26564380640842       -0.59879633309981        0.00002947934997
C            1.78935478902145        0.70389728493816        0.00004376473317
C            0.43067714681200        0.95902628855984        0.00002329915887
O           -0.07263008707348        2.22450148648193        0.00003722190865
H           -2.67755964314982       -1.42161678871632        0.89372547773161
H           -2.67779201056154       -1.42169469938931       -0.89338795283903
H           -3.72511059829311       -0.29212945277276        0.00025334674318
H           -0.67086226996462       -2.24757565147098       -0.00006783093278
H            1.73105628246910       -2.66776650019275       -0.00003157190098
H            3.32903514275598       -0.78049687646996        0.00005169142190
H            2.48198869724411        1.53518365301758        0.00007646603364
H            0.65577778942861        2.85734148233541        0.00005282795355
17
 energy: -27.181222519327 gnorm: 0.000429027634 xtb: 6.7.1 (edcfbbe)
C           -2.75918522143573       -0.79339504262199        0.00014624546860
O           -1.80073850908704        0.23235172918654        0.00001332760984
C           -0.48333616854592       -0.11293925758993        0.00000869066716
C            0.00723763717389       -1.40911664473465       -0.00001632115572
C            1.37456116414711       -1.64993283073577       -0.00001067524645
C            2.26657389550393       -0.59889814064201        0.00001980111996
C            1.78955165395934        0.70376203652941        0.00003656594274
C            0.43042221844008        0.95925263414660        0.00002916331129
O           -0.07198622581202        2.22485008769568        0.00004579431164
H           -2.67920828370336       -1.42234604247541        0.89364567602667
H           -2.67940821819595       -1.42239834505969       -0.89333429406626
H           -3.72575416863185       -0.29171926309069        0.00023810509981
H           -0.67098314048856       -2.24754354274221       -0.00004321301017
H            1.73175430412518       -2.66844384658265       -0.00002942414690
H            3.33022534851308       -0.78034173654109        0.00003045605112
H            2.48163122560044        1.53587627342847        0.00005991395805
H            0.65609072645564        2.85796135005641        0.00005516482601
17
 energy: -27.181222753460 gnorm: 0.000085817474 xtb: 6.7.1 (edcfbbe)
C           -2.75900945911319       -0.79362330346969        0.00014482356056
O           -1.80066534513071        0.23263603061714        0.00002064770130
C           -0.48329118765226       -0.11279851790790        0.00001302490947
C            0.00706567052022       -1.40903682855716       -0.00001222293907
C            1.37423949746130       -1.64987753047842       -0.00001009870251
C            2.26625425367353       -0.59894235703880        0.00001702352336
C            1.78955090497082        0.70370174047287        0.00003452972480
C            0.43052885681650        0.95932013812023        0.00003080986195
O           -0.07222650080939        2.22485977430908        0.00004832371860
H           -2.67839974064908       -1.42219501504865        0.89371364029779
H           -2.67858934787052       -1.42224118389878       -0.89340881588618
H           -3.72562968873063       -0.29223484160152        0.00023291389395
H           -0.67129840407355       -2.24726939730396       -0.00003638189520
H            1.73133600651752       -2.66838340659134       -0.00002889785452
H            3.32985810548852       -0.78047788434854        0.00002452232813
H            2.48177757316605        1.53567933089815        0.00005528016323
H            0.65594704343314        2.85786267005430        0.00005585436172
17
 energy: -27.181222761353 gnorm: 0.000029281231 xtb: 6.7.1 (edcfbbe)
C           -2.75895927100585       -0.79367124718909        0.00014217517994
O           -1.80070299512928        0.23262332865632        0.00003342769676
C           -0.48328558237610       -0.11275170790848        0.00002078716983
C            0.00705152000492       -1.40900876835774       -0.00000488841526
C            1.37418060545799       -1.64987099656633       -0.00000902465261
C            2.26620273268526       -0.59893866828672        0.00001212614367
C            1.78954031453263        0.70368024385827        0.00003098573015
C            0.43051972211793        0.95935444475941        0.00003381386517
O           -0.07215890866056        2.22490520754347        0.00005271969999
H           -2.67832783789255       -1.42223597500938        0.89369959922991
H           -2.67849950608337       -1.42227078677888       -0.89340638926775
H           -3.72559860371963       -0.29234373041072        0.00022394529975
H           -0.67136946528919       -2.24717578406197       -0.00002421208798
H            1.73127295054852       -2.66836428468824       -0.00002814739526
H            3.32979102873160       -0.78049501002744        0.00001391965776
H            2.48174905028055        1.53565903947121        0.00004707382170
H            0.65604248381537        2.85788411322335        0.00005706509163
