23
 energy: -32.932751648356 gnorm: 0.016829879239 xtb: 6.7.1 (edcfbbe)
C           -3.44840354134265       -0.12154728823728       -0.00049478121271
C           -3.00515955221170        1.20170247682033       -0.00018352174183
C           -1.64461855525711        1.49595549212657        0.00022961070182
C           -0.73078152085357        0.44456375369077        0.00032840452755
C           -1.17935235525436       -0.88952011305552        0.00017230783663
C           -2.53492478548040       -1.17656481221556       -0.00027612957720
C            0.00000394820883       -1.83032664532978        0.00051296251513
C            1.17935514381129       -0.88951379884582        0.00022116776572
C            0.73077935446522        0.44456624820684        0.00032797001059
C            1.64461153144682        1.49596446938978        0.00013415972399
C            3.00515093424678        1.20171720566322       -0.00026634331137
C            3.44840169334383       -0.12153311319857       -0.00045386506757
C            2.53493063101715       -1.17655410745598       -0.00017553082858
H           -4.51322519069720       -0.33113974756337       -0.00093403415638
H           -3.73020737462119        2.00940546466988       -0.00031146381408
H           -1.30585931372678        2.52757744357775        0.00042649029695
H           -2.88531653612993       -2.20486533582198       -0.00051325686322
H           -0.00002181591398       -2.48458329214398        0.88197010077124
H            0.00003337828991       -2.48562476967815       -0.88014316244714
H            1.30583912434063        2.52758198572188        0.00022359985478
H            3.73020316537329        2.00941601978419       -0.00049039125755
H            4.51322635423809       -0.33111009532131       -0.00085257798323
H            2.88532174678308       -2.20485498860342       -0.00032763648315
23
 energy: -32.933659713705 gnorm: 0.003200918895 xtb: 6.7.1 (edcfbbe)
C           -3.43135341773287       -0.12182461144190       -0.00045382828715
C           -2.99244041786808        1.19533443575285       -0.00018208970297
C           -1.63876277081495        1.49185265778694        0.00018713423263
C           -0.72785143281941        0.44603909901924        0.00029014496330
C           -1.17304888821298       -0.88545745825494        0.00016016251511
C           -2.52279851886911       -1.17257063767301       -0.00024522226156
C            0.00000384118061       -1.82578779565423        0.00047404923066
C            1.17305168200804       -0.88545147618539        0.00019993166120
C            0.72784871191710        0.44604181352800        0.00028742042831
C            1.63875527653920        1.49186120154256        0.00010472856716
C            2.99243245368650        1.19534891811163       -0.00025385050398
C            3.43135198152344       -0.12180990384810       -0.00041765918483
C            2.52280375209517       -1.17255954650166       -0.00016042808792
H           -4.49219526387296       -0.33130665318871       -0.00083991475965
H           -3.71686062650003        1.99835411228164       -0.00030202579570
H           -1.30267175028959        2.51949671186304        0.00036164724763
H           -2.87218500825608       -2.19670282350600       -0.00043604871900
H           -0.00001692260994       -2.47455811016093        0.88174184839767
H            0.00002799421784       -2.47548481241736       -0.88008557499799
H            1.30265427202992        2.51950196462786        0.00020087553061
H            3.71685390307480        1.99836741790133       -0.00044897194548
H            4.49219605869808       -0.33128074674054       -0.00077211897133
H            2.87219155495134       -2.19669130466184       -0.00028613029631
23
 energy: -32.933695218378 gnorm: 0.000811035180 xtb: 6.7.1 (edcfbbe)
C           -3.42713958511609       -0.12201773773108       -0.00039733151490
C           -2.98929894968669        1.19395920485303       -0.00017845206788
C           -1.63677764897863        1.49140567558538        0.00014287006749
C           -0.72694821093476        0.44645453516624        0.00024757661162
C           -1.17142156443322       -0.88469044936024        0.00014981526758
C           -2.51979803000509       -1.17244303847427       -0.00019962275727
C            0.00000372672989       -1.82415838938083        0.00042172276636
C            1.17142433897740       -0.88468469778880        0.00017895600404
C            0.72694514167182        0.44645749398948        0.00024648984987
C            1.63676980150144        1.49141379720318        0.00008217779674
C            2.98929148159003        1.19397345109844       -0.00023239018133
C            3.42713846788979       -0.12200247038297       -0.00037072447078
C            2.51980276839696       -1.17243161054501       -0.00013622503046
H           -4.48690601404745       -0.33158252986537       -0.00073655950453
H           -3.71359745766866        1.99569391621504       -0.00029730825952
H           -1.30036326004516        2.51770186647588        0.00028183554222
H           -2.86816025212720       -2.19565585221431       -0.00035595948913
H           -0.00001134263513       -2.47104696222291        0.88153324647140
H            0.00002198214311       -2.47184787040598       -0.88008059361702
H            1.30034785337730        2.51770749824000        0.00016040976619
H            3.71358883412233        1.99570918890126       -0.00041072576400
H            4.48690653107317       -0.33155912703301       -0.00068421183432
H            2.86816785228088       -2.19564344014266       -0.00024091639195
23
 energy: -32.933695966112 gnorm: 0.000160491180 xtb: 6.7.1 (edcfbbe)
C           -3.42684615214260       -0.12197271015233       -0.00033455644662
C           -2.98911378950316        1.19400080961281       -0.00017276152017
C           -1.63642154289118        1.49173546159257        0.00009382549400
C           -0.72683080150387        0.44652563959079        0.00019817421526
C           -1.17133461406996       -0.88476993085478        0.00013214410948
C           -2.51966194028069       -1.17283309120608       -0.00015478165637
C            0.00000363698219       -1.82399212153585        0.00036206194162
C            1.17133737530436       -0.88476434326871        0.00015234567896
C            0.72682751373639        0.44652881937097        0.00019662837996
C            1.63641344009493        1.49174327827213        0.00005103773844
C            2.98910664740289        1.19401487644675       -0.00021037564666
C            3.42684524380670       -0.12195702788697       -0.00031584590958
C            2.51966632706603       -1.17282145221822       -0.00011039646049
H           -4.48656219708243       -0.33159410087841       -0.00061294926953
H           -3.71350691903062        1.99556793781744       -0.00028733381198
H           -1.29935461326603        2.51773653543647        0.00019281367088
H           -2.86751654855827       -2.19608324212950       -0.00026661162175
H           -0.00000617777369       -2.47068563812786        0.88142390759141
H            0.00001652546174       -2.47135161759573       -0.88019394145254
H            1.29934060116273        2.51774239770867        0.00011128270545
H            3.71349703465390        1.99558447737468       -0.00036444627946
H            4.48656251899019       -0.33157225527448       -0.00057757453428
H            2.86752489551652       -2.19607024991389       -0.00018856765563
23
 energy: -32.933695309827 gnorm: 0.000806065028 xtb: 6.7.1 (edcfbbe)
C           -3.42655001876854       -0.12191955380219       -0.00026651078837
C           -2.98892482386839        1.19404405182533       -0.00016644572167
C           -1.63606217398777        1.49206663124277        0.00004070280182
C           -0.72671407088947        0.44659410796058        0.00014445229624
C           -1.17125230257461       -0.88485200255147        0.00011288432086
C           -2.51953063863626       -1.17322272382779       -0.00010620448220
C            0.00000354336423       -1.82383034375117        0.00029746733925
C            1.17125505051756       -0.88484658649987        0.00012344578997
C            0.72671055546744        0.44659752031368        0.00014257074097
C            1.63605380394206        1.49207413081651        0.00001731651596
C            2.98891802147189        1.19405793098099       -0.00018647730884
C            3.42654932709775       -0.12190343913823       -0.00025635750291
C            2.51953465754802       -1.17321086680920       -0.00008234561237
H           -4.48621839235626       -0.33159600205087       -0.00047928957450
H           -3.71341503189855        1.99544320645102       -0.00027612787026
H           -1.29832669664955        2.51776658170988        0.00009679016620
H           -2.86687355673070       -2.19651067600416       -0.00017051026122
H           -0.00000063948967       -2.47033990861518        0.88130596018362
H            0.00001068410614       -2.47086049879583       -0.88031654109952
H            1.29831413531016        2.51777268544174        0.00005768145666
H            3.71340383813154        1.99546106123766       -0.00031453295101
H            4.48621851115827       -0.33157577303547       -0.00046198419556
H            2.86688268181078       -2.19649708091826       -0.00013186498272
23
 energy: -32.933695998307 gnorm: 0.000018805536 xtb: 6.7.1 (edcfbbe)
C           -3.42683647594766       -0.12188794734868       -0.00028006048781
C           -2.98909120758984        1.19403076865597       -0.00016635263805
C           -1.63639755199041        1.49176075176155        0.00005166391646
C           -0.72684526173055        0.44649902137231        0.00015355314349
C           -1.17139574938996       -0.88479970549307        0.00011575842454
C           -2.51972951900536       -1.17283663642789       -0.00011610726688
C            0.00000359761234       -1.82405379694441        0.00031102944798
C            1.17139851023005       -0.88479419671404        0.00012872272138
C            0.72684188033706        0.44650232137134        0.00015324844942
C            1.63638932540772        1.49176844434069        0.00002432550231
C            2.98908420627197        1.19404474991248       -0.00019095151229
C            3.42683564938660       -0.12187208530290       -0.00026817592953
C            2.51973373800290       -1.17282492588796       -0.00008735946690
H           -4.48659305932156       -0.33150244930412       -0.00050893952516
H           -3.71351365352175        1.99560869114369       -0.00027468329131
H           -1.29915450482488        2.51771137673023        0.00012032887687
H           -2.86753504680620       -2.19611308135167       -0.00019658802287
H           -0.00000231359466       -2.47086677021595        0.88133700523061
H            0.00001254481462       -2.47142408814750       -0.88029209650753
H            1.29914107070834        2.51771735126607        0.00006501475797
H            3.71350326955682        1.99562572789396       -0.00032686993298
H            4.48659329917597       -0.33148121221642       -0.00048494539062
H            2.86754371629451       -2.19609985691320       -0.00014344123866
23
 energy: -32.933695319817 gnorm: 0.000791756232 xtb: 6.7.1 (edcfbbe)
C           -3.42714525986804       -0.12187961976697       -0.00028005383215
C           -2.98927369665379        1.19403129417564       -0.00016254813867
C           -1.63673643066089        1.49145209878570        0.00005282232507
C           -0.72697570043604        0.44639673653656        0.00015017595914
C           -1.17152272568793       -0.88475130863787        0.00011151409588
C           -2.51992072987640       -1.17245642178208       -0.00011941732311
C            0.00000365716236       -1.82427846698763        0.00031054186959
C            1.17152550218463       -0.88474569800664        0.00012702948859
C            0.72697246717554        0.44639991516443        0.00015015807021
C            1.63672836146075        1.49146000451843        0.00002094204339
C            2.98926647533868        1.19404538760035       -0.00019124714783
C            3.42714428207290       -0.12186403450159       -0.00026608102232
C            2.51992516665853       -1.17244487103237       -0.00008579688606
H           -4.48698512523796       -0.33143717531004       -0.00050896416517
H           -3.71361662364511        1.99580270675701       -0.00026611336246
H           -1.30001496659163        2.51767408834916        0.00012489782475
H           -2.86821392340973       -2.19572217931887       -0.00020464319376
H           -0.00000376876606       -2.47138790215566        0.88134019160686
H            0.00001420101836       -2.47195667936539       -0.88028728211136
H            1.30000058040433        2.51767991905741        0.00005796852087
H            3.71360713285207        1.99581884067384       -0.00032805732483
H            4.48698549400897       -0.33141482679649       -0.00048033003450
H            2.86822209457253       -2.19570935577645       -0.00014162800173
23
 energy: -32.933695999766 gnorm: 0.000020375793 xtb: 6.7.1 (edcfbbe)
C           -3.42684844637432       -0.12187246492660       -0.00024964575308
C           -2.98908907633978        1.19404292354039       -0.00016126628844
C           -1.63638821459457        1.49175685108755        0.00002853528055
C           -0.72684560939400        0.44647947964502        0.00012749119361
C           -1.17139674079474       -0.88481304604297        0.00010421036966
C           -2.51973946911480       -1.17283080444324       -0.00009685103463
C            0.00000358615002       -1.82407063301415        0.00028142571617
C            1.17139950502989       -0.88480755857790        0.00011478742829
C            0.72684220365520        0.44648281827529        0.00012695843889
C            1.63637995282103        1.49176451291619        0.00000670347718
C            2.98908211073649        1.19405688151427       -0.00018060212707
C            3.42684763519042       -0.12185655544366       -0.00023999275211
C            2.51974364020756       -1.17281907934465       -0.00007380098276
H           -4.48660879284638       -0.33147593857041       -0.00044776307694
H           -3.71351064097793        1.99562524848742       -0.00026471739353
H           -1.29911442559981        2.51769717947524        0.00007893687796
H           -2.86756045995496       -2.19609494516399       -0.00015667991121
H           -0.00000074393138       -2.47093187508874        0.88128130389915
H            0.00001094282856       -2.47142962583586       -0.88034113817061
H            1.29910114206384        2.51770318764519        0.00003717791260
H            3.71350013813672        1.99564240197530       -0.00030453128165
H            4.48660900901194       -0.33145484738515       -0.00042984918243
H            2.86756921816707       -2.19608165854408       -0.00011661337919
23
 energy: -32.933695320003 gnorm: 0.000823677514 xtb: 6.7.1 (edcfbbe)
C           -3.42656099136689       -0.12187613436266       -0.00022855731607
C           -2.98891468751178        1.19405406430565       -0.00016106297756
C           -1.63604654088951        1.49206180551716        0.00001167015622
C           -0.72671542951231        0.44656549491589        0.00011279699823
C           -1.17126581026039       -0.88487188069129        0.00009987354830
C           -2.51955493361174       -1.17320732274223       -0.00008080537560
C            0.00000352086219       -1.82385862039021        0.00026102786976
C            1.17126856216494       -0.88486650539123        0.00010651208891
C            0.72671186468411        0.44656897670358        0.00011090165438
C            1.63603810393478        1.49206924101229       -0.00000319589233
C            2.98890795780644        1.19406789872248       -0.00017333371895
C            3.42656033548488       -0.12185992575082       -0.00022202656398
C            2.51955886262684       -1.17319543290436       -0.00006575615368
H           -4.48623986811707       -0.33152785082294       -0.00040435837087
H           -3.71341281780219        1.99544884123419       -0.00026581900620
H           -1.29824078355450        2.51772983029090        0.00004522304907
H           -2.86690708807677       -2.19647045795455       -0.00012040927531
H            0.00000170764738       -2.47045651795857        0.88123740408689
H            0.00000827418376       -2.47090132373990       -0.88037872642000
H            1.29822852129249        2.51773599956117        0.00002436037625
H            3.71340137358615        1.99546694407654       -0.00028725288709
H            4.48623994302106       -0.33150793079901       -0.00039509614349
H            2.86691638748419       -2.19645674065161       -0.00009929046647
23
 energy: -32.933696000876 gnorm: 0.000018777335 xtb: 6.7.1 (edcfbbe)
C           -3.42682164741263       -0.12186777823670       -0.00021029341209
C           -2.98906412178321        1.19405014147119       -0.00015449417760
C           -1.63637275350811        1.49175247539891       -0.00000119412165
C           -0.72684533558791        0.44647182456891        0.00009360918123
C           -1.17139670475542       -0.88481746201158        0.00008987222915
C           -2.51973482313197       -1.17283082692350       -0.00007144715290
C            0.00000357774260       -1.82407654020279        0.00024377211731
C            1.17139946918231       -0.88481199348874        0.00009667058183
C            0.72684190965790        0.44647519267641        0.00009334036261
C            1.63636446253863        1.49176011299213       -0.00001545578136
C            2.98905718544864        1.19406407964393       -0.00016719242103
C            3.42682085179921       -0.12185183041315       -0.00020414976517
C            2.51973895329507       -1.17281908974487       -0.00005657214588
H           -4.48658107974680       -0.33147746443467       -0.00037134978211
H           -3.71347955356342        1.99564073457498       -0.00025040389099
H           -1.29907439043371        2.51768694760175        0.00002809579781
H           -2.86755944080988       -2.19610439784798       -0.00010897562564
H            0.00000121802480       -2.47095550707230        0.88121740184016
H            0.00000895575349       -2.47137957958098       -0.88040896477918
H            1.29906123267543        2.51769298071153       -0.00000007838829
H            3.71346895175808        1.99565798546331       -0.00027710113185
H            4.48658127715871       -0.33145649098043       -0.00035919027296
H            2.86756826977427       -2.19609106198489       -0.00008182000099
23
 energy: -32.933695319205 gnorm: 0.000842536622 xtb: 6.7.1 (edcfbbe)
C           -3.42709326889932       -0.12186896116460       -0.00018478974893
C           -2.98922349637741        1.19404881021523       -0.00014577207787
C           -1.63670377592082        1.49144265423160       -0.00001919155006
C           -0.72697512272508        0.44637762519345        0.00006759109158
C           -1.17152224609260       -0.88476319074010        0.00007611750437
C           -2.51991333725989       -1.17245625282914       -0.00005853709282
C            0.00000363835485       -1.82429381798733        0.00021912398850
C            1.17152502355862       -0.88475762192024        0.00008313378163
C            0.72697184504041        0.44638086979018        0.00006860337966
C            1.63669564200979        1.49145050668391       -0.00003307587420
C            2.98921633934748        1.19406285980721       -0.00015883585718
C            3.42709232458777       -0.12185329127390       -0.00017888686316
C            2.51991768338948       -1.17244467589420       -0.00004376696638
H           -4.48693170220153       -0.33143749171845       -0.00032321113409
H           -3.71355285473779        1.99583798646958       -0.00023062252776
H           -1.29992875153778        2.51765223831522        0.00000167130242
H           -2.86821767986630       -2.19573966783757       -0.00008914111262
H            0.00000077655909       -2.47145282129910        0.88118463018511
H            0.00000959968643       -2.47184362752665       -0.88045081273091
H            1.29991464313005        2.51765812487559       -0.00003282414760
H            3.71354314668355        1.99585433368049       -0.00026159986354
H            4.48693202907250       -0.33141540169160       -0.00030862223424
H            2.86822600827456       -2.19572673519910       -0.00005710219152
23
 energy: -32.933696001115 gnorm: 0.000020840625 xtb: 6.7.1 (edcfbbe)
C           -3.42684888099184       -0.12186200438954       -0.00019483157915
C           -2.98908203688463        1.19405365837998       -0.00015113839094
C           -1.63637956257580        1.49175409610580       -0.00001246845414
C           -0.72684622659412        0.44646529008350        0.00007993887249
C           -1.17139882190223       -0.88482497690899        0.00008352481014
C           -2.51974771015279       -1.17282804106810       -0.00006218698439
C            0.00000357626388       -1.82408418624597        0.00022856577470
C            1.17140158761540       -0.88481950808051        0.00008936621844
C            0.72684279990112        0.44646866071311        0.00007955664487
C            1.63637127059157        1.49176173298902       -0.00002498655931
C            2.98907510060983        1.19406759652712       -0.00016218510112
C            3.42684808306032       -0.12184605595445       -0.00018941937549
C            2.51975183968187       -1.17281630526174       -0.00004924549344
H           -4.48661084555333       -0.33145841737699       -0.00034071427206
H           -3.71350000938138        1.99563988305578       -0.00024359618031
H           -1.29908266565418        2.51768761050271        0.00000842283575
H           -2.86758396064817       -2.19608735718766       -0.00009066188922
H            0.00000177073695       -2.47100149655536        0.88118890720258
H            0.00000840132020       -2.47139704188673       -0.88043260964172
H            1.29906950888641        2.51769364778650       -0.00001613822207
H            3.71348940766958        1.99565713306038       -0.00026648403033
H            4.48661104273620       -0.33143744559638       -0.00033015497085
H            2.86759279534121       -2.19607402051099       -0.00006738195403
23
 energy: -32.933695316039 gnorm: 0.000870178804 xtb: 6.7.1 (edcfbbe)
C           -3.42660234085623       -0.12185327794630       -0.00020426590374
C           -2.98893848882933        1.19405826702060       -0.00015648844584
C           -1.63605416720776        1.49206554029196       -0.00000623405632
C           -0.72671730373129        0.44655276486400        0.00009182173776
C           -1.17127624862859       -0.88488698666591        0.00009081707885
C           -2.51958227355210       -1.17319951007655       -0.00006533867675
C            0.00000351333137       -1.82387479521227        0.00023746038191
C            1.17127900254460       -0.88488161940773        0.00009535904334
C            0.72671372601096        0.44655626386950        0.00009009308844
C            1.63604571464975        1.49207295892579       -0.00001711827759
C            2.98893177630021        1.19407209202289       -0.00016531106846
C            3.42660169108166       -0.12183704725082       -0.00019946683236
C            2.51958618309509       -1.17318761388824       -0.00005448811519
H           -4.48628807574931       -0.33147728968379       -0.00035713092144
H           -3.71344555426804        1.99544115850467       -0.00025651844443
H           -1.29823225079595        2.51772135520791        0.00001438799862
H           -2.86694965868015       -2.19643472218542       -0.00009139584548
H            0.00000282541794       -2.47055225699415        0.88119218954184
H            0.00000714012507       -2.47095127079094       -0.88041547466443
H            1.29822005771379        2.51772754554159        0.00000010399914
H            3.71343404813526        1.99545932208619       -0.00027099306707
H            4.48628814162080       -0.33145744936550       -0.00035074307619
H            2.86695900634831       -2.19642097668699       -0.00007718621421
23
 energy: -32.933696001625 gnorm: 0.000022151793 xtb: 6.7.1 (edcfbbe)
C           -3.42681450211284       -0.12186326204642       -0.00015916308004
C           -2.98905522578893        1.19405365282225       -0.00014396192809
C           -1.63636495136546        1.49174945423332       -0.00003921253593
C           -0.72684447825959        0.44646427343595        0.00004836081573
C           -1.17139583715561       -0.88482275640524        0.00006914809751
C           -2.51973518431509       -1.17282968089880       -0.00004057140529
C            0.00000357237312       -1.82408122169709        0.00019385881813
C            1.17139860226746       -0.88481729835428        0.00007259503095
C            0.72684104089114        0.44646765899250        0.00004806235647
C            1.63635664363361        1.49175707864259       -0.00004651706258
C            2.98904830535833        1.19406758015180       -0.00015037300094
C            3.42681371389176       -0.12184729306529       -0.00015597514357
C            2.51973929138468       -1.17281793781596       -0.00003301145804
H           -4.48657415209693       -0.33146963693887       -0.00027008563442
H           -3.71346851982785        1.99564500626132       -0.00022847500546
H           -1.29905343561766        2.51767872762423       -0.00003763523010
H           -2.86756719455263       -2.19610061503483       -0.00004778989255
H            0.00000316553445       -2.47100126531286        0.88113212221745
H            0.00000699310839       -2.47133111932468       -0.88049553442040
H            1.29904034890158        2.51768477669548       -0.00005134555677
H            3.71345786401026        1.99566231029903       -0.00024151393584
H            4.48657433814177       -0.33144872907377       -0.00026418147660
H            2.86757606567210       -2.19608725100991       -0.00003472130924
23
 energy: -32.933695312966 gnorm: 0.000895376412 xtb: 6.7.1 (edcfbbe)
C           -3.42703735588883       -0.12188050710372       -0.00010713693523
C           -2.98918181252106        1.19405097655366       -0.00012898941113
C           -1.63668100434312        1.49143330120775       -0.00007641379898
C           -0.72697189760536        0.44637559922271       -0.00000161072698
C           -1.17151187451291       -0.88475839975107        0.00004362438962
C           -2.51988840911311       -1.17246110383867       -0.00001299810335
C            0.00000363465728       -1.82428813039766        0.00014313161156
C            1.17151465122776       -0.88475284483235        0.00004637388212
C            0.72696860856483        0.44637886266600       -0.00000096450884
C            1.63667285075226        1.49144114230910       -0.00008136540730
C            2.98917467208886        1.19406501269296       -0.00013355925842
C            3.42703642205145       -0.12186481466268       -0.00010520369890
C            2.51989272697387       -1.17244952020998       -0.00000762936906
H           -4.48687029959822       -0.33146988399641       -0.00016854011738
H           -3.71349908011734        1.99585268290610       -0.00019575206664
H           -1.29989256070196        2.51764314446171       -0.00009796088741
H           -2.86818917147704       -2.19576742756579        0.00000311855684
H            0.00000340637535       -2.47145147677531        0.88106029711158
H            0.00000695410755       -2.47169996838158       -0.88058741797273
H            1.29987853285907        2.51764904365891       -0.00011176422085
H            3.71348931738728        1.99586908390325       -0.00020761434785
H            4.48687061224685       -0.33144785592330       -0.00016310150629
H            2.86819754066262       -2.19575446396315        0.00001555604603
23
 energy: -32.933696002419 gnorm: 0.000007245873 xtb: 6.7.1 (edcfbbe)
C           -3.42683760406793       -0.12185941072922       -0.00013936683615
C           -2.98907185341706        1.19405924423357       -0.00013778792820
C           -1.63637240616130        1.49175242542204       -0.00005089322227
C           -0.72684628394116        0.44646039536748        0.00003068452458
C           -1.17139923676292       -0.88482813620799        0.00005936536714
C           -2.51974736607271       -1.17282864421775       -0.00003165001034
C            0.00000357157372       -1.82408996912620        0.00017388187606
C            1.17140200301323       -0.88482267768825        0.00006332599435
C            0.72684284645579        0.44646378234351        0.00002928514354
C            1.63636409744456        1.49176005039763       -0.00006080009235
C            2.98906493192501        1.19407317172320       -0.00014502002335
C            3.42683681496410       -0.12184344278607       -0.00013586844171
C            2.51975147479768       -1.17281690262982       -0.00002182158712
H           -4.48660018636100       -0.33145839586883       -0.00022987638516
H           -3.71348687565365        1.99564945005678       -0.00021706745450
H           -1.29906170341261        2.51768324814178       -0.00006082862733
H           -2.86758431747385       -2.19609331482779       -0.00002686334878
H            0.00000316969630       -2.47104712063760        0.88109679152278
H            0.00000698723195       -2.47133991251617       -0.88052840761030
H            1.29904861377766        2.51768930060509       -0.00007631325463
H            3.71347622030422        1.99566675194797       -0.00023014906801
H            4.48660037392687       -0.33143748821771       -0.00022415416594
H            2.86759319228917       -2.19607995260517       -0.00001238711190
23
 energy: -32.933695310959 gnorm: 0.000902487615 xtb: 6.7.1 (edcfbbe)
C           -3.42664541579344       -0.12184453103737       -0.00017099116344
C           -2.98896937430380        1.19406890183267       -0.00014601180735
C           -1.63606805756328        1.49207150235705       -0.00002533728827
C           -0.72672092456006        0.44654550699876        0.00006229914316
C           -1.17128373758775       -0.88489724815557        0.00007422366375
C           -2.51960609996669       -1.17319731106369       -0.00005071713459
C            0.00000351127822       -1.82389199742905        0.00020390542039
C            1.17128649362684       -0.88489188105823        0.00007975636577
C            0.72671734523175        0.44654901012093        0.00005844734712
C            1.63605960145456        1.49207892036732       -0.00004110021866
C            2.98896266178156        1.19408272610497       -0.00015626925379
C            3.42664476571335       -0.12182829989192       -0.00016567699151
C            2.51961001068388       -1.17318541671424       -0.00003563510556
H           -4.48633708554887       -0.33145449871589       -0.00028932935211
H           -3.71348022580363        1.99544933702994       -0.00023766475664
H           -1.29824535326814        2.51772919795669       -0.00002467173819
H           -2.86698155175852       -2.19642100553923       -0.00005612918703
H            0.00000282978889       -2.47063747701664        0.88113266516026
H            0.00000713080590       -2.47097395614021       -0.88047070116199
H            1.29823316236891        2.51773539636977       -0.00004208083367
H            3.71346871346356        1.99546750395548       -0.00025195019790
H            4.48633715335851       -0.33143466766073       -0.00028342612165
H            2.86699091067431       -2.19640726049033       -0.00003952552769
23
 energy: -32.933696002684 gnorm: 0.000005634312 xtb: 6.7.1 (edcfbbe)
C           -3.42682905807334       -0.12185936682051       -0.00012072275145
C           -2.98906435373352        1.19405483058802       -0.00013474751637
C           -1.63636906401904        1.49174977167215       -0.00006790516693
C           -0.72684516102736        0.44646092560513        0.00001308669384
C           -1.17139770418410       -0.88482669852527        0.00005318178840
C           -2.51974270881434       -1.17282723152207       -0.00001766379180
C            0.00000357154681       -1.82408543353371        0.00015598875313
C            1.17140046934653       -0.88482123998652        0.00005479438433
C            0.72684172377572        0.44646431165032        0.00001393933775
C            1.63636075688334        1.49175739534643       -0.00007141053513
C            2.98905743294071        1.19406875798254       -0.00013900235180
C            3.42682826801022       -0.12184339813940       -0.00011880607763
C            2.51974681511545       -1.17281548934780       -0.00001371316215
H           -4.48659026433440       -0.33145748605805       -0.00019577490581
H           -3.71347947495261        1.99564359347435       -0.00020716643093
H           -1.29905858284882        2.51767826411827       -0.00008314220794
H           -2.86758138204362       -2.19608995796141       -0.00000683765126
H            0.00000393060212       -2.47105490684255        0.88106654509991
H            0.00000622836921       -2.47131622808992       -0.88055808617419
H            1.29904549499463        2.51768431535312       -0.00009372289118
H            3.71346881950739        1.99566089588147       -0.00021771289557
H            4.48659045112087       -0.33143657785522       -0.00019072729297
H            2.86759025589422       -2.19607659480890        0.00000368500613
23
 energy: -32.933695309504 gnorm: 0.000902109698 xtb: 6.7.1 (edcfbbe)
C           -3.42702473437621       -0.12188451197412       -0.00006155172477
C           -2.98917112169100        1.19404341500265       -0.00012046716119
C           -1.63667638873129        1.49142825179009       -0.00011593780795
C           -0.72696966438370        0.44637671290242       -0.00004435045800
C           -1.17150668920798       -0.88475546955036        0.00002680247075
C           -2.51987857548215       -1.17245945036891        0.00001890904862
C            0.00000363626835       -1.82427929160309        0.00009894141295
C            1.17150946416454       -0.88474991161995        0.00002504117597
C            0.72696637969439        0.44637997022434       -0.00003983435693
C            1.63666824272247        1.49143609611226       -0.00010828256035
C            2.98916397662366        1.19405745437494       -0.00011870683293
C            3.42702379519876       -0.12186882557666       -0.00006282392480
C            2.51988289551351       -1.17244786885989        0.00001258383430
H           -4.48685459999071       -0.33147314549855       -0.00008277247966
H           -3.71348728872210        1.99584363562883       -0.00017175582726
H           -1.29989447082101        2.51763725984738       -0.00015392449953
H           -2.86818484148290       -2.19576237605320        0.00005350278632
H            0.00000499430067       -2.47147074183539        0.88098584055642
H            0.00000537437251       -2.47164140890996       -0.88066095068725
H            1.29988042281684        2.51764315192274       -0.00015562131205
H            3.71347754778694        1.99586001581865       -0.00017655488331
H            4.48685491389796       -0.33145108982082       -0.00007978102884
H            2.86819319560450       -2.19574941977292        0.00005577351986
23
 energy: -32.933696002857 gnorm: 0.000004761701 xtb: 6.7.1 (edcfbbe)
C           -3.42683227857730       -0.12185997687186       -0.00010630454809
C           -2.98906710985971        1.19405854411664       -0.00013013291109
C           -1.63636928443363        1.49175227392690       -0.00007621980675
C           -0.72684549795193        0.44646079826626        0.00000040423598
C           -1.17139788354044       -0.88482794258054        0.00004479840150
C           -2.51974375877163       -1.17282928579834       -0.00001178235885
C            0.00000357119397       -1.82408757134172        0.00014119802113
C            1.17140064973212       -0.88482248443374        0.00004726510511
C            0.72684205985167        0.44646418556590       -0.00000075402550
C            1.63636097563045        1.49175989860942       -0.00008156610399
C            2.98906018929806        1.19407247192474       -0.00013399564484
C            3.42683148936985       -0.12184400832421       -0.00010425639397
C            2.51974786650216       -1.17281754429094       -0.00000654104486
H           -4.48659387500241       -0.33145881977013       -0.00016419757907
H           -3.71348193250331        1.99564865582650       -0.00020069193034
H           -1.29905853475272        2.51768231168694       -0.00010350448164
H           -2.86758286185687       -2.19609373418023        0.00001224026367
H            0.00000397553645       -2.47107362166242        0.88104086014658
H            0.00000618114999       -2.47130773792326       -0.88058262574121
H            1.29904544785800        2.51768836383727       -0.00010989542427
H            3.71347127718054        1.99566595955435       -0.00020689461566
H            4.48659406118472       -0.33143791350780       -0.00016156509080
H            2.86759173683802       -2.19608037044925        0.00001824078736
23
 energy: -32.933695305738 gnorm: 0.000907307106 xtb: 6.7.1 (edcfbbe)
C           -3.42665448500190       -0.12184864040694       -0.00014708904124
C           -2.98897783721351        1.19407646404514       -0.00013742597056
C           -1.63607053223395        1.49207650750810       -0.00003795287809
C           -0.72672173461446        0.44654594496340        0.00004137331667
C           -1.17128281575808       -0.88489892414424        0.00005901586712
C           -2.51960760899363       -1.17320176238652       -0.00004242023933
C            0.00000351193431       -1.82389595787548        0.00017902008015
C            1.17128557396930       -0.88489355534265        0.00006686466318
C            0.72671815669483        0.44654944667609        0.00003302198682
C            1.63606207650328        1.49208393223836       -0.00005869486326
C            2.98897112022120        1.19409029211791       -0.00014771323238
C            3.42665383407229       -0.12183241585597       -0.00014099338663
C            2.51961152859069       -1.17318987207642       -0.00002352940520
H           -4.48634652209513       -0.33146072430203       -0.00023526179340
H           -3.71348737835979        1.99546009000891       -0.00022693592239
H           -1.29825233026225        2.51773976837053       -0.00005983627282
H           -2.86698440230140       -2.19642937186737       -0.00002317694118
H            0.00000270474771       -2.47066784470804        0.88108951406537
H            0.00000725471590       -2.47095862263986       -0.88051193398227
H            1.29824012117690        2.51774596478649       -0.00006957399041
H            3.71347588445455        1.99547824192359       -0.00023337671265
H            4.48634659137537       -0.33144087532321       -0.00023386301124
H            2.86699375245383       -2.19641563352932       -0.00001495307586
23
 energy: -32.933695974930 gnorm: 0.000173471877 xtb: 6.7.1 (edcfbbe)
C           -3.42672532422232       -0.12179994229052       -0.00012019506210
C           -2.98897903924622        1.19403879984921       -0.00014006171698
C           -1.63631491194155        1.49177268506496       -0.00007376593630
C           -0.72684200140674        0.44646625832229        0.00001343396236
C           -1.17141920818653       -0.88482308083378        0.00006069893530
C           -2.51972733461638       -1.17283291645393       -0.00000943106930
C            0.00000354527786       -1.82408445541290        0.00015819026756
C            1.17142196880112       -0.88481766848956        0.00005690398129
C            0.72683849987525        0.44646971389513        0.00002013930413
C            1.63630652993474        1.49178022455543       -0.00006602369757
C            2.98897221029969        1.19405267822671       -0.00013917594033
C            3.42672459218821       -0.12178385918140       -0.00012226151422
C            2.51973133977654       -1.17282112074847       -0.00001553085530
H           -4.48650073998572       -0.33139220417177       -0.00020515145459
H           -3.71343159336428        1.99560723293155       -0.00020951327462
H           -1.29887521196456        2.51764063762036       -0.00007662404016
H           -2.86750775838012       -2.19610683724325       -0.00001308512511
H            0.00000541412584       -2.47109865884464        0.88106793433315
H            0.00000467361019       -2.47136162970206       -0.88055401993058
H            1.29886251045777        2.51764675954701       -0.00008895269938
H            3.71342058527609        1.99562488409194       -0.00022104161295
H            4.48650087458172       -0.33137173076894       -0.00019846618187
H            2.86751684318548       -2.19609331778289        0.00000007858798
23
 energy: -32.933696001456 gnorm: 0.000023646551 xtb: 6.7.1 (edcfbbe)
C           -3.42682898404133       -0.12184318711948       -0.00011176635342
C           -2.98905573768309        1.19406880258227       -0.00012817609739
C           -1.63635687976750        1.49175250194301       -0.00006869424774
C           -0.72684831627201        0.44644698320332        0.00000614687164
C           -1.17140652891422       -0.88483737070995        0.00004300681682
C           -2.51975438647427       -1.17282929036080       -0.00001900645010
C            0.00000356059166       -1.82410108768792        0.00014419113595
C            1.17140929492600       -0.88483193173476        0.00004878043281
C            0.72684485210102        0.44645040500574        0.00000049247567
C            1.63634853690395        1.49176009391362       -0.00008126592312
C            2.98904885265440        1.19408270787184       -0.00013512102690
C            3.42682821592757       -0.12182717187684       -0.00010678584222
C            2.51975844884348       -1.17281752898678       -0.00000756408852
H           -4.48659884327691       -0.33143999752346       -0.00016753144467
H           -3.71347383261869        1.99566711223115       -0.00020471430543
H           -1.29900175003580        2.51767155373341       -0.00010340326421
H           -2.86759410665841       -2.19609668841110        0.00001396361205
H            0.00000333667880       -2.47109322814040        0.88104282790093
H            0.00000678917080       -2.47132989456804       -0.88057615503477
H            1.29898882040798        2.51767763982564       -0.00010535043642
H            3.71346304187123        1.99568454635064       -0.00020782704958
H            4.48659900826269       -0.33141925515211       -0.00016696836019
H            2.86760307147874       -2.19608326220851        0.00001499993922
