12
 energy: -20.667216193326 gnorm: 0.042158640799 xtb: 6.7.1 (edcfbbe)
C            1.53497408359103        1.19383220361529        0.00004906850220
C            0.15043508677768        1.23869364927535       -0.00016311635861
C           -0.55095916795739        0.02830567659801       -0.00034350722319
C            0.17807399457100       -1.17139916623270       -0.00018622805037
N            1.50683059088993       -1.21240604464574       -0.00000837151267
C            2.16522413890566       -0.04812522759361        0.00008111746093
C           -1.97297122856652        0.00210699942709       -0.00045653620507
N           -3.13061076354177       -0.02683249324368        0.00034548895245
H            2.12038921929026        2.10649266132252        0.00008810131640
H           -0.38781255902780        2.17996165429303       -0.00020635622269
H           -0.34915940014511       -2.12310546307082       -0.00017896868547
H            3.25153172783589       -0.11267276068989        0.00007756342464
12
 energy: -20.668194102865 gnorm: 0.011384258868 xtb: 6.7.1 (edcfbbe)
C            1.53049152905793        1.19169607797352       -0.00006390686640
C            0.14841909128442        1.23825339016130       -0.00013861960851
C           -0.55090642864877        0.02986887420264       -0.00023117003291
C            0.17955328684006       -1.16434343783397       -0.00029242733534
N            1.49801509790537       -1.20102321903756       -0.00026602014989
C            2.15510432169379       -0.04876313326060       -0.00015794549474
C           -1.96569244135236        0.00198318324225        0.00032733169846
N           -3.10883912542088       -0.02780825087070        0.00026030720855
H            2.11568093253904        2.09941959157875        0.00010916172621
H           -0.38701636866302        2.17762871039132       -0.00003917037038
H           -0.33450499525584       -2.11789736835323       -0.00032538863824
H            3.23564082264315       -0.12416272913890       -0.00008389673827
12
 energy: -20.668255487843 gnorm: 0.001864920193 xtb: 6.7.1 (edcfbbe)
C            1.53037306525589        1.19206654632704        0.00001459082003
C            0.14841580647460        1.23790435334001       -0.00009271325033
C           -0.55123455638292        0.03011807074163       -0.00013920733496
C            0.18008305928386       -1.16269594238806       -0.00009298827265
N            1.49558718547362       -1.19638853326004        0.00002666083412
C            2.15362660986667       -0.04863575324889        0.00008485412187
C           -1.96425168233639        0.00205446003283       -0.00089320669869
N           -3.10979349329263       -0.02749296240275        0.00049998444855
H            2.11472926971046        2.09873790661346        0.00003118472129
H           -0.38619183997576        2.17676830017798       -0.00025966272874
H           -0.32780108061788       -2.11820437489550       -0.00025031660976
H            3.23240337916337       -0.12938038198288        0.00016907534783
12
 energy: -20.668258613419 gnorm: 0.001596868991 xtb: 6.7.1 (edcfbbe)
C            1.53100177601342        1.19302455713261       -0.00040259233486
C            0.14867427149443        1.23726196787366        0.00009431582751
C           -0.55266157217075        0.02993309735266        0.00006876353000
C            0.17919414134169       -1.16306015294827       -0.00091559626029
N            1.49436449850593       -1.19411436522921       -0.00156045963148
C            2.15439401543235       -0.04827310838883       -0.00117194305180
C           -1.96491423644314        0.00327399653220        0.00495818292071
N           -3.11088994382367       -0.02641109760222       -0.00105964207316
H            2.11402864887510        2.10019930197097        0.00000492606570
H           -0.38548885018289        2.17627425911117        0.00114498977739
H           -0.32449320598977       -2.12061360416788       -0.00065000209301
H            3.23273617957018       -0.13264316258202       -0.00141268727818
12
 energy: -20.668251335938 gnorm: 0.002658632187 xtb: 6.7.1 (edcfbbe)
C            1.53131550363918        1.19415761788010        0.00041063848377
C            0.14866631763422        1.23609307624079       -0.00014730627176
C           -0.55411082056795        0.02906110946846       -0.00021430348936
C            0.17862246999227       -1.16398795282367        0.00083480845896
N            1.49391859838410       -1.19211659773652        0.00160791852548
C            2.15556993785666       -0.04740924705866        0.00127635076531
C           -1.96584696797731        0.00311908766849       -0.00658968906656
N           -3.11195618601636       -0.02338445576267        0.00151923145331
H            2.11243466654321        2.10246309524044       -0.00011767981461
H           -0.38545703328156        2.17522764046997       -0.00139432386929
H           -0.32089311856078       -2.12369734882030        0.00031580750323
H            3.23368235497719       -0.13467433571159        0.00159680272005
12
 energy: -20.668262023873 gnorm: 0.000766391494 xtb: 6.7.1 (edcfbbe)
C            1.53103462981597        1.19342054324917        0.00011238230338
C            0.14871132475333        1.23636618021325       -0.00006696323694
C           -0.55324063334718        0.02926154785811       -0.00011729673903
C            0.17899695813952       -1.16375164878731        0.00019422720580
N            1.49456691473247       -1.19365460102858        0.00045767658393
C            2.15512859476699       -0.04776378283633        0.00037624598666
C           -1.96553417637416        0.00327697894836       -0.00234266771651
N           -3.11134199105212       -0.02422591117303        0.00055138100065
H            2.11283623543102        2.10154633250178       -0.00005140814657
H           -0.38563281382750        2.17549293675172       -0.00047322630795
H           -0.32307415575219       -2.12218718597738       -0.00002585017070
H            3.23349483533673       -0.13292970066493        0.00048375463582
12
 energy: -20.668263014243 gnorm: 0.000358022668 xtb: 6.7.1 (edcfbbe)
C            1.53081549248955        1.19288190875903       -0.00011060489137
C            0.14869229454208        1.23646774201499       -0.00003314634905
C           -0.55261125991978        0.02928295162413       -0.00009934177033
C            0.17936911795264       -1.16355454977380       -0.00030564505330
N            1.49498277459744       -1.19455245611026       -0.00041174084959
C            2.15474768411571       -0.04800446205746       -0.00029958814999
C           -1.96524209287540        0.00352231045008        0.00094740300300
N           -3.11099632506495       -0.02443032632273       -0.00022109487181
H            2.11293544215250        2.10089986668281        0.00001539095373
H           -0.38583868089309        2.17552793992288        0.00022432264643
H           -0.32412183315616       -2.12124854093998       -0.00026062859841
H            3.23321310868235       -0.13194069519485       -0.00034707067076
12
 energy: -20.668263321811 gnorm: 0.000034848551 xtb: 6.7.1 (edcfbbe)
C            1.53086901549604        1.19305454760189       -0.00004334622466
C            0.14865805354898        1.23636595899682       -0.00004169831969
C           -0.55282160577018        0.02916700420447       -0.00008875709653
C            0.17929132395349       -1.16367638394349       -0.00014223484281
N            1.49487933550745       -1.19424008634196       -0.00014168524640
C            2.15488091203822       -0.04790862898078       -0.00009453823417
C           -1.96533560854429        0.00351476533210       -0.00005766100272
N           -3.11111256184006       -0.02403400506086       -0.00001240259627
H            2.11278748653357        2.10115832744103       -0.00000037343454
H           -0.38585384379356        2.17541526966142       -0.00000203179546
H           -0.32360485232441       -2.12168154251215       -0.00018668377654
H            3.23330806781762       -0.13228353734367       -0.00009033203167
12
 energy: -20.668263329848 gnorm: 0.000026871809 xtb: 6.7.1 (edcfbbe)
C            1.53084793492762        1.19304944540550       -0.00003730769286
C            0.14863485721439        1.23631440648128       -0.00003869967304
C           -0.55281685257229        0.02909172821575       -0.00008494517511
C            0.17932295188362       -1.16372847496004       -0.00013697880610
N            1.49492165069083       -1.19425258924987       -0.00013025742149
C            2.15489483403779       -0.04789461348715       -0.00008056324271
C           -1.96533801635127        0.00354002089088       -0.00008926171257
N           -3.11112471925062       -0.02379531324301       -0.00002564007416
H            2.11271910606334        2.10118714695786       -0.00000776220673
H           -0.38591174352860        2.17534370492421       -0.00000695410715
H           -0.32353218033618       -2.12175913346242       -0.00017644704439
H            3.23332789984425       -0.13224463941816       -0.00008692744516
