8
 energy: -23.487330876807 gnorm: 0.018237132035 xtb: 6.7.1 (edcfbbe)
C            0.72426334810193       -0.53726133911635       -0.24531871075317
C           -0.72444287341799       -0.53698458070817        0.24543458704398
Cl          -1.13481164600430        0.90403517706140        1.21182625374841
Cl          -1.82109942155461       -0.71168606240811       -1.17356607015367
Cl           1.13510151610271        0.90345976290434       -1.21195828711637
Cl           1.82086412938728       -0.71207606658681        1.17371341449019
H            0.88199602428837       -1.41403574504919       -0.87739772831783
H           -0.88245824894425       -1.41359955158676        0.87766420229790
8
 energy: -23.488496389564 gnorm: 0.009503376236 xtb: 6.7.1 (edcfbbe)
C            0.71809030363381       -0.56392769094656       -0.24769129201275
C           -0.71827786000942       -0.56365177170030        0.24781152667472
Cl          -1.08763771429448        0.91078552468389        1.16463208796226
Cl          -1.81257890357603       -0.67728804074273       -1.16553403220058
Cl           1.08792939805455        0.91023320518595       -1.16476416359674
Cl           1.81235482875743       -0.67767601724970        1.16567488144942
H            0.90533212999048       -1.42853508042982       -0.88909724993708
H           -0.90579935459720       -1.42808853429037        0.88936590290018
8
 energy: -23.488646983607 gnorm: 0.004379865704 xtb: 6.7.1 (edcfbbe)
C            0.71778580871821       -0.56159289625372       -0.24387145155549
C           -0.71797228186242       -0.56131816878137        0.24399164923200
Cl          -1.07836898306203        0.90582918122559        1.16770305420073
Cl          -1.80736301542004       -0.67942069831171       -1.16380290933862
Cl           1.07865867330979        0.90527910528792       -1.16783456770583
Cl           1.80713849953488       -0.67980771418804        1.16394370200127
H            0.91252656197771       -1.42378257037418       -0.88571478784204
H           -0.91299243523697       -1.42333464409413        0.88598297224740
8
 energy: -23.488670394099 gnorm: 0.002371539724 xtb: 6.7.1 (edcfbbe)
C            0.71858710991823       -0.56072784676240       -0.24284373680930
C           -0.71877316424647       -0.56045295790250        0.24296376307397
Cl          -1.07731365230379        0.90206025134183        1.17233241428333
Cl          -1.80402141667762       -0.67637926571746       -1.16317737466366
Cl           1.07760220008052        0.90150964173872       -1.17246297311448
Cl           1.80379771686967       -0.67676504834858        1.16331747958292
H            0.91395693007794       -1.42392067776724       -0.88357081752839
H           -0.91442289575934       -1.42347250207201        0.88383890641504
8
 energy: -23.488678239222 gnorm: 0.001102270892 xtb: 6.7.1 (edcfbbe)
C            0.71973208912962       -0.56093687157398       -0.24182161558746
C           -0.71991811879757       -0.56066190567530        0.24194179995655
Cl          -1.07626690616359        0.90008942825711        1.17530905128552
Cl          -1.80291625349085       -0.67248154178428       -1.16346875913904
Cl           1.07655472977305        0.89953861239301       -1.17543934209157
Cl           1.80269389913644       -0.67286700772406        1.16360808182258
H            0.91404174071649       -1.42563843420904       -0.88135014622636
H           -0.91450835234444       -1.42519068517310        0.88161859121920
8
 energy: -23.488680631289 gnorm: 0.000718837383 xtb: 6.7.1 (edcfbbe)
C            0.72068433519663       -0.56165933092964       -0.24144921219258
C           -0.72087058437789       -0.56138402141243        0.24156950092406
Cl          -1.07680792313309        0.89848467913845        1.17859001087370
Cl          -1.80242977808893       -0.66774574724490       -1.16363138658773
Cl           1.07709523529149        0.89793313362226       -1.17871990836938
Cl           1.80220893475049       -0.66813093592109        1.16376987017386
H            0.91423442727223       -1.42804687691210       -0.87933562626058
H           -0.91470181895178       -1.42759930583021        0.87960441267807
8
 energy: -23.488681165534 gnorm: 0.000281225702 xtb: 6.7.1 (edcfbbe)
C            0.72042952407431       -0.56192259139063       -0.24131610042379
C           -0.72061589427644       -0.56164746331254        0.24143646509634
Cl          -1.07606154855780        0.89871169471871        1.17851691250039
Cl          -1.80261307902198       -0.66774019342937       -1.16397624973695
Cl           1.07634893312914        0.89816042798711       -1.17864697979598
Cl           1.80239227947502       -0.66812547920301        1.16411476919850
H            0.91452773293829       -1.42801617167253       -0.87921048807574
H           -0.91499511980140       -1.42756862918740        0.87947933247666
8
 energy: -23.488681282425 gnorm: 0.000079247965 xtb: 6.7.1 (edcfbbe)
C            0.72025294947620       -0.56204871524940       -0.24128201422083
C           -0.72043937886283       -0.56177357821597        0.24140235479870
Cl          -1.07624597034400        0.89842188349818        1.17904626709552
Cl          -1.80262294169388       -0.66730506921800       -1.16387838965947
Cl           1.07653328422685        0.89787047128095       -1.17917621733496
Cl           1.80240224415552       -0.66769031720714        1.16401685667069
H            0.91503159860854       -1.42803540429845       -0.87900884143988
H           -0.91549895760725       -1.42758767607982        0.87927764532964
8
 energy: -23.488681300489 gnorm: 0.000018831191 xtb: 6.7.1 (edcfbbe)
C            0.72028729968836       -0.56209332833610       -0.24118721627019
C           -0.72047373881817       -0.56181823725677        0.24130758573518
Cl          -1.07592591811402        0.89834600273097        1.17926208218415
Cl          -1.80245561562536       -0.66706228756522       -1.16403361240229
Cl           1.07621320278412        0.89779465977477       -1.17939206002120
Cl           1.80223501219258       -0.66744748660584        1.16417203270313
H            0.91498858279895       -1.42815769124742       -0.87886105903556
H           -0.91545599694732       -1.42771003698402        0.87912990834619
