16
 energy: -23.124177449120 gnorm: 0.015832953052 xtb: 6.7.1 (edcfbbe)
C           -2.55725404534593        0.99709778957197        0.00874833693106
C           -1.24333861681183        0.26414602082545       -0.00797215933566
C           -1.19302307658567       -1.12985944075552       -0.00589232344708
C            0.03511117880017       -1.78791087410855        0.00120699218973
C            1.22653951137625       -1.07699914945977        0.00489993729351
C            1.17972448809158        0.31680595206866        0.00074525135826
C           -0.04448142389554        0.98147930525761       -0.00677565984558
O            2.37583847696953        0.98284641550664        0.00150233563502
H           -2.56513556127781        1.81492115046846       -0.71861045403009
H           -3.38738601935874        0.32579930739280       -0.22327447966686
H           -2.74739902638508        1.43530982163269        0.99529613882426
H           -2.11587932728052       -1.70118525006401       -0.01052494212719
H            0.06449704232120       -2.87313009293477        0.00119718360006
H            2.18918325586242       -1.57602978902882        0.00767886809973
H           -0.06880484285959        2.07023926552178       -0.01172268465384
H            2.20625125511974        1.93158103372873       -0.00210889442071
16
 energy: -23.124764995655 gnorm: 0.005295576016 xtb: 6.7.1 (edcfbbe)
C           -2.54803261241798        0.99291640236863        0.00659859195935
C           -1.23894421335530        0.26262711506455       -0.00592013290642
C           -1.19005624798565       -1.12506212647842       -0.00414121951432
C            0.02941886138325       -1.78366594493869       -0.00002237068578
C            1.21487190040383       -1.07483967626644        0.00274617752329
C            1.17431684585579        0.31621056698524       -0.00039023678044
C           -0.04579252062033        0.97680617238041       -0.00484355580764
O            2.36339873586892        0.98798690620442        0.00065447105678
H           -2.54684078124290        1.80647232471975       -0.71908687602844
H           -3.37190959474325        0.32027624827656       -0.22471827273467
H           -2.72902976176321        1.42673164674159        0.99197096925311
H           -2.10943013054521       -1.69331444338622       -0.00683708697116
H            0.05592469072711       -2.86463849797730        0.00129129261840
H            2.17253689544644       -1.57165923544650        0.00670770060580
H           -0.06996687182338        2.06085622640177       -0.00799672695848
H            2.19397807355205        1.93740778097399       -0.00161927822474
16
 energy: -23.124797180591 gnorm: 0.002111149517 xtb: 6.7.1 (edcfbbe)
C           -2.54610199761342        0.99269927187031        0.00602015096253
C           -1.23803568208195        0.26166138067266       -0.00633790392878
C           -1.18955552376778       -1.12469198842418       -0.00375252839447
C            0.02827674368122       -1.78397943576069        0.00075124384426
C            1.21233533304524       -1.07495749528071        0.00266869599646
C            1.17440054545830        0.31578669957541        0.00000652655171
C           -0.04587238315171        0.97472536973928       -0.00439793894214
O            2.35929907968402        0.99088153708776        0.00064852082814
H           -2.54184673837319        1.80484689675656       -0.71888949564356
H           -3.36858962327942        0.32073458780689       -0.22506859860206
H           -2.72448862906705        1.42558541339704        0.99072606479797
H           -2.10842151092601       -1.69190555298913       -0.00579696301117
H            0.05408996731508       -2.86364947253497        0.00130514950242
H            2.16915676521862       -1.57083590686710        0.00492895769948
H           -0.07006688684166        2.05765580015091       -0.00684257100862
H            2.18986380943990        1.94055436042329       -0.00157586424754
16
 energy: -23.124800062186 gnorm: 0.000852100722 xtb: 6.7.1 (edcfbbe)
C           -2.54612206569989        0.99307637071317        0.00583162699835
C           -1.23811993998520        0.26128047734758       -0.00602784361353
C           -1.18970916022982       -1.12506368992333       -0.00341963213829
C            0.02827460200891       -1.78444638321776        0.00053705115151
C            1.21222767811776       -1.07516250491261        0.00216487538941
C            1.17509891670037        0.31566575690483       -0.00011724806691
C           -0.04588423173427        0.97407809162859       -0.00414299251792
O            2.35837736812607        0.99185835533236        0.00064709510728
H           -2.54073396399464        1.80494703472462       -0.71913220709990
H           -3.36861511345475        0.32144248559029       -0.22538239038435
H           -2.72403405512358        1.42595991599711        0.99045341253460
H           -2.10866053807635       -1.69221048067163       -0.00526255268700
H            0.05414348258727       -2.86394970337830        0.00163349061582
H            2.16919380196484       -1.57099704135946        0.00433886570107
H           -0.07004816354936        2.05703686932240       -0.00642737825083
H            2.18905465108284        1.94159591152547       -0.00130072633469
16
 energy: -23.124800573767 gnorm: 0.000385662932 xtb: 6.7.1 (edcfbbe)
C           -2.54631404040585        0.99350069684397        0.00577748340481
C           -1.23832360594808        0.26094252077978       -0.00595323250327
C           -1.18994641489051       -1.12555415792987       -0.00317367671374
C            0.02839879474125       -1.78472704286243        0.00076575357164
C            1.21238889563636       -1.07526553485489        0.00205992509877
C            1.17585291078893        0.31563389923362       -0.00009372734533
C           -0.04596694604979        0.97354868236207       -0.00403140495236
O            2.35784064117670        0.99251847936544        0.00067598549618
H           -2.54010735968149        1.80522849011020       -0.71940522067233
H           -3.36910805485350        0.32222063615414       -0.22564064357682
H           -2.72416467113282        1.42659396634721        0.99038246618002
H           -2.10896042818883       -1.69288903869990       -0.00485197386576
H            0.05454991799577       -2.86426113084288        0.00155800908156
H            2.16953543641343       -1.57140343896304        0.00364645793645
H           -0.07001388167948        2.05671863872936       -0.00618291295735
H            2.18878207481809        1.94230579985057       -0.00113984177786
16
 energy: -23.124800696571 gnorm: 0.000044881953 xtb: 6.7.1 (edcfbbe)
C           -2.54625519486845        0.99337473495096        0.00579755576259
C           -1.23828867699762        0.26103939523835       -0.00588952897813
C           -1.18991258586724       -1.12544948203863       -0.00322155795626
C            0.02836637877748       -1.78454641093222        0.00056680619588
C            1.21237945485998       -1.07517555052475        0.00200905377312
C            1.17565037902706        0.31568567961702       -0.00010209210943
C           -0.04598912218841        0.97368565428152       -0.00403330025080
O            2.35804721858423        0.99228416034883        0.00065494694032
H           -2.54033584905198        1.80518126943064       -0.71934880783349
H           -3.36903993252999        0.32201937151739       -0.22559910606303
H           -2.72425613958583        1.42644951079875        0.99039951762936
H           -2.10886403834453       -1.69281149915350       -0.00490108975571
H            0.05453966319922       -2.86411975879728        0.00161671730112
H            2.16941030327104       -1.57140168008390        0.00387925219447
H           -0.07000912444171        2.05683067063266       -0.00628926925938
H            2.18900053489693        1.94206540033750       -0.00114565118600
16
 energy: -23.124800699058 gnorm: 0.000023343057 xtb: 6.7.1 (edcfbbe)
C           -2.54623826696459        0.99336039714735        0.00580096981597
C           -1.23828508958915        0.26104710674206       -0.00593426939241
C           -1.18991813733662       -1.12544424316636       -0.00320992763201
C            0.02834945332224       -1.78452165690156        0.00068165770311
C            1.21237327349945       -1.07515926770826        0.00207391747041
C            1.17564215547651        0.31569504087857       -0.00010814899584
C           -0.04599660743527        0.97367673683152       -0.00406696289253
O            2.35803896054636        0.99229472797785        0.00065728576286
H           -2.54033345586634        1.80516280295458       -0.71933687893207
H           -3.36901395083555        0.32200285178249       -0.22558965998617
H           -2.72423949167780        1.42643630259188        0.99039789311377
H           -2.10885492335675       -1.69280416902914       -0.00492335639063
H            0.05455146320122       -2.86409139944518        0.00154329387667
H            2.16935570605734       -1.57143929545354        0.00384252909473
H           -0.06999540864218        2.05681416157165       -0.00628463420511
H            2.18900758834130        1.94208136884943       -0.00115026200612
