13
 energy: -13.924013608209 gnorm: 0.015513468574 xtb: 6.7.1 (edcfbbe)
C           -0.75306888862168       -1.16063871940677        0.08138515775576
N           -0.00000510643734       -0.00000094528125       -0.38081648966079
C           -0.62872254398760        1.23250723835661        0.08124227975834
C            1.38168851799558       -0.07185325558769        0.08137406079462
H           -0.29168724394881       -2.07814456316786       -0.29883658987974
H           -1.77899784831289       -1.11297174462165       -0.29857410613910
H           -0.79791430634563       -1.23029896479326        1.18747949727819
H           -0.66677951403841        1.30629863324066        1.18731437254171
H           -1.65387645655478        1.29164583979007       -0.29924440650989
H           -0.07425754678934        2.09710744255298       -0.29861545530112
H            1.46471411380120       -0.07625090663246        1.18746685651519
H            1.94542796684575        0.78669053738631       -0.29853698570045
H            1.85347096192252       -0.98406762803113       -0.29876591540442
13
 energy: -13.924646571501 gnorm: 0.003984051439 xtb: 6.7.1 (edcfbbe)
C           -0.75059960652889       -1.15690890056892        0.08578978992454
N            0.00002121437012       -0.00001584944879       -0.36306997356731
C           -0.62662929035565        1.22851145643752        0.08566162374522
C            1.37722057866368       -0.07159234992928        0.08578527953572
H           -0.28244185706016       -2.06162210826156       -0.30320613679590
H           -1.76762565878736       -1.09789015812010       -0.30295799814919
H           -0.79801281560273       -1.23027986927998        1.18590491971083
H           -0.66666633799067        1.30629520488089        1.18576155926539
H           -1.64411636387038        1.27541888849377       -0.30354270762423
H           -0.06689544556459        2.07975291429645       -0.30300621892952
H            1.46447962757789       -0.07621638089017        1.18591239362013
H            1.92656613471817        0.78633599432381       -0.30300868418767
H            1.83469192595914       -0.98176587812909       -0.30315157049973
13
 energy: -13.924691682173 gnorm: 0.001049217982 xtb: 6.7.1 (edcfbbe)
C           -0.75071038177430       -1.15707806230127        0.08717059996231
N            0.00002097990431       -0.00001242633104       -0.35304339478247
C           -0.62671707718006        1.22868793590049        0.08706487222755
C            1.37742522335153       -0.07160580196054        0.08719166434049
H           -0.28103280873772       -2.05777331761062       -0.30512734335295
H           -1.76468067944877       -1.09509132174691       -0.30495348108208
H           -0.80250818679913       -1.23710234530586        1.18502326798601
H           -0.67029253962554        1.31357399013110        1.18490613906093
H           -1.64151325426675        1.27229204419110       -0.30539884732338
H           -0.06597683759925        2.07580564065191       -0.30498070235020
H            1.47261133141643       -0.07660391910852        1.18504596615282
H            1.92257833074623        0.78557302666298       -0.30497306553922
H            1.83078800554160       -0.98064247936826       -0.30505339925153
13
 energy: -13.924695096921 gnorm: 0.000341357529 xtb: 6.7.1 (edcfbbe)
C           -0.75103834988441       -1.15758120810835        0.08774447539731
N            0.00001878060723       -0.00000917157569       -0.34834695869313
C           -0.62697734383170        1.22921866339727        0.08767218899672
C            1.37802048776320       -0.07163356682161        0.08779155770589
H           -0.28062442278791       -2.05715721920449       -0.30636587583030
H           -1.76425890932655       -1.09451740534860       -0.30628508192868
H           -0.80587476063735       -1.24217931559222        1.18536016066386
H           -0.67296099560645        1.31900906065624        1.18528089303632
H           -1.64119205199071        1.27162282438410       -0.30656373353093
H           -0.06569948853739        2.07515580722314       -0.30629171557212
H            1.47866587879243       -0.07687855226106        1.18540785210010
H            1.92186018626500        0.78557973584038       -0.30625757712726
H            1.83005309470317       -0.98060668878455       -0.30627390916948
13
 energy: -13.924695278617 gnorm: 0.000073507702 xtb: 6.7.1 (edcfbbe)
C           -0.75099935623149       -1.15751437860510        0.08756000209101
N            0.00001926000268       -0.00000742919810       -0.34889922957090
C           -0.62694194022315        1.22914877670683        0.08750101012676
C            1.37794355952719       -0.07163127548820        0.08761557464700
H           -0.28067629879074       -2.05749904344491       -0.30618381066450
H           -1.76453816484543       -1.09472298079895       -0.30614818348329
H           -0.80560599805789       -1.24171481531912        1.18537074951565
H           -0.67267591937160        1.31853758704936        1.18530635817577
H           -1.64147029390627        1.27183725293722       -0.30635278209265
H           -0.06574632439361        2.07550110880669       -0.30614393937623
H            1.47812550725296       -0.07683703656817        1.18542959716871
H            1.92219122976607        0.78568822014701       -0.30609382517470
H            1.83036684479984       -0.98076302242002       -0.30608924531434
13
 energy: -13.924695289796 gnorm: 0.000011019698 xtb: 6.7.1 (edcfbbe)
C           -0.75095852743143       -1.15744949213873        0.08754443934148
N            0.00001925351350       -0.00000708237879       -0.34896356432889
C           -0.62690249572265        1.22907937034354        0.08749525970819
C            1.37786438497458       -0.07162622492610        0.08760679519391
H           -0.28067630809375       -2.05744244804146       -0.30615647243489
H           -1.76447638303179       -1.09471570744462       -0.30615392981661
H           -0.80555306162252       -1.24159404633151        1.18535918478149
H           -0.67258368387607        1.31842467956946        1.18530575126477
H           -1.64142155108653        1.27180546128735       -0.30630465108641
H           -0.06577357396710        2.07544544051486       -0.30614314800894
H            1.47798592162926       -0.07682099595037        1.18542569549401
H            1.92214634549693        0.78564843339179       -0.30608056996306
H            1.83032178474612       -0.98072442409086       -0.30606251409676
