20
 energy: -25.644735763789 gnorm: 0.017263443418 xtb: 6.7.1 (edcfbbe)
C           -2.37950879753981        0.86527180747010       -0.84614868388013
N           -1.60874821815558        0.11362867160992        0.13530360521302
C           -2.33938746122368       -0.96934513097214        0.76214032357251
C           -0.22368285767251        0.05081309899449        0.05340997908379
C            0.52276878562835        1.15256274823361       -0.41181136119479
C            1.90747715951118        1.10307503293303       -0.46384514201722
C            2.60331867136372       -0.02936838808412       -0.04597644222588
C            1.87738261839867       -1.11678668556261        0.42630672581017
C            0.48817994865573       -1.08859329664876        0.47452488165930
H           -3.04706059529897        0.19201319618589       -1.40394431415432
H           -1.72205706434659        1.34294653237118       -1.57352566201013
H           -2.99719802182823        1.64097877245238       -0.37256857516083
H           -3.36719239401155       -0.64051038685647        0.94393502830088
H           -1.89687265427491       -1.22373743439651        1.73005763053275
H           -2.37875184584953       -1.88345010923181        0.14274970897380
H            0.01758401916745        2.06800249282625       -0.69827047201012
H            2.45095473956817        1.97277551102692       -0.82086461908400
H            3.68649609321115       -0.05946410572454       -0.08395099169852
H            2.39471147490702       -2.01370870691442        0.75374222554098
H           -0.03999576056582       -1.96705944325346        0.82418530666468
20
 energy: -25.645626815316 gnorm: 0.004134832990 xtb: 6.7.1 (edcfbbe)
C           -2.37079092285138        0.85525351798160       -0.84599336558125
N           -1.60309981151955        0.10897929380078        0.12883544112067
C           -2.33863798222197       -0.96166621739625        0.75759252617629
C           -0.22284571309593        0.04496703069284        0.04627790178998
C            0.52006464934559        1.14681974934071       -0.40357912191050
C            1.89884756033274        1.10220183766514       -0.45373150040800
C            2.59057464111928       -0.02722288116887       -0.04474338869295
C            1.87101483345981       -1.11311175473074        0.42203490979433
C            0.48910108597462       -1.08645396539154        0.46639937409239
H           -3.04265120204015        0.18445388000121       -1.39435691395880
H           -1.71591257173031        1.33433989039314       -1.57009957355476
H           -2.97736876559645        1.62413744117481       -0.35542574790963
H           -3.36019827955371       -0.62269519513323        0.93672893527034
H           -1.89181559660666       -1.20765831051093        1.72142505754891
H           -2.37989692376833       -1.87192671391329        0.14056223409273
H            0.01593370663447        2.05594249355630       -0.69716008585464
H            2.44091919100431        1.96657423178963       -0.81454923473780
H            3.66963600722866       -0.05668552538347       -0.08489683472964
H            2.38914157756253       -2.00469403355343        0.75051584165165
H           -0.03359764403331       -1.96151059275547        0.81961269771662
20
 energy: -25.645685033112 gnorm: 0.001653313225 xtb: 6.7.1 (edcfbbe)
C           -2.36786479089114        0.85140588328655       -0.84720046887586
N           -1.60044265927209        0.10554510186229        0.12407033914877
C           -2.33847765703859       -0.95805279186509        0.75806863301652
C           -0.22242575200342        0.04169602419697        0.04405397021726
C            0.51838901398521        1.14378786504947       -0.40298842741690
C            1.89612655624418        1.10211857325723       -0.45289272126467
C            2.58734158344019       -0.02605256605726       -0.04435912478764
C            1.87037128098623       -1.11345593869765        0.42036630913038
C            0.48998761272231       -1.08762565035170        0.46356909167384
H           -3.04050829083234        0.18207582026898       -1.39372329146420
H           -1.71584849239642        1.33135496386119       -1.57155715635192
H           -2.97219314715206        1.61835571724286       -0.35259182757746
H           -3.35609240332593       -0.61134476615029        0.93802679504761
H           -1.88923074524766       -1.20126767598927        1.72014135012630
H           -2.38639252969473       -1.86850817825797        0.14441539334426
H            0.01412324642576        2.05233095649983       -0.69458027007606
H            2.43769694128896        1.96856210810112       -0.80573487130282
H            3.66548863674886       -0.05365136442211       -0.08286196116902
H            2.38960353198671       -2.00357458429743        0.74711262292208
H           -0.03123409632978       -1.96365532107880        0.81411476757548
20
 energy: -25.645707645037 gnorm: 0.001284606041 xtb: 6.7.1 (edcfbbe)
C           -2.36699844242342        0.84837904159660       -0.85023656418949
N           -1.59863444975134        0.10044753452257        0.11680635209405
C           -2.33949425610807       -0.95480184942910        0.76063451140378
C           -0.22191483724577        0.03798005279946        0.04055113045516
C            0.51759791989920        1.14253651816537       -0.40158461301154
C            1.89560465831001        1.10460480906854       -0.44804794871741
C            2.58707594064205       -0.02421236597624       -0.04202960251818
C            1.87163636725564       -1.11507904604920        0.41782682532108
C            0.49127688511779       -1.09103841905386        0.45877189618845
H           -3.04094157398119        0.18055042110843       -1.39644683686911
H           -1.71714481887790        1.32948482617188       -1.57536857997421
H           -2.97005240965771        1.61466678702983       -0.35299045647623
H           -3.35293374329851       -0.59918547190874        0.94548747913205
H           -1.88526443043555       -1.19650474114517        1.72038908693811
H           -2.39834157502544       -1.86732034443067        0.15171272588637
H            0.01222019844509        2.05049381603401       -0.69264175394042
H            2.43659806707719        1.97206621312482       -0.79791780917799
H            3.66516523736328       -0.05024584525684       -0.07934011412778
H            2.39245307755959       -2.00425358705843        0.74312818360772
H           -0.02948997522068       -1.96852417285432        0.80674523989151
20
 energy: -25.645734913077 gnorm: 0.001580636497 xtb: 6.7.1 (edcfbbe)
C           -2.36765608097743        0.84406172381452       -0.85646436181617
N           -1.59698237990926        0.09123550944412        0.10376462211756
C           -2.34151777505782       -0.95020628033303        0.76617925911006
C           -0.22086287571894        0.03315134337731        0.03492513204997
C            0.51752120786506        1.14140207831593       -0.40107883365200
C            1.89616229487634        1.10767650391552       -0.44225787741603
C            2.58854785899695       -0.02141067913047       -0.03748749224240
C            1.87436204096052       -1.11692831877697        0.41480841577827
C            0.49342735444536       -1.09668201170586        0.45051116782270
H           -3.04459880101041        0.17885286766942       -1.40308871377047
H           -1.71957150004294        1.32694378044213       -1.58243940298141
H           -2.96879232756195        1.61009837156653       -0.35544865038854
H           -3.34790682576706       -0.58022271730054        0.96399139328809
H           -1.87561712402431       -1.19155459169701        1.72068147406043
H           -2.42192049713169       -1.86652784502274        0.16470231692366
H            0.01020208630220        2.04910107904067       -0.69045275083749
H            2.43675251827963        1.97874199968656       -0.78387404668177
H            3.66721755286124       -0.04423444282457       -0.06956996315439
H            2.39738690510508       -2.00609240807330        0.73660829234370
H           -0.02773579284631       -1.97736178594931        0.79143917136217
20
 energy: -25.645745463651 gnorm: 0.000935863795 xtb: 6.7.1 (edcfbbe)
C           -2.36891200621018        0.84086502114142       -0.86117431119392
N           -1.59663570446916        0.08514215159859        0.09505861853750
C           -2.34164670802558       -0.94711244246783        0.77030219707780
C           -0.22023045161960        0.03107012757722        0.03036740395437
C            0.51797431820990        1.14163813915526       -0.40063053686437
C            1.89674148476908        1.10988167925555       -0.43610187870246
C            2.58961607591458       -0.01939883859852       -0.03250270697765
C            1.87519090387248       -1.11771747785356        0.41227569687714
C            0.49419271075509       -1.09983820486727        0.44349684962756
H           -3.04863573474140        0.17709833501212       -1.40661646432296
H           -1.72117719929707        1.32296756513570       -1.58818939472293
H           -2.96778690165184        1.60753494908225       -0.35812644499196
H           -3.34236432042649       -0.56785146089484        0.98044431078599
H           -1.86527432748051       -1.19035968501035        1.71926694840020
H           -2.43870760776240       -1.86446497264628        0.17270737591371
H            0.00964287357718        2.04886437133916       -0.69000262060438
H            2.43715340363160        1.98218114754889       -0.77534517847993
H            3.66851019716079       -0.04062615067336       -0.06080603745899
H            2.39859056470989       -2.00749538573585        0.73260556131807
H           -0.02782373127212       -1.98233469163938        0.77841976374316
20
 energy: -25.645748975966 gnorm: 0.000364665570 xtb: 6.7.1 (edcfbbe)
C           -2.36938443351353        0.83921286144498       -0.86325333558274
N           -1.59671080445670        0.08312956487284        0.09231717757545
C           -2.34114943674228       -0.94569298689955        0.77212172455808
C           -0.22006898441562        0.03076184330564        0.02853904588843
C            0.51795839275198        1.14183802795916       -0.40109594281349
C            1.89669891214046        1.11019913683031       -0.43465640823288
C            2.58989194245551       -0.01860338570292       -0.03022938775137
C            1.87518877340160       -1.11771838525018        0.41175168576463
C            0.49423448835981       -1.10079338559657        0.44031143225258
H           -3.05122115014329        0.17579467392297       -1.40648031669442
H           -1.72160143818430        1.31888733547098       -1.59178795943600
H           -2.96611267838452        1.60756775609061       -0.36032706749749
H           -3.33856825025489       -0.56213852527309        0.98982500388817
H           -1.85917188997560       -1.19167330482967        1.71737777602849
H           -2.44684886652594       -1.86231311713584        0.17516026569231
H            0.00945042165929        2.04900331589458       -0.69030646718954
H            2.43721474925033        1.98407341344735       -0.77025644309493
H            3.66881707058663       -0.03860149821534       -0.05539378454832
H            2.39804405013483       -2.00844950883631        0.73075467586457
H           -0.02824302849952       -1.98443965504104        0.77107747724440
20
 energy: -25.645750925922 gnorm: 0.000405345838 xtb: 6.7.1 (edcfbbe)
C           -2.36952051547138        0.83835625803080       -0.86422085109297
N           -1.59684377767683        0.08287217405353        0.09204711298327
C           -2.34092302238920       -0.94509891797808        0.77294688766535
C           -0.22004645822219        0.03066485024707        0.02743025027564
C            0.51787189223954        1.14216044606186       -0.40115522753383
C            1.89669826978635        1.11086183659817       -0.43285203105157
C            2.59004756906035       -0.01784598141409       -0.02841485156055
C            1.87515015819172       -1.11784022410410        0.41107513140269
C            0.49419648346732       -1.10131213176643        0.43822387666094
H           -3.05371975937315        0.17492053764204       -1.40440713453755
H           -1.72163449563758        1.31449666573534       -1.59501660163947
H           -2.96371784847962        1.60939582743907       -0.36239747057822
H           -3.33626716822240       -0.55928390983263        0.99611387488415
H           -1.85543081074690       -1.19434438174924        1.71548811033446
H           -2.45198256414461       -1.86029750291115        0.17481759447138
H            0.00932773394520        2.04913647422242       -0.69089536901980
H            2.43715740106724        1.98475097487091       -0.76849329939296
H            3.66894291447047       -0.03724427230762       -0.05225820880297
H            2.39751873410039       -2.00886408560115        0.73021272048239
H           -0.02840689632044       -1.98544046077780        0.76720463796558
20
 energy: -25.645752581699 gnorm: 0.000393443778 xtb: 6.7.1 (edcfbbe)
C           -2.36917112733045        0.83743261444661       -0.86504363081692
N           -1.59685820719962        0.08320648416169        0.09269616517345
C           -2.34116810587437       -0.94453048446392        0.77362224597971
C           -0.22002593137790        0.03034552414760        0.02695780170531
C            0.51755561589807        1.14217766140248       -0.40105399922232
C            1.89643063248786        1.11147741945301       -0.43169934295547
C            2.58997903384791       -0.01694406240562       -0.02701404589217
C            1.87534889543128       -1.11775507766533        0.41074107181987
C            0.49438023262982       -1.10183195766855        0.43668876832293
H           -3.05703496509037        0.17409224390853       -1.40052107925840
H           -1.72128307125985        1.30804848738730       -1.59949754524967
H           -2.95937947256349        1.61277988103907       -0.36511123835211
H           -3.33430243839821       -0.55619945427150        1.00241875274717
H           -1.85237934468907       -1.19815669856467        1.71322264564218
H           -2.45776532004641       -1.85751745738368        0.17307019485317
H            0.00883861290306        2.04893177423979       -0.69109146429653
H            2.43678190371674        1.98574072456563       -0.76651993917003
H            3.66890544161726       -0.03547555540488       -0.04941424670697
H            2.39764390068448       -2.00900293202467        0.72927010596502
H           -0.02807844574249       -1.98677495843996        0.76372793162772
20
 energy: -25.645753598111 gnorm: 0.000211272607 xtb: 6.7.1 (edcfbbe)
C           -2.36844261207196        0.83707525328047       -0.86528563378386
N           -1.59687396230406        0.08386371058535        0.09398405206290
C           -2.34172088814603       -0.94451479616586        0.77362922920260
C           -0.22007189324520        0.03009643595920        0.02761619278947
C            0.51713312608482        1.14218293071908       -0.40043619118179
C            1.89603049050725        1.11201139090665       -0.43132385522654
C            2.58980264005577       -0.01636002991578       -0.02678583537778
C            1.87559459914611       -1.11770040549372        0.41041371191776
C            0.49457848741746       -1.10213119699259        0.43651355634278
H           -3.05966976349547        0.17398385966519       -1.39654880508981
H           -1.72042630957025        1.30238575567686       -1.60309933481089
H           -2.95488304425628        1.61662927461069       -0.36743082072913
H           -3.33370042206643       -0.55500299973067        1.00512556814056
H           -1.85179233925987       -1.20130400608386        1.71163504002941
H           -2.46082752525143       -1.85565497256992        0.17086347916141
H            0.00799222741277        2.04873085949482       -0.69039798852586
H            2.43616741328750        1.98642665333218       -0.76597778300816
H            3.66876596719478       -0.03450570807613       -0.04897228683424
H            2.39831988800751       -2.00874778892927        0.72866536718034
H           -0.02755823980273       -1.98742004381376        0.76326148965675
20
 energy: -25.645754232395 gnorm: 0.000175686629 xtb: 6.7.1 (edcfbbe)
C           -2.36772168332560        0.83698148345543       -0.86548521698597
N           -1.59683996569195        0.08374167467111        0.09427571121331
C           -2.34230748656344       -0.94469785838093        0.77348196432239
C           -0.22010160456478        0.02976102117738        0.02830285586212
C            0.51677613711403        1.14213673987208       -0.39969922566823
C            1.89564939226439        1.11238297368207       -0.43120658662717
C            2.58962420087075       -0.01606063647598       -0.02716807971210
C            1.87584317703539       -1.11752686059893        0.41042791631634
C            0.49480439381971       -1.10227881774940        0.43706152547565
H           -3.06109476029156        0.17450663506992       -1.39457094086659
H           -1.71949913854246        1.29924066054925       -1.60507198296297
H           -2.95171129232992        1.61900059169713       -0.36860436254715
H           -3.33398506968037       -0.55459860702083        1.00544101429911
H           -1.85231617163958       -1.20230863521119        1.71121302039546
H           -2.46206250112456       -1.85532051372935        0.17002657591641
H            0.00713943514635        2.04857946494224       -0.68911594905410
H            2.43556219997473        1.98691217808145       -0.76582463568498
H            3.66859414450298       -0.03418908340840       -0.04996495019291
H            2.39911706710551       -2.00847730857191        0.72796488067698
H           -0.02705263443537       -1.98774092559222        0.76396561774033
20
 energy: -25.645755038400 gnorm: 0.000300722278 xtb: 6.7.1 (edcfbbe)
C           -2.36672660220345        0.83705947838333       -0.86573260162626
N           -1.59686600653567        0.08311035536943        0.09426039388295
C           -2.34302784026064       -0.94515594013346        0.77316108299513
C           -0.22016972480395        0.02938008550561        0.02938922377202
C            0.51624921139463        1.14216203104238       -0.39854483523303
C            1.89507233402414        1.11280669731711       -0.43115265201688
C            2.58939255541904       -0.01580894866346       -0.02807987432347
C            1.87614099778252       -1.11740544814269        0.41013286155095
C            0.49509180484046       -1.10246059868197        0.43793539893851
H           -3.06323932752893        0.17584462654829       -1.39212737970164
H           -1.71808853652893        1.29525892869134       -1.60756718301426
H           -2.94714971554099        1.62238755989045       -0.36982327303649
H           -3.33468497922473       -0.55474891720458        1.00459343157994
H           -1.85358739638375       -1.20292042734077        1.71111560220013
H           -2.46266822135925       -1.85564546657371        0.16956546001728
H            0.00591429664943        2.04849382120718       -0.68708176097724
H            2.43464941435621        1.98756037080430       -0.76568875313644
H            3.66837319346769       -0.03394746855627       -0.05187218829356
H            2.40013597633022       -2.00800242577293        0.72741326237421
H           -0.02639359424978       -1.98792413723065        0.76555293596407
20
 energy: -25.645756006215 gnorm: 0.000338880750 xtb: 6.7.1 (edcfbbe)
C           -2.36565306734011        0.83733959528933       -0.86601808386562
N           -1.59696346116660        0.08186666663934        0.09369595194582
C           -2.34372581331576       -0.94595598842150        0.77259681971388
C           -0.22027877418253        0.02891002222702        0.03029355386816
C            0.51559158505129        1.14225396224529       -0.39728095018418
C            1.89437939707456        1.11331183962250       -0.43086764887291
C            2.58916315194510       -0.01542508651328       -0.02887875921325
C            1.87648371709928       -1.11703695709288        0.41026523031176
C            0.49542871945540       -1.10255188334373        0.43904868883360
H           -3.06677784023261        0.17811974303478       -1.38864967031058
H           -1.71654217113580        1.28998743457143       -1.61097986196704
H           -2.94083835012643        1.62716652923477       -0.37100511579249
H           -3.33556605002255       -0.55542220569382        1.00310412146622
H           -1.85502379154643       -1.20323209988831        1.71110405802819
H           -2.46283644249544       -1.85679043856043        0.16941954874021
H            0.00453097232850        2.04853900414028       -0.68466442679317
H            2.43352965955761        1.98826298534319       -0.76554875154479
H            3.66810492071043       -0.03372443105248       -0.05430661570064
H            2.40108742070876       -2.00757952942861        0.72672590562002
H           -0.02567594272239       -1.98799498589398        0.76739515763275
20
 energy: -25.645757343312 gnorm: 0.000295108196 xtb: 6.7.1 (edcfbbe)
C           -2.36442057457507        0.83793389436119       -0.86623288015720
N           -1.59712540613139        0.07988694061811        0.09256335445305
C           -2.34438301982503       -0.94724614583460        0.77176816297937
C           -0.22043638327512        0.02838565702859        0.03124386607308
C            0.51471057149819        1.14233085477547       -0.39604002319451
C            1.89347338622341        1.11384367340698       -0.43055806655891
C            2.58886827606046       -0.01494995207590       -0.02979404529360
C            1.87683667106675       -1.11670781287878        0.41010626787814
C            0.49582507226229       -1.10268772421539        0.44011514056079
H           -3.07262252614661        0.18197163179182       -1.38322975301604
H           -1.71493947969588        1.28263940121080       -1.61584512986865
H           -2.93158853858151        1.63417773152039       -0.37203280080858
H           -3.33661707561113       -0.55684842915736        1.00089205628786
H           -1.85660222664213       -1.20339942793564        1.71113982575522
H           -2.46250737079443       -1.85886547932808        0.16953863538190
H            0.00287633605733        2.04844769427348       -0.68253734788945
H            2.43211474111687        1.98918004059946       -0.76510632681154
H            3.66779732320862       -0.03304043046644       -0.05634073263482
H            2.40201985575199       -2.00689846188352        0.72661385073350
H           -0.02486179232335       -1.98810947935168        0.76918509804633
20
 energy: -25.645759964027 gnorm: 0.000457691410 xtb: 6.7.1 (edcfbbe)
C           -2.36252528571530        0.83943088661067       -0.86637296307836
N           -1.59744224846738        0.07567992171667        0.08967214057268
C           -2.34526061621450       -0.94995654127947        0.77005499151834
C           -0.22076856478949        0.02714514431114        0.03202250636131
C            0.51304180303325        1.14219266337691       -0.39467233595737
C            1.89183630027915        1.11478731319924       -0.42981563708109
C            2.58841067083891       -0.01361827115400       -0.03011148291109
C            1.87753845504721       -1.11584248456232        0.41063990302480
C            0.49657021554657       -1.10308877079122        0.44149519434649
H           -3.08578402305753        0.19049144735464       -1.37122414039702
H           -1.71298163475307        1.26780875103776       -1.62599558547616
H           -2.91253646793481        1.64879716584369       -0.37322446122556
H           -3.33810181718778       -0.55988347959615        0.99704308138398
H           -1.85873722318313       -1.20392553468193        1.71078650384442
H           -2.46182086531798       -1.86314148433339        0.16987055380977
H           -0.00003913712760        2.04788172627061       -0.68021155459570
H            2.42955747053015        1.99077794863655       -0.76422502465410
H            3.66729473569957       -0.03118467991781       -0.05837863356743
H            2.40359033927326       -2.00571017464797        0.72672316486195
H           -0.02342426685525       -1.98859737093470        0.77137293113609
20
 energy: -25.645760216427 gnorm: 0.002396288678 xtb: 6.7.1 (edcfbbe)
C           -2.35843433390806        0.84328049757082       -0.86645099205039
N           -1.59811170540268        0.06494354955325        0.08167837249143
C           -2.34708940168350       -0.95667647595765        0.76585886756134
C           -0.22152003056666        0.02373499197970        0.03267905888891
C            0.50908893829933        1.14134577172032       -0.39278645872606
C            1.88803228435415        1.11704704585846       -0.42782790899892
C            2.58742647106022       -0.01010419325904       -0.02970554134599
C            1.87929545404125       -1.11379629850598        0.41210310005933
C            0.49844204226519       -1.10441259472122        0.44378889359557
H           -3.11933378890018        0.21270330077260       -1.34049774883348
H           -1.71032932258970        1.23147132965233       -1.65123742751739
H           -2.86503725250620        1.68450870018365       -0.37549781807998
H           -3.34048986941076       -0.56624505848164        0.99022228658429
H           -1.86176689826198       -1.20630383312722        1.70869992263635
H           -2.46223717158037       -1.87324960394823        0.17031233766695
H           -0.00690331071012        2.04559360578968       -0.67748096190603
H            2.42360397552442        1.99470320565894       -0.76157400502177
H            3.66630389422067       -0.02549330478470       -0.05960058441901
H            2.40742720061427       -2.00245520584182        0.72833641122327
H           -0.01994933521503       -1.99055125365334        0.77442934810752
20
 energy: -25.645765754348 gnorm: 0.001026252302 xtb: 6.7.1 (edcfbbe)
C           -2.35989282656937        0.84270900322247       -0.86601616951012
N           -1.59796833328869        0.06748839184218        0.08323852184063
C           -2.34621940941367       -0.95526846300194        0.76665733268514
C           -0.22134988578796        0.02469238121877        0.03195463701695
C            0.51023561359881        1.14140535560655       -0.39410918117875
C            1.88917620059381        1.11620226933874       -0.42856866883191
C            2.58775495332733       -0.01103087173843       -0.02926622969044
C            1.87873019406717       -1.11424557516813        0.41218312513485
C            0.49785645114211       -1.10394454881510        0.44304801024650
H           -3.11108000407777        0.20825362654576       -1.34786187535207
H           -1.71249866343968        1.24172961280643       -1.64425198357711
H           -2.87719957445433        1.67495127700581       -0.37409538901399
H           -3.33967862920119       -0.56543227514074        0.99154140543356
H           -1.86053642128932       -1.20562021842670        1.70904897044501
H           -2.46124975104249       -1.87117425228581        0.17016507504069
H           -0.00471266152467        2.04596562728266       -0.67970870365723
H            2.42542249858071        1.99331045142469       -0.76262942490410
H            3.66663667550398       -0.02692226180064       -0.05823867403111
H            2.40606573577060       -2.00319395124961        0.72890175704064
H           -0.02107432285112       -1.98983140220802        0.77345661677882
20
 energy: -25.645772128712 gnorm: 0.000591939613 xtb: 6.7.1 (edcfbbe)
C           -2.35990967654312        0.84476775552582       -0.86485993147095
N           -1.59807887051935        0.06427633740251        0.07992931039258
C           -2.34589140348304       -0.95760176784351        0.76490424256775
C           -0.22156118749572        0.02357286435018        0.03033179789731
C            0.50950909672284        1.14032933890832       -0.39635518564334
C            1.88858330643303        1.11613960943210       -0.42877587861771
C            2.58772810358880       -0.00988170771557       -0.02720404971525
C            1.87905844077193       -1.11348071038913        0.41393771641673
C            0.49819728574614       -1.10428410799276        0.44292971480836
H           -3.12040216323870        0.21691706459248       -1.33861173924853
H           -1.71561170841427        1.23526166201393       -1.64915635819012
H           -2.86490500567950        1.68286754643643       -0.37177093261744
H           -3.33951410688796       -0.56827539212338        0.98954257040348
H           -1.85999707755220       -1.20660970861626        1.70755806928610
H           -2.46036888383494       -1.87439017215914        0.16977009824270
H           -0.00562420257593        2.04409582288744       -0.68404868998694
H            2.42451056506851        1.99336495758912       -0.76308451536489
H            3.66665041949666       -0.02477292213530       -0.05467537369108
H            2.40653077940238       -2.00189216819041        0.73198101907216
H           -0.02048587136130       -1.99036012551392        0.77310726737501
20
 energy: -25.645792561281 gnorm: 0.003542663429 xtb: 6.7.1 (edcfbbe)
C           -2.35725909723011        0.85625823550073       -0.85967984879906
N           -1.59861262173695        0.04294754095910        0.05992311448433
C           -2.34625072538109       -0.97189293645089        0.75451351764389
C           -0.22280445352049        0.01529412344108        0.02301768403850
C            0.50365236227188        1.13410342075027       -0.40581569189991
C            1.88335769600951        1.11755314176077       -0.42844610400950
C            2.58699281625604       -0.00198778392904       -0.01714613303595
C            1.88210989111479       -1.10875608347379        0.42277454876039
C            0.50134899730983       -1.10743522767982        0.44335314440063
H           -3.18314619202799        0.26897298512831       -1.27760258659247
H           -1.72744475912858        1.18364811076250       -1.68728684552625
H           -2.77969518460055        1.74081071672419       -0.36186301673252
H           -3.33964579964942       -0.58218488482323        0.97846154073414
H           -1.85903522534979       -1.21370995687932        1.69858415434461
H           -2.46036608168361       -1.89385472171164        0.16756930290127
H           -0.01467401720721        2.03286397961613       -0.70308261825121
H            2.41620164927922        1.99646698970101       -0.76344006411429
H            3.66616458175366       -0.01014691990467       -0.03723373170017
H            2.41230800662620       -1.99346647872673        0.74676464027762
H           -0.01478400346108       -1.99544007430599        0.77208414499193
20
 energy: -25.645806294591 gnorm: 0.001246141840 xtb: 6.7.1 (edcfbbe)
C           -2.35889459722115        0.85600901511742       -0.85867117817547
N           -1.59811683807548        0.04515148890634        0.06093372841612
C           -2.34584137015004       -0.97034223401145        0.75507195992713
C           -0.22247277796747        0.01506200992925        0.02122211533272
C            0.50478772857239        1.13302300162626       -0.40860318034542
C            1.88443716499131        1.11670903318979       -0.42956253003290
C            2.58737510318412       -0.00240049539280       -0.01579851991384
C            1.88194393308177       -1.10909459987807        0.42332522511229
C            0.50114048216261       -1.10772291964233        0.44195958234945
H           -3.17462385675941        0.26413636780908       -1.28427940438785
H           -1.72977486398863        1.19547424689582       -1.67997098579390
H           -2.79213058809229        1.73106563924936       -0.35826183731542
H           -3.33801969708706       -0.57889566249898        0.98190291472929
H           -1.85686030044128       -1.21449445750282        1.69750324282021
H           -2.46287403956823       -1.89073128515053        0.16627662521202
H           -0.01286109125254        2.03140322012199       -0.70819489701956
H            2.41772480962937        1.99509162749006       -0.76503636152043
H            3.66663983214606       -0.00993481555198       -0.03246120873020
H            2.41200340581865       -1.99335639122702        0.74851769296399
H           -0.01516459933847       -1.99610861302040        0.76957616828774
20
 energy: -25.645830244065 gnorm: 0.001803483305 xtb: 6.7.1 (edcfbbe)
C           -2.36049276663596        0.86567529791860       -0.85134291597141
N           -1.59719547946975        0.03064716125632        0.04435773994630
C           -2.34551554976925       -0.97924271564598        0.74699873867251
C           -0.22256690356108        0.00655983990099        0.01002720626693
C            0.50269060510468        1.12434506643918       -0.42420934625948
C            1.88261954861144        1.11574590298071       -0.43253751411985
C            2.58779997148514        0.00376615740778       -0.00330408118257
C            1.88454018811635       -1.10550672278188        0.43309163329813
C            0.50368969531683       -1.11153789671511        0.43906565596335
H           -3.20796063925743        0.29914280106999       -1.24700643978385
H           -1.74748307255351        1.18164608530836       -1.69500525973893
H           -2.74819750701206        1.75653945385628       -0.34019424921165
H           -3.33391904952618       -0.58196641361245        0.98094984234823
H           -1.85044762423720       -1.22338848963274        1.68636893460083
H           -2.47104517378409       -1.90019349534489        0.16098273788947
H           -0.01620986061848        2.01728633684447       -0.73762722275874
H            2.41413619421323        1.99431685754519       -0.77000684251903
H            3.66741750893324        0.00367675402906       -0.00528924382948
H            2.41713707700619       -1.98496180883124        0.76682645144318
H           -0.01057932271790       -2.00250599553362        0.76330332686202
20
 energy: -25.645838919423 gnorm: 0.000600895106 xtb: 6.7.1 (edcfbbe)
C           -2.35952335724021        0.86543579836432       -0.85117703939620
N           -1.59744772646194        0.02946408449316        0.04325915184148
C           -2.34590987104915       -0.98008434764074        0.74570095918011
C           -0.22253950315754        0.00667119302707        0.01081921100997
C            0.50271110311002        1.12452894969841       -0.42348481471680
C            1.88247603991268        1.11554611623348       -0.43330783381057
C            2.58777003619967        0.00400448432070       -0.00379635901778
C            1.88462630979011       -1.10449256442402        0.43460265139647
C            0.50381381627023       -1.11086992614177        0.44108690559476
H           -3.20850976820012        0.30265730315891       -1.24481327788551
H           -1.74929013803203        1.18154257970692       -1.69522498651023
H           -2.74400875021725        1.75617878552499       -0.34115050983214
H           -3.33422549256149       -0.58365613385677        0.97948474151828
H           -1.85150441768244       -1.22613216565322        1.68491118565517
H           -2.47154668995771       -1.90016799410735        0.15900117126484
H           -0.01637147477618        2.01768469180669       -0.73521593826612
H            2.41381003001202        1.99386297198995       -0.77190157310082
H            3.66710433373320        0.00265358539192       -0.00985183141731
H            2.41726157596078       -1.98389747927400        0.76840841884385
H           -0.01027821600842       -2.00088575615963        0.76809891956453
20
 energy: -25.645842989538 gnorm: 0.000550081349 xtb: 6.7.1 (edcfbbe)
C           -2.35867644032257        0.86615356439549       -0.85053492443415
N           -1.59758121943598        0.02810640925188        0.04232138896320
C           -2.34665314087736       -0.98139506328231        0.74391249841752
C           -0.22257089317653        0.00668011954496        0.01222208985088
C            0.50225431199603        1.12457911058252       -0.42272029489498
C            1.88200494308186        1.11540226479104       -0.43426622885792
C            2.58776421653668        0.00381951080855       -0.00561102906643
C            1.88497431074037       -1.10384339919223        0.43545958205831
C            0.50418423949700       -1.11018893737534        0.44366634111066
H           -3.20979934819031        0.30556880099760       -1.24239772083473
H           -1.74901561938707        1.18002008597850       -1.69590776798180
H           -2.73952971685262        1.75838513179341       -0.34022968772605
H           -3.33485169640489       -0.58482400999012        0.97781939394542
H           -1.85279187498505       -1.22841984066466        1.68314761796700
H           -2.47238176841870       -1.90111371878760        0.15653547088090
H           -0.01729742366347        2.01752014872829       -0.73418784528277
H            2.41297487296774        1.99364178416793       -0.77372587435038
H            3.66704427585815        0.00228456558150       -0.01319543786448
H            2.41785600958730       -1.98257849049406        0.77069488372755
H           -0.00949019890636       -1.99975386037633        0.77244669628821
20
 energy: -25.645853259946 gnorm: 0.000683996218 xtb: 6.7.1 (edcfbbe)
C           -2.35534026314323        0.86965698489001       -0.84811131589419
N           -1.59777711403154        0.02172075489321        0.03787859085032
C           -2.34944870670732       -0.98708244692815        0.73727882106014
C           -0.22276498128680        0.00544085691667        0.01597306898641
C            0.50014428532800        1.12373403506965       -0.42131938026122
C            1.87987802295328        1.11510126075342       -0.43744174733597
C            2.58766859453740        0.00452629497741       -0.00949201725174
C            1.88664559667495       -1.10079240847659        0.44038789226749
C            0.50592527488240       -1.10821258397406        0.45278995882472
H           -3.21819110368951        0.31995614464081       -1.23020025247534
H           -1.74898908031756        1.17209254974367       -1.70091507575095
H           -2.71844479659171        1.76953109907823       -0.33658970795982
H           -3.33732673733742       -0.58952974920651        0.97130769448971
H           -1.85759177748254       -1.23744731455474        1.67670362557896
H           -2.47597662580105       -1.90544203242000        0.14761403588879
H           -0.02110528360113        2.01610093403228       -0.73146108386987
H            2.40919312246716        1.99280625324244       -0.78102170479717
H            3.66688919042322        0.00199988677016       -0.02435257154553
H            2.42087581077595       -1.97779876592016        0.77814160930084
H           -0.00584558840834       -1.99631757706873        0.78827871181040
20
 energy: -25.645859882151 gnorm: 0.000841322155 xtb: 6.7.1 (edcfbbe)
C           -2.35314671729421        0.87292955359627       -0.84572502041308
N           -1.59785206456538        0.01665690392542        0.03426162813198
C           -2.35117198130974       -0.99170083237178        0.73259665910389
C           -0.22309477270467        0.00390907821724        0.01733775944692
C            0.49849857318691        1.12224330869255       -0.42221756119228
C            1.87824318977891        1.11476312425891       -0.43994605175435
C            2.58743880315548        0.00549320721603       -0.01103786663846
C            1.88782974914615       -1.09891671998452        0.44328690609848
C            0.50714788744783       -1.10751997612088        0.45739956281341
H           -3.22707760913269        0.33351869303475       -1.21743726117160
H           -1.75114621639675        1.16483670646056       -1.70574019135207
H           -2.69927335361602        1.77932700435406       -0.33310383978754
H           -3.33888014913755       -0.59356246559239        0.96657741023242
H           -1.86037845599724       -1.24369577025082        1.67211030636151
H           -2.47804596797530       -1.90928696026207        0.14182825506538
H           -0.02365712250765        2.01347314910384       -0.73395280936375
H            2.40634751992714        1.99234767530417       -0.78564136389343
H            3.66662346435961        0.00390028651150       -0.02680609691479
H            2.42326065006864       -1.97368972842690        0.78496950002296
H           -0.00324758678926       -1.99498206120692        0.79668922712038
20
 energy: -25.645872141745 gnorm: 0.002293267681 xtb: 6.7.1 (edcfbbe)
C           -2.34922189393195        0.88139709784774       -0.83933706756083
N           -1.59815413517896        0.00472767124304        0.02456812783880
C           -2.35404808895264       -1.00262298847831        0.72182647251626
C           -0.22405678423715       -0.00057403094510        0.01706327658831
C            0.49481918738423        1.11761325335516       -0.42771703312800
C            1.87464515124554        1.11402120597491       -0.44486893372491
C            2.58685427705158        0.00907477994732       -0.00992854240100
C            1.89019517773607       -1.09404269689320        0.45212846888547
C            0.50960016785470       -1.10663852743108        0.46555766314621
H           -3.25128195331098        0.36801344829294       -1.18210663447457
H           -1.76056922582957        1.14586777362012       -1.71893800826687
H           -2.65058792919170        1.80413019250398       -0.32395447329330
H           -3.34141595681936       -0.60369578788485        0.95602085278176
H           -1.86472651657820       -1.25685138706681        1.66148570373076
H           -2.48116611470742       -1.91912685193691        0.12960176364829
H           -0.02896467878951        2.00568440159400       -0.74543614692009
H            2.40015620229678        1.99107453808902       -0.79575560974552
H            3.66605658539101        0.01014705744636       -0.02575766154353
H            2.42822972031940       -1.96461553141989        0.80041888116235
H            0.00205464789232       -1.99353944139937        0.81057805267636
20
 energy: -25.645883981569 gnorm: 0.001984378060 xtb: 6.7.1 (edcfbbe)
C           -2.34910769041240        0.88373978297573       -0.83740998226321
N           -1.59821443417557        0.00239894137978        0.02208974099518
C           -2.35372830364907       -1.00494243319133        0.72005567305260
C           -0.22438472893367       -0.00186836576007        0.01513606912104
C            0.49421243933650        1.11589279551018       -0.43115763201184
C            1.87411526961870        1.11372231317067       -0.44561365445854
C            2.58666301219461        0.01035756316657       -0.00724776131447
C            1.89032191502809       -1.09334100490117        0.45377845374386
C            0.50972987138337       -1.10712703476216        0.46484767726589
H           -3.25758134732923        0.37715975300528       -1.17167518116964
H           -1.76578570634434        1.14199793537130       -1.72230407228145
H           -2.63905978998087        1.80942781082160       -0.32163710395862
H           -3.34130380851527       -0.60644618404362        0.95416507522541
H           -1.86414736549245       -1.25830612217442        1.65984463856325
H           -2.48028407938520       -1.92178013645936        0.12836704389642
H           -0.02948358077825        2.00272282777640       -0.75249164525669
H            2.39933378513870        1.99066277342644       -0.79706280416247
H            3.66594504776039        0.01303199370378       -0.01961365169487
H            2.42872209372333       -1.96283604840736        0.80412951914003
H            0.00245524045681       -1.99442298414920        0.80924874948408
20
 energy: -25.645918616684 gnorm: 0.000875343622 xtb: 6.7.1 (edcfbbe)
C           -2.35043981993469        0.89053033252410       -0.83143465657503
N           -1.59884775581541       -0.00356530039065        0.01394531710009
C           -2.35119568470532       -1.01122716018139        0.71542920605573
C           -0.22540772321098       -0.00562996030294        0.00673926615815
C            0.49312379487029        1.11059779067383       -0.44335653891885
C            1.87323762899362        1.11295265176630       -0.44643173250515
C            2.58613397847178        0.01515905131355        0.00496441873344
C            1.88981771760685       -1.09090145725036        0.46050769692758
C            0.50923803584947       -1.10892783021703        0.46052809921996
H           -3.27810610263359        0.40552131212781       -1.13671342355379
H           -1.78637163499985        1.12977636432844       -1.73315396304288
H           -2.60270173847913        1.82487493880273       -0.31550121818133
H           -3.34091581048835       -0.61701621981361        0.94673453520869
H           -1.86141669419823       -1.25868864840721        1.65694753599804
H           -2.47236398714582       -1.93072798175248        0.12738642578334
H           -0.02963696777508        1.99350021844427       -0.77666047801971
H            2.39821808775661        1.98909662602926       -0.80003971802657
H            3.66566261414413        0.02210858955541        0.00267049693413
H            2.42844017703180       -1.95919998851639        0.81292058899828
H            0.00194972430611       -1.99818915227458        0.79996729362183
20
 energy: -25.645836059590 gnorm: 0.009004542083 xtb: 6.7.1 (edcfbbe)
C           -2.34799058373076        0.90808274300149       -0.81734429849419
N           -1.60024022287949       -0.02430097894824       -0.00810808392386
C           -2.35034685356220       -1.03100735016130        0.69731718006971
C           -0.22744459983367       -0.01519455484298       -0.00450751335642
C            0.48792967631825        1.09950139513586       -0.46366375326149
C            1.86826681239913        1.11113986984604       -0.45261510012233
C            2.58471170832782        0.02448036724649        0.01999464058106
C            1.89138314787432       -1.08282658959077        0.47766921962222
C            0.51109356975780       -1.11033713443506        0.46414990841882
H           -3.33184042804833        0.48012986074790       -1.05194705953339
H           -1.82458900008236        1.09197177100373       -1.76316259869322
H           -2.50142838069469        1.87258086185433       -0.29964567020903
H           -3.34342271403288       -0.64314377441946        0.92322041361262
H           -1.86322675204478       -1.27150537791234        1.64252161193589
H           -2.46242194087548       -1.95418660136962        0.11373190500688
H           -0.03598458004689        1.97446784526777       -0.81575516494089
H            2.39035547343677        1.98631832962536       -0.81306600981423
H            3.66426464112061        0.03923127877095        0.02888681976176
H            2.43256040449321       -1.94479908842541        0.84207698782298
H            0.00678846174779       -2.00055869593569        0.80569571743307
20
 energy: -25.645936042759 gnorm: 0.002211787378 xtb: 6.7.1 (edcfbbe)
C           -2.35023066455986        0.89984589464981       -0.82388038460206
N           -1.59972885173313       -0.01383804358600        0.00161988447559
C           -2.34941172099838       -1.02097641332390        0.70648208353440
C           -0.22634593599392       -0.01089148024860       -0.00140770320849
C            0.49090876007477        1.10453965276229       -0.45544480184410
C            1.87106397686028        1.11178683292685       -0.44930034958214
C            2.58525030226424        0.01989380765562        0.01386760038748
C            1.88999947237140       -1.08722582944420        0.46885738128305
C            0.50969276959387       -1.11039445049655        0.46010992488348
H           -3.30609132164564        0.44462417412298       -1.09116043688050
H           -1.80944889962101        1.11123988880935       -1.74873081290750
H           -2.55093424832241        1.84898880146785       -0.30761046176750
H           -3.34160103859991       -0.63147251905250        0.93381265927040
H           -1.86105748815292       -1.26223421418122        1.65070351856762
H           -2.46393734482540       -1.94391099534023        0.12259289020372
H           -0.03230268475184        1.98314791178778       -0.79872444170080
H            2.39504383168111        1.98785047582252       -0.80478655652134
H            3.66462558376431        0.03150097524319        0.01977548789499
H            2.42934872323563       -1.95224633937404        0.82874193125469
H            0.00357461900300       -2.00018395374194        0.79993173917497
20
 energy: -25.645943287909 gnorm: 0.000984820766 xtb: 6.7.1 (edcfbbe)
C           -2.35054302718579        0.90045916254344       -0.82342646916405
N           -1.59989881997847       -0.01426483333196        0.00016204653602
C           -2.34856490276488       -1.02120050187606        0.70622907903566
C           -0.22637160999376       -0.01123949756857       -0.00279197765350
C            0.49095999657076        1.10418113377859       -0.45657275827754
C            1.87109496509324        1.11167757002413       -0.44906336079721
C            2.58503514258074        0.01996360679218        0.01471380469383
C            1.88958639960743       -1.08733542838076        0.46895789907714
C            0.50934840148141       -1.11080782702848        0.45906673570838
H           -3.30688770872893        0.44736863685146       -1.08756959102993
H           -1.81293000078011        1.11118835842263       -1.74948597704586
H           -2.54825212901242        1.84926478672096       -0.30765383236729
H           -3.34171419089539       -0.63314286793815        0.93174749384530
H           -1.86076137495403       -1.25956772504740        1.65156828805267
H           -2.46073178890077       -1.94574844847229        0.12430037621001
H           -0.03234374037078        1.98229245880695       -0.80081367896961
H            2.39534189039216        1.98792661127894       -0.80379637017746
H            3.66432939813109        0.03206669015958        0.02221481515775
H            2.42859395699022       -1.95227699663114        0.82953577661416
H            0.00312698236248       -2.00076071264498        0.79812685246748
20
 energy: -25.645950751661 gnorm: 0.000760803771 xtb: 6.7.1 (edcfbbe)
C           -2.35025794386732        0.90338911615244       -0.82124982606923
N           -1.60037701640697       -0.01789707565793       -0.00546320227853
C           -2.34729993426772       -1.02394197678488        0.70345166302599
C           -0.22671881160609       -0.01274124522446       -0.00545484978585
C            0.49026489262631        1.10264004238752       -0.45969896976523
C            1.87036001867965        1.11140496323569       -0.44933039502268
C            2.58438250956164        0.02089955535335        0.01696951109163
C            1.88908504981965       -1.08656429558970        0.47096566701733
C            0.50893930917710       -1.11136395691676        0.45875780540083
H           -3.31319834861619        0.46098934826126       -1.07222043672660
H           -1.82295526701278        1.10741228008484       -1.75375963101789
H           -2.53140329055995        1.85427587562487       -0.30595827536369
H           -3.34326189686663       -0.63986865660163        0.92302631712947
H           -1.86206712038516       -1.25496072559115        1.65220284950101
H           -2.45264589213362       -1.95243475253698        0.12644731291944
H           -0.03354390068747        1.97910328714990       -0.80702207367831
H            2.39464922049698        1.98772743488755       -0.80400131760426
H            3.66355293826282        0.03411619295734        0.02665295193947
H            2.42791719591474       -1.95070301600682        0.83355131668955
H            0.00299612751521       -2.00143821872538        0.79758273451351
20
 energy: -25.645959666438 gnorm: 0.000499874802 xtb: 6.7.1 (edcfbbe)
C           -2.34917720703574        0.90836974015787       -0.81744642722709
N           -1.60094007146229       -0.02442435029164       -0.01355711126542
C           -2.34663015922900       -1.02934110721473        0.69825740082908
C           -0.22740082216440       -0.01530218874659       -0.00839838974905
C            0.48876590597185        1.09995679533691       -0.46429287521265
C            1.86883272243426        1.11093280244479       -0.45075550469363
C            2.58359700540972        0.02272567956878        0.01974876880540
C            1.88906609587397       -1.08471433949896        0.47494800547882
C            0.50897733394055       -1.11167189372342        0.46014847918675
H           -3.32515259752323        0.48329384059044       -1.04802113201751
H           -1.83598835607220        1.09939883258336       -1.76115177717407
H           -2.50253820258745        1.86470900148521       -0.30208545831483
H           -3.34587783812183       -0.64983504860885        0.91031437664703
H           -1.86525043703084       -1.25237967482330        1.65117864912322
H           -2.44376427079256       -1.96192477076027        0.12647622550680
H           -0.03559351605561        1.97427069295103       -0.81594821043170
H            2.39253456349207        1.98714532802270       -0.80658999788787
H            3.66273064971888        0.03759288132049        0.03148484981693
H            2.42843020837083       -1.94715873237066        0.84077175346483
H            0.00379683250721       -2.00159931196410        0.80036752703091
20
 energy: -25.645941838886 gnorm: 0.003989715713 xtb: 6.7.1 (edcfbbe)
C           -2.34652096971119        0.92163321213449       -0.80685040649433
N           -1.60238586970284       -0.04137271712754       -0.03427506293786
C           -2.34520153294123       -1.04370010820627        0.68461033325028
C           -0.22936469216051       -0.02201762852097       -0.01618810739265
C            0.48490250760308        1.09270283375533       -0.47671616068098
C            1.86490863513270        1.10948251502668       -0.45500999461014
C            2.58163974279632        0.02734633292924        0.02666677449248
C            1.88906564519847       -1.07991324940019        0.48533492165345
C            0.50911542857925       -1.11220770530391        0.46400186881351
H           -3.35500214242535        0.54120577564516       -0.98556311175192
H           -1.86951060903020        1.08037193962899       -1.77858630168595
H           -2.42843232686982        1.89085942790995       -0.29101598589717
H           -3.35339860175839       -0.67678004226562        0.87512322134706
H           -1.87541867338947       -1.24522954065013        1.64904725172144
H           -2.41926477210002       -1.98681352801948        0.12663472732532
H           -0.04018415929629        1.96185766584176       -0.83977204677449
H            2.38690642747651        1.98532098160680       -0.81423475615068
H            3.66073811544508        0.04640593352722        0.04353591217979
H            2.43006958197811       -1.93772518122177        0.85985156774585
H            0.00575610481998       -2.00138274083068        0.80885450776295
20
 energy: -25.645965012994 gnorm: 0.000924531211 xtb: 6.7.1 (edcfbbe)
C           -2.34763583738033        0.91517633721705       -0.81190958411783
N           -1.60166118378407       -0.03325737402548       -0.02417323174887
C           -2.34618374038518       -1.03680462009584        0.69111569429457
C           -0.22847508007183       -0.01865169283765       -0.01190270841914
C            0.48674156306126        1.09633073623948       -0.47023350858511
C            1.86676765543458        1.11014269231323       -0.45318719279326
C            2.58260974504199        0.02489623354261        0.02263776106882
C            1.88914200334138       -1.08222921616257        0.48023179044540
C            0.50908814068999       -1.11168200655532        0.46277921477272
H           -3.33952340999519        0.51270782586391       -1.01681634331253
H           -1.85249569189683        1.09058075605206       -1.76928288725820
H           -2.46507049448788        1.87742047491457       -0.29600083354139
H           -3.35036307011728       -0.66421612150353        0.89072355433465
H           -1.87183535017567       -1.24821973807090        1.65048939885694
H           -2.43042540370088       -1.97487971624015        0.12674396322722
H           -0.03785000798673        1.96826239387009       -0.82729185403439
H            2.38947766039468        1.98608976869646       -0.81105382745284
H            3.66176203520196        0.04158821977151        0.03607152633226
H            2.42950674564888       -1.94225934950562        0.85034113898380
H            0.00484156081134       -2.00095142702484        0.80616708086313
20
 energy: -25.645966717387 gnorm: 0.000295117657 xtb: 6.7.1 (edcfbbe)
C           -2.34769296812372        0.91534572248142       -0.81156596813172
N           -1.60167177647708       -0.03313543091446       -0.02412603497247
C           -2.34618380073338       -1.03697102551790        0.69091881066950
C           -0.22854368412577       -0.01848312164917       -0.01172999985552
C            0.48682420145200        1.09632589670176       -0.47024507598341
C            1.86685519633816        1.10992717463191       -0.45353932594276
C            2.58261994378370        0.02459206723227        0.02212040472803
C            1.88904286947782       -1.08224648324712        0.48023590712104
C            0.50899319033950       -1.11139318566631        0.46319963192073
H           -3.33867147857483        0.51261534783164       -1.01720979451015
H           -1.85251928651094        1.09222526034721       -1.76827330452410
H           -2.46593096673722        1.87645429010801       -0.29518016668315
H           -3.35110636563938       -0.66539754194414        0.88838489604279
H           -1.87323032712374       -1.24695464383308        1.65127546083662
H           -2.42828003396806       -1.97556689863925        0.12720763618551
H           -0.03746551846842        1.96844695840509       -0.82728674201352
H            2.38957104164031        1.98580537867746       -0.81151731013873
H            3.66178359349471        0.04106614090183        0.03522675291530
H            2.42939879298254       -1.94221990052877        0.85044299040157
H            0.00462521661801       -2.00039182891934        0.80711038385040
20
 energy: -25.645968118257 gnorm: 0.000300924227 xtb: 6.7.1 (edcfbbe)
C           -2.34777729057082        0.91697023609366       -0.80985216600694
N           -1.60186801271754       -0.03408097163781       -0.02554917861224
C           -2.34582908878150       -1.03851837832039        0.68941757450088
C           -0.22881849647089       -0.01879179483662       -0.01245176000588
C            0.48666539385295        1.09559606641966       -0.47176678322660
C            1.86671760706338        1.10938036300603       -0.45451075171753
C            2.58246430324930        0.02457395327249        0.02228419688599
C            1.88879470934058       -1.08186531984190        0.48125704346600
C            0.50877967525532       -1.11105841820851        0.46391966497375
H           -3.34005562787724        0.51737132556959       -1.01243347613484
H           -1.85549041646814        1.09335309062972       -1.76791786224186
H           -2.46131745005710        1.87771564749141       -0.29271518146676
H           -3.35274075641046       -0.66997696738129        0.88182386896841
H           -1.87600090405730       -1.24447808490682        1.65223568616067
H           -2.42238422983151       -1.97877354208279        0.12783760036080
H           -0.03720128241728        1.96742965111599       -0.83011474573173
H            2.38937756731128        1.98502150534061       -0.81314250754010
H            3.66161772182680        0.04113000382915        0.03566162615979
H            2.42914349929088       -1.94136063797424        0.85255808767802
H            0.00434091811350       -1.99959355111886        0.80890821544612
20
 energy: -25.645969783162 gnorm: 0.000508905870 xtb: 6.7.1 (edcfbbe)
C           -2.34786850339505        0.91997016322906       -0.80683114342336
N           -1.60221374952589       -0.03577119669935       -0.02816542878250
C           -2.34503301345530       -1.04127747460313        0.68667255760249
C           -0.22923685329008       -0.01942520276627       -0.01390694240186
C            0.48638412310541        1.09420033592228       -0.47478602125082
C            1.86645057855601        1.10842145064479       -0.45624353571488
C            2.58215403191223        0.02475881899388        0.02308046667676
C            1.88834846831300       -1.08111089810969        0.48329992848541
C            0.50839992349309       -1.11062621706970        0.46498362557602
H           -3.34374976910139        0.52658082943857       -1.00255629961426
H           -1.86130793309087        1.09416272962674       -1.76825359253533
H           -2.45198095404513        1.88083955628202       -0.28855445290162
H           -3.35532891362746       -0.67803532615017        0.87084207254459
H           -1.88026430546467       -1.24056447130445        1.65355579275889
H           -2.41227957083187       -1.98430702722230        0.12861002195595
H           -0.03694811093565        1.96526490162363       -0.83569323015667
H            2.38906462210773        1.98366350833562       -0.81590731822722
H            3.66128436067322        0.04171706633446        0.03751205658895
H            2.42861568972738       -1.93982229265272        0.85648758501427
H            0.00392771851948       -1.99859507739417        0.81130300972113
20
 energy: -25.645972193093 gnorm: 0.000444328879 xtb: 6.7.1 (edcfbbe)
C           -2.34800252522338        0.92567425826219       -0.80114463785635
N           -1.60290903482907       -0.03886300916578       -0.03280307601541
C           -2.34355963861386       -1.04650086483414        0.68147441170474
C           -0.23000408205019       -0.02066205561877       -0.01650646152836
C            0.48576917682856        1.09163715414602       -0.48029497391692
C            1.86585927215352        1.10672739926017       -0.45941421664903
C            2.58152468543296        0.02520405316046        0.02464941038321
C            1.88757544767919       -1.07964700989931        0.48716621413941
C            0.50770513232484       -1.10989101921935        0.46703328597594
H           -3.35056535579063        0.54369923448643       -0.98459517443717
H           -1.87169165492896        1.09522736486584       -1.76877209902318
H           -2.43452394574678        1.88759822623459       -0.28096099931633
H           -3.35976821874011       -0.69304376882432        0.85121943441947
H           -1.88789691211226       -1.23427617729935        1.65539637926003
H           -2.39426071347782       -1.99417731392898        0.12953906740892
H           -0.03690955778386        1.96107958910401       -0.84595152255946
H            2.38842175159471        1.98099734670528       -0.82158292642788
H            3.66061130610591        0.04285401588651        0.04074010156987
H            2.42772372927583       -1.93682983009604        0.86407541647543
H            0.00331897754560       -1.99676341676637        0.81618151830903
20
 energy: -25.645973611449 gnorm: 0.000242687673 xtb: 6.7.1 (edcfbbe)
C           -2.34800023475853        0.92982030206752       -0.79684367107779
N           -1.60334245631217       -0.04040842910237       -0.03538296436457
C           -2.34253638805860       -1.05016546485159        0.67742040044107
C           -0.23042938279232       -0.02120956744206       -0.01779904679809
C            0.48552021700505        1.08990607614933       -0.48416719366096
C            1.86559584153103        1.10524959391392       -0.46235134509699
C            2.58114720196011        0.02523845618478        0.02520192560351
C            1.88703861175270       -1.07846359082720        0.49023548834339
C            0.50719714599668       -1.10899890630020        0.46926553823385
H           -3.35497900505045        0.55491247176057       -0.97229807256424
H           -1.87831410338594        1.09697421833893       -1.76845999894130
H           -2.42406745010083        1.89189868619312       -0.27506364303527
H           -3.36278175096478       -0.70421278056856        0.83680819629957
H           -1.89400014015764       -1.23064381885540        1.65614075356079
H           -2.38118639896190       -2.00039745600338        0.12924833185477
H           -0.03680855427987        1.95818590381223       -0.85291241473437
H            2.38823422929351        1.97868194981688       -0.82641416762868
H            3.66021521195772        0.04318809323834        0.04215313389109
H            2.42698963681825       -1.93456597534595        0.86987492223575
H            0.00292560815216       -1.99494558571983        0.82079297935442
20
 energy: -25.645974499292 gnorm: 0.000167529628 xtb: 6.7.1 (edcfbbe)
C           -2.34815908332098        0.93175267744781       -0.79449667464915
N           -1.60355269662214       -0.04033286908729       -0.03553921390649
C           -2.34213017146469       -1.05187802580254        0.67533912521515
C           -0.23059485526826       -0.02110055470611       -0.01779350353983
C            0.48554376632414        1.08926510719082       -0.48571608859800
C            1.86562127444440        1.10436730539530       -0.46412989820281
C            2.58103732247432        0.02494646465585        0.02488739381547
C            1.88676547559365       -1.07785483610614        0.49173051554737
C            0.50689684846397       -1.10821166889587        0.47097315463959
H           -3.35577861930922        0.55854318702207       -0.96860529693740
H           -1.88016673055408        1.09938331692360       -1.76673499899750
H           -2.42179343410409        1.89351383274926       -0.27159618609824
H           -3.36427478245904       -0.70990340692579        0.82952366230436
H           -1.89756388718881       -1.22957991368783        1.65631046875678
H           -2.37450983339138       -2.00272556878361        0.12822161010419
H           -0.03668862543271        1.95702477680821       -0.85575456852722
H            2.38841596750487        1.97701784247779       -0.82988231372373
H            3.66010790378557        0.04265373578630        0.04148508324677
H            2.42653969022793       -1.93339952887415        0.87287667544164
H            0.00270230994072       -1.99343769712859        0.82435020602499
20
 energy: -25.645975105941 gnorm: 0.000155281255 xtb: 6.7.1 (edcfbbe)
C           -2.34833828498419        0.93356854098984       -0.79226711500330
N           -1.60369000804172       -0.04006645405055       -0.03552686625858
C           -2.34174885493479       -1.05351282217345        0.67330113804613
C           -0.23071918799070       -0.02086654907840       -0.01761848744107
C            0.48566146061193        1.08871727904924       -0.48710328975889
C            1.86573197888554        1.10344337441569       -0.46596604838327
C            2.58099826330062        0.02450437028636        0.02432651080076
C            1.88652108892123       -1.07729116216570        0.49311718866529
C            0.50660766846249       -1.10732725448107        0.47276622879114
H           -3.35677368621582        0.56191431701560       -0.96490465815003
H           -1.88206962022221        1.10175377115710       -1.76527616793266
H           -2.41993254544745        1.89479208770867       -0.26823902887528
H           -3.36598929479252       -0.71537411487254        0.82193900482584
H           -1.90121745346054       -1.22829588369293        1.65679845114501
H           -2.36755428240955       -2.00518707336922        0.12712250882461
H           -0.03642885524289        1.95607511510676       -0.85819908361877
H            2.38871318052134        1.97539266065685       -0.83305987866801
H            3.66008856636186        0.04194135216092        0.04061179122649
H            2.42609830723768       -1.93231631139357        0.87568293870129
H            0.00245939908389       -1.99182106681050        0.82794401497925
20
 energy: -25.645975446404 gnorm: 0.000098461199 xtb: 6.7.1 (edcfbbe)
C           -2.34841012057993        0.93512171011759       -0.79047868707514
N           -1.60381222694391       -0.03988959031604       -0.03539764561429
C           -2.34149636767433       -1.05494185471220        0.67164030535117
C           -0.23086890799265       -0.02073124938332       -0.01747001418264
C            0.48566101558463        1.08824914062052       -0.48823480833665
C            1.86573429250154        1.10272199114194       -0.46747642797402
C            2.58095626652281        0.02417962154688        0.02382550036233
C            1.88635681235988       -1.07680191880476        0.49429864597964
C            0.50641677689019       -1.10659316279954        0.47432457784886
H           -3.35753441425074        0.56477478425821       -0.96210455019704
H           -1.88326999853247        1.10355831893094       -1.76403838291557
H           -2.41819161955336        1.89606440096029       -0.26561391387579
H           -3.36722700862186       -0.71982681675091        0.81616652352486
H           -1.90416705568313       -1.22777411688900        1.65695756384653
H           -2.36244878344832       -2.00709239940321        0.12617202770771
H           -0.03627826929711        1.95532063835283       -0.86024834494928
H            2.38879294723157        1.97413991186464       -0.83571140369296
H            3.66005882389366        0.04140804136978        0.03976880088237
H            2.42583124834829       -1.93138543213135        0.87799226791413
H            0.00231442888941       -1.99045784151422        0.83107711731171
20
 energy: -25.645975490063 gnorm: 0.000042103145 xtb: 6.7.1 (edcfbbe)
C           -2.34841207808879        0.93524131309283       -0.79032906835670
N           -1.60383657357799       -0.03984102112853       -0.03520732828508
C           -2.34152843057232       -1.05505321012630        0.67151375876892
C           -0.23089140215192       -0.02069600710971       -0.01736852431861
C            0.48563648759195        1.08820422661065       -0.48830757057831
C            1.86571734333368        1.10265743385535       -0.46762488930717
C            2.58094957474483        0.02419947938107        0.02382339405734
C            1.88635678038427       -1.07673774461088        0.49442066684781
C            0.50642542370596       -1.10652556261217        0.47447698571632
H           -3.35759516517306        0.56487538489189       -0.96213662287673
H           -1.88303495420934        1.10366480864661       -1.76384606709184
H           -2.41815793185981        1.89619582928581       -0.26531377319863
H           -3.36729395918130       -0.72004477149672        0.81600272459637
H           -1.90426863682404       -1.22809276961787        1.65680928907699
H           -2.36235521883141       -2.00705178655886        0.12580846297501
H           -0.03625643718115        1.95525480186336       -0.86042528729048
H            2.38875088592244        1.97398718207892       -0.83611907072908
H            3.66005199061694        0.04138066652440        0.03962775870592
H            2.42585098523689       -1.93126834258981        0.87821807513010
H            0.00230915575838       -1.99030573392096        0.83142623807379
