2025-04-15 20:10:11,294 -   censo.qm_processor   -   INFO   - worker1743622:Running sp calculation in /scratch/pawsey0265/mwang1/.automated/7134/0_PRESCREENING/CONF1/sp.
2025-04-15 20:10:11,295 -   censo.qm_processor   -   INFO   - worker1743623:Running sp calculation in /scratch/pawsey0265/mwang1/.automated/7134/0_PRESCREENING/CONF2/sp.
2025-04-15 20:10:11,295 -   censo.qm_processor   -   INFO   - worker1743625:Running sp calculation in /scratch/pawsey0265/mwang1/.automated/7134/0_PRESCREENING/CONF3/sp.
2025-04-15 20:10:16,592 -     censo.parallel     -   INFO   - All jobs executed successfully.
2025-04-15 20:10:16,617 -   censo.qm_processor   -   INFO   - worker1743715:Running sp calculation in /scratch/pawsey0265/mwang1/.automated/7134/1_SCREENING/CONF1/sp.
2025-04-15 20:10:16,618 -   censo.qm_processor   -   INFO   - worker1743716:Running sp calculation in /scratch/pawsey0265/mwang1/.automated/7134/1_SCREENING/CONF2/sp.
2025-04-15 20:10:16,619 -   censo.qm_processor   -   INFO   - worker1743718:Running sp calculation in /scratch/pawsey0265/mwang1/.automated/7134/1_SCREENING/CONF3/sp.
2025-04-15 20:10:33,386 -     censo.parallel     -   INFO   - All jobs executed successfully.
2025-04-15 20:10:33,411 -   censo.qm_processor   -   INFO   - worker1743877:Running xtb_opt calculation in /scratch/pawsey0265/mwang1/.automated/7134/2_OPTIMIZATION/CONF1/xtb_opt.
2025-04-15 20:10:33,412 -   censo.qm_processor   -   INFO   - worker1743878:Running xtb_opt calculation in /scratch/pawsey0265/mwang1/.automated/7134/2_OPTIMIZATION/CONF2/xtb_opt.
2025-04-15 20:10:33,413 -   censo.qm_processor   -   INFO   - worker1743880:Running xtb_opt calculation in /scratch/pawsey0265/mwang1/.automated/7134/2_OPTIMIZATION/CONF3/xtb_opt.
2025-04-15 20:14:43,863 -     censo.parallel     -   INFO   - All jobs executed successfully.
2025-04-15 20:14:43,880 -   censo.qm_processor   -   INFO   - worker1745507:Running xtb_rrho calculation in /scratch/pawsey0265/mwang1/.automated/7134/2_OPTIMIZATION/CONF1/xtb_rrho.
2025-04-15 20:14:43,880 -   censo.qm_processor   -   INFO   - worker1745508:Running xtb_rrho calculation in /scratch/pawsey0265/mwang1/.automated/7134/2_OPTIMIZATION/CONF2/xtb_rrho.
2025-04-15 20:14:43,881 -   censo.qm_processor   -   INFO   - worker1745509:Running xtb_rrho calculation in /scratch/pawsey0265/mwang1/.automated/7134/2_OPTIMIZATION/CONF3/xtb_rrho.
2025-04-15 20:14:45,716 -     censo.parallel     -   INFO   - All jobs executed successfully.
2025-04-15 20:14:45,717 -censo.ensembleopt.optimization-   INFO   - Threshold: 2.00 kcal/mol
2025-04-15 20:14:45,730 -   censo.qm_processor   -   INFO   - worker1745538:Running xtb_opt calculation in /scratch/pawsey0265/mwang1/.automated/7134/2_OPTIMIZATION/CONF2/xtb_opt.
2025-04-15 20:18:35,875 -     censo.parallel     -   INFO   - All jobs executed successfully.
2025-04-15 20:18:35,875 -censo.ensembleopt.optimization-   INFO   - Threshold: 2.00 kcal/mol
2025-04-15 20:18:35,888 -   censo.qm_processor   -   INFO   - worker1746797:Running xtb_opt calculation in /scratch/pawsey0265/mwang1/.automated/7134/2_OPTIMIZATION/CONF2/xtb_opt.
2025-04-15 20:26:23,883 -     censo.parallel     -   INFO   - All jobs executed successfully.
2025-04-15 20:26:23,884 -censo.ensembleopt.optimization-   INFO   - Threshold: 2.00 kcal/mol
2025-04-15 20:26:23,896 -   censo.qm_processor   -   INFO   - worker1748907:Running xtb_opt calculation in /scratch/pawsey0265/mwang1/.automated/7134/2_OPTIMIZATION/CONF2/xtb_opt.
2025-04-15 20:28:36,619 -     censo.parallel     -   INFO   - All jobs executed successfully.
2025-04-15 20:28:36,619 -censo.ensembleopt.optimization-   INFO   - Threshold: 1.50 kcal/mol
2025-04-15 20:28:36,632 -   censo.qm_processor   -   INFO   - worker1749418:Running xtb_rrho calculation in /scratch/pawsey0265/mwang1/.automated/7134/2_OPTIMIZATION/CONF1/xtb_rrho.
2025-04-15 20:28:36,633 -   censo.qm_processor   -   INFO   - worker1749419:Running xtb_rrho calculation in /scratch/pawsey0265/mwang1/.automated/7134/2_OPTIMIZATION/CONF2/xtb_rrho.
2025-04-15 20:28:37,611 -     censo.parallel     -   INFO   - All jobs executed successfully.
