5
 energy: -11.309158755405 gnorm: 0.005789622427 xtb: 6.7.1 (edcfbbe)
C            0.00003499190563        0.98328887250783        0.00000561180150
Br          -1.63282530308323       -0.08128104970983        0.00000127705916
Br           1.63285313572738       -0.08131429588158       -0.00001587906220
H            0.00003886080478        1.58360269007094        0.90474584317932
H            0.00001243635005        1.58379799808506       -0.90460356649473
5
 energy: -11.308550418520 gnorm: 0.010765865514 xtb: 6.7.1 (edcfbbe)
C            0.00002603151592        1.01767059037637        0.00007371448361
Br          -1.56637307679392       -0.13251392201111       -0.00004714618977
Br           1.56639231705399       -0.13253417651788       -0.00007472222380
H            0.00003773601756        1.61771354777414        0.90594386668339
H            0.00003111391106        1.61775817545092       -0.90576242627038
5
 energy: -11.309305428759 gnorm: 0.002115214701 xtb: 6.7.1 (edcfbbe)
C            0.00002603290351        0.98853654367408        0.00005952249346
Br          -1.61110009065665       -0.09486120886792       -0.00003589492992
Br           1.61112240965125       -0.09488519876643       -0.00006344142483
H            0.00003643342037        1.59461486694348        0.90198296785871
H            0.00002933638615        1.59468921208923       -0.90180986751438
5
 energy: -11.309310564141 gnorm: 0.000756858505 xtb: 6.7.1 (edcfbbe)
C            0.00002846144889        0.98653591740262        0.00001913998817
Br          -1.61101275050008       -0.09411734275938       -0.00000615238079
Br           1.61104241806902       -0.09414966709285       -0.00002846787365
H            0.00003630358249        1.59482899102787        0.90120071940835
H            0.00001968910430        1.59499631649418       -0.90105195265903
5
 energy: -11.309311088373 gnorm: 0.000353241803 xtb: 6.7.1 (edcfbbe)
C            0.00001891055314        0.98535986731337        0.00011006812148
Br          -1.61036285714938       -0.09417159457973       -0.00007562401278
Br           1.61038266413719       -0.09419039267012       -0.00010403180483
H            0.00004043942917        1.59556870402150        0.90078957044885
H            0.00003496473448        1.59552763098741       -0.90058669626966
5
 energy: -11.309311247253 gnorm: 0.000028901766 xtb: 6.7.1 (edcfbbe)
C            0.00003139717453        0.98578803528314       -0.00004651609052
Br          -1.61050650355411       -0.09421636157290        0.00004562646235
Br           1.61054486152571       -0.09425857214467        0.00002485752229
H            0.00003189337831        1.59523131332549        0.90092296660794
H            0.00001247318017        1.59554980018137       -0.90081364801902
5
 energy: -11.309311235194 gnorm: 0.000061677764 xtb: 6.7.1 (edcfbbe)
C            0.00001430061094        0.98581798196312        0.00019256187496
Br          -1.61055766278005       -0.09421378437370       -0.00014205244319
Br           1.61057043194690       -0.09422375766118       -0.00016955794498
H            0.00004709191264        1.59547228341413        0.90100347072325
H            0.00003996001419        1.59524149173006       -0.90075113572699
5
 energy: -11.309311252243 gnorm: 0.000001914952 xtb: 6.7.1 (edcfbbe)
C            0.00002426939699        0.98577712718056        0.00003878506432
Br          -1.61052979307470       -0.09420202854753       -0.00002039048799
Br           1.61055822027814       -0.09423154788915       -0.00004552626067
H            0.00003643887296        1.59531414634165        0.90094055772437
H            0.00002498623123        1.59543651798691       -0.90078013955698
