10
 energy: -230.209235246844 gnorm: 0.027700503878 xtb: 6.7.1 (edcfbbe)
C           -0.71197765121550       -0.61715920047348        0.29842899653224
C            0.71564568331712       -0.62517586567703       -0.27199546062053
O            1.43835255563737        0.52869819473428        0.09354146204145
O           -1.44142361783873        0.51586439682859       -0.11577209535130
H           -0.66904253159647       -0.66672251729544        1.39363661011756
H           -1.25633044275671       -1.48551210395827       -0.07641846013386
H            0.67310245019827       -0.72145621531970       -1.36407953190446
H            1.26505889346058       -1.47360247325299        0.13931767756174
H            1.06814133007332        1.28087695006759       -0.38297447516971
H           -1.07589108467676        1.28976366797153        0.32840248724552
10
 energy: -230.209979774623 gnorm: 0.013611385763 xtb: 6.7.1 (edcfbbe)
C           -0.70829540609947       -0.61579704396656        0.29714562136297
C            0.71193016640209       -0.62371093542234       -0.27078939171166
O            1.43718668870324        0.53925826450018        0.10364620300619
O           -1.44028393488763        0.52596152299816       -0.12631044612467
H           -0.66759022813185       -0.67490927357682        1.39477448106330
H           -1.25033235291129       -1.49015459497133       -0.07686252140485
H            0.67171041595457       -0.72973855123041       -1.36489578558422
H            1.25902801112527       -1.47819080039429        0.13997154435838
H            1.08693140471776        1.28164634033544       -0.40184625590120
H           -1.09464903099779        1.29121007832719        0.34725385146753
10
 energy: -230.210307079759 gnorm: 0.006098049688 xtb: 6.7.1 (edcfbbe)
C           -0.70433154346190       -0.61599375094778        0.29446585702198
C            0.70797199808118       -0.62383500841987       -0.26809090068949
O            1.43546944069105        0.54723008585406        0.11541099544091
O           -1.43860126417707        0.53346239810479       -0.13842658032276
H           -0.67198366292555       -0.67332782138773        1.39353399371595
H           -1.24941503315693       -1.49298873777734       -0.07596233100853
H            0.67609846737091       -0.72810715882640       -1.36372382612786
H            1.25815976116778       -1.48108201301562        0.13917449926977
H            1.11369396564214        1.27472725933345       -0.43301351063624
H           -1.12142617117537        1.28549001500174        0.37871929910770
10
 energy: -230.210364615288 gnorm: 0.003873372106 xtb: 6.7.1 (edcfbbe)
C           -0.70358653550940       -0.61670623224326        0.29387801882956
C            0.70722234320701       -0.62450985935880       -0.26745414999686
O            1.43460584844428        0.54769258618663        0.11959056142342
O           -1.43771887183561        0.53374069162224       -0.14262765490777
H           -0.67275703096561       -0.66712307292031        1.39255214403340
H           -1.25078460442201       -1.49377061552544       -0.07288484080201
H            0.67681131402928       -0.72182887726315       -1.36298924642621
H            1.25952454599654       -1.48198078440883        0.13612748734795
H            1.12316893245957        1.26954038076769       -0.43973148430587
H           -1.13084994675930        1.28052108302515        0.38562673001619
10
 energy: -230.210398254374 gnorm: 0.002300231002 xtb: 6.7.1 (edcfbbe)
C           -0.70347858990282       -0.61718085086267        0.29385101511875
C            0.70711932185826       -0.62499250170478       -0.26739213808828
O            1.43345610291345        0.54647300651705        0.12466445227989
O           -1.43654498994996        0.53231294021644       -0.14765707346748
H           -0.67216678505852       -0.65879278333450        1.39196728957009
H           -1.25154973262573       -1.49496980554369       -0.06803071295768
H            0.67613983580308       -0.71346752002869       -1.36274221340048
H            1.26031455057827       -1.48339134363880        0.13131861600601
H            1.13439168096776        1.26424604206657       -0.44393301352913
H           -1.14204538553407        1.27533810946833        0.39004140921825
10
 energy: -230.210408977882 gnorm: 0.001404110943 xtb: 6.7.1 (edcfbbe)
C           -0.70370247044975       -0.61690329231537        0.29392457295210
C            0.70734084398187       -0.62471723023527       -0.26747210958136
O            1.43328979251829        0.54511630758741        0.12819212254153
O           -1.43634481649284        0.53080955358437       -0.15114567301747
H           -0.67089933219714       -0.65415157296795        1.39192352793390
H           -1.25114953754598       -1.49625311249808       -0.06441063433349
H            0.67482644826579       -0.70883742934563       -1.36288931503223
H            1.25992502681001       -1.48482898987260        0.12775514830683
H            1.14331757673238        1.26211809016541       -0.44570487889947
H           -1.15096751369466        1.27322295241859        0.39191490646609
10
 energy: -230.210415351334 gnorm: 0.000781124271 xtb: 6.7.1 (edcfbbe)
C           -0.70391635122474       -0.61585327095272        0.29460057027710
C            0.70755813371889       -0.62371201894581       -0.26819272744117
O            1.43473891726363        0.54225913176276        0.13235240178426
O           -1.43773914983460        0.52778901868383       -0.15521835637415
H           -0.66829013655688       -0.64867230831859        1.39277427059596
H           -1.24939354415887       -1.49860636591077       -0.05847746979872
H            0.67217405499227       -0.70344081982682       -1.36397305875383
H            1.25819749318412       -1.48745404095676        0.12192765096713
H            1.15609332624284        1.26115433999763       -0.44416136576330
H           -1.16378672982314        1.27211154695254        0.39045577881856
10
 energy: -230.210416754448 gnorm: 0.000356053876 xtb: 6.7.1 (edcfbbe)
C           -0.70372350246955       -0.61547338655692        0.29472847197154
C            0.70737109510050       -0.62334208524995       -0.26834178944034
O            1.43601300692831        0.54179749405383        0.13200653576341
O           -1.43899336362520        0.52734465721235       -0.15486830653485
H           -0.66781249993105       -0.64914925081339        1.39308599543565
H           -1.24857788894108       -1.49894039871211       -0.05820892688537
H            0.67171020767886       -0.70395026694021       -1.36426951145372
H            1.25737918534842       -1.48781110127776        0.12167755930276
H            1.15631380702356        1.26210736635592       -0.44249647211831
H           -1.16404403876763        1.27299216708876        0.38877412686018
10
 energy: -230.210416754448 gnorm: 0.000356053876 xtb: 6.7.1 (edcfbbe)
C           -0.70372350246955       -0.61547338655692        0.29472847197154
C            0.70737109510050       -0.62334208524995       -0.26834178944034
O            1.43601300692831        0.54179749405383        0.13200653576341
O           -1.43899336362520        0.52734465721235       -0.15486830653485
H           -0.66781249993105       -0.64914925081339        1.39308599543565
H           -1.24857788894108       -1.49894039871211       -0.05820892688537
H            0.67171020767886       -0.70395026694021       -1.36426951145372
H            1.25737918534842       -1.48781110127776        0.12167755930276
H            1.15631380702356        1.26210736635592       -0.44249647211831
H           -1.16404403876763        1.27299216708876        0.38877412686018
