24
 energy: -32.434357290398 gnorm: 0.029025940107 xtb: 6.7.1 (edcfbbe)
C           -3.05183062539439        0.82062486523298        0.51234359943440
O           -1.85426701132305        0.75532493819451       -0.28783701534895
C           -1.09818156670080       -0.35290140571260       -0.08958306644119
O           -1.40223843692618       -1.22093989715829        0.69610965983305
C            0.11627705444455       -0.37248014352718       -1.00516339630222
C            1.12110179118696       -1.43754360748283       -0.54781617581251
C            1.83127934462954       -1.02896454306946        0.74616535429706
C            2.49309756113742        0.34469348392228        0.61389308448722
C            1.47937663166614        1.40436733767433        0.17528269289237
C            0.79574219125068        1.00196896252248       -1.13273923889391
H           -3.71375760645547       -0.01769282330657        0.27856448886173
H           -3.52396759384405        1.76855183784591        0.25404455127009
H           -2.80197652153112        0.78990455173634        1.57629909251579
H           -0.28533660849107       -0.65372525238827       -1.99036057969140
H            0.61146348518357       -2.39596451147965       -0.41438753737717
H            1.86379993739078       -1.56600017437775       -1.34631417443208
H            1.09946385090826       -1.00663723491579        1.56304412927956
H            2.57713955264352       -1.78676500920121        1.01165095910136
H            2.95867657589842        0.63390017149519        1.56308163151219
H            3.29908083345475        0.29045975829705       -0.13200374943589
H            0.71858882891533        1.53067686587168        0.95954211085730
H            1.96925028834912        2.37748012853314        0.05556798923266
H            0.07095864634338        1.75836615084540       -1.44375330608064
H            1.55214416891063        0.93001613901203       -1.92553699717257
24
 energy: -32.435422730866 gnorm: 0.010027984558 xtb: 6.7.1 (edcfbbe)
C           -3.04251072698736        0.82177513388667        0.50693651148826
O           -1.85016164783778        0.74908272169269       -0.27909960502378
C           -1.08970791102094       -0.34582102170512       -0.07939035806888
O           -1.39131072491661       -1.21079932826971        0.69961388516300
C            0.11705653577055       -0.37163397173227       -1.00104878282039
C            1.12728978137887       -1.43097240031042       -0.55242889251525
C            1.82167120684775       -1.02264011050664        0.74445526775623
C            2.48879546904595        0.34214017392692        0.60304695070158
C            1.47037260017579        1.39669126757302        0.18015747937405
C            0.79705161152763        0.99621624041973       -1.12860989816091
H           -3.69829897416700       -0.01813356530249        0.27193296691418
H           -3.51541384211030        1.76591310164232        0.24725356060755
H           -2.79334298225085        0.79145498604286        1.56880647578126
H           -0.28398597669924       -0.65268976095916       -1.98459489480394
H            0.61281434630675       -2.38248767527926       -0.40696673955553
H            1.87229813651531       -1.56266404788418       -1.34337912712894
H            1.08614861922235       -0.99302873482323        1.55274520762329
H            2.56944983063522       -1.77558161650171        1.00657739154989
H            2.94650252431032        0.62964896827770        1.55305708687936
H            3.28712479127045        0.28586809311185       -0.14487388099261
H            0.71234668379965        1.51086725479429        0.96211357269113
H            1.96477966607915        2.36408004424449        0.05659393060186
H            0.06478449525695        1.74886150793376       -1.42416066949693
H            1.55213125949430        0.93057332829160       -1.91864333197822
24
 energy: -32.435580102248 gnorm: 0.004048056615 xtb: 6.7.1 (edcfbbe)
C           -3.03014686006626        0.82266854987772        0.50268110637528
O           -1.84364897651029        0.74320454422576       -0.27815886754560
C           -1.08583295276909       -0.34773951850618       -0.08080223556759
O           -1.37923184759879       -1.20681727704210        0.70659123372511
C            0.11908850070068       -0.37203999801438       -1.00316480499830
C            1.12707416874978       -1.43132897484625       -0.55270099271090
C            1.81792369724932       -1.02132094276224        0.74417470474702
C            2.48537753336027        0.34194261542420        0.60161352333960
C            1.46487612741527        1.39437097800314        0.18215942074764
C            0.79284999307315        0.99723858388044       -1.12749348390607
H           -3.68847824586546       -0.01577085114953        0.27036857231635
H           -3.50276229608582        1.76547863893972        0.24213945866939
H           -2.78498211672837        0.79369828416789        1.56535295744027
H           -0.28264270510869       -0.65408920802848       -1.98528622231168
H            0.61092187358306       -2.38091670691815       -0.40510809393708
H            1.87314999141068       -1.56224447384749       -1.33938344646089
H            1.07860713947061       -0.98558052702336        1.54555051307448
H            2.56367185211095       -1.77321867961383        1.01001547524461
H            2.94537236154341        0.62887870467201        1.54939506743770
H            3.27610418983082        0.28439330995988       -0.15053092317483
H            0.70813255956129        1.49800929159066        0.96281434126388
H            1.95673372090515        2.36200550527738        0.06106154731296
H            0.05582894850437        1.74730229366703       -1.41606639598352
H            1.54789811491086        0.93859644662991       -1.91512834851157
24
 energy: -32.435612635828 gnorm: 0.001274563800 xtb: 6.7.1 (edcfbbe)
C           -3.02427482524878        0.82354610075481        0.49976957569039
O           -1.84074855559102        0.73986458319580       -0.28017007893113
C           -1.08166957472951       -0.34740745295639       -0.07875659709533
O           -1.37224448607333       -1.20525324702541        0.71248012421131
C            0.12049256313448       -0.37343709981594       -1.00513548626395
C            1.12832075612152       -1.43270725179730       -0.55393694503703
C            1.81611958403620       -1.02151795093235        0.74479412502779
C            2.48427492440011        0.34164890134714        0.60008197926789
C            1.46110197137488        1.39373103092058        0.18458210162070
C            0.79075749747678        0.99778385658522       -1.12707157441832
H           -3.68597128857761       -0.01447057033562        0.27252865595548
H           -3.49683746890008        1.76603895179413        0.23736355985042
H           -2.78088724945557        0.79801991175648        1.56359284637651
H           -0.28207680651134       -0.65518998961544       -1.98698049898189
H            0.61116563223910       -2.38171060381934       -0.40670049775844
H            1.87532177205232       -1.56387938785685       -1.33919281153795
H            1.07415627361434       -0.98287787116369        1.54317947854866
H            2.55994674761543       -1.77351924580460        1.01483540378737
H            2.94784994660050        0.62858573332076        1.54590804977961
H            3.27139951560407        0.28400878107948       -0.15540030291829
H            0.70394426134403        1.49144734118837        0.96513918738073
H            1.94945431464068        2.36336098078532        0.06695314513899
H            0.05090941891555        1.74607192432988       -1.41278710702577
H            1.54537984756416        0.94458316262875       -1.91498222608151
24
 energy: -32.435626062811 gnorm: 0.002411363142 xtb: 6.7.1 (edcfbbe)
C           -3.01935508070611        0.82611377338211        0.49725043038421
O           -1.84110832554678        0.73427101812066       -0.28700035202494
C           -1.08021764380755       -0.34976148933098       -0.08016465036748
O           -1.36401821188997       -1.20239589327611        0.72067194082302
C            0.12225422789232       -0.37608446626157       -1.00731526523848
C            1.13113969625315       -1.43457419370914       -0.55545733302894
C            1.81516890346833       -1.02200924390782        0.74559937869114
C            2.48336288885842        0.34146083097482        0.59872813232589
C            1.45601269174422        1.39226440240090        0.18817143535908
C            0.78827605969732        0.99824189369057       -1.12638802882387
H           -3.68671009262463       -0.01117748577450        0.27970529753203
H           -3.49120919040266        1.76875123485885        0.23161877649293
H           -2.77359649397449        0.80669108666610        1.56153963892590
H           -0.27950235756432       -0.65739324338221       -1.98955802040723
H            0.61424777740582       -2.38418821474201       -0.41048969882938
H            1.88033340286938       -1.56514609249267       -1.33912860247704
H            1.06980513787180       -0.98110243435487        1.54102893893237
H            2.55697304553207       -1.77411901805754        1.02121556184478
H            2.95316518784164        0.62848389599978        1.54165251519274
H            3.26599120238032        0.28441068216713       -0.16198440407768
H            0.69732899831645        1.48227477844148        0.96884315765030
H            1.93881892341524        2.36554865314711        0.07655242563401
H            0.04527093074599        1.74410011111634       -1.41052750349560
H            1.54345309387094        0.95206000288739       -1.91446966443150
24
 energy: -32.435631306918 gnorm: 0.001408331836 xtb: 6.7.1 (edcfbbe)
C           -3.02016454754926        0.82657900155709        0.49690673698955
O           -1.84282471986818        0.73296140918556       -0.28954706442007
C           -1.07989780156155       -0.34957050315718       -0.07962039614898
O           -1.36334463971366       -1.20128947901203        0.72177718118893
C            0.12224215377694       -0.37649166006745       -1.00735739862810
C            1.13142320266065       -1.43466435928324       -0.55542937399789
C            1.81576910787672       -1.02223833986958        0.74535360419187
C            2.48323666243187        0.34143085512352        0.59868771408257
C            1.45546114548030        1.39178210126890        0.18878999583735
C            0.78810893884995        0.99807109487086       -1.12584357135867
H           -3.68803775700760       -0.01084729633713        0.28220163700279
H           -3.49188001255188        1.76897780541312        0.23010562361629
H           -2.77163443415664        0.80938704749215        1.56049767279314
H           -0.27919943390337       -0.65740778561957       -1.98986473042006
H            0.61550396868354       -2.38496529002146       -0.41106259908555
H            1.88073786843635       -1.56431769042762       -1.33930931262146
H            1.07054600543327       -0.98177907321574        1.54102949906565
H            2.55785139089130       -1.77418227600487        1.02086527445655
H            2.95396192112719        0.62843994728522        1.54119522461548
H            3.26535406158158        0.28485754393888       -0.16273414961717
H            0.69649471745983        1.48071762792661        0.96948581304626
H            1.93742730057770        2.36564318286398        0.07816119135838
H            0.04516264504695        1.74381988378448       -1.41047253984004
H            1.54358702764491        0.95180684086935       -1.91372192552059
24
 energy: -32.435637581202 gnorm: 0.001325160599 xtb: 6.7.1 (edcfbbe)
C           -3.02239089112824        0.82819530532161        0.49549729755179
O           -1.84934806551205        0.72751967157247       -0.29945335057870
C           -1.08038349554377       -0.35024465491714       -0.07965102953550
O           -1.35960957213519       -1.19553644020725        0.72872832354190
C            0.12197580488703       -0.37762951255332       -1.00724502455203
C            1.13258513337057       -1.43440332045162       -0.55573696698044
C            1.81744450516215       -1.02289798261896        0.74449934287832
C            2.48267040387939        0.34130128065126        0.59832301864895
C            1.45295040861716        1.38988554815209        0.19128449164525
C            0.78777195227690        0.99732307647697       -1.12401376227388
H           -3.69205185607475       -0.00966191916855        0.29130483699877
H           -3.49377112168914        1.76937338105896        0.22444243830635
H           -2.76364046958927        0.81905482241530        1.55634193681596
H           -0.27803124881439       -0.65767355094059       -1.99045865689646
H            0.61961310309312       -2.38662547322016       -0.41295493977437
H            1.88196361888095       -1.56099060393621       -1.34040557671554
H            1.07328075690969       -0.98444803982344        1.54137364940529
H            2.56094030242522       -1.77414355624667        1.01820482262959
H            2.95533871424656        0.62796528357455        1.53990663115307
H            3.26338227057685        0.28662731809758       -0.16487714583296
H            0.69328773988682        1.47481837065237        0.97197973999790
H            1.93232724103947        2.36536928252773        0.08370874194648
H            0.04502419016337        1.74273745153211       -1.40994333250810
H            1.54455534671844        0.95080485061475       -1.91076137928538
24
 energy: -32.435640981564 gnorm: 0.000661672584 xtb: 6.7.1 (edcfbbe)
C           -3.02195516068170        0.82830232483419        0.49413143088234
O           -1.85023889991339        0.72585556786277       -0.30178961964055
C           -1.07959507500565       -0.34969871537424       -0.07877813076630
O           -1.35632660001066       -1.19203539500520        0.73385094997807
C            0.12185250267540       -0.37777715837666       -1.00727124809171
C            1.13266476700438       -1.43467773509451       -0.55640351947445
C            1.81780947178480       -1.02341519799533        0.74390171640332
C            2.48259149926746        0.34123077358720        0.59843533771215
C            1.45207108340050        1.38947508851528        0.19201752923612
C            0.78721562917261        0.99739861937098       -1.12372844209975
H           -3.69181958674548       -0.01016919151643        0.29311992898195
H           -3.49400685492127        1.76862428420919        0.22146712136285
H           -2.76208368796803        0.82177902116378        1.55468499471617
H           -0.27875443120507       -0.65757466205012       -1.99024090047129
H            0.61952028555224       -2.38673444570765       -0.41348124021165
H            1.88180998598844       -1.56114018242754       -1.34113103956027
H            1.07388237782508       -0.98550703684995        1.54086290752979
H            2.56159588323712       -1.77458912900749        1.01685779419881
H            2.95504450298268        0.62758555610506        1.54018896047660
H            3.26303847050521        0.28728569268217       -0.16488578061020
H            0.69244464767013        1.47293245498018        0.97268376030064
H            1.93068413443914        2.36535511268973        0.08512648900261
H            0.04427396819147        1.74274879679738       -1.40932279106235
H            1.54416585840149        0.95146614517102       -1.91020210220666
24
 energy: -32.435648625422 gnorm: 0.001343670903 xtb: 6.7.1 (edcfbbe)
C           -3.02326520708357        0.82830861154406        0.48884418593261
O           -1.85637046940708        0.71923936120061       -0.31206677009371
C           -1.07702040515554       -0.34654368807835       -0.07434369678380
O           -1.34326396750902       -1.17629451237977        0.75550597722430
C            0.12088082248780       -0.37784003475786       -1.00656323131632
C            1.13266710034716       -1.43526686485988       -0.55884217684546
C            1.82049832045348       -1.02616228812649        0.74120567639281
C            2.48272405458173        0.34054940846349        0.59870028116384
C            1.44994175227932        1.38810472463314        0.19469229238817
C            0.78634912277284        0.99743258063473       -1.12249092484078
H           -3.69291028188785       -0.01361453696156        0.30115513297251
H           -3.49893048975551        1.76458770654368        0.20855985304263
H           -2.75799934673278        0.83375365510409        1.54819704793470
H           -0.28255899957798       -0.65623501144782       -1.98862634067986
H            0.61927743553477       -2.38703615466401       -0.41547813755098
H            1.88002359540475       -1.56123523569850       -1.34508570293917
H            1.07853461150134       -0.99210327799015        1.53991427584794
H            2.56641493776584       -1.77686186578712        1.00959090407167
H            2.95338681465135        0.62545012210469        1.54172485740037
H            3.26366154184904        0.29031120623487       -0.16408380511278
H            0.69021165157108        1.46745828781849        0.97537017616922
H            1.92642721557937        2.36520030570578        0.09015034349169
H            0.04337689292959        1.74292468875974       -1.40760853994708
H            1.54382806904676        0.95259340056795       -1.90832757133632
24
 energy: -32.435652975835 gnorm: 0.001406832560 xtb: 6.7.1 (edcfbbe)
C           -3.02620592627037        0.82772021564989        0.48480094996334
O           -1.86177728246516        0.71473972711969       -0.31867945925778
C           -1.07524869932227       -0.34328415777560       -0.06992869543229
O           -1.33402974175588       -1.16400000780398        0.77110177527603
C            0.12004255997387       -0.37734962259848       -1.00510812405888
C            1.13216031575322       -1.43562772308868       -0.56030416664020
C            1.82298870583202       -1.02806254759137        0.73879013184808
C            2.48359450538522        0.33981380031816        0.59902588569206
C            1.44989759573348        1.38702338933157        0.19620825630489
C            0.78606698068194        0.99769500379209       -1.12126474134812
H           -3.69463492244163       -0.01721141587899        0.30617528409422
H           -3.50510596686658        1.76056843925524        0.19855187118848
H           -2.75776257527049        0.84226053476770        1.54330274581277
H           -0.28587613172394       -0.65438759841908       -1.98645801070767
H            0.61874570043451       -2.38735329830511       -0.41655020820654
H            1.87772115720954       -1.56126189636147       -1.34828649370285
H            1.08316785497239       -0.99722029806527        1.53951791753543
H            2.57076863855033       -1.77837975388243        1.00303341293066
H            2.95323117171074        0.62348151000323        1.54298786585322
H            3.26504004364389        0.29198030164277       -0.16337228987309
H            0.69029209514797        1.46492874819866        0.97709512050164
H            1.92587230535272        2.36444059418087        0.09273389513371
H            0.04338831595692        1.74360692647824       -1.40625402816842
H            1.54354807142448        0.95259971759613       -1.90702478815250
24
 energy: -32.435657456799 gnorm: 0.000703642875 xtb: 6.7.1 (edcfbbe)
C           -3.03055808365647        0.82653210543910        0.48092778550184
O           -1.86780411167787        0.71032474528884       -0.32455038160211
C           -1.07404987937692       -0.33991709822946       -0.06535571600086
O           -1.32543809054309       -1.15195095661472        0.78574039241550
C            0.11898694912403       -0.37642251040087       -1.00341395679183
C            1.13137937068771       -1.43528337422559       -0.56114829961569
C            1.82574714413625       -1.03013760551175        0.73675534743895
C            2.48477279833502        0.33855248429926        0.59849475476211
C            1.45120501130125        1.38644083990482        0.19751336247915
C            0.78653611050641        0.99800325950543       -1.11962347925193
H           -3.69705270444143       -0.02166737414463        0.31074863167832
H           -3.51302915744198        1.75558439639564        0.18829672318452
H           -2.75962346216230        0.85054077197808        1.53863086917780
H           -0.28936127272356       -0.65197647853521       -1.98416473045932
H            0.61810353835662       -2.38708284465838       -0.41712578715556
H            1.87492791314860       -1.56072490250950       -1.35121551676040
H            1.08812680038269       -1.00204131596660        1.53963111680139
H            2.57510374611235       -1.78034895735759        0.99705015054026
H            2.95403048763566        0.62094337964672        1.54303320887470
H            3.26670802160223        0.29264440826758       -0.16368026636034
H            0.69199368205909        1.46400233484293        0.97902224107676
H            1.92747880188442        2.36384367197568        0.09464289105395
H            0.04423079487134        1.74449960428866       -1.40413083662252
H            1.54347036352684        0.95236200488531       -1.90598439777853
24
 energy: -32.435660677672 gnorm: 0.000364502179 xtb: 6.7.1 (edcfbbe)
C           -3.03489422493556        0.82515348159393        0.47796292435243
O           -1.87297077669210        0.70680760206986       -0.32904514109016
C           -1.07348084811900       -0.33734726337823       -0.06174646701953
O           -1.31935339160012       -1.14314530437465        0.79642389612436
C            0.11835471233566       -0.37538392517127       -1.00166636810674
C            1.13063549749779       -1.43505249303228       -0.56153632036010
C            1.82730869341502       -1.03109660788188        0.73536464788911
C            2.48667560811722        0.33728446326520        0.59779478726971
C            1.45316923182730        1.38562967282606        0.19853360804971
C            0.78677747254087        0.99876953048910       -1.11799845161973
H           -3.69929076885219       -0.02600200070671        0.31445330359179
H           -3.52040220976276        1.75091555000751        0.17979755211414
H           -2.76195196298675        0.85719181721165        1.53497393727806
H           -0.29125803509046       -0.64968894657208       -1.98218860660932
H            0.61756973046683       -2.38710282658721       -0.41771794745886
H            1.87291355798594       -1.56009216010430       -1.35310552760134
H            1.09130005240174       -1.00414274741284        1.53983790008438
H            2.57714068451496       -1.78161940123609        0.99332162710746
H            2.95722176270128        0.61874175195643        1.54204581628292
H            3.26797237083982        0.29184183143064       -0.16528772049467
H            0.69477452718776        1.46370195410311        0.98105022232065
H            1.93012807897178        2.36275596807615        0.09580596663989
H            0.04469316569880        1.74587858693801       -1.40167738013607
H            1.54285184318306        0.95272205505359       -1.90530215202193
24
 energy: -32.435663319711 gnorm: 0.000540837160 xtb: 6.7.1 (edcfbbe)
C           -3.03807163579009        0.82376577094311        0.47571479038987
O           -1.87648375060440        0.70437788725014       -0.33194911226582
C           -1.07332204077946       -0.33557788263821       -0.05952670401731
O           -1.31539899784570       -1.13715239340547        0.80348056653542
C            0.11781258628828       -0.37445902233957       -1.00047872187252
C            1.13003162707108       -1.43461507789530       -0.56151705192320
C            1.82825560861756       -1.03182388032570        0.73481958005804
C            2.48837584888854        0.33603067154678        0.59667536026317
C            1.45536005731175        1.38544793766125        0.19923902764654
C            0.78686835096164        0.99952815652325       -1.11641973120174
H           -3.70035678662881       -0.02987061513105        0.31694611325630
H           -3.52618734136174        1.74680078390842        0.17342835021504
H           -2.76402939120974        0.86170357065172        1.53217909694508
H           -0.29259135680516       -0.64776398912433       -1.98092490346361
H            0.61685282660474       -2.38664812282522       -0.41786817009852
H            1.87159947739562       -1.55954388127679       -1.35384208283173
H            1.09292017475474       -1.00427627205681        1.53986759429986
H            2.57760437901396       -1.78309066770018        0.99209042060012
H            2.96071374594360        0.61685562997379        1.54021676906773
H            3.26848474530174        0.29012526564003       -0.16764864963272
H            0.69801890411080        1.46382623054640        0.98284088384669
H            1.93292815135806        2.36231660949426        0.09630443235420
H            0.04468100554071        1.74708631252188       -1.39868027899269
H            1.54181858350915        0.95367756662124       -1.90485347259207
24
 energy: -32.435666399794 gnorm: 0.000463951319 xtb: 6.7.1 (edcfbbe)
C           -3.04129248060706        0.82193287985163        0.47312363582602
O           -1.88011213050151        0.70174483576905       -0.33517919542423
C           -1.07314121430190       -0.33369190617428       -0.05732433002187
O           -1.31155215505165       -1.13098289994463        0.81068651766693
C            0.11730878794998       -0.37321519379769       -0.99909752815359
C            1.12921501160254       -1.43414714527067       -0.56133615387330
C            1.82881383393364       -1.03232448583020        0.73454248165805
C            2.49074383285982        0.33450181115991        0.59501550633129
C            1.45796719135529        1.38516611237701        0.20018826349981
C            0.78691971825499        1.00065171440372       -1.11463409118490
H           -3.70081414115583       -0.03485083765247        0.31995522621927
H           -3.53277336324272        1.74155244426276        0.16599262185463
H           -2.76615081658475        0.86688503477299        1.52900942424529
H           -0.29376847403466       -0.64540795464618       -1.97953088631481
H            0.61563613969699       -2.38596934614739       -0.41777084858254
H            1.87005084173510       -1.55906474592894       -1.35433547837109
H            1.09398751461499       -1.00328793860294        1.53996327819684
H            2.57712848229131       -1.78468581144990        0.99159930741990
H            2.96558256397760        0.61465056561267        1.53746573084615
H            3.26899887589249        0.28762515812313       -0.17113055926371
H            0.70222007482089        1.46380014800416        0.98531362961671
H            1.93626114968593        2.36162910277567        0.09680235741103
H            0.04436228965659        1.74872043303071       -1.39459952918223
H            1.54029323879881        0.95548861386549       -1.90462527383353
24
 energy: -32.435669444338 gnorm: 0.000488404592 xtb: 6.7.1 (edcfbbe)
C           -3.04468162933553        0.81978986397582        0.47067569842688
O           -1.88320804382209        0.70006660865015       -0.33720400429453
C           -1.07333873142077       -0.33179985667360       -0.05544976997876
O           -1.30938725641652       -1.12596561764785        0.81599949944929
C            0.11673995240659       -0.37169417344545       -0.99745009638643
C            1.12815099869875       -1.43366590474826       -0.56092387738947
C            1.82938756306156       -1.03262407191790        0.73434753071292
C            2.49362586147754        0.33295503886047        0.59335765594131
C            1.46153339277599        1.38521898299058        0.20077227792675
C            0.78687474903908        1.00203474107866       -1.11268730852234
H           -3.70045700602768       -0.04063293736254        0.32234600663050
H           -3.54019815919213        1.73557772230872        0.15875425312188
H           -2.76945528402696        0.87150765184874        1.52613798006793
H           -0.29495588236196       -0.64289162254787       -1.97787663691011
H            0.61364987770796       -2.38491677490032       -0.41703408554188
H            1.86818390902105       -1.55917091394501       -1.35452716786284
H            1.09516557390472       -1.00143782140832        1.54017148536644
H            2.57629604265448       -1.78637742026324        0.99137035881255
H            2.97124865583322        0.61241795466792        1.53459189961305
H            3.26977781240898        0.28450218926328       -0.17472554848819
H            0.70770437040371        1.46456676296462        0.98756026322971
H            1.94090127217323        2.36104941120388        0.09643627790647
H            0.04398805771713        1.75075302913947       -1.39008633453446
H            1.53833867496651        0.95745774647157       -1.90446225071055
24
 energy: -32.435671828833 gnorm: 0.000591192583 xtb: 6.7.1 (edcfbbe)
C           -3.04815823360308        0.81792027671439        0.46752612899598
O           -1.88723954071914        0.69754120717169       -0.34103655661499
C           -1.07312998684942       -0.32964359184330       -0.05308047624178
O           -1.30552067451189       -1.11928299733839        0.82405050240217
C            0.11613232761808       -0.37025653190733       -0.99589490114426
C            1.12709126383212       -1.43322689107626       -0.56068517055462
C            1.83049733170965       -1.03330938618269        0.73377194106756
C            2.49634435538552        0.33135810665952        0.59159035188043
C            1.46433962857986        1.38487546667491        0.20197302015425
C            0.78679169384133        1.00336987518284       -1.11056204525131
H           -3.70022912070899       -0.04677569521969        0.32658178212686
H           -3.54826164471959        1.72916039121981        0.14940629995325
H           -2.77171522698240        0.87879903537109        1.52236794224496
H           -0.29632442181954       -0.64028629043139       -1.97630801121973
H            0.61182921059540       -2.38399091506742       -0.41638235183944
H            1.86603244661762       -1.55922927809424       -1.35517689072336
H            1.09720934628766       -1.00078728083264        1.54033416641094
H            2.57652259834618       -1.78820528391893        0.99000713697842
H            2.97666996977373        0.60994519613554        1.53168331869496
H            3.27038505737268        0.28210054619979       -0.17851948420381
H            0.71225809303138        1.46399168099508        0.99041569700783
H            1.94422748459041        2.36041981068187        0.09739369819358
H            0.04355999987452        1.75269148855170       -1.38543427871722
H            1.53657281410479        0.95954164891753       -1.90392771301458
24
 energy: -32.435673910779 gnorm: 0.000280976821 xtb: 6.7.1 (edcfbbe)
C           -3.05079891269417        0.81637189619211        0.46573720771429
O           -1.88893311516047        0.69721214195314       -0.34136683198350
C           -1.07335076060092       -0.32810870065242       -0.05153663754070
O           -1.30510083967321       -1.11644915846058        0.82666134964203
C            0.11572428040740       -0.36887363770575       -0.99438447165084
C            1.12598845727143       -1.43286695029284       -0.56005292447690
C            1.83128912907273       -1.03350319029298        0.73356106757017
C            2.49875703347523        0.33025838005229        0.59002780560013
C            1.46697413167984        1.38483219178646        0.20251133933680
C            0.78706955069451        1.00442011689452       -1.10917487811432
H           -3.69912086751710       -0.05158990960022        0.32822813311707
H           -3.55460762980989        1.72401308115665        0.14338437876151
H           -2.77556287211014        0.88302512685002        1.52045241208431
H           -0.29725134789082       -0.63811417981000       -1.97479525669305
H            0.60974823878925       -2.38297438186639       -0.41494945357560
H            1.86383065493611       -1.55985717606428       -1.35535830546307
H            1.09895531322401       -0.99988832448052        1.54092468861634
H            2.57669589674197       -1.78923916716685        0.98903404993024
H            2.98093788812493        0.60832912851094        1.52928899743413
H            3.27140807387481        0.28015290741521       -0.18141481075336
H            0.71642944508047        1.46466841321218        0.99232529939746
H            1.94775649715842        2.35981384599378        0.09707171161563
H            0.04369063485136        1.75430540238228       -1.38211792693766
H            1.53535589172112        0.96078273255668       -1.90396283704503
24
 energy: -32.435675834282 gnorm: 0.000227007739 xtb: 6.7.1 (edcfbbe)
C           -3.05377023112041        0.81517258454713        0.46359132638537
O           -1.89126316925827        0.69639041750621       -0.34258571891765
C           -1.07357190188994       -0.32643142034246       -0.04963501085565
O           -1.30371076310187       -1.11239176879372        0.83103673198555
C            0.11516505591208       -0.36773495903015       -0.99278436675263
C            1.12505606712032       -1.43261482292789       -0.55977241619327
C            1.83267734416760       -1.03402299243877        0.73284310090050
C            2.50097859052091        0.32925199736963        0.58877212310028
C            1.46939480173572        1.38470511806990        0.20326813287275
C            0.78713962126597        1.00532505606043       -1.10745946528380
H           -3.69813556434470       -0.05650746281925        0.33110179497830
H           -3.56161763642407        1.71858252590979        0.13571327329786
H           -2.77919559017262        0.88938996451627        1.51798856156956
H           -0.29848532161718       -0.63618657448320       -1.97311759907460
H            0.60794619048838       -2.38212602242548       -0.41380465020394
H            1.86158189388930       -1.56057179844187       -1.35617917029419
H            1.10178173141002       -1.00005816257088        1.54149699634309
H            2.57793259301710       -1.79042647206465        0.98678716675059
H            2.98508218477606        0.60659600464768        1.52726987966226
H            3.27220266604240        0.27884234016650       -0.18406559097129
H            0.72009259303489        1.46448966119789        0.99424047832810
H            1.95058652170398        2.35948315464461        0.09766493626918
H            0.04373944312967        1.75572008116131       -1.37895546681261
H            1.53427765136151        0.96184413910438       -1.90332094049767
24
 energy: -32.435678392807 gnorm: 0.000296008525 xtb: 6.7.1 (edcfbbe)
C           -3.05849719270448        0.81356888490120        0.45984439903762
O           -1.89515527827107        0.69465312770006       -0.34510504098224
C           -1.07357485676798       -0.32354506134823       -0.04616218760337
O           -1.30035786607508       -1.10494446905489        0.83944870841372
C            0.11428957474307       -0.36597253246503       -0.99034407075452
C            1.12356362788720       -1.43223694280024       -0.55935532545266
C            1.83534532571621       -1.03517094147446        0.73142605156089
C            2.50434137842426        0.32764091996619        0.58671182842780
C            1.47246241613009        1.38410399768338        0.20490014965456
C            0.78718871052837        1.00674330295090       -1.10478972368960
H           -3.69645793757750       -0.06432568787594        0.33674221972495
H           -3.57296538822133        1.70974824479386        0.12224032138570
H           -2.78455117429471        0.90122483257418        1.51347742558567
H           -0.30064409661597       -0.63306124610944       -1.97050044941353
H            0.60540072616625       -2.38101381497163       -0.41213578390709
H            1.85794871515446       -1.56142937293522       -1.35756960996506
H            1.10675967608160       -1.00124889230006        1.54216000819075
H            2.58071622860656       -1.79242540883111        0.98257814556308
H            2.99132635849745        0.60374591002587        1.52410289933947
H            3.27338834991772        0.27724924344652       -0.18833692215757
H            0.72496015260864        1.46328309267357        0.99767661380094
H            1.95391431845401        2.35877419918615        0.09943492339681
H            0.04378281717648        1.75794054603207       -1.37415290018075
H            1.53270018608261        0.96341865679563       -1.90219757338950
24
 energy: -32.435680601996 gnorm: 0.000996138017 xtb: 6.7.1 (edcfbbe)
C           -3.06846563546180        0.81009320046909        0.45196650706621
O           -1.90338527315613        0.69073230167734       -0.35050169291873
C           -1.07358931264145       -0.31744466534321       -0.03863788857954
O           -1.29308015265651       -1.08887656496413        0.85772630248426
C            0.11238261115516       -0.36235836832184       -0.98511973299627
C            1.12061563041522       -1.43138287786267       -0.55874043046836
C            1.84054860045950       -1.03750444366965        0.72853907758412
C            2.51134590008005        0.32420180330926        0.58223301376104
C            1.47903737031515        1.38293886783888        0.20834203630732
C            0.78751071418300        1.00948926941305       -1.09909671257062
H           -3.69289390949849       -0.08048006115134        0.34888582257263
H           -3.59671100534466        1.69061703359475        0.09380056317669
H           -2.79612898662321        0.92634756789170        1.50366416567894
H           -0.30530605760441       -0.62672830690258       -1.96480756183260
H            0.60025611186099       -2.37862539463612       -0.40908246527125
H            1.85036076653944       -1.56287584174794       -1.36094997722047
H            1.11697005134742       -1.00367062267008        1.54379410048632
H            2.58612682955209       -1.79657116340760        0.97366593496352
H            3.00435185164876        0.59778234659534        1.51723802835309
H            3.27580428959338        0.27401708610283       -0.19746118521215
H            0.73533856955098        1.46053884994047        1.00491675327659
H            1.96100949814141        2.35742925119528        0.10334823577300
H            0.04414449650447        1.76241175959213       -1.36389997682831
H            1.52964181328649        0.96663956162023       -1.89972881099941
24
 energy: -32.435681236326 gnorm: 0.000388884216 xtb: 6.7.1 (edcfbbe)
C           -3.06838010733340        0.81012135681845        0.45219636662229
O           -1.90293403180295        0.69111174953737       -0.34985010942565
C           -1.07371451244787       -0.31753842707703       -0.03874601856895
O           -1.29373066600016       -1.08951558842621        0.85681320318533
C            0.11238205236300       -0.36233032128484       -0.98512814214658
C            1.12057039467159       -1.43130943238455       -0.55851845174847
C            1.84064160882314       -1.03744571871976        0.72860621239625
C            2.51133293293945        0.32428569110820        0.58222150748785
C            1.47898268802811        1.38292802777383        0.20818264222388
C            0.78748827885940        1.00949047203611       -1.09925076728712
H           -3.69299619490254       -0.07949443396163        0.34808702272873
H           -3.59585650149454        1.69071305169805        0.09498940975547
H           -2.79685166544214        0.92510453289036        1.50358846199214
H           -0.30528659483874       -0.62681965779028       -1.96478530279630
H            0.60038112440535       -2.37864452482184       -0.40889432814590
H            1.85041967797465       -1.56271363928744       -1.36058071681108
H            1.11697937496005       -1.00348136924198        1.54373042275443
H            2.58615307109122       -1.79650498562453        0.97392605408282
H            3.00437240982965        0.59790822149454        1.51718527199247
H            3.27578956450232        0.27393577594549       -0.19744333822509
H            0.73527655627046        1.46064584642929        1.00470961613264
H            1.96093750848420        2.35740797399936        0.10309722579912
H            0.04424062832780        1.76243584148234       -1.36426116783781
H            1.52968717437878        0.96643014596989       -1.89978096757444
24
 energy: -32.435681567614 gnorm: 0.000175027987 xtb: 6.7.1 (edcfbbe)
C           -3.06804736111477        0.81011603684320        0.45239652466274
O           -1.90311939215214        0.69051277348259       -0.35027084950814
C           -1.07364459190545       -0.31761322065960       -0.03901369354199
O           -1.29328910119523       -1.08907464682022        0.85680202266330
C            0.11245653586089       -0.36239961481406       -0.98532855960492
C            1.12075882469605       -1.43129545593842       -0.55877970949575
C            1.84023187102340       -1.03747029643841        0.72870373158989
C            2.51103764825993        0.32423979410096        0.58236414371294
C            1.47878060627752        1.38296150762864        0.20824326361304
C            0.78751387435816        1.00944532386674       -1.09932276622933
H           -3.69244836690072       -0.07985666831166        0.34949252172633
H           -3.59592449872768        1.69032836158098        0.09456082959295
H           -2.79566601757774        0.92614665848097        1.50349892894033
H           -0.30518730766409       -0.62691672800544       -1.96497836746641
H            0.60056337884853       -2.37865914797906       -0.40944380394863
H            1.85079278016028       -1.56247562429547       -1.36071551795343
H            1.11630751098566       -1.00343357449351        1.54357419859843
H            2.58559787855390       -1.79657298374976        0.97425282994622
H            3.00382932789984        0.59787949225113        1.51741448847781
H            3.27562682674303        0.27391412550300       -0.19713294748822
H            0.73498409787602        1.46060432760915        1.00466365500542
H            1.96074349911307        2.35743881949443        0.10320519064250
H            0.04422797101633        1.76236823181729       -1.36426919228578
H            1.52975877721206        0.96653309740970       -1.89982281506328
24
 energy: -32.435681852136 gnorm: 0.000208220583 xtb: 6.7.1 (edcfbbe)
C           -3.06756638819811        0.81010556614909        0.45261833491721
O           -1.90334145734071        0.68976584453717       -0.35097507762705
C           -1.07343592537567       -0.31767768750986       -0.03928323100744
O           -1.29258172622448       -1.08864082296774        0.85707658719948
C            0.11253486510217       -0.36245303952775       -0.98575922430294
C            1.12086620093815       -1.43128994647203       -0.55908908380490
C            1.83976778509240       -1.03753811817842        0.72873782228001
C            2.51066114976584        0.32417551245291        0.58271740652678
C            1.47847675251930        1.38288579401268        0.20826814635122
C            0.78746664357961        1.00947059826324       -1.09949873731009
H           -3.69166678173323       -0.08033478874574        0.35177175682218
H           -3.59615647167991        1.68954915268081        0.09388919523089
H           -2.79411276686114        0.92791443096838        1.50325682453946
H           -0.30504559983619       -0.62689324224600       -1.96545421086713
H            0.60083416627266       -2.37882223760693       -0.41023552193501
H            1.85126058495614       -1.56204795225251       -1.36074380783987
H            1.11540909766486       -1.00343281678191        1.54318616963917
H            2.58496356334289       -1.79665720812688        0.97471429809031
H            3.00313916724228        0.59779567853914        1.51792943640301
H            3.27544548263632        0.27384956104620       -0.19655252464446
H            0.73449760596786        1.46051572454309        1.00449577425019
H            1.96046484376209        2.35735240906752        0.10334558563105
H            0.04414510524470        1.76236703425633       -1.36445875720293
H            1.52985887480901        0.96676114246240       -1.89986305475313
24
 energy: -32.435682077258 gnorm: 0.000114530166 xtb: 6.7.1 (edcfbbe)
C           -3.06712919274455        0.81021517396392        0.45283320287341
O           -1.90356196913670        0.68920871283518       -0.35165239339688
C           -1.07334579125438       -0.31785454726428       -0.03961073542425
O           -1.29195448574261       -1.08830080624688        0.85743442469218
C            0.11261031523626       -0.36260683705828       -0.98614771184018
C            1.12107974166229       -1.43130256813457       -0.55945115987310
C            1.83936012872968       -1.03763020967696        0.72874426455303
C            2.51021615441767        0.32412879564091        0.58301139943585
C            1.47811723178237        1.38284311140074        0.20832594470202
C            0.78745012695905        1.00940089124586       -1.09961697107901
H           -3.69093730831979       -0.08062805469227        0.35399405295552
H           -3.59643603665253        1.68886214685417        0.09332364168808
H           -2.79273610778468        0.92974224363118        1.50302028677983
H           -0.30484903191448       -0.62691203289096       -1.96591523572622
H            0.60129145781101       -2.37903365494478       -0.41104560836051
H            1.85183718825902       -1.56162872440273       -1.36085334797806
H            1.11461194141719       -1.00357704126219        1.54284856627260
H            2.58447310548008       -1.79671764823264        0.97506196329837
H            3.00235681125697        0.59772665838578        1.51840773057671
H            3.27527516449916        0.27388872093658       -0.19600568366962
H            0.73392724318883        1.46046821744719        1.00436871709775
H            1.96012759332601        2.35731642823103        0.10352680029081
H            0.04409159367339        1.76223262915862       -1.36467293786313
H            1.53000889749757        0.96687898363857       -1.89983510341916
24
 energy: -32.435682235797 gnorm: 0.000089917598 xtb: 6.7.1 (edcfbbe)
C           -3.06679255760497        0.81035652719293        0.45298187976096
O           -1.90368510867254        0.68890950263351       -0.35211762965125
C           -1.07313855733451       -0.31784300895322       -0.03969572826242
O           -1.29145858684277       -1.08799702410387        0.85770455858737
C            0.11265890320835       -0.36275721241882       -0.98643531849590
C            1.12121514727924       -1.43136351528318       -0.55975320133129
C            1.83913125594986       -1.03774027442152        0.72866251063692
C            2.50984069275184        0.32412245936823        0.58334458260665
C            1.47775482562164        1.38273930000352        0.20837445730039
C            0.78740658825634        1.00933673888872       -1.09973279435301
H           -3.69018244013539       -0.08094530035468        0.35589057108088
H           -3.59682897996802        1.68820340549310        0.09266666313385
H           -2.79170919526214        0.93154035525001        1.50279460788794
H           -0.30476976150094       -0.62691848006441       -1.96624394443393
H            0.60169133818117       -2.37929905366823       -0.41171065036994
H            1.85220885686950       -1.56128522641173       -1.36101273119350
H            1.11413322915240       -1.00389886069813        1.54255461722017
H            2.58427696894766       -1.79674913233702        0.97513212314565
H            3.00167256502139        0.59768119937204        1.51893036926759
H            3.27516578118664        0.27406416407105       -0.19543992285455
H            0.73336625177871        1.46035423321830        1.00424622856158
H            1.95973987346420        2.35724241088623        0.10371335295697
H            0.04404134926714        1.76210606655734       -1.36497582064341
H            1.53014633203203        0.96686131434301       -1.89978467397170
24
 energy: -32.435682357798 gnorm: 0.000073994146 xtb: 6.7.1 (edcfbbe)
C           -3.06653776728490        0.81051875411933        0.45310521733284
O           -1.90374761608031        0.68874339271599       -0.35239318919933
C           -1.07308627135502       -0.31794335104743       -0.03982594148502
O           -1.29117368087685       -1.08776792255655        0.85791112563959
C            0.11265929278780       -0.36285205650718       -0.98661565275796
C            1.12130456990268       -1.43136868417409       -0.55996605760035
C            1.83905978294212       -1.03786604808922        0.72857586833277
C            2.50954986571241        0.32413462910416        0.58358237103986
C            1.47744567963108        1.38266928356757        0.20843097850325
C            0.78741778451022        1.00926832868308       -1.09983348553279
H           -3.68948689864853       -0.08123223664843        0.35739798714213
H           -3.59722421210904        1.68764309857827        0.09199232649420
H           -2.79103476835606        0.93314705863372        1.50264318977267
H           -0.30477516081624       -0.62697581702547       -1.96642328515298
H            0.60196155525223       -2.37943931759774       -0.41215480402787
H            1.85240224245920       -1.56101953467288       -1.36117919939293
H            1.11396550442932       -1.00430774663881        1.54239245021631
H            2.58431493118000       -1.79679040324843        0.97499464152594
H            3.00107882136772        0.59764834469305        1.51934449440320
H            3.27512159542210        0.27429135641546       -0.19498241010393
H            0.73287171991792        1.46020411603642        1.00414405397114
H            1.95937226725499        2.35722233672160        0.10393131637250
H            0.04407880057722        1.76199288794305       -1.36526522943837
H            1.53034673382678        0.96680011955772       -1.89971265946882
24
 energy: -32.435682485728 gnorm: 0.000063173662 xtb: 6.7.1 (edcfbbe)
C           -3.06635777600127        0.81068711507308        0.45316992635564
O           -1.90371787708303        0.68872290880255       -0.35249286239995
C           -1.07298177209380       -0.31791689183971       -0.03980048776282
O           -1.29102931524429       -1.08757340566405        0.85807322390298
C            0.11265328370204       -0.36292163599819       -0.98670308666687
C            1.12139030943262       -1.43139971576589       -0.56018547918507
C            1.83905900319175       -1.03799520096644        0.72844150198415
C            2.50932134905045        0.32415756587064        0.58374760156634
C            1.47716514933717        1.38261608833775        0.20852487338520
C            0.78744195763349        1.00918673401710       -1.09988459680291
H           -3.68870793808248       -0.08162406500475        0.35879260680912
H           -3.59776388298284        1.68698971316216        0.09110565837616
H           -2.79065112090248        0.93486898749272        1.50247334575597
H           -0.30485499100830       -0.62702731258541       -1.96648143324518
H            0.60213459826538       -2.37953338382267       -0.41247842223141
H            1.85250397567359       -1.56089970707011       -1.36141821042460
H            1.11399892914930       -1.00477894113475        1.54230585705434
H            2.58448260089574       -1.79682586165207        0.97464124868063
H            3.00054036231290        0.59763037096789        1.51968185990738
H            3.27512207264225        0.27456972052561       -0.19461129416623
H            0.73242297165261        1.45999365449574        1.00409789509977
H            1.95900744205966        2.35723312519996        0.10420509315989
H            0.04417287381923        1.76190769595229       -1.36550144802240
H            1.53053256622716        0.96665303016974       -1.89960926454409
24
 energy: -32.435682633966 gnorm: 0.000057217466 xtb: 6.7.1 (edcfbbe)
C           -3.06622431360109        0.81087828361881        0.45321275265499
O           -1.90363215287917        0.68879691338171       -0.35247038864596
C           -1.07292965736808       -0.31788994793281       -0.03978927492158
O           -1.29098072879461       -1.08743701116469        0.85814426779822
C            0.11263436623066       -0.36293559204345       -0.98675508558173
C            1.12141073318701       -1.43142503264995       -0.56034818436099
C            1.83917578979039       -1.03814591758945        0.72827075272255
C            2.50917599418686        0.32418458562070        0.58391861871288
C            1.47691016120243        1.38252049618197        0.20863440051508
C            0.78744725732900        1.00914573882358       -1.09992909480644
H           -3.68772214058248       -0.08218907312714        0.36032349956572
H           -3.59853129354613        1.68612703904475        0.08989412536170
H           -2.79045867942611        0.93695775146031        1.50228090492786
H           -0.30497575721271       -0.62703484576616       -1.96649079597300
H            0.60217917526259       -2.37958046098952       -0.41268404494318
H            1.85246343804046       -1.56085252649849       -1.36164391545949
H            1.11422389991119       -1.00531252803395        1.54224060262723
H            2.58480763339216       -1.79687722195080        0.97415656008117
H            3.00013486690455        0.59759030305966        1.52000953032290
H            3.27514863155996        0.27488761182111       -0.19427998427696
H            0.73202469254559        1.45966956098566        1.00408987877195
H            1.95861832370664        2.35722303533481        0.10452915009174
H            0.04427107647342        1.76188954283430       -1.36573680229359
H            1.53071345533431        0.96652988414224       -1.89948336630503
24
 energy: -32.435682815353 gnorm: 0.000065072357 xtb: 6.7.1 (edcfbbe)
C           -3.06613449090896        0.81106307750474        0.45323256237134
O           -1.90349364591102        0.68895529470262       -0.35235754217173
C           -1.07287186733772       -0.31779935197290       -0.03973329499054
O           -1.29101925131470       -1.08740685516466        0.85811180488579
C            0.11260567292529       -0.36290437938358       -0.98679468515460
C            1.12138840008787       -1.43143535283029       -0.56050332465240
C            1.83931999243874       -1.03831547475268        0.72807860473981
C            2.50907353355591        0.32417916767537        0.58400287750155
C            1.47669694502010        1.38244294552905        0.20880784914831
C            0.78750077867805        1.00912148160748       -1.09991071703460
H           -3.68639716071591       -0.08307236923887        0.36228081058967
H           -3.59968474890638        1.68484606255299        0.08818365096691
H           -2.79040896196916        0.93972110268884        1.50200791296297
H           -0.30510062113249       -0.62699120406717       -1.96649747522330
H            0.60212115206308       -2.37956746143770       -0.41281138606220
H            1.85232752313865       -1.56087269291845       -1.36189809398112
H            1.11452075693791       -1.00584925403559        1.54219713844516
H            2.58515678291206       -1.79696719530510        0.97360256676550
H            2.99982716696848        0.59748917376425        1.52022491111081
H            3.27518006900387        0.27516979123421       -0.19407734281804
H            0.73167403400911        1.45930058351840        1.00416068962589
H            1.95825485595183        2.35724456997323        0.10495582309199
H            0.04442050073089        1.76190592993546       -1.36585285211363
H            1.53092735542134        0.96646299898352       -1.89931638141751
24
 energy: -32.435683023341 gnorm: 0.000070659081 xtb: 6.7.1 (edcfbbe)
C           -3.06609770052398        0.81123502093150        0.45324620000871
O           -1.90336201517970        0.68916799675124       -0.35221099347926
C           -1.07288610016490       -0.31772640551791       -0.03974156525781
O           -1.29114678597652       -1.08747291356706        0.85794685487247
C            0.11260992036684       -0.36282812376971       -0.98679123264942
C            1.12136016802276       -1.43146056241856       -0.56066027325616
C            1.83942550352845       -1.03845380754192        0.72788910766138
C            2.50906364773632        0.32413304276329        0.58407038321438
C            1.47658361325723        1.38233630170533        0.20900261161230
C            0.78752082417522        1.00917729054950       -1.09983340239288
H           -3.68477357544668       -0.08423751134988        0.36464121984985
H           -3.60122180528994        1.68318144974012        0.08609596766949
H           -2.79046124674995        0.94303703398949        1.50165981493686
H           -0.30513631859677       -0.62686346144173       -1.96648943556037
H            0.60199985466514       -2.37953706088163       -0.41292343024863
H            1.85219580826366       -1.56096012102330       -1.36214232112172
H            1.11478015741860       -1.00626063149475        1.54215727577602
H            2.58539707898854       -1.79707457971712        0.97308889901448
H            2.99975701231948        0.59732632994589        1.52035992304281
H            3.27519138541355        0.27534858784913       -0.19399759236131
H            0.73149044367979        1.45891792305602        1.00431188481413
H            1.95802206805398        2.35721947843709        0.10539932098682
H            0.04452022322639        1.76201668503137       -1.36584866911756
H            1.53105261045935        0.96649862653681       -1.89913644142857
24
 energy: -32.435683266977 gnorm: 0.000078737341 xtb: 6.7.1 (edcfbbe)
C           -3.06611672680446        0.81133402538031        0.45324642980601
O           -1.90324479590556        0.68942213057611       -0.35204162742988
C           -1.07291905318957       -0.31762359738750       -0.03977388157917
O           -1.29136706603346       -1.08766345516542        0.85760978311223
C            0.11258869768138       -0.36268399317715       -0.98682551652600
C            1.12125949908096       -1.43141852385734       -0.56075068343892
C            1.83952883023756       -1.03862067950571        0.72775088487124
C            2.50911811075760        0.32400568301180        0.58404474781381
C            1.47660454830772        1.38226439015628        0.20922587681711
C            0.78758114243771        1.00928542961304       -1.09968270935380
H           -3.68282528510582       -0.08577443957969        0.36745564987693
H           -3.60317474336274        1.68103869289690        0.08359290846141
H           -2.79058247662653        0.94692464471630        1.50121161631260
H           -0.30517386017126       -0.62660353259272       -1.96655418152339
H            0.60178140817555       -2.37942768290470       -0.41299666408498
H            1.85199966243147       -1.56100184689342       -1.36229828442769
H            1.11497464267906       -1.00654248277640        1.54210210495779
H            2.58553433455972       -1.79727769874481        0.97275447077412
H            2.99988816693768        0.59706411654795        1.52032950375415
H            3.27518274291805        0.27534214558244       -0.19408995193253
H            0.73150495100006        1.45861972230437        1.00455121900086
H            1.95797783135477        2.35720122188415        0.10582763927190
H            0.04462601962911        1.76219013062413       -1.36562846161342
H            1.53113819065787        0.96666618785427       -1.89896676633434
24
 energy: -32.435683545780 gnorm: 0.000075523592 xtb: 6.7.1 (edcfbbe)
C           -3.06618209507934        0.81136091483348        0.45325169110299
O           -1.90317843774831        0.68966697522020       -0.35189157691396
C           -1.07300501343962       -0.31755600442284       -0.03986492216355
O           -1.29166149949407       -1.08794078268265        0.85717934417483
C            0.11260260229502       -0.36247712906044       -0.98681774267171
C            1.12114005646112       -1.43138430711607       -0.56086496618795
C            1.83948012007758       -1.03872097490698        0.72763784498561
C            2.50927482624955        0.32380656705818        0.58398347270747
C            1.47678302409522        1.38218490550583        0.20945675299304
C            0.78764344984189        1.00948723003944       -1.09946859337179
H           -3.68055928356511       -0.08765813603991        0.37078359207568
H           -3.60555101823684        1.67840417101684        0.08071578614849
H           -2.79074716278342        0.95138058662087        1.50066850860512
H           -0.30509115087027       -0.62625205130365       -1.96661409226629
H            0.60151892769631       -2.37932186218672       -0.41313681475879
H            1.85183435891112       -1.56102780062819       -1.36244542332138
H            1.11496929420808       -1.00659125707002        1.54203152558258
H            2.58538948319774       -1.79749268226991        0.97256004275799
H            3.00025476600095        0.59670658701260        1.52020561995609
H            3.27518151252511        0.27512225902292       -0.19430838238526
H            0.73174908092528        1.45842731157240        1.00485480290611
H            1.95819354941895        2.35711545085438        0.10619847057936
H            0.04469646270064        1.76247313083204       -1.36521142019529
H            1.53114891825926        0.96700748666139       -1.89880941375335
24
 energy: -32.435683831689 gnorm: 0.000064231788 xtb: 6.7.1 (edcfbbe)
C           -3.06630206420593        0.81130938435388        0.45325453188747
O           -1.90319449960906        0.68990008610645       -0.35179184030773
C           -1.07310624136774       -0.31746372423375       -0.04000407431784
O           -1.29195262108332       -1.08820282422771        0.85669859198281
C            0.11260578043488       -0.36222003531911       -0.98684034217923
C            1.12102600160863       -1.43128277929981       -0.56097287638180
C            1.83938558883354       -1.03886197099357        0.72758664784418
C            2.50945598064422        0.32351827143480        0.58391285992083
C            1.47711807322886        1.38213860678468        0.20965799654474
C            0.78768787460532        1.00974884098563       -1.09920871913343
H           -3.67808914001609       -0.08979898074196        0.37447770855518
H           -3.60825351734365        1.67539670755757        0.07762482071547
H           -2.79093244605374        0.95617300408761        1.50003125128652
H           -0.30501432752165       -0.62578103234449       -1.96672837122675
H            0.60126482703767       -2.37915682447169       -0.41335063659178
H            1.85173918407491       -1.56096221007628       -1.36252970892967
H            1.11481535898274       -1.00650951182869        1.54191953903461
H            2.58507046192676       -1.79782814139355        0.97259459506227
H            3.00073863792709        0.59624217606930        1.52002666000837
H            3.27515828411669        0.27470290104181       -0.19456931268328
H            0.73223676517197        1.45839785792643        1.00519571986015
H            1.95867238763457        2.35700639657370        0.10645575051148
H            0.04471958943167        1.76282588305390       -1.36464500453618
H            1.53103483318850        0.96742850751805       -1.89870168034037
24
 energy: -32.435684064296 gnorm: 0.000046086948 xtb: 6.7.1 (edcfbbe)
C           -3.06644209466163        0.81118253863876        0.45325595926362
O           -1.90327543331218        0.69003426160475       -0.35174825976379
C           -1.07318111073311       -0.31737670924994       -0.04009618374417
O           -1.29214440394751       -1.08836880510823        0.85637484589572
C            0.11260469940565       -0.36195644720995       -0.98684810858898
C            1.12086733800519       -1.43119626617039       -0.56107435330535
C            1.83919396502119       -1.03894029088164        0.72754448915452
C            2.50966742398345        0.32322898536762        0.58383014915015
C            1.47749015966394        1.38209488956241        0.20983286058033
C            0.78779114347672        1.00999663792915       -1.09897459603459
H           -3.67585524662971       -0.09181652674874        0.37789088967446
H           -3.61076897057653        1.67253912256299        0.07482197371645
H           -2.79109524555886        0.96049140126647        1.49941612466022
H           -0.30493701576098       -0.62531077808104       -1.96682616293985
H            0.60100860530782       -2.37904788928764       -0.41363503199712
H            1.85162308061863       -1.56080798245601       -1.36259972712248
H            1.11452272281047       -1.00634427362383        1.54178224448810
H            2.58462550846602       -1.79810388108975        0.97269370539928
H            3.00119430810884        0.59580576989149        1.51986021636215
H            3.27521032560607        0.27421934242638       -0.19480707657890
H            0.73275059571740        1.45850295987530        1.00549686394674
H            1.95926917201108        2.35684734019004        0.10659300050324
H            0.04479653300944        1.76317550167966       -1.36404839423917
H            1.53096871161545        0.96787168747534       -1.89864132189456
24
 energy: -32.435684219763 gnorm: 0.000031778728 xtb: 6.7.1 (edcfbbe)
C           -3.06658122355639        0.81106035525504        0.45324009676204
O           -1.90341274927530        0.69007993393888       -0.35179338893957
C           -1.07321538202276       -0.31726204096604       -0.04013896007712
O           -1.29216329789323       -1.08832346877886        0.85628791694217
C            0.11259901186014       -0.36175166650500       -0.98685444303361
C            1.12079917401839       -1.43110027200163       -0.56119192683257
C            1.83905218563208       -1.03905380956222        0.72752490656350
C            2.50978229242293        0.32297904880410        0.58381764676478
C            1.47781576204629        1.38208482204090        0.20991452390748
C            0.78782804630819        1.01020238438318       -1.09880688125497
H           -3.67424962031981       -0.09331576885790        0.38045189854350
H           -3.61267539778288        1.67038390343464        0.07276441578450
H           -2.79121256436535        0.96365680811509        1.49891668306263
H           -0.30492256749250       -0.62494070556134       -1.96688466743882
H            0.60088517525388       -2.37894128568148       -0.41390339588916
H            1.85160599463003       -1.56065191227080       -1.36268474648706
H            1.11429088005479       -1.00625059869848        1.54167453817676
H            2.58427261061111       -1.79838735155869        0.97279161390908
H            3.00147930552512        0.59541399557737        1.51979947008068
H            3.27523331864718        0.27382146516373       -0.19489730005906
H            0.73320476821179        1.45864542217230        1.00567975684496
H            1.95979034341742        2.35674005011680        0.10663608028514
H            0.04481865138012        1.76345771189777       -1.36363947668538
H            1.53086005433560        0.96817356810585       -1.89861025434387
24
 energy: -32.435684311181 gnorm: 0.000025042113 xtb: 6.7.1 (edcfbbe)
C           -3.06668727056299        0.81096611259365        0.45320946718314
O           -1.90355397894389        0.69003563126328       -0.35188413949067
C           -1.07321353795741       -0.31716439501005       -0.04011948559665
O           -1.29206418061680       -1.08815030705050        0.85639929635179
C            0.11258233264860       -0.36162609697374       -0.98685475144905
C            1.12073107190480       -1.43105108923484       -0.56127532066321
C            1.83895957025956       -1.03911348265771        0.72748371315309
C            2.50986489969306        0.32283489527663        0.58381331380856
C            1.47799700002656        1.38206246014000        0.20998448793704
C            0.78788779046420        1.01030539215905       -1.09871124370222
H           -3.67333512990673       -0.09421232944427        0.38200045156468
H           -3.61383014867020        1.66907376483851        0.07151702514378
H           -2.79125826167527        0.96553789067001        1.49857684858559
H           -0.30495515000716       -0.62470754963678       -1.96690680057243
H            0.60079323096090       -2.37889901092483       -0.41411238768523
H            1.85156416890854       -1.56052598101284       -1.36275636933920
H            1.11414622649665       -1.00623924547219        1.54158368133555
H            2.58407140613474       -1.79853761804507        0.97279332306879
H            3.00160399480319        0.59519844647705        1.51979535645872
H            3.27529579496319        0.27360648120027       -0.19492154941257
H            0.73344806080249        1.45873583007421        1.00580088482212
H            1.96011431899911        2.35664438140774        0.10666870822129
H            0.04488463475798        1.76361935242743       -1.36339547844655
H            1.53083792816371        0.96832705549818       -1.89859492469035
