24
 energy: -463.631681673862 gnorm: 0.032588409844 xtb: 6.7.1 (edcfbbe)
C           -2.41741248507122        0.06045034962679        1.52392511687529
O           -1.16767242461743        0.05131274112274        0.84969590317652
C           -1.22055558604086       -0.07072981393134       -0.48151921731337
O           -2.26104703440193       -0.16842169237463       -1.08161536907929
C            0.13522576305992       -0.07686923993406       -1.16022849721413
C            0.97920007983391       -1.29608634777433       -0.75904363913635
C            1.58583511770273       -1.16552624381648        0.63385416108088
C            2.41033723256808        0.11272998984995        0.73812557362708
C            1.52696100457664        1.32345573038646        0.45822836220305
C            0.91442263460520        1.22722244954381       -0.93508245861436
H           -2.95144717180786       -0.87498230338773        1.34544258269620
H           -3.03448044194466        0.88767676899335        1.16761261661740
H           -2.19340110307195        0.17746066037864        2.58130519764384
H           -0.09675989844288       -0.15797566737000       -2.22859226778755
H            0.36579092206209       -2.19788807747394       -0.82020681616346
H            1.78727407269199       -1.39417430631780       -1.48836219435953
H            0.79302508805141       -1.14294802080647        1.38171022791227
H            2.21514847048159       -2.03571561560208        0.83349786286935
H            2.84766686966188        0.19357451718578        1.73508769246886
H            3.22848341313063        0.08077810183579        0.01408041200624
H            0.73616739642622        1.37116557710760        1.20683327163478
H            2.11506557693724        2.24130983459318        0.52779763793388
H            0.25549589541322        2.07947654422147       -1.11593077139450
H            1.71670632596072        1.26499856066055       -1.67638158364285
24
 energy: -463.633339641487 gnorm: 0.013284088964 xtb: 6.7.1 (edcfbbe)
C           -2.44012675149178        0.05944701788651        1.52053775693184
O           -1.18121562901498        0.05128776495894        0.84049618601489
C           -1.23856147926007       -0.07200898040954       -0.50033324869958
O           -2.28464214229233       -0.17204658281233       -1.10280543396737
C            0.12775440721377       -0.07672353001436       -1.15844176913707
C            0.97310704926293       -1.30034371455889       -0.75081753244197
C            1.60658541297257       -1.17654816562987        0.63588634172312
C            2.41949798922218        0.11369857595719        0.74803517661361
C            1.54786657055802        1.33601983426930        0.45828632108171
C            0.90836691423369        1.23257792631152       -0.92754377860572
H           -2.97597128808683       -0.87762946964773        1.34809703870893
H           -3.06001919825338        0.88909205300283        1.17096086552718
H           -2.20454580417961        0.17636122998626        2.57837172280288
H           -0.10944470207091       -0.15794567942330       -2.22384254673253
H            0.36602816493694       -2.20933679557875       -0.82406835808057
H            1.77727448864881       -1.39542575123422       -1.49094966643060
H            0.82258605265114       -1.17048519288802        1.39770898478629
H            2.23831518663236       -2.04994291260282        0.82778457560897
H            2.86875131310416        0.19473395246263        1.74298079219387
H            3.24279341800099        0.08095190086943        0.02264301528255
H            0.76512906826984        1.40242556472236        1.21808973701048
H            2.13840129435999        2.25592391365213        0.51977982484045
H            0.25556153407547        2.09079365116815       -1.12122059143556
H            1.70653538837857        1.26541705572476       -1.67940397601589
24
 energy: -463.633672955599 gnorm: 0.005207601468 xtb: 6.7.1 (edcfbbe)
C           -2.46225282973949        0.05887788587521        1.51831737032566
O           -1.19271330486805        0.05211877329656        0.84062003804435
C           -1.25000023442740       -0.07373482854877       -0.50703659414604
O           -2.29609872666103       -0.17416586877642       -1.11073676764446
C            0.12227149794602       -0.07621818316253       -1.15275782248638
C            0.97103306331727       -1.30131247996429       -0.74596146853286
C            1.61619109843864       -1.17775797307912        0.63744437790749
C            2.43060519963798        0.11385440245742        0.74746646046871
C            1.55786721196564        1.33792209757039        0.45938049495321
C            0.90637482003981        1.23449797292339       -0.92291175341904
H           -2.99583343907185       -0.87973374374316        1.34485613991605
H           -3.08082417813204        0.88977937070506        1.16833841873284
H           -2.22487111163924        0.17545716433083        2.57672593132285
H           -0.10756058542076       -0.15727627521098       -2.21921732549223
H            0.36710930522178       -2.21382194824280       -0.82005017437614
H            1.76975459244568       -1.39501476127232       -1.49559681269848
H            0.84207206726945       -1.18790110299695        1.41314750100565
H            2.25678923273585       -2.04947360715715        0.81618868266065
H            2.88424797007139        0.19499218651397        1.74201344517165
H            3.25859033951616        0.08074973300263        0.02322236134108
H            0.78419429653366        1.42319058232520        1.23055554953454
H            2.15764800684300        2.25451625290226        0.50785759099630
H            0.25656154999678        2.09636681976650       -1.11740623519913
H            1.69886918817820        1.26438021438567       -1.68423015309307
24
 energy: -463.633740766228 gnorm: 0.001919148496 xtb: 6.7.1 (edcfbbe)
C           -2.47414921078283        0.05829724072008        1.51614130397958
O           -1.19777730754271        0.05343638916539        0.84417892952718
C           -1.25309969895631       -0.07302742614917       -0.50614565841686
O           -2.29751951830464       -0.17529583248570       -1.10991242821065
C            0.11978827472359       -0.07595989937219       -1.14930783588877
C            0.96972239187889       -1.30096694415183       -0.74272546561616
C            1.62236056150976       -1.17870886136526        0.63690469474084
C            2.43537864135530        0.11374029708640        0.74540662966335
C            1.56442996993680        1.33915671110666        0.45853341364876
C            0.90504727409070        1.23461702168320       -0.91957506696642
H           -3.00472088952417       -0.88087082184126        1.33795332975917
H           -3.09028193594920        0.88921030356806        1.16260078297196
H           -2.24183538633684        0.17415489471278        2.57544938558407
H           -0.10510665964758       -0.15709229498601       -2.21706463495477
H            0.36508930851523       -2.21313317972641       -0.81242888977549
H            1.76482716781484       -1.39587831359358       -1.49603754651453
H            0.85370907263114       -1.19325442119892        1.41790041955916
H            2.26728944911707       -2.04927411996447        0.80776983299016
H            2.88937444082856        0.19491658264273        1.73990025894301
H            3.26366746384438        0.08046413304290        0.02151464724376
H            0.79641667059891        1.43083714821227        1.23475432511867
H            2.16914060283386        2.25337473502877        0.49878255749274
H            0.25465666284647        2.09685712592185       -1.10944162357755
H            1.69361619053336        1.26469154143364       -1.68492351706517
24
 energy: -463.633773470762 gnorm: 0.002991346256 xtb: 6.7.1 (edcfbbe)
C           -2.48917284209712        0.05770842651892        1.51097188441920
O           -1.20303271902251        0.05516852195893        0.85157405147379
C           -1.25390911554518       -0.07442547181240       -0.50062374139887
O           -2.29594388667243       -0.17759201498312       -1.10581971978852
C            0.11847672016123       -0.07515902031194       -1.14225159262393
C            0.96777456338145       -1.30113344952002       -0.73814278932384
C            1.63036409259836       -1.17802342666647        0.63543489185554
C            2.44386917008796        0.11343212218507        0.74097484545867
C            1.57343913931573        1.33890225116836        0.45698831847247
C            0.90328199732843        1.23579238356115       -0.91479581762870
H           -3.01511298947531       -0.88188184213520        1.32360561041944
H           -3.10108711691934        0.88787647179929        1.14952660556284
H           -2.26932553157997        0.17253807338040        2.57248977060219
H           -0.10363926669788       -0.15601017173979       -2.21086676400581
H            0.35929174422540       -2.21085780781101       -0.79859872525659
H            1.75648504221507       -1.40031010163576       -1.49653748408589
H            0.86911112100420       -1.19521319685770        1.42236439443520
H            2.27934724574862       -2.04700696594185        0.79682447040587
H            2.89814330233072        0.19449675255824        1.73504340664925
H            3.27033915426161        0.07978198874729        0.01617451787577
H            0.81358406286961        1.43635387059817        1.23944128317843
H            2.18343615483506        2.24969222149599        0.48685910099688
H            0.24922382514182        2.09683076815709       -1.09457195453208
H            1.68507741838433        1.26933051695299       -1.68583889397699
24
 energy: -463.633781664096 gnorm: 0.001712967562 xtb: 6.7.1 (edcfbbe)
C           -2.48904351929891        0.05747334069950        1.50980360393993
O           -1.20322325854957        0.05592144072056        0.85164320450464
C           -1.25322920861582       -0.07292595223759       -0.49991516376044
O           -2.29520458490540       -0.17860646321419       -1.10566475770224
C            0.11897194362697       -0.07508389887805       -1.14186053775125
C            0.96786385624872       -1.30106659660688       -0.73761317722220
C            1.63077096918335       -1.17789399316536        0.63579111921826
C            2.44482415346288        0.11333492987419        0.73969390167979
C            1.57405008881046        1.33895798928922        0.45733890242170
C            0.90332464022530        1.23581571984908       -0.91417509748671
H           -3.01477258246422       -0.88203336476564        1.32139884673214
H           -3.10106939828563        0.88747258675655        1.14806836587587
H           -2.27078894056496        0.17191547315538        2.57171371249003
H           -0.10492269378616       -0.15610290379665       -2.20999604077037
H            0.35810739913336       -2.21003665606926       -0.79689704263756
H            1.75585009807723       -1.40225418215662       -1.49638400879874
H            0.86948730541169       -1.19342250784014        1.42265711455242
H            2.27858268820403       -2.04726825095056        0.79835681774620
H            2.90027793516837        0.19433502084680        1.73316876002129
H            3.27026205608209        0.07949517612208        0.01379421272059
H            0.81439190488428        1.43500486960564        1.24000073003063
H            2.18311616739641        2.25007218513279        0.48807347533010
H            0.24818525893047        2.09629954487528       -1.09280775838308
H            1.68420877612323        1.27088732553151       -1.68596365149959
24
 energy: -463.633787555683 gnorm: 0.001607870919 xtb: 6.7.1 (edcfbbe)
C           -2.48980479437405        0.05761791371677        1.50642618095610
O           -1.20469543368898        0.05678015789947        0.85142324998014
C           -1.25176389875184       -0.07451330222250       -0.49814175418312
O           -2.29342350652143       -0.18139073898680       -1.10634358218700
C            0.12034276133696       -0.07463665720594       -1.14047932683214
C            0.96736714750639       -1.30142063352835       -0.73596604436762
C            1.63219624194934       -1.17719258769903        0.63666244697629
C            2.44847236037718        0.11308257776873        0.73657793029385
C            1.57604163145739        1.33870775907582        0.45848671590582
C            0.90298080072292        1.23681048330587       -0.91221665357584
H           -3.01542345546584       -0.88177940038967        1.31665901313557
H           -3.10227443598937        0.88703075350433        1.14371233159453
H           -2.27514702687051        0.17179263189137        2.56923078739483
H           -0.10691153253786       -0.15531422758337       -2.20771857354058
H            0.35468104200537       -2.20884029959479       -0.79270573222585
H            1.75352354333097       -1.40735299463029       -1.49599824744858
H            0.87104390784836       -1.18820122597279        1.42403966128776
H            2.27694064562921       -2.04800332838518        0.80231349218174
H            2.90911687967040        0.19385272235878        1.72772147410611
H            3.27020876104427        0.07868231379950        0.00633399241561
H            0.81712263205881        1.43081192724512        1.24243136983395
H            2.18256752494213        2.25111854448135        0.49156351286785
H            0.24509793150662        2.09608726290799       -1.08785767199745
H            1.68176078664507        1.27656087572364       -1.68592953020755
24
 energy: -463.633790676812 gnorm: 0.000526730565 xtb: 6.7.1 (edcfbbe)
C           -2.49256184244582        0.05746142209385        1.50575739117826
O           -1.20633855886618        0.05782432079719        0.85151593007356
C           -1.25270390526841       -0.07335956172736       -0.49850842923506
O           -2.29363349470859       -0.18267891120131       -1.10696293912034
C            0.12008877490306       -0.07451648022917       -1.13949598726453
C            0.96697030224329       -1.30173220874013       -0.73504434131540
C            1.63329855155476       -1.17685805297875        0.63679593752553
C            2.45028776513970        0.11300141840264        0.73570916393702
C            1.57732800424677        1.33843811181907        0.45865001796745
C            0.90253937145315        1.23726014237077       -0.91128578075685
H           -3.01755855322282       -0.88217365132965        1.31526442835717
H           -3.10515026172167        0.88682371833660        1.14307214716478
H           -2.27840139982985        0.17136497416073        2.56868241453835
H           -0.10521416237663       -0.15533538724021       -2.20719140548345
H            0.35403503555939       -2.20907596354764       -0.79079850543650
H            1.75267683215121       -1.40828923894790       -1.49556856700070
H            0.87312137566585       -1.18772524941988        1.42529321565851
H            2.27839350850793       -2.04786803326947        0.80147356380740
H            2.91288380646159        0.19373433040423        1.72599516328115
H            3.27079079462710        0.07840985675649        0.00396338765262
H            0.81950423678682        1.43082731959634        1.24388064349252
H            2.18438135550161        2.25083597455990        0.49062636053311
H            0.24453868478668        2.09668933642205       -1.08593441173971
H            1.68074390781455        1.27723219547599       -1.68566466698971
24
 energy: -463.633790676812 gnorm: 0.000526730565 xtb: 6.7.1 (edcfbbe)
C           -2.49256184244582        0.05746142209385        1.50575739117826
O           -1.20633855886618        0.05782432079719        0.85151593007356
C           -1.25270390526841       -0.07335956172736       -0.49850842923506
O           -2.29363349470859       -0.18267891120131       -1.10696293912034
C            0.12008877490306       -0.07451648022917       -1.13949598726453
C            0.96697030224329       -1.30173220874013       -0.73504434131540
C            1.63329855155476       -1.17685805297875        0.63679593752553
C            2.45028776513970        0.11300141840264        0.73570916393702
C            1.57732800424677        1.33843811181907        0.45865001796745
C            0.90253937145315        1.23726014237077       -0.91128578075685
H           -3.01755855322282       -0.88217365132965        1.31526442835717
H           -3.10515026172167        0.88682371833660        1.14307214716478
H           -2.27840139982985        0.17136497416073        2.56868241453835
H           -0.10521416237663       -0.15533538724021       -2.20719140548345
H            0.35403503555939       -2.20907596354764       -0.79079850543650
H            1.75267683215121       -1.40828923894790       -1.49556856700070
H            0.87312137566585       -1.18772524941988        1.42529321565851
H            2.27839350850793       -2.04786803326947        0.80147356380740
H            2.91288380646159        0.19373433040423        1.72599516328115
H            3.27079079462710        0.07840985675649        0.00396338765262
H            0.81950423678682        1.43082731959634        1.24388064349252
H            2.18438135550161        2.25083597455990        0.49062636053311
H            0.24453868478668        2.09668933642205       -1.08593441173971
H            1.68074390781455        1.27723219547599       -1.68566466698971
