16
 energy: -19.862089498742 gnorm: 0.026594988109 xtb: 6.7.1 (edcfbbe)
C            1.18507043240039       -1.23459943173562       -0.67439117682628
C            0.68271520398635       -0.26235540897682        0.40851122683077
C            1.61677306450777        0.93577476401944        0.54856072196014
C           -0.72898800627630        0.17062833684868        0.02164506353191
O           -0.92858479167472        1.14653210623289       -0.67185408923931
C           -1.86119307737589       -0.69059912691512        0.53443701685284
H            0.52143938628372       -2.09652833800413       -0.79543901101041
H            1.25354007340501       -0.71677379007741       -1.63623285505646
H            2.17946042673182       -1.60816872918592       -0.41217162905095
H            0.62397417279497       -0.80849058750699        1.35999052064167
H            1.67227516662195        1.48328056671404       -0.39582326533001
H            2.62297591845921        0.60448619784812        0.82296735640006
H            1.26016195518372        1.63021636280129        1.31497011277705
H           -2.78860520242957       -0.45614368789088        0.01093797209516
H           -1.99202228242896       -0.48811794118005        1.60477369123131
H           -1.62498770398661       -1.75553812088376        0.44255192587920
16
 energy: -19.862781133889 gnorm: 0.007166951039 xtb: 6.7.1 (edcfbbe)
C            1.18501274224865       -1.22890641455364       -0.67172704495025
C            0.67544112145583       -0.27115095805778        0.41312050571525
C            1.60875619825156        0.92630174513721        0.54495840895128
C           -0.72552673120742        0.17470905837331        0.01435713324439
O           -0.92492514944093        1.14464216684495       -0.67434988185861
C           -1.84687746813183       -0.68718080568456        0.53630114331710
H            0.52037822901527       -2.08426126411166       -0.78437602578070
H            1.24754508346438       -0.71234485174463       -1.62865760129700
H            2.17657176758003       -1.59599868490529       -0.41004290929821
H            0.62157559462453       -0.81184018360364        1.36536962138225
H            1.65616566587756        1.47125996809021       -0.39613579049521
H            2.61223265964432        0.59873130492032        0.81323870658601
H            1.24927382695791        1.60972107255725        1.31300670525839
H           -2.77171058790219       -0.45601328322457        0.01490513952408
H           -1.97964210452402       -0.47882089557103        1.59971740377721
H           -1.61026611171080       -1.74524480235867        0.43374806761071
16
 energy: -19.862841241163 gnorm: 0.001453359264 xtb: 6.7.1 (edcfbbe)
C            1.18184042959404       -1.23084366540933       -0.67060330186588
C            0.67392843713362       -0.27251295983768        0.41269711795665
C            1.60767935645833        0.92566484530159        0.54761358364992
C           -0.72366723691476        0.17890109361448        0.01181211706604
O           -0.92189380888793        1.14346917436073       -0.68044368091334
C           -1.84153672808413       -0.68598111053755        0.53611392470106
H            0.51983026239137       -2.08671654101120       -0.78131035411086
H            1.24008031799254       -0.71310343653955       -1.62495157479670
H            2.17398900007326       -1.59261252225523       -0.41110411269808
H            0.61822290882181       -0.81068588592981        1.36432409060008
H            1.64683358404233        1.47065638047992       -0.39189910483082
H            2.61143639444815        0.59867991497879        0.80838433132695
H            1.24946475687121        1.60375837738139        1.31897041106438
H           -2.76832903049443       -0.45981690358572        0.01641933763055
H           -1.97339157887279       -0.47472930738587        1.59659046076325
H           -1.60048232836976       -1.74052428151719        0.43082033614348
16
 energy: -19.862857304964 gnorm: 0.001447430455 xtb: 6.7.1 (edcfbbe)
C            1.18139999251479       -1.23107449681790       -0.66994747360021
C            0.67275084834388       -0.27302580417479        0.41323960664138
C            1.60815182155864        0.92545546996176        0.54968840039133
C           -0.72309282963625        0.17881423397802        0.00609664616725
O           -0.91927739832985        1.14146362322071       -0.68901053461499
C           -1.84078651594013       -0.68471871090301        0.53604243760559
H            0.52224092578960       -2.08949849554392       -0.77650972650830
H            1.23412102051972       -0.71479344318588       -1.62536137877235
H            2.17541052155122       -1.58865009841079       -0.41272000396783
H            0.61319125923413       -0.81037066938770        1.36451756585481
H            1.63911380111874        1.47564188470231       -0.38700293620117
H            2.61358544428383        0.59787570479281        0.80180379191763
H            1.25300426620638        1.59706887321203        1.32772450214169
H           -2.77026582610932       -0.46142153432952        0.01883344287218
H           -1.96861908474173       -0.47118853874485        1.59589937877385
H           -1.59692351016079       -1.73797482626150        0.43013986298582
16
 energy: -19.862870828667 gnorm: 0.001538872700 xtb: 6.7.1 (edcfbbe)
C            1.18194974150606       -1.23160916192521       -0.66911078646399
C            0.67201962209913       -0.27301076545799        0.41357024353300
C            1.60808739593546        0.92549107374698        0.55199881331542
C           -0.72303821205782        0.17981447656962        0.00343741019968
O           -0.91649667180681        1.13657224160640       -0.70110897211689
C           -1.84161360886862       -0.68273133375846        0.53546781607755
H            0.52740179866701       -2.09482919669987       -0.76952869915215
H            1.22654717173205       -0.71818374307779       -1.62699992666847
H            2.17968471617683       -1.58288075539006       -0.41603458062152
H            0.60957760265675       -0.80994380938382        1.36479328028123
H            1.62783747558099        1.48555252056294       -0.37959752248181
H            2.61654357124419        0.59559273990761        0.78968435803463
H            1.26079631065704        1.58828484637258        1.34158969381129
H           -2.77230353360782       -0.46169792685905        0.01901187358270
H           -1.96695831281882       -0.46681760543160        1.59521970813845
H           -1.59603033089274       -1.73600042867452        0.43104087221757
16
 energy: -19.862881486734 gnorm: 0.001121570125 xtb: 6.7.1 (edcfbbe)
C            1.18415336928725       -1.23202122473026       -0.66853659978944
C            0.67194766946486       -0.27354947492018        0.41318677057538
C            1.60654437873221        0.92522911143281        0.55465215636938
C           -0.72268896079849        0.17615329609138       -0.00267789371508
O           -0.91385414981992        1.12845049269945       -0.71399819786877
C           -1.84343846945234       -0.67941579121994        0.53558039273011
H            0.53570099672431       -2.10092529688726       -0.76312698102711
H            1.22079845174840       -0.72164438728953       -1.62862575539612
H            2.18589259506179       -1.57494169706124       -0.41866500712589
H            0.60788698400889       -0.81131390398020        1.36407424746590
H            1.61400284587534        1.49678459574753       -0.37045506702777
H            2.61895665722034        0.59430997137868        0.77530324322206
H            1.26923807655765        1.57854349482228        1.35695594903317
H           -2.77423247252527       -0.45624615254052        0.02096585183667
H           -1.96498035507028       -0.46160784212256        1.59583003585421
H           -1.60192288081189       -1.73420201931265        0.43297043655000
16
 energy: -19.862887134960 gnorm: 0.000335472330 xtb: 6.7.1 (edcfbbe)
C            1.18653546963710       -1.23188595153803       -0.66852373117559
C            0.67210150023487       -0.27499175057029        0.41335645219146
C            1.60489121583488        0.92430391780046        0.55515752437956
C           -0.72222674661443        0.17422191297010       -0.00357859073539
O           -0.91228359675925        1.12262453159354       -0.72028864417571
C           -1.84428448111862       -0.67717629928692        0.53626821897252
H            0.54087629243371       -2.10252537283201       -0.76165469541052
H            1.22073309075213       -0.72227810788541       -1.62873623948323
H            2.18937017148559       -1.57130593191187       -0.41952964841584
H            0.60820258703340       -0.81342803574172        1.36398903709411
H            1.60556574220671        1.50110777143391       -0.36634286763683
H            2.61936397618369        0.59513254245891        0.76747116413683
H            1.27180159674124        1.57235033796138        1.36285757500957
H           -2.77425201917007       -0.45071696889780        0.02191305902856
H           -1.96487409295501       -0.45863854518246        1.59639212220722
H           -1.60751596972310       -1.73319087826401        0.43468284569999
16
 energy: -19.862889134484 gnorm: 0.000301242548 xtb: 6.7.1 (edcfbbe)
C            1.18857999935853       -1.23246638315733       -0.66903458871895
C            0.67261999050786       -0.27640798441261        0.41291561567990
C            1.60332223126772        0.92426258137413        0.55583860838214
C           -0.72160956822658        0.17220042280379       -0.00475810127681
O           -0.91096066279956        1.11836432639293       -0.72469908318414
C           -1.84491649491339       -0.67540097981512        0.53749141489586
H            0.54386399225711       -2.10356893560430       -0.76329101539987
H            1.22307059423974       -0.72180864260186       -1.62855116304094
H            2.19152121988532       -1.57072477535306       -0.41923846663621
H            0.60895025763179       -0.81555227141105        1.36314541616873
H            1.59994983111581        1.50302629022219       -0.36424564815695
H            2.61897497994148        0.59665187420690        0.76410358466853
H            1.27139509470369        1.56950290677000        1.36610506229354
H           -2.77477748067740       -0.44583044031336        0.02403759015848
H           -1.96373108363055       -0.45629658960915        1.59771219002322
H           -1.61224816445872       -1.73234822738432        0.43590216583018
16
 energy: -19.862890532753 gnorm: 0.000271383303 xtb: 6.7.1 (edcfbbe)
C            1.19026769545675       -1.23247684142009       -0.66955901751153
C            0.67271015232194       -0.27746657640483        0.41260604562374
C            1.60232988654049        0.92415682309809        0.55614009063248
C           -0.72141678704708        0.17067685751695       -0.00584123748946
O           -0.91016609441172        1.11497875784758       -0.72842519470205
C           -1.84552986681390       -0.67421837571752        0.53876439365588
H            0.54510367130909       -2.10302403695717       -0.76578151794492
H            1.22672135631416       -0.72082538768698       -1.62848987510030
H            2.19250821942476       -1.57165696443433       -0.41827329832092
H            0.60900850467718       -0.81708891850829        1.36254688668170
H            1.59703990239614        1.50387749098089       -0.36330694545180
H            2.61861347031207        0.59784240111216        0.76306559038207
H            1.27010887602382        1.56791359100038        1.36742710390941
H           -2.77572573248654       -0.44247327518796        0.02675455788912
H           -1.96204653556395       -0.45493276745597        1.59917804942880
H           -1.61552198225037       -1.73167960567511        0.43662795000448
16
 energy: -19.862892569235 gnorm: 0.000269560636 xtb: 6.7.1 (edcfbbe)
C            1.19208695972571       -1.23248534976849       -0.67029452765872
C            0.67259341620903       -0.27858000995860        0.41186284049578
C            1.60086434756153        0.92421867296184        0.55672359025566
C           -0.72131870447735        0.16898147804552       -0.00788968684010
O           -0.90939736547287        1.11021655199677       -0.73465713242271
C           -1.84594386059787       -0.67275677896104        0.54073480766016
H            0.54542606969201       -2.10156080731244       -0.77047116792024
H            1.23279669606370       -0.71899396570989       -1.62808941320021
H            2.19276206454605       -1.57420590878686       -0.41614779757638
H            0.60858962593009       -0.81868846555160        1.36143425662999
H            1.59452927443538        1.50467196824876       -0.36220462926296
H            2.61751885037627        0.59901606388308        0.76321676642943
H            1.26775511947368        1.56667381134510        1.36870317587933
H           -2.77722109706664       -0.43855370827051        0.03175816000443
H           -1.95817072928627       -0.45366167733561        1.60157589554565
H           -1.61886593090962       -1.73068870271822        0.43717844366760
16
 energy: -19.862894756856 gnorm: 0.000256330155 xtb: 6.7.1 (edcfbbe)
C            1.19457894701600       -1.23223875155798       -0.67124950978756
C            0.67216751906457       -0.27968088584447        0.41062399907850
C            1.59892347794889        0.92411656580070        0.55777746181722
C           -0.72150236262930        0.16659667455873       -0.01151914687720
O           -0.90870820791599        1.10284440605893       -0.74493480260977
C           -1.84656583222617       -0.67058658103918        0.54342263902153
H            0.54613613623162       -2.09952477592180       -0.77639634834253
H            1.24076906684217       -0.71664009772586       -1.62773327679936
H            2.19327927371208       -1.57716198084570       -0.41334302627626
H            0.60721832482478       -0.82033148493436        1.35977941100718
H            1.59146422973166        1.50646800189411       -0.36004942971312
H            2.61613315098268        0.59981355377721        0.76335654505535
H            1.26503853588522        1.56436951822960        1.37128615889977
H           -2.77983999375846       -0.43334260839467        0.03951442569872
H           -1.95180696621835       -0.45189200600634        1.60505242208883
H           -1.62328056328858       -1.72920637594109        0.43784605942543
16
 energy: -19.862895844174 gnorm: 0.000191824700 xtb: 6.7.1 (edcfbbe)
C            1.19638648543348       -1.23206455901148       -0.67220789457602
C            0.67176522326394       -0.28053535192712        0.40946247416440
C            1.59719293849866        0.92401926492525        0.55868759442898
C           -0.72170428943761        0.16480318389267       -0.01453134937837
O           -0.90837346504516        1.09710357954638       -0.75301866415754
C           -1.84680454317356       -0.66885567768411        0.54562888073730
H            0.54686386713487       -2.09811719191629       -0.78113036738283
H            1.24666867628324       -0.71489581761337       -1.62764151332819
H            2.19363554455820       -1.57911241852449       -0.41148322538371
H            0.60588978906125       -0.82170361818608        1.35826425523948
H            1.59047106057060        1.50736973710734       -0.35845895055944
H            2.61439357206018        0.60024738089174        0.76493189527140
H            1.26229487007372        1.56322235526595        1.37255193202703
H           -2.78170848967327       -0.42925406433369        0.04602241852286
H           -1.94633437203558       -0.45059176111822        1.60787625577005
H           -1.62663213137013       -1.72803186920664        0.43847984029133
16
 energy: -19.862896287258 gnorm: 0.000077020817 xtb: 6.7.1 (edcfbbe)
C            1.19745543221159       -1.23185364031502       -0.67283491955458
C            0.67152743299274       -0.28095267305972        0.40868265299709
C            1.59636075523318        0.92377502271303        0.55927783229656
C           -0.72191183546551        0.16382552124663       -0.01616609741525
O           -0.90838374775592        1.09386725618403       -0.75747788955655
C           -1.84699080369644       -0.66781963790375        0.54687189286652
H            0.54773320847733       -2.09752899825415       -0.78330855781820
H            1.24923309594428       -0.71397051094408       -1.62775752415054
H            2.19419141260472       -1.57945508169764       -0.41093224010128
H            0.60524625743945       -0.82248010156752        1.35723399668715
H            1.59055369671352        1.50730749594386       -0.35782599267410
H            2.61348231067870        0.60021485452495        0.76670810960218
H            1.26018880385626        1.56266239991618        1.37291411616410
H           -2.78280716210239       -0.42693534614481        0.04968189137927
H           -1.94331952223519       -0.44974994777711        1.60942791086272
H           -1.62855459869346       -1.72730344075706        0.43893840010164
16
 energy: -19.862896644562 gnorm: 0.000061793874 xtb: 6.7.1 (edcfbbe)
C            1.19817643465083       -1.23169735063859       -0.67348655589596
C            0.67141519355321       -0.28144979861771        0.40819956984897
C            1.59566409428161        0.92356503667328        0.55976440883467
C           -0.72195486234370        0.16307247285347       -0.01722923299228
O           -0.90818992590260        1.09160010285447       -0.76048134013561
C           -1.84711035021787       -0.66701566470820        0.54781405780445
H            0.54890968818896       -2.09763190594526       -0.78446090028041
H            1.25005027698102       -0.71349147971606       -1.62821423654350
H            2.19497271402295       -1.57888709197180       -0.41133113318749
H            0.60479317276438       -0.82334656628831        1.35653866734572
H            1.59146467302165        1.50684427248363       -0.35752398326215
H            2.61248776487218        0.60021137023636        0.76903045815012
H            1.25816934592114        1.56273158171905        1.37263513813744
H           -2.78346580477600       -0.42510583325812        0.05219422829022
H           -1.94131150699941       -0.44902437773961        1.61056744642596
H           -1.63006617181554       -1.72677159582877        0.43941698914659
16
 energy: -19.862897014923 gnorm: 0.000075024472 xtb: 6.7.1 (edcfbbe)
C            1.19900554145590       -1.23155224642750       -0.67414737872595
C            0.67133055622838       -0.28204360561352        0.40772111001906
C            1.59502432168461        0.92324573820751        0.56039402676756
C           -0.72194718500828        0.16227759354905       -0.01826451554138
O           -0.90780939795080        1.08925268247812       -0.76355386995246
C           -1.84736285901511       -0.66607431145948        0.54873465283792
H            0.55081457242262       -2.09831950062399       -0.78486577892915
H            1.24979188889538       -0.71322175109662       -1.62885134208638
H            2.19636614420059       -1.57741070703651       -0.41240293716878
H            0.60450891975748       -0.82441649451106        1.35576063403743
H            1.59213763764273        1.50624943404556       -0.35710390607395
H            2.61163884142611        0.60021588963218        0.77136495419340
H            1.25608418794366        1.56259555789406        1.37255699578609
H           -2.78414874384166       -0.42304972798295        0.05448660958889
H           -1.93960208043577       -0.44802445949803        1.61163824598812
H           -1.63182760920302       -1.72612091944899        0.43996608094630
16
 energy: -19.862897318113 gnorm: 0.000060787836 xtb: 6.7.1 (edcfbbe)
C            1.19991192311637       -1.23143278994932       -0.67489036094479
C            0.67131954900064       -0.28280368421152        0.40730244090504
C            1.59433704230195        0.92290421806531        0.56105786358692
C           -0.72182331533904        0.16137630045700       -0.01925140473230
O           -0.90719452397554        1.08687240747445       -0.76648974989044
C           -1.84769784695195       -0.66502822179786        0.54964444082297
H            0.55325836067256       -2.09945518446043       -0.78489086924524
H            1.24891704072035       -0.71316119991859       -1.62973429901805
H            2.19814958483462       -1.57533768764260       -0.41390704324935
H            0.60428814589740       -0.82566607166786        1.35503959157115
H            1.59264510622493        1.50564009312723       -0.35661356564597
H            2.61071818683293        0.60028637693575        0.77372398073673
H            1.25386837666147        1.56232224892257        1.37254252535084
H           -2.78481944057852       -0.42075175865453        0.05661099724014
H           -1.93806750615270       -0.44676641324918        1.61265965322321
H           -1.63380594706267       -1.72539546132260        0.44062938097588
16
 energy: -19.862897433878 gnorm: 0.000025392829 xtb: 6.7.1 (edcfbbe)
C            1.20059059698762       -1.23137150135653       -0.67541294940462
C            0.67129429614733       -0.28337669514002        0.40697531996451
C            1.59387033526881        0.92262516769612        0.56154764869024
C           -0.72175324053557        0.16075674980524       -0.01994182826910
O           -0.90678799920011        1.08529307816372       -0.76848625223283
C           -1.84794602003977       -0.66428984882490        0.55029466562410
H            0.55512369917785       -2.10035173845796       -0.78481626003972
H            1.24810543918209       -0.71312958795898       -1.63034963824310
H            2.19954041917993       -1.57375023209719       -0.41514512088585
H            0.60417879646996       -0.82662629438836        1.35447260752784
H            1.59302565016341        1.50513845754277       -0.35623348120782
H            2.61009280836093        0.60037789846040        0.77544792341427
H            1.25227588249821        1.56210607914784        1.37249331574992
H           -2.78522208864724       -0.41917850335395        0.05797258718400
H           -1.93715172632820       -0.44572809200749        1.61333791098647
H           -1.63523211248242       -1.72489176512286        0.44127713282843
16
 energy: -19.862897454961 gnorm: 0.000021563748 xtb: 6.7.1 (edcfbbe)
C            1.20087395836703       -1.23133484371439       -0.67569443367270
C            0.67131537475838       -0.28364838151906        0.40682917932476
C            1.59365646960911        0.92250497223966        0.56175729484452
C           -0.72169278054841        0.16047102392050       -0.02020255013009
O           -0.90658236315498        1.08461874454778       -0.76924161815899
C           -1.84805539559442       -0.66395789529241        0.55056283730877
H            0.55597277617860       -2.10077629228860       -0.78478219631220
H            1.24773345936760       -0.71315829939103       -1.63070192904758
H            2.20013507961003       -1.57298865705494       -0.41570058536469
H            0.60412743736473       -0.82704385172151        1.35423396585241
H            1.59318170306252        1.50493336718676       -0.35608423195774
H            2.60979645633459        0.60037086029629        0.77620800881756
H            1.25153812630281        1.56197673809998        1.37250371528468
H           -2.78539362604544       -0.41858157544502        0.05846665742760
H           -1.93682431319751       -0.44512494259599        1.61358427904304
H           -1.63577762621183       -1.72465779516014        0.44169518842738
