12
 energy: -14.554043469896 gnorm: 0.018388932551 xtb: 6.7.1 (edcfbbe)
C            1.57253985256644       -0.48679945030642        0.06322735259516
C            0.56552498848669        0.64911467746146        0.19036536499495
O           -0.65026952561534        0.42251654354517       -0.51721405160098
C           -1.44856947153991       -0.60084132252247        0.05133360634434
H            1.23511069335849       -1.39522580379026        0.56991260450801
H            1.75006919455019       -0.72072570054667       -0.99066547565960
H            2.52409745533312       -0.19033183241099        0.51629740604910
H            0.97940389941204        1.56567848583428       -0.24258017290256
H            0.34589418221944        0.84856797946705        1.25350228205745
H           -1.00375314886329       -1.59861029979659       -0.07269918953236
H           -2.40836775180908       -0.58220202702917       -0.47021823852855
H           -1.62327974169176       -0.42381327812506        1.12468128130280
12
 energy: -14.554494184610 gnorm: 0.007318330412 xtb: 6.7.1 (edcfbbe)
C            1.57932475969445       -0.48667202710742        0.06421627664813
C            0.56415971938646        0.64205469147762        0.19222691997487
O           -0.64726999665812        0.41258852788223       -0.50540825849710
C           -1.45083607700912       -0.60057363146403        0.05312880833316
H            1.23886519366776       -1.38742738525973        0.57237964466088
H            1.74715403744243       -0.71989808508605       -0.98604571364294
H            2.52450074858430       -0.18110385354451        0.51088745545927
H            0.96863740416316        1.55629382874574       -0.25140363935619
H            0.34617474616966        0.83558412893166        1.25467837984102
H           -1.00558433926415       -1.59382032264259       -0.07414124846047
H           -2.40234403197978       -0.56869035829614       -0.47690382493915
H           -1.62438153779001       -0.42100754185646        1.12232796960628
12
 energy: -14.554553090680 gnorm: 0.002188174794 xtb: 6.7.1 (edcfbbe)
C            1.58375645590841       -0.48720495372240        0.06432616897162
C            0.56265174662737        0.63960525470018        0.19259323273749
O           -0.64493921125901        0.40817127954376       -0.50084545215154
C           -1.45200869243341       -0.59980501253174        0.05334499775581
H            1.24482550817371       -1.38526513650232        0.57479153485636
H            1.74735477250698       -0.72059481582473       -0.98462206970660
H            2.52542915998466       -0.17503254572791        0.50731626184130
H            0.96226057495261        1.55376841436908       -0.25400160527252
H            0.34888534567881        0.83015287919603        1.25588289341501
H           -1.01139445480310       -1.59426953677278       -0.07268279917385
H           -2.39929202603913       -0.56116346830801       -0.48115588865397
H           -1.62912855289088       -0.42103438663882        1.12099549500865
12
 energy: -14.554559143946 gnorm: 0.000744187743 xtb: 6.7.1 (edcfbbe)
C            1.58576304067721       -0.48712479869062        0.06407785329029
C            0.56193138622867        0.63895327688224        0.19267568550151
O           -0.64419595382315        0.40682600878965       -0.50039847224713
C           -1.45328731413986       -0.59943294184376        0.05293817801128
H            1.24847534816526       -1.38483486606657        0.57625251370769
H            1.74796871232360       -0.72127026934025       -0.98493800129012
H            2.52702242578369       -0.17212528056239        0.50554693540515
H            0.96146962167496        1.55339944665779       -0.25319545172388
H            0.35028847199703        0.82863111950617        1.25675214250797
H           -1.01485689066748       -1.59545348495741       -0.07122552726923
H           -2.39969032675275       -0.55953474609064       -0.48309144081215
H           -1.63248789506015       -0.42070549250388        1.12054835454638
12
 energy: -14.554560741059 gnorm: 0.000541252681 xtb: 6.7.1 (edcfbbe)
C            1.58752073581716       -0.48698588946542        0.06369279950224
C            0.56121390364964        0.63820185153892        0.19285228507568
O           -0.64334314070976        0.40552949560784       -0.50099375835714
C           -1.45469362702950       -0.59887993126816        0.05241931627149
H            1.25313116031737       -1.38488681165957        0.57789562381549
H            1.74825923485525       -0.72221240824522       -0.98554340234255
H            2.52907314803439       -0.16912222538022        0.50298261936134
H            0.96130376789285        1.55360364458245       -0.25084974691661
H            0.35048425696931        0.82645490276561        1.25767786972604
H           -1.01784675977464       -1.59650721123414       -0.06876318619057
H           -2.40039305639008       -0.55901644166541       -0.48531124601014
H           -1.63630899722496       -0.41885100379636        1.11988359569249
12
 energy: -14.554561323395 gnorm: 0.000223680177 xtb: 6.7.1 (edcfbbe)
C            1.58745826814419       -0.48692989060418        0.06359123939002
C            0.56125678437429        0.63789784853906        0.19307651934239
O           -0.64319144407197        0.40541114157596       -0.50144295529003
C           -1.45465995850528       -0.59874396721666        0.05241197190815
H            1.25361953195464       -1.38488354967606        0.57800312749061
H            1.74770473479489       -0.72226449475539       -0.98567960028946
H            2.52932829720362       -0.16907027740221        0.50225662444162
H            0.96132061863295        1.55367528817537       -0.24998155594629
H            0.34955311352722        0.82558162456703        1.25776721689100
H           -1.01724598477925       -1.59613446688731       -0.06779246852236
H           -2.40010131545094       -0.55963837612281       -0.48579725958776
H           -1.63664201941732       -0.41757290841247        1.11952990979986
12
 energy: -14.554561860937 gnorm: 0.000097834371 xtb: 6.7.1 (edcfbbe)
C            1.58779470203607       -0.48685046575592        0.06329194075045
C            0.56131336066136        0.63726597946954        0.19370334208333
O           -0.64263333531201        0.40491153995707       -0.50201577113884
C           -1.45486758585084       -0.59840712103652        0.05227679089003
H            1.25555121557178       -1.38472387244140        0.57881371774887
H            1.74617830528805       -0.72269633675648       -0.98611222612991
H            2.53033409234323       -0.16823759436198        0.49988835936693
H            0.96110213745398        1.55389622494319       -0.24790731465613
H            0.34829825103829        0.82343398415537        1.25833193354664
H           -1.01668377212775       -1.59567450806490       -0.06509111213322
H           -2.39924960825687       -0.56072868359563       -0.48779800856826
H           -1.63873713643826       -0.41486117473201        1.11856111786787
12
 energy: -14.554562062141 gnorm: 0.000105583991 xtb: 6.7.1 (edcfbbe)
C            1.58816248526285       -0.48680008504911        0.06302371245547
C            0.56134847604447        0.63693036587763        0.19423320366327
O           -0.64236774698643        0.40471507311452       -0.50208518482002
C           -1.45515224098556       -0.59818702466700        0.05217024276412
H            1.25702136914656       -1.38456898862397        0.57943373026132
H            1.74510952706395       -0.72308272562852       -0.98650318404511
H            2.53122895573632       -0.16765509460608        0.49807958483444
H            0.96098080768598        1.55400398499477       -0.24656297304108
H            0.34796157042561        0.82224205867073        1.25891308296801
H           -1.01634589218231       -1.59543489861114       -0.06299855887179
H           -2.39858104165965       -0.56163594191064       -0.48963971472237
H           -1.64096564314476       -0.41319875178087        1.11787882818149
12
 energy: -14.554562177910 gnorm: 0.000054524282 xtb: 6.7.1 (edcfbbe)
C            1.58834839329615       -0.48684252713979        0.06277667795308
C            0.56142837075279        0.63680668155530        0.19465407744145
O           -0.64222832381979        0.40474023267528       -0.50182638491707
C           -1.45533487087533       -0.59802549684485        0.05213296108961
H            1.25798136555479       -1.38455735774063        0.57979120872745
H            1.74421195587739       -0.72332136193363       -0.98686329709925
H            2.53177138195749       -0.16729559843475        0.49672478550291
H            0.96091420863176        1.55413999837215       -0.24570276960254
H            0.34810633943322        0.82149014192303        1.25943265662927
H           -1.01581262620600       -1.59518787624000       -0.06113686832274
H           -2.39782267489456       -0.56258583155083       -0.49137549129373
H           -1.64316289330088       -0.41203303286096        1.11733521351932
12
 energy: -14.554562220093 gnorm: 0.000031114022 xtb: 6.7.1 (edcfbbe)
C            1.58843733462665       -0.48685739774844        0.06259050321730
C            0.56143271022688        0.63674272316311        0.19487566270849
O           -0.64228231545989        0.40488908941943       -0.50156523765398
C           -1.45543213829838       -0.59794081085443        0.05216409592698
H            1.25825683346389       -1.38457777943922        0.57970014690023
H            1.74394558927530       -0.72330936559763       -0.98711344106304
H            2.53198966437492       -0.16729350962701        0.49624879330456
H            0.96091583084925        1.55410549311734       -0.24537928040441
H            0.34833935841079        0.82128493240770        1.25972649832304
H           -1.01533814322056       -1.59498906533751       -0.06000099187140
H           -2.39734837427868       -0.56328970987423       -0.49238058930335
H           -1.64451572356315       -0.41143662784879        1.11707660954334
