11
 energy: -1038.253276730993 gnorm: 0.026816729932 xtb: 6.7.1 (edcfbbe)
C            0.39849935847659       -1.70520783035562        0.15626143386924
C            0.45271946430061       -0.27192130312050       -0.33565531534874
H            0.31211026123830       -0.22512903119976       -1.41854879592860
C           -0.54333369364077        0.63684020068220        0.36387181286124
Cl          -2.20626741727766        0.16476878277301       -0.07083688883139
Cl           2.08530386832405        0.40783450058072       -0.01759459330780
H           -0.59066439876174       -2.11478297473712       -0.03615710861602
H            1.13667672080369       -2.31176937572441       -0.36149126326019
H            0.59673293206443       -1.74864894377487        1.22480092064274
H           -0.45409074240122        0.55635949774654        1.44736968414137
H           -0.41488084088384        1.67461490384207        0.05621715782491
11
 energy: -1038.254162049718 gnorm: 0.016457700839 xtb: 6.7.1 (edcfbbe)
C            0.40129476668913       -1.71397818452435        0.15382549088110
C            0.45071152817807       -0.27707225496617       -0.33035398115841
H            0.30457230322613       -0.22487509339430       -1.41319633770470
C           -0.54774408995535        0.64045894059310        0.36023624508665
Cl          -2.23342039503612        0.17734990138978       -0.07161544766313
Cl           2.09213555666377        0.42600404762369       -0.01058873111618
H           -0.58954583885539       -2.13036949326635       -0.04121151817179
H            1.14539198645909       -2.32014618422323       -0.36425607857523
H            0.59818795809317       -1.75814427100344        1.22759941122657
H           -0.44427120000794        0.56620562512494        1.44552172347018
H           -0.40450697792763        1.67752522652898        0.05227624800699
11
 energy: -1038.254488076362 gnorm: 0.006836736246 xtb: 6.7.1 (edcfbbe)
C            0.40392432226328       -1.71891001922292        0.15257050447028
C            0.44179986996136       -0.28359669738383       -0.33335282837054
H            0.30283125217588       -0.22604801209254       -1.41707140858727
C           -0.54399946896719        0.64559246784899        0.36308509623172
Cl          -2.24775936231213        0.18573411467685       -0.06781754465499
Cl           2.09406771134314        0.43389854128233       -0.00378379182850
H           -0.58616941927795       -2.14211987426825       -0.04700544855246
H            1.15386890992348       -2.32251193814958       -0.36484790401457
H            0.59720515017116       -1.76676280766526        1.22977703523239
H           -0.44328874649674        0.57763691296335        1.45031529455120
H           -0.39967450402283        1.68004549434552        0.04636800898766
11
 energy: -1038.254554357339 gnorm: 0.002572078423 xtb: 6.7.1 (edcfbbe)
C            0.40275691189063       -1.71854587157576        0.15215834135658
C            0.43920858964398       -0.28484690914042       -0.33237594748469
H            0.30540280379980       -0.22476402848026       -1.41598838600033
C           -0.54059642387376        0.64689725852639        0.36426919661397
Cl          -2.25118712710494        0.18361845401686       -0.06212620668903
Cl           2.10065546254033        0.43250970794600       -0.00361584759050
H           -0.58536817305049       -2.14447546718000       -0.05061624895344
H            1.15497364567250       -2.31935220384297       -0.36434531133460
H            0.59325305081739       -1.76799849398624        1.22903298714896
H           -0.44396620335187        0.58049153773578        1.45102628507441
H           -0.40232675511226        1.67942426808162        0.04081815138090
11
 energy: -1038.254568426494 gnorm: 0.000709688487 xtb: 6.7.1 (edcfbbe)
C            0.40134921237814       -1.71769107872734        0.15193387511250
C            0.43781332462803       -0.28491923354495       -0.33204909367657
H            0.30711518509680       -0.22315416536864       -1.41558563512474
C           -0.53818139873705        0.64718475179163        0.36471106689500
Cl          -2.25017973247008        0.17883164612084       -0.05797884088670
Cl           2.10334913271218        0.43031435356055       -0.00315202278535
H           -0.58530162884019       -2.14408453759728       -0.05350503191704
H            1.15491662051837       -2.31688699945983       -0.36308218445755
H            0.58900655571717       -1.76733609893648        1.22842452231703
H           -0.44211589204276        0.58187757247089        1.45085524045772
H           -0.40496552806457        1.67882212954688        0.03766512647760
11
 energy: -1038.254570988560 gnorm: 0.000703447850 xtb: 6.7.1 (edcfbbe)
C            0.40028250576991       -1.71725423257219        0.15132981960472
C            0.43729249897901       -0.28463821305550       -0.33212597091963
H            0.30856144084438       -0.22216805134456       -1.41561637501833
C           -0.53686824356485        0.64699285962538        0.36458085307987
Cl          -2.24928135903625        0.17551761325061       -0.05310964667883
Cl           2.10406008082075        0.42889227964800       -0.00221038370333
H           -0.58503245790419       -2.14426159985906       -0.05727653271775
H            1.15586147456131       -2.31552313195306       -0.36116375285557
H            0.58420434378055       -1.76664540649513        1.22812314089338
H           -0.43905996871937        0.58393130113169        1.45037121910400
H           -0.40721437613335        1.67811501035451        0.03533466784682
11
 energy: -1038.254570988560 gnorm: 0.000703447850 xtb: 6.7.1 (edcfbbe)
C            0.40028250576991       -1.71725423257219        0.15132981960472
C            0.43729249897901       -0.28463821305550       -0.33212597091963
H            0.30856144084438       -0.22216805134456       -1.41561637501833
C           -0.53686824356485        0.64699285962538        0.36458085307987
Cl          -2.24928135903625        0.17551761325061       -0.05310964667883
Cl           2.10406008082075        0.42889227964800       -0.00221038370333
H           -0.58503245790419       -2.14426159985906       -0.05727653271775
H            1.15586147456131       -2.31552313195306       -0.36116375285557
H            0.58420434378055       -1.76664540649513        1.22812314089338
H           -0.43905996871937        0.58393130113169        1.45037121910400
H           -0.40721437613335        1.67811501035451        0.03533466784682
