2025-04-15 19:50:36,587 -   censo.qm_processor   -   INFO   - worker2129078:Running sp calculation in /scratch/pawsey0265/mwang1/.automated/7090/0_PRESCREENING/CONF1/sp.
2025-04-15 19:50:36,588 -   censo.qm_processor   -   INFO   - worker2129079:Running sp calculation in /scratch/pawsey0265/mwang1/.automated/7090/0_PRESCREENING/CONF2/sp.
2025-04-15 19:50:36,589 -   censo.qm_processor   -   INFO   - worker2129081:Running sp calculation in /scratch/pawsey0265/mwang1/.automated/7090/0_PRESCREENING/CONF3/sp.
2025-04-15 19:50:51,139 -     censo.parallel     -   INFO   - All jobs executed successfully.
2025-04-15 19:50:51,162 -   censo.qm_processor   -   INFO   - worker2129227:Running sp calculation in /scratch/pawsey0265/mwang1/.automated/7090/1_SCREENING/CONF1/sp.
2025-04-15 19:50:51,163 -   censo.qm_processor   -   INFO   - worker2129228:Running sp calculation in /scratch/pawsey0265/mwang1/.automated/7090/1_SCREENING/CONF3/sp.
2025-04-15 19:50:51,163 -   censo.qm_processor   -   INFO   - worker2129230:Running sp calculation in /scratch/pawsey0265/mwang1/.automated/7090/1_SCREENING/CONF2/sp.
2025-04-15 19:51:17,370 -     censo.parallel     -   INFO   - All jobs executed successfully.
2025-04-15 19:51:17,393 -   censo.qm_processor   -   INFO   - worker2129612:Running xtb_opt calculation in /scratch/pawsey0265/mwang1/.automated/7090/2_OPTIMIZATION/CONF1/xtb_opt.
2025-04-15 19:51:17,393 -   censo.qm_processor   -   INFO   - worker2129613:Running xtb_opt calculation in /scratch/pawsey0265/mwang1/.automated/7090/2_OPTIMIZATION/CONF3/xtb_opt.
2025-04-15 19:51:17,394 -   censo.qm_processor   -   INFO   - worker2129615:Running xtb_opt calculation in /scratch/pawsey0265/mwang1/.automated/7090/2_OPTIMIZATION/CONF2/xtb_opt.
2025-04-15 19:53:45,382 -     censo.parallel     -   INFO   - All jobs executed successfully.
2025-04-15 19:53:45,393 -   censo.qm_processor   -   INFO   - worker2133966:Running xtb_rrho calculation in /scratch/pawsey0265/mwang1/.automated/7090/2_OPTIMIZATION/CONF1/xtb_rrho.
2025-04-15 19:53:45,394 -   censo.qm_processor   -   INFO   - worker2133967:Running xtb_rrho calculation in /scratch/pawsey0265/mwang1/.automated/7090/2_OPTIMIZATION/CONF3/xtb_rrho.
2025-04-15 19:53:45,394 -   censo.qm_processor   -   INFO   - worker2133969:Running xtb_rrho calculation in /scratch/pawsey0265/mwang1/.automated/7090/2_OPTIMIZATION/CONF2/xtb_rrho.
2025-04-15 19:53:49,589 -     censo.parallel     -   INFO   - All jobs executed successfully.
2025-04-15 19:53:49,590 -censo.ensembleopt.optimization-   INFO   - Threshold: 1.50 kcal/mol
2025-04-15 19:53:49,602 -   censo.qm_processor   -   INFO   - worker2134015:Running xtb_rrho calculation in /scratch/pawsey0265/mwang1/.automated/7090/2_OPTIMIZATION/CONF1/xtb_rrho.
2025-04-15 19:53:49,603 -   censo.qm_processor   -   INFO   - worker2134016:Running xtb_rrho calculation in /scratch/pawsey0265/mwang1/.automated/7090/2_OPTIMIZATION/CONF3/xtb_rrho.
2025-04-15 19:53:49,603 -   censo.qm_processor   -   INFO   - worker2134018:Running xtb_rrho calculation in /scratch/pawsey0265/mwang1/.automated/7090/2_OPTIMIZATION/CONF2/xtb_rrho.
2025-04-15 19:53:51,176 -     censo.parallel     -   INFO   - All jobs executed successfully.
