14
 energy: -26.338575841979 gnorm: 0.035781076017 xtb: 6.7.1 (edcfbbe)
C           -2.57015585667788        0.00000173990421        0.00003303580768
C           -1.87704983597647       -1.20849372101732        0.00044822185550
C           -0.48772538464039       -1.21763910906172        0.00038212985095
C            0.18087046542818       -0.00000300631107       -0.00011329474846
C           -0.48774090870341        1.21763273957121       -0.00039499754885
C           -1.87706511885402        1.20850177105880       -0.00039509544623
N            1.66126803362485        0.00001521985857       -0.00051154511479
O            2.22673649432391        1.08604620942896        0.00083385865106
O            2.22668636219466       -1.08607021033879       -0.00025062540542
H           -3.65515826016632       -0.00000164981083        0.00004924640999
H           -2.41935334570836       -2.14781388137484        0.00079203801602
H            0.07844610917016       -2.14029788954140        0.00063633331486
H            0.07843344871019        2.14029971323739       -0.00071533635289
H           -2.41936955412586        2.14782359404921       -0.00074917421016
14
 energy: -26.339847656461 gnorm: 0.014155013619 xtb: 6.7.1 (edcfbbe)
C           -2.55907466507842        0.00000090212231       -0.00006199922404
C           -1.87043323110236       -1.20477168605111        0.00037106592230
C           -0.48658995377031       -1.21355383462679        0.00041500163655
C            0.18485708713352       -0.00000161274719        0.00018874708091
C           -0.48659546860133        1.21354993362115       -0.00036412623808
C           -1.87043841660218        1.20477649718535       -0.00045006276807
N            1.64570843947964        0.00000768396282        0.00100410769916
O            2.20622190123780        1.07674817219635       -0.00004734764177
O            2.20620129650719       -1.07675585178101       -0.00104726785536
H           -3.63963012847640       -0.00000194528165       -0.00012017027420
H           -2.41243437863517       -2.13932940347206        0.00071181072383
H            0.07673516255317       -2.13438618079062        0.00079374454550
H            0.07673289002958        2.13438362504111       -0.00056922976946
H           -2.41243788607547        2.13933522027374       -0.00077947875801
14
 energy: -26.340006663057 gnorm: 0.006943863451 xtb: 6.7.1 (edcfbbe)
C           -2.55563534074748        0.00000064912131        0.00026380257729
C           -1.86819449663155       -1.20408552966934        0.00053687208678
C           -0.48596418900001       -1.21184377363514        0.00020203096782
C            0.19065972341605        0.00000000640588       -0.00078374496161
C           -0.48596545159013        1.21184348236169       -0.00057585236016
C           -1.86819545732685        1.20408819875083       -0.00026188749893
N            1.63863383708101        0.00000286867743       -0.00348858649791
O            2.19823622074589        1.07336777811892        0.00256556588371
O            2.19823286933654       -1.07337246641820        0.00165547294356
H           -3.63482210279695       -0.00000091579085        0.00055098846816
H           -2.41024509764828       -2.13684371921974        0.00091641162882
H            0.07616323641328       -2.13247255942738        0.00018408929141
H            0.07616390017126        2.13247098787702       -0.00119081240675
H           -2.41024500282353        2.13684651249995       -0.00052955504294
14
 energy: -26.339999324457 gnorm: 0.005781809692 xtb: 6.7.1 (edcfbbe)
C           -2.55554286942346        0.00000077820501       -0.00047448287268
C           -1.86796754229655       -1.20416607748214        0.00011180472297
C           -0.48606945202041       -1.21124173779098        0.00066018920806
C            0.19381997044887       -0.00000166912551        0.00146427480604
C           -0.48606633371818        1.21123915180876       -0.00011325164037
C           -1.86796429323618        1.20416650290855       -0.00067509006284
N            1.63673497338763       -0.00000309826164        0.00710628956690
O            2.19740137060795        1.07311435424925       -0.00368588845533
O            2.19740685803623       -1.07310458314206       -0.00451139713142
H           -3.63467015302696        0.00000106897984       -0.00095089574570
H           -2.40993746570887       -2.13671678137606        0.00035775638857
H            0.07580179368390       -2.13214993632593        0.00159290572974
H            0.07580772221039        2.13214541487607        0.00022055934876
H           -2.40993193034510        2.13671813212922       -0.00105797878343
14
 energy: -26.340039760163 gnorm: 0.001886298582 xtb: 6.7.1 (edcfbbe)
C           -2.55639043010565        0.00000072828770       -0.00002493524787
C           -1.86840763370546       -1.20433733235408        0.00037849533165
C           -0.48632888715853       -1.21133313120143        0.00041488622995
C            0.19389643739877       -0.00000059474925        0.00009326895537
C           -0.48632782892988        1.21133244422422       -0.00035418977790
C           -1.86840639168134        1.20433826166693       -0.00040539001219
N            1.63750595264559       -0.00000068459555        0.00036401321838
O            2.19908707344025        1.07382361608150        0.00018254255596
O            2.19909000649757       -1.07382230227630       -0.00060094070005
H           -3.63583187998566        0.00000090245181       -0.00004758185639
H           -2.41026951360998       -2.13727563365604        0.00067753508707
H            0.07573514872397       -2.13244119639019        0.00073066067599
H            0.07573778723524        2.13243938984983       -0.00063300041828
H           -2.41026719216562        2.13727705231324       -0.00073056896243
14
 energy: -26.340041718450 gnorm: 0.000364381945 xtb: 6.7.1 (edcfbbe)
C           -2.55690186087669        0.00000057685175        0.00002392305825
C           -1.86855316402239       -1.20435898856743        0.00040249349561
C           -0.48655283265260       -1.21121251570532        0.00037150170452
C            0.19448532857536       -0.00000012803469       -0.00005954110267
C           -0.48655217360665        1.21121270662871       -0.00038547727258
C           -1.86855245861957        1.20435969108831       -0.00036818834214
N            1.63716005696061       -0.00000053495203       -0.00033756464717
O            2.19994331932236        1.07405123369367        0.00053214077936
O            2.19994386769217       -1.07405229070216       -0.00014301503620
H           -3.63649056646183        0.00000098742306        0.00003125531459
H           -2.41019205963882       -2.13757828703614        0.00071031825107
H            0.07563739351412       -2.13249541164477        0.00064465600320
H            0.07563869439846        2.13249517665925       -0.00070027514941
H           -2.41019089598528        2.13757930395016       -0.00067743197719
14
 energy: -26.340041894956 gnorm: 0.000093520710 xtb: 6.7.1 (edcfbbe)
C           -2.55686124570250        0.00000054725924       -0.00001234680464
C           -1.86850948842732       -1.20431148019155        0.00038193339364
C           -0.48652947580481       -1.21123423882218        0.00039431561250
C            0.19434254829366       -0.00000009607658        0.00003377678979
C           -0.48652885170135        1.21123441093453       -0.00035649162965
C           -1.86850885456070        1.20431221465607       -0.00038290934253
N            1.63693826398916       -0.00000054822998        0.00007105195722
O            2.19985833639466        1.07389822722797        0.00025387903213
O            2.19985774843250       -1.07389925507773       -0.00035023412891
H           -3.63640541097587        0.00000087003834       -0.00002422709218
H           -2.41010344220266       -2.13754947495834        0.00068096097312
H            0.07568688551820       -2.13247209229796        0.00068928968937
H            0.07568800511395        2.13247195594513       -0.00064137917985
H           -2.41010236976765        2.13755047924542       -0.00069282419077
14
 energy: -26.340041905019 gnorm: 0.000024018604 xtb: 6.7.1 (edcfbbe)
C           -2.55684726259001        0.00000056818059        0.00000420240199
C           -1.86850988699205       -1.20430814590388        0.00038144699390
C           -0.48651466626366       -1.21126546005446        0.00037155183822
C            0.19426987810344       -0.00000008531326       -0.00000203514522
C           -0.48651409149779        1.21126561680018       -0.00037132079201
C           -1.86850931318447        1.20430895431378       -0.00037433035855
N            1.63689671376451       -0.00000046449281       -0.00000143278916
O            2.19985580508959        1.07386058009938        0.00027571527663
O            2.19985527152011       -1.07386181838811       -0.00025269671240
H           -3.63637996683605        0.00000083549558       -0.00000392084893
H           -2.41010422602882       -2.13754738391443        0.00068287375336
H            0.07571329141362       -2.13247549356733        0.00066429372323
H            0.07571432374933        2.13247537240208       -0.00065319494165
H           -2.41010322164849        2.13754844399506       -0.00067635732016
