29
 energy: -34.678863511419 gnorm: 0.026913934334 xtb: 6.7.1 (edcfbbe)
C           -3.07093138206568       -0.07012384999197       -0.31577203664144
C           -2.01609574219006        0.24803078477554        0.74643502924078
H           -2.53463029769834        0.40589335156390        1.70100557883225
C           -1.21610830002519        1.51796702826680        0.41909571599742
C           -0.30489607809973        1.33484293014397       -0.79712851147386
C            0.66767211458504        0.14477606137607       -0.63773688289683
H            1.14856938324185       -0.06755600661820       -1.60106415239640
C           -0.14864731676412       -1.09017768860530       -0.28355686391693
O           -0.11039617124795       -2.10784572573450       -0.94779725101314
C           -1.04877326981798       -0.94497466901747        0.92711279214505
C            1.79379649775689        0.38590006081408        0.40093846820911
C            2.61031504062683       -0.89218446825970        0.61300765085826
C            2.71349483643764        1.52687121201366       -0.04002031804722
H           -3.68237449906083       -0.92440375686904       -0.00903166625718
H           -3.73619417529928        0.78518232914617       -0.47267291711796
H           -2.61694332418023       -0.32913810252956       -1.27774658588907
H           -1.90737708452320        2.34950388045460        0.23718639262515
H           -0.61594374561190        1.80033646312343        1.29337849837359
H           -0.91608591189647        1.16323966092375       -1.69083446296246
H            0.25773487421446        2.25335267819243       -0.99138881105582
H           -1.59111290916919       -1.88282080523328        1.07588806553201
H           -0.42019896399607       -0.76404560549077        1.80962639657007
H            1.33804047376145        0.66665033669528        1.35984139375084
H            3.04315261736861       -1.23144683451605       -0.33492350912510
H            2.00056901771495       -1.71257975312083        1.00422797854771
H            3.42954769344381       -0.71492429311895        1.31676910847315
H            3.15137743731784        1.30884235697438       -1.02105139093570
H            3.53518591320020        1.64989465815991        0.67272043547403
H            2.19152292757127        2.48503691438651       -0.10649722560832
29
 energy: -34.679903671514 gnorm: 0.006703201269 xtb: 6.7.1 (edcfbbe)
C           -3.06347666291423       -0.07197468924303       -0.31554492721774
C           -2.01284483291071        0.24595197631996        0.74516843494259
H           -2.53403366743276        0.40664840384982        1.69678004569195
C           -1.21293069457555        1.50989363938311        0.41674545740467
C           -0.30539322214991        1.32586383779559       -0.79547058237178
C            0.66771652578093        0.14560937202154       -0.63393880797251
H            1.15014036582941       -0.05222550941439       -1.59848567384419
C           -0.14964343807907       -1.08462422472215       -0.28401138195889
O           -0.10835014011062       -2.09652941214582       -0.94169522050115
C           -1.04509009834556       -0.93687012375042        0.92320724707250
C            1.78728845047398        0.39035135135002        0.40414259875395
C            2.60411662616702       -0.88526018067719        0.60514197995363
C            2.71533965487040        1.51909253136490       -0.03977281621433
H           -3.67192062679487       -0.91953708418988       -0.00234453748109
H           -3.72298134003936        0.78178288922772       -0.46958562131415
H           -2.60205901501485       -0.33025063038258       -1.26751650551289
H           -1.90462275315823        2.33517720438096        0.22584417995835
H           -0.61218525554435        1.78970514344063        1.28686983308112
H           -0.91832737499840        1.14755616744437       -1.68297786206265
H            0.25557168124358        2.24424181314694       -0.97937211155386
H           -1.59769263566267       -1.86621842360563        1.07230244923404
H           -0.41981326542897       -0.75892984862354        1.80256582392205
H            1.33553213254247        0.66992253595250        1.36224298536007
H            3.03493824351533       -1.21837292512647       -0.33910440738574
H            1.98791160261831       -1.69507166238673        0.99387420604534
H            3.41748090090393       -0.70867550019086        1.30842653067256
H            3.14743087777424        1.30088118506837       -1.01664763157027
H            3.53087643594335        1.63535556872409        0.67336117744802
H            2.19129118109173        2.47060574289303       -0.10019394328763
29
 energy: -34.679982121794 gnorm: 0.001607093746 xtb: 6.7.1 (edcfbbe)
C           -3.05704558201935       -0.07425512735685       -0.31529162992575
C           -2.00817194727829        0.24676694522512        0.74614135815747
H           -2.53083301660526        0.40788213769056        1.69675741148819
C           -1.21299431529288        1.51186328818755        0.41649892466243
C           -0.30686742944025        1.32480220926842       -0.79524525126814
C            0.66638906285247        0.14723083844439       -0.63208381521757
H            1.15113137392494       -0.04545084915496       -1.59625312400725
C           -0.14821373624470       -1.08461031136511       -0.28455405493388
O           -0.10751300828590       -2.09461982572992       -0.94237655812942
C           -1.04181799670315       -0.93409776591345        0.92232955772124
C            1.78481466134467        0.39119618604597        0.40414895462253
C            2.59784017399814       -0.88681313906979        0.60441980810465
C            2.71371860843648        1.51910909938357       -0.03940182438930
H           -3.66479445368434       -0.91904619341486        0.00076044950694
H           -3.71421184721489        0.77872489321413       -0.47131375784842
H           -2.59218395254313       -0.33476014409438       -1.26251006128100
H           -1.90509921602140        2.33450153200438        0.22214667551518
H           -0.61177506422715        1.79136969823129        1.28437471902748
H           -0.92027857448423        1.14202961133076       -1.67983526084772
H            0.25211040403459        2.24310843946234       -0.97894652525732
H           -1.59720973523383       -1.86155096245804        1.07152705246312
H           -0.41638616026087       -0.75839627434988        1.79975813713704
H            1.33532253870137        0.67145139514647        1.36160375313059
H            3.02721364319662       -1.21315764090648       -0.34012249797901
H            1.97911627647309       -1.69464368687570        0.98870783118896
H            3.40944620944198       -0.71235331500795        1.30788410529456
H            3.14260729369651        1.29761574472152       -1.01423400686915
H            3.52788389582491        1.62970245763045        0.67349350571145
H            2.19207154920847        2.47049990761528       -0.09837295648590
29
 energy: -34.679997527184 gnorm: 0.000987703925 xtb: 6.7.1 (edcfbbe)
C           -3.05300720313253       -0.07702163442735       -0.31481836036095
C           -2.00518145981295        0.24735889869400        0.74799280103458
H           -2.52827008685346        0.40789778468453        1.69855557507872
C           -1.21285361688432        1.51381363839744        0.41659243908079
C           -0.30816691072400        1.32657745740280       -0.79693766850627
C            0.66546986294081        0.14986298077625       -0.63299538510454
H            1.15226961459379       -0.04104232810988       -1.59667881933526
C           -0.14911704583236       -1.08273686107394       -0.28711002537824
O           -0.10789176866860       -2.09316620324820       -0.94451475344152
C           -1.03824993184557       -0.93227067970720        0.92347910147020
C            1.78118775587901        0.39214187722552        0.40551850502075
C            2.59263770902483       -0.88805037968973        0.60403358517849
C            2.71359808003001        1.51800089682221       -0.03808280822564
H           -3.66142308355470       -0.92001530951095        0.00384237146175
H           -3.70854546733125        0.77591873546944       -0.47625683426675
H           -2.58492502036788       -0.34233263046288       -1.25873172154863
H           -1.90656942650538        2.33438155495367        0.22158797735881
H           -0.61093567298319        1.79554542118260        1.28279994357899
H           -0.92282750236272        1.14106770694676       -1.67959377637374
H            0.24983659405402        2.24468890401091       -0.98327989436931
H           -1.59367960663762       -1.85972149625398        1.07438312925735
H           -0.40965273550734       -0.75751842092580        1.79852222187345
H            1.33248442499123        0.67345435538646        1.36291775297022
H            3.02282592465993       -1.21118257995453       -0.34093340587909
H            1.97070055084027       -1.69517244154244        0.98356224707811
H            3.40238168280551       -0.71762125419381        1.31030985685858
H            3.14044702735183        1.29574664491347       -1.01328736379266
H            3.52800230644453        1.62530558424480        0.67468681043099
H            2.19372466098271        2.47018892589464       -0.09555258185718
29
 energy: -34.680005196072 gnorm: 0.000859187334 xtb: 6.7.1 (edcfbbe)
C           -3.04989389507812       -0.07973996307490       -0.31399912430118
C           -2.00294935377269        0.24789277002820        0.74938084581926
H           -2.52643225794154        0.40827233838716        1.69975676118632
C           -1.21293043999397        1.51568364132575        0.41670416531451
C           -0.30960152950008        1.32851226115786       -0.79830971427284
C            0.66477658097757        0.15198712490135       -0.63492494611648
H            1.15231376561327       -0.03822052345125       -1.59840880903027
C           -0.14803086733595       -1.08175401596114       -0.28809837533862
O           -0.10988627412606       -2.09099219879316       -0.94772979422883
C           -1.03526301950093       -0.93135058367415        0.92439176621273
C            1.77954872046107        0.39248326344600        0.40482565422269
C            2.58821340756155       -0.88971646255027        0.60442173475736
C            2.71404797650249        1.51775704609048       -0.03687169679891
H           -3.66066435177743       -0.92010002949046        0.00792280730379
H           -3.70338140919669        0.77371645485777       -0.48211182353747
H           -2.57982496514876       -0.35161528866946       -1.25544438904554
H           -1.90856170414469        2.33490416021130        0.22227865952826
H           -0.61016734801313        1.79962830401436        1.28180990590743
H           -0.92599862725383        1.14227395940184       -1.67976654627804
H            0.24769526641744        2.24683330085489       -0.98684529477987
H           -1.59003174895880       -1.85904215609098        1.07730589273520
H           -0.40409841875089       -0.75651921727411        1.79778546403787
H            1.33022101529278        0.67440122557937        1.36177966202805
H            3.02164561990020       -1.21125993054800       -0.33990854039206
H            1.96332819632262       -1.69713086529363        0.97922820942358
H            3.39536993154438       -0.72265089013759        1.31467559907116
H            3.14009880666576        1.29620808220696       -1.01287724307435
H            3.52915883438289        1.62253648306681        0.67579581146045
H            2.19556774444614        2.47110085738377       -0.09275572252218
29
 energy: -34.680009322617 gnorm: 0.000562613193 xtb: 6.7.1 (edcfbbe)
C           -3.04809665095679       -0.08214722695334       -0.31305244333247
C           -2.00167726500125        0.24772413147727        0.74993823747872
H           -2.52494114216235        0.40819096309218        1.70033461547899
C           -1.21304139363123        1.51617159442994        0.41632098611259
C           -0.31021335480552        1.32974657668487       -0.79903788463401
C            0.66435531109374        0.15319978992928       -0.63647590018081
H            1.15177739113710       -0.03660968514207       -1.59999585747932
C           -0.14966300421435       -1.07993752270545       -0.29063085598297
O           -0.11365770614492       -2.08839899739411       -0.95148986907719
C           -1.03276603931738       -0.93061656189741        0.92510333390255
C            1.77889793318304        0.39281622262713        0.40399206505117
C            2.58540725592074       -0.89035722856382        0.60481167676669
C            2.71478895878762        1.51732389538530       -0.03605516485837
H           -3.66195769355231       -0.91903042035228        0.01242699092751
H           -3.69900716650207        0.77215234956264       -0.48710165327523
H           -2.57758805254378       -0.36072390558377       -1.25251428734068
H           -1.90985154300128        2.33477214298451        0.22253734243937
H           -0.61013805218044        1.80121231479071        1.28115592159407
H           -0.92720330714114        1.14391807665740       -1.68036046027637
H            0.24715732535765        2.24817710747446       -0.98769403768091
H           -1.58619296079970       -1.85864903727517        1.08014467380605
H           -0.39985836496424       -0.75401791552788        1.79706434590254
H            1.32852968407651        0.67514034582901        1.36038083985623
H            3.02287736442021       -1.21138619112165       -0.33801939064522
H            1.95823085882032       -1.69803227518532        0.97568266320482
H            3.38964376537824       -0.72545212257489        1.31893836911996
H            3.14080815505664        1.29726496728815       -1.01258969597401
H            3.53028770580485        1.62018015939484        0.67657955851444
H            2.19736164347671        2.47146760057424       -0.09038320012610
29
 energy: -34.680011758557 gnorm: 0.000353722536 xtb: 6.7.1 (edcfbbe)
C           -3.04718882617614       -0.08418693034066       -0.31240610419962
C           -2.00115409327436        0.24735918072677        0.75001117572328
H           -2.52427262120851        0.40801740997661        1.70043357739921
C           -1.21315589547573        1.51603249505715        0.41605174598698
C           -0.31029533089098        1.33059867710359       -0.79910067650202
C            0.66421349889843        0.15390855011849       -0.63737482267506
H            1.15106618781377       -0.03530979467341       -1.60125142949727
C           -0.14980921851579       -1.07904530566883       -0.29159794460022
O           -0.11819464513835       -2.08560984002008       -0.95547751362022
C           -1.03083966870160       -0.92983988542630        0.92541816775280
C            1.77854200304590        0.39306837313653        0.40357431588153
C            2.58394740964522       -0.89034240979531        0.60506975196008
C            2.71529734085170        1.51658533460468       -0.03598782482188
H           -3.66433878938981       -0.91720016989692        0.01661030043602
H           -3.69507115680809        0.77124059744991       -0.49160368934763
H           -2.57669391390589       -0.36916709212866       -1.24986169780076
H           -1.91047559626618        2.33423169313889        0.22229188399200
H           -0.61066605529295        1.80141626906057        1.28104970842771
H           -0.92699556532412        1.14543477581491       -1.68078832008360
H            0.24719625049359        2.24918984736393       -0.98664828500587
H           -1.58341394009424       -1.85797612836021        1.08194006007724
H           -0.39748288062636       -0.75134754268086        1.79647447713701
H            1.32763360530088        0.67588905731538        1.35959237921106
H            3.02518464241988       -1.21043478777653       -0.33627347438178
H            1.95494504115050       -1.69817483219470        0.97225931075471
H            3.38530530762741       -0.72684805232528        1.32267680642638
H            3.14114595524182        1.29761958592172       -1.01279226408821
H            3.53095186597037        1.61770868816043        0.67663035029886
H            2.19888874422423        2.47128138424295       -0.08890904554866
29
 energy: -34.680012659740 gnorm: 0.000229034511 xtb: 6.7.1 (edcfbbe)
C           -3.04771289793591       -0.08460918298070       -0.31249491513515
C           -2.00154989951280        0.24697135535809        0.74972611133112
H           -2.52456326258125        0.40761676434700        1.70023304607498
C           -1.21359398526984        1.51578653227914        0.41603156429611
C           -0.31009404249948        1.33050598598981       -0.79867390098765
C            0.66448410317686        0.15371667636811       -0.63706778763938
H            1.15131060745185       -0.03553116772833       -1.60096049758510
C           -0.15058197866184       -1.07869194070773       -0.29189592126684
O           -0.12095796279935       -2.08433485515698       -0.95730815986459
C           -1.03080917450230       -0.93000095677047        0.92562121135954
C            1.77911416154103        0.39309599725739        0.40346254302275
C            2.58453055609942       -0.89022089398706        0.60543338784665
C            2.71569827126822        1.51666735753918       -0.03630031007107
H           -3.66638165162260       -0.91597397143640        0.01768918652802
H           -3.69409670051922        0.77161590160896       -0.49315034919820
H           -2.57743200702863       -0.37177277872270       -1.24929135827273
H           -1.91068216991708        2.33408160313920        0.22198010058965
H           -0.61146185761877        1.80088874264561        1.28134261673903
H           -0.92620940343629        1.14594540688327       -1.68086855377405
H            0.24767684325944        2.24908730576921       -0.98513070286445
H           -1.58292951892576       -1.85836560499584        1.08252868783406
H           -0.39760078698172       -0.75043736623361        1.79644486041260
H            1.32831198742748        0.67614429003993        1.35942295517402
H            3.02710177208356       -1.20917869651668       -0.33559341656467
H            1.95546606249369       -1.69859183734455        0.97122293161086
H            3.38495395458548       -0.72673173366303        1.32407136358537
H            3.14097039065094        1.29728630860284       -1.01320263531341
H            3.53170036951381        1.61761310908705        0.67596135761743
H            2.19960787585566        2.47151679723405       -0.08922249619285
29
 energy: -34.680012415166 gnorm: 0.000474595472 xtb: 6.7.1 (edcfbbe)
C           -3.04826583464553       -0.08505281419974       -0.31260083920840
C           -2.00198406969495        0.24655749467042        0.74944102206472
H           -2.52490282228211        0.40718531704662        1.70002931533977
C           -1.21405321748184        1.51550919799992        0.41602559730801
C           -0.30987152058954        1.33040848569923       -0.79821376675186
C            0.66477668138360        0.15351238676796       -0.63671667852012
H            1.15156957747463       -0.03577208647750       -1.60062884003441
C           -0.15139761419970       -1.07832237549198       -0.29220085852057
O           -0.12393122004414       -2.08295948882873       -0.95928495799950
C           -1.03078302103098       -0.93016969496092        0.92584242959364
C            1.77970753539680        0.39313375141106        0.40337998682496
C            2.58516804978857       -0.89007625110957        0.60581434102924
C            2.71612345093269        1.51673995012686       -0.03665053650296
H           -3.66857399358570       -0.91465081706271        0.01881731785268
H           -3.69303477878482        0.77203359630678       -0.49483226730176
H           -2.57819474687256       -0.37455806563473       -1.24868575875606
H           -1.91090300372013        2.33389719526525        0.22165707950300
H           -0.61230445825895        1.80032571699592        1.28166865777313
H           -0.92537086202933        1.14646787229200       -1.68093883550497
H            0.24818410571235        2.24898451901217       -0.98353273501076
H           -1.58243086295329       -1.85877251705974        1.08314926457129
H           -0.39773286441302       -0.74947877142198        1.79642555913615
H            1.32903693229659        0.67642821813439        1.35928892231967
H            3.02918134186112       -1.20780842602512       -0.33487559770315
H            1.95603159589807       -1.69903046509583        0.97008540505741
H            3.38458178316665       -0.72660284439215        1.32557106082576
H            3.14076876856861        1.29691253582576       -1.01366572703736
H            3.53250934206197        1.61750716171852        0.67521310228986
H            2.20036538163953        2.47175036639258       -0.08957074334536
29
 energy: -34.680012955311 gnorm: 0.000092335781 xtb: 6.7.1 (edcfbbe)
C           -3.04816978500082       -0.08455475352187       -0.31276656785700
C           -2.00208420234569        0.24675849557923        0.74973619592215
H           -2.52525343348716        0.40733253053494        1.70019628808553
C           -1.21380631888654        1.51543605689524        0.41621596247215
C           -0.30982242533419        1.33033494539400       -0.79829201112097
C            0.66474970902169        0.15347103314478       -0.63641741813364
H            1.15153059130840       -0.03596390597835       -1.60031085934239
C           -0.15104635721363       -1.07864763345633       -0.29185386647911
O           -0.12264738141285       -2.08361526758305       -0.95837373771426
C           -1.03116732722055       -0.93017109359177        0.92573505625797
C            1.77939337643534        0.39318796471598        0.40389750089767
C            2.58538715792213       -0.88993570498676        0.60554697915295
C            2.71591783873402        1.51663631994158       -0.03676063446852
H           -3.66770614266643       -0.91516011847431        0.01765388982647
H           -3.69371428271619        0.77220050112693       -0.49397766213008
H           -2.57787034068367       -0.37255086708014       -1.24929707190692
H           -1.91076387293668        2.33373833923414        0.22187166708263
H           -0.61193603007886        1.80047529888330        1.28173034881342
H           -0.92566582748799        1.14581937252276       -1.68067671836348
H            0.24799122692698        2.24896804381780       -0.98436673367544
H           -1.58320613843077       -1.85860686167989        1.08256772572325
H           -0.39817006659398       -0.75032278559121        1.79664375562270
H            1.32895671766727        0.67634742023592        1.36001882203670
H            3.02865814178836       -1.20810147704197       -0.33543022790781
H            1.95654229158537       -1.69879707966071        0.97058916181911
H            3.38535334366928       -0.72638826647439        1.32469483182358
H            3.14072480529335        1.29681688455930       -1.01379153010589
H            3.53224888596244        1.61791109123277        0.67507076954708
H            2.19984550177598        2.47148066520682       -0.08984299658581
29
 energy: -34.680013000699 gnorm: 0.000036950129 xtb: 6.7.1 (edcfbbe)
C           -3.04801947736638       -0.08438436126259       -0.31288971126713
C           -2.00200052781571        0.24679346948327        0.74976344952988
H           -2.52530597517108        0.40733472537822        1.70012889016212
C           -1.21375703616283        1.51549351008122        0.41637580918394
C           -0.30991556430990        1.33019365163416       -0.79821846442743
C            0.66475045405877        0.15344627191278       -0.63628137901949
H            1.15155479952240       -0.03598881119151       -1.60017024509833
C           -0.15102519623623       -1.07870890603716       -0.29171249305036
O           -0.12261955276571       -2.08362138497469       -0.95828189177644
C           -1.03127531335369       -0.93022240810730        0.92581128755653
C            1.77937066887664        0.39316754340108        0.40396773279489
C            2.58549119621882       -0.88989680770536        0.60553874699268
C            2.71579463685931        1.51665156831308       -0.03683754701342
H           -3.66751851212405       -0.91512090077159        0.01727230001614
H           -3.69358048956592        0.77236939616968       -0.49404795050406
H           -2.57753219496752       -0.37217558241497       -1.24939211230436
H           -1.91071175254251        2.33379690553904        0.22203111290425
H           -0.61182275829816        1.80054841835008        1.28183167840677
H           -0.92586483350100        1.14542125834050       -1.68045934659139
H            0.24776353049578        2.24883190312700       -0.98459316546766
H           -1.58348047284932       -1.85858279044212        1.08251884814433
H           -0.39824863477585       -0.75062947654431        1.79676895945791
H            1.32912783728217        0.67632082290452        1.36016179760350
H            3.02880209328531       -1.20787596334481       -0.33547478166383
H            1.95661412217152       -1.69882902149803        0.97039937136367
H            3.38540260464379       -0.72641959081267        1.32476518356872
H            3.14046162155213        1.29674220702963       -1.01389595020840
H            3.53220225151734        1.61800938216349        0.67487907434716
H            2.19961213091647        2.47143411918412       -0.08994828434815
