25
 energy: -65.114912820649 gnorm: 0.092132692550 xtb: 6.7.1 (edcfbbe)
C            1.71808038717533        1.48356074530991        0.43477430869947
C            0.45198752670002        0.78643448336093        0.91194504146186
H            0.24739457831809        1.14093508989576        1.92541976834155
C            0.45150858464033       -0.78591391206754        0.91259462296290
H            0.24673340235679       -1.13946242329418        1.92636646276578
C            1.71714604259594       -1.48424356757908        0.43595168364882
O            2.77739136152439       -1.29324778393811        1.39320566724794
S            3.81451936702339       -0.00075900896739        1.03279232702663
O            4.76666669329513       -0.00062873852194        2.14079979017824
O            2.77815510173106        1.29260813204032        1.39222931558444
C           -0.78461769283966       -1.12512734497844        0.02151243748030
C           -0.46368585053861       -0.67018172257589       -1.39678842813912
C           -0.46326230863342        0.66931335783040       -1.39735301151335
C           -0.78391366225328        1.12566148801216        0.02056135849084
C           -1.78755799889747        0.00074901663621        0.42505290397276
Cl          -3.29494088983673        0.00081247846768       -0.52807416281789
Cl          -2.21758880529500        0.00160015679861        2.15763803497765
Cl          -1.37742516084060        2.78478761931545        0.18358248472654
Cl          -0.06592328895917        1.72005815808231       -2.68071155811183
Cl          -0.06701647677392       -1.72226138064957       -2.67925981074570
Cl          -1.37915630932602       -2.78374624304785        0.18594436806464
H            1.54689350283777        2.56326603146965        0.38489466835752
H            2.03108986109269        1.15042970463598       -0.56490598709834
H            1.54522871313541       -2.56387333146386        0.38695159826673
H            2.03035801501594       -1.15214663995128       -0.56400990025331
25
 energy: -65.119989337618 gnorm: 0.049937316597 xtb: 6.7.1 (edcfbbe)
C            1.71716488522478        1.48119076911450        0.43765450216908
C            0.44694982284231        0.78217830421053        0.91177287938044
H            0.24776508316658        1.13777533937637        1.92554958049328
C            0.44647222607596       -0.78166560940383        0.91241872543722
H            0.24709869045335       -1.13630679144567        1.92649315219547
C            1.71623132172020       -1.48187647690275        0.43883558377347
O            2.76793194866170       -1.29281756191064        1.37388375667172
S            3.79946840064190       -0.00075494381286        1.04136752344122
O            4.74893513244754       -0.00062876636642        2.12374945192454
O            2.76871346763446        1.29218243695344        1.37288709912937
C           -0.78144293668008       -1.12002410075744        0.02071551998225
C           -0.45481687104741       -0.67029339680719       -1.39042706336248
C           -0.45439493007849        0.66942526931126       -1.39098982741535
C           -0.78074251813282        1.12055080283195        0.01977158208787
C           -1.77047766241089        0.00074298961309        0.42855252451141
Cl          -3.26346227056516        0.00080726136700       -0.52685566512977
Cl          -2.20780829432330        0.00159843938528        2.14660730200107
Cl          -1.36863300401838        2.77293822029035        0.17363345577736
Cl          -0.07507923267750        1.72634876300719       -2.66670557938399
Cl          -0.07616987408027       -1.72852872915781       -2.66525378560951
Cl          -1.37036079668643       -2.77191417384913        0.17597947391740
H            1.53772762590398        2.55948126293674        0.38905950226908
H            2.03082333434316        1.13716568205198       -0.55479788175430
H            1.53607830268980       -2.56008728715757        0.39111553784528
H            2.03009284214343       -1.13886333805816       -0.55390336677708
25
 energy: -65.121647937310 gnorm: 0.006784298976 xtb: 6.7.1 (edcfbbe)
C            1.72363264629612        1.47581985860966        0.44068168652547
C            0.44520936613420        0.77819143732661        0.91310050463502
H            0.25133265410924        1.13788262529028        1.92689539177915
C            0.44472526365766       -0.77769018843907        0.91373948433719
H            0.25064652884630       -1.13642427950952        1.92783436815110
C            1.72270023048936       -1.47650852344165        0.44186613474966
O            2.76372353332006       -1.28573788118377        1.35610603160931
S            3.79689257327519       -0.00075532850285        1.05034568103981
O            4.72962911986410       -0.00062541658705        2.11524641027489
O            2.76452317123263        1.28510993703087        1.35508797368654
C           -0.77970934692815       -1.11455720308263        0.02346812472985
C           -0.44901113451233       -0.67080571734473       -1.38510080611245
C           -0.44859077184711        0.66993375955818       -1.38566790414843
C           -0.77900709745112        1.11507835893494        0.02253593080822
C           -1.76758056723383        0.00073784604066        0.42447411004051
Cl          -3.25008243439664        0.00080410454009       -0.53299086242656
Cl          -2.20632674925122        0.00159162510628        2.12883507557619
Cl          -1.35923073434188        2.76086271248849        0.17147071923046
Cl          -0.08067077737602        1.73423917630547       -2.64905268900495
Cl          -0.08176551652802       -1.73638896088518       -2.64758191110062
Cl          -1.36096236251943       -2.75984987336073        0.17379626500044
H            1.53081757186079        2.55212135078238        0.39090624314046
H            2.02435127522382        1.12892619856988       -0.55437075119464
H            1.52919175366024       -2.55272497997832        0.39295744037330
H            2.02362649766443       -1.13060627344805       -0.55346866812491
25
 energy: -65.121712982666 gnorm: 0.003267778014 xtb: 6.7.1 (edcfbbe)
C            1.72306125767967        1.47592991174219        0.44120906115005
C            0.44426754226136        0.77840886282151        0.91672788726354
H            0.25039234433814        1.14028331822953        1.92994092033923
C            0.44378246634341       -0.77790833526474        0.91736905196246
H            0.24969872737983       -1.13882702279569        1.93088291237255
C            1.72213072003287       -1.47662171567733        0.44240321413672
O            2.76523228434452       -1.28399866190583        1.35401939624306
S            3.80017067176765       -0.00075936087670        1.04719294661636
O            4.73005083458297       -0.00062175441574        2.11471697966377
O            2.76603710980149        1.28337463918361        1.35298563797601
C           -0.77869338230498       -1.11634478069763        0.02414289590594
C           -0.44584309659619       -0.67093079744230       -1.38536397792464
C           -0.44542010462027        0.67006006142830       -1.38592807778308
C           -0.77798969409543        1.11686727234607        0.02321104769888
C           -1.76743314360637        0.00073942956462        0.42607655240659
Cl          -3.24615644669561        0.00080278552254       -0.53865026022010
Cl          -2.21041194169182        0.00158949225040        2.12932159515185
Cl          -1.35825259796069        2.76260780343481        0.17210753150397
Cl          -0.07872524717166        1.73568642193618       -2.64753222154478
Cl          -0.07982537872555       -1.73782905439362       -2.64606592852685
Cl          -1.35998828875889       -2.76159383414747        0.17442539554384
H            1.52985996147279        2.55246536412236        0.38985445852552
H            2.01729706143777        1.12986780099055       -0.55738146365348
H            1.52824265550354       -2.55307455492424        0.39191488548585
H            2.01658037852987       -1.13154892621114       -0.55646645671824
25
 energy: -65.121732840586 gnorm: 0.001045686172 xtb: 6.7.1 (edcfbbe)
C            1.72331189078786        1.47583834730656        0.44218169059051
C            0.44388987474573        0.77835660052312        0.91978886110009
H            0.24984472101829        1.14135157500660        1.93254410469801
C            0.44340200954756       -0.77785708255253        0.92043382066116
H            0.24913976886508       -1.13989594902837        1.93348944597606
C            1.72238270339202       -1.47653441941344        0.44339232423373
O            2.76833662442252       -1.28265729791895        1.35065727433612
S            3.80457715798255       -0.00076543412454        1.04313264288218
O            4.73162861947197       -0.00061677146950        2.11340650962567
O            2.76915071592319        1.28203761393633        1.34959762194093
C           -0.77826294017914       -1.11698331111284        0.02574553038559
C           -0.44338840322164       -0.67092196107629       -1.38468416646475
C           -0.44296409243658        0.67006047655572       -1.38523919503369
C           -0.77755783119450        1.11750841076122        0.02481525082765
C           -1.77012201616766        0.00074181356708        0.42498584924893
Cl          -3.24645765934355        0.00080173519012       -0.54535227389027
Cl          -2.21731479149557        0.00158470653019        2.12621924519325
Cl          -1.35749128546263        2.76296546647069        0.17287510446994
Cl          -0.07720152965974        1.73750795601378       -2.64437370402251
Cl          -0.07830036585936       -1.73964449299071       -2.64292903465156
Cl          -1.35923119501411       -2.76195236654134        0.17517583544221
H            1.52990402035925        2.55261148651467        0.39046643628541
H            2.01160054089138        1.13068289206844       -0.55934711192032
H            1.52829473937082       -2.55322661466669        0.39254491613385
H            2.01089341650470       -1.13236901472910       -0.55841299447316
25
 energy: -65.121735134037 gnorm: 0.000479996890 xtb: 6.7.1 (edcfbbe)
C            1.72284023297439        1.47609037183535        0.44248261291716
C            0.44357672962241        0.77827035596726        0.92068644818137
H            0.24913667394147        1.14109681924347        1.93335422489412
C            0.44308541944250       -0.77777326413851        0.92132538678444
H            0.24842146586362       -1.13964087473972        1.93429301755601
C            1.72191120381778       -1.47678871950904        0.44370088071491
O            2.76918356573933       -1.28270627383454        1.34864544903051
S            3.80547771321112       -0.00076885288093        1.04139823564275
O            4.73172268288709       -0.00061369008476        2.11270020769883
O            2.77000574269442        1.28209057558772        1.34756908470276
C           -0.77785610393367       -1.11700871127743        0.02594216986829
C           -0.44261713241301       -0.67085046324093       -1.38462170245523
C           -0.44219783199107        0.66999089361815       -1.38517828013559
C           -0.77715148015914        1.11752925922480        0.02501965730821
C           -1.76974910287429        0.00073731643669        0.42505185129620
Cl          -3.24506126057859        0.00080405149919       -0.54723309796454
Cl          -2.21796649929692        0.00158730516566        2.12525003481891
Cl          -1.35710787292076        2.76266824972968        0.17266725459497
Cl          -0.07685355911540        1.73826214744938       -2.64335745702098
Cl          -0.07794104311105       -1.74038315213311       -2.64190847208768
Cl          -1.35884829637852       -2.76165839222814        0.17495857865199
H            1.52943778134558        2.55293215260610        0.39222213096630
H            2.00974256900070        1.13162831503597       -0.55955544264142
H            1.52783136297597       -2.55354884141400        0.39431457181223
H            2.00904173250447       -1.13332221309813       -0.55861336155950
25
 energy: -65.121735523231 gnorm: 0.000221053443 xtb: 6.7.1 (edcfbbe)
C            1.72275940532839        1.47646120125930        0.44242563561082
C            0.44381080470844        0.77829250032203        0.92048042526092
H            0.24924550928043        1.14094439108504        1.93316852714756
C            0.44331972916485       -0.77779705481262        0.92112745319558
H            0.24852430473324       -1.13948924628161        1.93411469204492
C            1.72183036303771       -1.47716515458629        0.44365741631793
O            2.76965089968476       -1.28302589309534        1.34808765837206
S            3.80571280674843       -0.00077092884352        1.04111196180389
O            4.73198544257295       -0.00060959226001        2.11266023571240
O            2.77047665811542        1.28241158244024        1.34699550670938
C           -0.77787614899897       -1.11682340381647        0.02609576928187
C           -0.44238420340269       -0.67082908919046       -1.38434059156733
C           -0.44196247169932        0.66998189195691       -1.38489208157043
C           -0.77717366275932        1.11735227859918        0.02517246501870
C           -1.76974903529275        0.00074142860154        0.42495534285190
Cl          -3.24523623025245        0.00080048224374       -0.54736597056214
Cl          -2.21877510941835        0.00157641819457        2.12463894003102
Cl          -1.35707161852346        2.76248344264765        0.17255766961997
Cl          -0.07674938681696        1.73840890109661       -2.64302541000419
Cl          -0.07783722388729       -1.74052549364113       -2.64159091432259
Cl          -1.35880633137056       -2.76146901389420        0.17483560198831
H            1.52901503831940        2.55326499524893        0.39335270893975
H            2.00932108116175        1.13264113371132       -0.55976344836699
H            1.52741015729220       -2.55388674582211        0.39546218550468
H            2.00862391552259       -1.13434466634307       -0.55880779544295
25
 energy: -65.121735598112 gnorm: 0.000085496522 xtb: 6.7.1 (edcfbbe)
C            1.72268440667154        1.47652278019504        0.44243829883809
C            0.44379125588119        0.77830229122473        0.92056174980238
H            0.24922714123269        1.14093593023045        1.93328915760815
C            0.44329820395871       -0.77780566998744        0.92120612754959
H            0.24850109922071       -1.13947771861801        1.93423231872126
C            1.72175468423855       -1.47722756891669        0.44367464108641
O            2.76960996540901       -1.28297699858726        1.34809264254139
S            3.80568585349274       -0.00077162353900        1.04109825088035
O            4.73188330370142       -0.00060803644249        2.11264450719558
O            2.77043843744275        1.28236463903248        1.34699393933278
C           -0.77783665309024       -1.11683736977928        0.02601296162234
C           -0.44251219964185       -0.67083950983060       -1.38445441793132
C           -0.44209410315797        0.66999469488780       -1.38500425443336
C           -0.77713445385319        1.11736203283439        0.02509283549846
C           -1.76961213231908        0.00073884758064        0.42496101410330
Cl          -3.24511007110967        0.00080243087262       -0.54753299382384
Cl          -2.21821308644934        0.00157934577097        2.12472506228300
Cl          -1.35704308082461        2.76250976669349        0.17262785878730
Cl          -0.07670715102316        1.73837609422253       -2.64315970299649
Cl          -0.07778389774427       -1.74048893524779       -2.64173189016377
Cl          -1.35877890996216       -2.76149975280690        0.17489888255681
H            1.52891473877755        2.55333191622370        0.39354023784557
H            2.00924438510716        1.13294621897068       -0.55985557695507
H            1.52730856716554       -2.55395440915872        0.39565831861499
H            2.00854839012442       -1.13465503100511       -0.55889598498890
