13
 energy: -232.394367821125 gnorm: 0.029142547329 xtb: 6.7.1 (edcfbbe)
C            1.32889877658887        1.23373822324670        0.21122093109360
C            0.49433145581905        0.11696979515183       -0.41873432918555
C            0.91191890850410       -1.26126572765890        0.08207139713637
C           -0.96988560212978        0.37192632896481       -0.16902895777490
O           -1.76573241968244       -0.42788638718961        0.23233606300295
H            2.38081516685500        1.09084708748338       -0.02282853251012
H            1.21361263383778        1.22545531974303        1.29279505627287
H            1.02091534525239        2.20755240797823       -0.16314123157229
H            0.62199105947562        0.16405382777270       -1.50880850026859
H            0.80784812835798       -1.31282879478175        1.16320520291545
H            1.94636435106249       -1.46682293974999       -0.18099691568020
H            0.27694384292272       -2.02711217249827       -0.35565686725760
H           -1.27565501656528        1.41305803472616       -0.40350156097880
13
 energy: -232.394976489721 gnorm: 0.005740879928 xtb: 6.7.1 (edcfbbe)
C            1.32566349295479        1.24005620690321        0.20900348996626
C            0.49700585944722        0.10944363751460       -0.41340479517017
C            0.91187194897451       -1.27300572378759        0.07860990809025
C           -0.97105854302910        0.37913065816865       -0.17871406580987
O           -1.76877336132327       -0.42345139222576        0.23941650953187
H            2.38312330689624        1.10139181158266       -0.02452817590447
H            1.21559676641396        1.23425568948405        1.29679357654523
H            1.02088796919684        2.22224601811635       -0.16232510240604
H            0.62207537995593        0.16454864493781       -1.50680365791435
H            0.80708078943733       -1.32961441910820        1.16462486733842
H            1.95308599305613       -1.47529092138434       -0.18151007489048
H            0.27961184823297       -2.04901047206888       -0.35570279749241
H           -1.28380481597429        1.42698553002529       -0.40652804900348
13
 energy: -232.394982248436 gnorm: 0.006362221584 xtb: 6.7.1 (edcfbbe)
C            1.32867719695041        1.23955069590117        0.21128326135389
C            0.49660799942915        0.10868525684220       -0.41024970417869
C            0.91079945594891       -1.27438190972531        0.07751498462831
C           -0.96993184197926        0.38514696350856       -0.16676029603425
O           -1.77020759440346       -0.42173410172419        0.24511314225675
H            2.38802773791318        1.10594000432340       -0.02587343557984
H            1.22393000497979        1.23662813204603        1.30198256470660
H            1.02071410840046        2.22325285767344       -0.15919740886638
H            0.61813069105391        0.16984561503274       -1.50568483998996
H            0.80687243405512       -1.33934501917790        1.16546137276141
H            1.95428249245522       -1.47572175890867       -0.18280459704622
H            0.27968606171309       -2.05271001937029       -0.35822219402685
H           -1.29522212615307        1.42252849239813       -0.43363151056898
13
 energy: -232.395048221899 gnorm: 0.001827519440 xtb: 6.7.1 (edcfbbe)
C            1.32940199620192        1.23851754631252        0.21140907483575
C            0.49610574658562        0.10889362179548       -0.41154356199803
C            0.91008367547134       -1.27286796604493        0.07798942338753
C           -0.97205076285196        0.38196830367038       -0.17565858733831
O           -1.76880207316202       -0.42029802977154        0.25071986741219
H            2.38894665804168        1.10656891780299       -0.02574300098767
H            1.22484063481480        1.23652380243291        1.30203870460396
H            1.01999753651157        2.22131264473454       -0.15969649682694
H            0.61979255767410        0.16958030881646       -1.50673321594561
H            0.80413592033175       -1.33997610868905        1.16556161201907
H            1.95405471185144       -1.47385925661048       -0.18036751279045
H            0.28070086972480       -2.05110929836690       -0.36018708522587
H           -1.29484088641910        1.42243069183132       -0.42885790920560
13
 energy: -232.395067691134 gnorm: 0.000938996573 xtb: 6.7.1 (edcfbbe)
C            1.32908653315127        1.23922405658647        0.21231325192516
C            0.49671562255616        0.10886244616526       -0.41055232327772
C            0.90926928980938       -1.27322283430116        0.07691450528792
C           -0.97130859395929        0.38167471984080       -0.17628560014827
O           -1.76522686709283       -0.41570484115351        0.26261237789887
H            2.38747241627598        1.10728317216544       -0.02781223366950
H            1.22643398432174        1.23478380478530        1.30249731580529
H            1.01843876175793        2.22197328961862       -0.15683238190944
H            0.62184463515747        0.17023221310975       -1.50519891964079
H            0.79951230350420       -1.34188052625736        1.16345920938191
H            1.95383013916732       -1.47314162474026       -0.17812579851545
H            0.28225067093319       -2.05089302134524       -0.36502903106248
H           -1.29595234154886        1.41849425842942       -0.43902931743797
13
 energy: -232.395110940173 gnorm: 0.002781157353 xtb: 6.7.1 (edcfbbe)
C            1.32947158487538        1.23851361436640        0.21649852888938
C            0.49735583896835        0.10873394584649       -0.41008779647081
C            0.90737380533015       -1.27338577794565        0.07384545015339
C           -0.96975001787078        0.38287383669112       -0.17613793648799
O           -1.75359878481115       -0.39741018553520        0.31189059609955
H            2.38578417940775        1.11177649344243       -0.03456363194562
H            1.23540740153867        1.22566746264743        1.30696168095453
H            1.01165727225453        2.22210409723599       -0.14394109082263
H            0.62555886908908        0.17576393688548       -1.50390777844348
H            0.78252477566047       -1.35215949633409        1.15782602820891
H            1.95568092412324       -1.46914784421737       -0.16864075441584
H            0.28926232206374       -2.04968487782318       -0.38317237561632
H           -1.30436178376094        1.40403957195599       -0.48764096575292
13
 energy: -232.395126240032 gnorm: 0.002947043129 xtb: 6.7.1 (edcfbbe)
C            1.32819850739287        1.23707200872260        0.21793276221855
C            0.49705377674974        0.10812106399007       -0.41262418290279
C            0.90768501862038       -1.27406186184404        0.07210549788227
C           -0.96847126449422        0.38515100080665       -0.17533501699020
O           -1.74707627339643       -0.38379714890326        0.33866963644865
H            2.38391671212661        1.11420390656121       -0.03749068463929
H            1.23743033022733        1.21712817353283        1.30848541357339
H            1.00699006935980        2.22202717890071       -0.13557526449919
H            0.62678536719636        0.17772202951141       -1.50575022817310
H            0.77360953356148       -1.35537558723234        1.15462286358946
H            1.95836445022117       -1.46670641225227       -0.16260585148413
H            0.29498832714905       -2.05079574020200       -0.39165647250677
H           -1.30710828340828        1.39699597442160       -0.51184913472839
13
 energy: -232.395134529129 gnorm: 0.000553719284 xtb: 6.7.1 (edcfbbe)
C            1.32732859044275        1.23602236338436        0.21749657119927
C            0.49686281348557        0.10773860339363       -0.41558482954101
C            0.90792409089526       -1.27444808333109        0.07160061861224
C           -0.96791553214147        0.38620511573827       -0.17466207870238
O           -1.74507066204012       -0.37826297608512        0.34533837292088
H            2.38348345952140        1.11537511341951       -0.03774190397460
H            1.23611492019365        1.21248109132898        1.30813657657596
H            1.00510010849599        2.22190037836971       -0.13279050281187
H            0.62716441215696        0.17752942690474       -1.50847580754985
H            0.77064228008537       -1.35435375200118        1.15378093643179
H            1.95964476179106       -1.46538650232550       -0.15997404603146
H            0.29767998546551       -2.05256579057297       -0.39303064059919
H           -1.30659300076195        1.39544954302012       -0.51516408946490
13
 energy: -232.395136300193 gnorm: 0.000904524889 xtb: 6.7.1 (edcfbbe)
C            1.32649065781127        1.23485162353221        0.21734689130936
C            0.49697466819034        0.10706731918664       -0.41881620889118
C            0.90786498295999       -1.27506719934884        0.07014039833692
C           -0.96741969034983        0.38758877475357       -0.17527465800657
O           -1.74169170376823       -0.37024657558127        0.35920533837049
H            2.38343870217041        1.11751176941025       -0.03719362038464
H            1.23450285507467        1.20708087664101        1.30821582905031
H            1.00269460743871        2.22187137911660       -0.12895163112461
H            0.62824340217774        0.17676307299905       -1.51152599568381
H            0.76602516589691       -1.35435442705807        1.15201479448436
H            1.96123194572818       -1.46362870944675       -0.15667343303327
H            0.30156009153552       -2.05531154147046       -0.39650629809624
H           -1.30754952454674        1.39355808686469       -0.52305253563762
13
 energy: -232.395136300193 gnorm: 0.000904524889 xtb: 6.7.1 (edcfbbe)
C            1.32649065781127        1.23485162353221        0.21734689130936
C            0.49697466819034        0.10706731918664       -0.41881620889118
C            0.90786498295999       -1.27506719934884        0.07014039833692
C           -0.96741969034983        0.38758877475357       -0.17527465800657
O           -1.74169170376823       -0.37024657558127        0.35920533837049
H            2.38343870217041        1.11751176941025       -0.03719362038464
H            1.23450285507467        1.20708087664101        1.30821582905031
H            1.00269460743871        2.22187137911660       -0.12895163112461
H            0.62824340217774        0.17676307299905       -1.51152599568381
H            0.76602516589691       -1.35435442705807        1.15201479448436
H            1.96123194572818       -1.46362870944675       -0.15667343303327
H            0.30156009153552       -2.05531154147046       -0.39650629809624
H           -1.30754952454674        1.39355808686469       -0.52305253563762
