10
 energy: -15.449611294854 gnorm: 0.024218072779 xtb: 6.7.1 (edcfbbe)
C           -0.71557386360961       -0.61598361557445        0.26367734796352
C            0.71921830867331       -0.62254148638651       -0.23751799560156
O            1.44767653283333        0.55530061398648        0.09131736697804
O           -1.45046883805412        0.54295117832950       -0.11426365800007
H           -0.73090946459212       -0.63415822488759        1.36174346527370
H           -1.20825829027046       -1.54014457516234       -0.08409788126240
H            0.73478735974290       -0.68667345032944       -1.33385565715696
H            1.21703721082655       -1.52854119012192        0.14861145315487
H            1.21771446312745        0.80950713457578        0.99220814675772
H           -1.22167043661344        0.76025238079725       -1.02504352397501
10
 energy: -15.450244292994 gnorm: 0.009841674815 xtb: 6.7.1 (edcfbbe)
C           -0.71569242676901       -0.61740596893754        0.27079200320524
C            0.71937917124122       -0.62425194436736       -0.24458541532227
O            1.43207903518615        0.54851058339484        0.08703210750525
O           -1.43482523275124        0.53642856080407       -0.10970092933658
H           -0.73334931986515       -0.62417783557560        1.36681453128723
H           -1.22382209236083       -1.52646753904717       -0.08757734763981
H            0.73720044956099       -0.67691133840713       -1.33936170213744
H            1.23251316572511       -1.51463079513708        0.15156108969039
H            1.20987318152446        0.79400450504705        0.99233412011230
H           -1.21380294942792        0.74487053745267       -1.02452939323248
10
 energy: -15.450346030270 gnorm: 0.003416471312 xtb: 6.7.1 (edcfbbe)
C           -0.71797145227820       -0.61819321135711        0.26931140247947
C            0.72168239010945       -0.62496320372662       -0.24307899400910
O            1.42305838215158        0.54933230977625        0.08406735783492
O           -1.42581001827233        0.53742152596297       -0.10677591615082
H           -0.73114134447642       -0.62466790660302        1.36363392287472
H           -1.23059016734375       -1.52293077075306       -0.09149851323209
H            0.73501410375109       -0.67729988230251       -1.33616672547944
H            1.23926662777499       -1.51089397132718        0.15534524180062
H            1.21300161682255        0.79066037205116        0.99366998183629
H           -1.21695715617518        0.74150350350588       -1.02572869382273
10
 energy: -15.450379892041 gnorm: 0.001419128712 xtb: 6.7.1 (edcfbbe)
C           -0.71979957719768       -0.61777470232148        0.26820171013039
C            0.72351457294257       -0.62448647437105       -0.24198948657536
O            1.41802082412429        0.55237485196411        0.08104505848986
O           -1.42078944448520        0.54061346699544       -0.10388550282347
H           -0.73270815167778       -0.62929453335157        1.36223282950605
H           -1.23174630000956       -1.52124406266408       -0.09608270125489
H            0.73661367109083       -0.68186773112450       -1.33457297120954
H            1.24041694525160       -1.50900890663316        0.15985754489501
H            1.21985625784341        0.78993447767369        0.99458732989665
H           -1.22382581581871        0.74072237905934       -1.02661474692285
10
 energy: -15.450401986472 gnorm: 0.002712138567 xtb: 6.7.1 (edcfbbe)
C           -0.72249796261091       -0.61671747914247        0.26542576303304
C            0.72620788851901       -0.62329792187548       -0.23926035888406
O            1.41407687173629        0.55821995975611        0.07469291352092
O           -1.41687816723131        0.54674065446875       -0.09778509663011
H           -0.73863597823064       -0.63940764458756        1.35964146103549
H           -1.23219075693191       -1.51830614700048       -0.10751128380867
H            0.74259871509414       -0.69183875382222       -1.33155921790848
H            1.24084890952625       -1.50559153834221        0.17115086464677
H            1.23633893147653        0.78972489154511        0.99427263918602
H           -1.24031546928366        0.74044274422721       -1.02628862005907
10
 energy: -15.450407638798 gnorm: 0.001523132475 xtb: 6.7.1 (edcfbbe)
C           -0.72228741507125       -0.61666280202036        0.26511261261596
C            0.72599414412279       -0.62323218698332       -0.23894895558655
O            1.41486739631876        0.55878308059724        0.07365862530995
O           -1.41767080710713        0.54734423290502       -0.09677428198138
H           -0.74012096256728       -0.64080439279354        1.35934034128021
H           -1.23194469912536       -1.51746757368622       -0.11001247456465
H            0.74408838270954       -0.69320744379349       -1.33119950156037
H            1.24059591436195       -1.50465095540868        0.17361251471501
H            1.23891077839188        0.78956763618660        0.99335752061788
H           -1.24287974997010        0.74029917022351       -1.02536733671421
10
 energy: -15.450410146855 gnorm: 0.000662260882 xtb: 6.7.1 (edcfbbe)
C           -0.72182473626624       -0.61668958507180        0.26443508757664
C            0.72552837225616       -0.62323545474478       -0.23826998798272
O            1.41519713944604        0.56041493471975        0.07138239753112
O           -1.41800710649840        0.54907280518504       -0.09456574434888
H           -0.74275455167874       -0.64344397611532        1.35840814569597
H           -1.23238544826956       -1.51512237603492       -0.11514397107188
H            0.74673323428325       -0.69578041513399       -1.33015751726767
H            1.24101878672856       -1.50209260128933        0.17863809193604
H            1.24494659592923        0.78806368772155        0.99247793946010
H           -1.24889930386651        0.73878174599055       -1.02442537739689
10
 energy: -15.450410755749 gnorm: 0.000068287785 xtb: 6.7.1 (edcfbbe)
C           -0.72194719885490       -0.61673887661262        0.26465436387209
C            0.72565289305059       -0.62329241786879       -0.23848741675459
O            1.41462608793913        0.56011804803660        0.07210236231558
O           -1.41743467801053        0.54874790279097       -0.09527335778313
H           -0.74188069477825       -0.64252484610794        1.35861280511263
H           -1.23260395882636       -1.51558986820671       -0.11348027630509
H            0.74585620504019       -0.69487939268889       -1.33040059823458
H            1.24124125758568       -1.50262766873490        0.17699665105348
H            1.24346564281994        0.78802502464476        0.99312540031420
H           -1.24742257390171        0.73873085997427       -1.02507086945876
10
 energy: -15.450410764792 gnorm: 0.000016189528 xtb: 6.7.1 (edcfbbe)
C           -0.72195532299650       -0.61673621685946        0.26465737201571
C            0.72566130607016       -0.62328993856494       -0.23849059984694
O            1.41459355976724        0.56013587601176        0.07219103008944
O           -1.41740195148429        0.54876243902374       -0.09536251349686
H           -0.74185428660122       -0.64240124084575        1.35862819447460
H           -1.23263647002563       -1.51559904866099       -0.11338619401364
H            0.74582944409178       -0.69475710961233       -1.33042120629242
H            1.24127407290375       -1.50264084774627        0.17690303909178
H            1.24360550425114        0.78789742911148        0.99325811420697
H           -1.24756287391263        0.73859742336951       -1.02519817209680
