5
 energy: -16.652713425632 gnorm: 0.020428284424 xtb: 6.7.1 (edcfbbe)
C            0.45426024111069       -0.00001253699594       -0.39475590548934
F            1.04625311643377        1.09087081186967        0.12622558904985
F            1.04628113820732       -1.09086115804724        0.12628381618337
Cl          -1.29373727748492       -0.00002216276327        0.03790524461019
H            0.55224394602058       -0.00004435968472       -1.48417374673981
5
 energy: -16.653115220037 gnorm: 0.009265206318 xtb: 6.7.1 (edcfbbe)
C            0.44843034285924       -0.00001327242945       -0.39571022099330
F            1.04142799188843        1.08101199896300        0.12440466173999
F            1.04145427306008       -1.08100163126808        0.12446247876530
Cl          -1.28865616996567       -0.00002251363913        0.04462189065562
H            0.56264472644535       -0.00004398724784       -1.48629381255335
5
 energy: -16.653207138571 gnorm: 0.002349973537 xtb: 6.7.1 (edcfbbe)
C            0.44485204768752       -0.00001436485342       -0.39295359472087
F            1.04013758445211        1.07511580388031        0.12311264413879
F            1.04016305621352       -1.07510478250986        0.12317034285526
Cl          -1.28333513752642       -0.00002260230897        0.04375839586599
H            0.56348361346071       -0.00004345982956       -1.48560279052491
5
 energy: -16.653211431445 gnorm: 0.001566411160 xtb: 6.7.1 (edcfbbe)
C            0.44443732845724       -0.00001471948445       -0.39253019859710
F            1.04021105864585        1.07542471545023        0.12335151617336
F            1.04023654893934       -1.07541356883793        0.12340935273235
Cl          -1.28219241815666       -0.00002255421988        0.04303952436780
H            0.56260864640168       -0.00004327852947       -1.48578519706214
5
 energy: -16.653213784072 gnorm: 0.000579948685 xtb: 6.7.1 (edcfbbe)
C            0.44288104578812       -0.00001543049060       -0.39214067834419
F            1.04031908887248        1.07619218703720        0.12359646309893
F            1.04034449458709       -1.07618073729137        0.12365454433071
Cl          -1.28038333336319       -0.00002249758291        0.04238893492743
H            0.56213986840293       -0.00004292729382       -1.48601426639861
5
 energy: -16.653214273407 gnorm: 0.000054204846 xtb: 6.7.1 (edcfbbe)
C            0.44297646563645       -0.00001522552696       -0.39245146752411
F            1.04025821653681        1.07596285644992        0.12341960416603
F            1.04028360196561       -1.07595147302366        0.12347759038995
Cl          -1.28099420708131       -0.00002252577156        0.04286331150965
H            0.56277708722988       -0.00004303774925       -1.48582404092726
5
 energy: -16.653214276062 gnorm: 0.000006571534 xtb: 6.7.1 (edcfbbe)
C            0.44295991768739       -0.00001520187410       -0.39247771612880
F            1.04025959473967        1.07594365389349        0.12341757643009
F            1.04028498862796       -1.07593228424924        0.12347555678966
Cl          -1.28097646950281       -0.00002252543445        0.04285636247708
H            0.56277313273524       -0.00004304795721       -1.48578678195377
