15
 energy: -196.458295105362 gnorm: 0.018304298911 xtb: 6.7.1 (edcfbbe)
C           -2.38048998875486        0.07656129833393        0.00819580270363
C           -0.90950803230303        0.46727606480706       -0.05819262132579
C            0.00391660120174       -0.70733579021344        0.12720354945637
C            1.32595697798757       -0.63133390307976        0.09097846654031
C            2.07826431202093        0.64137494418421       -0.14188024406287
H           -3.01571783623634        0.94922893892063       -0.12836267775688
H           -2.61343611495808       -0.36894941716349        0.97314638723123
H           -2.61839395556028       -0.64538315818599       -0.77031771634135
H           -0.69879715360966        0.93947150061630       -1.02333785365347
H           -0.69434557010768        1.21617360433892        0.71128957541519
H           -0.47591429401089       -1.66045992163579        0.29996446363292
H            1.91835765905008       -1.52407793237536        0.23370927870356
H            1.82053028950673        1.38208486551244        0.61548358897274
H            1.81872920370593        1.06644308897257       -1.11199706119276
H            3.15113185279635        0.47419812961013       -0.11305034665010
15
 energy: -196.458898009953 gnorm: 0.005092436222 xtb: 6.7.1 (edcfbbe)
C           -2.38925919309003        0.08073640919818        0.00751734581457
C           -0.91251518462797        0.46359593000491       -0.05718747346554
C            0.00463389772316       -0.71410544681280        0.12863048465818
C            1.33386416104472       -0.63818724294060        0.09177527183769
C            2.08503191805270        0.64153752740540       -0.14215587084230
H           -3.03355597302254        0.95221382152389       -0.12906154951479
H           -2.62831592609427       -0.36933453296646        0.97467119776009
H           -2.63280551333111       -0.64653374794708       -0.77149215213585
H           -0.69889941376563        0.94652626461659       -1.01994616364589
H           -0.69430236537718        1.22178757312181        0.70674666804846
H           -0.47121688883247       -1.67615872323745        0.30289118928580
H            1.92148146890166       -1.54011353087113        0.23610756853411
H            1.83187757200327        1.39258397097697        0.61380917315483
H            1.83087808475792        1.07654499269965       -1.11488066447231
H            3.16338711526474        0.48417899899069       -0.11459233343145
15
 energy: -196.458946071958 gnorm: 0.000944166207 xtb: 6.7.1 (edcfbbe)
C           -2.39320581720263        0.08037078065614        0.00764873368292
C           -0.91540795011091        0.46260381468372       -0.05668476362175
C            0.00469689188056       -0.71425879964739        0.12872078235148
C            1.33622797961802       -0.63808882715349        0.09150113318070
C            2.08963417373919        0.64135985830597       -0.14239037164560
H           -3.03848563636322        0.95269182113091       -0.12937945484698
H           -2.63679845422115       -0.37040417270495        0.97532944400142
H           -2.64065651130868       -0.64794461286389       -0.77159323654936
H           -0.70024599964943        0.94886983467917       -1.01890745603051
H           -0.69587327687041        1.22344965060177        0.70609304006575
H           -0.46663189699892       -1.68057478546596        0.30379335448472
H            1.91990790578038       -1.54416331415597        0.23649367558617
H            1.83856144463482        1.39588381480367        0.61333169416086
H            1.83863837342302        1.07925231195182       -1.11660311729407
H            3.16992240130237        0.48622474822454       -0.11452068580430
15
 energy: -196.458953441203 gnorm: 0.000614542732 xtb: 6.7.1 (edcfbbe)
C           -2.39539525652193        0.07959568853702        0.00778440587920
C           -0.91792635792134        0.46197801349429       -0.05612842095862
C            0.00507251563209       -0.71254491674733        0.12854784484230
C            1.33677440451209       -0.63603020261556        0.09092809784207
C            2.09286338133846        0.64120535690478       -0.14265793274763
H           -3.04045377919124        0.95229110102337       -0.12962494567275
H           -2.64045205971754       -0.37085391307220        0.97545228844861
H           -2.64372642079264       -0.64862028294141       -0.77152064180347
H           -0.70334876527108        0.94922054485918       -1.01822757576813
H           -0.69930291512959        1.22314750415784        0.70689847097529
H           -0.46236070118433       -1.68079523414482        0.30393477959028
H            1.91753528934447       -1.54400747722561        0.23604057998089
H            1.84316747373629        1.39701251609143        0.61255681482225
H            1.84469534549121        1.07951877090208       -1.11766237549897
H            3.17314137075457        0.48415447838651       -0.11348853691978
15
 energy: -196.458955422472 gnorm: 0.000266867650 xtb: 6.7.1 (edcfbbe)
C           -2.39602882770037        0.07836839395921        0.00797334533053
C           -0.91923282375352        0.46285854666118       -0.05580084797198
C            0.00457158653116       -0.71072276748610        0.12837905228825
C            1.33627129580767       -0.63441231972696        0.09044278583869
C            2.09468886934308        0.64109307738329       -0.14292085675756
H           -3.04118611857029        0.95072043776430       -0.12961008626430
H           -2.64079558336717       -0.37192520296688        0.97550535958741
H           -2.64350403896668       -0.64971511008357       -0.77138260725121
H           -0.70545310897841        0.95031353446709       -1.01776595938371
H           -0.70185020390540        1.22346606202830        0.70789727858432
H           -0.46135964051309       -1.67933950918359        0.30382292719403
H            1.91547952564435       -1.54313976221701        0.23540707222523
H            1.84555977410290        1.39755398998243        0.61144723994021
H            1.84880778054406        1.07892147548089       -1.11844583907503
H            3.17431499045475        0.48123091358297       -0.11211593793484
15
 energy: -196.458955422472 gnorm: 0.000266867650 xtb: 6.7.1 (edcfbbe)
C           -2.39602882770037        0.07836839395921        0.00797334533053
C           -0.91923282375352        0.46285854666118       -0.05580084797198
C            0.00457158653116       -0.71072276748610        0.12837905228825
C            1.33627129580767       -0.63441231972696        0.09044278583869
C            2.09468886934308        0.64109307738329       -0.14292085675756
H           -3.04118611857029        0.95072043776430       -0.12961008626430
H           -2.64079558336717       -0.37192520296688        0.97550535958741
H           -2.64350403896668       -0.64971511008357       -0.77138260725121
H           -0.70545310897841        0.95031353446709       -1.01776595938371
H           -0.70185020390540        1.22346606202830        0.70789727858432
H           -0.46135964051309       -1.67933950918359        0.30382292719403
H            1.91547952564435       -1.54313976221701        0.23540707222523
H            1.84555977410290        1.39755398998243        0.61144723994021
H            1.84880778054406        1.07892147548089       -1.11844583907503
H            3.17431499045475        0.48123091358297       -0.11211593793484
