23
 energy: -388.408520385411 gnorm: 0.032601867378 xtb: 6.7.1 (edcfbbe)
C           -2.78173651453266        0.19838801238791       -1.00588057064573
C           -1.75414284007731       -0.04794440162125        0.06896126843056
O           -2.04820231670761       -0.39793749917634        1.18397909292465
C           -0.31182104343818        0.16502080677313       -0.35875813895898
C            0.40578744457982       -1.19202150192822       -0.35549770665753
C            1.87878388753254       -1.02487537605415       -0.71274390771584
C            2.56163354103513       -0.07366799403264        0.26459861071725
C            1.85791260392329        1.27948221376697        0.26335580831670
C            0.38440747697034        1.11734575069513        0.61967948257460
H           -3.78039570137519       -0.01687806140748       -0.63536109998155
H           -2.72754663360865        1.23794480944857       -1.32348030498647
H           -2.56577262213696       -0.42925651989021       -1.86803652662778
H           -0.27859354612345        0.58758904866038       -1.36747825960597
H            0.31369398323901       -1.63161050842301        0.63953528738339
H           -0.07745200783432       -1.86586472902681       -1.06750043067304
H            2.37186408485104       -1.99883692008574       -0.69290844650705
H            1.96471134327062       -0.62692225127781       -1.72701324106529
H            2.52380449291836       -0.49965217622141        1.26938182386250
H            3.61147376420034        0.05123623572270       -0.00844827370374
H            2.33576203073504        1.94985698266403        0.98037533333443
H            1.94503234066190        1.73281948746786       -0.72740167912233
H            0.28699774852718        0.71106085491509        1.62801978312142
H           -0.11401046765052        2.08970543492600        0.60013336156593
23
 energy: -388.409559677462 gnorm: 0.006986573679 xtb: 6.7.1 (edcfbbe)
C           -2.80057775878689        0.19597954858147       -1.00706367099399
C           -1.76373958179302       -0.04478922164375        0.06369986041579
O           -2.05816392715936       -0.39835658333334        1.18582388218328
C           -0.31265244882271        0.16197537373258       -0.34420860383553
C            0.40668255921221       -1.19810235281511       -0.36244032633018
C            1.88582042606120       -1.03377711383162       -0.71051990459629
C            2.57340052091076       -0.07091543536785        0.25788260044317
C            1.86623169067783        1.28453354721720        0.27145711258015
C            0.38711309660009        1.12840424369378        0.62176766441513
H           -3.80239240111397       -0.02133899146569       -0.63605019508168
H           -2.74152362119289        1.23861688617161       -1.33478368136893
H           -2.57750340478025       -0.42664579023587       -1.87896405427594
H           -0.28193089435996        0.58449263113841       -1.35679510303873
H            0.30668090922939       -1.64169936601992        0.63437076926629
H           -0.08155039516514       -1.87662278541677       -1.07177259266892
H            2.38038715836355       -2.01059014513481       -0.69771316686242
H            1.97599689015307       -0.64037668148450       -1.73089132284911
H            2.54265466527766       -0.49872828329673        1.26739663853471
H            3.62798154811020        0.05074237816395       -0.00981979861624
H            2.34701260189048        1.96147283512864        0.98504253052065
H            1.95698031374209        1.74561500015964       -0.72033776593500
H            0.28153715975073        0.72321873843260        1.63351817283042
H           -0.11625370499406        2.10187335632685        0.60791179080437
23
 energy: -388.409651598031 gnorm: 0.001293649769 xtb: 6.7.1 (edcfbbe)
C           -2.80743904163080        0.19460441511314       -1.00764536956631
C           -1.76622107436386       -0.04395971368416        0.05982832209276
O           -2.06000224647823       -0.39591813576827        1.18526585282327
C           -0.31305618315900        0.16369100938320       -0.34484856604551
C            0.40719701656548       -1.19796033937652       -0.36061283243064
C            1.88729336481771       -1.03435993119439       -0.71013019448584
C            2.57717867447636       -0.07112094408800        0.25801207089760
C            1.86829545861697        1.28468246630890        0.27279112588882
C            0.38819136915472        1.12789704479455        0.62421286844654
H           -3.80794788878014       -0.02462676465688       -0.63257478225355
H           -2.75105766738024        1.23767931959149       -1.34188263590463
H           -2.58588712785037       -0.42533392681095       -1.88460162161406
H           -0.28141990853788        0.58684007094416       -1.35939673212626
H            0.30399648936903       -1.64780014861985        0.63528978915558
H           -0.08233649902957       -1.87560540485223       -1.07138596859124
H            2.38233444769618       -2.01222284897025       -0.69675121384313
H            1.98019528200266       -0.64660317408354       -1.73460477260817
H            2.55438326833709       -0.49986665819079        1.26965826470702
H            3.63219103051271        0.05108824812203       -0.01205871089167
H            2.35081942679065        1.96153283187344        0.98709401704977
H            1.96114047330164        1.75282833755874       -0.71777864089460
H            0.27975569837067        0.72718005615492        1.63945865221623
H           -0.11541288172739        2.10233619438778        0.61017170011659
23
 energy: -388.409665566386 gnorm: 0.001105305930 xtb: 6.7.1 (edcfbbe)
C           -2.80926242438415        0.19275030966121       -1.00787707788494
C           -1.76664348482735       -0.04066442789315        0.05871561057235
O           -2.06092034536515       -0.39180764793549        1.18413112738292
C           -0.31272125264886        0.16541793047339       -0.34575574089106
C            0.40653882427753       -1.19759341196378       -0.36160205875630
C            1.88736931103287       -1.03578324892406       -0.70897022306670
C            2.57853081553941       -0.07098522586678        0.25668037657410
C            1.86908211247276        1.28445915424105        0.27521249035218
C            0.38834242309219        1.12858543655139        0.62493577064591
H           -3.80753506979706       -0.02933873319541       -0.62945003708693
H           -2.75879957105744        1.23544074544185       -1.34505373543494
H           -2.58993108238575       -0.42644461947594       -1.88621057143677
H           -0.27810115606938        0.58918497361193       -1.36023852549522
H            0.30142767313457       -1.64884278273114        0.63358478412097
H           -0.08242022286586       -1.87410307850422       -1.07404124406553
H            2.38153148664456       -2.01431823856969       -0.69223584064012
H            1.98218378243933       -0.65176751290527       -1.73485049432129
H            2.56116204251211       -0.50002661074264        1.26848291845561
H            3.63256810733614        0.05278389649427       -0.01749236506315
H            2.35165745407744        1.95890935458587        0.99213040612931
H            1.96316918176354        1.75648484477699       -0.71358771340856
H            0.27845573680089        0.72852002054443        1.64039416143107
H           -0.11349284559414        2.10412140658573        0.61060859192355
23
 energy: -388.409671648012 gnorm: 0.000966968726 xtb: 6.7.1 (edcfbbe)
C           -2.81043033128949        0.19032732091319       -1.00865026848775
C           -1.76636674947891       -0.04019180534579        0.05659099847928
O           -2.06102609750661       -0.38560075168081        1.18331512390706
C           -0.31236417261332        0.16779039601357       -0.34670863448389
C            0.40556618080769       -1.19603539021520       -0.36258067400612
C            1.88688461226026       -1.03647498203062       -0.70810941788621
C            2.57933694943137       -0.07096690990997        0.25554157932870
C            1.87031558294307        1.28437311615730        0.27760554831546
C            0.38915409772665        1.12911768877734        0.62526696932092
H           -3.80682286822989       -0.03399736473594       -0.62678822210435
H           -2.76514303153518        1.23253321651023       -1.34741461243336
H           -2.59272308094343       -0.42980465742735       -1.88635149082507
H           -0.27615544449029        0.59200666113997       -1.36063549783747
H            0.29823206028955       -1.64760303972277        0.63188492901088
H           -0.08278560156793       -1.87085665482882       -1.07681481801878
H            2.37921181791791       -2.01580377680662       -0.68676849700726
H            1.98383555384983       -0.65633063109273       -1.73491627869179
H            2.56700937813942       -0.50034682424637        1.26692428794471
H            3.63182471577448        0.05429978205115       -0.02370994893684
H            2.35253906839835        1.95508177047406        0.99816865509792
H            1.96574115685601        1.76003418468722       -0.70898322425419
H            0.27754259398155        0.72815714245423        1.63986564974674
H           -0.11118491235014        2.10527479367239        0.61077861609568
23
 energy: -388.409674593844 gnorm: 0.000676617669 xtb: 6.7.1 (edcfbbe)
C           -2.81026134931324        0.18802265352949       -1.00950117626751
C           -1.76613897328900       -0.03627495528778        0.05729324149346
O           -2.06029578760145       -0.38104372884462        1.18442003742972
C           -0.31229748595317        0.16961204828720       -0.34699405566174
C            0.40461381946194       -1.19459132574795       -0.36342092938054
C            1.88622193149060       -1.03659263933973       -0.70830567991721
C            2.57955024811867       -0.07146597479826        0.25507088281285
C            1.87090926396379        1.28400797243366        0.27836255693307
C            0.38973234280153        1.12934563472983        0.62579685660450
H           -3.80618892432459       -0.03891768473770       -0.62750086880586
H           -2.76795952120867        1.23011490317659       -1.34846162747902
H           -2.59016927821076       -0.43288621794477       -1.88591354398323
H           -0.27676489244755        0.59427558464167       -1.36060816605274
H            0.29636757969536       -1.64605073164249        0.63087493036012
H           -0.08402874305865       -1.86862444826804       -1.07808327510974
H            2.37739363520834       -2.01634762681047       -0.68537314560691
H            1.98413737081052       -0.65759046113474       -1.73524890692638
H            2.56853787134415       -0.50107104863676        1.26614426829870
H            3.63146657064709        0.05399815440611       -0.02586553765177
H            2.35292833590803        1.95302663636792        1.00045125983898
H            1.96705989799016        1.76111564277815       -0.70726674519307
H            0.27750803586953        0.72727273259521        1.63975712987600
H           -0.11013047630831        2.10564890775802        0.61188382636936
23
 energy: -388.409674593844 gnorm: 0.000676617669 xtb: 6.7.1 (edcfbbe)
C           -2.81026134931324        0.18802265352949       -1.00950117626751
C           -1.76613897328900       -0.03627495528778        0.05729324149346
O           -2.06029578760145       -0.38104372884462        1.18442003742972
C           -0.31229748595317        0.16961204828720       -0.34699405566174
C            0.40461381946194       -1.19459132574795       -0.36342092938054
C            1.88622193149060       -1.03659263933973       -0.70830567991721
C            2.57955024811867       -0.07146597479826        0.25507088281285
C            1.87090926396379        1.28400797243366        0.27836255693307
C            0.38973234280153        1.12934563472983        0.62579685660450
H           -3.80618892432459       -0.03891768473770       -0.62750086880586
H           -2.76795952120867        1.23011490317659       -1.34846162747902
H           -2.59016927821076       -0.43288621794477       -1.88591354398323
H           -0.27676489244755        0.59427558464167       -1.36060816605274
H            0.29636757969536       -1.64605073164249        0.63087493036012
H           -0.08402874305865       -1.86862444826804       -1.07808327510974
H            2.37739363520834       -2.01634762681047       -0.68537314560691
H            1.98413737081052       -0.65759046113474       -1.73524890692638
H            2.56853787134415       -0.50107104863676        1.26614426829870
H            3.63146657064709        0.05399815440611       -0.02586553765177
H            2.35292833590803        1.95302663636792        1.00045125983898
H            1.96705989799016        1.76111564277815       -0.70726674519307
H            0.27750803586953        0.72727273259521        1.63975712987600
H           -0.11013047630831        2.10564890775802        0.61188382636936
