2025-04-15 19:35:11,105 -   censo.qm_processor   -   INFO   - worker2072034:Running sp calculation in /scratch/pawsey0265/mwang1/.automated/7063/0_PRESCREENING/CONF1/sp.
2025-04-15 19:35:11,106 -   censo.qm_processor   -   INFO   - worker2072035:Running sp calculation in /scratch/pawsey0265/mwang1/.automated/7063/0_PRESCREENING/CONF2/sp.
2025-04-15 19:35:11,106 -   censo.qm_processor   -   INFO   - worker2072039:Running sp calculation in /scratch/pawsey0265/mwang1/.automated/7063/0_PRESCREENING/CONF4/sp.
2025-04-15 19:35:11,106 -   censo.qm_processor   -   INFO   - worker2072037:Running sp calculation in /scratch/pawsey0265/mwang1/.automated/7063/0_PRESCREENING/CONF3/sp.
2025-04-15 19:35:21,985 -     censo.parallel     -   INFO   - All jobs executed successfully.
2025-04-15 19:35:22,007 -   censo.qm_processor   -   INFO   - worker2072339:Running sp calculation in /scratch/pawsey0265/mwang1/.automated/7063/1_SCREENING/CONF1/sp.
2025-04-15 19:35:22,008 -   censo.qm_processor   -   INFO   - worker2072340:Running sp calculation in /scratch/pawsey0265/mwang1/.automated/7063/1_SCREENING/CONF2/sp.
2025-04-15 19:35:22,008 -   censo.qm_processor   -   INFO   - worker2072342:Running sp calculation in /scratch/pawsey0265/mwang1/.automated/7063/1_SCREENING/CONF3/sp.
2025-04-15 19:35:22,009 -   censo.qm_processor   -   INFO   - worker2072344:Running sp calculation in /scratch/pawsey0265/mwang1/.automated/7063/1_SCREENING/CONF4/sp.
2025-04-15 19:35:45,591 -     censo.parallel     -   INFO   - All jobs executed successfully.
2025-04-15 19:35:45,615 -   censo.qm_processor   -   INFO   - worker2074916:Running xtb_opt calculation in /scratch/pawsey0265/mwang1/.automated/7063/2_OPTIMIZATION/CONF1/xtb_opt.
2025-04-15 19:35:45,615 -   censo.qm_processor   -   INFO   - worker2074917:Running xtb_opt calculation in /scratch/pawsey0265/mwang1/.automated/7063/2_OPTIMIZATION/CONF2/xtb_opt.
2025-04-15 19:35:45,616 -   censo.qm_processor   -   INFO   - worker2074918:Running xtb_opt calculation in /scratch/pawsey0265/mwang1/.automated/7063/2_OPTIMIZATION/CONF3/xtb_opt.
2025-04-15 19:35:45,617 -   censo.qm_processor   -   INFO   - worker2074920:Running xtb_opt calculation in /scratch/pawsey0265/mwang1/.automated/7063/2_OPTIMIZATION/CONF4/xtb_opt.
2025-04-15 19:38:24,343 -     censo.parallel     -   INFO   - All jobs executed successfully.
2025-04-15 19:38:24,355 -   censo.qm_processor   -   INFO   - worker2081652:Running xtb_rrho calculation in /scratch/pawsey0265/mwang1/.automated/7063/2_OPTIMIZATION/CONF1/xtb_rrho.
2025-04-15 19:38:24,356 -   censo.qm_processor   -   INFO   - worker2081653:Running xtb_rrho calculation in /scratch/pawsey0265/mwang1/.automated/7063/2_OPTIMIZATION/CONF2/xtb_rrho.
2025-04-15 19:38:24,357 -   censo.qm_processor   -   INFO   - worker2081655:Running xtb_rrho calculation in /scratch/pawsey0265/mwang1/.automated/7063/2_OPTIMIZATION/CONF3/xtb_rrho.
2025-04-15 19:38:24,357 -   censo.qm_processor   -   INFO   - worker2081658:Running xtb_rrho calculation in /scratch/pawsey0265/mwang1/.automated/7063/2_OPTIMIZATION/CONF4/xtb_rrho.
2025-04-15 19:38:25,200 -     censo.parallel     -   INFO   - All jobs executed successfully.
2025-04-15 19:38:25,200 -censo.ensembleopt.optimization-   INFO   - Threshold: 1.50 kcal/mol
2025-04-15 19:38:25,212 -   censo.qm_processor   -   INFO   - worker2081690:Running xtb_rrho calculation in /scratch/pawsey0265/mwang1/.automated/7063/2_OPTIMIZATION/CONF1/xtb_rrho.
2025-04-15 19:38:25,213 -   censo.qm_processor   -   INFO   - worker2081691:Running xtb_rrho calculation in /scratch/pawsey0265/mwang1/.automated/7063/2_OPTIMIZATION/CONF2/xtb_rrho.
2025-04-15 19:38:25,214 -   censo.qm_processor   -   INFO   - worker2081693:Running xtb_rrho calculation in /scratch/pawsey0265/mwang1/.automated/7063/2_OPTIMIZATION/CONF3/xtb_rrho.
2025-04-15 19:38:25,214 -   censo.qm_processor   -   INFO   - worker2081696:Running xtb_rrho calculation in /scratch/pawsey0265/mwang1/.automated/7063/2_OPTIMIZATION/CONF4/xtb_rrho.
2025-04-15 19:38:26,057 -     censo.parallel     -   INFO   - All jobs executed successfully.
