
         ______________________________________________________________
        |                                                              |
        |                                                              |
        |                   CENSO - Commandline ENSO                   |
        |                           v 2.1.2                            |
        |    energetic sorting of CREST Conformer Rotamer Ensembles    |
        |                    University of Bonn, MCTC                  |
        |                           Oct 2024                           |
        |                 based on ENSO version 2.0.1                  |
        |             L. M. Seidler, F. Bohle and S. Grimme            |
        |                                                              |
        |______________________________________________________________|

        Please cite:
        (TBA)
        S. Grimme, F. Bohle, A. Hansen, P. Pracht, S. Spicher, and M. Stahn
        J. Phys. Chem. A 2021, 125, 19, 4039-4054.
        DOI: https://doi.org/10.1021/acs.jpca.1c00971

        This program is distributed in the hope that it will be useful,
        but WITHOUT ANY WARRANTY; without even the implied warranty of
        MERCHANTABILITY or FITNESS FOR A PARTICULAR PURPOSE.

Reading configuration file from /home/mwang1/.censo2rc.
CALL: /software/projects/pawsey0265/mwang1/censo_screwed/bin/censo -i crest_conformers.xyz --maxcores 5 -O 1
Read 5 conformers.
Number of atoms:              23
Charge:                       0
Unpaired electrons:           0


----------------------------------------------------------------------------------------------------
                                          GENERAL SETTINGS                                          
----------------------------------------------------------------------------------------------------
    
imagthr:                      -100.0
sthr:                         0.0
scale:                        1.0
temperature:                  298.15
solvent:                      h2o
sm_rrho:                      alpb
multitemp:                    False
evaluate_rrho:                False
consider_sym:                 False
bhess:                        False
rmsdbias:                     False
balance:                      False
gas-phase:                    True
copy_mo:                      True
retry_failed:                 True
trange:                       [273.15, 373.15, 5]



----------------------------------------------------------------------------------------------------
                                            PRESCREENING                                            
----------------------------------------------------------------------------------------------------
    
threshold:                    4.0
func:                         pbe-d4
basis:                        def2-sv(p)
prog:                         orca
gfnv:                         gfn2
run:                          True
template:                     False


Running sp calculation for CONF1.
Running sp calculation for CONF2.
Running sp calculation for CONF3.
Running sp calculation for CONF4.
Running sp calculation for CONF5.



-------------------------------- PRESCREENING SINGLE-POINT RESULTS ---------------------------------

CONF#       E (xTB)        ΔE (xTB)          E (DFT)          ΔE (DFT)        ΔGsolv (xTB)          Gtot             ΔGtot          Boltzmann weight   
             [Eh]         [kcal/mol]          [Eh]           [kcal/mol]        [kcal/mol]           [Eh]           [kcal/mol]        % at 298.15 K     
CONF1         ---            ---           -275.663333          0.00              ---            -275.663333          0.00               94.60         
CONF2         ---            ---           -275.659656          2.31              ---            -275.659656          2.31                1.93         
CONF3         ---            ---           -275.658993          2.72              ---            -275.658993          2.72                0.95         
CONF4         ---            ---           -275.659189          2.60              ---            -275.659189          2.60                1.18         
CONF5         ---            ---           -275.659313          2.52              ---            -275.659313          2.52                1.34         

Boltzmann averaged free energy/enthalpy of ensemble on input geometries (not DFT optimized):
temperature /K:   avE(T) /a.u.   avG(T) /a.u.
    298.15        -275.6631178    -275.6631178     <<==part0==
----------------------------------------------------------------------------------------------------

Number of conformers:         5
Highest ranked conformer:     CONF1


Ran prescreening in 15.72 seconds!

----------------------------------------------------------------------------------------------------
                                             SCREENING                                              
----------------------------------------------------------------------------------------------------
    
threshold:                    3.5
func:                         r2scan-3c
basis:                        def2-tzvp
prog:                         orca
sm:                           smd
gfnv:                         gfn2
run:                          True
implicit:                     False
template:                     False


Running sp calculation for CONF1.
Running sp calculation for CONF2.
Running sp calculation for CONF5.
Running sp calculation for CONF4.
Running sp calculation for CONF3.

----------------------------- SCREENING SINGLE-POINT (+ mRRHO) RESULTS -----------------------------

CONF#        G (xTB)          ΔG (xTB)          E (DFT)         ΔGsolv       GmRRHO          Gtot             ΔGtot          Boltzmann weight   
               [Eh]          [kcal/mol]          [Eh]            [Eh]         [Eh]           [Eh]           [kcal/mol]        % at 298.15 K     
CONF1       -23.161743          ---           -276.290205        ---          ---         -276.290205          0.00               94.91         
CONF2       -23.158713          ---           -276.286686        ---          ---         -276.286686          2.21                2.28         
CONF3       -23.158303          ---           -276.286137        ---          ---         -276.286137          2.55                1.28         
CONF4       -23.157716          ---           -276.285802        ---          ---         -276.285802          2.76                0.90         
CONF5       -23.157595          ---           -276.285476        ---          ---         -276.285476          2.97                0.63         

Boltzmann averaged free energy/enthalpy of ensemble on input geometries (not DFT optimized):
temperature /K:   avE(T) /a.u.   avG(T) /a.u.
    298.15        -276.2900036    -276.2900036     <<==part1==
----------------------------------------------------------------------------------------------------


----------------------------------- SCREENING RANKING COMPARISON -----------------------------------

CONF#       ΔGtot prescreening       ΔGtot screening   
                [kcal/mol]             [kcal/mol]      
CONF1              0.00                   0.00         
CONF2              2.31                   2.21         
CONF3              2.72                   2.55         
CONF4              2.60                   2.76         
CONF5              2.52                   2.97         
----------------------------------------------------------------------------------------------------



Number of conformers:         5
Highest ranked conformer:     CONF1


Ran screening in 26.67 seconds!

----------------------------------------------------------------------------------------------------
                                            OPTIMIZATION                                            
----------------------------------------------------------------------------------------------------
    
optcycles:                    8
maxcyc:                       200
threshold:                    1.5
hlow:                         0.01
gradthr:                      0.01
func:                         r2scan-3c
basis:                        def2-tzvp
prog:                         orca
sm:                           smd
gfnv:                         gfn2
optlevel:                     normal
run:                          True
macrocycles:                  True
crestcheck:                   True
template:                     False
constrain:                    False
xtb_opt:                      True


Optimization using macrocycles, 8 microcycles per step.
Running xtb_opt calculation for CONF1.
Running xtb_opt calculation for CONF3.
Running xtb_opt calculation for CONF2.
Running xtb_opt calculation for CONF5.
Running xtb_opt calculation for CONF4.
Running xtb_rrho calculation for CONF1.
Running xtb_rrho calculation for CONF2.
Running xtb_rrho calculation for CONF3.
Running xtb_rrho calculation for CONF5.
Running xtb_rrho calculation for CONF4.
CONF1 converged after 4 steps.
CONF2 converged after 3 steps.
CONF3 converged after 3 steps.
CONF4 converged after 5 steps.
CONF5 converged after 5 steps.

----------------------------------- OPTIMIZATION CYCLE 8 UPDATE ------------------------------------

CONF#          Gtot             ΔGtot          grad_norm       converged   
               [Eh]           [kcal/mol]        [Eh/a0]                    
CONF1       -276.110381          0.00          0.000414          True      
CONF2       -276.105949          2.78          0.000616          True      
CONF3       -276.106318          2.55          0.000604          True      
CONF4       -276.104959          3.40          0.000410          True      
CONF5       -276.106367          2.52          0.000382          True      
----------------------------------------------------------------------------------------------------
Running xtb_rrho calculation for CONF1.
Running xtb_rrho calculation for CONF2.
Running xtb_rrho calculation for CONF3.
Running xtb_rrho calculation for CONF4.
Running xtb_rrho calculation for CONF5.

--------------------------------------- OPTIMIZATION RESULTS ---------------------------------------

CONF#       E (DFT) (+ ΔGsolv)       ΔE (DFT) (+ δΔGsolv)       GmRRHO          Gtot             ΔGtot          Boltzmann weight   
                   [Eh]                   [kcal/mol]             [Eh]           [Eh]           [kcal/mol]        % at 298.15 K     
CONF1          -276.291034                   0.00                ---         -276.110381          0.00               98.01         
CONF2          -276.287494                   2.22                ---         -276.105949          2.78                0.90         
CONF3          -276.286947                   2.56                ---         -276.105403          3.12                0.50         
CONF4          -276.286719                   2.71                ---         -276.104959          3.40                0.31         
CONF5          -276.286375                   2.92                ---         -276.104839          3.48                0.28         

Boltzmann averaged free energy/enthalpy of ensemble on optimized geometries:
temperature /K:   avE(T) /a.u.   avG(T) /a.u.
    298.15        -276.2909548    -276.1102836     <<==part2==
----------------------------------------------------------------------------------------------------


--------------------------------------- OPTIMIZATION RESULTS ---------------------------------------

CONF#       E (DFT) (+ ΔGsolv)       ΔE (DFT) (+ δΔGsolv)       GmRRHO          Gtot             ΔGtot          Boltzmann weight   
                   [Eh]                   [kcal/mol]             [Eh]           [Eh]           [kcal/mol]        % at 298.15 K     
CONF1          -276.291034                   0.00                ---         -276.110381          0.00               98.01         
CONF2          -276.287494                   2.22                ---         -276.105949          2.78                0.90         
CONF3          -276.286947                   2.56                ---         -276.105403          3.12                0.50         
CONF4          -276.286719                   2.71                ---         -276.104959          3.40                0.31         
CONF5          -276.286375                   2.92                ---         -276.104839          3.48                0.28         

Boltzmann averaged free energy/enthalpy of ensemble on optimized geometries:
temperature /K:   avE(T) /a.u.   avG(T) /a.u.
    298.15        -276.2909548    -276.1102836     <<==part2==
----------------------------------------------------------------------------------------------------


--------------------------------- OPTIMIZATION RANKING COMPARISON ----------------------------------

CONF#       ΔGtot prescreening       ΔGtot screening       ΔGtot optimization   
                [kcal/mol]             [kcal/mol]              [kcal/mol]       
CONF1              0.00                   0.00                    0.00          
CONF2              2.31                   2.21                    2.78          
CONF3              2.72                   2.55                    3.12          
CONF4              2.60                   2.76                    3.40          
CONF5              2.52                   2.97                    3.48          
----------------------------------------------------------------------------------------------------



Number of conformers:         5
Highest ranked conformer:     CONF1


Ran optimization in 181.57 seconds!

Ran CENSO in 00:03:43

CENSO all done!
