24
 energy: -463.637779823330 gnorm: 0.002470435320 xtb: 6.7.1 (edcfbbe)
C           -2.90710983914093        0.54805885755620        1.17613936961111
O           -1.76944171053679        0.76651555959373        0.31931858225082
C           -1.06006596346323       -0.34985563157960        0.01679377662528
O           -1.35250004297332       -1.44445738543098        0.43788750754211
C            0.08405418727091       -0.03940295586561       -0.93544416263871
C            1.05702881963490       -1.22174795787311       -1.02026824523071
C            1.88247759747547       -1.37239328133320        0.26159585719712
C            2.60574580759830       -0.07272556475705        0.62296262290857
C            1.62197775160208        1.09598331212511        0.72301024179087
C            0.83039460387977        1.25751586267124       -0.57576118598460
H           -2.59002526290785        0.12174479335342        2.13091208881087
H           -3.61749653593538       -0.13311758283936        0.70146933648289
H           -3.35505872619577        1.53094310174735        1.32358062126790
H           -0.40201533850768        0.10165616373653       -1.91251975707773
H            0.50633268396982       -2.14396298967181       -1.22638952351210
H            1.73042151468461       -1.04179682860119       -1.86853472341354
H            1.21454115767749       -1.66025300624157        1.08259540940592
H            2.60446959839006       -2.18806395825443        0.14120731528498
H            3.15094657779076       -0.19327447015498        1.56614122442299
H            3.35435622177423        0.15679017401838       -0.14893813008512
H            0.92542235047007        0.91785163615763        1.55524408530719
H            2.15350699823212        2.02642323142128        0.95321667676092
H            0.13098651263675        2.09452863302549       -0.50954862373844
H            1.52815651541267        1.47859435930793       -1.39434649802940
24
 energy: -463.637784004268 gnorm: 0.000817604794 xtb: 6.7.1 (edcfbbe)
C           -2.90803315557787        0.54759699257972        1.17570756641637
O           -1.77025744992406        0.76722726314249        0.31848182503557
C           -1.05918352707182       -0.34858129919691        0.01842094464210
O           -1.35230802548557       -1.44436726223766        0.43811158904124
C            0.08430908919830       -0.03906501638882       -0.93516671761537
C            1.05726324231417       -1.22162871099346       -1.02038134425275
C            1.88177687410127       -1.37231842108940        0.26185980269895
C            2.60591214712212       -0.07279906053961        0.62211724520655
C            1.62278274335452        1.09625818480351        0.72328881197900
C            0.83081254666667        1.25753347915552       -0.57542695002203
H           -2.59007831031192        0.12178087682695        2.13100027154363
H           -3.61814105709191       -0.13473678417205        0.70115645168229
H           -3.35669599601743        1.53019838079878        1.32246038924015
H           -0.40156615493057        0.10121769111722       -1.91250509976307
H            0.50587802016685       -2.14345509399584       -1.22626195978761
H            1.73090242075867       -1.04217736236141       -1.86856950696631
H            1.21425479782234       -1.65962754716753        1.08346873676236
H            2.60324210216673       -2.18843331527502        0.14150617081246
H            3.15178555678157       -0.19314333815735        1.56494042253947
H            3.35413502226001        0.15573708194490       -0.15050031891401
H            0.92627333237244        0.91812660121271        1.55555825450639
H            2.15474035015826        2.02638965406611        0.95353975180470
H            0.13146041302867        2.09448192383261       -0.50805241855473
H            1.52784032887036        1.47933925998904       -1.39443004846945
24
 energy: -463.637784004268 gnorm: 0.000817604794 xtb: 6.7.1 (edcfbbe)
C           -2.90803315557787        0.54759699257972        1.17570756641637
O           -1.77025744992406        0.76722726314249        0.31848182503557
C           -1.05918352707182       -0.34858129919691        0.01842094464210
O           -1.35230802548557       -1.44436726223766        0.43811158904124
C            0.08430908919830       -0.03906501638882       -0.93516671761537
C            1.05726324231417       -1.22162871099346       -1.02038134425275
C            1.88177687410127       -1.37231842108940        0.26185980269895
C            2.60591214712212       -0.07279906053961        0.62211724520655
C            1.62278274335452        1.09625818480351        0.72328881197900
C            0.83081254666667        1.25753347915552       -0.57542695002203
H           -2.59007831031192        0.12178087682695        2.13100027154363
H           -3.61814105709191       -0.13473678417205        0.70115645168229
H           -3.35669599601743        1.53019838079878        1.32246038924015
H           -0.40156615493057        0.10121769111722       -1.91250509976307
H            0.50587802016685       -2.14345509399584       -1.22626195978761
H            1.73090242075867       -1.04217736236141       -1.86856950696631
H            1.21425479782234       -1.65962754716753        1.08346873676236
H            2.60324210216673       -2.18843331527502        0.14150617081246
H            3.15178555678157       -0.19314333815735        1.56494042253947
H            3.35413502226001        0.15573708194490       -0.15050031891401
H            0.92627333237244        0.91812660121271        1.55555825450639
H            2.15474035015826        2.02638965406611        0.95353975180470
H            0.13146041302867        2.09448192383261       -0.50805241855473
H            1.52784032887036        1.47933925998904       -1.39443004846945
