16
 energy: -400.833952778324 gnorm: 0.002171063013 xtb: 6.7.1 (edcfbbe)
C            2.49139820721711       -1.15556031965460        0.21189997673632
C            1.70122404791581        0.13112512564296        0.15085440728781
O            2.26156994688218        1.21239176647470        0.13028302056753
C            0.20730151013150        0.05767075865911        0.13037662515927
C           -0.52839971864921        1.24426603046301        0.06053067370374
C           -1.91036186286188        1.17576946613119        0.03724346539339
C           -2.51566342705373       -0.07929653852075        0.08913677736313
N           -1.83518167606839       -1.22661066709710        0.16114282544376
C           -0.50255733434028       -1.14623750054766        0.17877523348211
H            2.14520467530813       -1.88501111041491       -0.52366204073142
H            2.37814476761315       -1.61029625574429        1.20137702678760
H            3.54325679712147       -0.93057915918889        0.04601655135840
H            0.00501934622932        2.18842068496595        0.02576394278246
H           -2.51705865532159        2.07318583510339       -0.02009854607020
H           -3.60068592230208       -0.16683878606840        0.07235171717753
H            0.02329307474442       -2.09715554298917        0.23814713184601
16
 energy: -400.833978398061 gnorm: 0.000968869771 xtb: 6.7.1 (edcfbbe)
C            2.49142211966880       -1.15542449684153        0.21173089742379
C            1.70150960995872        0.13125397708138        0.14831952685008
O            2.26161448100680        1.21281394019783        0.12987462776654
C            0.20756296070549        0.05750938651354        0.12880997037031
C           -0.52813471584110        1.24413601869965        0.05925413660488
C           -1.91017574444342        1.17568308898690        0.03750525676474
C           -2.51554919615899       -0.07943099899997        0.09014626444999
N           -1.83509082929359       -1.22685312341999        0.16327240322645
C           -0.50231390407092       -1.14634594075600        0.18017773406085
H            2.15007373638198       -1.88131248590402       -0.53142546220055
H            2.36895992960159       -1.61542974230302        1.19931661517041
H            3.54554673951423       -0.92889372650978        0.05404083423951
H            0.00522941467295        2.18835299725997        0.02289545070399
H           -2.51688009368323        2.07323201727506       -0.01925547853758
H           -3.60074371134759       -0.16684983463814        0.07377448131763
H            0.02347335986160       -2.09719739350626        0.24170195179900
16
 energy: -400.834002664100 gnorm: 0.007359498315 xtb: 6.7.1 (edcfbbe)
C            2.49117851404809       -1.15460941420193        0.20942778554994
C            1.70291845040557        0.13269777374065        0.14593624513250
O            2.26212074272028        1.21512378206785        0.12550772690098
C            0.20890404750365        0.05756653880355        0.12213810933164
C           -0.52719424647513        1.24375987985546        0.04863322071298
C           -1.90949870119514        1.17501076242122        0.03704238994998
C           -2.51472250184903       -0.08014199800899        0.09765644130357
N           -1.83413933621296       -1.22761088981901        0.17714118189184
C           -0.50068450478603       -1.14614917330836        0.18969986218283
H            2.17983905115167       -1.85611004223934       -0.57830698646790
H            2.31749621572035       -1.64965659403630        1.17980846684501
H            3.55603875647255       -0.92187926059237        0.10288632683606
H            0.00571066252329        2.18822779083834        0.00427850280247
H           -2.51644852268419        2.07280444556899       -0.01733029557176
H           -3.60040397727560       -0.16740241955948        0.08305396707102
H            0.02539127758453       -2.09638791616659        0.26256967326611
16
 energy: -400.834049233101 gnorm: 0.004103388222 xtb: 6.7.1 (edcfbbe)
C            2.49086714564793       -1.15471948946712        0.20976296583263
C            1.70264647885910        0.13260889000404        0.14506540618718
O            2.26218124130382        1.21466010658485        0.12470669444059
C            0.20863283942563        0.05794458804165        0.12520033230333
C           -0.52750902594619        1.24400235222428        0.05112597675303
C           -1.90971289682811        1.17509224857680        0.03672307375009
C           -2.51469831576332       -0.08006389296637        0.09682363813650
N           -1.83391537953921       -1.22730784150304        0.17572119697844
C           -0.50070898484352       -1.14580461891488        0.18967310060558
H            2.17790614121369       -1.85762452916066       -0.57247650443565
H            2.32365643893414       -1.64690716603394        1.17923781511265
H            3.55325613480849       -0.92401412979070        0.09935262830422
H            0.00536750669272        2.18834741705970        0.00670522384697
H           -2.51675564713118        2.07262188868332       -0.01936770833241
H           -3.60020814535096       -0.16755958286879        0.08241175001843
H            0.02550013424125       -2.09603292687636        0.25947676194213
16
 energy: -400.834089127967 gnorm: 0.001260298609 xtb: 6.7.1 (edcfbbe)
C            2.49005533815666       -1.15488848260866        0.20943535690762
C            1.70274273631529        0.13306067123163        0.14561781703307
O            2.26274364947712        1.21450516082863        0.12127639041022
C            0.20864788074077        0.05877277646854        0.12847102472377
C           -0.52772743826255        1.24437365252957        0.05127910920796
C           -1.90986205191225        1.17498228554597        0.03565875797535
C           -2.51428400345259       -0.08016979977376        0.09872998372667
N           -1.83297940533600       -1.22692840414019        0.17860370049687
C           -0.50003908647674       -1.14506678716371        0.19237757030918
H            2.18462029260820       -1.85045031697349       -0.57928436906361
H            2.31657960433954       -1.65504072776830        1.17028301579382
H            3.55132068589653       -0.92526892083272        0.11034645968977
H            0.00489482289513        2.18859501380821        0.00471760962496
H           -2.51727343708925        2.07193889325330       -0.02403160179027
H           -3.59960145102725       -0.16822370138948        0.08517818313224
H            0.02666759009340       -2.09494801313555        0.26148427475932
16
 energy: -400.834133248760 gnorm: 0.001098610174 xtb: 6.7.1 (edcfbbe)
C            2.48852472440838       -1.15521187573438        0.20815686210420
C            1.70321982902242        0.13392877074973        0.14557504173394
O            2.26458812559581        1.21425080884455        0.11136306560609
C            0.20918124483002        0.06077851427696        0.13425668401239
C           -0.52802496119064        1.24521303211703        0.04904564211219
C           -1.91007522068999        1.17448325526704        0.03284846767914
C           -2.51319950342847       -0.08069089527888        0.10472410789842
N           -1.83074366088742       -1.22624913968474        0.18925115478819
C           -0.49820363148011       -1.14328270630547        0.20226431539242
H            2.20841329783567       -1.82733686440485       -0.60931669395909
H            2.28413394382322       -1.68300079923693        1.14620104064564
H            3.55153246390088       -0.92500740312920        0.14911747471417
H            0.00391337169912        2.18938801576221       -0.00455237078849
H           -2.51833800072351        2.07024653930918       -0.03418501502132
H           -3.59822529475846       -0.16990127630987        0.09452595878420
H            0.02980971594218       -2.09236486403328        0.27087051423139
16
 energy: -400.834142647687 gnorm: 0.002448374945 xtb: 6.7.1 (edcfbbe)
C            2.48791089934448       -1.15532199473395        0.20750775671380
C            1.70378206288280        0.13470569137844        0.14583405135288
O            2.26555645355587        1.21465841800426        0.10257996293346
C            0.20983683599334        0.06149365584555        0.13406324916921
C           -0.52768878442567        1.24536414501039        0.04419691667794
C           -1.90986027711236        1.17400422783300        0.03156975701071
C           -2.51272458497204       -0.08093084349564        0.11188714376788
N           -1.82995543147124       -1.22604763289449        0.20007925302934
C           -0.49732396814112       -1.14265556439291        0.20833434761108
H            2.23431680435116       -1.80491651661790       -0.63971746177634
H            2.25023506895398       -1.70974880687273        1.12467840483096
H            3.55366130799603       -0.92261686234832        0.18725092110594
H            0.00377976286246        2.18958831534152       -0.01423498774687
H           -2.51852264498588        2.06918802095815       -0.04024089513490
H           -3.59785659100343       -0.17043416518391        0.10298501302400
H            0.03136063272837       -2.09108728645920        0.28337545113244
16
 energy: -400.834148667045 gnorm: 0.000929883008 xtb: 6.7.1 (edcfbbe)
C            2.48843147664639       -1.15539405770550        0.20807338008243
C            1.70361022894181        0.13424252612916        0.14617520088708
O            2.26520465864926        1.21432277518209        0.10275786197878
C            0.20963732114841        0.06105296514070        0.13353194762754
C           -0.52770343617638        1.24515923356730        0.04480553672460
C           -1.90988341208245        1.17411741144963        0.03188467592988
C           -2.51306037000949       -0.08074005973625        0.11014715443170
N           -1.83060617364957       -1.22606880267250        0.19807258030579
C           -0.49793120469524       -1.14298271397779        0.20744830515516
H            2.23121358141454       -1.80849699500251       -0.63339907617813
H            2.25668709554541       -1.70439349379200        1.12817373023116
H            3.55309261134060       -0.92289785371594        0.18075511391552
H            0.00394169470992        2.18937925880397       -0.01201427299056
H           -2.51834961771389        2.06953603092348       -0.03833568010537
H           -3.59825023487981       -0.16990009175414        0.10159193047682
H            0.03047324464259       -2.09169333200936        0.28047984631122
16
 energy: -400.834150068860 gnorm: 0.000682692226 xtb: 6.7.1 (edcfbbe)
C            2.48885024551903       -1.15544489330029        0.20877963165349
C            1.70350108416929        0.13359321458668        0.14324629401426
O            2.26489948396506        1.21383456268581        0.10088818144935
C            0.20949869766165        0.06077919586719        0.13287324163711
C           -0.52781487188328        1.24498586727097        0.04490917727136
C           -1.90998619922324        1.17420139765148        0.03228250017059
C           -2.51329178413021       -0.08053952720618        0.11027701465817
N           -1.83099437376670       -1.22595551341642        0.19799601306335
C           -0.49833449381835       -1.14308064931742        0.20757998732432
H            2.23499477437485       -1.80769373868805       -0.63332613913507
H            2.25497536668958       -1.70437074268311        1.12728304555266
H            3.55318998602893       -0.92269946950226        0.18470447456800
H            0.00396422027055        2.18915519304171       -0.01262623252600
H           -2.51831306330586        2.06980676612681       -0.03649460374770
H           -3.59848201238942       -0.16938937068926        0.10244220624296
H            0.02985087216140       -2.09193965568600        0.27933299165158
16
 energy: -400.834150068860 gnorm: 0.000682692226 xtb: 6.7.1 (edcfbbe)
C            2.48885024551903       -1.15544489330029        0.20877963165349
C            1.70350108416929        0.13359321458668        0.14324629401426
O            2.26489948396506        1.21383456268581        0.10088818144935
C            0.20949869766165        0.06077919586719        0.13287324163711
C           -0.52781487188328        1.24498586727097        0.04490917727136
C           -1.90998619922324        1.17420139765148        0.03228250017059
C           -2.51329178413021       -0.08053952720618        0.11027701465817
N           -1.83099437376670       -1.22595551341642        0.19799601306335
C           -0.49833449381835       -1.14308064931742        0.20757998732432
H            2.23499477437485       -1.80769373868805       -0.63332613913507
H            2.25497536668958       -1.70437074268311        1.12728304555266
H            3.55318998602893       -0.92269946950226        0.18470447456800
H            0.00396422027055        2.18915519304171       -0.01262623252600
H           -2.51831306330586        2.06980676612681       -0.03649460374770
H           -3.59848201238942       -0.16938937068926        0.10244220624296
H            0.02985087216140       -2.09193965568600        0.27933299165158
