15
 energy: -196.461179359565 gnorm: 0.002656561655 xtb: 6.7.1 (edcfbbe)
C           -2.19489571327482        0.32258011344188        0.31155258143068
C           -1.01110044385221        0.14385635003921       -0.64830611160528
C            0.00348124162609       -0.81126352701097       -0.09842228622776
C            1.27106572580929       -0.56203737251392        0.23986874049083
C            2.00975279132378        0.73509822948716        0.13286815233521
H           -2.66250591757742       -0.64112176006061        0.53501453755618
H           -2.95936520658434        0.97616801663486       -0.11945885755592
H           -1.86217509384636        0.75831763057032        1.25711014006173
H           -1.38554015208619       -0.24613656064952       -1.60374212523504
H           -0.56129768500892        1.11647833581034       -0.86623307761549
H           -0.36581529052893       -1.82506745385426        0.06123597457465
H            1.85009397653245       -1.39130775467540        0.64536795805093
H            1.40779974179749        1.53407256079453       -0.30002241866026
H            2.90782690824131        0.61701480732849       -0.48326218054486
H            2.35203226239798        1.06270155530513        1.11983825054683
15
 energy: -196.461189479366 gnorm: 0.000687610425 xtb: 6.7.1 (edcfbbe)
C           -2.19546296862027        0.32322625353253        0.31084946646074
C           -1.01052264957369        0.14281721104753       -0.64787447157796
C            0.00399059017455       -0.81269669996690       -0.09789733959202
C            1.27169431783037       -0.56291235206154        0.23955019437270
C            2.00964751424088        0.73467414933065        0.13304896259429
H           -2.66522685933460       -0.64001973518738        0.53469182908290
H           -2.95848987840301        0.97838467660780       -0.12073657805159
H           -1.86228143357897        0.75844354668679        1.25750219689913
H           -1.38511408488924       -0.24692948534106       -1.60406172608310
H           -0.56040874087311        1.11576972605453       -0.86527802897845
H           -0.36573532255500       -1.82622181795621        0.06181846329197
H            1.85221366813656       -1.39124062078713        0.64457388003080
H            1.40478640141832        1.53440309384199       -0.29739899675622
H            2.90685199925705        0.61811068515827       -0.48616534690908
H            2.35341459781240        1.06354441718738        1.12078664325311
15
 energy: -196.461193009398 gnorm: 0.000983251171 xtb: 6.7.1 (edcfbbe)
C           -2.19602347561923        0.32431340218369        0.30983832452848
C           -1.00944261656114        0.14099934733813       -0.64679989150552
C            0.00455703836430       -0.81487026063589       -0.09571880334555
C            1.27253515009551       -0.56405523788964        0.24010756505056
C            2.00848829995045        0.73448889666942        0.13302310138856
H           -2.67025946950195       -0.63742345270380        0.53314248060276
H           -2.95545824681233        0.98265624372795       -0.12337640864230
H           -1.86313475516276        0.75825447444920        1.25800173959559
H           -1.38315149955237       -0.24877562267036       -1.60394860235292
H           -0.55840010311331        1.11378970522777       -0.86396586937205
H           -0.36516660908063       -1.82851074286748        0.06279737638672
H            1.85573462781382       -1.39149406940945        0.64309547104774
H            1.39941948253499        1.53557450250681       -0.29135883931462
H            2.90279641923600        0.62154164900155       -0.49201232716851
H            2.35686289803798        1.06286393442152        1.12058354552695
15
 energy: -196.461193009398 gnorm: 0.000983251171 xtb: 6.7.1 (edcfbbe)
C           -2.19602347561923        0.32431340218369        0.30983832452848
C           -1.00944261656114        0.14099934733813       -0.64679989150552
C            0.00455703836430       -0.81487026063589       -0.09571880334555
C            1.27253515009551       -0.56405523788964        0.24010756505056
C            2.00848829995045        0.73448889666942        0.13302310138856
H           -2.67025946950195       -0.63742345270380        0.53314248060276
H           -2.95545824681233        0.98265624372795       -0.12337640864230
H           -1.86313475516276        0.75825447444920        1.25800173959559
H           -1.38315149955237       -0.24877562267036       -1.60394860235292
H           -0.55840010311331        1.11378970522777       -0.86396586937205
H           -0.36516660908063       -1.82851074286748        0.06279737638672
H            1.85573462781382       -1.39149406940945        0.64309547104774
H            1.39941948253499        1.53557450250681       -0.29135883931462
H            2.90279641923600        0.62154164900155       -0.49201232716851
H            2.35686289803798        1.06286393442152        1.12058354552695
