27
 energy: -33.635578959593 gnorm: 0.030496973651 xtb: 6.7.1 (edcfbbe)
C            3.70821035100341       -0.28203448571214        0.11651670945719
C            2.22069803514687       -0.18012805260745        0.01343889019970
C            1.58007479139079        1.00362936104242       -0.01657579920155
C            0.12892270885246        1.13315017691153       -0.19074902409986
O           -0.40539662021981        2.23354562707775       -0.20430969318417
C           -0.66008880932092       -0.15853127906258       -0.41969270625550
H           -0.53637633781001       -0.36553290256897       -1.49804508549962
C           -0.00165410551574       -1.31231795189428        0.34337429474356
C            1.45986243101262       -1.47320291572682       -0.06572787581389
C           -2.16377575005108        0.03035063125275       -0.15365303534254
C           -2.99154092587613       -1.10646529171774       -0.75604267364458
C           -2.47443162680120        0.20242983293780        1.33544854611625
H            3.99191020486244       -0.78350519926591        1.05042331894476
H            4.18992510229391        0.69742913815886        0.08407949772559
H            4.10609622008154       -0.89880354697336       -0.69915642250049
H            2.12802161200105        1.93999542684140        0.05446600549126
H           -0.04388744895714       -1.10774216070202        1.42001937155562
H           -0.54512527979483       -2.24692880030937        0.17000437445231
H            1.95910612483632       -2.22632460716457        0.55696772341689
H            1.52632234711617       -1.85038839997471       -1.09903664055218
H           -2.44031672208253        0.96313158337200       -0.65830858802430
H           -4.06103690813818       -0.91093556782111       -0.62703399435741
H           -2.77741557336100       -2.06580751705696       -0.27111496179113
H           -2.79831453072850       -1.21870207853940       -1.82851940940923
H           -1.85923330597444        0.98918472904740        1.78228354786150
H           -2.30947501755650       -0.72829428687053        1.89014903104932
H           -3.52376416357190        0.48157001798327        1.47332445073062
27
 energy: -33.636654014140 gnorm: 0.009086749604 xtb: 6.7.1 (edcfbbe)
C            3.69662323278209       -0.28436439485465        0.11782119192541
C            2.21141242230535       -0.18228945121043        0.01134438774061
C            1.57014423057974        0.99250003028784       -0.01915371046652
C            0.12251820762669        1.12945962992823       -0.18550024045847
O           -0.41182448029828        2.22163606094689       -0.20312269191678
C           -0.65020277190928       -0.16405047273602       -0.42144374289818
H           -0.52961790155377       -0.36946082619786       -1.49748494530441
C            0.00473965814524       -1.30793294789623        0.35324292589666
C            1.45924977196514       -1.47538482549705       -0.07007286115660
C           -2.15346444732669        0.03081876463591       -0.15393640682904
C           -2.98436699994943       -1.10169114598574       -0.75154069727938
C           -2.46858248486160        0.19513816704661        1.33118441039441
H            3.97716594670383       -0.77745465801683        1.05126038695208
H            4.16887397115525        0.69456929810982        0.08582095111054
H            4.09200570458270       -0.89340933208084       -0.69789956327768
H            2.11405041775816        1.92533426023970        0.05511239562522
H           -0.03360642474118       -1.09560267024282        1.42520987657138
H           -0.53749806669252       -2.23883559972508        0.17425437343094
H            1.95241063117030       -2.22585774600774        0.55575585615261
H            1.51163817215566       -1.84207073659341       -1.10441293087805
H           -2.43353292810602        0.96338236993895       -0.65661246763277
H           -4.04683022571027       -0.89751357460537       -0.62223672114144
H           -2.76822335594272       -2.05282973347294       -0.26461567694426
H           -2.78873400720908       -1.20963362917637       -1.81827286273094
H           -1.85253751309442        0.97972380864190        1.76687297371410
H           -2.30120618522572       -0.73193832663184        1.87974557565270
H           -3.51328777147148        0.47652916181260        1.46121006581595
27
 energy: -33.636776994420 gnorm: 0.002188882126 xtb: 6.7.1 (edcfbbe)
C            3.69185526900690       -0.28465056702607        0.11941595207845
C            2.20694835684154       -0.18373655493134        0.01143749202794
C            1.56570461702026        0.98814660926736       -0.01823262838786
C            0.12012931970151        1.13086938025069       -0.19274595083209
O           -0.41537326426205        2.21966077168543       -0.20188841246601
C           -0.64728896636109       -0.16515482818171       -0.42176113074746
H           -0.52898257355791       -0.37582471793829       -1.49509595311587
C            0.00491284623226       -1.30573470469763        0.35779478578142
C            1.45726343825078       -1.47703831603672       -0.07254681538259
C           -2.15079480759174        0.02944873801860       -0.15492029025759
C           -2.98196138103671       -1.10176681470465       -0.75360471295521
C           -2.46071897639850        0.19273152395326        1.33065765251961
H            3.96803237766666       -0.77454470779017        1.05309283627965
H            4.15934766825420        0.69523884456699        0.08798551431823
H            4.08513996587096       -0.89136637300311       -0.69584535705196
H            2.10905173270207        1.91931427075003        0.06154561313970
H           -0.02545776281680       -1.08360537225394        1.42593930053317
H           -0.53953168961494       -2.23539990672646        0.18554732808547
H            1.94986372284224       -2.22907842178010        0.54906236553687
H            1.49821700579180       -1.83633309974686       -1.10772626374428
H           -2.42894047844234        0.96307536899570       -0.65627393942330
H           -4.04110681612981       -0.89280000254721       -0.62395759084646
H           -2.76515984276029       -2.04823417898654       -0.26343787988674
H           -2.78433850922456       -1.20956590348134       -1.81788387204461
H           -1.84390288147166        0.97583400806716        1.76348569995778
H           -2.29214616974426       -0.73432252739134        1.87372829700321
H           -3.50344539793084        0.47360896232548        1.45875781194866
27
 energy: -33.636804439198 gnorm: 0.001735653334 xtb: 6.7.1 (edcfbbe)
C            3.69098341398397       -0.28494874379802        0.12157658164559
C            2.20596606384413       -0.18456170832938        0.00987754261795
C            1.56500620375120        0.98746056536076       -0.02038663612715
C            0.11853806973868        1.13126960927842       -0.18980419053623
O           -0.41666675055325        2.21993021105242       -0.20263961420659
C           -0.64708513804648       -0.16530377966794       -0.42230350521125
H           -0.52694943496932       -0.37903602884590       -1.49459088987447
C            0.00492709374074       -1.30328665492346        0.36096433958799
C            1.45587261765096       -1.47779075854915       -0.07529113688455
C           -2.15079103743112        0.02937224612593       -0.15617574082496
C           -2.98202868036582       -1.10201223882309       -0.75517135203592
C           -2.45838755035848        0.19087580270461        1.33048669519680
H            3.96445288779205       -0.77410782469197        1.05608263930512
H            4.15725508685011        0.69561198734952        0.09049633364794
H            4.08471463882053       -0.89171346672796       -0.69288246593999
H            2.10921149643181        1.91837036052253        0.05935046383368
H           -0.01979345863177       -1.07509159822358        1.42766197601400
H           -0.54195831869848       -2.23256616989510        0.19563474109293
H            1.94967428830357       -2.23208888249196        0.54194377714739
H            1.49045260686676       -1.83358957344785       -1.11139553200541
H           -2.42812879559370        0.96382234492237       -0.65640015329745
H           -4.04081219300329       -0.89176149362523       -0.62674593894084
H           -2.76580281995428       -2.04772880411281       -0.26373694883860
H           -2.78254876399603       -1.21020696106898       -1.81887961032015
H           -1.84007509965226        0.97313988218762        1.76250075178557
H           -2.28813615173300       -0.73698467914489        1.87121815917441
H           -3.50057347194957        0.47169783752031        1.46113956606232
27
 energy: -33.636833886928 gnorm: 0.001960442528 xtb: 6.7.1 (edcfbbe)
C            3.69013630425991       -0.28614907495723        0.12638450925736
C            2.20493614566436       -0.18596177574431        0.00697711341067
C            1.56491250606937        0.98728299145254       -0.02398295845503
C            0.11790161825632        1.13232974657506       -0.19457228241672
O           -0.41778657506759        2.22103269357528       -0.20607413925449
C           -0.64770353968882       -0.16552503876858       -0.42368061033355
H           -0.52481523930871       -0.38645272846334       -1.49410141066440
C            0.00592059867667       -1.29700647722649        0.36838281612205
C            1.45267189971707       -1.47833440046616       -0.08246191450879
C           -2.15149995320445        0.02914063930976       -0.15796589957003
C           -2.98305644751622       -1.10215146607828       -0.75808058289046
C           -2.45556441653531        0.18639271652077        1.33071980672523
H            3.95754969748038       -0.77421597558846        1.06328772305543
H            4.15562517760799        0.69518112153122        0.09680475799968
H            4.08759097024038       -0.89402182644758       -0.68541939388355
H            2.11097270413717        1.91764962477655        0.05907207725622
H           -0.00493303931833       -1.05486195167362        1.43247330041514
H           -0.54634674316434       -2.22633976930883        0.22133137055488
H            1.94974967817016       -2.23935463224751        0.52345165712771
H            1.47386313830798       -1.82547867630557       -1.12168144073635
H           -2.42879081609886        0.96476298222049       -0.65590343454705
H           -4.04223344090550       -0.89048465845866       -0.63380558370100
H           -2.76925716885173       -2.04788026735590       -0.26492692145286
H           -2.77936070121187       -1.21151086362627       -1.82114240633194
H           -1.83419173976019        0.96715058087536        1.76192542167185
H           -2.28182733894669       -0.74352936859791        1.86746244521419
H           -3.49714647617148        0.46710733513488        1.46805583200396
27
 energy: -33.636844414594 gnorm: 0.000582324395 xtb: 6.7.1 (edcfbbe)
C            3.68997165090164       -0.28716373543951        0.12840502071195
C            2.20548092777825       -0.18570752012474        0.00481398079855
C            1.56589337757569        0.98789286665166       -0.02740637250160
C            0.11902874403518        1.13224093734012       -0.19827844014366
O           -0.41620220396862        2.22130744831299       -0.21016258209491
C           -0.64855131753709       -0.16560623144634       -0.42215922152205
H           -0.52640442561320       -0.38870949552986       -1.49237363286366
C            0.00760004743100       -1.29493870706899        0.37086579068214
C            1.45158450694370       -1.47693684636434       -0.08564030927237
C           -2.15201456614872        0.02868763538861       -0.15663341201317
C           -2.98298364856620       -1.10144170057944       -0.75919965316372
C           -2.45624051109356        0.18457903043281        1.33174334959319
H            3.95461669351881       -0.77471483659099        1.06676550053509
H            4.15736363375432        0.69317400372680        0.09957436334361
H            4.09093444769739       -0.89658826256941       -0.68100318281126
H            2.11187340595762        1.91795650396210        0.05649102088688
H            0.00188456162632       -1.04818093442105        1.43400230570664
H           -0.54580113522215       -2.22469401828471        0.23112987439719
H            1.95026263274505       -2.24103443528538        0.51540280670713
H            1.46857740630279       -1.82055731134012       -1.12637714180945
H           -2.43035792623374        0.96450613583663       -0.65351385235860
H           -4.04265273706672       -0.88993817876910       -0.63675678238237
H           -2.77116741609312       -2.04813462321298       -0.26652954664785
H           -2.77842410106089       -1.21112278446930       -1.82232676171390
H           -1.83571547106858        0.96518234057540        1.76480671818447
H           -2.28312214789336       -0.74597150076110        1.86793969596206
H           -3.49811762586415        0.46468570068745        1.46895031585779
27
 energy: -33.636847720893 gnorm: 0.000368526565 xtb: 6.7.1 (edcfbbe)
C            3.68955849575698       -0.28807332961650        0.13004645100874
C            2.20589506395891       -0.18542333778347        0.00365361749985
C            1.56637683546599        0.98816168734069       -0.03027157882794
C            0.11968805395272        1.13232009928889       -0.20155422003753
O           -0.41520148556113        2.22154719420030       -0.21579838489428
C           -0.64844025716307       -0.16576312890801       -0.42129494970820
H           -0.52769299916488       -0.39018024782022       -1.49151910568105
C            0.00906162392615       -1.29364233072898        0.37268057701320
C            1.45113308311994       -1.47599143592058       -0.08775478033466
C           -2.15147356480586        0.02876296943405       -0.15493349512413
C           -2.98222549061052       -1.10043632594197       -0.75903331153043
C           -2.45776708136602        0.18249265637890        1.33292578373095
H            3.95142084796704       -0.77476446766107        1.06974340885943
H            4.15853743180132        0.69147517994361        0.10119751589481
H            4.09227892073191       -0.89922809455305       -0.67728272838098
H            2.11184582305100        1.91829606194496        0.05264961194096
H            0.00593378683560       -1.04466157124047        1.43528454465465
H           -0.54462164026974       -2.22356063260606        0.23636186887608
H            1.95100551579725       -2.24201715380574        0.50984531649143
H            1.46534214064843       -1.81683500034389       -1.12957122610468
H           -2.42964007290480        0.96518991881155       -0.65092160142909
H           -4.04200458882701       -0.88871525652092       -0.63756152528998
H           -2.77137098692962       -2.04800489094860       -0.26759791061698
H           -2.77681848652254       -1.20883255320178       -1.82206558462310
H           -1.83839176799241        0.96291336635611        1.76768603922905
H           -2.28510524376691       -0.74831171640253        1.86877243758568
H           -3.50000715429106        0.46205382096198        1.46884308186632
27
 energy: -33.636848728407 gnorm: 0.000264722938 xtb: 6.7.1 (edcfbbe)
C            3.68960491161035       -0.28835267894321        0.13104245784140
C            2.20623109697297       -0.18518094936159        0.00307712876752
C            1.56669987994047        0.98835226587225       -0.03194510416956
C            0.11995320456819        1.13240605683609       -0.20319455780832
O           -0.41465181349892        2.22172578140076       -0.22008007386920
C           -0.64856473079229       -0.16576157742799       -0.42066914439241
H           -0.52888778271402       -0.39103911805773       -1.49084242155980
C            0.00952115176460       -1.29333028454187        0.37315307832852
C            1.45125592635878       -1.47572530578475       -0.08820185099477
C           -2.15156579328939        0.02883020901193       -0.15401720549145
C           -2.98228148931882       -1.09974304787669       -0.75945093285796
C           -2.45799288095385        0.18156109586204        1.33391934684317
H            3.95006787554864       -0.77409304879153        1.07161534096213
H            4.15926092238641        0.69086845324050        0.10156952399950
H            4.09269360216880       -0.90074817899851       -0.67510824765038
H            2.11192432359328        1.91872367314752        0.05061551750154
H            0.00689632529837       -1.04402709923561        1.43565778523312
H           -0.54429101791924       -2.22323872536848        0.23727351719549
H            1.95157900814382       -2.24228188106477        0.50826448251254
H            1.46438462543908       -1.81565203996061       -1.13029298326184
H           -2.42936039390758        0.96580967095765       -0.64921913144941
H           -4.04200560625414       -0.88835092971887       -0.63745929714448
H           -2.77096364216405       -2.04753482416027       -0.26875052438860
H           -2.77690256192333       -1.20716804179476       -1.82257026595861
H           -1.83936621480516        0.96192740107503        1.76994384265442
H           -2.28541309880987       -0.74964067136851        1.86909371102458
H           -3.50050902460544        0.46043527570918        1.46910586020100
27
 energy: -33.636849456691 gnorm: 0.000149124069 xtb: 6.7.1 (edcfbbe)
C            3.68971109500764       -0.28834157042169        0.13193522139393
C            2.20635651896483       -0.18495141191933        0.00323048681954
C            1.56681857186680        0.98851150129040       -0.03261085545740
C            0.12014199753271        1.13246434959887       -0.20501625739637
O           -0.41426186661290        2.22184357079101       -0.22443734857911
C           -0.64855814628783       -0.16583545603091       -0.42076832519578
H           -0.52975820558723       -0.39170600953649       -1.49092477201674
C            0.00951378486748       -1.29343958500710        0.37298758829911
C            1.45142293571408       -1.47559609019371       -0.08820007804644
C           -2.15150509071820        0.02913457752166       -0.15341614563416
C           -2.98251042889670       -1.09899207200498       -0.75945692268448
C           -2.45798533575673        0.18072239101771        1.33468802200210
H            3.94950818953656       -0.77289810790666        1.07325772361121
H            4.15970695218838        0.69069531357724        0.10140626886476
H            4.09284956779102       -0.90193016917659       -0.67324263707307
H            2.11193998811298        1.91906682809448        0.04949591271802
H            0.00659016266633       -1.04465499697486        1.43560381041616
H           -0.54410584585187       -2.22341709067729        0.23649790709117
H            1.95171793494481       -2.24207532716318        0.50826766031790
H            1.46452148203596       -1.81540919545219       -1.13026842353496
H           -2.42903816302093        0.96659759989352       -0.64784937731637
H           -4.04216176189663       -0.88806377208995       -0.63639757026540
H           -2.77041318281877       -2.04723813516437       -0.26997834097678
H           -2.77785436895645       -1.20505581195607       -1.82281951773778
H           -1.83967918563914        0.96105451403531        1.77125375323544
H           -2.28500989644053       -0.75076118065159        1.86925142574385
H           -3.50064089990801        0.45904681716397        1.47004064346978
27
 energy: -33.636850121963 gnorm: 0.000170600289 xtb: 6.7.1 (edcfbbe)
C            3.68964635368109       -0.28813497320385        0.13308720199627
C            2.20625930431416       -0.18487463626045        0.00350780780895
C            1.56668015087413        0.98852579017674       -0.03290420230976
C            0.12013653291833        1.13238109086909       -0.20683144853403
O           -0.41405120632337        2.22180838399810       -0.22899888460735
C           -0.64867372747994       -0.16605549885447       -0.42129778991791
H           -0.53062181851897       -0.39247549842813       -1.49140977089196
C            0.00942559076651       -1.29350436736392        0.37260316611521
C            1.45159411214803       -1.47564100540571       -0.08820547204906
C           -2.15150087776168        0.02932569979558       -0.15310057547102
C           -2.98309188922017       -1.09817680718709       -0.75953647598367
C           -2.45716518470893        0.17986413331281        1.33530916294238
H            3.94892787153832       -0.77107699064339        1.07535421163671
H            4.15960810243529        0.69087804278739        0.10114011203162
H            4.09299286949383       -0.90307200541444       -0.67092645105403
H            2.11173707428047        1.91913821648317        0.04925973551098
H            0.00617828752459       -1.04502534826947        1.43530702450331
H           -0.54400649816385       -2.22357181721608        0.23566282149493
H            1.95172901229473       -2.24196639313204        0.50856709997482
H            1.46499263907184       -1.81546076555440       -1.13023900236476
H           -2.42890745454039        0.96723469908965       -0.64670034866761
H           -4.04262456564084       -0.88766758531872       -0.63478694777992
H           -2.77002587121316       -2.04701504648247       -0.27162671461871
H           -2.77976960601612       -1.20266753708063       -1.82330137470112
H           -1.83875609214034        0.96008401246937        1.77194364187943
H           -2.28359541517097       -0.75189902841919        1.86915055980765
H           -3.49980089160491        0.45781671590976        1.47150276531678
27
 energy: -33.636850703493 gnorm: 0.000157920190 xtb: 6.7.1 (edcfbbe)
C            3.68947970495176       -0.28772949884354        0.13441095572940
C            2.20611229864539       -0.18484271481742        0.00379696280114
C            1.56640835034073        0.98849354979585       -0.03297399849783
C            0.12007516830381        1.13216724689137       -0.20866864525965
O           -0.41396441987380        2.22163184802608       -0.23325638323740
C           -0.64879990727051       -0.16644995259035       -0.42209433772535
H           -0.53142070155203       -0.39329965230147       -1.49218032676705
C            0.00933111108161       -1.29375200722167        0.37192731269169
C            1.45171036225800       -1.47568746003167       -0.08834895388524
C           -2.15142784811053        0.02935175871331       -0.15292863621619
C           -2.98389663366608       -1.09737262083390       -0.75956463194034
C           -2.45596224695627        0.17908453719869        1.33579770078993
H            3.94825121900435       -0.76883792121730        1.07775932501028
H            4.15932497195079        0.69128677092249        0.10091644905210
H            4.09332787211495       -0.90416153213996       -0.66819578713542
H            2.11135784208351        1.91912855192570        0.04949606497293
H            0.00593660965097       -1.04516985901253        1.43460304650127
H           -0.54396441718300       -2.22393119407135        0.23503366668729
H            1.95162163755550       -2.24190932373239        0.50875816012951
H            1.46562646468965       -1.81564899760859       -1.13031958915988
H           -2.42875889770280        0.96768500866353       -0.64574760830545
H           -4.04326719777564       -0.88716632605292       -0.63277887838205
H           -2.76993760795142       -2.04694957622511       -0.27346396978993
H           -2.78234110037438       -1.20023608685284       -1.82383537785415
H           -1.83702371839017        0.95897678874478        1.77230307958156
H           -2.28204367246981       -0.75298880257008        1.86896900760569
H           -3.49843844051690        0.45709894589851        1.47311524467129
27
 energy: -33.636851143284 gnorm: 0.000095819974 xtb: 6.7.1 (edcfbbe)
C            3.68925014062254       -0.28731260854441        0.13586058366647
C            2.20598896274884       -0.18484468021516        0.00395060868050
C            1.56607678356931        0.98838683134419       -0.03317964930492
C            0.11997226532111        1.13180519271300       -0.21045545010647
O           -0.41398562346571        2.22127019938248       -0.23697438788678
C           -0.64900640536392       -0.16694716281859       -0.42295033625976
H           -0.53227237262853       -0.39410735526292       -1.49304365479774
C            0.00946381473649       -1.29389484100064        0.37128750142185
C            1.45190333210540       -1.47578158386604       -0.08871386516389
C           -2.15139812638295        0.02929553913518       -0.15283609142380
C           -2.98483930471535       -1.09660480559082       -0.75955943677608
C           -2.45468269557555        0.17834750639336        1.33619894911923
H            3.94736639106376       -0.76644748990312        1.08042550163178
H            4.15896096901403        0.69170713304888        0.10083880724628
H            4.09392367411125       -0.90530962290074       -0.66513596573128
H            2.11083262551526        1.91907483888915        0.04966978888540
H            0.00600414323007       -1.04504730195710        1.43389898155428
H           -0.54366962298469       -2.22417868365858        0.23465504212928
H            1.95172020471691       -2.24197307463399        0.50857613010218
H            1.46633957630571       -1.81572284030149       -1.13072108765508
H           -2.42868087868415        0.96801520233050       -0.64496120143151
H           -4.04400359718515       -0.88655670730712       -0.63063780733070
H           -2.77008021915465       -2.04693100158613       -0.27525645252356
H           -2.78518327982532       -1.19792115496426       -1.82434913688143
H           -1.83486104699785        0.95758708139663        1.77263798147271
H           -2.28097441545712       -0.75412356524345        1.86874906621947
H           -3.49684849180206        0.45698643577841        1.47455543321174
27
 energy: -33.636851424960 gnorm: 0.000071161049 xtb: 6.7.1 (edcfbbe)
C            3.68906058507806       -0.28689024925337        0.13734038640187
C            2.20594547328744       -0.18478685914844        0.00389643927497
C            1.56584064219248        0.98833349239978       -0.03372976244376
C            0.11989524916106        1.13151167517718       -0.21204751023890
O           -0.41402407498953        2.22098081212245       -0.24001247609497
C           -0.64911770337072       -0.16741349067762       -0.42372654063938
H           -0.53298023048646       -0.39497051974426       -1.49379715273057
C            0.00954189046255       -1.29414982841799        0.37063801337875
C            1.45200715360204       -1.47576354614538       -0.08923256135491
C           -2.15128710043540        0.02915840387719       -0.15270166984419
C           -2.98567302596386       -1.09596745617396       -0.75949309014372
C           -2.45356736842017        0.17769848542023        1.33657309719410
H            3.94627128148464       -0.76414623312778        1.08312892400616
H            4.15874455773039        0.69209501269166        0.10095622000679
H            4.09463570164055       -0.90643803066414       -0.66199428785270
H            2.11037446935707        1.91909771772755        0.04947194921054
H            0.00624057417914       -1.04485806686474        1.43314506851198
H           -0.54350494936308       -2.22456666390358        0.23446624902610
H            1.95179350602241       -2.24205582003144        0.50798195991486
H            1.46669343282779       -1.81552122965019       -1.13130733410100
H           -2.42849758610780        0.96822139527116       -0.64421535250769
H           -4.04463388656817       -0.88602090854013       -0.62864867228979
H           -2.77021207688387       -2.04692163485603       -0.27674072898434
H           -2.78773231716826       -1.19596920119366       -1.82473074565624
H           -1.83258224169897        0.95596955377455        1.77309925111699
H           -2.28058967649455       -0.75529620232488        1.86844505012734
H           -3.49532547623713        0.45744087291305        1.47576512877989
27
 energy: -33.636851601150 gnorm: 0.000070244885 xtb: 6.7.1 (edcfbbe)
C            3.68889804435000       -0.28657304070322        0.13876735652933
C            2.20593673116385       -0.18471700365983        0.00385660853453
C            1.56566329344074        0.98830445509300       -0.03443736918208
C            0.11982438360431        1.13124869334407       -0.21357260099629
O           -0.41410013449854        2.22069182741043       -0.24249526886119
C           -0.64930047460667       -0.16778032329339       -0.42436159557584
H           -0.53374117360278       -0.39567968216718       -1.49441823344283
C            0.00973694240192       -1.29424738657703        0.37008088876504
C            1.45219812933480       -1.47577394369502       -0.08976527097360
C           -2.15128846664447        0.02913194339068       -0.15258623447116
C           -2.98637055425158       -1.09545744083310       -0.75938617201272
C           -2.45264263520057        0.17712629723218        1.33694123543679
H            3.94513660139939       -0.76210351884260        1.08570167658930
H            4.15860491047465        0.69235772591776        0.10117774699417
H            4.09533837150837       -0.90755668771051       -0.65900123035780
H            2.10999453117012        1.91918195745544        0.04882381377587
H            0.00643932926098       -1.04481773779255        1.43253386075718
H           -0.54317078811278       -2.22474857521600        0.23410788398310
H            1.95201327582607       -2.24222570212967        0.50722680160515
H            1.46698011487096       -1.81518347991597       -1.13195794265405
H           -2.42844624104485        0.96849484092584       -0.64357937146129
H           -4.04515467212836       -0.88564336412074       -0.62691991276161
H           -2.77026918773751       -2.04689996274984       -0.27787894851001
H           -2.78984917001060       -1.19438697859128       -1.82498557190413
H           -1.83039428214798        0.95424025011589        1.77374963010536
H           -2.28077869509850       -0.75646222240777        1.86815375543578
H           -3.49394138088332        0.45825054017763        1.47675431672117
27
 energy: -33.636851682300 gnorm: 0.000052104046 xtb: 6.7.1 (edcfbbe)
C            3.68880218440794       -0.28636869662536        0.13987157069283
C            2.20595299777414       -0.18459896125694        0.00367814350845
C            1.56562030242886        0.98835499041795       -0.03527078653274
C            0.11980465903516        1.13113235619579       -0.21467521822959
O           -0.41413007767457        2.22055955303211       -0.24417719982630
C           -0.64936997431652       -0.16797954487170       -0.42482313711427
H           -0.53427078591798       -0.39613518490686       -1.49487774326800
C            0.00979068142735       -1.29435473767551        0.36965444336590
C            1.45228198355991       -1.47568492076006       -0.09019941135764
C           -2.15123526960834        0.02906691841750       -0.15241628566200
C           -2.98680214593387       -1.09513714367308       -0.75925232448363
C           -2.45205795792382        0.17671431394397        1.33725968935339
H            3.94417612257207       -0.76066180492353        1.08766664346868
H            4.15860869292335        0.69248206557123        0.10146806492185
H            4.09590364245798       -0.90841856913593       -0.65671507683540
H            2.10981232784871        1.91931441755201        0.04805758416872
H            0.00643990906715       -1.04493543046645        1.43211482107692
H           -0.54300065085362       -2.22493234027180        0.23365246238112
H            1.95210434790033       -2.24225906062485        0.50661070761507
H            1.46709906081514       -1.81479166640510       -1.13248391545139
H           -2.42839200428729        0.96861784147898       -0.64303390747746
H           -4.04548444459739       -0.88546402218278       -0.62575391279869
H           -2.77021965133142       -2.04685220271278       -0.27850975616934
H           -2.79116755048444       -1.19339204582555       -1.82507378790137
H           -1.82871106722359        0.95278128063468        1.77436995543018
H           -2.28128023479366       -0.75739765841250        1.86790818217555
H           -3.49295829443391        0.45911173414377        1.47748004701734
