12
 energy: -703.557949727699 gnorm: 0.003329387103 xtb: 6.7.1 (edcfbbe)
C           -2.18444580161852       -0.03611039464483       -0.03505505250662
O           -0.98465162974533        0.25986594249406        0.71347027705885
S            0.44542226405601        0.09689167310445       -0.09095476174624
O            1.40384694569793        0.83377316864467        0.71742306864717
O            0.23140142339182        0.38463657834721       -1.50871134086603
C            0.76649264415805       -1.67024068615915        0.09353050263063
H           -3.00424024543363        0.26822393452518        0.61810939915163
H           -2.26364065031171       -1.10994390623903       -0.24503489066685
H           -2.21153318249071        0.53240131043271       -0.96839874250490
H           -0.01955326456612       -2.23184527929549       -0.41496263257730
H            1.73175178954027       -1.86217019701107       -0.38051556777152
H            0.80438888170053       -1.90281878315780        1.15884025860985
12
 energy: -703.557955540676 gnorm: 0.001769013944 xtb: 6.7.1 (edcfbbe)
C           -2.18510035053092       -0.03589688548095       -0.03537354829334
O           -0.98442218462340        0.25884987558299        0.71357033534387
S            0.44524872028713        0.09650857129660       -0.09112313625840
O            1.40428172111051        0.83389542530551        0.71719605488533
O            0.23101247627760        0.38444162043042       -1.50943576624002
C            0.76701904207664       -1.67033505549307        0.09377856947303
H           -3.00441883821690        0.26709660546575        0.61812708414953
H           -2.26426177762233       -1.10872541312458       -0.24691332099507
H           -2.21198629919008        0.53390077646652       -0.96708918954308
H           -0.01934952377569       -2.23223495575165       -0.41392480952659
H            1.73215514534106       -1.86275685979105       -0.38032417692706
H            0.80506097257522       -1.90208031238482        1.15925238971097
12
 energy: -703.557959368062 gnorm: 0.000993200270 xtb: 6.7.1 (edcfbbe)
C           -2.18657293078368       -0.03514341158109       -0.03651561679813
O           -0.98418962123695        0.25588743215578        0.71391917403044
S            0.44436407678711        0.09530093659129       -0.09150740300085
O            1.40454207776554        0.83430904948407        0.71600804341755
O            0.22936993866177        0.38327594219052       -1.51083374764830
C            0.76831415364524       -1.67075339011326        0.09470132914582
H           -3.00448106669051        0.26456931148689        0.61946844410833
H           -2.26510634406452       -1.10630964094124       -0.25299436029880
H           -2.21284170397463        0.53959240906601       -0.96437855780171
H           -0.01857905871427       -2.23401572204635       -0.41076586267735
H            1.73305284752663       -1.86361056235515       -0.37995848838143
H            0.80736651472307       -1.90043886861698        1.16059742257498
12
 energy: -703.557959368062 gnorm: 0.000993200270 xtb: 6.7.1 (edcfbbe)
C           -2.18657293078368       -0.03514341158109       -0.03651561679813
O           -0.98418962123695        0.25588743215578        0.71391917403044
S            0.44436407678711        0.09530093659129       -0.09150740300085
O            1.40454207776554        0.83430904948407        0.71600804341755
O            0.22936993866177        0.38327594219052       -1.51083374764830
C            0.76831415364524       -1.67075339011326        0.09470132914582
H           -3.00448106669051        0.26456931148689        0.61946844410833
H           -2.26510634406452       -1.10630964094124       -0.25299436029880
H           -2.21284170397463        0.53959240906601       -0.96437855780171
H           -0.01857905871427       -2.23401572204635       -0.41076586267735
H            1.73305284752663       -1.86361056235515       -0.37995848838143
H            0.80736651472307       -1.90043886861698        1.16059742257498
