12
 energy: -16.981253160133 gnorm: 0.024619417787 xtb: 6.7.1 (edcfbbe)
C           -1.97380655176260        0.45474680756892       -0.06166091013143
C           -0.89028074538429       -0.60436571002750        0.12354983581036
C            0.56619125958415       -0.16829699737760        0.02439084211009
O            1.47635505728194       -0.97136607970282        0.15971709400254
N            0.79750248457043        1.15467808833492       -0.22078731705432
H           -2.96550840624580        0.00357636889295        0.03288988351532
H           -1.90662251962507        1.24244775021809        0.69685196119305
H           -1.92542050025316        0.91710997395653       -1.05373271408972
H           -1.00660464198586       -1.40851338145418       -0.61156930156408
H           -0.98602077515459       -1.08735404575069        1.10243694081106
H            0.05878624805666        1.82473044402760       -0.33437260180322
H            1.75321163987458        1.46256559945216       -0.28922352620504
12
 energy: -16.981871125819 gnorm: 0.005159793625 xtb: 6.7.1 (edcfbbe)
C           -1.95924480406988        0.45722565928092       -0.06227591539139
C           -0.89155367489545       -0.60852688485848        0.12437912648384
C            0.55892728882761       -0.16495673291444        0.02394347791072
O            1.46924294245295       -0.95401276661933        0.15659008244744
N            0.78434564853258        1.14902768348351       -0.21956752245468
H           -2.94435402830279        0.00183684635919        0.03297192667963
H           -1.88181086242307        1.23690363056013        0.69617990714355
H           -1.90048763371775        0.91194249592993       -1.05167952758333
H           -1.01988868489415       -1.40373625093570       -0.61580863168742
H           -0.99920586591070       -1.08144888911317        1.10495522819695
H            0.04341665712331        1.81471020075365       -0.33220238935390
H            1.73839556623373        1.46099382621218       -0.28899557579682
12
 energy: -16.981898936564 gnorm: 0.001449293662 xtb: 6.7.1 (edcfbbe)
C           -1.95830615513343        0.45828207487336       -0.06248211770281
C           -0.89075195288470       -0.60941900474502        0.12456283522738
C            0.55982855016768       -0.16589401331243        0.02409888828254
O            1.47314912830202       -0.95046851633169        0.15589783515771
N            0.78096267742059        1.14594565194308       -0.21894843039995
H           -2.94331336387784        0.00572877441930        0.03225727459557
H           -1.87802221501047        1.23597096162219        0.69520302750582
H           -1.89665066077634        0.91131183818757       -1.05055310690123
H           -1.02133606126754       -1.40233531679716       -0.61626050227169
H           -1.00066732710698       -1.08003871209780        1.10491476085681
H            0.03888999146640        1.81035661976083       -0.33124271615056
H            1.73399993765699        1.46051846061617       -0.28895756160499
12
 energy: -16.981901111977 gnorm: 0.000408479811 xtb: 6.7.1 (edcfbbe)
C           -1.95747618044840        0.45948683231606       -0.06272016094561
C           -0.89072419498668       -0.61096221422163        0.12486536071748
C            0.56003567220901       -0.16657483533288        0.02426608239547
O            1.47530341755653       -0.94947460475106        0.15569397703726
N            0.77908712804329        1.14511812059416       -0.21876417283758
H           -2.94235852424588        0.00738559833493        0.03194495797087
H           -1.87610834143593        1.23631833966520        0.69535704757386
H           -1.89472564364828        0.91151576319436       -1.05089428435418
H           -1.02236165847210       -1.40299683614361       -0.61615312942113
H           -1.00172599385468       -1.08074472917450        1.10506632940108
H            0.03709420622397        1.80979682110937       -0.33101057953872
H            1.73174266201551        1.46109056254799       -0.28916124140420
12
 energy: -16.981901487441 gnorm: 0.000187677234 xtb: 6.7.1 (edcfbbe)
C           -1.95809231007304        0.45904954673822       -0.06263374122300
C           -0.89076291454037       -0.61072213036864        0.12481906574403
C            0.56002170757057       -0.16643853521762        0.02420356808133
O            1.47492759954665       -0.94970842529181        0.15575294087143
N            0.77974604488501        1.14541804204795       -0.21884001093441
H           -2.94303362577582        0.00668969976837        0.03209339576877
H           -1.87673349609529        1.23600154209610        0.69547032462162
H           -1.89536785004231        0.91116569304912       -1.05088315091657
H           -1.02233713079077       -1.40282699287942       -0.61620158496670
H           -1.00169895202577       -1.08055550665023        1.10505352890344
H            0.03852835882343        1.81093093967115       -0.33122043370375
H            1.73258511747410        1.46095494517520       -0.28912371565160
12
 energy: -16.981901565867 gnorm: 0.000096012199 xtb: 6.7.1 (edcfbbe)
C           -1.95804332707439        0.45897491751183       -0.06262263249950
C           -0.89081421752755       -0.61078717032255        0.12483243212061
C            0.55982511689330       -0.16643125798226        0.02425161618304
O            1.47465311536800       -0.94969736450655        0.15575668961213
N            0.77967926698940        1.14543132145526       -0.21885006727867
H           -2.94294831266496        0.00654979810551        0.03211062278310
H           -1.87684058268821        1.23601303143663        0.69540173710086
H           -1.89546642339887        0.91120975553390       -1.05082081284067
H           -1.02220965535815       -1.40292935284739       -0.61622146565643
H           -1.00158929939027       -1.08066405017477        1.10509361108216
H            0.03894447756234        1.81147766719649       -0.33129813529132
H            1.73259239024573        1.46081152273228       -0.28914340872071
