20
 energy: -25.645120108535 gnorm: 0.017731887121 xtb: 6.7.1 (edcfbbe)
C           -2.33255104138010       -1.23690880374717       -0.07226359682048
N           -1.61935147000724        0.00005114049870        0.20370565950019
C           -2.33246382446553        1.23695298338739       -0.07278902522967
C           -0.23431211411891       -0.00000201743159        0.09737479192081
C            0.49620865849822        1.20525244282838        0.04972840567067
C            1.88327569620762        1.19485295701944       -0.01309031562080
C            2.59507368134072       -0.00005760892936       -0.04279313836332
C            1.88322293860884       -1.19493686861440       -0.01320750051505
C            0.49615219686034       -1.20528366426389        0.04961513842931
H           -3.40421916913891       -1.06422359552674        0.04434085790895
H           -2.05033266292087       -2.01830853861186        0.64165583560136
H           -2.14933099768559       -1.61883570105426       -1.09093247641905
H           -3.40418355937085        1.06425264018732        0.04333401108419
H           -2.14877144378998        1.61868571328686       -1.09144419304698
H           -2.05060557621962        2.01850792312919        0.64111170834380
H           -0.01457142693647        2.15939832207301        0.06216677760981
H            2.41223149003019        2.14267856241543       -0.04617301537478
H            3.67801780786062       -0.00007938376379       -0.09605658859829
H            2.41213544511525       -2.14278237220306       -0.04640548607686
H           -0.01466310219760       -2.15941185206426        0.06191305209724
20
 energy: -25.645983803603 gnorm: 0.003996704076 xtb: 6.7.1 (edcfbbe)
C           -2.33228324141185       -1.22664987442067       -0.07298545598637
N           -1.61314402139693        0.00004928389307        0.19436479011947
C           -2.33219803907222        1.22669237148791       -0.07350892664044
C           -0.23160751046494       -0.00000318622789        0.08287456327736
C            0.49823070010475        1.19760028378007        0.04651754132540
C            1.87872818778286        1.18973048537711       -0.01205673360144
C            2.58574230215282       -0.00005671639403       -0.04271336189619
C            1.87867733450027       -1.18981450082380       -0.01217560484661
C            0.49817727671015       -1.19763327082028        0.04639880899363
H           -3.40036158041990       -1.04897867938621        0.04431065509615
H           -2.04482144178587       -1.99607257637149        0.64629868737987
H           -2.15093815293810       -1.60759192993348       -1.08754220743885
H           -3.40032563241753        1.04901867272836        0.04331974590878
H           -2.15039058254372        1.60744993076033       -1.08804921393392
H           -2.04508482268633        1.99626186374488        0.64576341834899
H           -0.00813880426954        2.14925329993951        0.06371211539247
H            2.40714498242243        2.13371804966628       -0.04225842450387
H            3.66472637203620       -0.00007774570037       -0.09346484092267
H            2.40705242149807       -2.13382220563901       -0.04247964829046
H           -0.00822422151049       -2.14927127704495        0.06346499431976
20
 energy: -25.646027902027 gnorm: 0.001671074602 xtb: 6.7.1 (edcfbbe)
C           -2.33036702692926       -1.22596932116764       -0.07288235243334
N           -1.61156856698493        0.00004761974688        0.18819021983088
C           -2.33028283031021        1.22601155549271       -0.07340074276670
C           -0.23188651235269       -0.00000408263387        0.07929161093332
C            0.49747577119042        1.19578405687475        0.04452135691767
C            1.87687218570981        1.18923431011149       -0.01273630491053
C            2.58277396470517       -0.00005633107807       -0.04266312939660
C            1.87682262905580       -1.18931857124724       -0.01284906616625
C            0.49742401708635       -1.19581834300810        0.04440747933912
H           -3.39717610448652       -1.04715885072251        0.04425858344808
H           -2.04248172454781       -1.99114722463448        0.64925739780697
H           -2.15163835031228       -1.61053813159158       -1.08516928172588
H           -3.39714057024398        1.04720476902388        0.04327808293312
H           -2.15109726884380        1.61039921215354       -1.08567219318980
H           -2.04273972478212        1.99133300028890        0.64872895718131
H           -0.00784700210850        2.14715577500598        0.06129063769951
H            2.40545012864115        2.13195809380413       -0.03888757028739
H            3.66093874465792       -0.00007692380914       -0.09112210199464
H            2.40535969285711       -2.13206263596911       -0.03910180362614
H           -0.00792992571147       -2.14717569802519        0.06105112250833
20
 energy: -25.646046032004 gnorm: 0.001313515918 xtb: 6.7.1 (edcfbbe)
C           -2.33005373425920       -1.22672350701386       -0.07257333340652
N           -1.61084600830883        0.00004519026916        0.17828599759800
C           -2.32997065085693        1.22676633196694       -0.07308189179814
C           -0.23234706292077       -0.00000496156215        0.07399606554218
C            0.49720624981464        1.19530481221233        0.04151311123586
C            1.87668934631754        1.18956834627339       -0.01192237769876
C            2.58217752320599       -0.00005626796751       -0.04020871819872
C            1.87664105270741       -1.18965331649721       -0.01202813626332
C            0.49715605077402       -1.19534058250529        0.04140668880290
H           -3.39644480079099       -1.04682157610281        0.04458724938767
H           -2.04138449635668       -1.98681888402422        0.65433192064408
H           -2.15332078494738       -1.61861747088284       -1.08210545179395
H           -3.39641009755120        1.04687301826412        0.04362452409247
H           -2.15278846087678        1.61848234262392       -1.08260074518762
H           -2.04163592633082        1.98700177949055        0.65381555142142
H           -0.00741875293016        2.14704310583208        0.05682402042497
H            2.40554659752470        2.13157466660408       -0.03666415117967
H            3.66020624380650       -0.00007642276021       -0.08714559560555
H            2.40545877076328       -2.13167957220626       -0.03686321793806
H           -0.00749953249417       -2.14706475339888        0.05659939202180
20
 energy: -25.646072705253 gnorm: 0.001527433537 xtb: 6.7.1 (edcfbbe)
C           -2.33114065504183       -1.22912281418155       -0.07132048996461
N           -1.60977294988745        0.00004001817499        0.15684107625922
C           -2.33106103045449        1.22916747174215       -0.07180341311724
C           -0.23245611423653       -0.00000634326266        0.06324542767027
C            0.49767403494560        1.19554609739146        0.03390363650179
C            1.87777348219885        1.19012334568245       -0.01140922406203
C            2.58328641634713       -0.00005684448175       -0.03493473165868
C            1.87772737747583       -1.19021027472049       -0.01149326604371
C            0.49762634243751       -1.19558444040354        0.03381875588683
H           -3.39739303673463       -1.04630227456239        0.04438980860426
H           -2.04187302139799       -1.97843236685806        0.66734715611461
H           -2.15688456733161       -1.63868953873624       -1.07472806376554
H           -3.39736041633346        1.04636236181580        0.04347233031715
H           -2.15637466815405        1.63856570656892       -1.07520172312724
H           -2.04211271618177        1.97860891504246        0.66686155591520
H           -0.00649674154166        2.14798832652493        0.04511594679608
H            2.40728686438037        2.13171545329400       -0.03231427217397
H            3.66188430999284       -0.00007672526262       -0.07445363427602
H            2.40720349342356       -2.13182181351490       -0.03247613196284
H           -0.00657487761609       -2.14801198163765        0.04493015818749
20
 energy: -25.646082777487 gnorm: 0.000842814784 xtb: 6.7.1 (edcfbbe)
C           -2.33199637634208       -1.23067404359168       -0.06973010962188
N           -1.60877861362114        0.00003695579081        0.14234413218999
C           -2.33192076604972        1.23072021202597       -0.07018947743394
C           -0.23180175230211       -0.00000666014962        0.05453529530972
C            0.49830818836113        1.19601040513733        0.02750661182804
C            1.87858537314798        1.18992742795589       -0.01064017954408
C            2.58454235043617       -0.00005787188761       -0.02972761148730
C            1.87853982190840       -1.19001616393395       -0.01070679438712
C            0.49826127474898       -1.19604973077863        0.02744009734019
H           -3.39815823462771       -1.04508126852254        0.04260543194153
H           -2.04388852935954       -1.97190293501251        0.67814933500834
H           -2.15760512372664       -1.65291979076179       -1.06789323911913
H           -3.39812714633977        1.04514425111054        0.04172757352991
H           -2.15711606271953        1.65280831383167       -1.06834377730210
H           -2.04412129169046        1.97207282296724        0.67769182860532
H           -0.00665851507935        2.14810943481123        0.03538002639234
H            2.40814491726985        2.13185076222063       -0.03084524369052
H            3.66342537438481       -0.00007794057522       -0.06377331319395
H            2.40806306838843       -2.13195879634920       -0.03097090767042
H           -0.00673643049756       -2.14813310567325        0.03523122340611
20
 energy: -25.646086127915 gnorm: 0.000380923729 xtb: 6.7.1 (edcfbbe)
C           -2.33202140772957       -1.23140198404246       -0.06849848339589
N           -1.60827577379484        0.00003562161371        0.13614016349889
C           -2.33194814974760        1.23144892050666       -0.06894045733171
C           -0.23134912664943       -0.00000683950062        0.05067153636226
C            0.49844211663148        1.19636389302587        0.02376964401379
C            1.87866372050872        1.18978864629444       -0.01172803592742
C            2.58488570435726       -0.00005838614962       -0.02835356012512
C            1.87861856350164       -1.18987830287472       -0.01177747509842
C            0.49839563168665       -1.19640370519434        0.02371851253370
H           -3.39830043651565       -1.04420596300946        0.03958725500910
H           -2.04631328917434       -1.96763602785967        0.68538393529833
H           -2.15535381499802       -1.66081813088143       -1.06300376301803
H           -3.39826914189961        1.04426962550541        0.03873771505633
H           -2.15487988016124        1.66071623006836       -1.06343532273256
H           -2.04654077945784        1.96780033111994        0.68494669732973
H           -0.00746370813810        2.14787658089160        0.02960590771395
H            2.40818834997748        2.13207971302699       -0.02969911470672
H            3.66391769755413       -0.00007867423941       -0.05701765895430
H            2.40810676212327       -2.13218902871011       -0.02979974738819
H           -0.00754151178426       -2.14790024097581        0.02948315396332
20
 energy: -25.646087756003 gnorm: 0.000334263801 xtb: 6.7.1 (edcfbbe)
C           -2.33181890293294       -1.23155423508794       -0.06804546538909
N           -1.60828876456796        0.00003552690613        0.13632631441322
C           -2.33174639758357        1.23160138521533       -0.06847884620836
C           -0.23128179577936       -0.00000689486729        0.04985164282822
C            0.49836543010386        1.19649543826550        0.02322672155505
C            1.87857757383855        1.18976099975162       -0.01167022287779
C            2.58480698079927       -0.00005854694227       -0.02798722602969
C            1.87853235407190       -1.18985097949135       -0.01171414652265
C            0.49831894513182       -1.19653542884637        0.02318152432738
H           -3.39833251313609       -1.04406365576966        0.03703404332155
H           -2.04811240265079       -1.96657597406711        0.68771368142120
H           -2.15273747258769       -1.66242830389444       -1.06131264485365
H           -3.39830036164050        1.04412682469276        0.03619837039678
H           -2.15227069624853        1.66233097559185       -1.06173397984152
H           -2.04833695827071        1.96673754069130        0.68728574885079
H           -0.00795218866124        2.14772226930988        0.02919233817367
H            2.40797405948423        2.13213556362909       -0.03057569512838
H            3.66370206199889       -0.00007876144462       -0.05712207078273
H            2.40789237463684       -2.13224524548366       -0.03066186366180
H           -0.00802979971581       -2.14774621954341        0.02908267810881
20
 energy: -25.646089415392 gnorm: 0.000334424814 xtb: 6.7.1 (edcfbbe)
C           -2.33146961113138       -1.23163819278256       -0.06770071869151
N           -1.60845386945135        0.00003533832560        0.13843480891306
C           -2.33139763347491        1.23168552364084       -0.06812265807307
C           -0.23138461055720       -0.00000712508328        0.05057448687646
C            0.49812983808649        1.19648842606776        0.02369578227686
C            1.87828214252626        1.18978344297653       -0.01232147508384
C            2.58438340138751       -0.00005857541339       -0.02933338811144
C            1.87823723976948       -1.18987362399998       -0.01235599024689
C            0.49808367225485       -1.19652880488331        0.02365941248079
H           -3.39835961376177       -1.04394375104553        0.03301574057936
H           -2.05078673174429       -1.96588693299480        0.68994093741150
H           -2.14858777774335       -1.66342339233444       -1.05982619472831
H           -3.39832558587875        1.04400670827810        0.03219991218207
H           -2.14813103725426        1.66333139386399       -1.06023427039685
H           -2.05100565012948        1.96604512438946        0.68952449282671
H           -0.00834594058560        2.14758947798727        0.03051178539908
H            2.40768176659529        2.13210525852045       -0.03148788283750
H            3.66323386383811       -0.00007870579034       -0.05924623669761
H            2.40760048521155       -2.13221523813041       -0.03155644595859
H           -0.00842282166704       -2.14761407297665        0.03041880398077
20
 energy: -25.646090627807 gnorm: 0.000161738152 xtb: 6.7.1 (edcfbbe)
C           -2.33127288317570       -1.23182851179908       -0.06739518725558
N           -1.60860451058020        0.00003461998463        0.13950116127035
C           -2.33120182926158        1.23187618576162       -0.06780173078162
C           -0.23158227589743       -0.00000736029556        0.05123459649735
C            0.49789112698800        1.19645506118968        0.02419916774930
C            1.87805960641302        1.18986129202601       -0.01298830760074
C            2.58406932445979       -0.00005864192039       -0.03076040220894
C            1.87801520857974       -1.18995172664162       -0.01301054174761
C            0.49784549488325       -1.19649587973670        0.02417475299654
H           -3.39848118037561       -1.04375209741955        0.02876749713895
H           -2.05367068750154       -1.96493986174161        0.69258821797336
H           -2.14454885919297       -1.66533594689266       -1.05809476194118
H           -3.39844527178744        1.04381569270177        0.02798083407567
H           -2.14410683151449        1.66524940062432       -1.05848666120784
H           -2.05387996195036        1.96509411306599        0.69218634525520
H           -0.00850903176519        2.14762903629320        0.03194745605043
H            2.40755725435641        2.13206902944907       -0.03220363440189
H            3.66293498514801       -0.00007871933709       -0.06167472551874
H            2.40747692298800       -2.13217924503444       -0.03224986094771
H           -0.00858507452356       -2.14765416166227        0.03187668670573
20
 energy: -25.646091388228 gnorm: 0.000114198705 xtb: 6.7.1 (edcfbbe)
C           -2.33113992473449       -1.23207058665755       -0.06717294259091
N           -1.60870435807755        0.00003357331780        0.13917738832822
C           -2.33106987532319        1.23211849557406       -0.06756262734882
C           -0.23174193021812       -0.00000755749158        0.05167098645528
C            0.49772581732896        1.19644865551513        0.02471202884063
C            1.87787334185576        1.18990262279872       -0.01347032604123
C            2.58381552976263       -0.00005863794368       -0.03207017222921
C            1.87782945668002       -1.18999326201287       -0.01347964162571
C            0.49768074546826       -1.19648988826525        0.02470032258241
H           -3.39860795505989       -1.04352761516949        0.02483524516522
H           -2.05622008730844       -1.96361506813944        0.69540657950859
H           -2.14110064682281       -1.66788094075362       -1.05624148405178
H           -3.39857024372215        1.04359267825739        0.02408368877387
H           -2.14067691869177        1.66779898175968       -1.05661703252288
H           -2.05641611786426        1.96376527260994        0.69501944670493
H           -0.00857045532317        2.14770618570996        0.03314320316187
H            2.40744584494542        2.13204459149318       -0.03279709137859
H            3.66268854951332       -0.00007863897167       -0.06382389370216
H            2.40736659367072       -2.13215490124928       -0.03281954848169
H           -0.00864583978911       -2.14773168176612        0.03309677255299
20
 energy: -25.646091796079 gnorm: 0.000090108991 xtb: 6.7.1 (edcfbbe)
C           -2.33099513622571       -1.23235714555580       -0.06698537924072
N           -1.60874185637618        0.00003245810182        0.13798115074601
C           -2.33092648634061        1.23240524743475       -0.06735660784281
C           -0.23185058700697       -0.00000765466966        0.05174137454656
C            0.49758355574611        1.19647537137223        0.02496500794510
C            1.87772594786822        1.18991756151082       -0.01390026427606
C            2.58366880444816       -0.00005870371138       -0.03305181049446
C            1.87768255750307       -1.19000844991712       -0.01389564896918
C            0.49753907208360       -1.19651687858697        0.02496706842008
H           -3.39867114294245       -1.04330032181361        0.02113730938108
H           -2.05859929992523       -1.96202609331147        0.69837684791191
H           -2.13801745481354       -1.67090719315550       -1.05425852455488
H           -3.39863206433591        1.04336750387139        0.02042740509084
H           -2.13761630257025        1.67082823271123       -1.05461788681397
H           -2.05877889416976        1.96217313805496        0.69800401695681
H           -0.00871146740487        2.14773743423810        0.03423632630903
H            2.40732289578185        2.13205678392578       -0.03320434786351
H            3.66252113589127       -0.00007867214313       -0.06578840354994
H            2.40724465645382       -2.13216727566476       -0.03320233664139
H           -0.00878640737446       -2.14776306407635        0.03421560504053
20
 energy: -25.646091867999 gnorm: 0.000044777485 xtb: 6.7.1 (edcfbbe)
C           -2.33095866815980       -1.23248736815845       -0.06688923509349
N           -1.60872720555354        0.00003190531592        0.13707905609749
C           -2.33089115126474        1.23253545335349       -0.06724981736087
C           -0.23184447979457       -0.00000760721483        0.05162925481654
C            0.49757492529396        1.19650820807989        0.02510612271207
C            1.87769169339031        1.18991457884726       -0.01402974690102
C            2.58361907782119       -0.00005877329680       -0.03365655590460
C            1.87764835149474       -1.19000563928758       -0.01401841696059
C            0.49753055928830       -1.19654973680220        0.02511524697369
H           -3.39872904832144       -1.04315107453633        0.01936725710973
H           -2.05975404076404       -1.96110505967846        0.69992383470146
H           -2.13662721299967       -1.67251530259272       -1.05319801074311
H           -3.39868953671868        1.04321970173005        0.01868530094104
H           -2.13624242677150        1.67243649167170       -1.05354957132378
H           -2.05992199723990        1.96125139958744        0.69955736920889
H           -0.00878555653610        2.14772901718430        0.03458393595942
H            2.40726962753107        2.13207227680156       -0.03335096810564
H            3.66246754924845       -0.00007878445396       -0.06655662085197
H            2.40719162402134       -2.13218298331768       -0.03333529753120
H           -0.00886055767522       -2.14775442461729        0.03457776435698
