12
 energy: -16.981251371539 gnorm: 0.024254254609 xtb: 6.7.1 (edcfbbe)
C           -1.96215817084400        0.45077179318347        0.06129695931013
C           -0.88513188891971       -0.61546456690908       -0.12079943993815
C            0.57189041718707       -0.17096954043563       -0.11996482022174
O            1.48119164986512       -0.98565129996730       -0.14687208617490
N            0.80432357118162        1.17443785948344       -0.11249308585225
H           -2.95368652051544       -0.01008461009232        0.07093558798736
H           -1.84598663605009        0.98557055037905        1.01013757843747
H           -1.95756541055317        1.18038386246156       -0.75578218749511
H           -1.02962862520076       -1.14869041645358       -1.06770368189043
H           -0.95918250238043       -1.37940777110899        0.66004856898622
H            0.06766737790189        1.85028668818315       -0.02104955120641
H            1.76055583562438        1.48654716783435       -0.07699295406245
12
 energy: -16.981844585606 gnorm: 0.005199371485 xtb: 6.7.1 (edcfbbe)
C           -1.94812463876028        0.45314487759420        0.06063398548370
C           -0.88644284316020       -0.61954285504917       -0.12166653490130
C            0.56490869824085       -0.16776404194138       -0.11762888032664
O            1.47419241663786       -0.96851988970190       -0.14583165155506
N            0.79171883565982        1.16876278508460       -0.10911534937174
H           -2.93324545207017       -0.01185029397166        0.07049261062445
H           -1.82188584733557        0.98081849654990        1.00650316433825
H           -1.93335614386514        1.17427645259973       -0.75716743286198
H           -1.04124586220046       -1.14257743907274       -1.07038656494025
H           -0.97373028842956       -1.37506845920664        0.66394689060485
H            0.05305151400919        1.84080493750739       -0.02062668999433
H            1.74644870857012        1.48524514616578       -0.07839265922020
12
 energy: -16.981876744859 gnorm: 0.001604973027 xtb: 6.7.1 (edcfbbe)
C           -1.94710029322486        0.45423990601897        0.06051421262203
C           -0.88571805183124       -0.62047980573091       -0.12229656779847
C            0.56575273801335       -0.16877031934377       -0.11872740105969
O            1.47795577241145       -0.96499730322636       -0.14575887752914
N            0.78840396842180        1.16549613118940       -0.10578053894979
H           -2.93199813626588       -0.00811048736784        0.07242007830369
H           -1.81689585810566        0.98099160224158        1.00438574040025
H           -1.93059960544155        1.17268492059029       -0.75725668975362
H           -1.04264791225411       -1.14112032258460       -1.07076517349822
H           -0.97545759211935       -1.37380337965897        0.66399552730430
H            0.04846299589523        1.83670641013796       -0.02221078908148
H            1.74213107179727        1.48489236429234       -0.07775863308009
12
 energy: -16.981885159357 gnorm: 0.001179955044 xtb: 6.7.1 (edcfbbe)
C           -1.94613270239672        0.45563844310390        0.06055752953920
C           -0.88563298465322       -0.62224198123612       -0.12296541242914
C            0.56614554486510       -0.16986205484240       -0.11659751322126
O            1.48074755049760       -0.96366288559987       -0.14638827397457
N            0.78607920167388        1.16380430886122       -0.09973839108431
H           -2.93079965348969       -0.00600205766053        0.07434504169013
H           -1.81305652178550        0.98199697264380        1.00366227963745
H           -1.92949440403135        1.17218903761437       -0.75820199706804
H           -1.04320486066947       -1.14073181698989       -1.07187363038127
H           -0.97755329117689       -1.37513032089122        0.66279823442303
H            0.04589618160175        1.83603971764397       -0.02535541937383
H            1.73929503686099        1.48569235391086       -0.07948155987763
12
 energy: -16.981891532949 gnorm: 0.001250646211 xtb: 6.7.1 (edcfbbe)
C           -1.94652871677014        0.45560375532161        0.06075858367719
C           -0.88577429067346       -0.62267363926745       -0.12353340219037
C            0.56616580806028       -0.17007038702946       -0.11807000391450
O            1.48109708174430       -0.96383126938513       -0.14708592096187
N            0.78638391451719        1.16362873383450       -0.09345035998243
H           -2.93108578958614       -0.00657512163446        0.07734032008311
H           -1.81104939661969        0.98321011173015        1.00295016599606
H           -1.93161847854177        1.17073829181474       -0.75948549668817
H           -1.04364001460356       -1.14065065190833       -1.07255328440131
H           -0.97815300938304       -1.37559939983222        0.66206985774660
H            0.04692399279141        1.83804250852636       -0.03077176693497
H            1.73956799636110        1.48590678438780       -0.07740780454958
12
 energy: -16.981898108933 gnorm: 0.000975289401 xtb: 6.7.1 (edcfbbe)
C           -1.94743989840628        0.45468357786016        0.06104880357983
C           -0.88603063123906       -0.62232932458194       -0.12426803288773
C            0.56578742143297       -0.17003318260174       -0.11583447792408
O            1.47979247864832       -0.96464761932600       -0.14918699650400
N            0.78773828146873        1.16362871520545       -0.08177311089152
H           -2.93182918751391       -0.00849125982029        0.08125110905561
H           -1.80969523821530        0.98442095958078        1.00193337778215
H           -1.93591605829183        1.16899736623600       -0.76042548551024
H           -1.04279984237812       -1.13936232341054       -1.07426302349213
H           -0.97843053648616       -1.37663606386885        0.66016721742860
H            0.04986848009524        1.84184127726307       -0.04094266099591
H            1.74124382818187        1.48565759402201       -0.07694583176082
12
 energy: -16.981900133550 gnorm: 0.000455289535 xtb: 6.7.1 (edcfbbe)
C           -1.94680770703603        0.45470408782231        0.06118246725051
C           -0.88609148179239       -0.62204623799785       -0.12449238898806
C            0.56543026796548       -0.16989055712906       -0.11655612102397
O            1.47923080978131       -0.96449952483426       -0.15006424544732
N            0.78737912259674        1.16342413073388       -0.07830406955352
H           -2.93106545764041       -0.00834171318550        0.08226335920259
H           -1.80887622424951        0.98511362822987        1.00157040147389
H           -1.93648516235142        1.16905107849398       -0.76021147198757
H           -1.04259520009988       -1.13952961337063       -1.07440560591232
H           -0.97777955823957       -1.37666366660194        0.65991804932714
H            0.04917787642720        1.84113376835069       -0.04520222195683
H            1.74077181193496        1.48527433604662       -0.07493726450478
12
 energy: -16.981900766215 gnorm: 0.000280625074 xtb: 6.7.1 (edcfbbe)
C           -1.94691246368791        0.45457947282950        0.06126136280282
C           -0.88602590164269       -0.62158825201660       -0.12452696499844
C            0.56566872507922       -0.16970284909359       -0.11640510976798
O            1.47940712942380       -0.96443801659958       -0.15067001106742
N            0.78756893412379        1.16349570269004       -0.07672738021346
H           -2.93131621374843       -0.00820044617970        0.08215465067261
H           -1.80886103668279        0.98471615979210        1.00182116052741
H           -1.93644534047762        1.16921038891451       -0.75992979904119
H           -1.04272779886800       -1.13937375330753       -1.07428975318188
H           -0.97768451368804       -1.37631214411745        0.65986420572848
H            0.04860937229979        1.84021158118351       -0.04746785446179
H            1.74100820516535        1.48513187246288       -0.07432361911942
12
 energy: -16.981900913244 gnorm: 0.000097518819 xtb: 6.7.1 (edcfbbe)
C           -1.94667696745651        0.45481313302377        0.06132684139607
C           -0.88599477838368       -0.62174842487903       -0.12454939577919
C            0.56571500233906       -0.16970959858478       -0.11626966225767
O            1.47943460100871       -0.96443525277194       -0.15091492202800
N            0.78747017738038        1.16352863863461       -0.07588257563971
H           -2.93108118388801       -0.00796025531384        0.08182171427216
H           -1.80889863687724        0.98461936839984        1.00211306157454
H           -1.93613024605865        1.16971138636697       -0.75964723766456
H           -1.04267769244757       -1.13952687073971       -1.07431067511642
H           -0.97762481993381       -1.37640448739506        0.65991055133047
H            0.04783511716375        1.83966325136466       -0.04852071123474
H            1.74091852445006        1.48517882845263       -0.07431610097319
12
 energy: -16.981900935598 gnorm: 0.000026213070 xtb: 6.7.1 (edcfbbe)
C           -1.94679206113518        0.45480759455823        0.06131806138254
C           -0.88595874896351       -0.62170744432690       -0.12448167564949
C            0.56578435042189       -0.16970868143370       -0.11627776606656
O            1.47947277000532       -0.96446151727239       -0.15094857426107
N            0.78756917821160        1.16353566183081       -0.07593204313874
H           -2.93117359758377       -0.00803225870523        0.08156891303726
H           -1.80911379236799        0.98446146863607        1.00217708977759
H           -1.93603778217446        1.16972728619524       -0.75960520090957
H           -1.04268083918860       -1.13942203690474       -1.07423039014428
H           -0.97765673131247       -1.37624358941919        0.66003330171843
H            0.04788094685636        1.83959068756936       -0.04823068612450
H            1.74099540452730        1.48518254583054       -0.07463014174182
