18
 energy: -402.024817478698 gnorm: 0.023752567546 xtb: 6.7.1 (edcfbbe)
C           -2.82178184515041        0.78015531754571       -0.66475710349457
O           -2.09369538012777        0.52348099383197        0.51319087432741
C           -0.82683959346639        0.00685184180304        0.28351932032563
C           -0.63271599958037       -1.36816389110627        0.26009693811526
C            0.64380358568529       -1.86633799692702        0.06458262612862
C            1.71509433776000       -1.01425846544944       -0.11315659345014
C            1.52782889887702        0.36873851256340       -0.09063272024016
C            0.24145604270700        0.86991157258548        0.10240966694538
N            2.60341667185364        1.22558031944309       -0.19045115798439
H           -2.97982731662044       -0.13704086566073       -1.24497016385168
H           -2.31116843242414        1.51371520447077       -1.30030917637620
H           -3.78403798937681        1.18073351442321       -0.34997666195508
H           -1.47397948085316       -2.02780605329857        0.40422130547912
H            0.80417356455635       -2.93438250000030        0.04704511972085
H            2.70859185550025       -1.41097590352524       -0.26511174341748
H            0.07362704283263        1.93704369395836        0.12844995835692
H            2.40016372076358        2.17961587426585       -0.43856160729434
H            3.44343049352588        0.84997883747665       -0.59837025856515
18
 energy: -402.025625168737 gnorm: 0.009629780393 xtb: 6.7.1 (edcfbbe)
C           -2.82337808630834        0.78072044422360       -0.66635111991284
O           -2.08765231565769        0.52157168983878        0.51991078685438
C           -0.82609734341492        0.00415185236133        0.28304818588766
C           -0.64142986151008       -1.37452582853417        0.26078845085478
C            0.64165645589354       -1.87069049510490        0.05975194493186
C            1.72011098180773       -1.01678001717207       -0.11424079857091
C            1.53227130854038        0.37168996923217       -0.08598887200126
C            0.24037815059714        0.87472927572110        0.10649112574894
N            2.61216894169562        1.23253393832186       -0.18695684229904
H           -2.98225536263970       -0.13821402843671       -1.24831074267119
H           -2.31225614388861        1.51569224473346       -1.30443027255468
H           -3.78992633458888        1.18324699473231       -0.35703521558995
H           -1.48801954806432       -2.03342997295563        0.41051554868017
H            0.80431966579709       -2.94258177460290        0.04556480895133
H            2.71795269029733       -1.41757579714785       -0.26029488184772
H            0.06645826871045        1.94557888156063        0.14239923905045
H            2.40768103724768        2.18194096740384       -0.44911405104954
H            3.44555765118557        0.85878165107202       -0.60852850460174
18
 energy: -402.025801834797 gnorm: 0.004281893845 xtb: 6.7.1 (edcfbbe)
C           -2.82412629141628        0.78089898144743       -0.67014040167098
O           -2.08521418175170        0.52223060823731        0.52319679173789
C           -0.82589129604737        0.00329732409092        0.28478555867788
C           -0.64617136455275       -1.37714471213284        0.25948970592924
C            0.64053840282829       -1.87176058844702        0.05937512375127
C            1.72201426136507       -1.01739506463651       -0.11310076992019
C            1.53395549625309        0.37341033501495       -0.08347499994961
C            0.24021552758958        0.87728904726989        0.11235289232066
N            2.61776276125365        1.23638454239910       -0.18079628492150
H           -2.97970979596192       -0.14148657604161       -1.24838369014084
H           -2.30884474038080        1.51565342702300       -1.30604760714598
H           -3.79196126904271        1.18402794985465       -0.36186409380700
H           -1.49551929931469       -2.03449669936537        0.41027441601893
H            0.80493273129065       -2.94521730507765        0.04246066032333
H            2.72080309909392       -1.42128512556373       -0.25628768213729
H            0.06145438072344        1.94863344412775        0.15704835141499
H            2.41041290860350        2.18065494308771       -0.46125210382975
H            3.44288872059850        0.86314546627839       -0.62041685160178
18
 energy: -402.025862341891 gnorm: 0.003172343517 xtb: 6.7.1 (edcfbbe)
C           -2.82347989711376        0.78032388834640       -0.67297751131627
O           -2.08449430831361        0.52410659643242        0.52514389350559
C           -0.82580382825261        0.00389729253480        0.28702908087628
C           -0.64762414489246       -1.37694166898207        0.25829107437545
C            0.63962459481267       -1.87112750706898        0.05845288567142
C            1.72190752349023       -1.01674237302020       -0.11138883994867
C            1.53439196678277        0.37422305611349       -0.07956394957013
C            0.24096798462220        0.87828029668566        0.11808285635411
N            2.62088605382798        1.23810419209162       -0.17397441963930
H           -2.97586993367459       -0.14438034482815       -1.24743942171168
H           -2.30548366630211        1.51386646101730       -1.30727038973499
H           -3.79139963563708        1.18332149001154       -0.36533376012075
H           -1.49809278334679       -2.03325999080062        0.40693955182550
H            0.80505463362862       -2.94468180709496        0.03991747458746
H            2.72020880820384       -1.42208073606277       -0.25396963121465
H            0.05998134107249        1.94892672210767        0.16787298373540
H            2.40934033714453        2.17721816638293       -0.47177142458371
H            3.43742495734811        0.86378632983133       -0.63082121768963
18
 energy: -402.025899293400 gnorm: 0.002969209576 xtb: 6.7.1 (edcfbbe)
C           -2.82177637669160        0.77881620627055       -0.67532618152392
O           -2.08431039588939        0.52724914140246        0.52682692543055
C           -0.82567648916424        0.00565321246368        0.29028523353690
C           -0.64793259343454       -1.37505017750237        0.25702361028368
C            0.63857537369750       -1.86957639541476        0.05760151150570
C            1.72092332882158       -1.01535327669360       -0.10919997837887
C            1.53441284888202        0.37477430784630       -0.07467960801647
C            0.24252213663198        0.87903668700940        0.12514456548494
N            2.62359606453186        1.23925888071317       -0.16587274228314
H           -2.97070026226399       -0.14828165742543       -1.24554198921584
H           -2.30177270551224        1.51036885945910       -1.30912382340620
H           -3.78980011825767        1.18151862280964       -0.36942994520495
H           -1.49914275528443       -2.03069267233725        0.40163892226863
H            0.80409664888392       -2.94272813642017        0.03615806693797
H            2.71831519845911       -1.42139071800341       -0.25230692775474
H            0.06093034376001        1.94880668971486        0.17903913070522
H            2.40603928936621        2.17185012316552       -0.48286380587779
H            3.42924056222687        0.86258057153403       -0.64215344565059
18
 energy: -402.025909298328 gnorm: 0.001763176885 xtb: 6.7.1 (edcfbbe)
C           -2.82076147973763        0.77750128317575       -0.67530725158250
O           -2.08440730716104        0.52908377222087        0.52699496884636
C           -0.82558173248401        0.00704884742023        0.29163277211541
C           -0.64762162615845       -1.37337233551692        0.25665672953415
C            0.63797671536116       -1.86869445841319        0.05704822549911
C            1.72024305371473       -1.01470392896982       -0.10868035586598
C            1.53431452266820        0.37481405653180       -0.07301296950621
C            0.24341593361610        0.87940044103045        0.12770127955529
N            2.62427873264493        1.23933755034003       -0.16385828943657
H           -2.96887831878095       -0.15049100027293       -1.24403208127948
H           -2.30108693286767        1.50794171357093       -1.31046866997761
H           -3.78907386722647        1.18014607390624       -0.37097494420418
H           -1.49885031565737       -2.02909153967622        0.39945096136378
H            0.80265117656226       -2.94159897811932        0.03436338609809
H            2.71736197495874       -1.42045987468543       -0.25254556650576
H            0.06310996694133        1.94911104403172        0.18207692699588
H            2.40429143846053        2.16970876387323       -0.48502799993154
H            3.42615842128194        0.86115906319702       -0.64479746614778
18
 energy: -402.025914118430 gnorm: 0.000959166383 xtb: 6.7.1 (edcfbbe)
C           -2.81961791157377        0.77494235613306       -0.67458846155992
O           -2.08426041474857        0.53226723040843        0.52691517586439
C           -0.82523387482652        0.00961891991765        0.29324002569442
C           -0.64765824820888       -1.37071680370678        0.25610063308603
C            0.63695188641538       -1.86749155103259        0.05597199025479
C            1.71961511196176       -1.01404151431285       -0.10838329823369
C            1.53460510320682        0.37490664032488       -0.07068272186717
C            0.24489771851279        0.88062542400150        0.13106481938273
N            2.62526684829348        1.23922792490341       -0.16275694531461
H           -2.96723911689605       -0.15476524226701       -1.24101862840185
H           -2.30139077675722        1.50357141006364       -1.31338952651166
H           -3.78875936788024        1.17772741584156       -0.37309719386722
H           -1.49914654234362       -2.02659810096533        0.39691965086269
H            0.79963354353407       -2.94039529849634        0.03140244140101
H            2.71655995517369       -1.41943700335645       -0.25363726560180
H            0.06721193564218        1.95074754126512        0.18555498176282
H            2.40257345662559        2.16783806829604       -0.48557965194578
H            3.42353171775613        0.85881357218272       -0.64681612949788
18
 energy: -402.025914118430 gnorm: 0.000959166383 xtb: 6.7.1 (edcfbbe)
C           -2.81961791157377        0.77494235613306       -0.67458846155992
O           -2.08426041474857        0.53226723040843        0.52691517586439
C           -0.82523387482652        0.00961891991765        0.29324002569442
C           -0.64765824820888       -1.37071680370678        0.25610063308603
C            0.63695188641538       -1.86749155103259        0.05597199025479
C            1.71961511196176       -1.01404151431285       -0.10838329823369
C            1.53460510320682        0.37490664032488       -0.07068272186717
C            0.24489771851279        0.88062542400150        0.13106481938273
N            2.62526684829348        1.23922792490341       -0.16275694531461
H           -2.96723911689605       -0.15476524226701       -1.24101862840185
H           -2.30139077675722        1.50357141006364       -1.31338952651166
H           -3.78875936788024        1.17772741584156       -0.37309719386722
H           -1.49914654234362       -2.02659810096533        0.39691965086269
H            0.79963354353407       -2.94039529849634        0.03140244140101
H            2.71655995517369       -1.41943700335645       -0.25363726560180
H            0.06721193564218        1.95074754126512        0.18555498176282
H            2.40257345662559        2.16783806829604       -0.48557965194578
H            3.42353171775613        0.85881357218272       -0.64681612949788
