
         ______________________________________________________________
        |                                                              |
        |                                                              |
        |                   CENSO - Commandline ENSO                   |
        |                           v 2.1.2                            |
        |    energetic sorting of CREST Conformer Rotamer Ensembles    |
        |                    University of Bonn, MCTC                  |
        |                           Oct 2024                           |
        |                 based on ENSO version 2.0.1                  |
        |             L. M. Seidler, F. Bohle and S. Grimme            |
        |                                                              |
        |______________________________________________________________|

        Please cite:
        (TBA)
        S. Grimme, F. Bohle, A. Hansen, P. Pracht, S. Spicher, and M. Stahn
        J. Phys. Chem. A 2021, 125, 19, 4039-4054.
        DOI: https://doi.org/10.1021/acs.jpca.1c00971

        This program is distributed in the hope that it will be useful,
        but WITHOUT ANY WARRANTY; without even the implied warranty of
        MERCHANTABILITY or FITNESS FOR A PARTICULAR PURPOSE.

Reading configuration file from /home/mwang1/.censo2rc.
CALL: /software/projects/pawsey0265/mwang1/censo_screwed/bin/censo -i crest_conformers.xyz --maxcores 26 -O 1
Read 26 conformers.
Number of atoms:              29
Charge:                       0
Unpaired electrons:           0


----------------------------------------------------------------------------------------------------
                                          GENERAL SETTINGS                                          
----------------------------------------------------------------------------------------------------
    
imagthr:                      -100.0
sthr:                         0.0
scale:                        1.0
temperature:                  298.15
solvent:                      h2o
sm_rrho:                      alpb
multitemp:                    False
evaluate_rrho:                False
consider_sym:                 False
bhess:                        False
rmsdbias:                     False
balance:                      False
gas-phase:                    True
copy_mo:                      True
retry_failed:                 True
trange:                       [273.15, 373.15, 5]



----------------------------------------------------------------------------------------------------
                                            PRESCREENING                                            
----------------------------------------------------------------------------------------------------
    
threshold:                    4.0
func:                         pbe-d4
basis:                        def2-sv(p)
prog:                         orca
gfnv:                         gfn2
run:                          True
template:                     False


Running sp calculation for CONF1.
Running sp calculation for CONF2.
Running sp calculation for CONF3.
Running sp calculation for CONF4.
Running sp calculation for CONF5.
Running sp calculation for CONF6.
Running sp calculation for CONF7.
Running sp calculation for CONF8.
Running sp calculation for CONF10.
Running sp calculation for CONF9.
Running sp calculation for CONF11.
Running sp calculation for CONF12.
Running sp calculation for CONF13.
Running sp calculation for CONF14.
Running sp calculation for CONF15.
Running sp calculation for CONF17.
Running sp calculation for CONF16.
Running sp calculation for CONF19.
Running sp calculation for CONF18.
Running sp calculation for CONF20.
Running sp calculation for CONF21.
Running sp calculation for CONF24.
Running sp calculation for CONF22.
Running sp calculation for CONF25.
Running sp calculation for CONF23.
Running sp calculation for CONF26.


No longer considering CONF5.
No longer considering CONF6.
No longer considering CONF8.
No longer considering CONF9.
No longer considering CONF10.
No longer considering CONF11.
No longer considering CONF12.
No longer considering CONF13.
No longer considering CONF14.
No longer considering CONF15.
No longer considering CONF16.
No longer considering CONF17.
No longer considering CONF18.
No longer considering CONF19.
No longer considering CONF20.
No longer considering CONF21.
No longer considering CONF22.
No longer considering CONF23.
No longer considering CONF24.
No longer considering CONF25.
No longer considering CONF26.

-------------------------------- PRESCREENING SINGLE-POINT RESULTS ---------------------------------

CONF#       E (xTB)        ΔE (xTB)          E (DFT)          ΔE (DFT)        ΔGsolv (xTB)          Gtot             ΔGtot          Boltzmann weight   
             [Eh]         [kcal/mol]          [Eh]           [kcal/mol]        [kcal/mol]           [Eh]           [kcal/mol]        % at 298.15 K     
CONF1         ---            ---           -466.036418          0.53              ---            -466.036418          0.53               24.47         
CONF2         ---            ---           -466.037267          0.00              ---            -466.037267          0.00               60.14         
CONF3         ---            ---           -466.035879          0.87              ---            -466.035879          0.87               13.83         
CONF4         ---            ---           -466.033509          2.36              ---            -466.033509          2.36                1.12         
CONF7         ---            ---           -466.030971          3.95              ---            -466.030971          3.95                0.08         

Boltzmann averaged free energy/enthalpy of ensemble on input geometries (not DFT optimized):
temperature /K:   avE(T) /a.u.   avG(T) /a.u.
    298.15        -464.3884880    -464.3884880     <<==part0==
----------------------------------------------------------------------------------------------------

Number of conformers:         5
Highest ranked conformer:     CONF2


Ran prescreening in 19.62 seconds!

----------------------------------------------------------------------------------------------------
                                             SCREENING                                              
----------------------------------------------------------------------------------------------------
    
threshold:                    3.5
func:                         r2scan-3c
basis:                        def2-tzvp
prog:                         orca
sm:                           smd
gfnv:                         gfn2
run:                          True
implicit:                     False
template:                     False


Running sp calculation for CONF2.
Running sp calculation for CONF3.
Running sp calculation for CONF1.
Running sp calculation for CONF4.
Running sp calculation for CONF7.

----------------------------- SCREENING SINGLE-POINT (+ mRRHO) RESULTS -----------------------------

CONF#        G (xTB)          ΔG (xTB)          E (DFT)         ΔGsolv       GmRRHO          Gtot             ΔGtot          Boltzmann weight   
               [Eh]          [kcal/mol]          [Eh]            [Eh]         [Eh]           [Eh]           [kcal/mol]        % at 298.15 K     
CONF1       -34.681574          ---           -467.009260        ---          ---         -467.009260          0.06               42.52         
CONF2       -34.681421          ---           -467.009362        ---          ---         -467.009362          0.00               47.33         
CONF3       -34.680840          ---           -467.007609        ---          ---         -467.007609          1.10                7.39         
CONF4       -34.680013          ---           -467.006648        ---          ---         -467.006648          1.70                2.67         
CONF7       -34.677502          ---           -467.003357        ---          ---         -467.003357          3.77                0.08         

Boltzmann averaged free energy/enthalpy of ensemble on input geometries (not DFT optimized):
temperature /K:   avE(T) /a.u.   avG(T) /a.u.
    298.15        -467.0091116    -467.0091116     <<==part1==
----------------------------------------------------------------------------------------------------


----------------------------------- SCREENING RANKING COMPARISON -----------------------------------

CONF#       ΔGtot prescreening       ΔGtot screening   
                [kcal/mol]             [kcal/mol]      
CONF1              0.53                   0.06         
CONF2              0.00                   0.00         
CONF3              0.87                   1.10         
CONF4              2.36                   1.70         
CONF7              3.95                   3.77         
----------------------------------------------------------------------------------------------------



Number of conformers:         5
Highest ranked conformer:     CONF2


Ran screening in 42.68 seconds!

----------------------------------------------------------------------------------------------------
                                            OPTIMIZATION                                            
----------------------------------------------------------------------------------------------------
    
optcycles:                    8
maxcyc:                       200
threshold:                    1.5
hlow:                         0.01
gradthr:                      0.01
func:                         r2scan-3c
basis:                        def2-tzvp
prog:                         orca
sm:                           smd
gfnv:                         gfn2
optlevel:                     normal
run:                          True
macrocycles:                  True
crestcheck:                   True
template:                     False
constrain:                    False
xtb_opt:                      True


Optimization using macrocycles, 8 microcycles per step.
Running xtb_opt calculation for CONF2.
Running xtb_opt calculation for CONF1.
Running xtb_opt calculation for CONF3.
Running xtb_opt calculation for CONF7.
Running xtb_opt calculation for CONF4.
Running xtb_rrho calculation for CONF2.
Running xtb_rrho calculation for CONF1.
Running xtb_rrho calculation for CONF3.
Running xtb_rrho calculation for CONF4.
Running xtb_rrho calculation for CONF7.
CONF2 converged after 7 steps.
CONF1 converged after 8 steps.
CONF3 converged after 6 steps.
CONF4 converged after 6 steps.

----------------------------------- OPTIMIZATION CYCLE 8 UPDATE ------------------------------------

CONF#          Gtot             ΔGtot          grad_norm       converged   
               [Eh]           [kcal/mol]        [Eh/a0]                    
CONF1       -466.788048          0.05          0.000172          True      
CONF2       -466.788120          0.00          0.000641          True      
CONF3       -466.786480          1.03          0.000565          True      
CONF4       -466.784939          2.00          0.000392          True      
CONF7       -466.782479          3.54          0.001002          False     
----------------------------------------------------------------------------------------------------
Running xtb_opt calculation for CONF7.
CONF7 converged after 17 steps.
No longer considering CONF4 (gradient too small and ΔG = 2.00).
No longer considering CONF7 (gradient too small and ΔG = 3.54).

----------------------------------- OPTIMIZATION CYCLE 16 UPDATE -----------------------------------

CONF#          Gtot             ΔGtot          grad_norm       converged   
               [Eh]           [kcal/mol]        [Eh/a0]                    
CONF1       -466.788048          0.05          0.000172          True      
CONF2       -466.788120          0.00          0.000641          True      
CONF3       -466.786480          1.03          0.000565          True      
----------------------------------------------------------------------------------------------------
Running xtb_rrho calculation for CONF2.
Running xtb_rrho calculation for CONF1.
Running xtb_rrho calculation for CONF3.

--------------------------------------- OPTIMIZATION RESULTS ---------------------------------------

CONF#       E (DFT) (+ ΔGsolv)       ΔE (DFT) (+ δΔGsolv)       GmRRHO          Gtot             ΔGtot          Boltzmann weight   
                   [Eh]                   [kcal/mol]             [Eh]           [Eh]           [kcal/mol]        % at 298.15 K     
CONF1          -467.010817                   0.00                ---         -466.788048          0.05               44.06         
CONF2          -467.010806                   0.01                ---         -466.788120          0.00               47.56         
CONF3          -467.009464                   0.85                ---         -466.786480          1.03                8.37         

Boltzmann averaged free energy/enthalpy of ensemble on optimized geometries:
temperature /K:   avE(T) /a.u.   avG(T) /a.u.
    298.15        -467.0106985    -466.7879506     <<==part2==
----------------------------------------------------------------------------------------------------


--------------------------------------- OPTIMIZATION RESULTS ---------------------------------------

CONF#       E (DFT) (+ ΔGsolv)       ΔE (DFT) (+ δΔGsolv)       GmRRHO          Gtot             ΔGtot          Boltzmann weight   
                   [Eh]                   [kcal/mol]             [Eh]           [Eh]           [kcal/mol]        % at 298.15 K     
CONF1          -467.010817                   0.00                ---         -466.788048          0.05               44.06         
CONF2          -467.010806                   0.01                ---         -466.788120          0.00               47.56         
CONF3          -467.009464                   0.85                ---         -466.786480          1.03                8.37         

Boltzmann averaged free energy/enthalpy of ensemble on optimized geometries:
temperature /K:   avE(T) /a.u.   avG(T) /a.u.
    298.15        -467.0106985    -466.7879506     <<==part2==
----------------------------------------------------------------------------------------------------


--------------------------------- OPTIMIZATION RANKING COMPARISON ----------------------------------

CONF#       ΔGtot prescreening       ΔGtot screening       ΔGtot optimization   
                [kcal/mol]             [kcal/mol]              [kcal/mol]       
CONF1              0.53                   0.06                    0.05          
CONF2              0.00                   0.00                    0.00          
CONF3              0.87                   1.10                    1.03          
----------------------------------------------------------------------------------------------------



Number of conformers:         3
Highest ranked conformer:     CONF2


Ran optimization in 533.29 seconds!

Ran CENSO in 00:09:55

CENSO all done!
