2025-04-15 19:56:48,409 -   censo.qm_processor   -   INFO   - worker1468335:Running sp calculation in /scratch/pawsey0265/mwang1/.automated/7104/0_PRESCREENING/CONF1/sp.
2025-04-15 19:56:48,409 -   censo.qm_processor   -   INFO   - worker1468336:Running sp calculation in /scratch/pawsey0265/mwang1/.automated/7104/0_PRESCREENING/CONF2/sp.
2025-04-15 19:56:48,409 -   censo.qm_processor   -   INFO   - worker1468338:Running sp calculation in /scratch/pawsey0265/mwang1/.automated/7104/0_PRESCREENING/CONF3/sp.
2025-04-15 19:56:48,410 -   censo.qm_processor   -   INFO   - worker1468339:Running sp calculation in /scratch/pawsey0265/mwang1/.automated/7104/0_PRESCREENING/CONF4/sp.
2025-04-15 19:56:48,410 -   censo.qm_processor   -   INFO   - worker1468343:Running sp calculation in /scratch/pawsey0265/mwang1/.automated/7104/0_PRESCREENING/CONF5/sp.
2025-04-15 19:56:48,411 -   censo.qm_processor   -   INFO   - worker1468346:Running sp calculation in /scratch/pawsey0265/mwang1/.automated/7104/0_PRESCREENING/CONF6/sp.
2025-04-15 19:56:48,411 -   censo.qm_processor   -   INFO   - worker1468347:Running sp calculation in /scratch/pawsey0265/mwang1/.automated/7104/0_PRESCREENING/CONF7/sp.
2025-04-15 19:56:48,411 -   censo.qm_processor   -   INFO   - worker1468350:Running sp calculation in /scratch/pawsey0265/mwang1/.automated/7104/0_PRESCREENING/CONF8/sp.
2025-04-15 19:56:48,412 -   censo.qm_processor   -   INFO   - worker1468359:Running sp calculation in /scratch/pawsey0265/mwang1/.automated/7104/0_PRESCREENING/CONF10/sp.
2025-04-15 19:56:48,412 -   censo.qm_processor   -   INFO   - worker1468353:Running sp calculation in /scratch/pawsey0265/mwang1/.automated/7104/0_PRESCREENING/CONF9/sp.
2025-04-15 19:56:48,413 -   censo.qm_processor   -   INFO   - worker1468356:Running sp calculation in /scratch/pawsey0265/mwang1/.automated/7104/0_PRESCREENING/CONF11/sp.
2025-04-15 19:56:48,413 -   censo.qm_processor   -   INFO   - worker1468362:Running sp calculation in /scratch/pawsey0265/mwang1/.automated/7104/0_PRESCREENING/CONF12/sp.
2025-04-15 19:56:48,414 -   censo.qm_processor   -   INFO   - worker1468367:Running sp calculation in /scratch/pawsey0265/mwang1/.automated/7104/0_PRESCREENING/CONF13/sp.
2025-04-15 19:56:48,414 -   censo.qm_processor   -   INFO   - worker1468369:Running sp calculation in /scratch/pawsey0265/mwang1/.automated/7104/0_PRESCREENING/CONF14/sp.
2025-04-15 19:56:48,414 -   censo.qm_processor   -   INFO   - worker1468372:Running sp calculation in /scratch/pawsey0265/mwang1/.automated/7104/0_PRESCREENING/CONF15/sp.
2025-04-15 19:56:48,415 -   censo.qm_processor   -   INFO   - worker1468378:Running sp calculation in /scratch/pawsey0265/mwang1/.automated/7104/0_PRESCREENING/CONF17/sp.
2025-04-15 19:56:48,416 -   censo.qm_processor   -   INFO   - worker1468374:Running sp calculation in /scratch/pawsey0265/mwang1/.automated/7104/0_PRESCREENING/CONF16/sp.
2025-04-15 19:56:48,416 -   censo.qm_processor   -   INFO   - worker1468384:Running sp calculation in /scratch/pawsey0265/mwang1/.automated/7104/0_PRESCREENING/CONF19/sp.
2025-04-15 19:56:48,416 -   censo.qm_processor   -   INFO   - worker1468381:Running sp calculation in /scratch/pawsey0265/mwang1/.automated/7104/0_PRESCREENING/CONF18/sp.
2025-04-15 19:56:48,417 -   censo.qm_processor   -   INFO   - worker1468387:Running sp calculation in /scratch/pawsey0265/mwang1/.automated/7104/0_PRESCREENING/CONF20/sp.
2025-04-15 19:56:48,417 -   censo.qm_processor   -   INFO   - worker1468390:Running sp calculation in /scratch/pawsey0265/mwang1/.automated/7104/0_PRESCREENING/CONF21/sp.
2025-04-15 19:56:48,418 -   censo.qm_processor   -   INFO   - worker1468400:Running sp calculation in /scratch/pawsey0265/mwang1/.automated/7104/0_PRESCREENING/CONF24/sp.
2025-04-15 19:56:48,418 -   censo.qm_processor   -   INFO   - worker1468393:Running sp calculation in /scratch/pawsey0265/mwang1/.automated/7104/0_PRESCREENING/CONF22/sp.
2025-04-15 19:56:48,419 -   censo.qm_processor   -   INFO   - worker1468403:Running sp calculation in /scratch/pawsey0265/mwang1/.automated/7104/0_PRESCREENING/CONF25/sp.
2025-04-15 19:56:48,419 -   censo.qm_processor   -   INFO   - worker1468396:Running sp calculation in /scratch/pawsey0265/mwang1/.automated/7104/0_PRESCREENING/CONF23/sp.
2025-04-15 19:56:48,419 -   censo.qm_processor   -   INFO   - worker1468405:Running sp calculation in /scratch/pawsey0265/mwang1/.automated/7104/0_PRESCREENING/CONF26/sp.
2025-04-15 19:57:07,954 -     censo.parallel     -   INFO   - All jobs executed successfully.
2025-04-15 19:57:08,005 -   censo.qm_processor   -   INFO   - worker1468711:Running sp calculation in /scratch/pawsey0265/mwang1/.automated/7104/1_SCREENING/CONF2/sp.
2025-04-15 19:57:08,006 -   censo.qm_processor   -   INFO   - worker1468714:Running sp calculation in /scratch/pawsey0265/mwang1/.automated/7104/1_SCREENING/CONF3/sp.
2025-04-15 19:57:08,006 -   censo.qm_processor   -   INFO   - worker1468712:Running sp calculation in /scratch/pawsey0265/mwang1/.automated/7104/1_SCREENING/CONF1/sp.
2025-04-15 19:57:08,007 -   censo.qm_processor   -   INFO   - worker1468715:Running sp calculation in /scratch/pawsey0265/mwang1/.automated/7104/1_SCREENING/CONF4/sp.
2025-04-15 19:57:08,007 -   censo.qm_processor   -   INFO   - worker1468719:Running sp calculation in /scratch/pawsey0265/mwang1/.automated/7104/1_SCREENING/CONF7/sp.
2025-04-15 19:57:50,642 -     censo.parallel     -   INFO   - All jobs executed successfully.
2025-04-15 19:57:50,687 -   censo.qm_processor   -   INFO   - worker1469262:Running xtb_opt calculation in /scratch/pawsey0265/mwang1/.automated/7104/2_OPTIMIZATION/CONF2/xtb_opt.
2025-04-15 19:57:50,687 -   censo.qm_processor   -   INFO   - worker1469263:Running xtb_opt calculation in /scratch/pawsey0265/mwang1/.automated/7104/2_OPTIMIZATION/CONF1/xtb_opt.
2025-04-15 19:57:50,689 -   censo.qm_processor   -   INFO   - worker1469264:Running xtb_opt calculation in /scratch/pawsey0265/mwang1/.automated/7104/2_OPTIMIZATION/CONF3/xtb_opt.
2025-04-15 19:57:50,689 -   censo.qm_processor   -   INFO   - worker1469269:Running xtb_opt calculation in /scratch/pawsey0265/mwang1/.automated/7104/2_OPTIMIZATION/CONF7/xtb_opt.
2025-04-15 19:57:50,689 -   censo.qm_processor   -   INFO   - worker1469266:Running xtb_opt calculation in /scratch/pawsey0265/mwang1/.automated/7104/2_OPTIMIZATION/CONF4/xtb_opt.
2025-04-15 20:04:49,900 -     censo.parallel     -   INFO   - All jobs executed successfully.
2025-04-15 20:04:49,932 -   censo.qm_processor   -   INFO   - worker1471843:Running xtb_rrho calculation in /scratch/pawsey0265/mwang1/.automated/7104/2_OPTIMIZATION/CONF2/xtb_rrho.
2025-04-15 20:04:49,933 -   censo.qm_processor   -   INFO   - worker1471844:Running xtb_rrho calculation in /scratch/pawsey0265/mwang1/.automated/7104/2_OPTIMIZATION/CONF1/xtb_rrho.
2025-04-15 20:04:49,933 -   censo.qm_processor   -   INFO   - worker1471845:Running xtb_rrho calculation in /scratch/pawsey0265/mwang1/.automated/7104/2_OPTIMIZATION/CONF3/xtb_rrho.
2025-04-15 20:04:49,933 -   censo.qm_processor   -   INFO   - worker1471848:Running xtb_rrho calculation in /scratch/pawsey0265/mwang1/.automated/7104/2_OPTIMIZATION/CONF4/xtb_rrho.
2025-04-15 20:04:49,934 -   censo.qm_processor   -   INFO   - worker1471850:Running xtb_rrho calculation in /scratch/pawsey0265/mwang1/.automated/7104/2_OPTIMIZATION/CONF7/xtb_rrho.
2025-04-15 20:04:53,877 -     censo.parallel     -   INFO   - All jobs executed successfully.
2025-04-15 20:04:53,877 -censo.ensembleopt.optimization-   INFO   - Threshold: 1.80 kcal/mol
2025-04-15 20:04:53,909 -   censo.qm_processor   -   INFO   - worker1471995:Running xtb_opt calculation in /scratch/pawsey0265/mwang1/.automated/7104/2_OPTIMIZATION/CONF7/xtb_opt.
2025-04-15 20:06:40,035 -     censo.parallel     -   INFO   - All jobs executed successfully.
2025-04-15 20:06:40,061 -censo.ensembleopt.optimization-   INFO   - Threshold: 1.50 kcal/mol
2025-04-15 20:06:40,098 -   censo.qm_processor   -   INFO   - worker1476561:Running xtb_rrho calculation in /scratch/pawsey0265/mwang1/.automated/7104/2_OPTIMIZATION/CONF2/xtb_rrho.
2025-04-15 20:06:40,099 -   censo.qm_processor   -   INFO   - worker1476562:Running xtb_rrho calculation in /scratch/pawsey0265/mwang1/.automated/7104/2_OPTIMIZATION/CONF1/xtb_rrho.
2025-04-15 20:06:40,099 -   censo.qm_processor   -   INFO   - worker1476564:Running xtb_rrho calculation in /scratch/pawsey0265/mwang1/.automated/7104/2_OPTIMIZATION/CONF3/xtb_rrho.
2025-04-15 20:06:43,933 -     censo.parallel     -   INFO   - All jobs executed successfully.
