31
 energy: -468.204419308521 gnorm: 0.033296647439 xtb: 6.7.1 (edcfbbe)
C            3.74824434886095       -0.20204926228953       -0.05227723592317
C            2.28659174001325       -0.17103845407579        0.38330955346985
H            2.24627229099538       -0.01564253330693        1.46775203235040
C            1.57474515349781       -1.47773343505482        0.05086285712254
C            0.12759225285654       -1.40799675872392        0.51818204192962
C           -0.67726548820011       -0.28136512472468       -0.14786172756552
H           -0.70802008871374       -0.44993742919938       -1.22996479194503
C            0.05706701312529        1.06007168066975        0.06697163652968
H           -0.03500353181551        1.35088680749861        1.12772461449972
C            1.54069797948272        0.96117024752592       -0.30819585863657
O           -0.42132850198670        2.09660979292906       -0.76727087934000
C           -2.12457104024145       -0.35528159525743        0.40641727898009
C           -2.95997362691164        0.92369836270932        0.31479254383949
C           -2.89614174118336       -1.46789921915046       -0.30826340703660
H            4.27797759989569       -1.01094376694798        0.44632556779778
H            3.82037582929291       -0.35523467865741       -1.12683583909933
H            4.24103951767932        0.73560546042597        0.19374485688585
H            1.61015187531350       -1.64714852672990       -1.02739109435526
H            2.07554716421973       -2.31645115172648        0.53981465193921
H           -0.35791844355860       -2.36520032964808        0.32454834384382
H            0.11928551385286       -1.24700373815258        1.59998201500899
H            1.58993320730454        0.82438608126531       -1.39041065301613
H            2.00234170888729        1.92348190225235       -0.08092116363586
H           -1.34970021179809        2.26082598520183       -0.58187266115784
H           -2.05335346820990       -0.61265596437148        1.47011029585144
H           -3.95422579895222        0.72318654952046        0.71227658451563
H           -3.08135808526543        1.24112275154997       -0.71972028731893
H           -2.53557310732358        1.72871509586604        0.91174390790402
H           -3.87894411611886       -1.59419852980643        0.14096224046246
H           -2.37703323795333       -2.42009156957241       -0.25050033911100
H           -3.03118018594320       -1.21526939843852       -1.35814693030183
31
 energy: -468.205602621031 gnorm: 0.011434677408 xtb: 6.7.1 (edcfbbe)
C            3.75827272998014       -0.19884085210392       -0.05229381877291
C            2.29313358916822       -0.17122449785670        0.37500096387466
H            2.25104897078216       -0.01892761163882        1.46333968679521
C            1.57993645885326       -1.48314125593626        0.06018885158966
C            0.12755279697137       -1.41897799475660        0.51573306983683
C           -0.67701098553899       -0.28249350754200       -0.14019114630910
H           -0.70394339790774       -0.44671344562780       -1.22730165142039
C            0.05668799836543        1.05927632418142        0.06525389222671
H           -0.02860188479017        1.34199294432152        1.13125484619833
C            1.53992345567268        0.96722345511272       -0.30337245849430
O           -0.43595823029973        2.10568289885686       -0.76760262983094
C           -2.13207057769889       -0.35247281462335        0.39757040702471
C           -2.96290561887112        0.93245665975963        0.31308009323580
C           -2.90317079251632       -1.47530568733449       -0.30587639621806
H            4.29534938179405       -1.01148593869139        0.44441977332057
H            3.83275056962494       -0.35300094030996       -1.13276655271564
H            4.25871833226787        0.74204259068740        0.19086613901322
H            1.62208567327120       -1.65670299634845       -1.02265917699990
H            2.08770227450069       -2.32461238410388        0.54484668303055
H           -0.36596908471028       -2.37725105406011        0.33152311310422
H            0.11365680497339       -1.26123782710327        1.60225091549545
H            1.59206497149052        0.83015341007536       -1.39074836931171
H            2.00388954093741        1.93406488648054       -0.08202258588210
H           -1.36186853214023        2.26480007083318       -0.56796138587315
H           -2.05760447016917       -0.60729189085603        1.46423136373471
H           -3.96250376620059        0.74304078372738        0.71444121368199
H           -3.09230160150632        1.25125877661036       -0.72659807501230
H           -2.53597912737179        1.74769038621453        0.90551103623527
H           -3.89225517667892       -1.60691676624887        0.14068497822403
H           -2.38396092302213       -2.43377692022440       -0.25329485512086
H           -3.04039295606887       -1.22269082333209       -1.36162103187219
31
 energy: -468.205776930072 gnorm: 0.003572576749 xtb: 6.7.1 (edcfbbe)
C            3.76021483346683       -0.19672652196521       -0.05414082164011
C            2.29546163106884       -0.17044165217677        0.37604888012694
H            2.25451856591099       -0.01776940525797        1.46636969765687
C            1.58275661397496       -1.48428254246008        0.06267699034304
C            0.12902855611140       -1.42062784141512        0.51583100936932
C           -0.67719041823827       -0.28402555266936       -0.14243757935041
H           -0.69992792256131       -0.44703859432745       -1.23214613722910
C            0.05885665370570        1.05444339568660        0.07031741317068
H           -0.02513214653073        1.33842783183827        1.13721744310661
C            1.53925273166330        0.96706255003890       -0.30374936384768
O           -0.43701106155005        2.10665881416191       -0.76488146028015
C           -2.13420210973127       -0.35161907533189        0.39627790281578
C           -2.96686737823364        0.93313596118350        0.30920846234853
C           -2.90776070615907       -1.47473401976450       -0.30595933030618
H            4.30244396269275       -1.00943425989871        0.44151312276442
H            3.83913907428880       -0.35123861034586       -1.13706608084534
H            4.26413911647561        0.74524526286394        0.18731438317998
H            1.63016746258478       -1.66577795572267       -1.02160077487336
H            2.09390457062269       -2.32448195821299        0.54920389962819
H           -0.36605906548433       -2.37975550055382        0.33341789210338
H            0.10998167454555       -1.26827289162979        1.60567643405122
H            1.59379220128373        0.83221475687981       -1.39408010385683
H            2.00390033349749        1.93566199032751       -0.08415526065715
H           -1.36010811607323        2.26774844634817       -0.55396058643086
H           -2.06059707349519       -0.60378064839673        1.46511487900486
H           -3.96754257803362        0.75097083748827        0.71603125809099
H           -3.10394608685776        1.25392844920269       -0.73195268168471
H           -2.53813463943469        1.75310960022032        0.89811183202931
H           -3.89838270858483       -1.60955445227502        0.14136653859308
H           -2.38897675624249       -2.43566079023608       -0.25472173291999
H           -3.04943802002264       -1.22676929098042       -1.36496238462919
31
 energy: -468.205800240624 gnorm: 0.001973922529 xtb: 6.7.1 (edcfbbe)
C            3.76088453389597       -0.19620197663762       -0.05569814481525
C            2.29686472076626       -0.17054342091730        0.37609456539890
H            2.25739653829701       -0.01657685173590        1.46627273135852
C            1.58345346401024       -1.48484699601425        0.06429605397407
C            0.12911849116883       -1.42157172948484        0.51574689311127
C           -0.67693050213867       -0.28391308744547       -0.14276788554450
H           -0.69846266877821       -0.44661950037857       -1.23234517983150
C            0.05971605384356        1.05325879660628        0.07118849930167
H           -0.02497418778968        1.33732761111967        1.13765123214131
C            1.53898364661289        0.96614884891216       -0.30377881994059
O           -0.43693662001232        2.10877459147152       -0.76342418452553
C           -2.13514080289926       -0.35141973616892        0.39495912163938
C           -2.96789346616394        0.93321482658270        0.30680068172892
C           -2.90904025521564       -1.47475808046252       -0.30630392139929
H            4.30480175481412       -1.00793241273253        0.43947520873522
H            3.83980265995604       -0.35058307684256       -1.13856661801523
H            4.26435677507911        0.74607657641412        0.18509336719750
H            1.63296692801159       -1.67005738284333       -1.01928462569735
H            2.09436237226323       -2.32344810709775        0.55389854981868
H           -0.36494979218791       -2.38101567107650        0.33174804077226
H            0.10832138749245       -1.27056846393015        1.60589559980238
H            1.59331601009747        0.83168250740886       -1.39409465590864
H            2.00314782016003        1.93491675128506       -0.08436583820200
H           -1.35815528829007        2.27177497894996       -0.54539590400515
H           -2.06238657373249       -0.60248797305605        1.46405219466457
H           -3.96764091372392        0.75119275858331        0.71576343388697
H           -3.10649998582216        1.25379303681675       -0.73406510956526
H           -2.53980998728904        1.75402367585401        0.89484181419895
H           -3.89889165380379       -1.60936455974623        0.14258207859039
H           -2.39056947444862       -2.43574193443897       -0.25522937502779
H           -3.05292687095983       -1.22791868303482       -1.36515817358952
31
 energy: -468.205815068091 gnorm: 0.002442812684 xtb: 6.7.1 (edcfbbe)
C            3.76115451303710       -0.19508323641827       -0.06046389640379
C            2.29893140077868       -0.17074088977179        0.37592913815441
H            2.26351221631564       -0.01369331300420        1.46537069823141
C            1.58542141088237       -1.48699945810989        0.06975069467034
C            0.12901891614623       -1.42303337007319        0.51528724576456
C           -0.67640123897413       -0.28378869836185       -0.14444325752457
H           -0.69613930999238       -0.44587238929368       -1.23339577413053
C            0.06137991443693        1.05040636718868        0.07409151608071
H           -0.02453038113326        1.33519731812483        1.13922239932814
C            1.53841977693788        0.96469260683366       -0.30371824976801
O           -0.43670080463703        2.11190247624448       -0.75938964022598
C           -2.13638078218625       -0.35055894210706        0.39162526941278
C           -2.96990583181673        0.93333410457160        0.30104946993103
C           -2.91056544531049       -1.47483320816652       -0.30712101987536
H            4.30847717505339       -1.00451912039144        0.43370377783676
H            3.83787793482250       -0.34947852383477       -1.14291266667802
H            4.26294656980197        0.74809826593499        0.17847594170213
H            1.64000378428226       -1.68038355779557       -1.01160638569678
H            2.09415793397204       -2.32169473547739        0.56810288296523
H           -0.36281794102997       -2.38241558296261        0.32552687564737
H            0.10344171051350       -1.27490889841603        1.60541581735782
H            1.59103020156911        0.82962698659144       -1.39345705720519
H            2.00167804935940        1.93372510214639       -0.08538085611782
H           -1.35241213097781        2.28296708407859       -0.52319582146955
H           -2.06506458230813       -0.59972358831189        1.46088454437025
H           -3.96796932874197        0.75002144147788        0.71258359371257
H           -3.10872233846610        1.25279128071323       -0.73920847988292
H           -2.54394629527109        1.75500808337395        0.88860157016102
H           -3.89818117164930       -1.60878068850315        0.14598901076990
H           -2.39206281029903       -2.43532049161552       -0.25646803016698
H           -3.05935953334478       -1.22932957807839       -1.36497285550853
31
 energy: -468.205820683335 gnorm: 0.001416653476 xtb: 6.7.1 (edcfbbe)
C            3.76076871077729       -0.19531730801935       -0.06061562929621
C            2.29850548630820       -0.17063959676841        0.37620644169698
H            2.26309127671792       -0.01361226964634        1.46566975716700
C            1.58511731128239       -1.48666795344565        0.06993927686053
C            0.12861762343060       -1.42287008734963        0.51532803230026
C           -0.67639453945976       -0.28360838014889       -0.14412977410094
H           -0.69648910902497       -0.44552112765741       -1.23318318160545
C            0.06083693502177        1.05119629230119        0.07350417258450
H           -0.02461155393288        1.33523840010116        1.13903973260317
C            1.53832486709363        0.96465808267049       -0.30371086790825
O           -0.43677187678631        2.11181544800137       -0.75982333066841
C           -2.13582586491457       -0.35082450733834        0.39218081223033
C           -2.96957099698726        0.93294113712220        0.30141631110020
C           -2.90987355019222       -1.47497893781166       -0.30704722589649
H            4.30787356927380       -1.00501370757935        0.43345017023656
H            3.83649432148990       -0.34997516904210       -1.14314630003541
H            4.26276090540410        0.74791778090079        0.17792649024950
H            1.63973897948571       -1.67995496541388       -1.01138046529333
H            2.09356547386399       -2.32131881123676        0.56854800813548
H           -0.36333069256464       -2.38209509663456        0.32535133491040
H            0.10291458219686       -1.27460073356117        1.60531707454846
H            1.59070518466527        0.82910852781342       -1.39344549112725
H            2.00201854008773        1.93355380511379       -0.08560617524837
H           -1.35183935094760        2.28470629888052       -0.52371584194031
H           -2.06424715101190       -0.60020272139184        1.46139346735133
H           -3.96836578006396        0.74913016055326        0.71102881097174
H           -3.10664667537203        1.25278649103819       -0.73898249441779
H           -2.54428138045053        1.75421500273268        0.89012226750649
H           -3.89760863474137       -1.60933056253348        0.14577617296744
H           -2.39095862804965       -2.43529146984902       -0.25667542053545
H           -3.05822637212297       -1.22883114542736       -1.36485975213912
31
 energy: -468.205827694676 gnorm: 0.000955353494 xtb: 6.7.1 (edcfbbe)
C            3.75942897778615       -0.19579050307815       -0.06253824625260
C            2.29741991136452       -0.17010357463782        0.37686174035856
H            2.26319000971836       -0.01208372053123        1.46634296994526
C            1.58492418501190       -1.48629128546293        0.07224243648510
C            0.12770797634037       -1.42229860632073        0.51567432615482
C           -0.67676969194484       -0.28339039451444       -0.14315589303558
H           -0.69753355177498       -0.44449435486420       -1.23266533784748
C            0.05959217376567        1.05252770826565        0.07342433149541
H           -0.02430995607422        1.33525339228633        1.13985817511382
C            1.53783839137459        0.96456121602538       -0.30393486490059
O           -0.43815210769340        2.11048780083595       -0.75928646660149
C           -2.13493614529517       -0.35139722412554        0.39303190860117
C           -2.96864483883191        0.93238087797815        0.30085841267283
C           -2.90804813419745       -1.47597662012703       -0.30708414146299
H            4.30682374834223       -1.00589302204355        0.43086474476685
H            3.83124499992029       -0.35180059452165       -1.14537409264721
H            4.26251278530335        0.74770765661825        0.17353551959532
H            1.64086789619709       -1.68146196406248       -1.00866222225204
H            2.09244036421410       -2.31996143560863        0.57337360316426
H           -0.36430117561424       -2.38105989613554        0.32417835536051
H            0.10034594830978       -1.27477456566903        1.60553640191659
H            1.58912762788229        0.82694118211281       -1.39374566332648
H            2.00276248041800        1.93344783461314       -0.08771676873182
H           -1.34947649876787        2.29314368968362       -0.51725781024924
H           -2.06320660753535       -0.60085774162406        1.46232770009235
H           -3.97055759389081        0.74722851216048        0.70272493332690
H           -3.09813600239663        1.25418327835283       -0.74006789461639
H           -2.54651041404871        1.75227269225860        0.89422742804705
H           -3.89589896179016       -1.61230227696154        0.14526027465662
H           -2.38758631022705       -2.43569033626480       -0.25822206113310
H           -3.05586572101601       -1.22789526748310       -1.36473658098904
31
 energy: -468.205830881435 gnorm: 0.000527819513 xtb: 6.7.1 (edcfbbe)
C            3.75946975162949       -0.19575309653399       -0.06397554366241
C            2.29789648335745       -0.16989687095509        0.37649019484681
H            2.26460774761447       -0.01097437011672        1.46588473777868
C            1.58517521149923       -1.48658298667024        0.07372099065679
C            0.12772168502209       -1.42270277245236        0.51622864705540
C           -0.67661064792676       -0.28355368384812       -0.14295728653023
H           -0.69682954031958       -0.44445167273070       -1.23244149931376
C            0.05985807688664        1.05219769742149        0.07416955039912
H           -0.02363880638575        1.33458109648966        1.14063236396691
C            1.53748381816306        0.96437058156644       -0.30429084407820
O           -0.43821506620323        2.11130357391456       -0.75781963741449
C           -2.13539803163224       -0.35134827714728        0.39242087411630
C           -2.96938061801037        0.93213747925052        0.29914408285636
C           -2.90829131225606       -1.47616914968855       -0.30745831122743
H            4.30751467511729       -1.00541927924654        0.42935906004190
H            3.83081596513863       -0.35223205219211       -1.14674212681876
H            4.26271068298773        0.74780865756780        0.17122207719680
H            1.64197643211701       -1.68374481639036       -1.00682683412171
H            2.09267347899262       -2.31941282849896        0.57640033010012
H           -0.36378448026607       -2.38171579628746        0.32422596079080
H            0.09960412988981       -1.27570824226046        1.60626559455434
H            1.58828372072751        0.82651878449856       -1.39405461908701
H            2.00222005343555        1.93342875214082       -0.08871823463858
H           -1.34740778216631        2.29781371982916       -0.51027030376070
H           -2.06451565543411       -0.60018619653268        1.46193765727636
H           -3.97168202730745        0.74700531038027        0.69991237902755
H           -3.09738322169149        1.25460383003883       -0.74168729878820
H           -2.54831608227471        1.75182192093263        0.89353942459702
H           -3.89578290665663       -1.61299737181475        0.14543490623865
H           -2.38747967541823       -2.43566787309755       -0.25881706670118
H           -3.05699976636561       -1.22846232642258       -1.36505576220206
31
 energy: -468.205830881435 gnorm: 0.000527819513 xtb: 6.7.1 (edcfbbe)
C            3.75946975162949       -0.19575309653399       -0.06397554366241
C            2.29789648335745       -0.16989687095509        0.37649019484681
H            2.26460774761447       -0.01097437011672        1.46588473777868
C            1.58517521149923       -1.48658298667024        0.07372099065679
C            0.12772168502209       -1.42270277245236        0.51622864705540
C           -0.67661064792676       -0.28355368384812       -0.14295728653023
H           -0.69682954031958       -0.44445167273070       -1.23244149931376
C            0.05985807688664        1.05219769742149        0.07416955039912
H           -0.02363880638575        1.33458109648966        1.14063236396691
C            1.53748381816306        0.96437058156644       -0.30429084407820
O           -0.43821506620323        2.11130357391456       -0.75781963741449
C           -2.13539803163224       -0.35134827714728        0.39242087411630
C           -2.96938061801037        0.93213747925052        0.29914408285636
C           -2.90829131225606       -1.47616914968855       -0.30745831122743
H            4.30751467511729       -1.00541927924654        0.42935906004190
H            3.83081596513863       -0.35223205219211       -1.14674212681876
H            4.26271068298773        0.74780865756780        0.17122207719680
H            1.64197643211701       -1.68374481639036       -1.00682683412171
H            2.09267347899262       -2.31941282849896        0.57640033010012
H           -0.36378448026607       -2.38171579628746        0.32422596079080
H            0.09960412988981       -1.27570824226046        1.60626559455434
H            1.58828372072751        0.82651878449856       -1.39405461908701
H            2.00222005343555        1.93342875214082       -0.08871823463858
H           -1.34740778216631        2.29781371982916       -0.51027030376070
H           -2.06451565543411       -0.60018619653268        1.46193765727636
H           -3.97168202730745        0.74700531038027        0.69991237902755
H           -3.09738322169149        1.25460383003883       -0.74168729878820
H           -2.54831608227471        1.75182192093263        0.89353942459702
H           -3.89578290665663       -1.61299737181475        0.14543490623865
H           -2.38747967541823       -2.43566787309755       -0.25881706670118
H           -3.05699976636561       -1.22846232642258       -1.36505576220206
