25
 energy: -35.035018368074 gnorm: 0.023814851364 xtb: 6.7.1 (edcfbbe)
C           -4.27395684969899       -0.25887735482043        0.01019378575376
C           -2.78067964009678       -0.08834130348517       -0.01679904194200
C           -2.19365087793890        0.96137406404373       -0.73047077245566
C           -0.81929652300133        1.15125940921417       -0.72420495755343
C            0.01279191907528        0.27133836028479       -0.02934439664644
C           -0.56481243823158       -0.77707733417775        0.68933869443600
C           -1.94435048577193       -0.94778024811633        0.69895406365116
C            1.47979376437977        0.57102351271895        0.01554919148777
O            1.86655793567657        1.72419025689870        0.18580891284911
N            2.35328845601607       -0.48515911345440       -0.07924622523344
C            3.77384159961563       -0.20662098606029        0.08495147512395
C            2.04717151453100       -1.75012198702274       -0.73398683212034
H           -4.72246818330660        0.02434514304800       -0.94609036021749
H           -4.55423498413709       -1.29214050603283        0.23056857248560
H           -4.72195978915342        0.37740340482732        0.78266281352428
H           -2.82694475269420        1.64479906179613       -1.28976943405763
H           -0.37136461576553        1.98663846856500       -1.25210217115064
H            0.06640678922597       -1.45088955748452        1.26113993098900
H           -2.37988369831205       -1.75942687909298        1.27546586247842
H            3.90144102404013        0.64525516329824        0.75282380243407
H            4.25083400767571        0.03329679084127       -0.87608064813744
H            4.26540006623580       -1.08922178756476        0.50787543616526
H            2.23701698692491       -2.59910139963481       -0.06382199407326
H            2.68067709165662       -1.87040140715739       -1.62388466000605
H            1.00505677980019       -1.77776857891694       -1.05051576362464
25
 energy: -35.036305738077 gnorm: 0.006300311919 xtb: 6.7.1 (edcfbbe)
C           -4.25917096788120       -0.25954439555715        0.00800486524339
C           -2.77063573641131       -0.08759306883674       -0.01668548457563
C           -2.18821993991929        0.95826582240927       -0.72710729721528
C           -0.81867838983497        1.14321245723773       -0.72479540780198
C            0.01264254751099        0.26427106405977       -0.03490314558415
C           -0.56407673195022       -0.77864976471176        0.68427787046574
C           -1.93814088426529       -0.94543417117927        0.69456034486251
C            1.47572913261092        0.56418248120346        0.01524887459609
O            1.86603048530957        1.70420122860351        0.20756079122007
N            2.34472782845498       -0.48346948542987       -0.08491121568587
C            3.75925819215750       -0.21009621952429        0.07728357869805
C            2.03981959741682       -1.73979231621060       -0.73250917388301
H           -4.70172000701159        0.02518778074117       -0.94599148775272
H           -4.53316514326879       -1.29018831716144        0.22897197722589
H           -4.69755158037841        0.37678191224681        0.77989522304416
H           -2.81980013735058        1.64091875190821       -1.28054400387861
H           -0.37332860458370        1.97302498759636       -1.25500700006459
H            0.06177205665739       -1.44472263002907        1.26270880496491
H           -2.37248869572247       -1.75368921736768        1.26846930785810
H            3.87553887807777        0.64464276759291        0.74017712783220
H            4.23554482697467        0.02468797904178       -0.88125154166578
H            4.24571305285775       -1.08546444620530        0.51124849018719
H            2.23515343455782       -2.57682507018280       -0.05496746456095
H            2.67366406228070       -1.85977276446094       -1.61786560609165
H            0.99805782045623       -1.76614017326916       -1.04285314327818
25
 energy: -35.036537463307 gnorm: 0.003197582822 xtb: 6.7.1 (edcfbbe)
C           -4.25054988615849       -0.26143506946095        0.00591687510957
C           -2.76345306601094       -0.08971094314667       -0.01990774080981
C           -2.18376100994275        0.95557734423997       -0.72939011569662
C           -0.81567830519454        1.13862220543343       -0.72828694135902
C            0.01405101013208        0.26286662144695       -0.03522018149151
C           -0.56151094158126       -0.77729220785358        0.68665888692665
C           -1.93329944359686       -0.94611977305639        0.69222696887723
C            1.47414173016461        0.56484506430620        0.02477629230463
O            1.86591990288171        1.69937387346624        0.23704744836360
N            2.33946322324045       -0.47852965126845       -0.09168801869277
C            3.75108277551265       -0.21129686458627        0.07093984045477
C            2.03154637408034       -1.73300111152807       -0.73157357380932
H           -4.69018026453168        0.02365475384637       -0.94713362457540
H           -4.52129797918701       -1.29078688946401        0.22794062853739
H           -4.68335288208756        0.37587285003757        0.77763220220020
H           -2.81504525583990        1.63936174126106       -1.27825302403995
H           -0.37096162873388        1.96533070861338       -1.26085789592476
H            0.06228470920590       -1.44138776433093        1.26654126738417
H           -2.36747559118681       -1.75357930724828        1.26433776307040
H            3.86421762428694        0.64943694993743        0.72625438382304
H            4.22855638558797        0.01314841808773       -0.88756597712606
H            4.23201357244926       -1.08244972320341        0.51573904681456
H            2.23056887491414       -2.56630339505055       -0.05223804813338
H            2.66029144521425       -1.85699655446333       -1.61839556969357
H            0.98910372312666       -1.76120608350053       -1.03648560835416
25
 energy: -35.036696335091 gnorm: 0.003372291624 xtb: 6.7.1 (edcfbbe)
C           -4.24468278156045       -0.26460509723125        0.00271932694629
C           -2.75780482301394       -0.09225827601609       -0.02334716461238
C           -2.17985520387035        0.95264015825812       -0.73364092793068
C           -0.81223224663243        1.13637632171111       -0.73086371466530
C            0.01556192229883        0.26494579942920       -0.03150943719720
C           -0.55867088110164       -0.77441307454178        0.69206270738370
C           -1.92936695868901       -0.94717176682896        0.69149468690029
C            1.47365161641882        0.56799163498004        0.03875078792227
O            1.86568012655885        1.69734477664961        0.27953035292574
N            2.33640229446505       -0.47152469422334       -0.10276118685221
C            3.74719131101557       -0.21281462640087        0.06334421861332
C            2.02202296770147       -1.72661392055376       -0.73322205659583
H           -4.68302015954311        0.01987158067155       -0.95013451626028
H           -4.51334273614556       -1.29332154465012        0.22627027921603
H           -4.67437878422361        0.37383173606956        0.77414650841799
H           -2.81098051930855        1.63492395531145       -1.28306445642754
H           -0.36716976663942        1.95967167348399       -1.26756355768540
H            0.06414400509110       -1.43465928783285        1.27644055077237
H           -2.36384890398670       -1.75472903153372        1.26218992725272
H            3.86042756416134        0.65735088204947        0.70673372611912
H            4.22949590768550       -0.00511069161217       -0.89593471592746
H            4.22109575640277       -1.07941509661825        0.52374420202255
H            2.22439858677768       -2.55707006626468       -0.05142710145693
H            2.64417604046176       -1.85668914139241       -1.62350382163743
H            0.97778076242135       -1.75655701039898       -1.03143933308384
25
 energy: -35.036960839872 gnorm: 0.007185761807 xtb: 6.7.1 (edcfbbe)
C           -4.23651895718781       -0.27236980545093       -0.00613571402656
C           -2.74922072108601       -0.09790778112012       -0.03031916126111
C           -2.17228065391590        0.94438040272778       -0.74487514097284
C           -0.80479042351280        1.13213340226302       -0.73478286198553
C            0.01824998242303        0.27202765243148       -0.01731569417158
C           -0.55504721600070       -0.76529787719372        0.70984487224314
C           -1.92438140357804       -0.94741681914219        0.69474155090300
C            1.47421105121739        0.57484640033182        0.07574806844025
O            1.86490025249106        1.69272080015314        0.37772962060467
N            2.33436569307179       -0.45479555404527       -0.12999466968069
C            3.74585875858558       -0.21625887152194        0.04525581741815
C            2.00295956817262       -1.71262626572640       -0.74111895286409
H           -4.67338992426755        0.00890594098713       -0.95990353437152
H           -4.50260713173495       -1.30032784841546        0.22128536726108
H           -4.66420374642342        0.36868849332416        0.76351279288964
H           -2.80260927050861        1.62098100518893       -1.30132968745052
H           -0.35842355555676        1.94996290502413       -1.27869966158765
H            0.06652596157720       -1.41749285764870        1.30431766048046
H           -2.36029128633902       -1.75593068968263        1.26254687765987
H            3.86274952132033        0.67724396393377        0.65799398459723
H            4.24231433142813       -0.05288483401186       -0.91652150592315
H            4.20233335703381       -1.07237737148286        0.54472434463608
H            2.21102469324379       -2.53798521961581       -0.05386987266380
H            2.61078112208429       -1.85675787525452       -1.63957211219069
H            0.95416509420795       -1.74346610353819       -1.02424710382399
25
 energy: -35.037137839613 gnorm: 0.008585632631 xtb: 6.7.1 (edcfbbe)
C           -4.23346944038227       -0.27973567683790       -0.01652688694742
C           -2.74555019686486       -0.10245292615821       -0.03431296521238
C           -2.16597129890373        0.93598628375323       -0.75330438195675
C           -0.79826373597396        1.12904327105351       -0.73302868820177
C            0.02004684364526        0.27908629731596        0.00187687990783
C           -0.55538261003448       -0.75581951598532        0.73142571483124
C           -1.92418557701934       -0.94526724439210        0.70354559329812
C            1.47653190277085        0.57860380018856        0.10898243928553
O            1.86582055422038        1.68510162829055        0.45303553116993
N            2.33627134265058       -0.44015944667297       -0.15320212034230
C            3.74992804956680       -0.21876012621030        0.02955802474477
C            1.98914564271155       -1.70011739067843       -0.75155943657070
H           -4.66839461660372       -0.00234758060297       -0.97279854164549
H           -4.49910070263731       -1.30769628183107        0.21339263003923
H           -4.66530559713069        0.36295440320453        0.75001903615505
H           -2.79421376730558        1.60500814119969       -1.32231711164234
H           -0.35016711597286        1.94298504360887       -1.28238398259859
H            0.06508628528212       -1.40186858201961        1.33464351068600
H           -2.36236575759753       -1.75368363591306        1.27052540391580
H            3.87393041615444        0.69479831751004        0.61281893688613
H            4.25862461471392       -0.09827393768406       -0.93412132353569
H            4.19102197935143       -1.06450726932025        0.56364018361340
H            2.19887492123821       -2.52335268391769       -0.06123470215105
H            2.58671829020792       -1.85457964880282       -1.65568150863050
H            0.93704467065833       -1.72695004658355       -1.02397695093823
25
 energy: -35.037302291773 gnorm: 0.004926518041 xtb: 6.7.1 (edcfbbe)
C           -4.23470473329781       -0.28593530721440       -0.02763246778533
C           -2.74645525621751       -0.10494823686212       -0.03383874534211
C           -2.16089444433475        0.92816227333366       -0.75726309070150
C           -0.79291886872016        1.12613360018331       -0.72620308619230
C            0.02109538565030        0.28343000330226        0.02215355063060
C           -0.55945572497631       -0.74786920295302        0.75378486912506
C           -1.92842975627788       -0.94004982737077        0.71829276339135
C            1.48039790507265        0.57835418594050        0.13157612331111
O            1.86952150148267        1.67480605936339        0.49671265723537
N            2.34051134580828       -0.42976199391235       -0.16874079099521
C            3.75685580760841       -0.21985001559325        0.01834596751704
C            1.98195029465344       -1.69027651480321       -0.76328191128764
H           -4.66568563174393       -0.01269129533043       -0.98816905392363
H           -4.50153303276834       -1.31460238885467        0.20272909533089
H           -4.67693085683424        0.35712667639975        0.73421236862587
H           -2.78561971507919        1.58916150394333       -1.34176239155818
H           -0.34290748563391        1.93812674489145       -1.27822570143240
H            0.05959362610833       -1.39009180458456        1.36391294284053
H           -2.36954376621609       -1.74622838876960        1.28765775021902
H            3.89041715835560        0.70680922443521        0.57726665292447
H            4.27203826085450       -0.13363874980913       -0.94559620636750
H            4.18738157275738       -1.05573281270472        0.57677158032281
H            2.18766804564041       -2.51496198578798       -0.07279904735199
H            2.57568431220523       -1.84959920598107       -1.66895527196075
H            0.92863915264845       -1.70787734874706       -1.03193327241579
25
 energy: -35.037411320744 gnorm: 0.003361635242 xtb: 6.7.1 (edcfbbe)
C           -4.23546050355463       -0.29161726973898       -0.03941421896969
C           -2.74793069702810       -0.10620450065091       -0.03084771015040
C           -2.15551625042223        0.91967526665956       -0.75926365673255
C           -0.78791210045962        1.12086468738657       -0.71880835831185
C            0.02214735733040        0.28322214519211        0.03900950502703
C           -0.56475953937552       -0.74187899574731        0.77463100884750
C           -1.93383636995728       -0.93200548786511        0.73667514049144
C            1.48441352236824        0.57633022923908        0.14784552224407
O            1.87407306059474        1.66369033600607        0.53932845055797
N            2.34406512347162       -0.42192734631315       -0.18053071034239
C            3.76241884947086       -0.22052869433471        0.00778892719976
C            1.97731353654164       -1.68082960861117       -0.77638726287863
H           -4.65891106716628       -0.02310308275626       -1.00551019366040
H           -4.50293465427493       -1.32091866426119        0.19068431121343
H           -4.69064801547020        0.35158080953719        0.71580874783464
H           -2.77560137125881        1.57312413598651       -1.35829315426890
H           -0.33614820351778        1.93073063841548       -1.27295604925493
H            0.05165978843251       -1.38004261329507        1.39250435823402
H           -2.37831788593933       -1.73154197498587        1.31346790394019
H            3.90444978335457        0.71759292541633        0.54301680429656
H            4.27973836146732       -0.16552656544759       -0.95619010877135
H            4.18389936573286       -1.04564816152135        0.58848696116153
H            2.17513449406401       -2.50793437196743       -0.08638254649955
H            2.57133918098213       -1.84259047322479       -1.68065936777319
H            0.92399933135938       -1.68651817060356       -1.04498901927456
25
 energy: -35.037479108288 gnorm: 0.003504847764 xtb: 6.7.1 (edcfbbe)
C           -4.23479229523116       -0.29588786017407       -0.05046172026678
C           -2.74860683734437       -0.10688916812664       -0.02741214242566
C           -2.14995292132292        0.91181316766255       -0.76010249779133
C           -0.78287755201593        1.11307334906494       -0.71312239544687
C            0.02320688149956        0.27934475668122        0.05309579546148
C           -0.56997674546360       -0.73740969084114        0.79480889950658
C           -1.93914383180030       -0.92399092792565        0.75422879636464
C            1.48703776096834        0.57191072116447        0.16441026403108
O            1.87687118750888        1.65317193004192        0.56610412934577
N            2.34598909562905       -0.41807202704994       -0.18362530675138
C            3.76559824415899       -0.22044602729088       -0.00102982160348
C            1.97385474622405       -1.67191050351407       -0.78785433203363
H           -4.64814716536374       -0.03083711958386       -1.02201327802762
H           -4.50209912117669       -1.32561895706154        0.17832344733409
H           -4.70180425535760        0.34698856917762        0.69796992074442
H           -2.76514017801069        1.56098383615344       -1.36812617040524
H           -0.32919920956431        1.92065512436160       -1.26869932066888
H            0.04273431355389       -1.37367190602487        1.41818060606346
H           -2.38739326201972       -1.71500861032473        1.33982385374922
H            3.91384274090759        0.72607914150661        0.51504005815768
H            4.27940151968535       -0.18883253600463       -0.96576203637392
H            4.18235811395010       -1.03515556306452        0.59581248976014
H            2.16282693696860       -2.50341690327076       -0.10111738696417
H            2.57065383725641       -1.83220527703087       -1.68981541527228
H            0.92143309310583       -1.66667232601182       -1.05964115232759
25
 energy: -35.037509374496 gnorm: 0.004046694062 xtb: 6.7.1 (edcfbbe)
C           -4.23074252242957       -0.30198727725509       -0.06347791283646
C           -2.74589520167988       -0.10910546714274       -0.02554633317972
C           -2.14196389207387        0.90180525154021       -0.76371933155458
C           -0.77567594226239        1.10405325410031       -0.70800449234799
C            0.02505885751669        0.27717632601378        0.07111433925922
C           -0.57355821633086       -0.73047455190538        0.82017570812473
C           -1.94248633695844       -0.91604348644652        0.77251822420520
C            1.48908180708236        0.56931760365122        0.18830286924482
O            1.87890109201126        1.64149527359782        0.62127248632166
N            2.34576419775680       -0.41118026067581       -0.19227402694905
C            3.76651175609040       -0.22139625812402       -0.01393427551812
C            1.96467631091458       -1.65924810083617       -0.80197575173204
H           -4.63260927735599       -0.04095903044199       -1.04056470970955
H           -4.49676838533232       -1.33172922034031        0.16503252539977
H           -4.70807197991240        0.34135502708733        0.67742182837806
H           -2.75197968884080        1.54460407969197       -1.38299070905227
H           -0.31913687029409        1.90557027870560       -1.26970171805933
H            0.03453203332804       -1.36203172967142        1.45266814397019
H           -2.39514388400437       -1.69836393177753        1.36592554768939
H            3.92038794266087        0.74107849357897        0.47345227068200
H            4.28003149002129       -0.22574497426612       -0.98071285301832
H            4.17583891859563       -1.02125264933091        0.61064286305249
H            2.14522109753930       -2.49502914704826       -0.11842080220030
H            2.56200727038412       -1.82015226034748       -1.70301163021344
H            0.91269452031936       -1.64376204984318       -1.07517697579669
25
 energy: -35.037534628169 gnorm: 0.001931715090 xtb: 6.7.1 (edcfbbe)
C           -4.22893713778646       -0.30219437400979       -0.06473828649921
C           -2.74439068461179       -0.10896211277318       -0.02428188185071
C           -2.14019510834658        0.90093382134957       -0.76326798740497
C           -0.77410091217463        1.10183326789351       -0.70729639427822
C            0.02547323091037        0.27560705671470        0.07335399183614
C           -0.57355787819600       -0.72974964467819        0.82451756947354
C           -1.94264492558944       -0.91470868475672        0.77532070480244
C            1.48855174058812        0.56744834373550        0.18808084355087
O            1.87934164337047        1.63984354583050        0.61665347951082
N            2.34349628337774       -0.41406243178210       -0.18635598703583
C            3.76400001458100       -0.22101203813217       -0.01311759397262
C            1.96306907607083       -1.65823362475641       -0.80336760960408
H           -4.62739723932335       -0.04104638005416       -1.04256289935599
H           -4.49443399228231       -1.33186115105239        0.16310158328138
H           -4.70715481567138        0.34098038543251        0.67471553553679
H           -2.74924955463320        1.54321174544519       -1.38310172758738
H           -0.31605343100160        1.90048067560728       -1.27164187162742
H            0.03295071997843       -1.36047882381610        1.45888831169869
H           -2.39650054224954       -1.69529432953346        1.36942510618822
H            3.91734634199207        0.73928697679921        0.47459837689402
H            4.27248194264400       -0.22173930022136       -0.97947744808333
H            4.17886665799339       -1.01792225429570        0.60737567826824
H            2.14033301879827       -2.49776666644601       -0.12368329821012
H            2.56314154353697       -1.81515385814310       -1.70343211964089
H            0.91223910477034       -1.64144495184288       -1.08069079173068
25
 energy: -35.037544140071 gnorm: 0.001689185249 xtb: 6.7.1 (edcfbbe)
C           -4.22610653454719       -0.30459627853665       -0.06860662770672
C           -2.74134708388634       -0.11034287614858       -0.02456328060916
C           -2.13638648086373        0.89775548623642       -0.76575799947654
C           -0.77033936045466        1.09852218972879       -0.70708175173991
C            0.02642200018376        0.27661769816222        0.08116858299218
C           -0.57332279195268       -0.72663553342741        0.83405631667195
C           -1.94219350828741       -0.91345624356980        0.77984761869387
C            1.48872462858717        0.56712265659808        0.19911779015384
O            1.88065490356510        1.63687837767403        0.62968413976395
N            2.34173761294247       -0.41335010132309       -0.18485760233028
C            3.76275015783721       -0.22144000305773       -0.01642412423287
C            1.95675451287520       -1.65329192712245       -0.80678352650768
H           -4.62178240123443       -0.04451746838174       -1.04756148463212
H           -4.49111596413591       -1.33420605338638        0.15954990869623
H           -4.70567393742996        0.33907437536761        0.66920314486853
H           -2.74425630280275        1.53756202014493       -1.38937682078248
H           -0.31000640839139        1.89429612163801       -1.27330077675729
H            0.03148301597071       -1.35427792385242        1.47293397505732
H           -2.39766615112741       -1.69395587118352        1.37245721835439
H            3.91728097736128        0.74396085674304        0.46228283549385
H            4.26992138090434       -0.23240948119932       -0.98450292411442
H            4.17820304990260       -1.01295446739198        0.61180307797344
H            2.13194794486316       -2.49715801222052       -0.13186947407865
H            2.55538318189250       -1.80800547654653       -1.70861353907083
H            0.90560865497409       -1.63319687243080       -1.08378939252092
25
 energy: -35.037549057357 gnorm: 0.000872405392 xtb: 6.7.1 (edcfbbe)
C           -4.22467347391352       -0.30613412049012       -0.07039738704629
C           -2.73969106190834       -0.11161370389810       -0.02555597427381
C           -2.13440735309702        0.89562500636944       -0.76798439032605
C           -0.76852112099055        1.09748467151417       -0.70714353509962
C            0.02687922104113        0.27825792835830        0.08496864839154
C           -0.57305389613421       -0.72430193201038        0.83861358882866
C           -1.94166249322761       -0.91283008977391        0.78194240373934
C            1.48930863793704        0.56767136907978        0.20283112413658
O            1.88289381070781        1.63561271664585        0.63903169490543
N            2.34068344508505       -0.41348801931561       -0.18366680747890
C            3.76208647347930       -0.22209487672654       -0.01740183879136
C            1.95302982615133       -1.65093123286148       -0.80869127615896
H           -4.62008370031637       -0.04733399894166       -1.04987397599284
H           -4.48970591762020       -1.33559031028212        0.15888495232823
H           -4.70465517649382        0.33838766870154        0.66664211629310
H           -2.74186534810055        1.53324369399160       -1.39445222139574
H           -0.30677355745243        1.89137791449896       -1.27490430885549
H            0.03128737889897       -1.34964487025818        1.48005824169615
H           -2.39782955609268       -1.69305682673981        1.37468775186146
H            3.91764542546413        0.74440501376541        0.45790485188360
H            4.26786357141914       -0.23585769242561       -0.98582606517547
H            4.17891223453879       -1.01137334253239        0.61218593442541
H            2.12739847868917       -2.49737378500316       -0.13664093957713
H            2.55017637201474       -1.80402086013532       -1.71192196816607
H            0.90143287666644       -1.62842512901650       -1.08427533599209
25
 energy: -35.037551478236 gnorm: 0.000524482826 xtb: 6.7.1 (edcfbbe)
C           -4.22425071598856       -0.30701169118359       -0.07085679924640
C           -2.73930138597645       -0.11223202303871       -0.02632825513600
C           -2.13401925160608        0.89493069005345       -0.76877636621921
C           -0.76831126120022        1.09783266781318       -0.70726084394006
C            0.02691987358645        0.27961262587527        0.08561889453346
C           -0.57295719672779       -0.72313495297275        0.83928741528587
C           -1.94126548512560       -0.91272535013585        0.78197067354410
C            1.48982814706855        0.56844469448824        0.20287621866094
O            1.88474607329480        1.63611539066851        0.63800729665430
N            2.34032052196518       -0.41437462369582       -0.18080339528075
C            3.76213511145265       -0.22292997468342       -0.01658803795922
C            1.95175236240744       -1.65023642725176       -0.80859728753904
H           -4.62065444659073       -0.04870711358683       -1.05022571268880
H           -4.48943437127466       -1.33637185801168        0.15914674644379
H           -4.70397890176712        0.33785757338624        0.66628503918981
H           -2.74155681772663        1.53153421860105       -1.39607675715839
H           -0.30630882822651        1.89164045018300       -1.27499582002252
H            0.03170861645638       -1.34761217966630        1.48117112055360
H           -2.39732320958669       -1.69307837777066        1.37486980045419
H            3.91859091314670        0.74329810876970        0.45883862672846
H            4.26638898813972       -0.23607917857879       -0.98597533588112
H            4.17972834933079       -1.01291263824067        0.61178789071258
H            2.12699702188548       -2.49836556513297       -0.13894817782296
H            2.54719334492874       -1.80102729095706       -1.71327511840041
H            0.89972764487991       -1.62647198241761       -1.08213653130656
25
 energy: -35.037553501393 gnorm: 0.000586484697 xtb: 6.7.1 (edcfbbe)
C           -4.22357574563366       -0.30837859680913       -0.07179583222458
C           -2.73892387743465       -0.11269812276342       -0.02707927760937
C           -2.13363556316275        0.89370794728692       -0.77031459475345
C           -0.76813274718846        1.09800799599438       -0.70791029440458
C            0.02702954750860        0.28134908016358        0.08656851509985
C           -0.57286429554230       -0.72119840668496        0.84078696089233
C           -1.94077541747351       -0.91173077867179        0.78285055447881
C            1.49037358207815        0.56968592494794        0.20460917702410
O            1.88642635700505        1.63722465627542        0.63858024680137
N            2.34002044690648       -0.41529994039933       -0.17743318903669
C            3.76230823465819       -0.22460699148496       -0.01585628390287
C            1.95006370936556       -1.64897948139247       -0.80892625852392
H           -4.62065264349465       -0.05104225755070       -1.05126767986500
H           -4.48845854471326       -1.33761287500409        0.15922228987148
H           -4.70346004766910        0.33694134171233        0.66498295528832
H           -2.74115752012677        1.52879394623295       -1.39912617225254
H           -0.30640168087017        1.89180477476539       -1.27599450840502
H            0.03221629845454       -1.34445587263082        1.48354718367630
H           -2.39657471981360       -1.69185292352390        1.37624288022754
H            3.92029759285823        0.74033868841404        0.46097296107035
H            4.26431787216833       -0.23601650316413       -0.98624288575421
H            4.18069258127117       -1.01616709320137        0.60968995762703
H            2.12825693311227       -2.49907911831908       -0.14274001413997
H            2.54220135156698       -1.79625679177722       -1.71625208067646
H            0.89708339291508       -1.62448340990143       -1.07809932634915
25
 energy: -35.037555180983 gnorm: 0.000489791550 xtb: 6.7.1 (edcfbbe)
C           -4.22291484321268       -0.30979115116136       -0.07276550356241
C           -2.73859671907024       -0.11272743007041       -0.02700397519755
C           -2.13338362440067        0.89301653929238       -0.77098764572395
C           -0.76800556284826        1.09828484771912       -0.70810701617100
C            0.02729224888067        0.28277963980199        0.08735963884453
C           -0.57257995209474       -0.71901834015642        0.84278195174760
C           -1.94031970818858       -0.91025141287835        0.78437278519270
C            1.49070968318892        0.57063982762171        0.20473203311093
O            1.88753418163400        1.63807923427339        0.63799731892821
N            2.33941601093092       -0.41601296084955       -0.17483807785283
C            3.76198287327155       -0.22631532160199       -0.01490762971748
C            1.94877266632178       -1.64789143028878       -0.80952689069161
H           -4.61930869137551       -0.05317556480673       -1.05266063259743
H           -4.48699351167893       -1.33913749364282        0.15837770334721
H           -4.70403352147653        0.33536186544665        0.66328686767806
H           -2.74076955303741        1.52697095268134       -1.40104000568902
H           -0.30691327442102        1.89183682984800       -1.27707633514244
H            0.03272893680831       -1.34166971923792        1.48590314166602
H           -2.39596341593628       -1.68982276688207        1.37846506103928
H            3.92128186532256        0.73810250047419        0.46310749316503
H            4.26270750254125       -0.23697692742678       -0.98630568407007
H            4.18061268990513       -1.01936387782152        0.60912010123057
H            2.13054858835159       -2.49994207374607       -0.14687682102447
H            2.53792753156991       -1.79116829739786       -1.71944201628434
H            0.89494269576003       -1.62381227667600       -1.07495057806588
25
 energy: -35.037556992707 gnorm: 0.000435804809 xtb: 6.7.1 (edcfbbe)
C           -4.22223998513589       -0.31146154500751       -0.07406035955246
C           -2.73819668813633       -0.11241172604716       -0.02646797692078
C           -2.13308433580329        0.89255100778499       -0.77159356576047
C           -0.76773972256380        1.09837474025153       -0.70856688221822
C            0.02761040460953        0.28411979843248        0.08806479057221
C           -0.57224926083397       -0.71644567127491        0.84509545492228
C           -1.93995151213125       -0.90805294611363        0.78675027114315
C            1.49096699097262        0.57142265423306        0.20522003002850
O            1.88846123480124        1.63889885598198        0.63764666167067
N            2.33876677784296       -0.41665124006277       -0.17298916292520
C            3.76145817543853       -0.22821856098638       -0.01395890585375
C            1.94751859892987       -1.64678267608008       -0.81067486151136
H           -4.61715279876856       -0.05585082467623       -1.05475024816191
H           -4.48501248522111       -1.34114631738534        0.15697432621340
H           -4.70559026527998        0.33317805532474        0.66088668163303
H           -2.74025232973997        1.52536586655764       -1.40303390498881
H           -0.30720992914335        1.89123157237500       -1.27890841311762
H            0.03306688914178       -1.33781600141789        1.48960641272657
H           -2.39560365606906       -1.68650101308471        1.38232938315927
H            3.92197856764082        0.73463973374741        0.46683222647840
H            4.26152903600167       -0.23653468684241       -0.98568349569042
H            4.18014199565693       -1.02336453045193        0.60743622631950
H            2.13479509717120       -2.50086452869112       -0.15217206172879
H            2.53240709383012       -1.78531343745934       -1.72428470021751
H            0.89225720353507       -1.62437138659328       -1.07068264206001
25
 energy: -35.037558396400 gnorm: 0.000405505884 xtb: 6.7.1 (edcfbbe)
C           -4.22164152879224       -0.31318475133961       -0.07560851072150
C           -2.73787001988148       -0.11209931208352       -0.02598189400044
C           -2.13285533978281        0.89201950520719       -0.77242344857382
C           -0.76751602925381        1.09830842062446       -0.70923235842507
C            0.02779060741204        0.28559356653524        0.08915968915728
C           -0.57215564477736       -0.71315803185638        0.84847161231512
C           -1.93985912067994       -0.90537449306168        0.78982550688962
C            1.49128867935394        0.57195210288166        0.20570941675788
O            1.88960717437710        1.63925331355913        0.63814210180805
N            2.33825945229293       -0.41687355208152       -0.17280732387397
C            3.76098738869730       -0.23010293734350       -0.01309617252653
C            1.94658225703351       -1.64577444664850       -0.81238767665194
H           -4.61506709798257       -0.05875822465131       -1.05715009911303
H           -4.48295753823728       -1.34326966723472        0.15538887836539
H           -4.70742206621434        0.33087034993984        0.65814643970812
H           -2.73990786890647        1.52385840438527       -1.40494945133169
H           -0.30721001918487        1.89033312244926       -1.28086576151148
H            0.03306684810803       -1.33348465469841        1.49393954680221
H           -2.39554393224940       -1.68284754214736        1.38660161155122
H            3.92236748773332        0.73102706536429        0.47115834838035
H            4.26138021726860       -0.23546226288134       -0.98472776527311
H            4.17891100732828       -1.02782352605224        0.60555738394197
H            2.14067606664147       -2.50139508911242       -0.15788322755129
H            2.52614323060524       -1.77967021898933       -1.73022352966419
H            0.88962088583659       -1.62594194825039       -1.06574803229950
25
 energy: -35.037558143148 gnorm: 0.000763197353 xtb: 6.7.1 (edcfbbe)
C           -4.22107653366952       -0.31482927029118       -0.07708570398093
C           -2.73756306312448       -0.11179957756074       -0.02551592427522
C           -2.13264609484197        0.89151932302278       -0.77321159753894
C           -0.76730965134925        1.09825567523706       -0.70986365257587
C            0.02796406066861        0.28700822894470        0.09020642613398
C           -0.57206105117330       -0.71001401331245        0.85169969058178
C           -1.93976802679426       -0.90281513805106        0.79276642166293
C            1.49159460994839        0.57246379700374        0.20616982245212
O            1.89069156591551        1.63960473933718        0.63861318613476
N            2.33777909708318       -0.41708673340677       -0.17263798809257
C            3.76053998942546       -0.23190303124750       -0.01227928601440
C            1.94569487419610       -1.64482119333925       -0.81401266918886
H           -4.61307506857836       -0.06153633657648       -1.05944391464401
H           -4.48099497732451       -1.34529818278827        0.15387528636879
H           -4.70918452354770        0.32866662862976        0.65552733102998
H           -2.73958996767913        1.52244854955183       -1.40674753152203
H           -0.30723331274090        1.88950298822117       -1.28271745566278
H            0.03307772868456       -1.32938211032412        1.49802838250987
H           -2.39547847583321       -1.67937709897619        1.39066100353070
H            3.92274357176901        0.72760315374115        0.47524831016922
H            4.26124509068661       -0.23448373254570       -0.98382661750381
H            4.17773824295403       -1.03206478794760        0.60379037475493
H            2.14626374772655       -2.50190008342600       -0.16329972001644
H            2.52020457249133       -1.77431857193481       -1.73585992765123
H            0.88711869185308       -1.62744802944717       -1.06106896250232
25
 energy: -35.037559178940 gnorm: 0.000384226571 xtb: 6.7.1 (edcfbbe)
C           -4.22105494311832       -0.31427675365563       -0.07702006783113
C           -2.73748141993300       -0.11196117464088       -0.02553483343824
C           -2.13215523424334        0.89124620404817       -0.77300245528484
C           -0.76686226605450        1.09749864625632       -0.70945127896489
C            0.02789983447800        0.28590526890527        0.09056425707968
C           -0.57245322682772       -0.71131260059353        0.85139246887744
C           -1.94015837662161       -0.90361207883467        0.79227617958089
C            1.49151655395319        0.57175941520121        0.20721286920389
O            1.89039104560894        1.63838988911421        0.64102311875899
N            2.33790472383490       -0.41656576303304       -0.17350101146605
C            3.76070799527393       -0.23092797428638       -0.01312503489492
C            1.94568191305264       -1.64456870581823       -0.81434252227499
H           -4.61321191848692       -0.06054397004690       -1.05920614973757
H           -4.48169791612844       -1.34456574554692        0.15384059970498
H           -4.70848563510915        0.32945395832182        0.65583994707463
H           -2.73887252289404        1.52179207993854       -1.40727238762853
H           -0.30595865761476        1.88823355933321       -1.28242483789977
H            0.03225931212266       -1.32987243375937        1.49926788880924
H           -2.39627888638282       -1.67967024522946        1.39058786494615
H            3.92247324209215        0.72934028207484        0.47262757139785
H            4.26151898808303       -0.23513134545780       -0.98449913454098
H            4.17779119234140       -1.02969974222027        0.60458155032014
H            2.14395100397619       -2.50132160441599       -0.16261085812399
H            2.52158365429575       -1.77553008798408       -1.73490284553741
H            0.88766664104764       -1.62606388515637       -1.06330561397095
25
 energy: -35.037559650861 gnorm: 0.000192564903 xtb: 6.7.1 (edcfbbe)
C           -4.22108807474207       -0.31374019157068       -0.07699540692646
C           -2.73739632519489       -0.11239193831300       -0.02596237055288
C           -2.13158586020961        0.89038226808394       -0.77364733203796
C           -0.76635854571934        1.09654801717322       -0.70944404926008
C            0.02785392869227        0.28523066885085        0.09137775752530
C           -0.57286605771192       -0.71190207778826        0.85199885478200
C           -1.94053403849614       -0.90408901728178        0.79228686859539
C            1.49151788602294        0.57123170471489        0.20836879874943
O            1.89027557841053        1.63722590771125        0.64365639324466
N            2.33805155048801       -0.41598370828710       -0.17440593968285
C            3.76091472839050       -0.23010808431485       -0.01389763093333
C            1.94557801231943       -1.64423474148185       -0.81469066555570
H           -4.61364125334968       -0.05980738444794       -1.05902042552061
H           -4.48250421914168       -1.34377364355465        0.15416467697733
H           -4.70768613653003        0.33051118328699        0.65605660497484
H           -2.73811381772786        1.52094415920614       -1.40794055734442
H           -0.30475471990162        1.88702109355487       -1.28217191326176
H            0.03153664925627       -1.33050641509900        1.49993912170448
H           -2.39700054659181       -1.68022018282271        1.39024537587201
H            3.92238621762186        0.73067249684084        0.47065235378406
H            4.26174911323773       -0.23530197195540       -0.98513832746328
H            4.17791139978547       -1.02798908981023        0.60482686418604
H            2.14228054487076       -2.50066450150782       -0.16211103556362
H            2.52229653922836       -1.77630891217385       -1.73446686013696
H            0.88785254373829       -1.62475044649978       -1.06466587199598
25
 energy: -35.037559907365 gnorm: 0.000074405194 xtb: 6.7.1 (edcfbbe)
C           -4.22119700631377       -0.31349677275459       -0.07693331044280
C           -2.73745611403034       -0.11242080672136       -0.02602380358105
C           -2.13152292561574        0.89014556887795       -0.77385100626478
C           -0.76627769820592        1.09623391831038       -0.70962944352433
C            0.02781762178450        0.28509473878494        0.09147379108755
C           -0.57301627904320       -0.71189516681572        0.85220090334965
C           -1.94068447615968       -0.90405213788800        0.79237550181127
C            1.49149316480474        0.57103696596944        0.20864371642607
O            1.89018404284172        1.63673214757481        0.64451933444652
N            2.33810189062102       -0.41589258367705       -0.17454098005430
C            3.76095023913988       -0.22992865685586       -0.01399959227303
C            1.94573981387417       -1.64418006204137       -0.81481298119371
H           -4.61388839178668       -0.05959766952811       -1.05892106224520
H           -4.48277220834784       -1.34346217769008        0.15439117015335
H           -4.70754169573501        0.33092919099178        0.65614289668687
H           -2.73792769120954        1.52039596736592       -1.40858252496163
H           -0.30458337966932        1.88651069867919       -1.28256133538178
H            0.03132944217076       -1.33049831428118        1.50015936109745
H           -2.39723828077959       -1.68003832767265        1.39043687776206
H            3.92231624498710        0.73062839751215        0.47133834598428
H            4.26169182513629       -0.23430343901121       -0.98542081767764
H            4.17814369250773       -1.02835677523680        0.60406774297987
H            2.14277698956138       -2.50057208484693       -0.16223891853451
H            2.52229913449470       -1.77610622480245       -1.73472228591574
H            0.88793714171842       -1.62491120172910       -1.06449629557479
25
 energy: -35.037560416921 gnorm: 0.000215058142 xtb: 6.7.1 (edcfbbe)
C           -4.22148762055213       -0.31280694808356       -0.07668411279471
C           -2.73762451397771       -0.11248845922235       -0.02623538167025
C           -2.13128653564191        0.88927267518093       -0.77476515262999
C           -0.76599308075737        1.09514372963823       -0.71043257247020
C            0.02772335875798        0.28455825276201        0.09157900540537
C           -0.57345422694884       -0.71198286653807        0.85263928128830
C           -1.94114405932151       -0.90389566099654        0.79266725381045
C            1.49138626153564        0.57050685504440        0.20959405196837
O            1.88977029906159        1.63555315763516        0.64719346904481
N            2.33826452686091       -0.41558552952335       -0.17494436180960
C            3.76106192174011       -0.22941295654960       -0.01435437792276
C            1.94618527715296       -1.64402405363243       -0.81509476092305
H           -4.61448388368668       -0.05897744844299       -1.05856908033342
H           -4.48356367579346       -1.34255799833374        0.15508030060028
H           -4.70712379131868        0.33212434670929        0.65643131218085
H           -2.73741302048559        1.51913215625246       -1.41017011332570
H           -0.30407545198954        1.88498605772172       -1.28379745953978
H            0.03069348664321       -1.33040686601523        1.50091212771720
H           -2.39794426251083       -1.67951708766353        1.39099381058380
H            3.92221379185069        0.73009433972333        0.47340772344915
H            4.26157476095397       -0.23110671712874       -0.98603883446205
H            4.17883392656688       -1.02933189547244        0.60154695058320
H            2.14425568460511       -2.50030901728062       -0.16262889196809
H            2.52214669024201       -1.77558351374844       -1.73543024744633
H            0.88815923375898       -1.62538935952178       -1.06388465517622
25
 energy: -35.037560835291 gnorm: 0.000182776948 xtb: 6.7.1 (edcfbbe)
C           -4.22176980174188       -0.31207210926818       -0.07645112248444
C           -2.73778245146430       -0.11257176400341       -0.02643547704720
C           -2.13097733238911        0.88832889678588       -0.77572534695252
C           -0.76563043505859        1.09388135342836       -0.71125677899115
C            0.02763398538055        0.28387818706915        0.09176439657872
C           -0.57396051368825       -0.71204769177298        0.85330415871795
C           -1.94166819070600       -0.90373512662958        0.79307087531015
C            1.49125723475163        0.56990555526557        0.21061397837974
O            1.88925948748187        1.63434390031139        0.65006082992540
N            2.33845293057780       -0.41529163892211       -0.17541024094401
C            3.76118715364838       -0.22885561450837       -0.01473220336305
C            1.94665774425140       -1.64383781257386       -0.81550087578259
H           -4.61493728859244       -0.05822303580715       -1.05825649916079
H           -4.48439483938454       -1.34160221566816        0.15565859159920
H           -4.70677503344579        0.33331497114542        0.65669001482635
H           -2.73675004486632        1.51775162388015       -1.41190246783389
H           -0.30341245135491        1.88301709649186       -1.28535349744534
H            0.02991410567440       -1.33016070643782        1.50214298627991
H           -2.39881535295919       -1.67876187473004        1.39190863489392
H            3.92203304618950        0.72927483597452        0.47575810816021
H            4.26137434047378       -0.22739068340922       -0.98656657740686
H            4.17956977414463       -1.03035328490723        0.59864475039999
H            2.14582541717128       -2.50007101689096       -0.16329430737145
H            2.52196411848601       -1.77487417776142       -1.73630268949249
H            0.88841949416589       -1.62585247454771       -1.06341395663612
25
 energy: -35.037561075114 gnorm: 0.000093786175 xtb: 6.7.1 (edcfbbe)
C           -4.22191567252817       -0.31165916990035       -0.07640923582816
C           -2.73787557182959       -0.11257060477384       -0.02643023773402
C           -2.13070008234152        0.88757498979415       -0.77643635939042
C           -0.76531313973661        1.09285004585184       -0.71186773252501
C            0.02760115796749        0.28332590572628        0.09198176535989
C           -0.57432665779557       -0.71201349489643        0.85400372962190
C           -1.94207221299912       -0.90341586870948        0.79368671339843
C            1.49117424326390        0.56945073817178        0.21135265161590
O            1.88890680568733        1.63364332052639        0.65170434531751
N            2.33857696969217       -0.41518031793947       -0.17561978411838
C            3.76129490642365       -0.22851597284345       -0.01496689979849
C            1.94692199997581       -1.64365799494072       -0.81590771695548
H           -4.61501322288943       -0.05781045742831       -1.05823815043808
H           -4.48486733752148       -1.34106528377863        0.15585806310256
H           -4.70669598378811        0.33398441352908        0.65665167501051
H           -2.73624558739449        1.51689693710084       -1.41292080036165
H           -0.30288261013811        1.88159542952473       -1.28633013210022
H            0.02931275326026       -1.32986287095387        1.50333450253741
H           -2.39947114581934       -1.67810319165777        1.39277703366428
H            3.92188113902416        0.72865822962530        0.47733074784207
H            4.26122320432719       -0.22492800412113       -0.98687087447046
H            4.18008304870133       -1.03101568495012        0.59671178527468
H            2.14669686978745       -2.49999531128719       -0.16404867662745
H            2.52182246292384       -1.77423034998730       -1.73702609933302
H            0.88855876049276       -1.62596023916821       -1.06330502890468
25
 energy: -35.037561224907 gnorm: 0.000051018424 xtb: 6.7.1 (edcfbbe)
C           -4.22194965061860       -0.31153287056641       -0.07649315296369
C           -2.73789248393697       -0.11260638988039       -0.02639044401451
C           -2.13050635545937        0.88716018181155       -0.77674659135219
C           -0.76511283032557        1.09231020234047       -0.71204993973508
C            0.02759743613996        0.28304454596663        0.09226330020456
C           -0.57453215714584       -0.71190520605112        0.85461830828535
C           -1.94229556882781       -0.90319686304626        0.79416969539035
C            1.49115447595042        0.56924193622419        0.21170743592197
O            1.88877926690735        1.63332548111249        0.65250459640222
N            2.33862682383279       -0.41518558853132       -0.17564967083031
C            3.76135260555355       -0.22841252651718       -0.01505073533984
C            1.94697885689578       -1.64347893345988       -0.81628844407870
H           -4.61485911835400       -0.05763374906826       -1.05837839134252
H           -4.48503751046594       -1.34091115412034        0.15571763941654
H           -4.70678797100556        0.33414212653585        0.65650029729219
H           -2.73588005821074        1.51627366000058       -1.41359285701043
H           -0.30249703003345        1.88064072801044       -1.28693194829425
H            0.02892897485996       -1.32948292155323        1.50439374964057
H           -2.39989921470129       -1.67745657908796        1.39366725033817
H            3.92181170971901        0.72823013779976        0.47816638433019
H            4.26110716823819       -0.22368831697104       -0.98697154998148
H            4.18037212643562       -1.03140564503823        0.59571142432449
H            2.14694557306727       -2.50003829186069       -0.16480436989102
H            2.52169960301018       -1.77366849767614       -1.73756699305609
H            0.88857042522088       -1.62577027385940       -1.06348970949687
25
 energy: -35.037561354000 gnorm: 0.000079987534 xtb: 6.7.1 (edcfbbe)
C           -4.22191206091903       -0.31157558523378       -0.07667892046959
C           -2.73786820940407       -0.11261107262720       -0.02628764540525
C           -2.13031288019546        0.88678897080666       -0.77700734038130
C           -0.76491695030431        1.09185532197214       -0.71220795040010
C            0.02762537476860        0.28288801716177        0.09258518284085
C           -0.57467265288375       -0.71164369588817        0.85532974202010
C           -1.94245054071048       -0.90284854348561        0.79478248117085
C            1.49117909308650        0.56909727210194        0.21205350631766
O            1.88878327644098        1.63315843142146        0.65294361209351
N            2.33863641142589       -0.41526382187497       -0.17550687748843
C            3.76138487305924       -0.22843950614895       -0.01507865885731
C            1.94688586605569       -1.64324269828261       -0.81667943698034
H           -4.61460249908277       -0.05763154286412       -1.05864022416696
H           -4.48501854644689       -1.34097582456974        0.15540986573392
H           -4.70694082831365        0.33403069579177        0.65624359321152
H           -2.73555821508433        1.51570870366979       -1.41416148287006
H           -0.30216455315470        1.87993766969468       -1.28731747974399
H            0.02865319720666       -1.32901745444265        1.50543437581770
H           -2.40019632503073       -1.67682704466173        1.39453812006486
H            3.92180466902464        0.72785601955783        0.47876203837474
H            4.26094976078118       -0.22296463395428       -0.98706561549181
H            4.18057369766817       -1.03179395408693        0.59503996228934
H            2.14687737425463       -2.50011460236755       -0.16563142261531
H            2.52148898619409       -1.77301605942979       -1.73809177394100
H            0.88844677830969       -1.62535986974587       -1.06375236696396
25
 energy: -35.037561500043 gnorm: 0.000083068927 xtb: 6.7.1 (edcfbbe)
C           -4.22181660130727       -0.31172814011329       -0.07694342117569
C           -2.73779701529793       -0.11265752692245       -0.02620770302178
C           -2.13006830127482        0.88631868224214       -0.77735460760681
C           -0.76469307813724        1.09142337664515       -0.71234226371608
C            0.02766846064020        0.28285501232268        0.09303211851031
C           -0.57479186707169       -0.71124282666625        0.85620005785241
C           -1.94257596044246       -0.90240993555747        0.79551588902159
C            1.49124006238476        0.56902642907260        0.21247160639593
O            1.88890411268647        1.63296983599993        0.65358478981853
N            2.33860059524112       -0.41535329693398       -0.17525127525945
C            3.76138744593884       -0.22857845837223       -0.01507331908216
C            1.94665363766600       -1.64288038506337       -0.81717617199705
H           -4.61428249774082       -0.05770354756033       -1.05897242663969
H           -4.48488128181846       -1.34118602801724        0.15494483706244
H           -4.70709348657355        0.33372901783570        0.65594442369091
H           -2.73516593788227        1.51489890405106       -1.41498199158091
H           -0.30178372948377        1.87915298420298       -1.28781047096804
H            0.02838762874543       -1.32827106675922        1.50676994132740
H           -2.40047831563588       -1.67599814880439        1.39565709311673
H            3.92187778365397        0.72737183693370        0.47941706313531
H            4.26070860723593       -0.22235341938266       -0.98718472038142
H            4.18076547324972       -1.03236240779214        0.59434193641735
H            2.14665087478229       -2.50020732305605       -0.16673569157632
H            2.52108759713667       -1.77210075275609       -1.73877483400824
H            0.88817089005058       -1.62471762303469       -1.06405557517562
25
 energy: -35.037561669179 gnorm: 0.000064984819 xtb: 6.7.1 (edcfbbe)
C           -4.22165299858624       -0.31199149696062       -0.07730612356842
C           -2.73766936586087       -0.11273686379022       -0.02616436008937
C           -2.12973882650537        0.88570865233442       -0.77784557823172
C           -0.76438264199821        1.09088491863705       -0.71258368631607
C            0.02773620577919        0.28292661768979        0.09363689761171
C           -0.57492803056236       -0.71058739697619        0.85739695633631
C           -1.94269101408310       -0.90181838517820        0.79644281723984
C            1.49133833076281        0.56896297646576        0.21319511779074
O            1.88914931532081        1.63270192750922        0.65462676227845
N            2.33851209081950       -0.41544470907795       -0.17485863347707
C            3.76135687933141       -0.22882791672607       -0.01507683973503
C            1.94625149010037       -1.64233415647644       -0.81781956839419
H           -4.61390724767963       -0.05783934480910       -1.05938578837111
H           -4.48462657374744       -1.34153680350476        0.15431655168982
H           -4.70721238217843        0.33323550469122        0.65559620906728
H           -2.73463511053206        1.51370202685861       -1.41624442356072
H           -0.30130570142160        1.87818590050446       -1.28850506578871
H            0.02810136872485       -1.32718796035074        1.50850651814464
H           -2.40077357600188       -1.67492275403604        1.39706817303011
H            3.92205552068286        0.72668185452454        0.48022685239353
H            4.26033703539492       -0.22171763657375       -0.98737848127314
H            4.18094835593774       -1.03318542481836        0.59344281018977
H            2.14638725233856       -2.50027210353875       -0.16823314585793
H            2.52034812866145       -1.77075137160145       -1.73974648087327
H            0.88767659204851       -1.62384086228230       -1.06429220607582
25
 energy: -35.037561857514 gnorm: 0.000050052257 xtb: 6.7.1 (edcfbbe)
C           -4.22140681722424       -0.31236823943739       -0.07778904594258
C           -2.73747195788475       -0.11286646612155       -0.02615144985832
C           -2.12926251841355        0.88475502063006       -0.77868007926265
C           -0.76395384997917        1.09016436139846       -0.71296078443443
C            0.02783076210622        0.28311376973389        0.09446556594678
C           -0.57508776738489       -0.70966729428835        0.85898821967048
C           -1.94282113799381       -0.90098056597578        0.79771494395079
C            1.49148086933131        0.56895547483485        0.21417855476019
O            1.88953444936576        1.63223014791251        0.65644616752243
N            2.33836351411805       -0.41547693071951       -0.17443658392869
C            3.76128948763139       -0.22920576563120       -0.01507431721330
C            1.94565551896447       -1.64153941353918       -0.81871334916472
H           -4.61343890714154       -0.05807571481218       -1.05991968400396
H           -4.48424886330979       -1.34202023468264        0.15353113607766
H           -4.70728977461586        0.33258328367189        0.65514144012460
H           -2.73390447753202        1.51201989204263       -1.41803626258235
H           -0.30068103241137        1.87685778412230       -1.28955844346021
H            0.02774945159692       -1.32557047254462        1.51093177245376
H           -2.40113023126775       -1.67349195878503        1.39892662436009
H            3.92232961494593        0.72569797052594        0.48133576335413
H            4.25982687905363       -0.22093313520348       -0.98762202698285
H            4.18108935496925       -1.03438603235845        0.59223824776209
H            2.14618348269477       -2.50028644254377       -0.17032030923153
H            2.51912991353111       -1.76881422690965       -1.74119189007749
H            0.88690913359573       -1.62269961880563       -1.06442892568031
25
 energy: -35.037562024049 gnorm: 0.000044346364 xtb: 6.7.1 (edcfbbe)
C           -4.22112283530519       -0.31279159724267       -0.07832047138568
C           -2.73724013944931       -0.11302422104452       -0.02619403372775
C           -2.12873055611159        0.88373208134897       -0.77959584385825
C           -0.76344568020898        1.08931149710743       -0.71347123081753
C            0.02793853364647        0.28333921527162        0.09539205409883
C           -0.57528672881641       -0.70855390368156        0.86082698020745
C           -1.94295545904013       -0.90007446364354        0.79905716051180
C            1.49163977168377        0.56889873964534        0.21550302809735
O            1.88996788128262        1.63161524925886        0.65879264369588
N            2.33819228230825       -0.41543155730885       -0.17407337876008
C            3.76121660507367       -0.22962454469429       -0.01512277820607
C            1.94496986245145       -1.64060072476670       -0.81974536257839
H           -4.61294103158820       -0.05830158126103       -1.06047955437979
H           -4.48381088312185       -1.34257088127316        0.15263160135537
H           -4.70733642916578        0.33181934211508        0.65469317201949
H           -2.73305597402944        1.51002790344495       -1.42020674581825
H           -0.29996150447353        1.87528465533703       -1.29088940924260
H            0.02734235227261       -1.32367733264157        1.51369232290420
H           -2.40153594672361       -1.67182968311453        1.40102875332025
H            3.92266440641608        0.72454240817393        0.48261895541292
H            4.25932713227184       -0.22002681846442       -0.98790680249730
H            4.18114578974703       -1.03578561814576        0.59081764968713
H            2.14620379957533       -2.50020395575860       -0.17271252801235
H            2.51752273781990       -1.76657508054740       -1.74298570760392
H            0.88596711023079       -1.62150393560051       -1.06433519026312
25
 energy: -35.037562142149 gnorm: 0.000057522928 xtb: 6.7.1 (edcfbbe)
C           -4.22087492954229       -0.31315758116787       -0.07880985419705
C           -2.73703737094046       -0.11315698709577       -0.02622416017025
C           -2.12822379096009        0.88272055230282       -0.78051587692917
C           -0.76297150589049        1.08849572925333       -0.71396542514677
C            0.02803042725009        0.28354785325532        0.09624726482398
C           -0.57548923403441       -0.70751079142586        0.86254677930263
C           -1.94310870262468       -0.89918383982792        0.80036298326547
C            1.49178595499449        0.56884888631392        0.21668230200777
O            1.89035935367325        1.63091190193047        0.66124836102699
N            2.33804570511348       -0.41529585222758       -0.17396230971235
C            3.76115022876720       -0.22999545093981       -0.01518395789515
C            1.94436331229891       -1.63972963586995       -0.82073807712245
H           -4.61251148575530       -0.05850583082028       -1.06099745554272
H           -4.48343061815771       -1.34304295694090        0.15184123127763
H           -4.70737410791954        0.33116562896680        0.65426637373111
H           -2.73225816859416        1.50819292279577       -1.42220458764067
H           -0.29929635121438        1.87377993763725       -1.29217036596956
H            0.02694397603919       -1.32190584439263        1.51627460868152
H           -2.40193102980380       -1.67032848248173        1.40292651181391
H            3.92296178342942        0.72349924523180        0.48375449782387
H            4.25896609879435       -0.21923119576870       -0.98811979244214
H            4.18109600840281       -1.03705520233452        0.58956432134365
H            2.14651289340795       -2.50005050781654       -0.17494590775649
H            2.51589247866322       -1.76445713401176       -1.74478625721471
H            0.88507417134878       -1.62056017205155       -1.06407592319944
25
 energy: -35.037562225745 gnorm: 0.000053496764 xtb: 6.7.1 (edcfbbe)
C           -4.22067696638371       -0.31343550289839       -0.07923445131024
C           -2.73687571185281       -0.11326478836172       -0.02626177367832
C           -2.12776768998472        0.88182444571016       -0.78133247990263
C           -0.76252852856454        1.08770050314483       -0.71444100282010
C            0.02810563771723        0.28365608653826        0.09699503091900
C           -0.57570603652050       -0.70663787055585        0.86405259051134
C           -1.94328047604838       -0.89842671710862        0.80147684054504
C            1.49190038549039        0.56872605798693        0.21786407665398
O            1.89063918598036        1.63019970045427        0.66365296112464
N            2.33794303055819       -0.41509752129714       -0.17402309285213
C            3.76110970157987       -0.23026909506199       -0.01529802837007
C            1.94388673430172       -1.63895089977420       -0.82166024287243
H           -4.61213406743052       -0.05860947318593       -1.06144294509138
H           -4.48313454840768       -1.34341798104123        0.15111098057757
H           -4.70742285576165        0.33062052955303        0.65391532052215
H           -2.73152801585629        1.50658005095643       -1.42397677181679
H           -0.29866378004635        1.87235786071701       -1.29334873937512
H            0.02651579901036       -1.32033664388845        1.51863021559331
H           -2.40235243520702       -1.66893202110429        1.40466708025047
H            3.92321233151359        0.72264721503097        0.48465369393404
H            4.25876086317302       -0.21857133694239       -0.98830992926373
H            4.18097106182666       -1.03808164970069        0.58850384666991
H            2.14710693916537       -2.49985079428433       -0.17698269114526
H            2.51430535861424       -1.76256615659317       -1.74655024813155
H            0.88428917987895       -1.61986880577938       -1.06364495651210
