15
 energy: -196.461150253675 gnorm: 0.005664814701 xtb: 6.7.1 (edcfbbe)
C           -2.23802434690710        0.24487787306906        0.24696331259101
C           -0.99586240158159        0.24253501186791       -0.65857980793051
C            0.00586610901064       -0.78152673997883       -0.22135621143326
C            1.26967014982025       -0.58455203694098        0.16339363604688
C            2.01963916766798        0.70853105821758        0.23120609727509
H           -2.98529190826605        0.95681886131839       -0.11620032595943
H           -1.97030713454355        0.51765584385246        1.27315099114478
H           -2.70299043937112       -0.74716225501779        0.27641873260331
H           -1.31094552223851        0.01798818602877       -1.68834484266243
H           -0.55356644109112        1.24381631764359       -0.68253037031557
H           -0.36788019440762       -1.80612543192681       -0.20606777839906
H            1.84342851882174       -1.46225619286817        0.46024359669395
H            1.40344100383904        1.57903070554280       -0.02256986523119
H            2.87803635930104        0.68819014439473       -0.45803971402483
H            2.43105296229960        0.86572231032177        1.23920001287143
15
 energy: -196.461192483809 gnorm: 0.001496370276 xtb: 6.7.1 (edcfbbe)
C           -2.23745351278151        0.24656604307975        0.24583552505253
C           -0.99596141530250        0.24174766799948       -0.65779756709472
C            0.00643515816534       -0.78212877539572       -0.22102542953820
C            1.27041687988379       -0.58555177634569        0.16242265381465
C            2.01896740553322        0.70835559119470        0.23080778264121
H           -2.98577233444601        0.95909906217414       -0.11431298670948
H           -1.96773121106832        0.51761366656275        1.27109142392774
H           -2.70170867631284       -0.74489519335193        0.27464538239105
H           -1.31017357594919        0.01652705563299       -1.68670581752440
H           -0.55365369262189        1.24216041555709       -0.68218749442144
H           -0.36803373274201       -1.80627009052222       -0.20419913594044
H            1.84422239054979       -1.46325749141327        0.45876210174387
H            1.40263448012555        1.57423557638340       -0.02191366986355
H            2.87599964996544        0.69358077528040       -0.45507690204382
H            2.42807800990781        0.86576107832557        1.23654131076932
15
 energy: -196.461198420267 gnorm: 0.000966748923 xtb: 6.7.1 (edcfbbe)
C           -2.23521764277507        0.24744701325993        0.24576906367453
C           -0.99537253626618        0.24161747164855       -0.65811300511693
C            0.00627370645982       -0.78277462471062       -0.21955523090472
C            1.27099938006504       -0.58683184371520        0.16119660338220
C            2.01697414613148        0.70874921171940        0.23061693684145
H           -2.98256522818427        0.96189098109763       -0.11270182796325
H           -1.96459130024588        0.51706144643396        1.27084545987367
H           -2.70173688369415       -0.74257940656455        0.27416181390976
H           -1.30821218830168        0.01451362794494       -1.68655025775653
H           -0.55183121421701        1.24109634720219       -0.68413652279178
H           -0.36885984223495       -1.80661880336379       -0.20210297896905
H            1.84541743269558       -1.46452863722306        0.45590645596799
H            1.39784476207979        1.57081782462018       -0.02115283156276
H            2.87361185656007        0.69826582243875       -0.45338993474414
H            2.42353125234633        0.86541706756189        1.23609290914720
15
 energy: -196.461200013228 gnorm: 0.000249852103 xtb: 6.7.1 (edcfbbe)
C           -2.23493319720566        0.24808869782401        0.24596185941800
C           -0.99521254928934        0.24092745319069       -0.65805627933567
C            0.00690297017499       -0.78356242938605       -0.22053088522055
C            1.27151073608293       -0.58723243525926        0.16060349030836
C            2.01639133060250        0.70894920027736        0.23066732004172
H           -2.98171014207391        0.96354976518283       -0.11182200467174
H           -1.96354051836457        0.51691044528440        1.27120197635829
H           -2.70250594854126       -0.74161375927921        0.27404077277581
H           -1.30846470250763        0.01367292130869       -1.68650601475984
H           -0.55141486557703        1.24036853837063       -0.68458459644479
H           -0.36854770462613       -1.80734803166196       -0.20253799351753
H            1.84592009324536       -1.46471180818123        0.45603736501621
H            1.39612762641613        1.57085905976314       -0.02151724506733
H            2.87383596819709        0.69889929267124       -0.45312323820656
H            2.42190655370479        0.86578655532296        1.23705194567685
15
 energy: -196.461200013228 gnorm: 0.000249852103 xtb: 6.7.1 (edcfbbe)
C           -2.23493319720566        0.24808869782401        0.24596185941800
C           -0.99521254928934        0.24092745319069       -0.65805627933567
C            0.00690297017499       -0.78356242938605       -0.22053088522055
C            1.27151073608293       -0.58723243525926        0.16060349030836
C            2.01639133060250        0.70894920027736        0.23066732004172
H           -2.98171014207391        0.96354976518283       -0.11182200467174
H           -1.96354051836457        0.51691044528440        1.27120197635829
H           -2.70250594854126       -0.74161375927921        0.27404077277581
H           -1.30846470250763        0.01367292130869       -1.68650601475984
H           -0.55141486557703        1.24036853837063       -0.68458459644479
H           -0.36854770462613       -1.80734803166196       -0.20253799351753
H            1.84592009324536       -1.46471180818123        0.45603736501621
H            1.39612762641613        1.57085905976314       -0.02151724506733
H            2.87383596819709        0.69889929267124       -0.45312323820656
H            2.42190655370479        0.86578655532296        1.23705194567685
