2025-04-15 19:34:40,149 -   censo.qm_processor   -   INFO   - worker2068949:Running sp calculation in /scratch/pawsey0265/mwang1/.automated/7062/0_PRESCREENING/CONF1/sp.
2025-04-15 19:34:40,150 -   censo.qm_processor   -   INFO   - worker2068950:Running sp calculation in /scratch/pawsey0265/mwang1/.automated/7062/0_PRESCREENING/CONF2/sp.
2025-04-15 19:34:40,151 -   censo.qm_processor   -   INFO   - worker2068952:Running sp calculation in /scratch/pawsey0265/mwang1/.automated/7062/0_PRESCREENING/CONF3/sp.
2025-04-15 19:34:40,152 -   censo.qm_processor   -   INFO   - worker2068953:Running sp calculation in /scratch/pawsey0265/mwang1/.automated/7062/0_PRESCREENING/CONF4/sp.
2025-04-15 19:34:40,152 -   censo.qm_processor   -   INFO   - worker2068957:Running sp calculation in /scratch/pawsey0265/mwang1/.automated/7062/0_PRESCREENING/CONF5/sp.
2025-04-15 19:34:48,104 -     censo.parallel     -   INFO   - All jobs executed successfully.
2025-04-15 19:34:48,130 -   censo.qm_processor   -   INFO   - worker2069376:Running sp calculation in /scratch/pawsey0265/mwang1/.automated/7062/1_SCREENING/CONF2/sp.
2025-04-15 19:34:48,131 -   censo.qm_processor   -   INFO   - worker2069377:Running sp calculation in /scratch/pawsey0265/mwang1/.automated/7062/1_SCREENING/CONF1/sp.
2025-04-15 19:34:48,131 -   censo.qm_processor   -   INFO   - worker2069381:Running sp calculation in /scratch/pawsey0265/mwang1/.automated/7062/1_SCREENING/CONF5/sp.
2025-04-15 19:34:48,132 -   censo.qm_processor   -   INFO   - worker2069379:Running sp calculation in /scratch/pawsey0265/mwang1/.automated/7062/1_SCREENING/CONF4/sp.
2025-04-15 19:34:48,132 -   censo.qm_processor   -   INFO   - worker2069383:Running sp calculation in /scratch/pawsey0265/mwang1/.automated/7062/1_SCREENING/CONF3/sp.
2025-04-15 19:35:13,624 -     censo.parallel     -   INFO   - All jobs executed successfully.
2025-04-15 19:35:13,660 -   censo.qm_processor   -   INFO   - worker2072106:Running xtb_opt calculation in /scratch/pawsey0265/mwang1/.automated/7062/2_OPTIMIZATION/CONF1/xtb_opt.
2025-04-15 19:35:13,660 -   censo.qm_processor   -   INFO   - worker2072107:Running xtb_opt calculation in /scratch/pawsey0265/mwang1/.automated/7062/2_OPTIMIZATION/CONF2/xtb_opt.
2025-04-15 19:35:13,661 -   censo.qm_processor   -   INFO   - worker2072111:Running xtb_opt calculation in /scratch/pawsey0265/mwang1/.automated/7062/2_OPTIMIZATION/CONF4/xtb_opt.
2025-04-15 19:35:13,661 -   censo.qm_processor   -   INFO   - worker2072109:Running xtb_opt calculation in /scratch/pawsey0265/mwang1/.automated/7062/2_OPTIMIZATION/CONF3/xtb_opt.
2025-04-15 19:35:13,662 -   censo.qm_processor   -   INFO   - worker2072113:Running xtb_opt calculation in /scratch/pawsey0265/mwang1/.automated/7062/2_OPTIMIZATION/CONF5/xtb_opt.
2025-04-15 19:39:17,926 -     censo.parallel     -   INFO   - All jobs executed successfully.
2025-04-15 19:39:17,940 -   censo.qm_processor   -   INFO   - worker2087206:Running xtb_rrho calculation in /scratch/pawsey0265/mwang1/.automated/7062/2_OPTIMIZATION/CONF1/xtb_rrho.
2025-04-15 19:39:17,941 -   censo.qm_processor   -   INFO   - worker2087207:Running xtb_rrho calculation in /scratch/pawsey0265/mwang1/.automated/7062/2_OPTIMIZATION/CONF2/xtb_rrho.
2025-04-15 19:39:17,942 -   censo.qm_processor   -   INFO   - worker2087208:Running xtb_rrho calculation in /scratch/pawsey0265/mwang1/.automated/7062/2_OPTIMIZATION/CONF3/xtb_rrho.
2025-04-15 19:39:17,942 -   censo.qm_processor   -   INFO   - worker2087210:Running xtb_rrho calculation in /scratch/pawsey0265/mwang1/.automated/7062/2_OPTIMIZATION/CONF4/xtb_rrho.
2025-04-15 19:39:17,943 -   censo.qm_processor   -   INFO   - worker2087213:Running xtb_rrho calculation in /scratch/pawsey0265/mwang1/.automated/7062/2_OPTIMIZATION/CONF5/xtb_rrho.
2025-04-15 19:39:21,182 -     censo.parallel     -   INFO   - All jobs executed successfully.
2025-04-15 19:39:21,182 -censo.ensembleopt.optimization-   INFO   - Threshold: 1.50 kcal/mol
2025-04-15 19:39:21,196 -   censo.qm_processor   -   INFO   - worker2087284:Running xtb_rrho calculation in /scratch/pawsey0265/mwang1/.automated/7062/2_OPTIMIZATION/CONF1/xtb_rrho.
2025-04-15 19:39:21,197 -   censo.qm_processor   -   INFO   - worker2087285:Running xtb_rrho calculation in /scratch/pawsey0265/mwang1/.automated/7062/2_OPTIMIZATION/CONF2/xtb_rrho.
2025-04-15 19:39:21,197 -   censo.qm_processor   -   INFO   - worker2087287:Running xtb_rrho calculation in /scratch/pawsey0265/mwang1/.automated/7062/2_OPTIMIZATION/CONF3/xtb_rrho.
2025-04-15 19:39:21,198 -   censo.qm_processor   -   INFO   - worker2087290:Running xtb_rrho calculation in /scratch/pawsey0265/mwang1/.automated/7062/2_OPTIMIZATION/CONF4/xtb_rrho.
2025-04-15 19:39:21,198 -   censo.qm_processor   -   INFO   - worker2087293:Running xtb_rrho calculation in /scratch/pawsey0265/mwang1/.automated/7062/2_OPTIMIZATION/CONF5/xtb_rrho.
2025-04-15 19:39:22,871 -     censo.parallel     -   INFO   - All jobs executed successfully.
