16
 energy: -271.698300681021 gnorm: 0.001360171824 xtb: 6.7.1 (edcfbbe)
C           -1.49355713891240        0.63891521486724       -0.16364581348733
C           -1.19947465206099       -0.84834353141838       -0.43256366024866
C           -0.05908193297819       -1.15563025077229        0.54380922147568
C            0.85224225730966        0.07177514988587        0.41547652688461
C           -0.13132729700524        1.25609392403824        0.25559008888540
O            1.74794251713098       -0.04853590054876       -0.69987565606499
H           -2.21000972864816        0.72100440207647        0.66050798162940
H           -1.93923644736716        1.14378616296621       -1.02518332993028
H           -2.07583659511297       -1.48742459877234       -0.29326486547562
H           -0.86117240423453       -0.99780416101329       -1.46696455669583
H           -0.45746978761729       -1.20748875869253        1.56566462485460
H            0.48116212510842       -2.08323254443044        0.33656925823111
H            1.51258700854591        0.19368530075896        1.27870292291233
H           -0.22398826065377        1.81261245371810        1.19344974807502
H            0.26392628981692        1.95553781151456       -0.48771024406519
H            1.22007829690773       -0.07115211390747       -1.50508046686379
16
 energy: -271.698305034552 gnorm: 0.000411014273 xtb: 6.7.1 (edcfbbe)
C           -1.49357355274486        0.63920640440796       -0.16378360711817
C           -1.19940844417893       -0.84819526686576       -0.43274202621697
C           -0.05860657412795       -1.15539029646766        0.54317475584523
C            0.85246487839575        0.07206921111476        0.41514557027761
C           -0.13134566514390        1.25599248110448        0.25589230614285
O            1.74910992288435       -0.04585117373299       -0.69984559608107
H           -2.21083282158682        0.72135271925160        0.65970551979446
H           -1.93839482585267        1.14409728699430       -1.02569614354338
H           -2.07564748756847       -1.48704982794983       -0.29137271221631
H           -0.86311498808286       -0.99868642319499       -1.46765568404703
H           -0.45729040653873       -1.20698936489153        1.56508580347619
H            0.48158809389706       -2.08310994659935        0.33633449674004
H            1.51206578006044        0.19362676739852        1.27892152062775
H           -0.22440911313341        1.81119020884596        1.19421160803603
H            0.26362401325539        1.95634131996875       -0.48619015220430
H            1.22055547468663       -0.07480553185112       -1.50570384998797
16
 energy: -271.698305034552 gnorm: 0.000411014273 xtb: 6.7.1 (edcfbbe)
C           -1.49357355274486        0.63920640440796       -0.16378360711817
C           -1.19940844417893       -0.84819526686576       -0.43274202621697
C           -0.05860657412795       -1.15539029646766        0.54317475584523
C            0.85246487839575        0.07206921111476        0.41514557027761
C           -0.13134566514390        1.25599248110448        0.25589230614285
O            1.74910992288435       -0.04585117373299       -0.69984559608107
H           -2.21083282158682        0.72135271925160        0.65970551979446
H           -1.93839482585267        1.14409728699430       -1.02569614354338
H           -2.07564748756847       -1.48704982794983       -0.29137271221631
H           -0.86311498808286       -0.99868642319499       -1.46765568404703
H           -0.45729040653873       -1.20698936489153        1.56508580347619
H            0.48158809389706       -2.08310994659935        0.33633449674004
H            1.51206578006044        0.19362676739852        1.27892152062775
H           -0.22440911313341        1.81119020884596        1.19421160803603
H            0.26362401325539        1.95634131996875       -0.48619015220430
H            1.22055547468663       -0.07480553185112       -1.50570384998797
