24
 energy: -43.361943138269 gnorm: 0.046892915779 xtb: 6.7.1 (edcfbbe)
C           -2.19269226076418       -0.91131594288889       -0.14035940405651
C           -1.13814235336051       -0.31630605722023        0.79040445552682
H           -1.61240755594535       -0.28023126559388        1.77911390150784
C           -0.71959640924264        1.13882580394325        0.49586925563070
H           -1.56876920471291        1.64914030439682        0.02268757216989
C            0.48697671656742        1.25904573264266       -0.45212956671114
H            0.85297085499328        2.29148397278510       -0.38191685705678
C            1.60549793289463        0.30892271584251       -0.02351395146282
H            2.40136731092035        0.30840384623648       -0.78519711764843
C            1.08422412827064       -1.12880268340186        0.11878309518542
H            1.85465574488250       -1.74972633893890        0.60415538523137
O           -0.01962927528390       -1.21754426736084        0.98244884936845
O            0.86730193931786       -1.66967782120970       -1.17653538948185
O            2.10609687582920        0.80667898202527        1.22227613454195
O            0.08582018545876        1.00867029650262       -1.80799689171873
O           -0.46616979001968        1.84746800995742        1.70352335152784
O           -1.79554560222526       -1.07143181044685       -1.50330739320710
H           -3.09586466652210       -0.28526516281426       -0.07166252150631
H           -2.44491271493399       -1.91318819831080        0.21977316895457
H           -0.10236700199822       -1.72176440199141       -1.32496843530371
H            2.62066800170982        0.10898610419745        1.64545609731561
H            0.60468751870619        0.25634128148622       -2.13204339482401
H            0.40769260049931        1.56723978637688        2.01521499185458
H           -1.49603773484557       -0.20040582369272       -1.82212628701792
24
 energy: -43.364195083449 gnorm: 0.024518536858 xtb: 6.7.1 (edcfbbe)
C           -2.18355519350229       -0.90600324953823       -0.14138684290319
C           -1.12785906177237       -0.32299265900347        0.80608445242200
H           -1.59140889081864       -0.30171035451886        1.80089400673234
C           -0.72330616095219        1.13260581542401        0.48841597609256
H           -1.57787546645060        1.63939133170163        0.02361295081037
C            0.48219393611524        1.24925696936601       -0.46270216563670
H            0.84347502552957        2.28429267851768       -0.40497244093846
C            1.60514913215135        0.31466216470236       -0.01088419215821
H            2.40659157945139        0.31351948247141       -0.76626381791978
C            1.07323068809260       -1.12313752185511        0.11941972773004
H            1.84320910586685       -1.75122591054185        0.59540738082826
O           -0.01607319377067       -1.21770820050996        0.98688304620156
O            0.84921654606653       -1.65194993883034       -1.16762073434623
O            2.09994557580454        0.80062006367640        1.22845557857286
O            0.08314184680241        0.98754013490643       -1.80428897625714
O           -0.47136825210721        1.83860588044842        1.68347597957929
O           -1.77588999864717       -1.04128661227992       -1.49115879094725
H           -3.08765124241623       -0.28545188029938       -0.08100093449595
H           -2.42887995308511       -1.91679031487403        0.19518032766782
H           -0.11919369009722       -1.71645469080275       -1.31502317607628
H            2.62765709994581        0.10979281721484        1.64606623037947
H            0.60593703778974        0.24167784600104       -2.13461386956121
H            0.40685160602657        1.57317119081746        1.99678054540750
H           -1.49771283582723       -0.16487797967146       -1.81281121236391
24
 energy: -43.364827437311 gnorm: 0.005370701231 xtb: 6.7.1 (edcfbbe)
C           -2.18013094055642       -0.90734352860974       -0.14264484054228
C           -1.11850178129587       -0.32952951971835        0.81278437872444
H           -1.57553622755133       -0.31365938971990        1.81039225326224
C           -0.72299215139966        1.13046571179467        0.49082312062862
H           -1.58250972656087        1.62747088255606        0.02616435208160
C            0.47792710009967        1.24204094849198       -0.47061630773967
H            0.83404700775079        2.28066067351964       -0.42010946203743
C            1.60325393817818        0.31600222008295       -0.00016506941757
H            2.41080361725608        0.31565785517275       -0.75025482180846
C            1.06673698325407       -1.12636445268707        0.11509006777727
H            1.83810631159312       -1.75923245348943        0.58599581106953
O           -0.01282359028114       -1.21794577205072        0.98510799479889
O            0.83741547316617       -1.63829399871207       -1.16718555902336
O            2.08125378899935        0.79423019184474        1.23648543274927
O            0.08948438599339        0.97140003134095       -1.80150686255682
O           -0.47154327698354        1.84517318168037        1.67038869332783
O           -1.76871873115947       -1.02356994019908       -1.48283847805391
H           -3.08041085851832       -0.28565009798685       -0.07436330361821
H           -2.42354234335420       -1.92297388814042        0.17969341485902
H           -0.13128446285022       -1.70293041491534       -1.31987017559199
H            2.62912205009056        0.11509389911394        1.64820942264307
H            0.61274407831744        0.22724599572999       -2.13496447982871
H            0.40924543209687        1.59353062503186        1.98914865076020
H           -1.49632083608902       -0.14593169760858       -1.80781518364378
24
 energy: -43.364893539701 gnorm: 0.002337865315 xtb: 6.7.1 (edcfbbe)
C           -2.18028421425852       -0.90748571359929       -0.14158428040691
C           -1.11580991675916       -0.33225199920177        0.81496949997182
H           -1.57375357470819       -0.31456435600372        1.81205429122236
C           -0.72331557538159        1.12939724908692        0.48968161557812
H           -1.58473672664651        1.62097839664684        0.02173990793706
C            0.47937742720168        1.24104113108387       -0.47241338476232
H            0.83465849599503        2.28045072542385       -0.42007643387732
C            1.60498780570771        0.31564432299024        0.00227498088933
H            2.41551319064390        0.31700069893452       -0.74560170019152
C            1.06694437985150       -1.12911098801112        0.11131332420312
H            1.83989495015792       -1.76245460702984        0.58038865849227
O           -0.01042610552782       -1.21941843260119        0.98511357167728
O            0.83512759593982       -1.63732552838379       -1.17032924651904
O            2.07254788081122        0.79087380691963        1.24249427086147
O            0.09486732745330        0.97010743503855       -1.80236682736671
O           -0.47438695830206        1.84909567618429        1.66524493494805
O           -1.77256456811541       -1.01990622877624       -1.48221057163462
H           -3.08026322789418       -0.28562587681920       -0.06419588704456
H           -2.42248123380933       -1.92335137925807        0.18006791675286
H           -0.13465820709224       -1.69651538275846       -1.32469287543521
H            2.63038506544184        0.11765070964789        1.65083563887836
H            0.61513787913093        0.22303493338103       -2.13494521497683
H            0.40616802712022        1.60112971885838        1.98748824955685
H           -1.49710447676441       -0.14284724923096       -1.80730138993413
24
 energy: -43.364927347776 gnorm: 0.001968689876 xtb: 6.7.1 (edcfbbe)
C           -2.17988112855412       -0.90908704151815       -0.13961466268560
C           -1.11295974141714       -0.33411110678386        0.81578699759243
H           -1.57196986365190       -0.31385685501087        1.81219819881232
C           -0.72308750847576        1.12888616056527        0.48741672170823
H           -1.58518631008330        1.61485870528344        0.01415464490765
C            0.48205106221004        1.24096089009380       -0.47391876308331
H            0.83696938038954        2.28064126384626       -0.41831830220815
C            1.60651339963992        0.31465039027413        0.00374856130872
H            2.42072567872436        0.31821504008283       -0.74054822210716
C            1.06789209939744       -1.13222441717337        0.10780219728577
H            1.84197211642230       -1.76646004784092        0.57432705519863
O           -0.00794692386458       -1.22083329973244        0.98599777223901
O            0.83167944934481       -1.63830423796138       -1.17304079897498
O            2.06399740935919        0.78641978303331        1.24853880691199
O            0.10125574348510        0.97111440417776       -1.80452119510293
O           -0.47940094618820        1.85450277198338        1.66004795576692
O           -1.77698074846612       -1.01516495195812       -1.48218391169511
H           -3.08080986455302       -0.28868117709073       -0.05322128662874
H           -2.41956589990922       -1.92613648200167        0.18039857819857
H           -0.13939183504614       -1.68950645443116       -1.32753850630737
H            2.63402401278156        0.12036945615234        1.65180635020437
H            0.61630708985873        0.21868103166088       -2.13425548886442
H            0.39938595979516        1.60792151847764        1.98763854056549
H           -1.49976739100301       -0.13730828160599       -1.80475219422252
24
 energy: -43.364945205356 gnorm: 0.001948699353 xtb: 6.7.1 (edcfbbe)
C           -2.17862902893362       -0.91076995866305       -0.13708767480073
C           -1.11072617096096       -0.33470113701355        0.81638597055784
H           -1.56937862931884       -0.31199200412304        1.81291455686225
C           -0.72294026257139        1.12833475506961        0.48362662934904
H           -1.58441045383887        1.60979521887418        0.00449722630505
C            0.48548003805043        1.24038888621549       -0.47465612215168
H            0.84052346697190        2.27981989117033       -0.41656437231193
C            1.60800339373201        0.31304909594897        0.00488099686560
H            2.42605190572700        0.31864030451597       -0.73489596041881
C            1.06849494257557       -1.13439777518591        0.10520998746301
H            1.84282963162883       -1.77009573792357        0.56854559927185
O           -0.00597850456707       -1.22130496331479        0.98745998003029
O            0.82713324841316       -1.63900303532639       -1.17494589870724
O            2.05743618313334        0.78179922929739        1.25383410422763
O            0.10800028469856        0.97257344393537       -1.80683457994483
O           -0.48596543111152        1.85968446144565        1.65411019678873
O           -1.78047708536673       -1.00871877139529       -1.48220961136997
H           -3.08245404965309       -0.29508811916707       -0.04392334526064
H           -2.41267849244100       -1.93033659764633        0.17952814441026
H           -0.14485036802905       -1.68092661416432       -1.32926010686753
H            2.64070903885676        0.12379559779779        1.65086213262174
H            0.61524150046628        0.21237238384657       -2.13171530501419
H            0.38933253343255        1.61139157614670        1.98902719716962
H           -1.50492245069861       -0.12876306781834       -1.80084069625555
24
 energy: -43.364941052972 gnorm: 0.002870882200 xtb: 6.7.1 (edcfbbe)
C           -2.17738451545990       -0.91244518656597       -0.13457162055570
C           -1.10850058716916       -0.33529166370572        0.81698261106704
H           -1.56680208185006       -0.31013574502335        1.81362541382860
C           -0.72279416919132        1.12778613127014        0.47985548055945
H           -1.58364123467410        1.60474922545750       -0.00511777240435
C            0.48889423075163        1.23982149440622       -0.47539067967958
H            0.84406285593582        2.27900447736673       -0.41481368567889
C            1.60948893515276        0.31145567338499        0.00600653294141
H            2.43135859697911        0.31906619866556       -0.72927015971017
C            1.06909837155558       -1.13656479397338        0.10262431198704
H            1.84369069804888       -1.77371470120450        0.56278514784731
O           -0.00401605336463       -1.22177685267334        0.98891593269958
O            0.82260907979944       -1.63970298808999       -1.17684673326040
O            2.05089763966128        0.77719766121796        1.25910829182167
O            0.11471353835844        0.97402703832693       -1.80913709431695
O           -0.49250184492091        1.86484512862070        1.64820043492249
O           -1.78396434329370       -1.00230810482288       -1.48223614606136
H           -3.08408874751066       -0.30145765935127       -0.03465892645203
H           -2.40583339023424       -1.93451371232205        0.17866927462739
H           -0.15028473672199       -1.67238624579429       -1.33097656340773
H            2.64735541054737        0.12720262970114        1.64992773782530
H            0.61418853938042        0.20609992898749       -2.12919105382055
H            0.37932645040057        1.61485500426204        1.99040646425178
H           -1.51004740198499       -0.12026587561828       -1.79694815021156
24
 energy: -43.364953128061 gnorm: 0.001482590767 xtb: 6.7.1 (edcfbbe)
C           -2.17747420513684       -0.91205075540501       -0.13522326779065
C           -1.10965314658522       -0.33437554938857        0.81653906725985
H           -1.56714252591617       -0.31027671076036        1.81361432621034
C           -0.72269212373605        1.12795942782562        0.48052986567927
H           -1.58307615353498        1.60733302889984       -0.00237200736950
C            0.48795584758795        1.23973320063413       -0.47491314035168
H            0.84305292065507        2.27887838765871       -0.41583493393751
C            1.60870698051745        0.31170948958877        0.00580730889880
H            2.42908190359482        0.31839708946371       -0.73084347841574
C            1.06847443204923       -1.13529235755439        0.10425541730337
H            1.84221685988915       -1.77266698136606        0.56532534125116
O           -0.00515416355770       -1.22115907273447        0.98836028662560
O            0.82379675312789       -1.63884618991051       -1.17568322049077
O            2.05421316052281        0.77885132820814        1.25698815073617
O            0.11302958854534        0.97372123090436       -1.80860266775153
O           -0.49044240574497        1.86300429357304        1.64981417091136
O           -1.78203526501973       -1.00341276017455       -1.48208860456742
H           -3.08415775970140       -0.30134185772724       -0.03882292765750
H           -2.40581548631519       -1.93402988227655        0.17797778396850
H           -0.14845960846217       -1.67459153201226       -1.33013793646480
H            2.64676486684703        0.12677097392683        1.64922982158288
H            0.61304639939251        0.20668368207539       -2.12898640479539
H            0.38159269021128        1.61198452705823        1.99081582676317
H           -1.51000431903449       -0.12143594798441       -1.79779972877815
24
 energy: -43.364958274534 gnorm: 0.000679486285 xtb: 6.7.1 (edcfbbe)
C           -2.17738188582916       -0.91174311225756       -0.13603102304809
C           -1.11115804537914       -0.33308130426918        0.81599355076987
H           -1.56744794178576       -0.30995542673180        1.81368577488721
C           -0.72273437911005        1.12803669709681        0.48058029315381
H           -1.58244080181134        1.61025820038727       -0.00028838369046
C            0.48735790642757        1.23926283518072       -0.47419118851228
H            0.84211917891609        2.27839969071779       -0.41669542885852
C            1.60810071994577        0.31168238344196        0.00613971006000
H            2.42691266974593        0.31734373244491       -0.73195473845984
C            1.06744840128974       -1.13374685000335        0.10653859941097
H            1.83983949774658       -1.77205517954580        0.56835124056259
O           -0.00662375514213       -1.22041916079090        0.98771242284385
O            0.82474491714904       -1.63732232173828       -1.17430612090217
O            2.05788347735272        0.78053854076173        1.25536638599619
O            0.11326152496804        0.97366282121772       -1.80841871704066
O           -0.48873353367417        1.86136054978639        1.65075400485779
O           -1.78005602902627       -1.00268852862431       -1.48239874174651
H           -3.08505168295980       -0.30315947255738       -0.04272528408447
H           -2.40333310587562       -1.93440492333352        0.17586650758073
H           -0.14673813145787       -1.67623926894139       -1.32937100060225
H            2.65000748670927        0.12807861575902        1.64697984129828
H            0.60967250081937        0.20380753805776       -2.12673939046930
H            0.38257593963147        1.60816011259887        1.99212086503794
H           -1.51239968845465       -0.12022910613510       -1.79902013022489
24
 energy: -43.364960544363 gnorm: 0.000428320984 xtb: 6.7.1 (edcfbbe)
C           -2.17736353674856       -0.91202108827178       -0.13607258237594
C           -1.11100701451631       -0.33323124299730        0.81591842107438
H           -1.56765342063449       -0.30970527332466        1.81341075614666
C           -0.72269045875876        1.12793888856738        0.48007276325239
H           -1.58242752291453        1.60956298974944       -0.00150133501478
C            0.48801854511663        1.23946040755139       -0.47426952477779
H            0.84260699921311        2.27863901007207       -0.41600551151657
C            1.60848889950781        0.31162353928515        0.00655838536303
H            2.42768502660742        0.31734830141512       -0.73115750642459
C            1.06751224101102       -1.13399168136434        0.10641945648592
H            1.84000694090239       -1.77255986925679        0.56780882699476
O           -0.00647906676307       -1.22059581053411        0.98785093211935
O            0.82429617738255       -1.63710738831016       -1.17464921785257
O            2.05717294146936        0.77999939320119        1.25636206174885
O            0.11526200348546        0.97433545851502       -1.80887592254521
O           -0.48953440447119        1.86195102099658        1.65001030879136
O           -1.78083008769764       -1.00147268172167       -1.48283341786731
H           -3.08552219989031       -0.30421408095028       -0.04121515165652
H           -2.40235202353696       -1.93508173186629        0.17521068050044
H           -0.14734529169010       -1.67565551845062       -1.32943471707468
H            2.65260122565941        0.12936536640952        1.64614505418801
H            0.60804131993973        0.20104788249251       -2.12510396799204
H            0.38128769019315        1.60860259061649        1.99245545341301
H           -1.51394974267047       -0.11869141930151       -1.79915519616034
24
 energy: -43.364964420898 gnorm: 0.000537223899 xtb: 6.7.1 (edcfbbe)
C           -2.17739198535711       -0.91231918594598       -0.13706500311625
C           -1.11107284339324       -0.33337927989320        0.81525557203493
H           -1.56859376047966       -0.30935098833385        1.81228208296419
C           -0.72271741836468        1.12778899694676        0.47913597364291
H           -1.58235793703141        1.60888301782876       -0.00343994089067
C            0.48945412317511        1.23983764765017       -0.47404413963412
H            0.84314975453807        2.27918993487139       -0.41416407309146
C            1.60965672556434        0.31191986992984        0.00791126939322
H            2.42915694739694        0.31737679802316       -0.72949454554835
C            1.06753708582824       -1.13382099901230        0.10671985828641
H            1.83995450623673       -1.77325916932115        0.56717844070266
O           -0.00660638719075       -1.22096386291978        0.98770382202186
O            0.82362016336605       -1.63524750905731       -1.17555047729343
O            2.05686153090652        0.77950054012500        1.25851862726044
O            0.12103453592794        0.97591139754869       -1.80973715427353
O           -0.49087067191539        1.86233803601934        1.64907529321965
O           -1.78226764317851       -0.99840597658923       -1.48448165295918
H           -3.08668723238443       -0.30641829332007       -0.03923124026025
H           -2.40010307247691       -1.93635862621237        0.17259719864813
H           -0.14819885242083       -1.67610014659612       -1.32871597345483
H            2.66124937897847        0.13389544516411        1.64304014243331
H            0.60099778957840        0.19079306846727       -2.11829223624470
H            0.37897735028104        1.60839882641973        1.99338899509880
H           -1.51895684738929       -0.11466247927050       -1.80064179011993
24
 energy: -43.364966072256 gnorm: 0.000508222093 xtb: 6.7.1 (edcfbbe)
C           -2.17768341078906       -0.91212873000211       -0.13794358401473
C           -1.11137220321489       -0.33348241439783        0.81467712182349
H           -1.56919835305298       -0.30972378500060        1.81157780065463
C           -0.72248067926465        1.12761470263353        0.47905341046344
H           -1.58196438954178        1.60907868334677       -0.00342760186386
C            0.49002628420429        1.24037156763504       -0.47382155360593
H            0.84298430115179        2.27992490368710       -0.41362769406040
C            1.61011683142708        0.31250860368952        0.00867226094148
H            2.42942620472352        0.31784173324345       -0.72887014577249
C            1.06770060081080       -1.13326754334617        0.10696525304539
H            1.83974509991342       -1.77333614035821        0.56718095071905
O           -0.00693571295080       -1.22116912073724        0.98701474895887
O            0.82393406472499       -1.63338259100947       -1.17625101877229
O            2.05733449926256        0.77972640629601        1.25935146399145
O            0.12365522160438        0.97673747756221       -1.80991820994986
O           -0.49075786767329        1.86164913366566        1.64938998868749
O           -1.78263298066413       -0.99791264289513       -1.48532174846486
H           -3.08694360424134       -0.30624168776950       -0.03976488864607
H           -2.40046246776761       -1.93622537181241        0.17145582738637
H           -0.14787108179394       -1.67815937859334       -1.32783175532730
H            2.66525544686724        0.13626320025382        1.64162113722491
H            0.59598724040790        0.18503316176158       -2.11386226418808
H            0.37912177406978        1.60774464348873        1.99360093664060
H           -1.52115957801765       -0.11391774881907       -1.80197138705150
24
 energy: -43.364967613586 gnorm: 0.000328493004 xtb: 6.7.1 (edcfbbe)
C           -2.17820878508397       -0.91135215910759       -0.13902100300175
C           -1.11159810340656       -0.33348995177107        0.81374265680648
H           -1.56931019024020       -0.31040386921778        1.81072275237813
C           -0.72252557942263        1.12772658075787        0.47935746421521
H           -1.58183385406252        1.61005116006056       -0.00257344633964
C            0.49026068233842        1.24058970413272       -0.47320913415323
H            0.84215998872293        2.28038210140972       -0.41317306276291
C            1.61089541494854        0.31347275639202        0.00950525885410
H            2.43006555055708        0.31902962901211       -0.72810867565575
C            1.06810924287881       -1.13217877223881        0.10668061150116
H            1.83953448219885       -1.77294079788190        0.56683129964409
O           -0.00734782209702       -1.22155282438096        0.98532303323982
O            0.82487114049304       -1.63031096370404       -1.17785565752985
O            2.05800911883132        0.78022110292174        1.26032961744080
O            0.12615128769091        0.97707602695680       -1.80972463533678
O           -0.49034887481990        1.86038893368705        1.65053920826851
O           -1.78265514078915       -0.99849091389612       -1.48606560963062
H           -3.08672468374633       -0.30429931810226       -0.04159652992615
H           -2.40242560872760       -1.93500301072693        0.17090937351767
H           -0.14682541722977       -1.68245958663612       -1.32673527096771
H            2.66903390312629        0.13873941728716        1.64065617062347
H            0.58957618876497        0.17805444239441       -2.10818244607040
H            0.38010517208909        1.60677076277527        1.99351741771008
H           -1.52314287281894       -0.11447338760148       -1.80392034400493
24
 energy: -43.364968117038 gnorm: 0.000245693480 xtb: 6.7.1 (edcfbbe)
C           -2.17853472092651       -0.91088354256238       -0.13901729384006
C           -1.11157680529020       -0.33355403835668        0.81358953737721
H           -1.56873859115325       -0.31094095168361        1.81087056171841
C           -0.72219097832413        1.12761633990932        0.47950908934717
H           -1.58138519161087        1.61018829457966       -0.00223232024771
C            0.49033002966193        1.24104735938321       -0.47315741503310
H            0.84201965391523        2.28092646643168       -0.41363989132275
C            1.61083241565325        0.31393174906864        0.00972469754681
H            2.43012352369396        0.32005436491592       -0.72762095229619
C            1.06845827709271       -1.13176644420352        0.10614811941721
H            1.83953618633687       -1.77291922844707        0.56633161422468
O           -0.00740581241349       -1.22182217130581        0.98422241766820
O            0.82548604525273       -1.62890014902539       -1.17883749611280
O            2.05774122957314        0.78022488374685        1.26075383994081
O            0.12611991770149        0.97713459668752       -1.80957995508553
O           -0.49004545719624        1.85989912461498        1.65093112693296
O           -1.78249762584229       -0.99965865310731       -1.48582694515133
H           -3.08631443139025       -0.30262675991762       -0.04269476356700
H           -2.40419067991308       -1.93403684818266        0.17161685520784
H           -0.14610788765293       -1.68458512766750       -1.32646413796520
H            2.66846211538420        0.13861625312634        1.64123869355273
H            0.58783830653293        0.17687830009595       -2.10690692194242
H            0.38077843859322        1.60663530300025        1.99332133980115
H           -1.52291271748280       -0.11591205857840       -1.80433075135128
24
 energy: -43.364968346881 gnorm: 0.000131618486 xtb: 6.7.1 (edcfbbe)
C           -2.17869081376185       -0.91065300755237       -0.13869534062846
C           -1.11132824926567       -0.33349347327666        0.81348562909138
H           -1.56796728781255       -0.31098553374280        1.81099989482209
C           -0.72218623217802        1.12774676810485        0.47945210581733
H           -1.58137920938546        1.61018619181996       -0.00243008019260
C            0.49039030258618        1.24102216952142       -0.47308737737817
H            0.84203031655771        2.28089453362309       -0.41377098513356
C            1.61101983307290        0.31406301110892        0.00978060742497
H            2.43067572007298        0.32065019672198       -0.72713596101848
C            1.06869063225666       -1.13158784048993        0.10551112481710
H            1.83965889774071       -1.77294874236431        0.56559594602420
O           -0.00726608065925       -1.22204751608161        0.98346395230414
O            0.82574305934864       -1.62812607808436       -1.17969740041560
O            2.05725476419008        0.77994928686005        1.26122173833788
O            0.12619223615696        0.97704755347731       -1.80954955814529
O           -0.49029357934202        1.86013181330764        1.65087276107134
O           -1.78261239307998       -1.00016276031992       -1.48549644778573
H           -3.08614705668143       -0.30188082012468       -0.04273209699069
H           -2.40487862208394       -1.93357967525085        0.17230937804722
H           -0.14580808780865       -1.68538631758958       -1.32668799664252
H            2.66773071459781        0.13818935803959        1.64188432987754
H            0.58737801538017        0.17618667318348       -2.10642200827482
H            0.38050082722537        1.60689461304867        1.99337107366066
H           -1.52288246693172       -0.11656334141754       -1.80429423987011
24
 energy: -43.364968456099 gnorm: 0.000080955667 xtb: 6.7.1 (edcfbbe)
C           -2.17878639690537       -0.91045654965979       -0.13833710536067
C           -1.11104309688232       -0.33348837944975        0.81352901364048
H           -1.56721473692866       -0.31099865516456        1.81125207444751
C           -0.72212952096387        1.12778841106887        0.47932113176104
H           -1.58135629414707        1.60994117155525       -0.00281723233338
C            0.49050355059657        1.24106496470333       -0.47313423586231
H            0.84204753137635        2.28096849213553       -0.41390220855895
C            1.61117068323105        0.31417443259623        0.00984260763247
H            2.43115290378007        0.32117884259484       -0.72669286617603
C            1.06890469728903       -1.13150172509910        0.10490151574541
H            1.83988089129206       -1.77305884147544        0.56477598573748
O           -0.00704327680476       -1.22231434727523        0.98281533975045
O            0.82586465705908       -1.62746503832651       -1.18054559760339
O            2.05671709063494        0.77966601256476        1.26167778338985
O            0.12635936125462        0.97694834322909       -1.80959245760166
O           -0.49062830593873        1.86046906887655        1.65062249641101
O           -1.78282943802269       -1.00044940705164       -1.48518664045344
H           -3.08600511967591       -0.30131014488488       -0.04239647955942
H           -2.40531409482199       -1.93321730232091        0.17294342900653
H           -0.14570785608900       -1.68610721751271       -1.32683590038619
H            2.66675931153259        0.13759949898442        1.64260920571901
H            0.58738859910182        0.17578630794638       -2.10616750740758
H            0.38004004997432        1.60731868615695        1.99349106029379
H           -1.52290594974649       -0.11698956166930       -1.80422436341222
24
 energy: -43.364968490375 gnorm: 0.000054227588 xtb: 6.7.1 (edcfbbe)
C           -2.17885917516253       -0.91047502695578       -0.13810469242855
C           -1.11089937394927       -0.33347875868109        0.81352154918329
H           -1.56687195287069       -0.31095628235740        1.81132224495329
C           -0.72207043631719        1.12780892876622        0.47920730182473
H           -1.58132140459759        1.60977509099049       -0.00308163069727
C            0.49061479970057        1.24111649498878       -0.47321137335170
H            0.84217680732475        2.28101519370920       -0.41392368624289
C            1.61125676200999        0.31420321352739        0.00983571796074
H            2.43139454009051        0.32132117671109       -0.72653482909668
C            1.06898797048711       -1.13148845888955        0.10469426812497
H            1.83997940410660       -1.77313876158728        0.56444763047935
O           -0.00693160130730       -1.22241010564781        0.98259276454748
O            0.82596296044662       -1.62723515193845       -1.18085924891347
O            2.05650557119818        0.77948900419194        1.26183944000136
O            0.12639423308428        0.97704181407416       -1.80963235384105
O           -0.49078806672952        1.86073686346596        1.65037983623603
O           -1.78303260894664       -1.00056942394963       -1.48496547744991
H           -3.08600945961075       -0.30123628713453       -0.04206123855950
H           -2.40543622650940       -1.93319666077667        0.17325795741772
H           -0.14561825411483       -1.68617925358513       -1.32700499977052
H            2.66604092100008        0.13708013433288        1.64304105830392
H            0.58746629586176        0.17589997562037       -2.10628401639742
H            0.37976540123320        1.60762900573908        1.99354457580268
H           -1.52288186623231       -0.11720566209186       -1.80407174926679
