27
 energy: -33.631888810534 gnorm: 0.028739485523 xtb: 6.7.1 (edcfbbe)
C            3.32679586260402       -0.30583217620913        0.89008717809142
C            1.96540254265976       -0.16686978972686        0.28887057851928
C            1.46081971010444        1.02773089742138       -0.07434771850663
C            0.10088146071310        1.21151276500433       -0.58144152479628
O           -0.34969202308939        2.33415807312748       -0.77527577497500
C           -0.77236445105103       -0.01797397255935       -0.82334715093058
H           -1.21877561398088        0.15600939959529       -1.81120894916537
C            0.04892056335296       -1.31479172630177       -0.89779717087959
C            1.16783542438567       -1.42782017688203        0.14059621263510
C           -1.96462959056493       -0.00374984291395        0.17049116963588
C           -3.07267540455664       -0.96168109682113       -0.26951303189866
C           -1.56476056461128       -0.27534891780385        1.62251682815887
H            3.80933681635634        0.66197386052579        1.04112024641327
H            3.96551602511641       -0.92177126878787        0.24456974458324
H            3.26823773024851       -0.82624313477502        1.85441070416345
H            2.03782462636731        1.94039018895420        0.05402895612030
H           -0.60858735100288       -2.18853711144241       -0.83404977625712
H            0.51745899045585       -1.35669139264515       -1.88850977581623
H            0.77552482666958       -1.69501204288260        1.13099351266304
H            1.84418370543708       -2.24832283199503       -0.13246068919964
H           -2.36146069405841        1.01775792940133        0.11409969259739
H           -2.74855803917474       -2.00744832898449       -0.22151669978953
H           -3.39611612517145       -0.75324952232634       -1.29460730143869
H           -3.94424410073848       -0.86274325950741        0.38585932932962
H           -2.40949909113072       -0.07654934358096        2.28960175664581
H           -0.73068093541532        0.35788177326484        1.94294117952439
H           -1.28119457124542       -1.32345525253440        1.76669225948631
27
 energy: -33.632913076723 gnorm: 0.008559730192 xtb: 6.7.1 (edcfbbe)
C            3.32016889414325       -0.30881115434057        0.88531241299210
C            1.95796084263863       -0.16824427533375        0.29186852796498
C            1.45227034394000        1.01806013215221       -0.06698155793949
C            0.09499567750356        1.20914688027619       -0.56701046895700
O           -0.35171716699393        2.32402476515760       -0.76857781459322
C           -0.76621587955622       -0.02155643550022       -0.81955415905731
H           -1.21574941764721        0.14373470150456       -1.80707480131762
C            0.05823927221499       -1.31033536631531       -0.89552944464672
C            1.16639661188250       -1.42895956007942        0.14799909465166
C           -1.95870198360247       -0.00227340326256        0.16973167828017
C           -3.06400607703306       -0.96062375917451       -0.26630609808934
C           -1.56272380133151       -0.27996318531573        1.61656610464456
H            3.79467033717599        0.65846289802205        1.03201681241282
H            3.95549892413786       -0.91544464520189        0.23614469908026
H            3.26121111639811       -0.82222917344743        1.84741492860604
H            2.03045470427484        1.92603840546972        0.04868602506047
H           -0.60263245632338       -2.17691038707508       -0.82497395892262
H            0.52657263475866       -1.34535523931034       -1.88452744000099
H            0.76055311590663       -1.68808621040787        1.13162833923821
H            1.83791390868970       -2.24758762000838       -0.13274623828788
H           -2.35915242545060        1.01747618532376        0.11961667124120
H           -2.73590318694860       -1.99904094630511       -0.21752208476441
H           -3.38304846703082       -0.74949324864565       -1.28616505165662
H           -3.92914068283020       -0.85529936023907        0.38779733091670
H           -2.40619941027812       -0.07271825395773        2.27525394903636
H           -0.73137100017659        0.35363449769699        1.92345698026771
H           -1.28484469978256       -1.32432254306758        1.75627934875401
27
 energy: -33.633021325332 gnorm: 0.002239159274 xtb: 6.7.1 (edcfbbe)
C            3.31804999593571       -0.30994524544711        0.88158046393026
C            1.95292173473380       -0.16918497034146        0.29486311146932
C            1.44579314495854        1.01482955456018       -0.06027146799084
C            0.09384874166929        1.21097667933163       -0.57160431210401
O           -0.35616992837927        2.32371256378204       -0.76246552549961
C           -0.76330171505698       -0.02170230955581       -0.82136034898159
H           -1.21569034365437        0.13791946632932       -1.80837547927473
C            0.05929994852376       -1.31009058408341       -0.89421985951462
C            1.16233404373091       -1.42985219395820        0.15414327054638
C           -1.95372154692575       -0.00365065106347        0.16856367096918
C           -3.06008119466252       -0.96091530844105       -0.26704343744857
C           -1.55715396162824       -0.28070922606510        1.61493490301096
H            3.78929324037693        0.65798624153642        1.02586216731882
H            3.94903808632463       -0.91277920182395        0.22847295697340
H            3.25985714534161       -0.82181938203794        1.84185993216456
H            2.02243289450365        1.92165716059106        0.05808281206017
H           -0.60236986302073       -2.17469983641137       -0.82625750646582
H            0.53238771245173       -1.34080929929486       -1.87966786975863
H            0.74815079939778       -1.68355630909889        1.13355089263160
H            1.83206219917816       -2.24861494422834       -0.12439298983153
H           -2.35357331485408        1.01594239959190        0.11949670780372
H           -2.72927136655026       -1.99580621973751       -0.21603027742558
H           -3.37754226155543       -0.75000269928558       -1.28531667322698
H           -3.92159910152706       -0.85240296076663        0.38776133019199
H           -2.39878759494027       -0.06761379018625        2.27105862466393
H           -0.72374666495450        0.34912655883584        1.91676759210471
H           -1.28696110073758       -1.32467179411658        1.75281109659757
27
 energy: -33.633047067762 gnorm: 0.001421279376 xtb: 6.7.1 (edcfbbe)
C            3.31794178682153       -0.31023616610448        0.88028406126824
C            1.95124286912113       -0.16984414605719        0.29609162176080
C            1.44357792650389        1.01406800054363       -0.05840088880804
C            0.09029390455087        1.21230582982979       -0.56676299270409
O           -0.35849673385756        2.32478623247714       -0.76082614504418
C           -0.76332402187654       -0.02170148290508       -0.82291829823703
H           -1.21537004660937        0.13677109328052       -1.81032925054456
C            0.06018311274373       -1.30979505849384       -0.89517905075489
C            1.15974093788324       -1.43035983775208        0.15759999658869
C           -1.95289346133203       -0.00336037306889        0.16767776062537
C           -3.05909806546536       -0.96167126218099       -0.26744239213240
C           -1.55469325488828       -0.28092694781072        1.61422810648382
H            3.78862771512373        0.65827615020702        1.02326984840655
H            3.94608082426491       -0.91194307148762        0.22404359411775
H            3.26197450952131       -0.82285479685029        1.83993063933959
H            2.02115029933112        1.92072177963002        0.05890387978668
H           -0.60152849960400       -2.17444448839402       -0.83162745445267
H            0.53796698138601       -1.33864039001058       -1.87817790846823
H            0.74097898331558       -1.67974658698049        1.13557261684137
H            1.82852823980901       -2.25100487138148       -0.11603793408455
H           -2.35237786061152        1.01639634191181        0.11901472180424
H           -2.72713969456957       -1.99593979096258       -0.21528076873817
H           -3.37600484138951       -0.75130763590608       -1.28582083088043
H           -3.91993557184637       -0.85238216134583        0.38768944467800
H           -2.39410224908058       -0.06272643931859        2.27123407337710
H           -0.71763494868489        0.34498647260489        1.91364659373883
H           -1.29018911188102       -1.32610269485911        1.75242074094623
27
 energy: -33.633071693456 gnorm: 0.001734346469 xtb: 6.7.1 (edcfbbe)
C            3.31890532431966       -0.31112555383113        0.87699147482977
C            1.94853715585063       -0.17038465401327        0.29975035612637
C            1.44056413645015        1.01436165788839       -0.05338503821549
C            0.08772918578014        1.21381127427876       -0.56483446021268
O           -0.36148763444292        2.32642314207954       -0.75797563276645
C           -0.76351431768622       -0.02134546656303       -0.82577823485430
H           -1.21504485463243        0.13608293504621       -1.81352570826677
C            0.06295135505446       -1.30809427885713       -0.89817637654941
C            1.15434503069329       -1.43010404048242        0.16432229212201
C           -1.95255008624068       -0.00359136447003        0.16578151246023
C           -3.05863191545734       -0.96417942580157       -0.26687983214575
C           -1.55189101808685       -0.28100523876646        1.61289105377733
H            3.78972341022535        0.65790352463925        1.01864415115166
H            3.94207387808795       -0.91104455971197        0.21418045549515
H            3.26912379024579       -0.82646250119376        1.83563186580051
H            2.01958531971085        1.92096092138683        0.06417096192036
H           -0.59845842288623       -2.17375181558953       -0.84450282081497
H            0.55006755509557       -1.33259890117424       -1.87685706767960
H            0.72633439915049       -1.67083304005570        1.14013266586882
H            1.82122418911489       -2.25577602080346       -0.09818039135221
H           -2.35273678249817        1.01594862118884        0.11750287163451
H           -2.72503177208714       -1.99819680692992       -0.21292591774607
H           -3.37499609749350       -0.75550143953707       -1.28604040728574
H           -3.91964425481434       -0.85447800164294        0.38824420747464
H           -2.38595647730445       -0.04985027666316        2.27289745168117
H           -0.70553816043963        0.33568493280084        1.90695045170326
H           -1.30018320702984       -1.32952992460703        1.75377390075768
27
 energy: -33.633085065400 gnorm: 0.000799043158 xtb: 6.7.1 (edcfbbe)
C            3.31988944585744       -0.31224778358043        0.87402051865535
C            1.94815080618891       -0.17017532180932        0.30098200847553
C            1.44065162563698        1.01510745301079       -0.05148265592821
C            0.08830623504680        1.21392900200158       -0.56394728104097
O           -0.36097170937917        2.32672810318009       -0.75645771069308
C           -0.76335044786209       -0.02088423659391       -0.82568893886572
H           -1.21449375154017        0.13781671247540       -1.81334643914912
C            0.06473278851854       -1.30629273493553       -0.89924467702490
C            1.15126417897828       -1.42841515822425        0.16740745746304
C           -1.95284512566416       -0.00561099009201        0.16550586576735
C           -3.05796820067600       -0.96699609871623       -0.26688681571210
C           -1.55302834691639       -0.28019046581001        1.61317401458093
H            3.79164443833370        0.65608349531405        1.01666470305743
H            3.94123650214598       -0.91069670973417        0.20771180316534
H            3.27438762513456       -0.83024227941719        1.83169349451086
H            2.02032254936954        1.92126718921085        0.06564970143123
H           -0.59503981000342       -2.17389042534801       -0.85247312015351
H            0.55663827020704       -1.32542538566219       -1.87584305868428
H            0.71787688598367       -1.66367031235200        1.14229895202928
H            1.81647901637562       -2.25765443142691       -0.08870134473867
H           -2.35455538890984        1.01318259577607        0.11606074030677
H           -2.72413464770837       -2.00104937627344       -0.21164471523882
H           -3.37505393873411       -0.76016662140832       -1.28642541003160
H           -3.91953593110500       -0.85750003308885        0.38783924570164
H           -2.38370043594069       -0.03882847716946        2.27400262033976
H           -0.70056041381746        0.32980251615420        1.90393964143439
H           -1.31084249084073       -1.33065652686596        1.75799518525610
27
 energy: -33.633091251697 gnorm: 0.000434775535 xtb: 6.7.1 (edcfbbe)
C            3.32107832862398       -0.31414377805581        0.87074158956710
C            1.94859980928585       -0.17026339665122        0.30133243336119
C            1.44150231020257        1.01538565201817       -0.05083143387169
C            0.08899285362702        1.21410377417576       -0.56208248532988
O           -0.36020643295333        2.32710466943917       -0.75417284096254
C           -0.76326614689809       -0.02022953399317       -0.82410629824138
H           -1.21427161362557        0.14058601073360       -1.81149683412844
C            0.06666850955512       -1.30405024703967       -0.90001408838830
C            1.14920560450155       -1.42697419177383        0.16961422990035
C           -1.95387213769209       -0.00637639216000        0.16578167681640
C           -3.05586137881862       -0.97067947382990       -0.26683462624195
C           -1.55631210131002       -0.27869526052412        1.61414820953096
H            3.79355103036918        0.65347042352975        1.01547827369570
H            3.94135136377889       -0.91059698996996        0.20144695837904
H            3.27804458058094       -0.83527593832983        1.82686504095529
H            2.02182958650979        1.92101814040143        0.06422947099245
H           -0.59129454176823       -2.17320304126419       -0.85831895278070
H            0.56146944175727       -1.31844696882802       -1.87529794551784
H            0.71212176253806       -1.65771707882294        1.14395944449012
H            1.81286742376956       -2.25881829396145       -0.08199900707495
H           -2.35794515887599        1.01149537083153        0.11421971360163
H           -2.72067407004533       -2.00428269534171       -0.21067003861176
H           -3.37285546493646       -0.76540750731884       -1.28667292899809
H           -3.91835599488446       -0.86227339028069        0.38697965539807
H           -2.38502946426643       -0.02832129950675        2.27376537201880
H           -0.69981143380991        0.32615929771542        1.90281183045618
H           -1.32202693653578       -1.33024416257792        1.76392736589825
27
 energy: -33.633088025240 gnorm: 0.001345183990 xtb: 6.7.1 (edcfbbe)
C            3.32226081548854       -0.31603131755952        0.86747566283411
C            1.94904641002756       -0.17035052829205        0.30168257146437
C            1.44234865743341        1.01566343962427       -0.05018144873269
C            0.08967932552010        1.21427405164791       -0.56023127835468
O           -0.35944185533399        2.32747550684497       -0.75190647647955
C           -0.76318275787947       -0.01958010619508       -0.82252768200734
H           -1.21405236928821        0.14334400668984       -1.80965098122204
C            0.06860131444751       -1.30181544803396       -0.90078215631280
C            1.14715563352025       -1.42553760408258        0.17181217543861
C           -1.95489682448103       -0.00713582285910        0.16605745781871
C           -3.05376296135393       -0.97434571251802       -0.26677955794471
C           -1.55958362667552       -0.27721157728512        1.61511572377475
H            3.79544916030672        0.65086814900156        1.01429433685858
H            3.94146544139493       -0.91049894695326        0.19520944281498
H            3.28168771812041       -0.84028611202048        1.82205761004165
H            2.02332806800825        1.92077039818224        0.06281738667580
H           -0.58755635339970       -2.17251944892001       -0.86414410813933
H            0.56628564586350       -1.31149215599796       -1.87475760584182
H            0.70638949246050       -1.65178497191333        1.14561386018790
H            1.80927123521970       -2.25997676172388       -0.07532070385569
H           -2.36132319765027        1.00981840446469        0.11238814446994
H           -2.71723454136687       -2.00750364839136       -0.20969803668067
H           -3.37066746200772       -0.77062330008317       -1.28691533998122
H           -3.91718037580527       -0.86702116519585        0.38612686784457
H           -2.38634893345559       -0.01785168634560        2.27352877955498
H           -0.69906031677400        0.32251736844224        1.90168189880192
H           -1.33317761366032       -1.32984131191257        1.76983724188569
27
 energy: -33.633093167815 gnorm: 0.000416966044 xtb: 6.7.1 (edcfbbe)
C            3.32188792641145       -0.31529918467594        0.86926514807111
C            1.94921012756736       -0.17031999429798        0.30099377983005
C            1.44245272915476        1.01544787794618       -0.05120091130392
C            0.08931481741075        1.21465556235950       -0.56050477568575
O           -0.35985588044919        2.32782891499677       -0.75169413903873
C           -0.76312635328413       -0.01945825114145       -0.82332937389868
H           -1.21392929307705        0.14221804654186       -1.81075301197301
C            0.06673801502266       -1.30311970757383       -0.89993659219726
C            1.14854880763871       -1.42639446256775        0.17015130195682
C           -1.95421000816990       -0.00719011897096        0.16594920403333
C           -3.05468924389556       -0.97291323502981       -0.26727185341016
C           -1.55840449113803       -0.27691559269302        1.61529682150072
H            3.79462003349959        0.65193833190585        1.01571446383552
H            3.94187348369952       -0.91037450337562        0.19851426345417
H            3.27917444020906       -0.83841007471714        1.82428699972185
H            2.02323303121511        1.92086686444115        0.06262137535383
H           -0.59077680393998       -2.17261389827083       -0.85973449888545
H            0.56224657189633       -1.31591004760381       -1.87481086933069
H            0.71051633055731       -1.65586011458835        1.14432428541892
H            1.81147780609226       -2.25902623363348       -0.08055762935235
H           -2.35951924087871        1.01008009033876        0.11301967686100
H           -2.71750120633119       -2.00574139163179       -0.21055406811193
H           -3.37134650694308       -0.76854581375220       -1.28737944130051
H           -3.91773853622630       -0.86601754167428        0.38605317070688
H           -2.38740490372184       -0.02419036631999        2.27346463558208
H           -0.70134938502992        0.32700770172162        1.90391902678045
H           -1.32594253861051       -1.32841915911866        1.76695679629570
27
 energy: -33.633094391356 gnorm: 0.000124628464 xtb: 6.7.1 (edcfbbe)
C            3.32210716405696       -0.31562678424930        0.86924031425443
C            1.94933640496160       -0.17043721667443        0.30079561056760
C            1.44271448222294        1.01531295798760       -0.05145378789218
C            0.08925014617288        1.21493224784863       -0.56007109114844
O           -0.36026717026333        2.32818616795381       -0.74963453836286
C           -0.76318354297222       -0.01913673419699       -0.82320762166965
H           -1.21371519974978        0.14247840434420       -1.81075676666739
C            0.06624515225617       -1.30317953161891       -0.89973302955904
C            1.14877386713282       -1.42663145831920        0.16991019330143
C           -1.95455610372712       -0.00656792291260        0.16569787368527
C           -3.05422147320022       -0.97349082382846       -0.26746872786800
C           -1.55869846784387       -0.27600223572063        1.61525154662158
H            3.79463615100780        0.65161246176242        1.01641231563740
H            3.94217853863329       -0.91011303280603        0.19810192872011
H            3.27912459849459       -0.83939017761768        1.82386929332277
H            2.02358833524962        1.92076583929673        0.06253345852453
H           -0.59179677037489       -2.17220346732668       -0.85850587934137
H            0.56125166700634       -1.31706564110296       -1.87482527392285
H            0.71134058037831       -1.65674785776218        1.14420003184726
H            1.81177583485219       -2.25892942220468       -0.08171736203740
H           -2.36028625901996        1.01052641661705        0.11247036484232
H           -2.71611167502608       -2.00601622530303       -0.21057086431794
H           -3.37078501644381       -0.76939250156537       -1.28763985681288
H           -3.91738859908898       -0.86727161253494        0.38570358391602
H           -2.38880429170225       -0.02525930146590        2.27284921477760
H           -0.70321571109311        0.32997186965210        1.90448486629208
H           -1.32379291324043       -1.32700071963774        1.76686798820363
27
 energy: -33.633095686474 gnorm: 0.000216051398 xtb: 6.7.1 (edcfbbe)
C            3.32255415669812       -0.31639970736660        0.86864211200759
C            1.94961165947704       -0.17065460086361        0.30058166179278
C            1.44331524814767        1.01514878462332       -0.05183469474716
C            0.08913483268178        1.21533032697883       -0.55859048047764
O           -0.36084741384147        2.32876691520551       -0.74583245376652
C           -0.76313563344839       -0.01859814564747       -0.82300033406722
H           -1.21299842243894        0.14350922702093       -1.81079078980981
C            0.06601716127836       -1.30284860551495       -0.89952410906718
C            1.14864782115728       -1.42664399970653        0.17012026850586
C           -1.95505715975175       -0.00642875475530        0.16521348770134
C           -3.05354618155217       -0.97485107263874       -0.26768954447900
C           -1.55960136806524       -0.27441981623997        1.61522269067652
H            3.79471630787731        0.65076459230202        1.01757000784397
H            3.94266998119005       -0.90932373039908        0.19620016125276
H            3.27973696482163       -0.84203375341208        1.82222192901386
H            2.02457262096852        1.92046684040575        0.06161117610460
H           -0.59232262549344       -2.17159416857409       -0.85793754965457
H            0.56083293619429       -1.31720979210412       -1.87469206799833
H            0.71129509538340       -1.65649706190654        1.14450453029997
H            1.81137786486185       -2.25912562450455       -0.08159987525987
H           -2.36173706388204        1.01021576300144        0.11115290805730
H           -2.71406152168453       -2.00686506477280       -0.21031097020542
H           -3.36998750393994       -0.77148321444806       -1.28803043887576
H           -3.91695941211404       -0.86948897074292        0.38527833593029
H           -2.39073094416662       -0.02514734558221        2.27213264149922
H           -0.70555334094909        0.33355707618602        1.90468912856205
H           -1.32244433073017       -1.32482239792940        1.76749605407439
27
 energy: -33.633097079599 gnorm: 0.000209746264 xtb: 6.7.1 (edcfbbe)
C            3.32326767531217       -0.31739948887157        0.86741954551323
C            1.94996567506803       -0.17091716620654        0.30044402560927
C            1.44400942084883        1.01500935823807       -0.05201484773501
C            0.08906502164985        1.21566994905168       -0.55664750563314
O           -0.36167449348399        2.32932245624382       -0.74073709129071
C           -0.76302444838067       -0.01808812927382       -0.82258679866229
H           -1.21197549079106        0.14473964467805       -1.81069176685548
C            0.06598635767861       -1.30241318906322       -0.89927558383272
C            1.14811897828774       -1.42640682367885        0.17078419845354
C           -1.95575485960598       -0.00648556663768        0.16461607927901
C           -3.05273257974229       -0.97669225221214       -0.26804732580895
C           -1.56072668891320       -0.27243874372877        1.61511297961025
H            3.79491438940899        0.64961832909015        1.01891556923555
H            3.94337774019192       -0.90788228233790        0.19282760786930
H            3.28124374983888       -0.84593974408306        1.81940607112883
H            2.02567574408555        1.92011318926336        0.06080484383635
H           -0.59240371015884       -2.17113226371779       -0.85820447047364
H            0.56128479255254       -1.31656995832921       -1.87420213548480
H            0.71019136534944       -1.65518438095026        1.14513559136032
H            1.81025763538301       -2.25957841706046       -0.08012011824257
H           -2.36355618294524        1.00963829139416        0.10929532505918
H           -2.71200018342420       -2.00822313656855       -0.20968451785923
H           -3.36909504049975       -0.77454944105964       -1.28865321115824
H           -3.91648036253346       -0.87190703127632        0.38455337623115
H           -2.39265818420462       -0.02389868735562        2.27125860977430
H           -0.70784566539054        0.33721577849231        1.90449489748431
H           -1.32193092690221       -1.32229659542540        1.76860043750622
27
 energy: -33.633098351094 gnorm: 0.000110920383 xtb: 6.7.1 (edcfbbe)
C            3.32427417215231       -0.31847017274512        0.86566082471016
C            1.95039484377128       -0.17122096343458        0.30041016883246
C            1.44465656138749        1.01489400207575       -0.05185341556004
C            0.08900991069995        1.21588695876505       -0.55443122748734
O           -0.36255036532730        2.32973942621529       -0.73535969666786
C           -0.76287339914063       -0.01765272860947       -0.82220191427240
H           -1.21078691214897        0.14598308277179       -1.81065877198312
C            0.06630100424184       -1.30185249801492       -0.89898450147325
C            1.14756380194146       -1.42616553860412        0.17180778466192
C           -1.95650653710780       -0.00670815330494        0.16393310208410
C           -3.05207212083856       -0.97856718539894       -0.26834066613999
C           -1.56232398381447       -0.27043920674061        1.61502953987699
H            3.79527918403366        0.64839214385761        1.02009419450813
H            3.94430905910874       -0.90594778758964        0.18830903871789
H            3.28373642295691       -0.85052936176411        1.81576116866794
H            2.02671981065881        1.91979114737629        0.06036194415223
H           -0.59199052546000       -2.17068225339894       -0.85887386648978
H            0.56228425210289       -1.31544097432346       -1.87358224252329
H            0.70880005506559       -1.65334736475290        1.14616148701065
H            1.80901587564466       -2.26029658728628       -0.07775476941404
H           -2.36543153961501        1.00888622520407        0.10716956848786
H           -2.71036818851020       -2.00970921532811       -0.20849886670891
H           -3.36790855118158       -0.77802005991846       -1.28943852412669
H           -3.91646319791801       -0.87394900894828        0.38348621684651
H           -2.39487897203669       -0.02195277314861        2.27044424170472
H           -0.71027428598605        0.34053474590282        1.90406593101166
H           -1.32241664600083       -1.31983220024243        1.77008703648750
27
 energy: -33.633099260967 gnorm: 0.000089058799 xtb: 6.7.1 (edcfbbe)
C            3.32538474045396       -0.31928395876688        0.86380918695852
C            1.95079939646972       -0.17145278577091        0.30053567822506
C            1.44506771970146        1.01480132355827       -0.05126170007143
C            0.08891799941393        1.21603367594361       -0.55230017756883
O           -0.36321232136638        2.33000612045806       -0.73109288702206
C           -0.76267475336646       -0.01742639291106       -0.82153931555899
H           -1.20969084057112        0.14679174570057       -1.81029491763772
C            0.06653895172046       -1.30157907621409       -0.89853966543934
C            1.14711490887136       -1.42592706483721        0.17280490106471
C           -1.95724622760483       -0.00689105475492        0.16344893004052
C           -3.05160969477805       -0.98001572571481       -0.26884720159052
C           -1.56377253037504       -0.26878653413441        1.61502443812235
H            3.79582963082122        0.64744860999868        1.02068258509451
H            3.94509841403028       -0.90403003774707        0.18375929431875
H            3.28653793784729       -0.85447428022885        1.81220294600653
H            2.02746144950179        1.91952005174943        0.06037909486643
H           -0.59162558230407       -2.17055425557699       -0.85929657449013
H            0.56323202672416       -1.31457493364133       -1.87280368544628
H            0.70761986493664       -1.65175394997821        1.14713741043806
H            1.80795496515854       -2.26085064895793       -0.07567101895938
H           -2.36695596740427        1.00831919513171        0.10544347283956
H           -2.70941597818112       -2.01089198402098       -0.20711190049796
H           -3.36653266789466       -0.78116756337776       -1.29057083847554
H           -3.91675457120547       -0.87497804498658        0.38191346617942
H           -2.39697033434642       -0.02027260144337        2.26958162058810
H           -0.71240926382998        0.34314315161799        1.90403223875060
H           -1.32318754374345       -1.31782928248021        1.77137840417911
27
 energy: -33.633099931205 gnorm: 0.000088062184 xtb: 6.7.1 (edcfbbe)
C            3.32645745364353       -0.31988811363475        0.86208082052205
C            1.95120292287189       -0.17164410747768        0.30062668080600
C            1.44532379678488        1.01474228267037       -0.05056051481423
C            0.08890913837009        1.21614776092460       -0.55079207296654
O           -0.36355361818503        2.33019077663966       -0.72827548341016
C           -0.76254569359905       -0.01718896965935       -0.82109269620818
H           -1.20885166268167        0.14744702862535       -1.81010941535053
C            0.06673113509916       -1.30130639970426       -0.89794862850841
C            1.14693830266188       -1.42582989855566        0.17370213376200
C           -1.95776885437401       -0.00699125767212        0.16311370695938
C           -3.05129176824394       -0.98099608679571       -0.26925770977299
C           -1.56524044799095       -0.26772083041283        1.61514612304582
H            3.79648361066233        0.64676748450846        1.02063160528515
H            3.94571541283847       -0.90252382743632        0.17979950744801
H            3.28919264354719       -0.85742822096333        1.80918369783492
H            2.02785154083311        1.91937708948165        0.06091976146675
H           -0.59140178794557       -2.17030782251559       -0.85913469342014
H            0.56377966216995       -1.31409003826966       -1.87202288755000
H            0.70698724531035       -1.65064849435353        1.14806167648590
H            1.80734075787366       -2.26131889986164       -0.07401217979492
H           -2.36801686385696        1.00795039630962        0.10419305613201
H           -2.70899462176122       -2.01172524454229       -0.20561131854908
H           -3.36489517956116       -0.78365601762015       -1.29167678027340
H           -3.91735700551715       -0.87522848897433        0.38016867210286
H           -2.39900747846414       -0.01932770880320        2.26901341430454
H           -0.71449906790569        0.34498452785616        1.90427224789008
H           -1.32398984390045       -1.31646322114872        1.77238506148711
27
 energy: -33.633100482578 gnorm: 0.000073281601 xtb: 6.7.1 (edcfbbe)
C            3.32754493701623       -0.32035021721033        0.86042551214658
C            1.95157161811572       -0.17173393533548        0.30083985961103
C            1.44549778372321        1.01477640800409       -0.04966063137712
C            0.08890000905718        1.21629225125781       -0.54934065340996
O           -0.36368397763201        2.33038021336855       -0.72626954553036
C           -0.76238352102550       -0.01701235794854       -0.82046620909750
H           -1.20808397418242        0.14792898201296       -1.80970367662574
C            0.06680833072629       -1.30119745499187       -0.89732821842684
C            1.14685266553845       -1.42569691089149        0.17450684747375
C           -1.95829692189590       -0.00702966192694        0.16289931148827
C           -3.05113602913775       -0.98167954211574       -0.26977483360110
C           -1.56655290639416       -0.26693734498572        1.61529028549171
H            3.79734315890242        0.64622574238751        1.02014090377630
H            3.94617866995316       -0.90133565079204        0.17615524871419
H            3.29183934162401       -0.85975380282033        1.80651276315504
H            2.02821168999368        1.91934851062148        0.06149732016523
H           -0.59140141664179       -2.17014133418860       -0.85858064365190
H            0.56398759821623       -1.31402893856387       -1.87134194019982
H            0.70670240475038       -1.64974351406280        1.14896440954070
H            1.80688002481745       -2.26162260979199       -0.07272761007631
H           -2.36896380094586        1.00770403479197        0.10332148697590
H           -2.70888361388322       -2.01229645880779       -0.20398677755452
H           -3.36307788736101       -0.78592838761195       -1.29301822761376
H           -3.91827407252407       -0.87500058373969        0.37808393927079
H           -2.40099953837353       -0.01892268593632        2.26844792716885
H           -0.71646860669433        0.34652117615202        1.90481651428203
H           -1.32461223706336       -1.31544222826017        1.77310042281857
27
 energy: -33.633100928504 gnorm: 0.000048487869 xtb: 6.7.1 (edcfbbe)
C            3.32870249206594       -0.32081007326021        0.85862381294305
C            1.95202365602125       -0.17181698237342        0.30087982197407
C            1.44570235272180        1.01481094980385       -0.04881163316750
C            0.08890017685213        1.21649476167752       -0.54791238684266
O           -0.36377827170624        2.33062826845943       -0.72429835245421
C           -0.76227622519845       -0.01673530231257       -0.81981978890897
H           -1.20734011576474        0.14854369967154       -1.80929546385887
C            0.06672419272355       -1.30107188548171       -0.89645128666025
C            1.14683258934424       -1.42556545691107        0.17531809329107
C           -1.95882346604806       -0.00697560885863        0.16274659701532
C           -3.05084670100558       -0.98235373453753       -0.27043536797047
C           -1.56795402410173       -0.26626150214914        1.61549703687698
H            3.79839438802414        0.64567288699035        1.01923447173266
H            3.94656929964444       -0.90041388727775        0.17249884757482
H            3.29448229275237       -0.86180944367908        1.80382834805231
H            2.02850895667068        1.91933599128021        0.06221521166093
H           -0.59162417554071       -2.16989557971189       -0.85750946143172
H            0.56394491110163       -1.31420506777125       -1.87043255738499
H            0.70653374477976       -1.64883914664754        1.14989393663544
H            1.80647294109787       -2.26190214036896       -0.07152012020228
H           -2.36986767881764        1.00756771502762        0.10256179558672
H           -2.70879946340295       -2.01288093881578       -0.20221293927838
H           -3.36083224213961       -0.78830947556928       -1.29459104502357
H           -3.91919708618635       -0.87452188361388        0.37557536364965
H           -2.40317475544964       -0.01897233422996        2.26792552480121
H           -0.71870750470910        0.34808628185427        1.90559116814851
H           -1.32507055504950       -1.31447641258039        1.77370415815513
27
 energy: -33.633101182072 gnorm: 0.000037053501 xtb: 6.7.1 (edcfbbe)
C            3.32971105280426       -0.32121450284535        0.85711256895883
C            1.95241917419460       -0.17184493678438        0.30096811548448
C            1.44594096524216        1.01489100389573       -0.04812174402918
C            0.08894281895182        1.21669328998522       -0.54666040661329
O           -0.36386373503106        2.33086573349237       -0.72247231061146
C           -0.76212701319124       -0.01648529479452       -0.81922877558395
H           -1.20663327614470        0.14906590180401       -1.80891188724801
C            0.06669875603312       -1.30094328552197       -0.89578105332115
C            1.14683145866956       -1.42540237400769        0.17601295260658
C           -1.95928887647336       -0.00697305485947        0.16258709094299
C           -3.05071215087356       -0.98288615459700       -0.27093953790464
C           -1.56918940830047       -0.26576078367777        1.61563700680829
H            3.79947292751432        0.64516281084617        1.01814822014525
H            3.94685781067485       -0.89999238626992        0.16963637599143
H            3.29663598573680       -0.86322252545630        1.80176797313072
H            2.02892125335628        1.91936108495909        0.06256459682021
H           -0.59182033747252       -2.16961236492891       -0.85656604625144
H            0.56379254304732       -1.31440590003037       -1.86982037004150
H            0.70655814089711       -1.64804278250285        1.15074476618013
H            1.80612404397068       -2.26208719820646       -0.07052611829587
H           -2.37070938274297        1.00738868567707        0.10195822640782
H           -2.70873852948305       -2.01330092588816       -0.20072832471700
H           -3.35895810381034       -0.79027086095249       -1.29588625449109
H           -3.92014492661398       -0.87419981069271        0.37347606419674
H           -2.40509351264463       -0.01914418555702        2.26746159534990
H           -0.72070232815070        0.34941293287661        1.90622545592778
H           -1.32542562148079       -1.31372841734820        1.77414560507143
27
 energy: -33.633101314035 gnorm: 0.000031666094 xtb: 6.7.1 (edcfbbe)
C            3.33041844025502       -0.32148038256451        0.85603686968453
C            1.95275959944807       -0.17187405242945        0.30088013753215
C            1.44617485162949        1.01492615933818       -0.04783269655844
C            0.08893835573164        1.21681648481309       -0.54570584535375
O           -0.36402789035098        2.33102858331955       -0.72087348894478
C           -0.76207081057702       -0.01630241101240       -0.81880305237833
H           -1.20615019488498        0.14951139543131       -1.80863934454561
C            0.06664076625017       -1.30085458250564       -0.89522487445686
C            1.14685528199663       -1.42528736994794        0.17648052371747
C           -1.95963911039068       -0.00695285704424        0.16250237171308
C           -3.05058241709688       -0.98325218186689       -0.27139051436405
C           -1.57004245547361       -0.26543045383541        1.61574385653744
H            3.80034569229615        0.64481244673387        1.01710265309670
H            3.94702776430318       -0.89999921110884        0.16786219483637
H            3.29803508607178       -0.86388128395948        1.80048608700196
H            2.02925381951244        1.91935989252301        0.06263350958175
H           -0.59197531398152       -2.16944202742658       -0.85581105880506
H            0.56369728860632       -1.31456559116004       -1.86928244661055
H            0.70655399703886       -1.64740961848607        1.15133375186964
H            1.80588814010488       -2.26225369108916       -0.06981892499392
H           -2.37127737485603        1.00729872928687        0.10155580713282
H           -2.70872619365228       -2.01361584484732       -0.19984902124177
H           -3.35773204280316       -0.79157318146301       -1.29684234897270
H           -3.92070494389089       -0.87398300025197        0.37198094175187
H           -2.40643169773095       -0.01935109793144        2.26715900494757
H           -0.72208183969163        0.35030970852492        1.90670556395127
H           -1.32564706918453       -1.31323086242566        1.77441412878517
27
 energy: -33.633101435022 gnorm: 0.000034467718 xtb: 6.7.1 (edcfbbe)
C            3.33115534307303       -0.32175356601652        0.85493348810545
C            1.95312801238181       -0.17190107763808        0.30077078526069
C            1.44647696343705        1.01495027252908       -0.04764320992477
C            0.08894577620266        1.21695636863524       -0.54467604468862
O           -0.36428307403088        2.33121479131028       -0.71887649931836
C           -0.76196684101249       -0.01611378903888       -0.81836071127815
H           -1.20558113835584        0.14995108498994       -1.80836539763134
C            0.06659890479323       -1.30076600969457       -0.89469272113116
C            1.14684047410713       -1.42513129726610        0.17699192926317
C           -1.95999374067800       -0.00696380610130        0.16237227151996
C           -3.05048050297260       -0.98363961244987       -0.27182020808373
C           -1.57093577357614       -0.26512889613363        1.61580981193784
H            3.80137355673974        0.64444951417369        1.01568912597694
H            3.94714758682348       -0.90035275760878        0.16627288630947
H            3.29935526472063       -0.86419201113967        1.79937560857894
H            2.02968893877350        1.91933041632909        0.06250460020426
H           -0.59210737186789       -2.16927393198837       -0.85512223905578
H            0.56362179929576       -1.31467285487769       -1.86876400523460
H            0.70652583014932       -1.64668535529423        1.15196766280576
H            1.80557084784736       -2.26240748894644       -0.06902437747284
H           -2.37185625144554        1.00717547566372        0.10111255784225
H           -2.70866477027133       -2.01393415232770       -0.19913642663534
H           -3.35660312910482       -0.79276496485934       -1.29772081532850
H           -3.92124640097424       -0.87390304909196        0.37059501551061
H           -2.40778188037023       -0.01955008344387        2.26682187107897
H           -0.72351223416573        0.35118017965930        1.90711527677013
H           -1.32591646083944       -1.31274970075858        1.77467354953271
27
 energy: -33.633101586523 gnorm: 0.000035711364 xtb: 6.7.1 (edcfbbe)
C            3.33217794286549       -0.32214083968990        0.85340821450508
C            1.95365641244633       -0.17195815137340        0.30058318859566
C            1.44693971237809        1.01495789200229       -0.04752452121416
C            0.08891531793986        1.21712205400485       -0.54316964010419
O           -0.36476084878838        2.33144905606001       -0.71575009689343
C           -0.76186766637374       -0.01585970396702       -0.81774920179970
H           -1.20481606481585        0.15059449266775       -1.80799405170634
C            0.06662308145913       -1.30057521105454       -0.89398588248147
C            1.14682466188222       -1.42493105037717        0.17773765401872
C           -1.96052464595571       -0.00700298276965        0.16220323875050
C           -3.05037379501497       -0.98417375184541       -0.27247383763275
C           -1.57215200255349       -0.26470929533370        1.61590847845659
H            3.80295616871674        0.64393283236884        1.01329950227026
H            3.94723207949104       -0.90127698103733        0.16435400263816
H            3.30110733747629       -0.86419224224750        1.79810215625171
H            2.03038882899908        1.91925965327050        0.06204003118282
H           -0.59217498855456       -2.16899665108598       -0.85429378249492
H            0.56367115874718       -1.31470221822743       -1.86804110918922
H            0.70640218550014       -1.64558208850119        1.15287376363779
H            1.80510755053473       -2.26270637127604       -0.06777492346434
H           -2.37270919108460        1.00697696466531        0.10052180585645
H           -2.70850298874583       -2.01435851270028       -0.19849249783146
H           -3.35534191320283       -0.79423747511730       -1.29889611881579
H           -3.92189101900087       -0.87403583149564        0.36884503455587
H           -2.40959217537249       -0.01967552151772        2.26636911627967
H           -0.72535950715792        0.35227576773928        1.90765365851051
H           -1.32643590313556       -1.31213013454689        1.77504960303194
27
 energy: -33.633101588006 gnorm: 0.000027196991 xtb: 6.7.1 (edcfbbe)
C            3.33217375875951       -0.32213504313250        0.85340405743667
C            1.95366087734070       -0.17195935063247        0.30058370194105
C            1.44694029146939        1.01496069375691       -0.04752612986595
C            0.08891618807866        1.21712363722223       -0.54317406711619
O           -0.36476110555779        2.33144682786838       -0.71573936553322
C           -0.76186214344724       -0.01585640888542       -0.81774731006259
H           -1.20481318188379        0.15059327371771       -1.80799384189593
C            0.06662168795445       -1.30058053831319       -0.89398210965072
C            1.14682077650307       -1.42492733124871        0.17773869895708
C           -1.96052342609533       -0.00700563611960        0.16219961497448
C           -3.05036974589178       -0.98417244163223       -0.27246814666111
C           -1.57215807991239       -0.26471024953084        1.61590755448724
H            3.80295840983599        0.64393356035305        1.01329490860684
H            3.94723454151427       -0.90128538853995        0.16435306064278
H            3.30110788908078       -0.86418984137963        1.79810761973112
H            2.03038790303616        1.91925619626465        0.06203795973178
H           -0.59217430352344       -2.16899980489180       -0.85429624807369
H            0.56367112382829       -1.31469811532284       -1.86803888264186
H            0.70640198035621       -1.64558013117128        1.15287060236871
H            1.80510427080261       -2.26270471992443       -0.06777309101445
H           -2.37270863721868        1.00697658340061        0.10051941986317
H           -2.70850235623649       -2.01436057507324       -0.19849709718844
H           -3.35534369667061       -0.79423449964230       -1.29889521572067
H           -3.92189328401237       -0.87403796117988        0.36884761461519
H           -2.40959027916448       -0.01967533494058        2.26636944701263
H           -0.72536300670102        0.35227440553730        1.90765073194331
H           -1.32643672356516       -1.31212810794520        1.77505029802671
