12
 energy: -194.299527027906 gnorm: 0.002008346770 xtb: 6.7.1 (edcfbbe)
C           -1.59910956296350        0.08097794266892       -0.51863394137545
C           -0.67788672314180       -0.46017406892617        0.57336355239919
C            0.67641620973104        0.24001457650811        0.61330678496005
O            1.44542981875376        0.04659235484885       -0.57664483809811
H           -1.18389935339286       -0.09558960912887       -1.51691889069471
H           -2.57720542472904       -0.40763763043312       -0.49080598002431
H           -1.76108111898206        1.15881654671840       -0.40086057391278
H           -0.51563233872781       -1.53483130378997        0.42944532596109
H           -1.15412617764821       -0.33505161929339        1.55454859966130
H            0.53731572672723        1.31533442580120        0.81438645579399
H            1.28750733319008       -0.17026849842138        1.42357865288123
H            1.00040673511972        0.50340312740217       -1.29602289342972
12
 energy: -194.299529416416 gnorm: 0.000479426818 xtb: 6.7.1 (edcfbbe)
C           -1.59922118352114        0.08094596543948       -0.51860659203081
C           -0.67788026769770       -0.46023898216744        0.57316341310093
C            0.67616308385831        0.24005655125385        0.61351813148635
O            1.44586631822421        0.04590762433341       -0.57629086366959
H           -1.18470761396217       -0.09626806916812       -1.51709247040364
H           -2.57753218549088       -0.40710976694592       -0.48989441876187
H           -1.76059875048687        1.15890959875460       -0.40115928403907
H           -0.51527460469524       -1.53487361120069        0.42896687852401
H           -1.15418973195408       -0.33561701419113        1.55450686952873
H            0.53720457700199        1.31554363806874        0.81391357122442
H            1.28719097542908       -0.17006801502672        1.42397384424222
H            1.00111452401059        0.50439830942805       -1.29625680578396
12
 energy: -194.299529416416 gnorm: 0.000479426818 xtb: 6.7.1 (edcfbbe)
C           -1.59922118352114        0.08094596543948       -0.51860659203081
C           -0.67788026769770       -0.46023898216744        0.57316341310093
C            0.67616308385831        0.24005655125385        0.61351813148635
O            1.44586631822421        0.04590762433341       -0.57629086366959
H           -1.18470761396217       -0.09626806916812       -1.51709247040364
H           -2.57753218549088       -0.40710976694592       -0.48989441876187
H           -1.76059875048687        1.15890959875460       -0.40115928403907
H           -0.51527460469524       -1.53487361120069        0.42896687852401
H           -1.15418973195408       -0.33561701419113        1.55450686952873
H            0.53720457700199        1.31554363806874        0.81391357122442
H            1.28719097542908       -0.17006801502672        1.42397384424222
H            1.00111452401059        0.50439830942805       -1.29625680578396
