12
 energy: -15.015510272358 gnorm: 0.039163648515 xtb: 6.7.1 (edcfbbe)
C            1.67231629870902        0.90394409036324        0.17253948389830
C            1.23294917134043       -0.43697057671929       -0.40503303283897
C           -0.04031558688173       -0.98594024047964        0.26654161634298
C           -1.18263740212694       -0.10292786972170        0.08460097088357
N           -2.07027466947667        0.61820054010716       -0.08081192488787
H            1.87870147179986        0.82265859178851        1.24507382724499
H            2.58249241927467        1.25761101268538       -0.31915994303703
H            0.89702053308738        1.66404964856384        0.03480190964895
H            1.05349190576794       -0.34597669567496       -1.48143646348407
H            2.02179942183448       -1.18550501937168       -0.27323978500819
H            0.12411441803884       -1.11558355058239        1.34309156247791
H           -0.29991186097395       -1.96906976264688       -0.14161487053556
12
 energy: -15.016306179975 gnorm: 0.012911410281 xtb: 6.7.1 (edcfbbe)
C            1.66368435088521        0.89731712109410        0.17406262064445
C            1.22890705313726       -0.43951426991971       -0.40698329913013
C           -0.03788574135673       -0.98070730301281        0.27246930582818
C           -1.16548566451626       -0.09794925400550        0.08531366773824
N           -2.04298790011333        0.60928264198292       -0.08786113647615
H            1.87030848328912        0.80884083708936        1.24079543139018
H            2.56855216073860        1.24791886640065       -0.31997605858853
H            0.88571161764879        1.64773280866098        0.03723404603805
H            1.04554273128593       -0.33381237161554       -1.47959253224684
H            2.02505122754476       -1.17757029319097       -0.27524813069962
H            0.12834746434039       -1.09835903784560        1.34864273648573
H           -0.29999966249041       -1.95868957732628       -0.14350330027856
12
 energy: -15.016365698139 gnorm: 0.003014277380 xtb: 6.7.1 (edcfbbe)
C            1.66061611823100        0.89607628417249        0.17520310844944
C            1.22834324624493       -0.44171022083459       -0.40761266211458
C           -0.03637954130732       -0.98184110865859        0.27354350251580
C           -1.15973715662178       -0.10089719644919        0.07544575685315
N           -2.03376578181099        0.61701546316093       -0.08732769477917
H            1.86774702809188        0.80446544331097        1.23998915531991
H            2.56268788231939        1.24925464659723       -0.31918892611732
H            0.87979636826898        1.64186199727285        0.04060985480702
H            1.04112446686216       -0.33218087926841       -1.47835947325655
H            2.02717962474109       -1.17611099464719       -0.27871805664814
H            0.13053689383643       -1.09031025186506        1.34978623197585
H           -0.29840302846246       -1.96113301447984       -0.13801744630042
12
 energy: -15.016345968041 gnorm: 0.008752874104 xtb: 6.7.1 (edcfbbe)
C            1.65971379387947        0.89414672608312        0.17725333653285
C            1.22728414642340       -0.44347370385615       -0.40994233427511
C           -0.03458023659347       -0.98132191923060        0.27679273873713
C           -1.14836394984353       -0.09115279943053        0.08333199442740
N           -2.03306676449403        0.61124064567476       -0.10518544041309
H            1.86994407990066        0.79686801065208        1.23981745548566
H            2.55780483441259        1.25167193339254       -0.31900371419404
H            0.87536608493803        1.63588214482140        0.04882459169637
H            1.03262191180012       -0.32744018356118       -1.47810074141300
H            2.02778496308062       -1.17625265646984       -0.28924735234066
H            0.13828197862289       -1.08552251003891        1.35163989171131
H           -0.30304472173343       -1.96015551972511       -0.13082707524982
12
 energy: -15.016388066339 gnorm: 0.000835870339 xtb: 6.7.1 (edcfbbe)
C            1.66011080457027        0.89481411454999        0.17694953223990
C            1.22778476762668       -0.44303470220879       -0.40984645045735
C           -0.03541945231600       -0.98162413919092        0.27547140663261
C           -1.15375923087652       -0.09656854735768        0.07526195345504
N           -2.03165911721666        0.61522704425679       -0.09700707227961
H            1.87039287047858        0.79859048665356        1.24034396565424
H            2.55895968970059        1.25244009386253       -0.31911967245293
H            0.87596086727518        1.63760055402621        0.04788649347220
H            1.03553609132169       -0.32927066608385       -1.47891864076601
H            2.02767221956826       -1.17654493365078       -0.28715516670455
H            0.13425808229663       -1.08455504913486        1.35134243856946
H           -0.30009147203541       -1.96258408741059       -0.12985543665800
12
 energy: -15.016392026413 gnorm: 0.000295659532 xtb: 6.7.1 (edcfbbe)
C            1.66109811752267        0.89409787834045        0.17768892909906
C            1.22744639882858       -0.44274617950437       -0.41082755673441
C           -0.03534584624684       -0.98077241810392        0.27631762267697
C           -1.15442595705548       -0.09676103298603        0.07278448763108
N           -2.03351607927487        0.61319244508144       -0.10028594416792
H            1.87460109903013        0.79529218289302        1.24044457045844
H            2.55831689427783        1.25366158981846       -0.32019430689384
H            0.87582054394778        1.63670522988933        0.05270054715823
H            1.03347987420922       -0.32728260564801       -1.47949270902630
H            2.02711533374379       -1.17693134741879       -0.29074333033440
H            0.13427115975521       -1.08056728438017        1.35259416372786
H           -0.29911541834473       -1.96339828966981       -0.12563312288978
12
 energy: -15.016398119841 gnorm: 0.000607378337 xtb: 6.7.1 (edcfbbe)
C            1.66502473633631        0.89205871250887        0.17987678427353
C            1.22575077608365       -0.44107395676666       -0.41268951000520
C           -0.03548213397098       -0.97802514781640        0.27831582725225
C           -1.15705942348851       -0.09846423804254        0.06684842796115
N           -2.04100000689071        0.60418375466743       -0.11076901318408
H            1.88933648337839        0.78621820317294        1.23995661053124
H            2.55699613673145        1.25595888276531       -0.32442618876467
H            0.87780529190110        1.63499434622069        0.06780993905924
H            1.02654651393742       -0.32059098943351       -1.47991668179845
H            2.02416630588019       -1.17781495153694       -0.29998755843265
H            0.13416735324078       -1.06810411747708        1.35554483713902
H           -0.29650591274576       -1.96485032995050       -0.11521012332639
12
 energy: -15.016399704594 gnorm: 0.000448951235 xtb: 6.7.1 (edcfbbe)
C            1.66723086388808        0.89126545182493        0.18083515240338
C            1.22475813001519       -0.43989791698288       -0.41324327047091
C           -0.03581792428560       -0.97635467455427        0.27923929232133
C           -1.15953711016728       -0.10035549082734        0.06471317323504
N           -2.04564062359183        0.59904125801958       -0.11521194231465
H            1.89714536673925        0.78268376454436        1.23937511935686
H            2.55677491039435        1.25597010906368       -0.32711816665314
H            0.88006971221879        1.63506226937441        0.07477597203287
H            1.02408837942702       -0.31728569698402       -1.47995166452328
H            2.02232555549794       -1.17801219754905       -0.30322016033733
H            0.13319106088594       -1.06294912063070        1.35677265720962
H           -0.29484220062854       -1.96467758698709       -0.11161281155480
12
 energy: -15.016400253640 gnorm: 0.000220416524 xtb: 6.7.1 (edcfbbe)
C            1.66858359369229        0.89114502215360        0.18132874575502
C            1.22397009723030       -0.43917014887384       -0.41310021011324
C           -0.03623196408497       -0.97586172675173        0.27953955021965
C           -1.16082437228107       -0.10171072274424        0.06376583747538
N           -2.04748115990813        0.59651570619043       -0.11798405678398
H            1.90170746749218        0.78103841826295        1.23882464923453
H            2.55662623155974        1.25622766039847       -0.32889018670746
H            0.88140257227235        1.63519362462656        0.07866589555716
H            1.02227217066504       -0.31546803888217       -1.47941191587086
H            2.02106798803944       -1.17796274709329       -0.30446229121247
H            0.13292120745253       -1.06049523529386        1.35711586269186
H           -0.29426771173640       -1.96496164368126       -0.11003852954060
12
 energy: -15.016400440633 gnorm: 0.000139255208 xtb: 6.7.1 (edcfbbe)
C            1.66854272384242        0.89107029171572        0.18149782021247
C            1.22378079359160       -0.43909789272532       -0.41318377173609
C           -0.03621938103056       -0.97576038639579        0.27981593958821
C           -1.16096669120265       -0.10197143816529        0.06383617555360
N           -2.04725038057164        0.59651638408937       -0.11900389920527
H            1.90268154569365        0.78068598000644        1.23869427519312
H            2.55608594330322        1.25620512250977       -0.32946158709784
H            0.88133185522637        1.63514051756515        0.07969099467007
H            1.02189755529884       -0.31515829632228       -1.47942827980439
H            2.02086877016284       -1.17791748002253       -0.30471245644623
H            0.13293279149853       -1.06029499042056        1.35739565591548
H           -0.29393940541933       -1.96492764352308       -0.10978751613815
12
 energy: -15.016400559826 gnorm: 0.000080395583 xtb: 6.7.1 (edcfbbe)
C            1.66843899777027        0.89105914398397        0.18154366431092
C            1.22364054474075       -0.43909234509229       -0.41315177802235
C           -0.03622986143193       -0.97594076545159        0.28002520045105
C           -1.16095357773619       -0.10214800690078        0.06380653913062
N           -2.04641708449905        0.59715343311197       -0.11988316600507
H            1.90331816289833        0.78043471157559        1.23856248397739
H            2.55551882182596        1.25664130351280       -0.32992660198534
H            0.88088129040656        1.63488165710111        0.08047555507159
H            1.02157085978663       -0.31504843340089       -1.47934300178141
H            2.02083659824508       -1.17782833569992       -0.30491188734954
H            0.13297957809250       -1.06042428503179        1.35760671820239
H           -0.29383820970561       -1.96519790939658       -0.10945037529528
12
 energy: -15.016400586284 gnorm: 0.000028499981 xtb: 6.7.1 (edcfbbe)
C            1.66824837299746        0.89102006881421        0.18159186253085
C            1.22363111132900       -0.43918028149629       -0.41318185684616
C           -0.03616347592148       -0.97607945723364        0.28010569352635
C           -1.16070273540636       -0.10205764256608        0.06374968377767
N           -2.04572240667115        0.59768511924848       -0.12031676211351
H            1.90338944088365        0.78031963633435        1.23856397807626
H            2.55509287708209        1.25698116036186       -0.33000610603472
H            0.88042061435924        1.63461249873610        0.08080877669949
H            1.02133387483473       -0.31512443112077       -1.47933490602136
H            2.02088978651064       -1.17787003227264       -0.30512304825573
H            0.13317497842310       -1.06043069560411        1.35768178346010
H           -0.29384631802764       -1.96538577488985       -0.10918574809426
