15
 energy: -26.147141452038 gnorm: 0.023634829735 xtb: 6.7.1 (edcfbbe)
C           -0.34521345897517       -1.07580418591833       -0.00022267444258
C            1.03286443600930       -1.14314793556955        0.00000146625433
C            1.78148771743639        0.04052593813879        0.00002276857018
C            1.14615615807072        1.28488619848894       -0.00019557833544
C           -0.23889451431352        1.33766901054383       -0.00046895927617
C           -0.99911672202343        0.16518160506976       -0.00038914537050
C           -2.46451165331625        0.24417383162645        0.00036267524159
O           -3.21305624737193       -0.71295401424903        0.00047245312780
O            3.13502403561273       -0.08847112431743        0.00025579937502
H           -0.94870700108287       -1.97764976412119       -0.00009913360970
H            1.55701462393558       -2.09237256265098        0.00021130602734
H            1.73463481744427        2.19873884769615       -0.00012926269903
H           -0.74232438633388        2.30116454334995       -0.00058243673709
H           -2.86866339846785        1.28381213430173       -0.00165028084578
H            3.54172186841998        0.78612858719824        0.00027583904527
15
 energy: -26.147682283402 gnorm: 0.007366138307 xtb: 6.7.1 (edcfbbe)
C           -0.34743527685640       -1.07045622614453       -0.00003047307959
C            1.02627208419066       -1.13882706332848        0.00016042552676
C            1.77935307749130        0.03794233489133        0.00007890121193
C            1.14312294549574        1.27739916165432       -0.00024164327706
C           -0.23606083356067        1.33635489780981       -0.00059318415010
C           -0.99779306067529        0.16812763226983       -0.00060842652594
C           -2.45904445186148        0.23844174048169       -0.00147644515204
O           -3.20408575846930       -0.71159413119677        0.00049994894191
O            3.12975965712376       -0.08272596704645        0.00037433708588
H           -0.94950501921338       -1.96794036830349       -0.00010873193320
H            1.54705710849877       -2.08398708140477        0.00033911293968
H            1.73106504893743        2.18656426859231       -0.00023346000794
H           -0.73330511436752        2.29746751265232       -0.00089143900795
H           -2.85969286422822        1.27346815160973        0.00026124701046
H            3.53870873253869        0.79164624705047        0.00033466674243
15
 energy: -26.147730088915 gnorm: 0.003054596872 xtb: 6.7.1 (edcfbbe)
C           -0.34838037550020       -1.06780755802377       -0.00027719171411
C            1.02432622259037       -1.13801639103423       -0.00018950577577
C            1.78046815486779        0.03574904118650       -0.00008716995337
C            1.14215608516235        1.27393905695053       -0.00015597264597
C           -0.23517852619482        1.33737289064468       -0.00000495903288
C           -0.99802902615098        0.17048647888327        0.00032351813862
C           -2.45856388332682        0.23523908657158        0.00255790979435
O           -3.20262359725286       -0.71343940386131       -0.00015178544481
O            3.12860325642337       -0.07933328130347       -0.00002648686616
H           -0.95040296484338       -1.96350849326861        0.00011308223520
H            1.54312687746514       -2.08271726549264        0.00002360034429
H            1.73082684417362        2.18142149578257       -0.00021419716458
H           -0.72935446270459        2.29816157578606       -0.00002678234857
H           -2.85776703148489        1.26972553724416       -0.00406332634341
H            3.53920870181999        0.79460833952199        0.00004410310239
15
 energy: -26.147731359429 gnorm: 0.002373428263 xtb: 6.7.1 (edcfbbe)
C           -0.34865716757251       -1.06644639648356        0.00029314280228
C            1.02389395547471       -1.13815844381610        0.00048509312716
C            1.78175339823848        0.03433111565162        0.00020557811633
C            1.14171608230541        1.27228149948542       -0.00030472418884
C           -0.23499377353476        1.33844535461316       -0.00091155318599
C           -0.99841388856681        0.17189084399622       -0.00109278350757
C           -2.45894465645571        0.23370547093774       -0.00445364976946
O           -3.20240092584337       -0.71514266118054        0.00046068974796
O            3.12844933612640       -0.07735606546113        0.00056172869986
H           -0.95095980975356       -1.96150852566475       -0.00009793928189
H            1.54130392193544       -2.08345953009435        0.00057511011138
H            1.73128374185366        2.17917179277408       -0.00037245654263
H           -0.72757570426313        2.29954083611974       -0.00135207761176
H           -2.85817544293615        1.26838310299215        0.00348816403643
H            3.54013720803597        0.79620271571762        0.00038051377197
15
 energy: -26.147741915051 gnorm: 0.000603895200 xtb: 6.7.1 (edcfbbe)
C           -0.34840823847844       -1.06675028774207       -0.00001559543929
C            1.02441178286506       -1.13851467704606        0.00012308023808
C            1.78190603100703        0.03449803792478        0.00003908582343
C            1.14182169526112        1.27278370909607       -0.00022044322312
C           -0.23524151360677        1.33855527882410       -0.00040543370819
C           -0.99849472301293        0.17165107089877       -0.00030759963197
C           -2.45923424970431        0.23422266269926       -0.00055409304188
O           -3.20263957871224       -0.71523468571453        0.00004060803939
O            3.12876467010788       -0.07765835442373        0.00022266408864
H           -0.95087431554860       -1.96219776894001        0.00003794058903
H            1.54177180661568       -2.08434164128936        0.00029266141915
H            1.73160956390298        2.17999157287633       -0.00028527817122
H           -0.72817835093376        2.29994939083625       -0.00060910117251
H           -2.85917099769870        1.26906542863264       -0.00066081755339
H            3.54037269298009        0.79586137295490        0.00016715806910
15
 energy: -26.147742365353 gnorm: 0.000166406806 xtb: 6.7.1 (edcfbbe)
C           -0.34827640463622       -1.06651709295992       -0.00002504943777
C            1.02462918471806       -1.13869845061452        0.00010799205220
C            1.78223203414598        0.03433214487125        0.00002532754185
C            1.14171798414061        1.27271403883945       -0.00021391724038
C           -0.23533556838402        1.33883712378798       -0.00034786998182
C           -0.99861356008677        0.17178500899778       -0.00022477434794
C           -2.45939179042771        0.23421127217392       -0.00021580283378
O           -3.20244487394360       -0.71571220183262       -0.00011351195373
O            3.12885229993191       -0.07733352892721        0.00017598707077
H           -0.95091506008069       -1.96207654467428        0.00007357527384
H            1.54132067407767       -2.08510637256072        0.00029425509958
H            1.73200454423274        2.17986932513741       -0.00028848121861
H           -0.72804858777844        2.30051097891328       -0.00053826184043
H           -2.86005294050306        1.26903619668747       -0.00095664758919
H            3.54073833963761        0.79602921174806        0.00011201573064
15
 energy: -26.147742409880 gnorm: 0.000062983686 xtb: 6.7.1 (edcfbbe)
C           -0.34827266454004       -1.06642355761086       -0.00000245877646
C            1.02462684615246       -1.13864477978411        0.00013504098051
C            1.78221157667831        0.03435208776902        0.00003431480217
C            1.14168603800285        1.27270921955912       -0.00022054191553
C           -0.23531514196838        1.33885302793732       -0.00037764987244
C           -0.99861970084371        0.17180099604656       -0.00026689371764
C           -2.45935264580686        0.23418161646506       -0.00042261809259
O           -3.20231409277373       -0.71579190687823       -0.00013891385457
O            3.12882886660910       -0.07728411320574        0.00018944250362
H           -0.95090404843468       -1.96197944465238        0.00007524626229
H            1.54107897664110       -2.08513126729406        0.00032188065347
H            1.73209019217088        2.17976141244362       -0.00029523962282
H           -0.72796481003607        2.30053096131575       -0.00057382167299
H           -2.86013580835597        1.26889364171067       -0.00070225398098
H            3.54077269154883        0.79605321576561        0.00010930262920
