17
 energy: -326.821599680984 gnorm: 0.022687382982 xtb: 6.7.1 (edcfbbe)
C           -1.82829121371016        1.48235990515687       -0.00065141720029
C           -0.54241435224036        0.71116434021514        0.00038598760017
C            0.66486170949462        1.40055016732062        0.00049424240022
C            1.86150000352488        0.70525738381252        0.00014738120007
C            1.80167012029837       -0.67827392720056       -0.00019978560009
N            0.66447251039445       -1.34792349349730       -0.00038794260017
C           -0.48596628201534       -0.68741352670461       -0.00000592160000
C           -1.71487975295991       -1.54637260218524        0.00050783360023
H           -1.88429220803498        2.10983476753492       -0.88994731909436
H           -2.69445938159399        0.82972854946767        0.01640387400727
H           -1.86975567762854        2.13720706764705        0.86930195688521
H            0.66036015089262        2.48236485350000        0.00081982910036
H            2.80864037214458        1.22221617204160       -0.00009737170004
H            2.69914556029606       -1.28333474426868       -0.00139520880062
H           -2.32233477102909       -1.35321586969965       -0.88225499249095
H           -1.40996248792479       -2.58876614404715       -0.00146847020065
H           -2.31946893122782       -1.35597599320087        0.88594546229259
17
 energy: -326.822527736838 gnorm: 0.007541242601 xtb: 6.7.1 (edcfbbe)
C           -1.83053933896008        1.47963560430487       -0.00063666361569
C           -0.53859184587191        0.70900884569540        0.00056924087467
C            0.67140621792721        1.39994474399519        0.00054464979200
C            1.87294609492054        0.70747415244533       -0.00013434268303
C            1.81961839346878       -0.68004078205849       -0.00069237566498
N            0.67740630624678       -1.36047590313612       -0.00032864255912
C           -0.48230164021177       -0.69492477641985        0.00023320099717
C           -1.72421622928045       -1.54401190801165        0.00039106596481
H           -1.89772568663108        2.11156927866543       -0.89128950719428
H           -2.70371119088155        0.82955164420462        0.01708792164973
H           -1.88238237907570        2.13998671033036        0.86999832571789
H            0.66452094751599        2.48627633100708        0.00102894537460
H            2.82251514117842        1.22926143352983        0.00000158386330
H            2.72876328282025       -1.27681838834003       -0.00089924619532
H           -2.34189548846316       -1.35086199202058       -0.88149243786967
H           -1.42787727944381       -2.59214803147314       -0.00173780768271
H           -2.33910982907761       -1.35402014183770        0.88495432797158
17
 energy: -326.822612453512 gnorm: 0.001587016473 xtb: 6.7.1 (edcfbbe)
C           -1.83097064309824        1.47817123712628       -0.00055454709262
C           -0.53649869351670        0.70922595105159        0.00054068960475
C            0.67385393405732        1.40076468545760        0.00059044250812
C            1.87588359402886        0.70804526405201       -0.00004020971562
C            1.82421735034638       -0.68057124558074       -0.00034060774175
N            0.68095561496376       -1.36711387736404       -0.00023837417376
C           -0.48067939729770       -0.69680579582599        0.00009105198151
C           -1.72583394448432       -1.54361017772245        0.00021529144327
H           -1.90400910809657        2.11055766560417       -0.89234069820138
H           -2.70508251730527        0.82708518710967        0.01822584144636
H           -1.88763971865783        2.14053811736938        0.87019580219579
H            0.66705105114137        2.48838541826953        0.00116136411068
H            2.82692471770905        1.23028919520149       -0.00003023306877
H            2.73877307832795       -1.27220477109425       -0.00092243137463
H           -2.34633855515264       -1.34718938787354       -0.88113137790821
H           -1.43811349979959       -2.59546382817734       -0.00207558507468
H           -2.34366770208508       -1.35069686330144        0.88425189424586
17
 energy: -326.822617859083 gnorm: 0.000459795295 xtb: 6.7.1 (edcfbbe)
C           -1.83119152451243        1.47660489168027       -0.00044857474112
C           -0.53582562469090        0.70942584445419        0.00067395517478
C            0.67416546907930        1.40131318168116        0.00071470887678
C            1.87577460462928        0.70779123540993       -0.00000695811166
C            1.82420703757023       -0.68054447435900       -0.00049732843956
N            0.68145045475526       -1.36947764167706       -0.00021210525306
C           -0.47985901106706       -0.69679296119092        0.00020508496561
C           -1.72570257664147       -1.54217396007440       -0.00004548078002
H           -1.90635338625690        2.10759184166200       -0.89310635733862
H           -2.70407776311911        0.82392276775098        0.01981914737882
H           -1.88862353842253        2.13979616276606        0.86966116190185
H            0.66781109351912        2.48888608737918        0.00130469450514
H            2.82745134022665        1.22886681711396        0.00007239092513
H            2.74021746369798       -1.26978412587731       -0.00059392974887
H           -2.34603971940498       -1.34363860661501       -0.88119005915460
H           -1.44116530923745       -2.59470547374719       -0.00262650711694
H           -2.34341337865089       -1.34767486643216        0.88387454239925
17
 energy: -326.822618654858 gnorm: 0.000186416379 xtb: 6.7.1 (edcfbbe)
C           -1.83128658633489        1.47596875337726       -0.00035001821896
C           -0.53573259381032        0.70942947406686        0.00071222749360
C            0.67406129605920        1.40148421519980        0.00083334364861
C            1.87549047679520        0.70766708794508        0.00015465705250
C            1.82377537461685       -0.68044239374551       -0.00012422153226
N            0.68132790526340       -1.36939008133446       -0.00022511385772
C           -0.47965783998000       -0.69657155190528       -0.00000247643144
C           -1.72559045032849       -1.54144823908136       -0.00026843586523
H           -1.90714958311866        2.10559594403266       -0.89368854012450
H           -2.70354207444355        0.82279102650910        0.02135966361884
H           -1.88810011166778        2.13999410268899        0.86892827327518
H            0.66784169618637        2.48892110440300        0.00150419563410
H            2.82734627140120        1.22805697735139        0.00016630879520
H            2.73966261422263       -1.26953339772801       -0.00067505976828
H           -2.34557742540596       -1.34241569292751       -0.88134274666923
H           -1.44113041134510       -2.59381414242485       -0.00309876299148
H           -2.34291291118119       -1.34688649285974        0.88371512935621
17
 energy: -326.822618654858 gnorm: 0.000186416379 xtb: 6.7.1 (edcfbbe)
C           -1.83128658633489        1.47596875337726       -0.00035001821896
C           -0.53573259381032        0.70942947406686        0.00071222749360
C            0.67406129605920        1.40148421519980        0.00083334364861
C            1.87549047679520        0.70766708794508        0.00015465705250
C            1.82377537461685       -0.68044239374551       -0.00012422153226
N            0.68132790526340       -1.36939008133446       -0.00022511385772
C           -0.47965783998000       -0.69657155190528       -0.00000247643144
C           -1.72559045032849       -1.54144823908136       -0.00026843586523
H           -1.90714958311866        2.10559594403266       -0.89368854012450
H           -2.70354207444355        0.82279102650910        0.02135966361884
H           -1.88810011166778        2.13999410268899        0.86892827327518
H            0.66784169618637        2.48892110440300        0.00150419563410
H            2.82734627140120        1.22805697735139        0.00016630879520
H            2.73966261422263       -1.26953339772801       -0.00067505976828
H           -2.34557742540596       -1.34241569292751       -0.88134274666923
H           -1.44113041134510       -2.59381414242485       -0.00309876299148
H           -2.34291291118119       -1.34688649285974        0.88371512935621
