25
 energy: -65.121741304958 gnorm: 0.079566835136 xtb: 6.7.1 (edcfbbe)
C            1.59745605846028        1.52904274907085        1.35081955016474
C            0.27211360239249        0.78445109522790        1.38976815665626
H           -0.20452895498572        1.12355431242406        2.31661470997295
C            0.27165993344700       -0.78373672984577        1.39023781055642
H           -0.20501911815279       -1.12202905620841        2.31736154526030
C            1.59658607783153       -1.52910927318622        1.35144595112133
O            2.39159375774932       -1.27956092123926        0.17423187166576
S            3.47792449597111       -0.00075439140736        0.25261338624613
O            4.05094549014618       -0.00064512767579        1.61762308911838
O            2.39235913909012        1.27869524547601        0.17372451009884
C           -0.72042976450085       -1.12460744545659        0.23228645770712
C           -0.12655390170213       -0.67005243410115       -1.09480631368324
C           -0.12604082893132        0.66925786890006       -1.09526287593782
C           -0.71963243265813        1.12519424503687        0.23149340620664
C           -1.79407777436722        0.00072579721886        0.40748207542181
Cl          -3.05966050655339        0.00073903998416       -0.84799330994676
Cl          -2.60784480755227        0.00154498365117        2.00615150939546
Cl          -1.32690646328688        2.78735929962782        0.27500980657340
Cl           0.41867163085404        1.71489206875243       -2.32299526310696
Cl           0.41736444691589       -1.71697451300903       -2.32179346199029
Cl          -1.32887545807798       -2.78631252214427        0.27704996731022
H            2.18216209639026        1.29909675501249        2.25015197112763
H            1.40410448286406        2.60619065055138        1.33994410559843
H            2.18147409495461       -1.29924101338683        2.25067501293909
H            1.40261938200201       -2.60614848033883        1.34087432618061
25
 energy: -65.127662431428 gnorm: 0.043653636889 xtb: 6.7.1 (edcfbbe)
C            1.59085085070586        1.52568813359763        1.33379487062885
C            0.26207739246027        0.78157319258031        1.40248512544676
H           -0.21402907626591        1.12600620396495        2.32628324407232
C            0.26162532985756       -0.78085014782980        1.40295174196605
H           -0.21452182254155       -1.12447659001239        2.32702748020836
C            1.58997340986404       -1.52575587111681        1.33443690511490
O            2.36204321744651       -1.26516121683142        0.17070986365804
S            3.45415659840213       -0.00076527510980        0.24939297735447
O            3.98291136235398       -0.00064061517156        1.61101653237561
O            2.36281623486791        1.26428424029774        0.17019239663810
C           -0.71259549641508       -1.11950312843326        0.23823607597911
C           -0.10498427916567       -0.67054630932952       -1.07664684471924
C           -0.10448850831258        0.66976383000432       -1.07710233377006
C           -0.71180722098088        1.12008579823380        0.23745485404728
C           -1.77233957522501        0.00071977422832        0.41572686827492
Cl          -3.02314253115157        0.00072399571346       -0.83865400152604
Cl          -2.58940571510388        0.00153582095162        1.99588314696232
Cl          -1.31703780069856        2.77318563290200        0.26743842470629
Cl           0.43518857787140        1.72184421054291       -2.29256001041260
Cl           0.43390369361412       -1.72388031886548       -2.29136800364422
Cl          -1.31898045865066       -2.77215930424275        0.26944697423017
H            2.19694082303273        1.28175435639223        2.21524562497293
H            1.39677652622653        2.60252417452956        1.32728361654342
H            2.19625420129731       -1.28189713333900        2.21577426728121
H            1.39527894481128       -2.60248125072249        1.32825819826753
25
 energy: -65.129843002530 gnorm: 0.007727945862 xtb: 6.7.1 (edcfbbe)
C            1.59378912244798        1.52275062796138        1.31869162150245
C            0.25962303462714        0.77928014891693        1.41509521864805
H           -0.20843917477551        1.13100880838053        2.33882388263232
C            0.25916869908524       -0.77854855089642        1.41556150246680
H           -0.20895779166491       -1.12946877644749        2.33956289887121
C            1.59290141026678       -1.52282588630476        1.31936406542363
O            2.32415715052367       -1.25379596603933        0.15722842150189
S            3.41777670914554       -0.00078630009976        0.23228550609304
O            3.91727237043651       -0.00065048641422        1.58099843374141
O            2.32494230371064        1.25288562896491        0.15668854315228
C           -0.71152323547680       -1.11228514690162        0.25057948610841
C           -0.08431478393129       -0.67113288826061       -1.05389177216955
C           -0.08383250117984        0.67037864340080       -1.05434146504942
C           -0.71075564244102        1.11287534407179        0.24981723250585
C           -1.76963961680466        0.00071125446080        0.41124421337050
Cl          -2.99742847813116        0.00069952686382       -0.85460862701447
Cl          -2.59921474024015        0.00150756733645        1.96760651931824
Cl          -1.30913360692876        2.75834168947183        0.26824897477841
Cl           0.46679968680542        1.73013310899578       -2.24787638144104
Cl           0.46553496411425       -1.73209809040307       -2.24669959788295
Cl          -1.31103536524918       -2.75732632242913        0.27020494334196
H            2.21534547005303        1.27228220577536        2.18970372897283
H            1.39064347129247        2.59760072189730        1.32355607542043
H            2.21465206936274       -1.27240751442080        2.19025168716993
H            1.38913315325224       -2.59755714494593        1.32461288319433
25
 energy: -65.129987473069 gnorm: 0.003058387558 xtb: 6.7.1 (edcfbbe)
C            1.59191287193398        1.52373187182197        1.31339019802712
C            0.25697239952095        0.77940437567510        1.42173928918686
H           -0.20691729070345        1.13328397712325        2.34701493725717
C            0.25651735557438       -0.77866646691406        1.42220864336557
H           -0.20745490251469       -1.13173480129603        2.34775080137358
C            1.59102082485026       -1.52381409025404        1.31409709322601
O            2.31137431911289       -1.25401864311757        0.14577093786110
S            3.40424511347287       -0.00080584856382        0.22162702800112
O            3.90182637071654       -0.00065575900503        1.56913765413327
O            2.31215846425323        1.25306250081749        0.14520131430198
C           -0.71059432240144       -1.11450061532132        0.25366507805389
C           -0.07763880726083       -0.67120112505216       -1.04966199829765
C           -0.07716613112071        0.67047329027381       -1.05010381538611
C           -0.70983806610191        1.11509686685709        0.25291187063050
C           -1.76851150671141        0.00070776093775        0.41332454699062
Cl          -2.98489238417827        0.00068731456879       -0.86471470461781
Cl          -2.60105419982930        0.00149571410834        1.96680488064067
Cl          -1.30827964558278        2.76002065706209        0.27209722681586
Cl           0.48517775376821        1.73219100680931       -2.23501796932589
Cl           0.48393966964122       -1.73411311578124       -2.23386146583472
Cl          -1.31015030510924       -2.75900625504098        0.27401477467752
H            2.21602566704578        1.27519610737632        2.18332470386987
H            1.38749348334730        2.59863699788513        1.32347674579074
H            2.21532185372612       -1.27530182835194        2.18390284016660
H            1.38597609285072       -2.59859768968369        1.32460738374867
25
 energy: -65.130004047649 gnorm: 0.001432234321 xtb: 6.7.1 (edcfbbe)
C            1.59238675516047        1.52426401837991        1.31258018387797
C            0.25741704342458        0.77941316122856        1.42312258185539
H           -0.20476938128389        1.13347077377305        2.34907191364075
C            0.25695950787935       -0.77867287117732        1.42359154773427
H           -0.20532892435378       -1.13191486941646        2.34979954851414
C            1.59149067752590       -1.52435207651120        1.31332100326760
O            2.30787205172523       -1.25486154351704        0.14220446201788
S            3.40059138065272       -0.00082583002806        0.21785743659790
O            3.89942728193185       -0.00065999037710        1.56528880744745
O            2.30865238903209        1.25385786186789        0.14160466511460
C           -0.71149680872078       -1.11486055530880        0.25536195705512
C           -0.07570781287886       -0.67108350620876       -1.04768771584303
C           -0.07524511124470        0.67038176031478       -1.04812388962042
C           -0.71075266682014        1.11546131651863        0.25462069429453
C           -1.77131559027744        0.00070301892681        0.41196213360621
Cl          -2.98572197577022        0.00068066579270       -0.86962747415942
Cl          -2.60849323794368        0.00148290799958        1.96236662001050
Cl          -1.30912646830830        2.76029878055644        0.27436377163072
Cl           0.49134363255465        1.73339938727172       -2.22933420776180
Cl           0.49013138845483       -1.73527390482399       -2.22819324856345
Cl          -1.31096630403466       -2.75928623004710        0.27624409060604
H            2.21877228365563        1.27663687166552        2.18100910022589
H            1.38740563853703        2.59922515611694        1.32424192237786
H            2.21805747987842       -1.27672251607261        2.18161806271295
H            1.38588144952410       -2.59918958398955        1.32544402801693
25
 energy: -65.130006519077 gnorm: 0.000559058604 xtb: 6.7.1 (edcfbbe)
C            1.59215170630310        1.52405059058542        1.31322937663025
C            0.25712450780922        0.77932793147716        1.42319199295332
H           -0.20526653777439        1.13314341544114        2.34905536931186
C            0.25666534323651       -0.77858607980408        1.42366202416491
H           -0.20584974283801       -1.13158154854188        2.34977497471276
C            1.59125289240199       -1.52414518520026        1.31400840344252
O            2.30744915829269       -1.25542057327017        0.14263439433101
S            3.40045051052858       -0.00084805786962        0.21721372275308
O            3.90100121883167       -0.00066325883309        1.56447321727729
O            2.30822255319578        1.25436278316794        0.14200049363738
C           -0.71142255019047       -1.11512388889124        0.25495693479677
C           -0.07616336039886       -0.67097673200191       -1.04862088472681
C           -0.07571185562309        0.67030487916534       -1.04905119482782
C           -0.71069263382864        1.11572904154427        0.25422783186593
C           -1.77113523450202        0.00069822056001        0.41199524229065
Cl          -2.98507902666574        0.00067505685963       -0.87102884080377
Cl          -2.60644306578614        0.00146772660535        1.96251561275121
Cl          -1.30929244881107        2.76029274574363        0.27453065036442
Cl           0.49099844161692        1.73420805052688       -2.22895637839014
Cl           0.48981824530895       -1.73602917741611       -2.22783189001811
Cl          -1.31109631030992       -2.75928313766432        0.27637108072546
H            2.21917428993969        1.27623206340945        2.18085430143235
H            1.38719457483628        2.59905597277193        1.32536136259316
H            2.21844953800741       -1.27629340465256        2.18149777808936
H            1.38566446471999       -2.59902523077836        1.32664241929952
25
 energy: -65.130007258727 gnorm: 0.000275674916 xtb: 6.7.1 (edcfbbe)
C            1.59223064646887        1.52378589998156        1.31349959044594
C            0.25713159089341        0.77928977845866        1.42320777907372
H           -0.20560195187510        1.13331944486836        2.34881027093875
C            0.25666948373975       -0.77854502744836        1.42367869487822
H           -0.20621079509914       -1.13174858171513        2.34952241075421
C            1.59132693734928       -1.52388616652962        1.31431634266434
O            2.30752526559192       -1.25562466768226        0.14292696323288
S            3.40082251041941       -0.00087147977282        0.21643875160747
O            3.90229959393465       -0.00066880272045        1.56339622050222
O            2.30829472298817        1.25451324249285        0.14226044431109
C           -0.71134340006722       -1.11502789024487        0.25495442730901
C           -0.07577804356994       -0.67095726359499       -1.04855831676570
C           -0.07533977435910        0.67031438640311       -1.04898313501281
C           -0.71062842854316        1.11563699639463        0.25423831127161
C           -1.77098332099566        0.00069299400726        0.41246535100247
Cl          -2.98509691995882        0.00066874863843       -0.87080695794411
Cl          -2.60805243381843        0.00145053104572        1.96137643897128
Cl          -1.30909416386137        2.76003892181454        0.27409440444382
Cl           0.49026632871695        1.73474586300080       -2.22861553466494
Cl           0.48912243218584       -1.73651258914180       -2.22750736959885
Cl          -1.31086160719184       -2.75903349423077        0.27589394976423
H            2.21915708002671        1.27539349834111        2.18094077576006
H            1.38736319152525        2.59881166524783        1.32609034284256
H            2.21842137431412       -1.27542887069809        2.18161769094576
H            1.38582435948587       -2.59878493398117        1.32745014792334
25
 energy: -65.130007408161 gnorm: 0.000112454875 xtb: 6.7.1 (edcfbbe)
C            1.59225015051057        1.52364204930365        1.31359226330206
C            0.25704082297438        0.77929003330881        1.42334657037467
H           -0.20572336670696        1.13337690672014        2.34894766381160
C            0.25657761787294       -0.77854356783987        1.42381939692161
H           -0.20634734826296       -1.13180074139806        2.34965613286970
C            1.59134369723425       -1.52374684475704        1.31443402037073
O            2.30729314407686       -1.25562926549190        0.14283992103046
S            3.40065793671337       -0.00088573978344        0.21593180926448
O            3.90245497344148       -0.00067047305542        1.56265461138589
O            2.30805882577007        1.25448365234601        0.14215106899740
C           -0.71138682344123       -1.11496092253261        0.25508191819188
C           -0.07579236361410       -0.67097507688588       -1.04838433392579
C           -0.07536159682527        0.67035285034752       -1.04880433225714
C           -0.71068109117659        1.11557382117709        0.25437281391343
C           -1.77106121879273        0.00069060260695        0.41215730846297
Cl          -2.98498742132669        0.00066543853935       -0.87154201764403
Cl          -2.60777369640866        0.00143944446515        1.96103256633999
Cl          -1.30895587719725        2.76001271249714        0.27410163395947
Cl           0.49023414955856        1.73482681209798       -2.22840678370558
Cl           0.48911683230979       -1.73656226952890       -2.22731184470566
Cl          -1.31070076739357       -2.75900921100725        0.27587538777668
H            2.21912684919407        1.27489573145535        2.18106679200211
H            1.38762059166973        2.59869800115219        1.32646035140078
H            2.21838469943037       -1.27491693563423        2.18176574503216
H            1.38607595869000       -2.59867480516817        1.32786933148671
25
 energy: -65.130007446604 gnorm: 0.000051128710 xtb: 6.7.1 (edcfbbe)
C            1.59223699166560        1.52356935312700        1.31366509033366
C            0.25697375692657        0.77929915376187        1.42336486691057
H           -0.20573346795170        1.13336740779335        2.34900827268427
C            0.25650944754572       -0.77855135517879        1.42383749020027
H           -0.20636949480224       -1.13178699723564        2.34971236181016
C            1.59132840896195       -1.52367675974029        1.31452539660699
O            2.30716811083097       -1.25566720824173        0.14282424900258
S            3.40051627702791       -0.00089666654693        0.21577028643934
O            3.90259542067833       -0.00067188049781        1.56236768530985
O            2.30793110754943        1.25449627617509        0.14211886717876
C           -0.71137982427586       -1.11498173776023        0.25503282104766
C           -0.07578146109989       -0.67096768886636       -1.04843123796922
C           -0.07535626906952        0.67035961014404       -1.04884895566360
C           -0.71068176221423        1.11559551716300        0.25433021230896
C           -1.77104820728928        0.00068721328437        0.41221396064337
Cl          -2.98485588000712        0.00066283068481       -0.87168690320041
Cl          -2.60796661384485        0.00143232677241        1.96100168151388
Cl          -1.30901821944751        2.76005296408138        0.27418721671814
Cl           0.49031928158922        1.73476087806182       -2.22853055012929
Cl           0.48921783771746       -1.73647052015962       -2.22744403500750
Cl          -1.31074579300255       -2.75905189840242        0.27594193613035
H            2.21916140737905        1.27463524229676        2.18107916465022
H            1.38778955513691        2.59864712471891        1.32671353322930
H            2.21841383787942       -1.27464525290531        2.18179500396699
H            1.38624023041663       -2.59862572959514        1.32815957994130
