17
 energy: -326.822767934448 gnorm: 0.022783713025 xtb: 6.7.1 (edcfbbe)
C           -2.88486250277836       -0.07564709243352       -0.00725102940321
C           -1.39051869661618        0.00292713570130        0.00288716100128
C           -0.71284767061588        1.21685961763922        0.00341195960151
C            0.66988590319684        1.22600660734328        0.00298089290132
C            1.35346075089975        0.01281197200568        0.00139481540062
N            0.71079575281497       -1.14733999860842        0.00323519940143
C           -0.60876720826976       -1.14774543940860        0.00412207680183
C            2.84959564596273       -0.04098967141816       -0.00636250450282
H           -3.23825475363496       -0.72717994292223        0.79033696955022
H           -3.32582234257376        0.90993394340322        0.12214248575412
H           -3.23323159893273       -0.48937493521685       -0.95345058142250
H           -1.26535812306071        2.14689296995134        0.00470303660208
H            1.21659293023910        2.15744258885602        0.00397211740176
H           -1.07164594927487       -2.12732621044267        0.00649503550288
H            3.25603564254284        0.52642750033327        0.82903144226737
H            3.17530264510706       -1.07422455247602        0.06611675512930
H            3.23695904823438        0.39050830127304       -0.92840862281140
17
 energy: -326.823641734826 gnorm: 0.007523452403 xtb: 6.7.1 (edcfbbe)
C           -2.89538887799986       -0.07686581742566       -0.00840124628771
C           -1.39667355124062        0.00251737108368        0.00299355946145
C           -0.71210971253185        1.21594744362440        0.00320138070943
C            0.67438466809954        1.22390432846179        0.00280501628462
C            1.36302546192803        0.00891086012924        0.00175050451966
N            0.71507218658923       -1.15878569333016        0.00329794830490
C           -0.61508504881759       -1.15236371323066        0.00433886637508
C            2.86376941881650       -0.03614147127462       -0.00654943746629
H           -3.25923498748964       -0.72838357170805        0.79037098214061
H           -3.34227140185425        0.90992217977557        0.12316001794008
H           -3.25560065015760       -0.48876649709582       -0.95588834595198
H           -1.26552427644410        2.15031504568237        0.00551819760995
H            1.22235798953263        2.16023420485456        0.00475625222025
H           -1.09219592317063       -2.13188197023662        0.00838040339895
H            3.27751391065817        0.53496551017756        0.82895984631501
H            3.19663653094942       -1.07082722712028        0.06680006879013
H            3.25864398412402        0.39728157358494       -0.93013714411134
17
 energy: -326.823731942277 gnorm: 0.001529568378 xtb: 6.7.1 (edcfbbe)
C           -2.89955831408910       -0.07692318390860       -0.00896669066934
C           -1.39896031730050        0.00219487632745        0.00250050395956
C           -0.71225273767541        1.21549442921138        0.00314263136620
C            0.67505634990131        1.22185268726996        0.00308493409611
C            1.36630249782677        0.00678514740415        0.00155239630564
N            0.71812298448335       -1.16538395536775        0.00369794892927
C           -0.61641741040928       -1.15364290584168        0.00493015539154
C            2.86904326700835       -0.03506624842248       -0.00676263994048
H           -3.26792799799483       -0.72890014142857        0.78955374221683
H           -3.34931327860178        0.91001595201436        0.12476909532105
H           -3.26514674503460       -0.48647322220382       -0.95720884179900
H           -1.26492698236782        2.15175818367128        0.00534315291935
H            1.22321755213346        2.15978314955544        0.00536571705873
H           -1.10031534491996       -2.13189863916520        0.00939833729825
H            3.28440439485082        0.53927827252615        0.82797188206842
H            3.20969596760598       -1.06856888036819        0.06774738091596
H            3.26629595544479        0.39967698285116       -0.93076304413199
17
 energy: -326.823735582520 gnorm: 0.000485396508 xtb: 6.7.1 (edcfbbe)
C           -2.89973931117537       -0.07691703361139       -0.00918364641246
C           -1.39909111351199        0.00198620331408        0.00227435222568
C           -0.71219159536470        1.21523195375669        0.00283705003601
C            0.67491155547726        1.22045485896996        0.00308673319425
C            1.36613158755133        0.00574878671686        0.00178474742141
N            0.71866763801053       -1.16773075116617        0.00405824231374
C           -0.61640992339144       -1.15368633954344        0.00500927834131
C            2.86898670350844       -0.03464401659432       -0.00688436978375
H           -3.26844604763551       -0.73009660272760        0.78819474945834
H           -3.34896823821504        0.91008815369456        0.12674125039643
H           -3.26601654825423       -0.48402187376201       -0.95819431661615
H           -1.26365071986353        2.15205529714172        0.00505983135786
H            1.22338629435137        2.15807076596705        0.00571048664222
H           -1.10178478928180       -2.13102188726762        0.01034966493117
H            3.28360995830690        0.54165511901442        0.82696139347064
H            3.21229786119536       -1.06709432076062        0.06887418011083
H            3.26562651550981        0.39990424488730       -0.93132306358772
17
 energy: -326.823735582520 gnorm: 0.000485396508 xtb: 6.7.1 (edcfbbe)
C           -2.89973931117537       -0.07691703361139       -0.00918364641246
C           -1.39909111351199        0.00198620331408        0.00227435222568
C           -0.71219159536470        1.21523195375669        0.00283705003601
C            0.67491155547726        1.22045485896996        0.00308673319425
C            1.36613158755133        0.00574878671686        0.00178474742141
N            0.71866763801053       -1.16773075116617        0.00405824231374
C           -0.61640992339144       -1.15368633954344        0.00500927834131
C            2.86898670350844       -0.03464401659432       -0.00688436978375
H           -3.26844604763551       -0.73009660272760        0.78819474945834
H           -3.34896823821504        0.91008815369456        0.12674125039643
H           -3.26601654825423       -0.48402187376201       -0.95819431661615
H           -1.26365071986353        2.15205529714172        0.00505983135786
H            1.22338629435137        2.15807076596705        0.00571048664222
H           -1.10178478928180       -2.13102188726762        0.01034966493117
H            3.28360995830690        0.54165511901442        0.82696139347064
H            3.21229786119536       -1.06709432076062        0.06887418011083
H            3.26562651550981        0.39990424488730       -0.93132306358772
