15
 energy: -731.058958193508 gnorm: 0.020976513554 xtb: 6.7.1 (edcfbbe)
C           -2.67346089058468        0.00206852570092       -0.40548520257968
C           -2.01772543759411       -1.19695972243040       -0.18283760698102
C           -0.70927079451430       -1.19937409503147        0.26569859591774
C           -0.04349952831928       -0.00188774760084        0.50000725722157
C           -0.70677500361319        1.19761185093069        0.26888007521915
C           -2.01525939859301        1.19912380903136       -0.17954161257956
C            1.37883124861100       -0.00391242420173        0.95391499082271
Cl           2.46645461689295        0.00135964680060       -0.48316598741410
H           -3.69471901093723        0.00358646700159       -0.75637071473517
H           -2.52629546711947       -2.13300252704519       -0.36028702125965
H           -0.19711555128735       -2.13554352894632        0.43453573849255
H           -0.19271973138540        2.13225153104486        0.44037502559514
H           -2.52185382181750        2.13668977214682       -0.35456886335712
H            1.62805874832144       -0.90070335489913        1.51950292947333
H            1.62842782972160        0.88857669679375        1.52608246267625
15
 energy: -731.059839331916 gnorm: 0.010285902633 xtb: 6.7.1 (edcfbbe)
C           -2.68125371987885        0.00206208868721       -0.40790657264560
C           -2.02371992619806       -1.20223536053369       -0.18198403858137
C           -0.71100697841236       -1.20381994940452        0.27039387926442
C           -0.04286775333649       -0.00187714556016        0.50129069489804
C           -0.70857783593196        1.20206468339495        0.27372794419452
C           -2.02123563921964        1.20440232607544       -0.17873158698821
C            1.38450594957418       -0.00384026968661        0.94232848751438
Cl           2.51243550781278        0.00123419598956       -0.48699653434732
H           -3.70632846600993        0.00358404718670       -0.76027869442330
H           -2.53396799270870       -2.14205214159949       -0.35974812801206
H           -0.19399377587427       -2.14353922295957        0.43540489072397
H           -0.18960304666392        2.14026101729209        0.44122912836829
H           -2.52955566261323        2.14574475830702       -0.35392840917344
H            1.62389900972807       -0.89645758608313        1.52268390940277
H            1.62434855338898        0.88435354852615        1.52925545887712
15
 energy: -731.059996281146 gnorm: 0.005296758397 xtb: 6.7.1 (edcfbbe)
C           -2.68622386341634        0.00205578588097       -0.40577019905130
C           -2.02738393682968       -1.20437373056887       -0.18106489191573
C           -0.71019890398427       -1.20557736253723        0.26453576969496
C           -0.03945503168435       -0.00184708077937        0.49132324469000
C           -0.70780004762188        1.20386765262188        0.26788461729714
C           -2.02493349054519        1.20655377328793       -0.17776218591738
C            1.38349975499817       -0.00384754879927        0.94553440367044
Cl           2.53581793734907        0.00106805523013       -0.47968396481898
H           -3.71303479009971        0.00357325776427       -0.75798541520817
H           -2.53963225907474       -2.14544936019950       -0.35595715992103
H           -0.19244365950107       -2.14658125546865        0.43143213512880
H           -0.18810554102723        2.14334618645782        0.43732295626842
H           -2.53527412843730        2.14914090703701       -0.35008011071655
H            1.62386951600479       -0.89735936692983        1.52527880933295
H            1.62437723834085        0.88531523122170        1.53173273664509
15
 energy: -731.060037018871 gnorm: 0.002157852608 xtb: 6.7.1 (edcfbbe)
C           -2.68763841335083        0.00205052908883       -0.40416288561826
C           -2.02781074009250       -1.20451359370481       -0.18218736361308
C           -0.70946694238973       -1.20562151370048        0.26028851945035
C           -0.03813032870637       -0.00182866515948        0.48680108439311
C           -0.70709117364802        1.20394446569131        0.26366125385536
C           -2.02538484672516        1.20670214893713       -0.17885341869422
C            1.38070693718535       -0.00385916119979        0.94943439168704
Cl           2.54735717575753        0.00092682738327       -0.47424929741961
H           -3.71628168426015        0.00355966630993       -0.75134999625591
H           -2.54160904870851       -2.14545779214735       -0.35349437778634
H           -0.19169941732708       -2.14664724421777        0.42680254319251
H           -0.18740476802530        2.14345160925865        0.43275352232697
H           -2.53730092651712        2.14914234755692       -0.34756339321337
H            1.62214168900330       -0.89841696561008        1.52627067509748
H            1.62269170176660        0.88645260779249        1.53258967957297
15
 energy: -731.060046443591 gnorm: 0.000435186422 xtb: 6.7.1 (edcfbbe)
C           -2.68759376103484        0.00204745678491       -0.40247169850500
C           -2.02736980442432       -1.20407948229336       -0.18243788263259
C           -0.70902812080920       -1.20529261385049        0.25828396429343
C           -0.03785180420176       -0.00181974241469        0.48548397097951
C           -0.70666824073005        1.20363120497796        0.26168706874341
C           -2.02496232558844        1.20626870706130       -0.17906970265832
C            1.37847947568905       -0.00385815365491        0.95184791494975
Cl           2.55026951803221        0.00080208100519       -0.47226004922965
H           -3.71700700028106        0.00355136788885       -0.74633506813145
H           -2.54120782854019       -2.14460368598152       -0.35349059923628
H           -0.19121112960616       -2.14602972647192        0.42357878146206
H           -0.18694962009895        2.14285704928999        0.42958740353201
H           -2.53693503380847        2.14828206009949       -0.34750526184162
H            1.62026622325983       -0.89896704141460        1.52682719933622
H            1.62084887873246        0.88709584256583        1.53301495741256
15
 energy: -731.060046975920 gnorm: 0.000272607813 xtb: 6.7.1 (edcfbbe)
C           -2.68730892445669        0.00204767052662       -0.40172348199144
C           -2.02697235344905       -1.20379225931285       -0.18254121389121
C           -0.70894362829086       -1.20509999439058        0.25808324628222
C           -0.03810628865072       -0.00181572009824        0.48605331275047
C           -0.70659772649089        1.20344352607926        0.26152131721490
C           -2.02457976871928        1.20598110910644       -0.17913823933278
C            1.37758814436298       -0.00384901528894        0.95255438743357
Cl           2.54918223857642        0.00068115525545       -0.47248623734026
H           -3.71683938804426        0.00354825693078       -0.74444238026339
H           -2.54042867654618       -2.14417301806296       -0.35426918985696
H           -0.19091459223222       -2.14568516706402        0.42247250929735
H           -0.18668224133424        2.14252152298169        0.42854128938112
H           -2.53618398319117        2.14784879666133       -0.34822174932902
H            1.61962648795474       -0.89899188894502        1.52714348516074
H            1.62024016265736        0.88722035550814        1.53319393246356
15
 energy: -731.060046975920 gnorm: 0.000272607813 xtb: 6.7.1 (edcfbbe)
C           -2.68730892445669        0.00204767052662       -0.40172348199144
C           -2.02697235344905       -1.20379225931285       -0.18254121389121
C           -0.70894362829086       -1.20509999439058        0.25808324628222
C           -0.03810628865072       -0.00181572009824        0.48605331275047
C           -0.70659772649089        1.20344352607926        0.26152131721490
C           -2.02457976871928        1.20598110910644       -0.17913823933278
C            1.37758814436298       -0.00384901528894        0.95255438743357
Cl           2.54918223857642        0.00068115525545       -0.47248623734026
H           -3.71683938804426        0.00354825693078       -0.74444238026339
H           -2.54042867654618       -2.14417301806296       -0.35426918985696
H           -0.19091459223222       -2.14568516706402        0.42247250929735
H           -0.18668224133424        2.14252152298169        0.42854128938112
H           -2.53618398319117        2.14784879666133       -0.34822174932902
H            1.61962648795474       -0.89899188894502        1.52714348516074
H            1.62024016265736        0.88722035550814        1.53319393246356
