14
 energy: -20.786080238304 gnorm: 0.030693533827 xtb: 6.7.1 (edcfbbe)
C           -2.56513764353232       -0.61658990675868       -0.17467798698256
C           -1.38759665226799        0.29714847077642        0.07355831619963
O           -0.18290788111403       -0.47883696404544       -0.16366399123483
C            0.98121085152784        0.18774305259910        0.02400267882610
O            1.04294975379558        1.34964566551859        0.35150086864358
C            2.15861034435034       -0.71779332975851       -0.21314571575196
H           -3.49650557990823       -0.06785464392475       -0.00682049359955
H           -2.56317407663144       -0.98573575320824       -1.20372149113770
H           -2.54350939676007       -1.47475111572488        0.50235354221328
H           -1.36552846105695        0.67304022839564        1.10186599543426
H           -1.38627517119669        1.16141398479936       -0.59891419710320
H            2.21256703767079       -1.45604920648763        0.59299797865690
H            3.07297087324518       -0.12632077904346       -0.22520482264007
H            2.04155576618783       -1.26552084798560       -1.15113504991791
14
 energy: -20.786825792711 gnorm: 0.011699165347 xtb: 6.7.1 (edcfbbe)
C           -2.56940671337333       -0.61484630413710       -0.17446997063093
C           -1.38196409725925        0.28968538929780        0.07085869998230
O           -0.17920720607869       -0.47009549114544       -0.15780529093451
C            0.97865759825133        0.18676806491107        0.02799821417161
O            1.04016343421454        1.34274724649308        0.35092814220250
C            2.15607234469925       -0.71682062605946       -0.21196381394374
H           -3.49463144104633       -0.06556260296074       -0.00744030489049
H           -2.55872025386491       -0.98300801505745       -1.19831169796346
H           -2.54019391683204       -1.46816664060269        0.50002642678446
H           -1.36187273357819        0.66362302437749        1.09958509662898
H           -1.38009035098974        1.15053628148873       -0.60547232752098
H            2.21009729289480       -1.44981698882543        0.59257926074190
H            3.06977270008930       -0.12977328095800       -0.22900858583829
H            2.03055310718311       -1.25573120166994       -1.14850821718337
14
 energy: -20.786949036425 gnorm: 0.003838367817 xtb: 6.7.1 (edcfbbe)
C           -2.56679671886940       -0.61707756537743       -0.17523298125631
C           -1.37648148600502        0.28780824246778        0.07038224304797
O           -0.17827947332204       -0.46454868673037       -0.15362862197372
C            0.97501380108767        0.18774016252635        0.02921800328497
O            1.03816475405204        1.34273787779770        0.35311594634478
C            2.15198472371118       -0.71849531120134       -0.21190274509001
H           -3.48629472170729       -0.06408594835971       -0.00831997527673
H           -2.55354267929146       -0.98455845930615       -1.19730320512804
H           -2.53615343913896       -1.46779554928133        0.49944281794009
H           -1.36291827042358        0.66394439179054        1.09897142586227
H           -1.37875994180634        1.14787684804714       -0.60769893197947
H            2.20652825821030       -1.44895882795803        0.59204781491204
H            3.06514296711215       -0.13259639014241       -0.23159536821536
H            2.02162199070061       -1.25245192912083       -1.14850079086653
14
 energy: -20.786962504576 gnorm: 0.001103127251 xtb: 6.7.1 (edcfbbe)
C           -2.56546378667696       -0.61835578056203       -0.17582675179367
C           -1.37510589960169        0.28825494478455        0.07038438623121
O           -0.17821220232933       -0.46253672283996       -0.15081444397208
C            0.97451354017947        0.18810769776743        0.03197527141811
O            1.04015482390105        1.34416854455921        0.35491761476780
C            2.15107313046702       -0.71946776888869       -0.21240819623532
H           -3.48466586120022       -0.06486103804771       -0.00980224730615
H           -2.55077209667856       -0.98640101475348       -1.19779613799963
H           -2.53449847257127       -1.46853623251559        0.49970589167882
H           -1.36625686720058        0.66690042577383        1.09851991246582
H           -1.38002762280273        1.14865442673286       -0.60788119086850
H            2.20667037842764       -1.44970600705038        0.59156133954297
H            3.06462503771563       -0.13395688416307       -0.23450478412435
H            2.01719566268035       -1.25272573564504       -1.14903503219907
14
 energy: -20.786964617458 gnorm: 0.001032007096 xtb: 6.7.1 (edcfbbe)
C           -2.56416203581826       -0.61952470366430       -0.17620318760703
C           -1.37493770480401        0.28955110462955        0.07103479655390
O           -0.17852361088812       -0.46015980445404       -0.14880469556757
C            0.97479994092494        0.18957932792408        0.03200390911547
O            1.04381837673745        1.34537958673758        0.35739473877467
C            2.15042835379380       -0.72030130693445       -0.21290526789341
H           -3.48473464291416       -0.06722509495307       -0.01165484024035
H           -2.54782387172497       -0.98838367379801       -1.19824471660389
H           -2.53279134263795       -1.46954308292595        0.50009380228635
H           -1.36982108689488        0.67048501482565        1.09869647547962
H           -1.38202607181535        1.15012983516140       -0.60754025407272
H            2.20616860473710       -1.45093847391317        0.59109203500302
H            3.06485084173788       -0.13588392465768       -0.23651224858206
H            2.01398401387638       -1.25362594882566       -1.14945491504005
14
 energy: -20.786965521919 gnorm: 0.000358431429 xtb: 6.7.1 (edcfbbe)
C           -2.56406885830831       -0.61938766443502       -0.17635224050493
C           -1.37541453126054        0.28997045804924        0.07102001347542
O           -0.17864062457062       -0.46007371627829       -0.14823704973374
C            0.97500965234098        0.18932625811289        0.03371538893291
O            1.04429520627114        1.34527118260465        0.35755085601459
C            2.15027658100026       -0.72023131443304       -0.21311626025373
H           -3.48522347422627       -0.06783169141791       -0.01234030246026
H           -2.54718878489342       -0.98852429865600       -1.19825046117692
H           -2.53261261398170       -1.46925278479175        0.50009635316359
H           -1.37009406635201        0.67054276084333        1.09871699323046
H           -1.38183399527194        1.15035008645344       -0.60773137205527
H            2.20703193167049       -1.45059979471741        0.59105289344795
H            3.06461666143883       -0.13584637638538       -0.23790112770972
H            2.01307668045294       -1.25417424979684       -1.14922805276438
14
 energy: -20.786965755608 gnorm: 0.000193393541 xtb: 6.7.1 (edcfbbe)
C           -2.56398754813814       -0.61930623065139       -0.17636124137374
C           -1.37558906090925        0.29005937915529        0.07116018078821
O           -0.17860990050008       -0.45988462908088       -0.14848174886692
C            0.97506108533890        0.18958921380455        0.03322068164812
O            1.04423558678192        1.34511037899952        0.35793406381974
C            2.15005356982923       -0.72023218206461       -0.21312934889417
H           -3.48531095898970       -0.06808968380395       -0.01264958920579
H           -2.54665148249514       -0.98846014773231       -1.19815287528702
H           -2.53237277903817       -1.46905399491584        0.50008796365061
H           -1.36985576906000        0.67023023525894        1.09892168597298
H           -1.38175349735500        1.15031926428948       -0.60763273161530
H            2.20691980842067       -1.45024903067172        0.59128476914803
H            3.06440591152785       -0.13601412680851       -0.23827394176797
H            2.01268479889676       -1.25447959062664       -1.14893223641082
14
 energy: -20.786965900867 gnorm: 0.000090271684 xtb: 6.7.1 (edcfbbe)
C           -2.56376560608863       -0.61942445543145       -0.17651586407569
C           -1.37560893918926        0.29026369136279        0.07127719880514
O           -0.17859899981506       -0.45953908182180       -0.14827952101276
C            0.97509528112482        0.18974697967037        0.03353836251057
O            1.04452594049686        1.34519915292622        0.35859116563726
C            2.14985806509331       -0.72033522999749       -0.21325251921103
H           -3.48526779796445       -0.06839283163717       -0.01325965313517
H           -2.54589257025356       -0.98875672528937       -1.19824056153388
H           -2.53215708209417       -1.46904570528279        0.50010424198157
H           -1.37018656245631        0.67044652864875        1.09904533164312
H           -1.38189696835241        1.15057684024437       -0.60745814446945
H            2.20724340325584       -1.44989431527213        0.59153876993722
H            3.06429832155659       -0.13626868470479       -0.23942990559713
H            2.01158327899626       -1.25503730826359       -1.14866326987380
14
 energy: -20.786966232916 gnorm: 0.000125138582 xtb: 6.7.1 (edcfbbe)
C           -2.56328807163722       -0.61961068767837       -0.17705743604861
C           -1.37573432116487        0.29074661155320        0.07163951186250
O           -0.17855366748345       -0.45870492914952       -0.14812403766616
C            0.97523815890595        0.19007194993868        0.03443822350432
O            1.04514784917820        1.34518088074928        0.36084413165880
C            2.14944271737324       -0.72051515512354       -0.21362881357564
H           -3.48529694017056       -0.06898978459016       -0.01525308867871
H           -2.54385018000089       -0.98946043294503       -1.19859403993349
H           -2.53202320831419       -1.46890313268676        0.50003676968663
H           -1.37084482424449        0.67050617836531        1.09956844417334
H           -1.38225917010048        1.15141113141628       -0.60665453549345
H            2.20904740658232       -1.44806507056968        0.59285463156384
H            3.06395983623460       -0.13668795611795       -0.24373825021127
H            2.00824417915167       -1.25744074800984       -1.14733587923614
14
 energy: -20.786966615825 gnorm: 0.000208580224 xtb: 6.7.1 (edcfbbe)
C           -2.56298327748110       -0.61963894160795       -0.17773354401329
C           -1.37579984730525        0.29100473598799        0.07196064257618
O           -0.17852908105679       -0.45803341685877       -0.14852208541323
C            0.97531887468343        0.19019425265041        0.03531314765377
O            1.04550036738119        1.34478542247710        0.36358426306480
C            2.14915110851149       -0.72060373232027       -0.21401365663806
H           -3.48528325042671       -0.06911888180239       -0.01731173758248
H           -2.54213422601175       -0.98988482363611       -1.19910599113408
H           -2.53238218459182       -1.46866612751958        0.49973723881367
H           -1.37112818370905        0.66986225749522        1.10022215969475
H           -1.38257011437448        1.15228684865808       -0.60555233528962
H            2.21194254395659       -1.44520078069850        0.59492891836174
H            3.06339468654133       -0.13659492211632       -0.24920827752315
H            2.00473234819278       -1.26085303555703       -1.14530311096502
14
 energy: -20.786967743962 gnorm: 0.000502977627 xtb: 6.7.1 (edcfbbe)
C           -2.56246128847292       -0.61935829009331       -0.18018536888812
C           -1.37595115207091        0.29137234723927        0.07291711343022
O           -0.17850872805517       -0.45636487704218       -0.15078226398890
C            0.97548982790068        0.19006797395308        0.03807835585064
O            1.04618762772256        1.34268455874699        0.37340479241087
C            2.14858285317304       -0.72070745116813       -0.21524309855768
H           -3.48532990054837       -0.06861640187087       -0.02383782669679
H           -2.53753228798411       -0.99042147895122       -1.20119569109312
H           -2.53453846228553       -1.46786859981110        0.49808883192103
H           -1.37143363781818        0.66656246279498        1.10252791678309
H           -1.38345414144819        1.15513822952794       -0.60144649105685
H            2.22382792687466       -1.43380191928089        0.60320308731817
H            3.06116115536495       -0.13512132641240       -0.26933448663493
H            1.99318997195730       -1.27402637248025       -1.13719923919166
14
 energy: -20.786968965139 gnorm: 0.000635650437 xtb: 6.7.1 (edcfbbe)
C           -2.56249854248241       -0.61882232919997       -0.18221130265589
C           -1.37596201302051        0.29122515039883        0.07343837988846
O           -0.17858247669129       -0.45558448878994       -0.15335966448584
C            0.97543871341810        0.18943561344375        0.04004265667226
O            1.04617103604334        1.34032174152303        0.38137331399522
C            2.14846785159207       -0.72063459495535       -0.21606627651236
H           -3.48531998480690       -0.06742433184893       -0.02802371301939
H           -2.53539135785764       -0.98982229123756       -1.20318411483279
H           -2.53681008932385       -1.46739823468556        0.49607404626647
H           -1.37103863722900        0.66309720687394        1.10426363629851
H           -1.38394426999419        1.15720973451077       -0.59810160718602
H            2.23490414399021       -1.42341849043072        0.61042251538598
H            3.05887238524275       -0.13315270785826       -0.28606851432835
H            1.98492300542914       -1.28549312259212       -1.12960372388029
14
 energy: -20.786971807772 gnorm: 0.001025992307 xtb: 6.7.1 (edcfbbe)
C           -2.56349724978673       -0.61711883491225       -0.18630029241378
C           -1.37583922598519        0.29012778146756        0.07383029162180
O           -0.17885535117366       -0.45510360290537       -0.16002662429441
C            0.97508100244843        0.18712359435697        0.04351470685577
O            1.04520438638350        1.33421833714939        0.39764224018312
C            2.14897694479277       -0.72024933247292       -0.21730661413966
H           -3.48540553895398       -0.06377786737709       -0.03374547316875
H           -2.53446806697830       -0.98635316535271       -1.20781615364705
H           -2.54188195604488       -1.46693237434095        0.49055469675818
H           -1.36905887941183        0.65488427596768        1.10722046016486
H           -1.38455341028390        1.16078301538298       -0.59170875680709
H            2.25977818113511       -1.40042043887690        0.62585887948177
H            3.05338042426097       -0.12774611151633       -0.32034492128607
H            1.97036850390753       -1.30989642141814       -1.11237680770273
14
 energy: -20.786974735766 gnorm: 0.000372116266 xtb: 6.7.1 (edcfbbe)
C           -2.56505404551427       -0.61574784260546       -0.18764270000787
C           -1.37555464094525        0.28872462888181        0.07290024874882
O           -0.17915616368590       -0.45631260548119       -0.16453403186927
C            0.97451188173760        0.18491177812201        0.04407316489014
O            1.04343736727418        1.33022376482166        0.40363183316389
C            2.15009897283591       -0.71977510332155       -0.21712310819220
H           -3.48542999785525       -0.06085651283334       -0.03162074945718
H           -2.53906640914471       -0.98206870072036       -1.21022656518473
H           -2.54412310110145       -1.46752679509091        0.48668672422668
H           -1.36662606002006        0.65051602769676        1.10730439064475
H           -1.38431485909746        1.16122330259738       -0.59019498557442
H            2.27162617212784       -1.38964967122173        0.63187006716125
H            3.05011813436289       -0.12434126395566       -0.33248949302623
H            1.96876251333574       -1.31978215173750       -1.10363916391768
14
 energy: -20.786974089939 gnorm: 0.001980445507 xtb: 6.7.1 (edcfbbe)
C           -2.56642105164429       -0.61348031635653       -0.19261701349545
C           -1.37559618612590        0.28764671719155        0.07245494894709
O           -0.17950727758815       -0.45580146502951       -0.17250379568229
C            0.97411236191083        0.18165816830863        0.04879332784480
O            1.04253478972356        1.32201160255333        0.42425244050108
C            2.15087759832194       -0.71963498631901       -0.21793955898411
H           -3.48590734259703       -0.05779027423801       -0.03370206146372
H           -2.54120543108955       -0.97450886172509       -1.21714503488184
H           -2.54712355804087       -1.46878567244920        0.47724921100426
H           -1.36433589380145        0.64185723829428        1.10945866946431
H           -1.38483898937637        1.16485611550838       -0.58441896807799
H            2.30279425141695       -1.36035350110512        0.65076821448241
H            3.04251680788289       -0.11811140196378       -0.37479473960659
H            1.95132968531727       -1.35002450751799       -1.08086000844601
14
 energy: -20.786978109981 gnorm: 0.000312400388 xtb: 6.7.1 (edcfbbe)
C           -2.56534435691547       -0.61484229652604       -0.18994431818388
C           -1.37581140572629        0.28885524508621        0.07221087587116
O           -0.17923611532385       -0.45560337821411       -0.16736515442319
C            0.97452847121974        0.18358635839649        0.04690315461895
O            1.04375361141331        1.32649527654333        0.41371787498422
C            2.15023202298759       -0.72013769923120       -0.21709541199226
H           -3.48594127296523       -0.06135345194377       -0.02956585208223
H           -2.54124340740380       -0.97666003617143       -1.21425667891237
H           -2.54237908725114       -1.46954275040540        0.48057298822138
H           -1.36630683468343        0.64830010594472        1.10732008077853
H           -1.38457780028290        1.16260401303634       -0.58910623701525
H            2.28548220631843       -1.37607635381574        0.64048209848944
H            3.04633179917089       -0.12243579294507       -0.35229001491986
H            1.95974193375198       -1.33365038460241       -1.09258777382869
14
 energy: -20.786980413921 gnorm: 0.000241299101 xtb: 6.7.1 (edcfbbe)
C           -2.56522408045664       -0.61449575074430       -0.19140146374883
C           -1.37595873716762        0.28931935615968        0.07156680533142
O           -0.17933280992856       -0.45472711864141       -0.16936565076909
C            0.97443488106262        0.18304415164515        0.04874647900204
O            1.04390272430016        1.32449560318102        0.42016042905512
C            2.14999253804932       -0.72049663854637       -0.21702215854540
H           -3.48596348345464       -0.06235461024758       -0.02725631521461
H           -2.54297156730437       -0.97281807680417       -1.21698490506408
H           -2.54017126343386       -1.47147142062497        0.47617147744212
H           -1.36624567128032        0.64746809349900        1.10711725804545
H           -1.38498666866000        1.16385840419517       -0.58871512139379
H            2.29410829081257       -1.36777159241886        0.64579660937050
H            3.04369232824998       -0.12207342644433       -0.36451248286238
H            1.95395328352118       -1.34243811905611       -1.08530532904250
14
 energy: -20.786880030226 gnorm: 0.009320842015 xtb: 6.7.1 (edcfbbe)
C           -2.56527009707884       -0.61069507399185       -0.20511350634955
C           -1.37678430930341        0.29196453923996        0.06588936290464
O           -0.17975153249392       -0.44705056264135       -0.18962221285705
C            0.97397891748097        0.17750195590268        0.06485842621374
O            1.04496706492311        1.30547395212738        0.47824018815953
C            2.14879958105747       -0.72303932662166       -0.21607156087914
H           -3.48673541405941       -0.06946849333141       -0.00783856913676
H           -2.55870026514093       -0.93792031312854       -1.24198404608649
H           -2.52247034712246       -1.48770708789692        0.43626783596698
H           -1.36408289302316        0.63648857001841        1.10612619956913
H           -1.38971214911136        1.17529722633438       -0.58274475811626
H            2.37415243780107       -1.28960730069202        0.69538131933265
H            3.02023396560834       -0.11748931611444       -0.47799600014623
H            1.90060480477235       -1.42420991405268       -1.01639704696922
14
 energy: -20.786984817042 gnorm: 0.001492426491 xtb: 6.7.1 (edcfbbe)
C           -2.56490161309699       -0.61307072589730       -0.19733446757840
C           -1.37637424033493        0.29108288198673        0.06837157298133
O           -0.17944819099137       -0.45070541845244       -0.17840310368243
C            0.97431460383085        0.18096042542642        0.05593537841620
O            1.04469243619119        1.31655629795872        0.44544491520427
C            2.14918256364263       -0.72194453053961       -0.21607412469331
H           -3.48622810097345       -0.06739003442556       -0.01498399781494
H           -2.55174902707844       -0.95543624233634       -1.22865369752318
H           -2.52909017271896       -1.48026414556024        0.45673463114982
H           -1.36548624439711        0.64409261084886        1.10570749356274
H           -1.38751953073656        1.16899675777084       -0.58745031711484
H            2.32824966584127       -1.33406746650171        0.66734488871985
H            3.03321488818840       -0.12136983434984       -0.41319816824345
H            1.93037272694331       -1.37790172077660       -1.05444537177769
14
 energy: -20.786987113499 gnorm: 0.000576120118 xtb: 6.7.1 (edcfbbe)
C           -2.56470035337879       -0.61323792350104       -0.19710431075402
C           -1.37636522505567        0.29141200056078        0.06786162970127
O           -0.17947801947416       -0.45023670501525       -0.17925918091859
C            0.97432071408727        0.18119810359209        0.05553699959576
O            1.04466458073652        1.31676111733407        0.44502106225299
C            2.14901334229454       -0.72208650442973       -0.21571292549637
H           -3.48596557217013       -0.06841766779152       -0.01268401505920
H           -2.55312332713652       -0.95433667633950       -1.22873577779510
H           -2.52748277861686       -1.48113932650495        0.45575719186985
H           -1.36507188176463        0.64453165531790        1.10517156559521
H           -1.38792952180707        1.16921396084073       -0.58810190223502
H            2.32713281786844       -1.33443216544549        0.66682533648841
H            3.03296270324092       -0.12240622124992       -0.41157150202468
H            1.93125228548596       -1.37728479221622       -1.05400853961454
14
 energy: -20.786987705480 gnorm: 0.000119193289 xtb: 6.7.1 (edcfbbe)
C           -2.56468628280743       -0.61318555147616       -0.19733333706780
C           -1.37636166956435        0.29150548741694        0.06754199282575
O           -0.17944875980212       -0.44972911128695       -0.18031909509807
C            0.97435784582000        0.18116788694178        0.05573065171059
O            1.04465345449688        1.31629602022644        0.44618886663911
C            2.14895738469372       -0.72217188183105       -0.21551380248124
H           -3.48594451669612       -0.06884021586056       -0.01173102576235
H           -2.55370735318467       -0.95335237947061       -1.22923441249415
H           -2.52659902211885       -1.48157546408989        0.45472380278617
H           -1.36469306994522        0.64416065929284        1.10498765196747
H           -1.38852038759542        1.16960965517105       -0.58796771029094
H            2.32843436209077       -1.33261970024059        0.66758054001623
H            3.03236310177836       -0.12292697537087       -0.41362901022318
H            1.93042467714428       -1.37879957427043       -1.05202948092162
14
 energy: -20.786987834275 gnorm: 0.000057206751 xtb: 6.7.1 (edcfbbe)
C           -2.56466660766223       -0.61316187047220       -0.19746866453343
C           -1.37636028608352        0.29146350509248        0.06776799005701
O           -0.17945306434009       -0.44973149699572       -0.18017684032158
C            0.97438334894634        0.18116287251747        0.05582612118653
O            1.04468116575869        1.31633361366051        0.44612278147765
C            2.14892968379717       -0.72216288957828       -0.21557285043907
H           -3.48595224793497       -0.06865917493423       -0.01242368947897
H           -2.55323474764174       -0.95350441820349       -1.22931400160268
H           -2.52704935908605       -1.48147390532644        0.45474157369172
H           -1.36471385302821        0.64382463907964        1.10530944513502
H           -1.38846671257310        1.16973719262634       -0.58750470443214
H            2.32898203726717       -1.33207230246518        0.66765976043206
H            3.03207844096295       -0.12298658456481       -0.41443403832764
H            1.93007196592743       -1.37923032528417       -1.05153725123850
14
 energy: -20.786988096155 gnorm: 0.000162180130 xtb: 6.7.1 (edcfbbe)
C           -2.56461553165393       -0.61308257819031       -0.19782332482455
C           -1.37635699015730        0.29132901119101        0.06837360155139
O           -0.17945431117912       -0.44963728117197       -0.18017586219007
C            0.97445659632998        0.18129047787080        0.05559625110353
O            1.04474621488041        1.31637520285924        0.44610083579782
C            2.14887915657316       -0.72217085570465       -0.21572064512018
H           -3.48598328100741       -0.06820788735740       -0.01422013796053
H           -2.55195346824867       -0.95388947438500       -1.22951269934628
H           -2.52814234707831       -1.48114298294284        0.45480937129959
H           -1.36474521934092        0.64270351109840        1.10624423336684
H           -1.38847317906034        1.17020297177794       -0.58608099988064
H            2.33020834606933       -1.33050634985329        0.66822553142568
H            3.03153361415745       -0.12312849631518       -0.41656418225410
H            1.92913016402549       -1.38059641372481       -1.05025634136251
14
 energy: -20.786988542630 gnorm: 0.000234540353 xtb: 6.7.1 (edcfbbe)
C           -2.56454958746274       -0.61286575305183       -0.19868388804358
C           -1.37637209656676        0.29104114943644        0.06959522594371
O           -0.17948637370728       -0.44958546680801       -0.17988752520798
C            0.97453128144806        0.18126423282872        0.05588134103315
O            1.04483748084639        1.31640362963296        0.44619597838287
C            2.14879886246639       -0.72215536597017       -0.21612519650687
H           -3.48605561414370       -0.06720645661573       -0.01807506597272
H           -2.54930821115078       -0.95463631621682       -1.23003282141960
H           -2.53044577099505       -1.48036322469271        0.45483959469776
H           -1.36504162720579        0.64039054263497        1.10815268252982
H           -1.38829506354888        1.17118276575628       -0.58315539977552
H            2.33338215199973       -1.32688116713261        0.66960133278300
H            3.03036516372110       -0.12320151900144       -0.42184918526276
H            1.92686916860914       -1.38384819564812       -1.04746144157532
14
 energy: -20.786988891782 gnorm: 0.000147548981 xtb: 6.7.1 (edcfbbe)
C           -2.56458274631142       -0.61266210855500       -0.19936770873887
C           -1.37640169374640        0.29075595260908        0.07056572703135
O           -0.17953222147826       -0.44969089619433       -0.17949613356581
C            0.97450436295973        0.18125341878640        0.05588083982346
O            1.04484617125986        1.31626002932340        0.44658677326961
C            2.14875972365460       -0.72212200556762       -0.21640066464644
H           -3.48611791918392       -0.06644244202262       -0.02069094804481
H           -2.54762732621662       -0.95485532610434       -1.23054452709347
H           -2.53212252995000       -1.47989684914939        0.45456430368380
H           -1.36542617238679        0.63886569915564        1.10955198626614
H           -1.38795478409058        1.17170085468061       -0.58111015743216
H            2.33621333619021       -1.32390998664387        0.67082684885776
H            3.02944538787136       -0.12314896878167       -0.42620632161781
H            1.92522617573805       -1.38656851638435       -1.04516438618678
14
 energy: -20.786989382486 gnorm: 0.000108812104 xtb: 6.7.1 (edcfbbe)
C           -2.56471674466447       -0.61228465321197       -0.20041344519826
C           -1.37643763302352        0.29031030125370        0.07177239296237
O           -0.17958570292973       -0.45011406270141       -0.17854677831080
C            0.97441929994823        0.18096290612215        0.05632625500261
O            1.04484301264230        1.31585995353008        0.44739299604098
C            2.14876980387367       -0.72207781922089       -0.21676062127295
H           -3.48621717558301       -0.06538590079756       -0.02374815998404
H           -2.54578292363497       -0.95456843398538       -1.23151354470547
H           -2.53422630231672       -1.47944643913452        0.45366827408526
H           -1.36623595503986        0.63689575114313        1.11127569057003
H           -1.38717701361274        1.17224399883742       -0.57860361882285
H            2.34098804980949       -1.31926224314780        0.67272784267683
H            3.02787840008352       -0.12280026809219       -0.43304682787697
H            1.92271064875765       -1.39079423544282       -1.04153482356076
14
 energy: -20.786989899621 gnorm: 0.000235996689 xtb: 6.7.1 (edcfbbe)
C           -2.56489812849574       -0.61186372117155       -0.20154821106352
C           -1.37647973555739        0.28986910499177        0.07287401958683
O           -0.17966416482633       -0.45068303251437       -0.17739486617014
C            0.97429085629989        0.18054344697772        0.05693598355526
O            1.04479514912517        1.31536792322313        0.44827700022329
C            2.14882309164052       -0.72206187571481       -0.21700874696937
H           -3.48628713379848       -0.06450387796378       -0.02585211073701
H           -2.54473572357326       -0.95354682342068       -1.23281503655021
H           -2.53584456490308       -1.47940070303971        0.45206528214525
H           -1.36711826989751        0.63520689685655        1.11280517935148
H           -1.38618779913199        1.17260285191038       -0.57643937568718
H            2.34626800337200       -1.31427923678988        0.67479463741125
H            3.02609174905265       -0.12237948285622       -0.44023213004723
H            1.92017643500339       -1.39533261533662       -1.03746599344273
14
 energy: -20.786990518120 gnorm: 0.000977288436 xtb: 6.7.1 (edcfbbe)
C           -2.56552643258626       -0.61033322743050       -0.20557301672052
C           -1.37659882852895        0.28830786572590        0.07664333625720
O           -0.17988528181145       -0.45260464388009       -0.17357035129604
C            0.97394956505987        0.17912926811469        0.05894949694203
O            1.04463918131983        1.31378548173494        0.45093991786811
C            2.14902440187255       -0.72208921946345       -0.21768146197170
H           -3.48660082861821       -0.06169523665827       -0.03231457685551
H           -2.54143352313310       -0.94888675316509       -1.23777875374305
H           -2.54098974484746       -1.47984776259688        0.44555783103768
H           -1.37016795561790        0.62887784874721        1.11818409369242
H           -1.38286449834376        1.17407036402384       -0.56864084674154
H            2.36509052351319       -1.29607899085252        0.68244882704503
H            3.01954498606703       -0.12122678501125       -0.46592651584237
H            1.91104819996447       -1.41186935413661       -1.02224234806578
14
 energy: -20.786991224100 gnorm: 0.000469821439 xtb: 6.7.1 (edcfbbe)
C           -2.56538969355831       -0.61066289334873       -0.20466025622936
C           -1.37657495530957        0.28867953900337        0.07563745647949
O           -0.17984661724976       -0.45222625086695       -0.17441467938205
C            0.97400829721027        0.17942810860807        0.05848911573183
O            1.04461904448040        1.31418320143339        0.45019412522258
C            2.14899017381724       -0.72211571732592       -0.21738218097732
H           -3.48648166537673       -0.06261812162538       -0.02971181831095
H           -2.54296747451857       -0.94923105148560       -1.23688453723732
H           -2.53912467348851       -1.48014209648381        0.44640886319138
H           -1.36951777156800        0.63060607398403        1.11671428399143
H           -1.38358244012377        1.17357363662970       -0.57077282496211
H            2.36073215941955       -1.30015969027272        0.68060310756601
H            3.02093929567040       -0.12172904406174       -0.45979629740491
H            1.91342608490519       -1.40804683903579       -1.02542872607273
14
 energy: -20.786992072585 gnorm: 0.000243092016 xtb: 6.7.1 (edcfbbe)
C           -2.56545418905252       -0.61032651872834       -0.20566067874786
C           -1.37657757172051        0.28843320441512        0.07627398482574
O           -0.17990207959673       -0.45255036740445       -0.17376651972716
C            0.97398507237095        0.17918397581796        0.05881185857973
O            1.04458174922551        1.31403522867596        0.45021777642994
C            2.14899469672799       -0.72225154074090       -0.21719010410002
H           -3.48646708432788       -0.06264948558005       -0.02910877365803
H           -2.54352796101460       -0.94664079707504       -1.23864210354036
H           -2.53897191465447       -1.48126290246421        0.44347521083147
H           -1.36999030234282        0.62925532692333        1.11770939570380
H           -1.38290442614718        1.17399267615329       -0.56920894957954
H            2.36492411637742       -1.29551072225927        0.68259689593235
H            3.01912107449086       -0.12201053924917       -0.46551816351486
H            1.91141858397385       -1.41215868333232       -1.02099419782924
14
 energy: -20.786993772427 gnorm: 0.000100942940 xtb: 6.7.1 (edcfbbe)
C           -2.56563649084147       -0.60933082314370       -0.20853678346720
C           -1.37659933605245        0.28771985963869        0.07816886136844
O           -0.18000168816736       -0.45324058220134       -0.17224444483350
C            0.97401847626148        0.17858230704346        0.05976165218893
O            1.04457203330609        1.31359629943026        0.45063462979965
C            2.14900588392929       -0.72263775388525       -0.21676744239495
H           -3.48660873410078       -0.06260600067807       -0.02846126966399
H           -2.54419896929267       -0.93974062094298       -1.24348560009098
H           -2.53896732482921       -1.48406374002310        0.43560516671769
H           -1.37136660026742        0.62488499856475        1.12080014690329
H           -1.38132276634111        1.17548551153828       -0.56426598939107
H            2.37719998587277       -1.28204015021288        0.68865018608720
H            3.01408534862274       -0.12274329930871       -0.48260831940065
H            1.90504994620994       -1.42432715066750       -1.00825516221689
14
 energy: -20.786995042047 gnorm: 0.000886748911 xtb: 6.7.1 (edcfbbe)
C           -2.56587156300991       -0.60770418193914       -0.21339949157628
C           -1.37671262336556        0.28655391747795        0.08154785309167
O           -0.18023594457664       -0.45412416156712       -0.17018046637040
C            0.97396506428612        0.17776272699392        0.06110118889580
O            1.04452829404218        1.31281223539047        0.45190822032262
C            2.14891986145614       -0.72322669484052       -0.21624153775502
H           -3.48678130770764       -0.06247757284622       -0.02843437757218
H           -2.54456498405780       -0.92898426569234       -1.25127800192898
H           -2.53929684009479       -1.48813758377176        0.42302329257731
H           -1.37380230269135        0.61737140036115        1.12626960483722
H           -1.37895230590893        1.17822981765092       -0.55549552772270
H            2.39759966986842       -1.25930370124754        0.69873119338017
H            3.00597522785294       -0.12437126987808       -0.51156696602634
H            1.89445951821667       -1.44486181093980       -0.98698935254693
14
 energy: -20.786995977828 gnorm: 0.000306396669 xtb: 6.7.1 (edcfbbe)
C           -2.56576713534957       -0.60778482870459       -0.21325085982434
C           -1.37672573851359        0.28671620417182        0.08124072842086
O           -0.18019135336184       -0.45351906649168       -0.17141328489630
C            0.97405026690717        0.17821891301182        0.06023859349425
O            1.04464014188683        1.31333442450648        0.45082545884171
C            2.14881764106392       -0.72338882350782       -0.21581835741613
H           -3.48684766339358       -0.06353089316461       -0.02625307505168
H           -2.54555946132755       -0.92747847167297       -1.25158307285622
H           -2.53761002441201       -1.48909220046240        0.42182637996784
H           -1.37336745466129        0.61699765019532        1.12611665462011
H           -1.37972675134837        1.17872821308263       -0.55531118285822
H            2.39613680876679       -1.25930385136199        0.69901146601397
H            3.00632680606769       -0.12557801319976       -0.51025929767617
H            1.89505368198526       -1.44478040125037       -0.98637451917372
14
 energy: -20.786996667909 gnorm: 0.000378891958 xtb: 6.7.1 (edcfbbe)
C           -2.56573859496351       -0.60701421080928       -0.21583472897025
C           -1.37680707647101        0.28626932613814        0.08285904733881
O           -0.18029997925372       -0.45330629987951       -0.17167300504365
C            0.97403253889623        0.17825969174262        0.05998332071685
O            1.04479437166062        1.31340678494121        0.45044589904347
C            2.14858859687209       -0.72388397998697       -0.21512762745278
H           -3.48689765871886       -0.06452328660591       -0.02420140210833
H           -2.54673449426231       -0.92026042759339       -1.25614963250101
H           -2.53611113987716       -1.49220155178837        0.41375301745437
H           -1.37407521935375        0.61240340349222        1.12905570877866
H           -1.37925790715520        1.18082901542841       -0.55010660058762
H            2.40567800102589       -1.24660947939741        0.70472167076045
H            3.00211382640188       -0.12791092078417       -0.52478549456910
H            1.88994449950868       -1.45591920974570       -0.97394454125392
14
 energy: -20.786997027018 gnorm: 0.000314457798 xtb: 6.7.1 (edcfbbe)
C           -2.56576143853072       -0.60660525152260       -0.21715494261221
C           -1.37685946987043        0.28599814169205        0.08375693024847
O           -0.18037030190037       -0.45336460517301       -0.17149449530741
C            0.97393683585973        0.17811235020636        0.06011232141800
O            1.04489395092548        1.31323115656754        0.45066772440204
C            2.14849822927934       -0.72407873990217       -0.21493855297945
H           -3.48686825596538       -0.06466411576348       -0.02406188101169
H           -2.54695782715362       -0.91735324891876       -1.25817243548453
H           -2.53600942307206       -1.49325856447474        0.41025944990982
H           -1.37449174549015        0.61019634757045        1.13054234136850
H           -1.37883174769211        1.18169659947281       -0.54754367092193
H            2.41080304078330       -1.24022970292641        0.70710278724138
H            2.99978674476132       -0.12892861143958       -0.53223856206227
H            1.88746117237553       -1.46121290023657       -0.96784138260277
14
 energy: -20.786997636874 gnorm: 0.000207412500 xtb: 6.7.1 (edcfbbe)
C           -2.56590760373516       -0.60608698817406       -0.21856436103897
C           -1.37693803860601        0.28556335154630        0.08486757446107
O           -0.18043608141998       -0.45375956044721       -0.17070136533427
C            0.97376841367800        0.17765606400504        0.06078839786741
O            1.04497197898759        1.31262813905852        0.45181582248847
C            2.14848684870469       -0.72419904651883       -0.21502605472315
H           -3.48692319891198       -0.06399618855094       -0.02569968284688
H           -2.54613139109001       -0.91534298347203       -1.25995754398937
H           -2.53722764836005       -1.49358892193061        0.40760757041275
H           -1.37530642598520        0.60787503063518        1.13220776311821
H           -1.37800954351390        1.18234532136860       -0.54483964362999
H            2.41739179463151       -1.23314572533895        0.70891759897891
H            2.99673021195972       -0.12962935787112       -0.54109625557285
H            1.88476044797065       -1.46678027915800       -0.96132418858538
14
 energy: -20.786998520964 gnorm: 0.000479059344 xtb: 6.7.1 (edcfbbe)
C           -2.56624560857482       -0.60495130034541       -0.22152314777279
C           -1.37707834939271        0.28458612637037        0.08732418571552
O           -0.18058404065623       -0.45483188202333       -0.16847297170010
C            0.97353581239188        0.17652181014171        0.06273745397022
O            1.04499582420173        1.31112400990624        0.45489555260016
C            2.14855602594498       -0.72436924829490       -0.21537852337961
H           -3.48715371699515       -0.06201508288817       -0.03046407448279
H           -2.54359076356613       -0.91208886325090       -1.26349762093752
H           -2.54071441343000       -1.49376553529234        0.40293439171591
H           -1.37726698538129        0.60329485888739        1.13576718313833
H           -1.37602660848957        1.18349382677625       -0.53934646533994
H            2.43195812480062       -1.21861477583320        0.71247660741196
H            2.99012367769715       -0.13045544663400       -0.56032674527180
H            1.87872078575941       -1.47838964236783       -0.94813019406162
14
 energy: -20.786999272618 gnorm: 0.000385560297 xtb: 6.7.1 (edcfbbe)
C           -2.56642255136075       -0.60404379283070       -0.22396568550451
C           -1.37717758656624        0.28376812747572        0.08957969851971
O           -0.18074980530722       -0.45571650028579       -0.16651970986361
C            0.97343747085240        0.17556928866623        0.06454195524746
O            1.04493791272185        1.30984363026540        0.45762684975792
C            2.14860122384806       -0.72448821890028       -0.21573781686684
H           -3.48728048704833       -0.05986055781214       -0.03577915036345
H           -2.54056450883593       -0.91049088949316       -1.26616851056260
H           -2.54447775108597       -1.49342665586078        0.39997033964319
H           -1.37875538077999        0.59950362861219        1.13894022252845
H           -1.37443269910489        1.18444927152292       -0.53456853511804
H            2.44414111271316       -1.20674237295325        0.71452819810466
H            2.98407301209598       -0.13129931835525       -0.57621811952023
H            1.87389980216774       -1.48752678489923       -0.93723410439616
14
 energy: -20.786999647068 gnorm: 0.000106828339 xtb: 6.7.1 (edcfbbe)
C           -2.56650475312593       -0.60354935441070       -0.22509389621724
C           -1.37719948314984        0.28330557839538        0.09062595413333
O           -0.18081175903015       -0.45613615635351       -0.16555674934113
C            0.97351917131627        0.17515082456808        0.06551396365103
O            1.04480270436680        1.30928255589712        0.45900470048916
C            2.14863500616470       -0.72452059729801       -0.21586639243430
H           -3.48738237559153       -0.05875471870741       -0.03867129348746
H           -2.53875400243480       -0.90982054586793       -1.26730329479832
H           -2.54643990008504       -1.49310572781998        0.39867787028131
H           -1.37959979409646        0.59749182746419        1.14043257866937
H           -1.37370770832758        1.18492795961595       -0.53216433909088
H            2.45020454287405       -1.20089995813480        0.71514905117827
H            2.98091916524217       -0.13208356412411       -0.58408834151108
H            1.87154895018720       -1.49174926807240       -0.93166417991612
14
 energy: -20.786999655064 gnorm: 0.000559660105 xtb: 6.7.1 (edcfbbe)
C           -2.56667873201123       -0.60233727088665       -0.22829191828145
C           -1.37727672793419        0.28227739388777        0.09320990496382
O           -0.18099661551362       -0.45705297727041       -0.16341159197246
C            0.97353311953259        0.17418375156377        0.06760947926766
O            1.04458433399565        1.30795323495896        0.46218643297326
C            2.14859500470894       -0.72472031242827       -0.21603320595144
H           -3.48750690181067       -0.05688884074740       -0.04361739642291
H           -2.53582861429247       -0.90609697477555       -1.27115395917801
H           -2.54974284969484       -1.49344616475650        0.39335968119379
H           -1.38168249043254        0.59235773713752        1.14424202849930
H           -1.37181217027399        1.18637376822164       -0.52601545851269
H            2.46582604227320       -1.18495850445843        0.71845569681036
H            2.97332742315372       -0.13405552792920       -0.60495682236388
H            1.86488894260932       -1.50405045736540       -0.91658723941944
14
 energy: -20.786999975288 gnorm: 0.000105340201 xtb: 6.7.1 (edcfbbe)
C           -2.56651071860943       -0.60287547001249       -0.22710113996474
C           -1.37722059817124        0.28275749269156        0.09218046152574
O           -0.18094221691441       -0.45656186894071       -0.16441929893692
C            0.97354419363389        0.17470853318471        0.06659396100778
O            1.04463771841175        1.30866386520448        0.46061004782010
C            2.14851998951892       -0.72468740144708       -0.21584774778158
H           -3.48733688105469       -0.05798359680517       -0.04083910180184
H           -2.53745462539045       -0.90700855275231       -1.26990965421544
H           -2.54776487662349       -1.49371943487513        0.39486340976479
H           -1.38075710512519        0.59443728880211        1.14274517652985
H           -1.37263664073589        1.18589000040048       -0.52841640170985
H            2.45935313878837       -1.19108484520976        0.71723303074610
H            2.97627839110930       -0.13368982388351       -0.59653070372587
H            1.86751999547243       -1.49930733120530       -0.92216640765216
14
 energy: -20.787000121975 gnorm: 0.000126855454 xtb: 6.7.1 (edcfbbe)
C           -2.56653253578152       -0.60257242358282       -0.22798678155940
C           -1.37723907505397        0.28253926826157        0.09279794235264
O           -0.18098331556538       -0.45669917064442       -0.16402356402408
C            0.97354443882277        0.17454735536700        0.06694898007272
O            1.04463142429533        1.30845244861085        0.46110144125789
C            2.14847593692675       -0.72480129066131       -0.21574599233312
H           -3.48737202743644       -0.05788635818474       -0.04117775640909
H           -2.53726103348065       -0.90528121906449       -1.27120534398742
H           -2.54795622448774       -1.49427168029484        0.39276284997086
H           -1.38122893314472        0.59307797872108        1.14370350636594
H           -1.37222558120710        1.18635537419995       -0.52680275038093
H            2.46327425611688       -1.18663889946996        0.71827678602151
H            2.97426068462532       -0.13455951238219       -0.60190774486377
H            1.86584174968035       -1.50272301572380       -0.91774594087780
14
 energy: -20.786999612672 gnorm: 0.000944740972 xtb: 6.7.1 (edcfbbe)
C           -2.56672234393622       -0.60060870599277       -0.23349616952380
C           -1.37743298461858        0.28114205339393        0.09662195359875
O           -0.18125099254046       -0.45768633068989       -0.16149335288403
C            0.97342315511828        0.17340308479097        0.06916648893541
O            1.04468556101549        1.30708375517408        0.46399625918887
C            2.14827866899372       -0.72554663509243       -0.21510531298151
H           -3.48759847460721       -0.05723872427505       -0.04314479978857
H           -2.53621749571573       -0.89425523703356       -1.27928075494846
H           -2.54922093378924       -1.49767824171460        0.37953456346513
H           -1.38427297570057        0.58445875671089        1.14966193410051
H           -1.36964843565972        1.18921499099139       -0.51674126887282
H            2.48795187203495       -1.15874752889300        0.72480688696816
H            2.96156639953375       -0.13982494030431       -0.63541351708133
H            1.85568874418143       -1.52417744191380       -0.89011727857038
14
 energy: -20.787000635895 gnorm: 0.000227527030 xtb: 6.7.1 (edcfbbe)
C           -2.56678005512724       -0.60054082732572       -0.23353052397929
C           -1.37749519417680        0.28108853604723        0.09668460553393
O           -0.18127676463028       -0.45779028921855       -0.16134657671150
C            0.97332370360430        0.17332106515880        0.06924431852889
O            1.04467389324874        1.30709299170027        0.46382409603647
C            2.14826470609448       -0.72550491275147       -0.21504487622852
H           -3.48763529597894       -0.05715160721635       -0.04319973766278
H           -2.53626285713148       -0.89415992519297       -1.27926277373546
H           -2.54935251592384       -1.49757639568849        0.37944005939089
H           -1.38434894143747        0.58438644285240        1.14968006913294
H           -1.36959492219470        1.18912619721609       -0.51663755928113
H            2.48814103719123       -1.15840385934146        0.72377964498412
H            2.96100230330810       -0.14053676453904       -0.63515668784283
H            1.85657066746379       -1.52381179654888       -0.88947842655980
14
 energy: -20.787000725801 gnorm: 0.000051284916 xtb: 6.7.1 (edcfbbe)
C           -2.56677770296186       -0.60053544264365       -0.23354033176694
C           -1.37747045626573        0.28104896768718        0.09672898085576
O           -0.18125227223305       -0.45787034022372       -0.16130231058608
C            0.97333133949708        0.17328125400994        0.06912084532500
O            1.04473187605824        1.30705220215619        0.46369902656434
C            2.14833203968657       -0.72556088998111       -0.21503113654484
H           -3.48760941879526       -0.05709437739233       -0.04320989629997
H           -2.53625821850319       -0.89410179104716       -1.27929633878235
H           -2.54942315134777       -1.49760363348292        0.37940417183610
H           -1.38432856825704        0.58430827140735        1.14973893498551
H           -1.36949834770378        1.18910025478605       -0.51658120882950
H            2.48807608517400       -1.15832664971448        0.72408204284906
H            2.96098647922762       -0.14024625591626       -0.63525097726615
H            1.85639008073405       -1.52391271449323       -0.88956617073401
