12
 energy: -248.471852354583 gnorm: 0.025587729899 xtb: 6.7.1 (edcfbbe)
C           -1.95811228456769        0.45874586430328       -0.06263491402776
C           -0.89072180259470       -0.61081533287067        0.12490577555535
C            0.55984617134808       -0.16626837797368        0.02410471181068
O            1.47494831895359       -0.94927451242065        0.15548109756890
N            0.77944194914539        1.14560691400765       -0.21897211999703
H           -2.94301512210413        0.00624492060277        0.03196348151416
H           -1.87699686693175        1.23577512434760        0.69542238040816
H           -1.89532749983987        0.91096958430367       -1.05083362726565
H           -1.02206980095291       -1.40309528182175       -0.61599995217297
H           -1.00139756474375       -1.08060316157884        1.10521412318975
H            0.03879227811719        1.81187512620289       -0.33088461394662
H            1.73239494566767        1.46079831414732       -0.28927656252819
12
 energy: -248.472445960387 gnorm: 0.004899647935 xtb: 6.7.1 (edcfbbe)
C           -1.96991109775946        0.45638882617637       -0.06204233977917
C           -0.88966857596341       -0.60711479353611        0.12419414865371
C            0.56586302834341       -0.16960913654784        0.02462617961074
O            1.48156563718532       -0.96582372570806        0.15841477946210
N            0.78969180502886        1.15089115461292       -0.22005266309677
H           -2.96148294511412        0.00900809456953        0.03168010465224
H           -1.89627305063230        1.24122879462634        0.69619027010573
H           -1.91459562821040        0.91593566562683       -1.05300501072467
H           -1.01076444396567       -1.40756512291923       -0.61279617851849
H           -0.99016988451814       -1.08597681828354        1.10357172544796
H            0.04994141314437        1.81957930610540       -0.33273406232432
H            1.74358636342862        1.46301673968979       -0.28955693682091
12
 energy: -248.472481867657 gnorm: 0.001417055829 xtb: 6.7.1 (edcfbbe)
C           -1.97206272529026        0.45573516690896       -0.06188739622155
C           -0.89018677041248       -0.60633710484247        0.12400225770024
C            0.56588990635135       -0.16900037426212        0.02449630637611
O            1.47856634629400       -0.96997077191033        0.15928531844053
N            0.79439385530271        1.15373945836425       -0.22061617481531
H           -2.96428905973788        0.00650237844525        0.03223063447646
H           -1.90320488191367        1.24312414475392        0.69659671381992
H           -1.92174061128903        0.91770963490655       -1.05387045359306
H           -1.00755692522422       -1.40984536620711       -0.61148365962979
H           -0.98696175934334       -1.08858251226866        1.10302171025662
H            0.05545182742051        1.82356910067612       -0.33381443791950
H            1.74948337611895        1.46331512742782       -0.28947070112454
12
 energy: -248.472484701489 gnorm: 0.000454424675 xtb: 6.7.1 (edcfbbe)
C           -1.97380655176260        0.45474680756892       -0.06166091013142
C           -0.89028074538429       -0.60436571002749        0.12354983581036
C            0.56619125958416       -0.16829699737760        0.02439084211009
O            1.47635505728194       -0.97136607970282        0.15971709400254
N            0.79750248457043        1.15467808833492       -0.22078731705432
H           -2.96550840624580        0.00357636889295        0.03288988351532
H           -1.90662251962507        1.24244775021808        0.69685196119304
H           -1.92542050025316        0.91710997395653       -1.05373271408971
H           -1.00660464198587       -1.40851338145418       -0.61156930156408
H           -0.98602077515458       -1.08735404575069        1.10243694081106
H            0.05878624805666        1.82473044402760       -0.33437260180322
H            1.75321163987458        1.46256559945216       -0.28922352620504
12
 energy: -248.472484701489 gnorm: 0.000454424675 xtb: 6.7.1 (edcfbbe)
C           -1.97380655176260        0.45474680756892       -0.06166091013142
C           -0.89028074538429       -0.60436571002749        0.12354983581036
C            0.56619125958416       -0.16829699737760        0.02439084211009
O            1.47635505728194       -0.97136607970282        0.15971709400254
N            0.79750248457043        1.15467808833492       -0.22078731705432
H           -2.96550840624580        0.00357636889295        0.03288988351532
H           -1.90662251962507        1.24244775021808        0.69685196119304
H           -1.92542050025316        0.91710997395653       -1.05373271408971
H           -1.00660464198587       -1.40851338145418       -0.61156930156408
H           -0.98602077515458       -1.08735404575069        1.10243694081106
H            0.05878624805666        1.82473044402760       -0.33437260180322
H            1.75321163987458        1.46256559945216       -0.28922352620504
