12
 energy: -703.558897032967 gnorm: 0.004670153236 xtb: 6.7.1 (edcfbbe)
C           -2.20450369243218        0.45563041208807        0.20609689375283
O           -1.18033399166893       -0.56502211726117        0.32380372931936
S            0.27209220778786       -0.11375243395281       -0.31795107329606
O            0.81503602473516        1.00413056107660        0.45419239469484
O            0.13028654711321        0.00429269132339       -1.76744764680412
C            1.13953028824435       -1.63536813323722        0.08628044340330
H           -3.09553763517023        0.01234150425100        0.65087772399209
H           -2.38868029172742        0.69283414194862       -0.84693807972937
H           -1.91332270910870        1.35424058075429        0.75901763836303
H            0.57370039386780       -2.47087257118445       -0.33407043115220
H            2.12399630795048       -1.55825992872148       -0.38495377986653
H            1.22654962616857       -1.71409649946856        1.17165358360044
12
 energy: -703.558923750918 gnorm: 0.001988002210 xtb: 6.7.1 (edcfbbe)
C           -2.20455910130047        0.45598639128660        0.20700104440293
O           -1.18039079500717       -0.56424396642450        0.32354084323996
S            0.27191559378307       -0.11446863202824       -0.32001254659557
O            0.81524344185750        1.00266139437027        0.45342614071984
O            0.13022298015490        0.00511651488770       -1.77075931007145
C            1.13904790408280       -1.63616818591365        0.08564391837093
H           -3.09491504969480        0.01314664417595        0.65334212644044
H           -2.39007379448291        0.69248674224225       -0.84541233013317
H           -1.91316847028910        1.35493065909218        0.75872703928274
H            0.57866162193097       -2.47213490850268       -0.33645372265443
H            2.12450783088301       -1.55750901236416       -0.37906538849057
H            1.22232096107616       -1.71370547590575        1.17058364672116
12
 energy: -703.558943996461 gnorm: 0.002365420304 xtb: 6.7.1 (edcfbbe)
C           -2.20432615681912        0.45679548286398        0.20912637637808
O           -1.18023680725908       -0.56274686517715        0.32348091488055
S            0.27151203651458       -0.11656543836134       -0.32505402868241
O            0.81624137449975        0.99928829352393        0.45040135399929
O            0.12957590589338        0.00550054555978       -1.77803904444363
C            1.13815817883522       -1.63791080291593        0.08443815456651
H           -3.09261418652371        0.01499714680901        0.66058199926958
H           -2.39458301641468        0.69122075416717       -0.84238721483946
H           -1.91102520867243        1.35675466239027        0.75784349507283
H            0.58909119163608       -2.47518687588585       -0.34556679694409
H            2.12893786391168       -1.55252257933318       -0.36421552669318
H            1.20808207003979       -1.71352628775337        1.16995196771058
12
 energy: -703.558952076166 gnorm: 0.001969505039 xtb: 6.7.1 (edcfbbe)
C           -2.20407675631889        0.45691918009726        0.20976593694921
O           -1.17997105668345       -0.56261344735180        0.32376411598149
S            0.27126394094575       -0.11679860837417       -0.32613414254256
O            0.81672573464192        0.99918102151046        0.44864048110830
O            0.12882438405882        0.00464462081309       -1.77901884081760
C            1.13800366475433       -1.63787658140146        0.08428722201228
H           -3.09174229913120        0.01579207309630        0.66320148433896
H           -2.39620012123647        0.69027852261037       -0.84181044521738
H           -1.90973612739105        1.35756684331295        0.75697639540786
H            0.59188713540125       -2.47559408992401       -0.34983877844654
H            2.13132757459300       -1.55013296343491       -0.35952511652009
H            1.20250720208291       -1.71526859522736        1.17025341490174
12
 energy: -703.558976541472 gnorm: 0.003612518114 xtb: 6.7.1 (edcfbbe)
C           -2.20208287964385        0.45809209545461        0.21491570169575
O           -1.17767118142502       -0.56141202650626        0.32662816952006
S            0.26944592711971       -0.11826181195240       -0.33402883452238
O            0.82077686863009        0.99992680581032        0.43276303430562
O            0.12115351488533       -0.00415844847671       -1.78532740757470
C            1.13689564830347       -1.63711752098314        0.08336242635274
H           -3.08449106674948        0.02307068050888        0.68500770135866
H           -2.40880391591889        0.68122049027901       -0.83707864705282
H           -1.89906144088811        1.36453896609338        0.74873630549385
H            0.61630354066076       -2.47595981957148       -0.38702972295544
H            2.14971913458576       -1.53037222201586       -0.31914211959134
H            1.15662935495562       -1.73346974316191        1.17175578620758
12
 energy: -703.558987031271 gnorm: 0.001987104582 xtb: 6.7.1 (edcfbbe)
C           -2.20238915905960        0.45820552615861        0.21432889810486
O           -1.17797740931093       -0.56125615188449        0.32690678800733
S            0.26968514951777       -0.11838535212298       -0.33260060801086
O            0.82048893706575        1.00028535591968        0.43404281865624
O            0.12103663796326       -0.00418218223259       -1.78390805383334
C            1.13737305456014       -1.63724952844822        0.08353426205663
H           -3.08517183278807        0.02290080000682        0.68305655038872
H           -2.40745661175991        0.68141786860267       -0.83769642290798
H           -1.90022945784902        1.36434456046634        0.74879949901922
H            0.61493140231974       -2.47465445504327       -0.38446754896874
H            2.14746438465453       -1.53196687311185       -0.32221048109301
H            1.16105837408854       -1.73336210379630        1.17077664985786
12
 energy: -703.558995414379 gnorm: 0.001028588278 xtb: 6.7.1 (edcfbbe)
C           -2.20227619355082        0.45895707193134        0.21484364275877
O           -1.17777667193175       -0.56028760679266        0.32914389205402
S            0.26955975798064       -0.11927485882200       -0.33188232132720
O            0.82136188608569        1.00145218992237        0.43140741925695
O            0.11754773865753       -0.00749006858968       -1.78315586481900
C            1.13774657137323       -1.63765456702415        0.08342467514846
H           -3.08399380738430        0.02556911415005        0.68682366687677
H           -2.40853178838989        0.67781370427042       -0.83731012996398
H           -1.89927971586620        1.36685043665236        0.74525287647200
H            0.62143985652138       -2.47161022623615       -0.39302662205520
H            2.14841865331283       -1.52806289731992       -0.31381911018572
H            1.15459717495430       -1.74016500009653        1.16886038767445
12
 energy: -703.558998459716 gnorm: 0.000505021272 xtb: 6.7.1 (edcfbbe)
C           -2.20180702519978        0.45943992258271        0.21602415993754
O           -1.17713470340940       -0.55955268624194        0.33112068093615
S            0.26905345378198       -0.11966957810742       -0.33300186629060
O            0.82271875069405        1.00193592006657        0.42751188703720
O            0.11459620776689       -0.01015746364153       -1.78430170804970
C            1.13737527107171       -1.63779776173115        0.08301921474981
H           -3.08205750592132        0.02824478276064        0.69287685118091
H           -2.41153204374782        0.67404624828728       -0.83636034502246
H           -1.89681111673818        1.36946636333638        0.74171649184287
H            0.62895859202411       -2.47095583812749       -0.40407996970393
H            2.15253651198865       -1.52240570345196       -0.30236357425943
H            1.14291710229269       -1.74649710282384        1.16840089245735
12
 energy: -703.558998459716 gnorm: 0.000505021272 xtb: 6.7.1 (edcfbbe)
C           -2.20180702519978        0.45943992258271        0.21602415993754
O           -1.17713470340940       -0.55955268624194        0.33112068093615
S            0.26905345378198       -0.11966957810742       -0.33300186629060
O            0.82271875069405        1.00193592006657        0.42751188703720
O            0.11459620776689       -0.01015746364153       -1.78430170804970
C            1.13737527107171       -1.63779776173115        0.08301921474981
H           -3.08205750592132        0.02824478276064        0.69287685118091
H           -2.41153204374782        0.67404624828728       -0.83636034502246
H           -1.89681111673818        1.36946636333638        0.74171649184287
H            0.62895859202411       -2.47095583812749       -0.40407996970393
H            2.15253651198865       -1.52240570345196       -0.30236357425943
H            1.14291710229269       -1.74649710282384        1.16840089245735
