2025-04-15 19:40:19,848 -   censo.qm_processor   -   INFO   - worker1598772:Running sp calculation in /scratch/pawsey0265/mwang1/.automated/7073/0_PRESCREENING/CONF2/sp.
2025-04-15 19:40:19,848 -   censo.qm_processor   -   INFO   - worker1598771:Running sp calculation in /scratch/pawsey0265/mwang1/.automated/7073/0_PRESCREENING/CONF1/sp.
2025-04-15 19:40:19,849 -   censo.qm_processor   -   INFO   - worker1598774:Running sp calculation in /scratch/pawsey0265/mwang1/.automated/7073/0_PRESCREENING/CONF3/sp.
2025-04-15 19:40:19,849 -   censo.qm_processor   -   INFO   - worker1598776:Running sp calculation in /scratch/pawsey0265/mwang1/.automated/7073/0_PRESCREENING/CONF4/sp.
2025-04-15 19:40:19,851 -   censo.qm_processor   -   INFO   - worker1598779:Running sp calculation in /scratch/pawsey0265/mwang1/.automated/7073/0_PRESCREENING/CONF5/sp.
2025-04-15 19:40:19,851 -   censo.qm_processor   -   INFO   - worker1598782:Running sp calculation in /scratch/pawsey0265/mwang1/.automated/7073/0_PRESCREENING/CONF6/sp.
2025-04-15 19:40:19,852 -   censo.qm_processor   -   INFO   - worker1598786:Running sp calculation in /scratch/pawsey0265/mwang1/.automated/7073/0_PRESCREENING/CONF7/sp.
2025-04-15 19:40:19,852 -   censo.qm_processor   -   INFO   - worker1598789:Running sp calculation in /scratch/pawsey0265/mwang1/.automated/7073/0_PRESCREENING/CONF8/sp.
2025-04-15 19:40:26,680 -     censo.parallel     -   INFO   - All jobs executed successfully.
2025-04-15 19:40:26,707 -   censo.qm_processor   -   INFO   - worker1598889:Running sp calculation in /scratch/pawsey0265/mwang1/.automated/7073/1_SCREENING/CONF2/sp.
2025-04-15 19:40:26,707 -   censo.qm_processor   -   INFO   - worker1598890:Running sp calculation in /scratch/pawsey0265/mwang1/.automated/7073/1_SCREENING/CONF3/sp.
2025-04-15 19:40:26,708 -   censo.qm_processor   -   INFO   - worker1598892:Running sp calculation in /scratch/pawsey0265/mwang1/.automated/7073/1_SCREENING/CONF1/sp.
2025-04-15 19:40:26,708 -   censo.qm_processor   -   INFO   - worker1598894:Running sp calculation in /scratch/pawsey0265/mwang1/.automated/7073/1_SCREENING/CONF6/sp.
2025-04-15 19:40:26,709 -   censo.qm_processor   -   INFO   - worker1598897:Running sp calculation in /scratch/pawsey0265/mwang1/.automated/7073/1_SCREENING/CONF4/sp.
2025-04-15 19:40:26,709 -   censo.qm_processor   -   INFO   - worker1598900:Running sp calculation in /scratch/pawsey0265/mwang1/.automated/7073/1_SCREENING/CONF5/sp.
2025-04-15 19:40:34,109 -     censo.parallel     -   INFO   - All jobs executed successfully.
2025-04-15 19:40:34,137 -   censo.qm_processor   -   INFO   - worker1599043:Running xtb_opt calculation in /scratch/pawsey0265/mwang1/.automated/7073/2_OPTIMIZATION/CONF1/xtb_opt.
2025-04-15 19:40:34,137 -   censo.qm_processor   -   INFO   - worker1599042:Running xtb_opt calculation in /scratch/pawsey0265/mwang1/.automated/7073/2_OPTIMIZATION/CONF2/xtb_opt.
2025-04-15 19:40:34,139 -   censo.qm_processor   -   INFO   - worker1599054:Running xtb_opt calculation in /scratch/pawsey0265/mwang1/.automated/7073/2_OPTIMIZATION/CONF5/xtb_opt.
2025-04-15 19:40:34,139 -   censo.qm_processor   -   INFO   - worker1599050:Running xtb_opt calculation in /scratch/pawsey0265/mwang1/.automated/7073/2_OPTIMIZATION/CONF4/xtb_opt.
2025-04-15 19:40:34,139 -   censo.qm_processor   -   INFO   - worker1599047:Running xtb_opt calculation in /scratch/pawsey0265/mwang1/.automated/7073/2_OPTIMIZATION/CONF3/xtb_opt.
2025-04-15 19:40:34,139 -   censo.qm_processor   -   INFO   - worker1599045:Running xtb_opt calculation in /scratch/pawsey0265/mwang1/.automated/7073/2_OPTIMIZATION/CONF6/xtb_opt.
2025-04-15 19:42:35,769 -     censo.parallel     -   INFO   - All jobs executed successfully.
2025-04-15 19:42:35,785 -   censo.qm_processor   -   INFO   - worker1600072:Running xtb_rrho calculation in /scratch/pawsey0265/mwang1/.automated/7073/2_OPTIMIZATION/CONF2/xtb_rrho.
2025-04-15 19:42:35,786 -   censo.qm_processor   -   INFO   - worker1600073:Running xtb_rrho calculation in /scratch/pawsey0265/mwang1/.automated/7073/2_OPTIMIZATION/CONF1/xtb_rrho.
2025-04-15 19:42:35,786 -   censo.qm_processor   -   INFO   - worker1600075:Running xtb_rrho calculation in /scratch/pawsey0265/mwang1/.automated/7073/2_OPTIMIZATION/CONF6/xtb_rrho.
2025-04-15 19:42:35,787 -   censo.qm_processor   -   INFO   - worker1600077:Running xtb_rrho calculation in /scratch/pawsey0265/mwang1/.automated/7073/2_OPTIMIZATION/CONF3/xtb_rrho.
2025-04-15 19:42:35,787 -   censo.qm_processor   -   INFO   - worker1600081:Running xtb_rrho calculation in /scratch/pawsey0265/mwang1/.automated/7073/2_OPTIMIZATION/CONF4/xtb_rrho.
2025-04-15 19:42:35,787 -   censo.qm_processor   -   INFO   - worker1600084:Running xtb_rrho calculation in /scratch/pawsey0265/mwang1/.automated/7073/2_OPTIMIZATION/CONF5/xtb_rrho.
2025-04-15 19:42:36,767 -     censo.parallel     -   INFO   - All jobs executed successfully.
2025-04-15 19:42:36,767 -censo.ensembleopt.optimization-   INFO   - Threshold: 1.75 kcal/mol
2025-04-15 19:42:36,783 -   censo.qm_processor   -   INFO   - worker1600132:Running xtb_opt calculation in /scratch/pawsey0265/mwang1/.automated/7073/2_OPTIMIZATION/CONF3/xtb_opt.
2025-04-15 19:43:04,514 -     censo.parallel     -   INFO   - All jobs executed successfully.
2025-04-15 19:43:04,514 -censo.ensembleopt.optimization-   INFO   - Threshold: 1.50 kcal/mol
2025-04-15 19:43:04,535 -   censo.qm_processor   -   INFO   - worker1600319:Running xtb_rrho calculation in /scratch/pawsey0265/mwang1/.automated/7073/2_OPTIMIZATION/CONF2/xtb_rrho.
2025-04-15 19:43:04,535 -   censo.qm_processor   -   INFO   - worker1600320:Running xtb_rrho calculation in /scratch/pawsey0265/mwang1/.automated/7073/2_OPTIMIZATION/CONF1/xtb_rrho.
2025-04-15 19:43:04,535 -   censo.qm_processor   -   INFO   - worker1600321:Running xtb_rrho calculation in /scratch/pawsey0265/mwang1/.automated/7073/2_OPTIMIZATION/CONF6/xtb_rrho.
2025-04-15 19:43:04,536 -   censo.qm_processor   -   INFO   - worker1600324:Running xtb_rrho calculation in /scratch/pawsey0265/mwang1/.automated/7073/2_OPTIMIZATION/CONF3/xtb_rrho.
2025-04-15 19:43:04,536 -   censo.qm_processor   -   INFO   - worker1600328:Running xtb_rrho calculation in /scratch/pawsey0265/mwang1/.automated/7073/2_OPTIMIZATION/CONF4/xtb_rrho.
2025-04-15 19:43:04,537 -   censo.qm_processor   -   INFO   - worker1600330:Running xtb_rrho calculation in /scratch/pawsey0265/mwang1/.automated/7073/2_OPTIMIZATION/CONF5/xtb_rrho.
2025-04-15 19:43:05,074 -     censo.parallel     -   INFO   - All jobs executed successfully.
