15
 energy: -15.773247830490 gnorm: 0.020102461170 xtb: 6.7.1 (edcfbbe)
C           -2.19531486431763        0.21828254377641        0.43466553884988
C           -1.04174440488906        0.31167374498105       -0.57331857707870
C           -0.01718620534851       -0.75804551305014       -0.34815011782807
C            1.27358029426673       -0.60873973739139       -0.04031967591747
C            2.02986549691874        0.66976453481893        0.14213833944875
H           -1.83025447953049        0.36958728574622        1.45510508058924
H           -2.66990116777664       -0.76780201355073        0.39366401409724
H           -2.96279357759834        0.97055462503274        0.22767936743520
H           -1.44923230705039        0.20451709792657       -1.58814701417629
H           -0.59010373851848        1.30680295676246       -0.52581594399631
H           -0.39702333983948       -1.77670005394990       -0.43477554841141
H            1.86283187980306       -1.51516220622754        0.09514542166473
H            1.40094843257408        1.55573227012653        0.03638107869865
H            2.84435845802532        0.74482028969054       -0.58877446205732
H            2.49693972992532        0.70229065693225        1.13369452214535
15
 energy: -15.773851505052 gnorm: 0.006477717743 xtb: 6.7.1 (edcfbbe)
C           -2.18513271774216        0.21447280903607        0.43318026812891
C           -1.03973669024111        0.31534125050413       -0.57429979392473
C           -0.01794795456137       -0.75159204354717       -0.34012371101867
C            1.26468605485776       -0.60274421135129       -0.03655879560610
C            2.02307950211087        0.66945253648143        0.14211123993542
H           -1.81651405980308        0.36773038843597        1.44675172890252
H           -2.65390879523262       -0.76839551064811        0.38571677873624
H           -2.94445207211443        0.96683630387016        0.22378311350065
H           -1.44822041619087        0.19672865909087       -1.58478441009153
H           -0.59084843508521        1.30822614300282       -0.51591133516383
H           -0.40233176105243       -1.76250318793667       -0.43012464646962
H            1.86099789859452       -1.49951944766660        0.09450864011298
H            1.39137055052971        1.54773940479394        0.03661025038285
H            2.82875781898291        0.73322162865968       -0.59311133974417
H            2.48517128359172        0.69258175889878        1.13142403578257
15
 energy: -15.773903813242 gnorm: 0.001780438249 xtb: 6.7.1 (edcfbbe)
C           -2.18179191837318        0.21358404445680        0.43293469437604
C           -1.03867199081726        0.31705334674956       -0.57600742797661
C           -0.01753626140895       -0.75116146542770       -0.34284857904142
C            1.26254014042569       -0.60261487554127       -0.03866712702975
C            2.02043596855055        0.67017439128577        0.14174336840601
H           -1.80908835812570        0.36380650326800        1.44360303130644
H           -2.64795580377256       -0.76809050917935        0.38251162775194
H           -2.93993832531327        0.96613020157473        0.22799683250105
H           -1.44616716513550        0.19581389164812       -1.58474134119119
H           -0.59080963160575        1.30872381576611       -0.51478469911566
H           -0.40914510071641       -1.75782564259904       -0.42762947016727
H            1.86158687727713       -1.49454422586018        0.10188778317856
H            1.38855780978079        1.54626153105397        0.03544284294321
H            2.82398380317107        0.73013344721839       -0.59288684950780
H            2.47897016270756        0.69013202721008        1.13061733702992
15
 energy: -15.773911258410 gnorm: 0.000912574809 xtb: 6.7.1 (edcfbbe)
C           -2.18004170030130        0.21293811827169        0.43275518406130
C           -1.03795037038177        0.31838354254910       -0.57806032567529
C           -0.01866265780554       -0.75227805353626       -0.34100249941325
C            1.26072739794031       -0.60401714374777       -0.03468070551968
C            2.01898534600587        0.67104705614369        0.14158240448524
H           -1.80396060282162        0.35936783975953        1.44266250698928
H           -2.64667757676016       -0.76807921042332        0.38000566339546
H           -2.93758774823724        0.96704290889883        0.23214058799380
H           -1.44436065938090        0.19690384101673       -1.58660417132044
H           -0.59000257753943        1.30948439741307       -0.51610305306330
H           -0.41443094078747       -1.75677494704233       -0.42938391828729
H            1.86356620678073       -1.49338521737683        0.10546967547908
H            1.38687970681468        1.54658618107159        0.03423453448668
H            2.82131345962699        0.72898951682657       -0.59379758265814
H            2.47717292349106        0.69136765179972        1.12995372251003
15
 energy: -15.773913388381 gnorm: 0.000385719759 xtb: 6.7.1 (edcfbbe)
C           -2.17957971815731        0.21307402942716        0.43283994805187
C           -1.03772509844019        0.31817787229140       -0.57862775982450
C           -0.01816227817784       -0.75290079095577       -0.34324348694661
C            1.26111181387336       -0.60455500978961       -0.03561492525320
C            2.01851956118667        0.67122989733461        0.14171522556442
H           -1.80234437418417        0.35690248346088        1.44304124880745
H           -2.64805928381687       -0.76739963412229        0.37872941745703
H           -2.93665939911275        0.96870522028957        0.23453183271738
H           -1.44508058032520        0.19744996930933       -1.58706363828344
H           -0.58959197616050        1.30939752999321       -0.51713924303195
H           -0.41505034460773       -1.75749010079284       -0.42893624773222
H            1.86352487601891       -1.49382684970877        0.10840406837982
H            1.38604420231070        1.54673666491172        0.03370927374062
H            2.82124563789579        0.72946760407225       -0.59362069642646
H            2.47677716834137        0.69260759590317        1.13044700624327
15
 energy: -15.773914170117 gnorm: 0.000163440387 xtb: 6.7.1 (edcfbbe)
C           -2.17918453722887        0.21316178647098        0.43285766590894
C           -1.03771998125160        0.31776305227318       -0.57884278475139
C           -0.01812539747795       -0.75298478476870       -0.34312895617987
C            1.26095495672219       -0.60445224546897       -0.03494460539011
C            2.01815103281624        0.67124927758623        0.14180064522301
H           -1.80163769106904        0.35519614300788        1.44320513742502
H           -2.64938597470638       -0.76650414171355        0.37780743294802
H           -2.93516895965400        0.97018017256346        0.23565839825949
H           -1.44553351390778        0.19697405984975       -1.58723296038475
H           -0.58945727418458        1.30902991282254       -0.51779114059295
H           -0.41429425189401       -1.75782643049940       -0.42943223137134
H            1.86321227742018       -1.49383479562193        0.10883772119167
H            1.38546872490966        1.54661606978329        0.03377940048766
H            2.82080332999756        0.72973075519819       -0.59378685663640
H            2.47688746615260        0.69327765014106        1.13038515732647
15
 energy: -15.773914986045 gnorm: 0.000209127350 xtb: 6.7.1 (edcfbbe)
C           -2.17815041258071        0.21332443880686        0.43294200557735
C           -1.03773311434166        0.31702331648687       -0.57978133929639
C           -0.01809167572907       -0.75332407294070       -0.34340948401283
C            1.26059818214611       -0.60427666281731       -0.03402286181120
C            2.01719307218345        0.67158978798658        0.14213828365532
H           -1.79884018990336        0.35086061274244        1.44319153082059
H           -2.65201934136591       -0.76438745888580        0.37550544175335
H           -2.93150917941007        0.97372359540472        0.23903557385445
H           -1.44642697563445        0.19538632931025       -1.58771736341814
H           -0.58932411873086        1.30829904164039       -0.51996076893600
H           -0.41368272897557       -1.75833385339502       -0.42970933037063
H            1.86295074400053       -1.49343440128996        0.11027134699279
H            1.38404077687843        1.54656368929919        0.03432670090766
H            2.81933480816146        0.73037507897114       -0.59397084483401
H            2.47663035994590        0.69418704030435        1.13033313258117
15
 energy: -15.773915246179 gnorm: 0.000124413930 xtb: 6.7.1 (edcfbbe)
C           -2.17767298895635        0.21360601668604        0.43310942167078
C           -1.03784172553156        0.31643323044573       -0.58050236090626
C           -0.01805297340316       -0.75371586450804       -0.34364063538862
C            1.26051721382626       -0.60422229567664       -0.03377398767494
C            2.01674667849117        0.67194221021705        0.14239480859310
H           -1.79699248921117        0.34843606604262        1.44321551606397
H           -2.65382873712437       -0.76288864704750        0.37434416946537
H           -2.92943650679516        0.97611063338954        0.24131730629977
H           -1.44707992314942        0.19389087860491       -1.58806491181876
H           -0.58939336211847        1.30775014719280       -0.52182540521452
H           -0.41331119903885       -1.75885790920610       -0.42991914343623
H            1.86302334071319       -1.49322544487496        0.11097592945981
H            1.38320843923715        1.54673614130743        0.03517056289936
H            2.81854120830813        0.73125030284301       -0.59404150674780
H            2.47654323139683        0.69433101620812        1.13041226019846
15
 energy: -15.773915317115 gnorm: 0.000026331354 xtb: 6.7.1 (edcfbbe)
C           -2.17745306819052        0.21379818148885        0.43323953227279
C           -1.03791714106681        0.31612224235260       -0.58085509998767
C           -0.01800442706074       -0.75393337027029       -0.34384348427786
C            1.26052624041460       -0.60420219094843       -0.03394892123102
C            2.01654290154577        0.67211534585674        0.14261961090098
H           -1.79616532045884        0.34795256637682        1.44318215716726
H           -2.65444000511409       -0.76224781096458        0.37429653647505
H           -2.92859170221772        0.97702961478994        0.24203328164301
H           -1.44749580508908        0.19293911857129       -1.58815654889912
H           -0.58944970764084        1.30745330483878       -0.52287466937226
H           -0.41321307131876       -1.75911339678816       -0.42985309810274
H            1.86323889435851       -1.49307105298612        0.11082416993227
H            1.38276834592134        1.54680837897819        0.03599348440157
H            2.81807453427093        0.73189885857248       -0.59401110274539
H            2.47654953829045        0.69402669175589        1.13052617528662
