24
 energy: -32.434398127983 gnorm: 0.028859991329 xtb: 6.7.1 (edcfbbe)
C           -3.08497965089605       -0.90588221340166        0.23339543260351
O           -1.89196312231438       -0.59685415741991       -0.51540052052066
C           -1.09607796700294        0.34668239717161        0.04655576383157
O           -1.35988466621163        0.88507750745783        1.09681446977965
C            0.10673572424350        0.65052499190324       -0.83288096781466
C            0.78787413287283       -0.62272728838158       -1.36737985238394
C            1.49343191040600       -1.38542169906671       -0.24480561852843
C            2.51578330533682       -0.49316957462052        0.46393898170653
C            1.85314925594044        0.77421427220587        1.00874149717744
C            1.11451469706119        1.53961091356119       -0.09299299564940
H           -2.82467982892080       -1.30985015921778        1.21481866726371
H           -3.61731233281484       -1.64892474481321       -0.35949254724826
H           -3.69439217053921       -0.00912362103005        0.36863985633413
H           -0.30664512938682        1.20453658497318       -1.68873542716814
H            0.05909417433024       -1.25883597510599       -1.87608328026677
H            1.53173549519803       -0.31617174384119       -2.11463930127669
H            0.74782611499793       -1.73656815537659        0.48353663014197
H            1.98024682697243       -2.27957623907589       -0.65069781973760
H            3.00442458637576       -1.04406795856277        1.27578916663648
H            3.30313045729093       -0.21570435636264       -0.25178642418425
H            1.13936771252245        0.50464645397189        1.79620372516433
H            2.60284352730234        1.42725050956856        1.46983415647826
H            0.60269987062818        2.41006786020823        0.32753906802645
H            1.84087736098003        1.90760957694418       -0.82959548496554
24
 energy: -32.435455832576 gnorm: 0.010095935354 xtb: 6.7.1 (edcfbbe)
C           -3.07532781909997       -0.90506595732338        0.22827645227672
O           -1.88771512898978       -0.59327549024646       -0.50497922055727
C           -1.08655311377295        0.33564646680391        0.05455145508616
O           -1.34889100751390        0.87515673498297        1.09650916754515
C            0.10779104332709        0.64823532681931       -0.82939870000534
C            0.78959258663872       -0.61823051271896       -1.36209595456807
C            1.48485137124604       -1.37959037056823       -0.23823522589250
C            2.51097196350042       -0.48785358302160        0.45464467174401
C            1.84294722512474        0.76847326866532        1.00493228674540
C            1.12063579680442        1.53503106485486       -0.10028279805592
H           -2.81521502954940       -1.30887636015876        1.20789471755168
H           -3.60808154667263       -1.64431718399676       -0.36496290543470
H           -3.67910203859662       -0.00645277689210        0.36304468320588
H           -0.30594983835262        1.20193563992507       -1.68310067924727
H            0.05348343536188       -1.25531236692474       -1.85452630759147
H            1.53184263249586       -0.31898399305277       -2.10909039545981
H            0.74114672452675       -1.71887610631564        0.49042079075252
H            1.97622377990786       -2.26709823434016       -0.64618766231122
H            2.99086616840396       -1.03778059451763        1.26818861094826
H            3.29166639294372       -0.20736187661596       -0.26076294581543
H            1.12481828913849        0.49496655705276        1.78211536380147
H            2.59388314734666        1.41772029307214        1.46250270069169
H            0.60419814212134        2.39490395300604        0.33028676820392
H            1.84971710803236        1.90434928320007       -0.82842769821415
24
 energy: -32.435614324003 gnorm: 0.004134387083 xtb: 6.7.1 (edcfbbe)
C           -3.06216897265996       -0.90487562629273        0.22463092334836
O           -1.88102866653078       -0.58754244687216       -0.50208519782217
C           -1.08279421055379        0.33917347553217        0.05323186762754
O           -1.33648844634225        0.86983578495250        1.10088420399212
C            0.11006075154659        0.64934402426722       -0.83179297201395
C            0.78548799682055       -0.61926088715738       -1.36188815861160
C            1.47933525897970       -1.37787532713279       -0.23617736349676
C            2.50685856905396       -0.48758041161769        0.45387418055608
C            1.83854740052434        0.76709725026788        1.00440691792636
C            1.12062098879288        1.53538220686936       -0.10091913809900
H           -2.80516475700303       -1.30950477694469        1.20467730104734
H           -3.59434876872038       -1.64327850723873       -0.36847421522525
H           -3.66948574196741       -0.00888882420464        0.36147095888755
H           -0.30465478249241        1.20390474732328       -1.68349815949679
H            0.04467035959125       -1.25591295880390       -1.84675142460666
H            1.52770255844216       -0.32771467391157       -2.10885014194906
H            0.73644340404601       -1.70722430235985        0.49361623650314
H            1.96854197953905       -2.26610047200122       -0.64194219923074
H            2.98784161633735       -1.03658237613946        1.26586139933747
H            3.28086928826167       -0.20469683949028       -0.26386515192676
H            1.11572036581554        0.49023096930545        1.77286477936361
H            2.58730810001550        1.41403967712884        1.46594367310938
H            0.60269124367542        2.39281282932332        0.33106471347766
H            1.85123474920048        1.90256064688633       -0.82496585729816
24
 energy: -32.435647078881 gnorm: 0.001283233599 xtb: 6.7.1 (edcfbbe)
C           -3.05563934683504       -0.90486993921514        0.22214279502319
O           -1.87784241982593       -0.58358687840956       -0.50284516294348
C           -1.07827345345711        0.33826906419890        0.05467665650276
O           -1.32928166819627        0.86688159834827        1.10511577790521
C            0.11162164351235        0.65157181456474       -0.83375700563585
C            0.78334692343424       -0.61966363466695       -1.36204936246562
C            1.47549581468490       -1.37798458600859       -0.23412801142287
C            2.50512716771935       -0.48716246707007        0.45308963720895
C            1.83624865348014        0.76704841223650        1.00517692400736
C            1.12193940799978        1.53724777922000       -0.10192689430863
H           -2.79981204365392       -1.31244761651342        1.20196559597039
H           -3.58776124773278       -1.64281772092119       -0.37183119744951
H           -3.66689171142674       -0.01147819443045        0.36377228946316
H           -0.30412757651676        1.20580844881167       -1.68520090129599
H            0.03976926315336       -1.25547463519530       -1.84371239398180
H            1.52512399451937       -0.33321193458547       -2.11087593127979
H            0.73192072530396       -1.70221940090959        0.49677479760085
H            1.96158087088992       -2.26886280451571       -0.63735596969798
H            2.98873443189391       -1.03584318044016        1.26351086488897
H            3.27626157878925       -0.20339833958966       -0.26694483027481
H            1.11015252892144        0.48852555094200        1.76955014581070
H            2.58307654447770        1.41263478711159        1.47126714061859
H            0.60314687668908        2.39447130672585        0.32922710269171
H            1.85388332654827        1.90390575200097       -0.82432489153577
24
 energy: -32.435660117034 gnorm: 0.002339052847 xtb: 6.7.1 (edcfbbe)
C           -3.04980069414227       -0.90686311138576        0.22005174147156
O           -1.87776711693466       -0.57607292296334       -0.50713664637793
C           -1.07681556813726        0.34169265034944        0.05336154517773
O           -1.32142319760638        0.86254183272709        1.11035272740327
C            0.11349437155291        0.65528558812032       -0.83567464126153
C            0.78101436950485       -0.61973005687435       -1.36218952250718
C            1.47013383174692       -1.37772572051488       -0.23097593586968
C            2.50321717168718       -0.48707253467621        0.45269247083334
C            1.83441822398788        0.76710273157715        1.00637430971823
C            1.12508006711165        1.53961890504577       -0.10324417463123
H           -2.79055557800561       -1.31881901787341        1.19806535335519
H           -3.58124415794113       -1.64491956100309       -0.37539636118034
H           -3.66735205892196       -0.01811446549700        0.37013878333865
H           -0.30129827430285        1.20937135236781       -1.68763137734368
H            0.03434799911668       -1.25355468694301       -1.84189817125199
H            1.52351928565597       -0.33984240884147       -2.11310185399885
H            0.72461300982437       -1.69579979854976        0.50141052815295
H            1.95147801492077       -2.27324846786352       -0.63001471746714
H            2.99131753895682       -1.03540286735435        1.26090388376235
H            3.27119964153146       -0.20279613105757       -0.27112674035238
H            1.10417697239100        0.48771096235989        1.76682152271516
H            2.57934583343369        1.41080581792765        1.47829314181043
H            0.60681707495618        2.39860624926395        0.32531227584306
H            1.85988352398625        1.90456884334786       -0.82407096594023
24
 energy: -32.435665139225 gnorm: 0.001346533305 xtb: 6.7.1 (edcfbbe)
C           -3.05016591504019       -0.90739876281749        0.21990453853109
O           -1.87924071872758       -0.57398862785286       -0.50898225586310
C           -1.07654188901869        0.34162991984276        0.05346646276293
O           -1.32087794962502        0.86153494265450        1.11058515075995
C            0.11353349313709        0.65592308602210       -0.83578331759109
C            0.78079971389344       -0.61957400050235       -1.36179380848703
C            1.46931780696250       -1.37744594492289       -0.23039250378814
C            2.50273353676077       -0.48721238783688        0.45291151247849
C            1.83471926437118        0.76732790866462        1.00626577383377
C            1.12549392707559        1.53976090153062       -0.10326767787361
H           -2.78789342105033       -1.32069925874466        1.19645730974964
H           -3.58138837032690       -1.64523558922323       -0.37604350158322
H           -3.66837304931231       -0.01971691036268        0.37240134794894
H           -0.30075620365564        1.20979393497209       -1.68813335462100
H            0.03416018357789       -1.25301255043561       -1.84208449738534
H            1.52376022106595       -0.33970079571469       -2.11233723752345
H            0.72337844145424       -1.69461818885250        0.50213628994054
H            1.94993802354467       -2.27373326272965       -0.62871267079179
H            2.99140728522758       -1.03551965621276        1.26085154179766
H            3.27043918554302       -0.20328614401830       -0.27149696985445
H            1.10439504349274        0.48837403802357        1.76685399160074
H            2.57991855585035        1.41075067814364        1.47822556751376
H            0.60835554863553        2.39978882305061        0.32471959703680
H            1.86068757053656        1.90360102901126       -0.82443411319234
24
 energy: -32.435670384154 gnorm: 0.001217888649 xtb: 6.7.1 (edcfbbe)
C           -3.05045577316693       -0.90929185303060        0.21924759496445
O           -1.88436392801403       -0.56581402783294       -0.51569027256119
C           -1.07683124182167        0.34332882005333        0.05274635822663
O           -1.31780879504169        0.85592118199850        1.11327861609358
C            0.11351051197027        0.65790952499172       -0.83609201751108
C            0.78031057048297       -0.61872936522204       -1.36054291665094
C            1.46566587906064       -1.37641279886353       -0.22799409306475
C            2.50075088100050       -0.48769323935750        0.45341421810633
C            1.83522881578040        0.76791127175550        1.00590353079351
C            1.12717931195117        1.53988049932205       -0.10398434548244
H           -2.77743932876548       -1.32712018422137        1.19053317209581
H           -3.58078336565278       -1.64624177814347       -0.37830466357333
H           -3.67121102621838       -0.02564781639289        0.38026280584957
H           -0.29884823422636        1.21149288878043       -1.68938111287701
H            0.03370561107479       -1.25093512202732       -1.84244451961652
H            1.52511458650616       -0.33918185732438       -2.10946448744414
H            0.71846557368447       -1.69006745594190        0.50495636389950
H            1.94397716296642       -2.27494621770148       -0.62404518595293
H            2.98998771066874       -1.03588736500316        1.26103792969733
H            3.26800493125137       -0.20545374268204       -0.27231416353395
H            1.10504529627175        0.49086064434795        1.76734529754643
H            2.58177072339549        1.41058485377181        1.47675149100988
H            0.61347626178090        2.40284051544539        0.32243018719973
H            1.86334814943377        1.90003580496712       -0.82633261181468
24
 energy: -32.435672607569 gnorm: 0.000447742608 xtb: 6.7.1 (edcfbbe)
C           -3.04946224262308       -0.90918205691252        0.21860753762215
O           -1.88427032667829       -0.56459959264305       -0.51629958073053
C           -1.07614870045124        0.34298398088112        0.05303400931548
O           -1.31562206182365        0.85297925581427        1.11544621684702
C            0.11348549385073        0.65815911402345       -0.83628884730941
C            0.77990279744494       -0.61863610191829       -1.36071494621191
C            1.46480087999616       -1.37634540755609       -0.22768474330005
C            2.50037882307139       -0.48793833161455        0.45376626560515
C            1.83520603242887        0.76833691730177        1.00564435990232
C            1.12727920408546        1.54034169613417       -0.10453132136573
H           -2.77619345846916       -1.32784122044951        1.18942059150814
H           -3.58000970760950       -1.64566696457979       -0.37926086393660
H           -3.67062383706027       -0.02603225153576        0.38111886688192
H           -0.29945733895137        1.21163320143881       -1.68931493472821
H            0.03320542936115       -1.25081390343839       -1.84250689067100
H            1.52494525126209       -0.33959934172132       -2.10945665493127
H            0.71745749131274       -1.68910936353601        0.50526881682210
H            1.94262216754101       -2.27520217879370       -0.62346507489654
H            2.98880972515254       -1.03612599360336        1.26184699508301
H            3.26790061553633       -0.20634980976318       -0.27172057137444
H            1.10495056528997        0.49181289650070        1.76709564888095
H            2.58194873847623        1.41102218642110        1.47610352366389
H            0.61329905603817        2.40302961986967        0.32194938335140
H            1.86339568719127        1.90048683136963       -0.82674061062805
24
 energy: -32.435675196775 gnorm: 0.000595673092 xtb: 6.7.1 (edcfbbe)
C           -3.04848584066329       -0.90912516175120        0.21718066326393
O           -1.88598631135288       -0.56036358875123       -0.51921886589045
C           -1.07469692100152        0.34166790166884        0.05389779975522
O           -1.30986298088270        0.84403749028205        1.12124561943335
C            0.11321322972862        0.65879174246199       -0.83660514756381
C            0.77956920868160       -0.61808053457736       -1.36094169599961
C            1.46265065125697       -1.37613838931723       -0.22673477476146
C            2.49922960837164       -0.48844843316503        0.45471942636366
C            1.83584744085266        0.76987772062218        1.00490406254731
C            1.12762496006888        1.54123877247732       -0.10590922143990
H           -2.77259914143222       -1.33107194685948        1.18588087575741
H           -3.57984995238237       -1.64393078627651       -0.38203205195409
H           -3.67055622526180       -0.02746734374950        0.38489812710670
H           -0.30104552090935        1.21181193854606       -1.68922482419844
H            0.03304127417805       -1.24998564782466       -1.84335089275602
H            1.52552439351933       -0.33962919772489       -2.10891151091566
H            0.71449964853995       -1.68699068121169        0.50603931788394
H            1.93936320222041       -2.27595886368963       -0.62157328377048
H            2.98517708241392       -1.03661912170988        1.26427706957507
H            3.26825114561324       -0.20939715986786       -0.27000879210206
H            1.10596388439064        0.49562519075566        1.76743529126446
H            2.58385087783004        1.41254906410911        1.47339992166261
H            0.61372893714215        2.40394987489431        0.32050011045755
H            1.86334763345048        1.90100034234781       -0.82855004831942
24
 energy: -32.435674772071 gnorm: 0.001641910444 xtb: 6.7.1 (edcfbbe)
C           -3.04751453540009       -0.90907807322990        0.21581974093124
O           -1.88759649015965       -0.55632015942540       -0.52200686636302
C           -1.07331542538745        0.34044325312128        0.05470480535962
O           -1.30436972699926        0.83552107353502        1.12678493676468
C            0.11295412928512        0.65940607141675       -0.83691812532529
C            0.77924140291198       -0.61754713186761       -1.36116481172929
C            1.46057925293755       -1.37594820782881       -0.22582597766744
C            2.49812585522177       -0.48894008401376        0.45562629633345
C            1.83645047117013        0.77134669003890        1.00420666742927
C            1.12796083234133        1.54209937764198       -0.10722937570241
H           -2.76913752900144       -1.33414325955707        1.18251374718841
H           -3.57964769033252       -1.64229454227576       -0.38466719881169
H           -3.67046983904523       -0.02885278915317        0.38849564246550
H           -0.30255864984115        1.21200108498360       -1.68914537150834
H            0.03286970225429       -1.24919206385045       -1.84415276911253
H            1.52606860864144       -0.33967431709081       -2.10840290189771
H            0.71166005859186       -1.68496044465062        0.50678173118665
H            1.93621971109782       -2.27669507547051       -0.61976663857257
H            2.98169194562738       -1.03709863145382        1.26659598552533
H            3.26858180308011       -0.21231324209702       -0.26837182847978
H            1.10691045900467        0.49925670849181        1.76775551551676
H            2.58564916036177        1.41400574498884        1.47084145978940
H            0.61413416067562        2.40482271335999        0.31911289884944
H            1.86331261733644        1.90149848607571       -0.83027038676989
24
 energy: -32.435676413596 gnorm: 0.000514259753 xtb: 6.7.1 (edcfbbe)
C           -3.04890352968235       -0.90884938400402        0.21620603729048
O           -1.88787757078346       -0.55758224653925       -0.52113134797344
C           -1.07379248910729        0.34010714840137        0.05486748342615
O           -1.30588205828857        0.83725150270552        1.12523058183989
C            0.11295733774036        0.65886124395415       -0.83647539769652
C            0.77956289948358       -0.61781340098944       -1.36097948883191
C            1.46177511436795       -1.37579892984019       -0.22622597648786
C            2.49871038053115       -0.48875659238182        0.45556207018493
C            1.83656671866090        0.77098081272459        1.00409399368164
C            1.12761941207416        1.54176248353924       -0.10673629660083
H           -2.77115360136761       -1.33334958086848        1.18325871234364
H           -3.58109130687403       -1.64218561930276       -0.38408415569587
H           -3.67106217798718       -0.02794468029693        0.38753479737387
H           -0.30227345777962        1.21141084751441       -1.68888035497719
H            0.03339157310744       -1.24958152629523       -1.84418602479019
H            1.52613196244009       -0.33911727762157       -2.10822954705166
H            0.71306658936654       -1.68597381679275        0.50624661451613
H            1.93819478414632       -2.27598978133188       -0.62051837059715
H            2.98305284348956       -1.03681627441571        1.26619105761216
H            3.26885918173393       -0.21143735428386       -0.26862999183398
H            1.10741289197298        0.49851520616680        1.76792430500980
H            2.58572443716380        1.41371616484059        1.47064954168761
H            0.61397151133761        2.40465433295689        0.31964995889166
H            1.86283883862621        1.90127990384952       -0.83002102592156
24
 energy: -32.435676017009 gnorm: 0.000762409134 xtb: 6.7.1 (edcfbbe)
C           -3.05015738024541       -0.90866249068900        0.21657137212200
O           -1.88810744866999       -0.55876676917635       -0.52030005054795
C           -1.07422114863922        0.33980396757361        0.05501430859761
O           -1.30732348987734        0.83892273062655        1.12372603062584
C            0.11297354656734        0.65837244483124       -0.83605836571773
C            0.77983402292437       -0.61805534301619       -1.36081664183912
C            1.46285502689035       -1.37563757221755       -0.22659674839100
C            2.49924557134254       -0.48861878987376        0.45553349579398
C            1.83666036785818        0.77062380268282        1.00396983346943
C            1.12731078099531        1.54148049152593       -0.10628053345380
H           -2.77297027085382       -1.33260519125956        1.18396090985752
H           -3.58237295665781       -1.64214056109879       -0.38351682459301
H           -3.67159441557202       -0.02714237895626        0.38663370460736
H           -0.30198710115338        1.21087511212721       -1.68863291032089
H            0.03384564325342       -1.24992305357069       -1.84424527553484
H            1.52618122680505       -0.33859704000344       -2.10805533683161
H            0.71432867942117       -1.68687372003269        0.50573754933021
H            1.93998196688575       -2.27531946985547       -0.62120882693370
H            2.98430225227970       -1.03659306071357        1.26584873412173
H            3.26910316465541       -0.21066017737334       -0.26884157110411
H            1.10786226545573        0.49782206847432        1.76806011091487
H            2.58579000049512        1.41341198782243        1.47045258784425
H            0.61383858972413        2.40453657002252        0.32014567607875
H            1.86242139048790        1.90108962383919       -0.82978405269601
24
 energy: -32.435677144678 gnorm: 0.000120323972 xtb: 6.7.1 (edcfbbe)
C           -3.05013204617922       -0.90841817198378        0.21586141032849
O           -1.88925590892346       -0.55663170921863       -0.52181311242366
C           -1.07369575616459        0.33913455309011        0.05547255005928
O           -1.30448671188002        0.83453079116833        1.12671203176233
C            0.11273048463752        0.65854395262699       -0.83627100104733
C            0.77995136015627       -0.61787817222746       -1.36069631583789
C            1.46221250711373       -1.37579285825550       -0.22613247940271
C            2.49877261200606       -0.48845090363465        0.45554298932933
C            1.83711692559138        0.77146589981169        1.00388002709664
C            1.12740797141268        1.54151470814769       -0.10679242592796
H           -2.77183262338616       -1.33423737757710        1.18218375951393
H           -3.58287964276139       -1.64084632856310       -0.38505882572864
H           -3.67182925251895       -0.02748155306428        0.38846903925310
H           -0.30282984067038        1.21082444073945       -1.68870214014474
H            0.03402655217563       -1.24973321393213       -1.84417682400900
H            1.52650767935253       -0.33867967708666       -2.10784252422021
H            0.71345907384809       -1.68627561988371        0.50630300821381
H            1.93895252734861       -2.27590369018061       -0.62032713757122
H            2.98304049208611       -1.03632655645477        1.26633993407452
H            3.26918383928888       -0.21148959049377       -0.26862550914389
H            1.10844791168688        0.49945650604369        1.76836545989925
H            2.58665959456530        1.41437843399173        1.46963470016514
H            0.61400979607287        2.40461183608102        0.31955839709782
H            1.86226273951409        1.90102748254464       -0.83056783593662
24
 energy: -32.435677693396 gnorm: 0.000326732335 xtb: 6.7.1 (edcfbbe)
C           -3.05074352067576       -0.90787295239537        0.21492629936414
O           -1.89082624147487       -0.55436173479509       -0.52335762961499
C           -1.07311389702720        0.33789595012388        0.05633026409931
O           -1.30137690053632        0.82916835769692        1.13016790755687
C            0.11252848644139        0.65837967416845       -0.83604865547315
C            0.77994093875444       -0.61796847660853       -1.36052830821869
C            1.46195697907798       -1.37562497736933       -0.22557702178987
C            2.49886561476960       -0.48829030715829        0.45573376215457
C            1.83756646470304        0.77217897335285        1.00345405919491
C            1.12734858708872        1.54179054663100       -0.10730227482468
H           -2.77140384734314       -1.33598366568459        1.17999586012096
H           -3.58428212899606       -1.63885328640339       -0.38709224305660
H           -3.67231429504601       -0.02733588173083        0.39037785190991
H           -0.30371913842603        1.21024260836923       -1.68837058717403
H            0.03414478769403       -1.24992040493793       -1.84411293445223
H            1.52660479231518       -0.33877477347163       -2.10757949174198
H            0.71315835269437       -1.68571982397636        0.50698520845021
H            1.93851210220127       -2.27596591586440       -0.61946315120817
H            2.98269044511770       -1.03596737511834        1.26694751209304
H            3.26955200494625       -0.21209781306194       -0.26845224409324
H            1.10935917910016        0.50095920638083        1.76865378623906
H            2.58755354997484        1.41531781812189        1.46818208900146
H            0.61397796248297        2.40495153271060        0.31897603640929
H            1.86182000653591        1.90119590270954       -0.83152891954635
24
 energy: -32.435678411401 gnorm: 0.000284851692 xtb: 6.7.1 (edcfbbe)
C           -3.05213632356730       -0.90692859900714        0.21376937512243
O           -1.89297678168350       -0.55182442460819       -0.52497791688050
C           -1.07267512643176        0.33630038388580        0.05738067060917
O           -1.29806986553028        0.82303898572147        1.13384728402113
C            0.11219084023703        0.65794723995968       -0.83564105426866
C            0.78000859790080       -0.61831052589105       -1.35998244770803
C            1.46240582295681       -1.37556229962564       -0.22502678751756
C            2.49931676541959       -0.48775396788122        0.45565782893458
C            1.83829433602144        0.77298799729288        1.00306755108150
C            1.12712092013148        1.54180232113835       -0.10763820538610
H           -2.77179688540739       -1.33783325126269        1.17732364712997
H           -3.58676596163174       -1.63599417838472       -0.38962279405896
H           -3.67314582895302       -0.02661160811876        0.39240792108881
H           -0.30481990303941        1.20919957471708       -1.68795575158284
H            0.03430511183490       -1.25051201057485       -1.84340487616726
H            1.52647841805891       -0.33900474052830       -2.10720469276541
H            0.71381203610729       -1.68547602261837        0.50786029622576
H            1.93898243002991       -2.27602027177375       -0.61868610687375
H            2.98331630253123       -1.03504563822195        1.26702573392878
H            3.26987700714488       -0.21194575954707       -0.26882938929748
H            1.11065101528231        0.50215834126116        1.76892526751071
H            2.58855361576373        1.41650821670135        1.46686895487449
H            0.61379927739470        2.40502908491192        0.31858628625172
H            1.86107446380185        1.90119433414321       -0.83243361887275
24
 energy: -32.435679264912 gnorm: 0.000134102930 xtb: 6.7.1 (edcfbbe)
C           -3.05385891129882       -0.90572144079770        0.21249083579370
O           -1.89540915758109       -0.54902169135463       -0.52671644863100
C           -1.07234331087689        0.33469353840430        0.05844543632318
O           -1.29498947081100        0.81694734743134        1.13738989554758
C            0.11188646185603        0.65730591364190       -0.83509237983644
C            0.77999778842470       -0.61895400682152       -1.35924908137052
C            1.46323869123520       -1.37542566661545       -0.22432387557846
C            2.50022297456918       -0.48697084685195        0.45533119168983
C            1.83892834322092        0.77358292482746        1.00272172648911
C            1.12677553866650        1.54172610209815       -0.10779284857370
H           -2.77239779849882       -1.33986656183663        1.17424773291241
H           -3.58978174530824       -1.63249592065428       -0.39250219543566
H           -3.67401578296793       -0.02556132781021        0.39474052088290
H           -0.30567083527697        1.20791283532823       -1.68752308586982
H            0.03424266502023       -1.25157011929308       -1.84208116672014
H            1.52598550998871       -0.33962649958691       -2.10695881558898
H            0.71517157067397       -1.68528383850949        0.50915409558607
H            1.93992316905441       -2.27589252701414       -0.61783243607122
H            2.98508712425416       -1.03374461810321        1.26652784133217
H            3.27012191013339       -0.21104043701461       -0.26982762335584
H            1.11183334922760        0.50265436380521        1.76904029778023
H            2.58915576468736        1.41758575039747        1.46589157633074
H            0.61348617702948        2.40500744938652        0.31839005399682
H            1.86021025895037        1.90110245863245       -0.83315407223325
24
 energy: -32.435680077414 gnorm: 0.000131183915 xtb: 6.7.1 (edcfbbe)
C           -3.05555653634630       -0.90451349772700        0.21140006509455
O           -1.89748711786411       -0.54689957019608       -0.52802910357864
C           -1.07230129146366        0.33344127229985        0.05920261880155
O           -1.29299527884238        0.81232684577635        1.13995971636949
C            0.11160150857645        0.65659478255504       -0.83452486967798
C            0.77991783544258       -0.61972343733123       -1.35844882745663
C            1.46447043803186       -1.37540068729706       -0.22379960483358
C            2.50136477615102       -0.48613446676537        0.45487993093146
C            1.83946905062190        0.77395643483768        1.00251515480307
C            1.12641521412106        1.54155953330803       -0.10778546039778
H           -2.77340353716973       -1.34154788238880        1.17160242433267
H           -3.59282673263854       -1.62906863333182       -0.39503949971007
H           -3.67458485994700       -0.02424946847423        0.39671868206977
H           -0.30626042205719        1.20667882160614       -1.68712269980711
H            0.03402458009015       -1.25284088606145       -1.84042709495158
H            1.52521185803323       -0.34047054602904       -2.10686409212038
H            0.71710556274054       -1.68536348566761        0.51033975808906
H            1.94134400780935       -2.27575477281869       -0.61734522290392
H            2.98742566579935       -1.03240308349375        1.26570471787926
H            3.27034640803958       -0.20965701879658       -0.27103298238864
H            1.11283519750698        0.50245375971117        1.76904289676695
H            2.58937248926248        1.41850406567657        1.46543739793266
H            0.61292327212199        2.40469415806472        0.31845520052955
H            1.85938819635283        1.90116094423237       -0.83352193037404
24
 energy: -32.435680802161 gnorm: 0.000149295453 xtb: 6.7.1 (edcfbbe)
C           -3.05706773569434       -0.90333216332147        0.21040245204317
O           -1.89920287526338       -0.54523946018593       -0.52910251907889
C           -1.07227858797243        0.33235299403571        0.05982872791012
O           -1.29156235788138        0.80870866558695        1.14196169959083
C            0.11136912422199        0.65582163207286       -0.83403896650309
C            0.77986506486029       -0.62053720404112       -1.35775199773308
C            1.46566285009380       -1.37537030718497       -0.22327226004107
C            2.50256767556668       -0.48527896166341        0.45429374704144
C            1.83996973857899        0.77421466796098        1.00238610518211
C            1.12592029404799        1.54132264567364       -0.10758692173961
H           -2.77456082245362       -1.34318421327917        1.16918882901237
H           -3.59574438286270       -1.62566307627983       -0.39741973966130
H           -3.67484774828086       -0.02281322419862        0.39856490762557
H           -0.30669635143757        1.20545459407289       -1.68681499888820
H            0.03378273484942       -1.25421409230123       -1.83872372561868
H            1.52438802543047       -0.34138265894243       -2.10696445703004
H            0.71909886266668       -1.68557378324789        0.51157744887133
H            1.94279536123282       -2.27551202185466       -0.61694603577965
H            2.98983751596194       -1.03106567408069        1.26470070331124
H            3.27064004450849       -0.20818669936326       -0.27234133496100
H            1.11377154437489        0.50205582020592        1.76907075240164
H            2.58953157115228        1.41928383289623        1.46511830933562
H            0.61215847400724        2.40422207123123        0.31881387302105
H            1.85840226466477        1.90125979789753       -0.83362742291220
24
 energy: -32.435681416862 gnorm: 0.000088940549 xtb: 6.7.1 (edcfbbe)
C           -3.05843046119455       -0.90235691672255        0.20950712033439
O           -1.90059835642347       -0.54405700790816       -0.52990006505666
C           -1.07228953593539        0.33133193531566        0.06046055388024
O           -1.29047233868011        0.80565758986822        1.14373445439652
C            0.11114024751898        0.65514945523246       -0.83350737796782
C            0.77980704588431       -0.62122299610581       -1.35707333318730
C            1.46680150122123       -1.37541568764700       -0.22288477873967
C            2.50362259789989       -0.48459249708138        0.45384020272540
C            1.84046939007216        0.77449347028051        1.00220557079871
C            1.12555346924612        1.54119850914464       -0.10751029344677
H           -2.77588598377308       -1.34486135702330        1.16706716081115
H           -3.59848945551811       -1.62251204229061       -0.39967887305657
H           -3.67490282814897       -0.02145959533454        0.40017955287337
H           -0.30716715768694        1.20440993316510       -1.68639158584913
H            0.03359728584901       -1.25535642269919       -1.83725432938224
H            1.52368088834003       -0.34214134849067       -2.10693742577812
H            0.72089778563192       -1.68576913591470        0.51254973301159
H            1.94411851395978       -2.27542503998954       -0.61665210876459
H            2.99189127053470       -1.02996093082137        1.26392913730440
H            3.27092154910152       -0.20703956313816       -0.27342758120653
H            1.11480426471092        0.50184258159713        1.76920963069449
H            2.58979948172932        1.42007172607559        1.46459166782399
H            0.61140885137219        2.40376269426272        0.31910639271694
H            1.85752225866100        1.90159582791419       -0.83384624953614
24
 energy: -32.435681953551 gnorm: 0.000101892018 xtb: 6.7.1 (edcfbbe)
C           -3.05962449889380       -0.90157700831203        0.20882747890093
O           -1.90152606090288       -0.54354318075805       -0.53024627299157
C           -1.07239812996532        0.33050131187805        0.06094614750581
O           -1.28987610834380        0.80351963924032        1.14492038215873
C            0.11091929909350        0.65447990595625       -0.83305521558818
C            0.77984087496564       -0.62179355647463       -1.35658601812664
C            1.46777851451716       -1.37543601757477       -0.22258944604840
C            2.50456853066470       -0.48402393549089        0.45343619211095
C            1.84104166705047        0.77476425937651        1.00204325043576
C            1.12513472106890        1.54101353452951       -0.10735765536095
H           -2.77747739825350       -1.34645544957547        1.16538937527598
H           -3.60103739577008       -1.61964873203726       -0.40161072090212
H           -3.67466781374646       -0.02012243360301        0.40150462381298
H           -0.30765732892053        1.20341594169573       -1.68601344974728
H            0.03359520044690       -1.25633367320583       -1.83617853929104
H            1.52317401013280       -0.34263640743765       -2.10695787357078
H            0.72243691963593       -1.68606182483997        0.51329785833245
H            1.94533107837563       -2.27525297031897       -0.61651199160604
H            2.99354383655772       -1.02904896567415        1.26333165019706
H            3.27132682758237       -0.20614216545362       -0.27427464162237
H            1.11589732447222        0.50178358752067        1.76942099791185
H            2.59027601874823        1.42077940633385        1.46399258000905
H            0.61061594038893        2.40321917338507        0.31953495330165
H            1.85658425546772        1.90194274252961       -0.83394648969817
24
 energy: -32.435682527880 gnorm: 0.000057672418 xtb: 6.7.1 (edcfbbe)
C           -3.06098808339132       -0.90072676127307        0.20803580872634
O           -1.90251833531025       -0.54302887779413       -0.53061834967430
C           -1.07239362124477        0.32940283976688        0.06165068603027
O           -1.28911578679656        0.80112703562632        1.14636082606912
C            0.11068266105712        0.65373919060030       -0.83254992206453
C            0.77992018040657       -0.62242083309882       -1.35600598230079
C            1.46883374695089       -1.37547117886119       -0.22221800188585
C            2.50556918961122       -0.48336188402237        0.45294233568941
C            1.84165786292953        0.77509124504638        1.00182862161113
C            1.12465656526437        1.54082259289772       -0.10721176480356
H           -2.77935176516368       -1.34870419586807        1.16333026862438
H           -3.60405954681533       -1.61614900946685       -0.40405838371445
H           -3.67423128366780       -0.01854182654703        0.40327183083115
H           -0.30824022557413        1.20234417182547       -1.68555350066785
H            0.03366877047900       -1.25742608010068       -1.83498591934802
H            1.52270074445428       -0.34315094097673       -2.10688744636650
H            0.72408756415419       -1.68624911749755        0.51421591221977
H            1.94660369754467       -2.27515317040053       -0.61619936958597
H            2.99539932369351       -1.02798011624675        1.26258894511633
H            3.27168261901400       -0.20516474711562       -0.27533036757713
H            1.11713445349127        0.50179017476427        1.76967811619460
H            2.59081728856016        1.42159560926399        1.46321494312467
H            0.60978834870111        2.40268163547087        0.31997349422709
H            1.85549591602440        1.90227742569646       -0.83415560507568
24
 energy: -32.435682531241 gnorm: 0.000049012497 xtb: 6.7.1 (edcfbbe)
C           -3.06100218302401       -0.90072691953474        0.20803872360732
O           -1.90250659919290       -0.54303572636149       -0.53061697313127
C           -1.07241094645627        0.32939440292664        0.06164076752230
O           -1.28911247069211        0.80113066072432        1.14637556415514
C            0.11068396443101        0.65373658059335       -0.83254764353816
C            0.77992226504293       -0.62242029605172       -1.35600249085791
C            1.46883680577040       -1.37547372338104       -0.22221785050186
C            2.50557136938891       -0.48335954416275        0.45293864225320
C            1.84166089655400        0.77509383033055        1.00183143441562
C            1.12465767012734        1.54081793980920       -0.10721399036204
H           -2.77936601792568       -1.34870448546916        1.16332054697526
H           -3.60406481801753       -1.61613449198231       -0.40405969109082
H           -3.67422638396889       -0.01854193157712        0.40327035536481
H           -0.30824526463808        1.20233995359472       -1.68554767819722
H            0.03367084494375       -1.25742807190947       -1.83498583951641
H            1.52270134539855       -0.34315059535408       -2.10688713382822
H            0.72409359646860       -1.68624941816494        0.51421636566216
H            1.94660651916120       -2.27515346640779       -0.61619855405602
H            2.99540602309929       -1.02797672797823        1.26258567446635
H            3.27168544377426       -0.20516063303483       -0.27533447284929
H            1.11713909514758        0.50178932383038        1.76968029219659
H            2.59081920960804        1.42159829545682        1.46321376840210
H            0.60978598657228        2.40267909677025        0.31997424759953
H            1.85549393279976        1.90227912902272       -0.83415688929154
