26
 energy: -668.978361923032 gnorm: 0.002705730843 xtb: 6.7.1 (edcfbbe)
C           -3.82802342059718       -1.20048235821685       -1.04024827662563
N           -3.31957018712707       -0.94672919397584        0.30058709246933
C           -2.21330504584736       -0.21455625928174        0.59394500764016
O           -1.84449028247056        0.09605962886284        1.70306630026344
O           -1.54289145645198        0.11668129811173       -0.57222224093663
C           -0.30173848324426        0.72794421739220       -0.40409876457816
C           -0.20464639164641        2.08488119248634       -0.55575995567295
C            1.05488310432624        2.70849305090132       -0.45127515554123
C            2.18090051647766        1.96586876706535       -0.19538617399729
C            2.09934700172929        0.56161988282685       -0.03845440861891
C            0.82833096541345       -0.08469598221778       -0.14757286989732
C            0.74870022498965       -1.48835856932857       -0.00069907265748
C            1.87929852070891       -2.22629951794434        0.25190932943139
C            3.13511272937685       -1.59440428297690        0.36709232643377
C            3.24108674095655       -0.23288577904748        0.22373670417401
H           -4.25725677974617       -0.30229285096838       -1.50417073896072
H           -4.60484072610186       -1.96769243695709       -0.97791825068066
H           -3.02896642361163       -1.57374731365771       -1.68455290285637
H           -3.92081165869884       -1.11169495497461        1.08996850681223
H           -1.10098533373807        2.66423668695151       -0.74749686520280
H            1.12426745319632        3.78472612750861       -0.56921184549717
H            3.15087309702746        2.44626522810829       -0.10910423347565
H           -0.21571720480528       -1.97616110263986       -0.08866534091635
H            1.80882504749643       -3.30313131950044        0.36557515180947
H            4.01899906978909       -2.19039078432328        0.56966025796989
H            4.20642299786275        0.25721862327599        0.31111811338588
26
 energy: -668.978370961182 gnorm: 0.001313581714 xtb: 6.7.1 (edcfbbe)
C           -3.82843236982985       -1.20028103409146       -1.04157403988335
N           -3.31981016536987       -0.94754246878300        0.29955647967110
C           -2.21290696290479       -0.21666214107108        0.59496937853405
O           -1.84534519517885        0.09451047814473        1.70416815247228
O           -1.54272754152815        0.11565391274613       -0.57094102069484
C           -0.30139517643739        0.72790986330416       -0.40287422857584
C           -0.20520735152487        2.08475601171219       -0.55496722291649
C            1.05440960016077        2.70853541384554       -0.45132169274418
C            2.18062502220740        1.96605180564774       -0.19592231081741
C            2.09972472243447        0.56182927221923       -0.03855184356304
C            0.82841309779983       -0.08475631811997       -0.14675614227633
C            0.74889854168124       -1.48837237676134        0.00051539715272
C            1.87980002551706       -2.22611859134119        0.25267932959597
C            3.13573286152680       -1.59420780571289        0.36674731449749
C            3.24161586095253       -0.23267303776600        0.22300246719016
H           -4.25346105113369       -0.30090350850334       -1.50537715876521
H           -4.60748018709779       -1.96409702374261       -0.97843194868837
H           -3.03015534471574       -1.57558879276700       -1.68559912103774
H           -3.92156845409173       -1.10995757403908        1.08897670456655
H           -1.10197211561459        2.66338168556056       -0.74652882573809
H            1.12384510421869        3.78471127071312       -0.56974277790912
H            3.15049609401492        2.44676848478963       -0.11044436626450
H           -0.21545760389581       -1.97659942207677       -0.08668059820622
H            1.80921291732154       -3.30295191539701        0.36658191675867
H            4.01979609443278       -2.19018261815600        0.56881259490364
H            4.20715316746720        0.25725781938655        0.30952392431647
26
 energy: -668.978378851747 gnorm: 0.002073408693 xtb: 6.7.1 (edcfbbe)
C           -3.82962031804444       -1.19856465071481       -1.04524382237853
N           -3.32056968358405       -0.95012440418650        0.29691325027514
C           -2.21455034330556       -0.21887904098930        0.59712415195427
O           -1.84745602783540        0.08853455967614        1.70712263608144
O           -1.54260733098458        0.11348074061878       -0.56762515771152
C           -0.30051732192019        0.72722471665946       -0.39938298745064
C           -0.20671457006122        2.08381322356694       -0.55275404910084
C            1.05294380911813        2.70823871654231       -0.45154092384789
C            2.17993245216516        1.96630757433955       -0.19768884557823
C            2.10071204025628        0.56212776614417       -0.03876739761568
C            0.82869609551259       -0.08529803874692       -0.14398237151594
C            0.74990320021851       -1.48864722563542        0.00473858826054
C            1.88178993762367       -2.22568410575184        0.25517386944346
C            3.13790314326872       -1.59351950322062        0.36576738728012
C            3.24333319865337       -0.23195911411454        0.22071919207013
H           -4.24301115427984       -0.29512105191055       -1.50931869645595
H           -4.61572328519526       -1.95337139695521       -0.98128992005183
H           -3.03369170755967       -1.58114175087887       -1.68791081461350
H           -3.92332674486013       -1.10797232213510        1.08646260384579
H           -1.10463169204392        2.66061445565936       -0.74356330611568
H            1.12235121584979        3.78431442337122       -0.57111882501914
H            3.14959131495235        2.44806660640845       -0.11488322420674
H           -0.21413179456385       -1.97805357334693       -0.07980437543146
H            1.81119342435799       -3.30242775239551        0.37025621332720
H            4.02263653984671       -2.18923247342365        0.56606041604269
H            4.20936747547754        0.25774291769249        0.30435242616526
26
 energy: -668.978384216802 gnorm: 0.001831306245 xtb: 6.7.1 (edcfbbe)
C           -3.82991105664151       -1.19708566239103       -1.04620670288160
N           -3.32107420856005       -0.95136571477922        0.29656364172742
C           -2.21442680156513       -0.22127649126502        0.59747900085724
O           -1.84853828307125        0.08661928072606        1.70780505022901
O           -1.54234051825087        0.11217399858697       -0.56683265338873
C           -0.30053336010246        0.72649681413626       -0.39822746780061
C           -0.20726768217552        2.08315108252163       -0.55176581833410
C            1.05226920335940        2.70794024199920       -0.45145370299876
C            2.17967464229212        1.96632227819158       -0.19839493502793
C            2.10094491680341        0.56219214225730       -0.03900478624106
C            0.82902164542531       -0.08558947680798       -0.14306806870755
C            0.75066334898389       -1.48885529810535        0.00640799163449
C            1.88291812627407       -2.22552866474908        0.25623818067082
C            3.13895361724480       -1.59305951933895        0.36529448100685
C            3.24394861790452       -0.23152204027389        0.21967417587210
H           -4.23848416480982       -0.29156565346514       -1.51119644327442
H           -4.62003989982566       -1.94816122236750       -0.98314967624613
H           -3.03522993799905       -1.58426746059602       -1.68782024905807
H           -3.92516810401217       -1.10728541917976        1.08559044505899
H           -1.10546725366050        2.65956823197769       -0.74246581884464
H            1.12142558054260        3.78399780596390       -0.57135863216035
H            3.14925708376911        2.44841273001484       -0.11662169150643
H           -0.21333406787446       -1.97850196727428       -0.07686129278366
H            1.81259980669591       -3.30221213989158        0.37196440118541
H            4.02399028246847       -2.18849385744172        0.56494576226404
H            4.20994940702351        0.25836423638535        0.30227911728048
26
 energy: -668.978395301466 gnorm: 0.002812860421 xtb: 6.7.1 (edcfbbe)
C           -3.83183021050014       -1.18555929764357       -1.05312283045200
N           -3.32496703617703       -0.96012795955998        0.29417160769180
C           -2.21634683376027       -0.23440371774336        0.59955718789377
O           -1.85557709548889        0.07152347436194        1.71270102758259
O           -1.54079367517379        0.10271672401817       -0.56109943601435
C           -0.30118960358604        0.72008788945382       -0.38983460350199
C           -0.21140489108358        2.07715494647311       -0.54505999737593
C            1.04683336793305        2.70505945540698       -0.45103658849705
C            2.17744482610162        1.96616349753225       -0.20374427984350
C            2.10233757378847        0.56237081956866       -0.04084756362381
C            0.83146339777293       -0.08825817764241       -0.13585175577032
C            0.75668690011142       -1.49096206988644        0.01963669399794
C            1.89191490141182       -2.22465899842842        0.26472315074790
C            3.14738030745326       -1.58954612985290        0.36187189613153
C            3.24860694349256       -0.22817211630146        0.21175327352381
H           -4.20353202465688       -0.26420319024391       -1.52344117893202
H           -4.65247930884790       -1.90766269663121       -0.99786374304644
H           -3.04725000658597       -1.60598870537547       -1.68807904549382
H           -3.93832249269567       -1.10543111676913        1.07862144338969
H           -1.11155199498937        2.65106568929866       -0.73460888706736
H            1.11340479948331        3.78101857344116       -0.57295668015251
H            3.14648789465596        2.45065816404694       -0.12952359482228
H           -0.20698208675425       -1.98250186970627       -0.05449886869012
H            1.82426436774335       -3.30093365340237        0.38546036546909
H            4.03501731681249       -2.18259887632401        0.55656217305161
H            4.21417817685266        0.26364939109486        0.28631158132961
26
 energy: -668.978403017421 gnorm: 0.001510916350 xtb: 6.7.1 (edcfbbe)
C           -3.83170936410499       -1.18629220718934       -1.05224995877369
N           -3.32466274752557       -0.95879790379442        0.29448177936410
C           -2.21665320994182       -0.23197018316345        0.59920353351499
O           -1.85440696583330        0.07318602021019        1.71193708462011
O           -1.54108678521293        0.10352258357185       -0.56184552903505
C           -0.30135965437348        0.72029975796776       -0.39112538370766
C           -0.21101486604547        2.07733916636904       -0.54616486757359
C            1.04724696733096        2.70509257403200       -0.45113841684695
C            2.17751714908981        1.96607224184230       -0.20302592114718
C            2.10202963501759        0.56222894142675       -0.04066809400730
C            0.83124056559381       -0.08828574917550       -0.13679736298193
C            0.75634282204696       -1.49112365166907        0.01812612629424
C            1.89132613091460       -2.22491607572986        0.26388966353537
C            3.14673991652443       -1.58984173381026        0.36245901630311
C            3.24809608208279       -0.22849346316875        0.21274576633599
H           -4.20719191100019       -0.26706675078653       -1.52126636552726
H           -4.64860753226824       -1.91095997111326       -0.99623070930689
H           -3.04679800944237       -1.60258405474470       -1.68843518191189
H           -3.93674619280077       -1.10673871389229        1.07917003309814
H           -1.11088634945433        2.65167800033881       -0.73585158116419
H            1.11371512933897        3.78111633941555       -0.57269526049430
H            3.14656809771791        2.45023720245003       -0.12780376889958
H           -0.20735377432806       -1.98248696860964       -0.05692594943736
H            1.82368344937558       -3.30120837184058        0.38433707536370
H            4.03421457560403       -2.18296620417376        0.55766495399489
H            4.21355084931597        0.26341985404641        0.28801225418396
26
 energy: -668.978408569849 gnorm: 0.000689106426 xtb: 6.7.1 (edcfbbe)
C           -3.83286768005034       -1.18330144168335       -1.05329517452222
N           -3.32559124433004       -0.95857867253891        0.29382608402198
C           -2.21767397254180       -0.23177812517629        0.59983850102869
O           -1.85363355379600        0.07057352042784        1.71248421148737
O           -1.54100774023629        0.10085992490574       -0.56098323956122
C           -0.30183370724459        0.71800936336014       -0.39119381145952
C           -0.21208911962116        2.07501317146382       -0.54659811070603
C            1.04563888796479        2.70392330153613       -0.45148235940010
C            2.17644220828882        1.96593884107436       -0.20334714655850
C            2.10194794987266        0.56201517208153       -0.04095835668951
C            0.83167310657631       -0.08963638578422       -0.13643583943071
C            0.75808040987297       -1.49263870156056        0.01944430406659
C            1.89379844654873       -2.22523315401676        0.26523877212516
C            3.14886521347778       -1.58904254226523        0.36272025016814
C            3.24892142577626       -0.22779770628062        0.21222070021914
H           -4.20037851073621       -0.26183528795814       -1.52104515595961
H           -4.65409413041977       -1.90098232073586       -0.99724667180068
H           -3.05091365899819       -1.60368643453247       -1.68949417318742
H           -3.93788408789784       -1.10873163518682        1.07760462613591
H           -1.11224268415376        2.64897784897597       -0.73615614304588
H            1.11058095003546        3.78007004509924       -0.57295825485297
H            3.14520941233865        2.45049706538639       -0.12821451234502
H           -0.20540116591689       -1.98470264240831       -0.05471036795935
H            1.82729924200323       -3.30145833942131        0.38681961290773
H            4.03703896942384       -2.18129057529889        0.55750053267667
H            4.21390683880941        0.26527430819230        0.28622383831609
26
 energy: -668.978412041601 gnorm: 0.000584998228 xtb: 6.7.1 (edcfbbe)
C           -3.83408003341422       -1.17985014570985       -1.05466578140434
N           -3.32677088118357       -0.95928160882892        0.29337951683108
C           -2.21774402029832       -0.23463641651222        0.60071913566072
O           -1.85381725294539        0.06682454330250        1.71362890598462
O           -1.54043670810084        0.09773998950729       -0.55980959395237
C           -0.30185926073957        0.71599242447930       -0.39019432032072
C           -0.21328765299008        2.07295621098758       -0.54603206865745
C            1.04391003687144        2.70294868680304       -0.45178913432396
C            2.17548207725406        1.96594374877964       -0.20428975264261
C            2.10224727099893        0.56198357876626       -0.04136381004766
C            0.83236703624982       -0.09064502414223       -0.13553984276040
C            0.75990537880114       -1.49363989878001        0.02148110450399
C            1.89638726449003       -2.22522398869010        0.26688657271187
C            3.15113977294619       -1.58806897373862        0.36257590329739
C            3.25005170540554       -0.22685661928379        0.21113517955244
H           -4.19232870291767       -0.25494762319304       -1.52341137636372
H           -4.66227661988427       -1.88992463137977       -0.99935596489910
H           -3.05492565538163       -1.60786423014088       -1.68974694358441
H           -3.94010122700977       -1.10895870426058        1.07643950310921
H           -1.11393684888393        2.64608807568280       -0.73557373706578
H            1.10781588953395        3.77908508976281       -0.57355667393376
H            3.14397560810337        2.45122683950516       -0.12982214781194
H           -0.20330985784123       -1.98646316838496       -0.05158942699291
H            1.83076460905771       -3.30143187844096        0.38935078230267
H            4.03991266841413       -2.17958172967101        0.55690167892034
H            4.21470486450846        0.26704175990866        0.28404283608163
26
 energy: -668.978412041601 gnorm: 0.000584998228 xtb: 6.7.1 (edcfbbe)
C           -3.83408003341422       -1.17985014570985       -1.05466578140434
N           -3.32677088118357       -0.95928160882892        0.29337951683108
C           -2.21774402029832       -0.23463641651222        0.60071913566072
O           -1.85381725294539        0.06682454330250        1.71362890598462
O           -1.54043670810084        0.09773998950729       -0.55980959395237
C           -0.30185926073957        0.71599242447930       -0.39019432032072
C           -0.21328765299008        2.07295621098758       -0.54603206865745
C            1.04391003687144        2.70294868680304       -0.45178913432396
C            2.17548207725406        1.96594374877964       -0.20428975264261
C            2.10224727099893        0.56198357876626       -0.04136381004766
C            0.83236703624982       -0.09064502414223       -0.13553984276040
C            0.75990537880114       -1.49363989878001        0.02148110450399
C            1.89638726449003       -2.22522398869010        0.26688657271187
C            3.15113977294619       -1.58806897373862        0.36257590329739
C            3.25005170540554       -0.22685661928379        0.21113517955244
H           -4.19232870291767       -0.25494762319304       -1.52341137636372
H           -4.66227661988427       -1.88992463137977       -0.99935596489910
H           -3.05492565538163       -1.60786423014088       -1.68974694358441
H           -3.94010122700977       -1.10895870426058        1.07643950310921
H           -1.11393684888393        2.64608807568280       -0.73557373706578
H            1.10781588953395        3.77908508976281       -0.57355667393376
H            3.14397560810337        2.45122683950516       -0.12982214781194
H           -0.20330985784123       -1.98646316838496       -0.05158942699291
H            1.83076460905771       -3.30143187844096        0.38935078230267
H            4.03991266841413       -2.17958172967101        0.55690167892034
H            4.21470486450846        0.26704175990866        0.28404283608163
