20
 energy: -30.356437653789 gnorm: 0.023208543070 xtb: 6.7.1 (edcfbbe)
C           -2.99766081360359        1.23821012196922        0.00044075386968
C           -1.75849195519029        0.38437477260067       -0.00006412677787
C           -1.83004656926987       -1.00436693351213       -0.00031997504716
C           -0.67484658716956       -1.78690425530976       -0.00028524833610
C            0.57123029525073       -1.18581601012652       -0.00005780676088
C            0.65832274602999        0.21780690946967        0.00009667001479
C           -0.49333699052544        0.99083529332424        0.00012224686707
O            1.94628687779397        0.69556783667978        0.00009388125622
C            2.12154981157122        2.10858563891065       -0.00021178238504
O            1.70063199330353       -1.95224262833950       -0.00010136451717
H           -3.89901643053450        0.62066307770489       -0.00409927092629
H           -3.03728647798054        1.88305582308485        0.88549694453566
H           -3.03313376275707        1.89018054100414       -0.87951734299786
H           -2.79979710485476       -1.49230481750874       -0.00055566111817
H           -0.72931821301459       -2.87022370864290       -0.00052220179684
H           -0.42690973618899        2.07349060690994        0.00028631179330
H            3.19896659286888        2.27830720337767       -0.00088291659563
H            1.67975257384173        2.56109939462149        0.89668568773231
H            1.67868594669852        2.56083903815703       -0.89670900853061
H            2.45800764102219       -1.35137319920781        0.00000631029839
20
 energy: -30.357174934872 gnorm: 0.009014860310 xtb: 6.7.1 (edcfbbe)
C           -2.99038198774819        1.23118593765670        0.00038817123139
C           -1.75585291252916        0.37999563264782       -0.00001484560285
C           -1.83083901892644       -1.00219428375564       -0.00027373295218
C           -0.68186921410714       -1.78001669023378       -0.00030403709806
C            0.56329899098076       -1.18051121809528       -0.00010840970707
C            0.65324278202759        0.22232081262207        0.00006081646788
C           -0.49851108770427        0.98650411779956        0.00014670670612
O            1.94176112187094        0.70772921662955        0.00007959735726
C            2.12094446896569        2.10939080409823       -0.00020776016046
O            1.69161556530256       -1.94435214573902       -0.00012659491829
H           -3.88669526337680        0.61366299892691       -0.00410604766335
H           -3.01839922615568        1.87132460615331        0.88376726394494
H           -3.01427867098508        1.87845138446497       -0.87786731082428
H           -2.79663557046731       -1.48765791489463       -0.00047276999313
H           -0.73742247268391       -2.85800769471544       -0.00049934089033
H           -0.43927497057336        2.06493657213453        0.00033556214394
H            3.19777657758357        2.26976560073956       -0.00080061550523
H            1.68310682400027        2.56105410241143        0.89515980529918
H            1.68216719124323        2.56080489078639       -0.89523668000194
H            2.44983671057427       -1.34460202447036       -0.00001767725577
20
 energy: -30.357247859833 gnorm: 0.003061029191 xtb: 6.7.1 (edcfbbe)
C           -2.98779497323650        1.23042249991334        0.00037613957511
C           -1.75502471830936        0.37761401955052       -0.00003045193853
C           -1.83190266668283       -1.00324202123971       -0.00026137299534
C           -0.68406903660382       -1.77918117514251       -0.00029045839120
C            0.56109729001947       -1.17973961095707       -0.00012091877418
C            0.65187130943009        0.22279094011089        0.00005115973112
C           -0.50028359596601        0.98416851288881        0.00013830606691
O            1.94089949107062        0.71226497471065        0.00008174941346
C            2.11928568419329        2.10786062985778       -0.00019900374657
O            1.68916161837249       -1.94157875035467       -0.00016125342171
H           -3.88273574505319        0.61422732144783       -0.00408864419865
H           -3.01114979493941        1.86869812569747        0.88304894709885
H           -3.00704877846797        1.87579628996124       -0.87717640368640
H           -2.79657919637798       -1.48764494341992       -0.00042004834320
H           -0.73871836594516       -2.85550893869373       -0.00047708028760
H           -0.44480419298644        2.06174189161259        0.00033602997165
H            3.19614097369196        2.26627483703486       -0.00070619658223
H            1.68429000659534        2.56354341421378        0.89391091590625
H            1.68349074055943        2.56328764955394       -0.89404740491581
H            2.44746378792755       -1.34201096157920       -0.00006190990416
20
 energy: -30.357255299984 gnorm: 0.001177362742 xtb: 6.7.1 (edcfbbe)
C           -2.98762729055923        1.23107503806729        0.00037532325362
C           -1.75509921512419        0.37693204344940       -0.00002965005786
C           -1.83242034792084       -1.00420600390760       -0.00024466545194
C           -0.68416400773203       -1.77974330914370       -0.00028354928492
C            0.56115044967324       -1.18009383176727       -0.00013234960038
C            0.65175205802103        0.22232733791564        0.00004172622620
C           -0.50053895615475        0.98362403858210        0.00012794763947
O            1.94102668832751        0.71301949184561        0.00007809302474
C            2.11871858087686        2.10675992379016       -0.00019076061940
O            1.68919433888178       -1.94136747199770       -0.00018696388908
H           -3.88302137029526        0.61581870466835       -0.00407077895465
H           -3.00970840502415        1.86912419541675        0.88306741020664
H           -3.00561815770293        1.87619249728446       -0.87721344131195
H           -2.79711909843438       -1.48849855805508       -0.00039189671332
H           -0.73793189947618       -2.85615674996903       -0.00045953294405
H           -0.44609624642540        2.06137239620497        0.00031725918138
H            3.19578372684564        2.26628730694228       -0.00063045097883
H            1.68423921071617        2.56470865763774        0.89355310850210
H            1.68355134570415        2.56444980123876       -0.89373020155129
H            2.44751843309450       -1.34184080303625       -0.00009452609870
20
 energy: -30.357256606546 gnorm: 0.000509516533 xtb: 6.7.1 (edcfbbe)
C           -2.98762335358639        1.23187964728425        0.00037925837450
C           -1.75522104661881        0.37655086712237       -0.00002943106171
C           -1.83267919093391       -1.00496064829921       -0.00022177188555
C           -0.68393953904425       -1.78028381733069       -0.00027082188686
C            0.56157361154700       -1.18054846219615       -0.00014645931177
C            0.65175982026270        0.22171781957387        0.00002316677728
C           -0.50048777202387        0.98343990615043        0.00010610421894
O            1.94127286599222        0.71321129784660        0.00006253377330
C            2.11817292252346        2.10568531377093       -0.00017721912903
O            1.68950181691314       -1.94175043623633       -0.00022399393380
H           -3.88387765876089        0.61759845834914       -0.00403333226411
H           -3.00902980915618        1.86999893535506        0.88320313387744
H           -3.00496513573215        1.87701014497754       -0.87737984625622
H           -2.79754447306833       -1.48931812130065       -0.00034299650007
H           -0.73680263116497       -2.85707388525026       -0.00043497040148
H           -0.44655328507065        2.06140512838211        0.00027451060791
H            3.19538578459148        2.26729752337449       -0.00050241783090
H            1.68357908569970        2.56530062471783        0.89342707689183
H            1.68307704158512        2.56505000705313       -0.89366415612779
H            2.44799078333716       -1.34242559817757       -0.00014626735416
20
 energy: -30.357256884263 gnorm: 0.000057316705 xtb: 6.7.1 (edcfbbe)
C           -2.98753017450584        1.23169786381759        0.00037991074647
C           -1.75514473704383        0.37673223755405       -0.00002743228366
C           -1.83251990555703       -1.00466222158113       -0.00021554484810
C           -0.68395175500700       -1.78009646321405       -0.00026883176803
C            0.56155066082350       -1.18044834049300       -0.00014960269696
C            0.65179166961583        0.22183262843879        0.00001636860947
C           -0.50039691290485        0.98354886514954        0.00010023818428
O            1.94125360641708        0.71307258099143        0.00005153351557
C            2.11817699223544        2.10599776709816       -0.00017441055779
O            1.68941401256602       -1.94187319557211       -0.00022721648427
H           -3.88364896765928        0.61719325170623       -0.00402069263587
H           -3.00921223730953        1.86987302120712        0.88317411311694
H           -3.00516122904917        1.87686854240555       -0.87736201697231
H           -2.79735350313102       -1.48902686906354       -0.00033349111099
H           -0.73704279715299       -2.85681304355373       -0.00043113648692
H           -0.44619760686031        2.06143823095836        0.00026253361325
H            3.19528706830762        2.26739229367090       -0.00048015375366
H            1.68339916424539        2.56494726665652        0.89350738496209
H            1.68292681331119        2.56471065662803       -0.89374614455834
H            2.44794967595033       -1.34260036763785       -0.00015330801339
20
 energy: -30.357256889643 gnorm: 0.000020944949 xtb: 6.7.1 (edcfbbe)
C           -2.98745500732147        1.23171773393292        0.00038117922010
C           -1.75511568017315        0.37672158331556       -0.00002814602228
C           -1.83250395534110       -1.00466008463900       -0.00020698995139
C           -0.68396246668869       -1.78009014869051       -0.00026389942419
C            0.56155618684762       -1.18046288171223       -0.00015511517977
C            0.65180300456390        0.22180369699118        0.00000539238947
C           -0.50037450120557        0.98352172313238        0.00008900093022
O            1.94127198214832        0.71310238220593        0.00003682915696
C            2.11809107392716        2.10601600643758       -0.00016851786600
O            1.68937818552753       -1.94192475462403       -0.00023764015713
H           -3.88358011866906        0.61725199354798       -0.00399895726140
H           -3.00910945616025        1.86990668687561        0.88314768448885
H           -3.00507924078061        1.87687340671628       -0.87735332629647
H           -2.79733532152512       -1.48900865321828       -0.00031334135462
H           -0.73704539113123       -2.85679724270701       -0.00042066229909
H           -0.44617178498202        2.06139028877338        0.00024232501866
H            3.19518079212556        2.26749282939577       -0.00043382062580
H            1.68324925397854        2.56492736308655        0.89348772268488
H            1.68284069745720        2.56470864906800       -0.89373693209484
H            2.44795158469399       -1.34270587272119       -0.00017068477838
