11
 energy: -727.905140866438 gnorm: 0.001299938241 xtb: 6.7.1 (edcfbbe)
C           -2.37170095444408       -0.84445542841285       -0.36282114710551
O           -0.96167032990891       -0.68958669075639       -0.08019152597802
C           -0.59043092448050        0.55134145028383        0.25137701553757
O           -1.33590728471690        1.49991579472313        0.33912012438837
C            0.87971166397226        0.67702938433354        0.59575996849169
Cl           1.97853753278980       -0.48332206007590       -0.24212122182794
H           -2.96541794690134       -0.55254554685357        0.50611023622883
H           -2.50389830718132       -1.90143723847923       -0.58925435027126
H           -2.65389609618631       -0.22615772964940       -1.21793402187315
H            0.99125055563294        0.51951729732975        1.67313049281066
H            1.19565628317081        1.69127639080079        0.35093244421487
11
 energy: -727.905144042428 gnorm: 0.000362048309 xtb: 6.7.1 (edcfbbe)
C           -2.37155230117510       -0.84448889839455       -0.36307011898192
O           -0.96127869411621       -0.68978734513825       -0.08067898659275
C           -0.59064159311109        0.55089627444347        0.25194932998945
O           -1.33540203180854        1.49912179559794        0.34100946806496
C            0.87958772563314        0.67753358404051        0.59520197417985
Cl           1.97815678230407       -0.48512686719206       -0.23994379496854
H           -2.96556474656107       -0.55477378849455        0.50715327706201
H           -2.50374671988246       -1.90122366358927       -0.59151094682789
H           -2.65379828582036       -0.22374154216772       -1.21700766454681
H            0.99039268022682        0.52233109457885        1.67300982701155
H            1.19608136577064        1.69083490477710        0.34799591880694
11
 energy: -727.905144042428 gnorm: 0.000362048309 xtb: 6.7.1 (edcfbbe)
C           -2.37155230117510       -0.84448889839455       -0.36307011898192
O           -0.96127869411621       -0.68978734513825       -0.08067898659275
C           -0.59064159311109        0.55089627444347        0.25194932998945
O           -1.33540203180854        1.49912179559794        0.34100946806496
C            0.87958772563314        0.67753358404051        0.59520197417985
Cl           1.97815678230407       -0.48512686719206       -0.23994379496854
H           -2.96556474656107       -0.55477378849455        0.50715327706201
H           -2.50374671988246       -1.90122366358927       -0.59151094682789
H           -2.65379828582036       -0.22374154216772       -1.21700766454681
H            0.99039268022682        0.52233109457885        1.67300982701155
H            1.19608136577064        1.69083490477710        0.34799591880694
