31
 energy: -35.705042376344 gnorm: 0.029451599930 xtb: 6.7.1 (edcfbbe)
C            3.73891285923391       -0.16409021607842       -0.06927975045240
C            2.26585382718781       -0.30966745373730        0.30601271070330
H            2.20030700268336       -0.50243598957287        1.38841892809698
C            1.61259581687082       -1.48701370843810       -0.42027207634373
C            0.12602089335977       -1.60208619948033       -0.08829823257906
C           -0.64886664772788       -0.31117162687364       -0.40291278833115
H           -0.52681248996862       -0.09868004476809       -1.47618578996532
C            0.00936652627610        0.85439754117006        0.35051678349179
H           -0.07619828092856        0.66567620053469        1.43491617232951
C            1.48810411528353        0.97245751472088        0.00381608318220
O           -0.57137823463630        2.12936067610160        0.03709778726824
C           -2.16576454015997       -0.50159341944558       -0.13550267683523
C           -2.55892760009930       -0.32328339739334        1.33492954552097
C           -3.05228078319720        0.35183850210240       -1.04928173924517
H            4.29947276746398       -1.07540223926856        0.16406066998081
H            3.84307847687919        0.02874916908702       -1.14343245297861
H            4.20578246032560        0.66850419895676        0.46687854691127
H            1.73246010226294       -1.34239800646860       -1.50413316680037
H            2.13069279567097       -2.42017733687736       -0.16636338747443
H           -0.31918650069744       -2.43313308052157       -0.64834099247648
H            0.01014492389118       -1.84761316699131        0.97747957695739
H            1.57509934975178        1.21298004589677       -1.06553675723162
H            1.90950632167037        1.81997330855117        0.55689031647557
H           -1.44708894423781        2.16722695260197        0.43408994002846
H           -2.38152037589817       -1.54889779797678       -0.39234116615925
H           -1.93374191732319       -0.92350609255666        2.00325654787427
H           -3.59884418349283       -0.62835807236069        1.48897392127875
H           -2.48259444469082        0.72162192770652        1.66091370322125
H           -2.82076731343711        0.16356604593195       -2.10242782335614
H           -2.92022641667511        1.42441674980340       -0.87911244442426
H           -4.10984567801279        0.11526934041824       -0.88842921490010
31
 energy: -35.706194625859 gnorm: 0.011457751795 xtb: 6.7.1 (edcfbbe)
C            3.72707406228794       -0.16671012744942       -0.07172893562294
C            2.25805362625979       -0.31071532432684        0.31154174139956
H            2.19434470328440       -0.50116369833001        1.39157232923306
C            1.60642773137632       -1.47806396568474       -0.42837523883057
C            0.12571153941628       -1.59330971075654       -0.08333086927661
C           -0.64608749697587       -0.30631516286570       -0.40507249083792
H           -0.52955819942962       -0.09853565350960       -1.47649805131909
C            0.01073246477608        0.85598801076129        0.35751293769100
H           -0.07396137693735        0.67384826771714        1.44073909931600
C            1.48909538244199        0.96986514749310       -0.00396921048304
O           -0.56886615870329        2.11902983765056        0.04459169095918
C           -2.15824080225532       -0.51048880836180       -0.13355194595421
C           -2.55749768884675       -0.31976717706562        1.32999104159965
C           -3.03614232042948        0.35200649770483       -1.04222446061962
H            4.27934822738965       -1.07574318737997        0.16482665418655
H            3.82947675744892        0.02541169530365       -1.14014675494504
H            4.18662851535249        0.66120894233125        0.46665128826287
H            1.72048805185237       -1.33145173071954       -1.50786005332412
H            2.11627090117985       -2.41006855407243       -0.16793189269605
H           -0.31106560127372       -2.42325772525046       -0.64634347144304
H            0.01752112217808       -1.82862558241330        0.98104984936232
H            1.56994154800326        1.20519934397399       -1.06959888585490
H            1.91095681156223        1.81287541260326        0.54822497950731
H           -1.44932405861673        2.15343161380976        0.43077270667916
H           -2.37716872901514       -1.55579151825690       -0.39028607538742
H           -1.93291419016145       -0.92286099866050        1.98736808976236
H           -3.59231395219787       -0.63016145216427        1.47463763498719
H           -2.48199437184046        0.72149436534391        1.64766903974780
H           -2.80755040626894        0.15561320485931       -2.08925013171711
H           -2.89835858066577        1.41796084813749       -0.86732490794459
H           -4.08767362356367        0.11562751435232       -0.87725493267033
31
 energy: -35.706368957062 gnorm: 0.003253635303 xtb: 6.7.1 (edcfbbe)
C            3.72448980077721       -0.16800579343524       -0.07182496275854
C            2.25480658240033       -0.31015396488341        0.30917853780886
H            2.18985068101537       -0.50040788722270        1.38688994459316
C            1.60470465120265       -1.47689424079862       -0.43083176587368
C            0.12573508197742       -1.59214585888116       -0.08086433840892
C           -0.64520783902621       -0.30627316126021       -0.40161056482039
H           -0.53009640100999       -0.09706423981332       -1.47063033844446
C            0.00871738542484        0.85993699541566        0.36000166576003
H           -0.06995425924711        0.67436801593763        1.44180832127158
C            1.48838797223356        0.97029715446194       -0.00647214297613
O           -0.56825455856721        2.11768127173282        0.05358848411727
C           -2.15604827612324       -0.51036760613035       -0.13245708572703
C           -2.55576227546392       -0.32069844471156        1.33026117292724
C           -3.03052989959217        0.35228646230374       -1.04369859561239
H            4.27150992164614       -1.07747843095133        0.16554242119344
H            3.82320817241616        0.02327900166963       -1.13769930734703
H            4.18075376685636        0.65833833472043        0.46744546860163
H            1.71296951336125       -1.32383226318578       -1.50685726438674
H            2.11311655963353       -2.40870509748038       -0.17281399243784
H           -0.31047982604399       -2.42262805691774       -0.64090368791456
H            0.02387131147107       -1.81859060028151        0.98317599148214
H            1.56259645131886        1.19917353742807       -1.07072914266252
H            1.91177969637185        1.81325264220643        0.54195750170207
H           -1.45456889908404        2.14722869124698        0.42703366370346
H           -2.37366981859243       -1.55491213592680       -0.38878494789432
H           -1.93132599388158       -0.92333099266397        1.98482025613860
H           -3.58851490503330       -0.63336388020113        1.46941312189506
H           -2.48205908696413        0.71895899093865        1.64209323154170
H           -2.80234741648559        0.15134840566158       -2.08773083644011
H           -2.88356907166828        1.41395765164202       -0.86706421302572
H           -4.08075513369520        0.12127582415385       -0.87583582223849
31
 energy: -35.706404747847 gnorm: 0.001699597143 xtb: 6.7.1 (edcfbbe)
C            3.72478842541437       -0.16815215556376       -0.07174238808910
C            2.25409775878337       -0.30959822928695        0.30837779666017
H            2.18750510497003       -0.50000329501466        1.38576464186752
C            1.60406924064557       -1.47578600707961       -0.43249643427997
C            0.12576568560579       -1.59147629419268       -0.07792600928338
C           -0.64522648685162       -0.30641170578826       -0.40026649869829
H           -0.52871682868223       -0.09615062132856       -1.46884387328206
C            0.00832523801264        0.86069323895280        0.36239037786137
H           -0.06562706367254        0.67048415306336        1.44417123171056
C            1.48816113962799        0.97070334246105       -0.00820055204190
O           -0.56768348840707        2.11690603316739        0.06036809622076
C           -2.15595296088137       -0.51090707125153       -0.13260835961707
C           -2.55678770443808       -0.32149675152064        1.33058118518860
C           -3.02876175661144        0.35307438952698       -1.04519000896116
H            4.26999777532245       -1.07859142824627        0.16584674507486
H            3.82315858544809        0.02303563118094       -1.13756793329766
H            4.18103470449150        0.65771349917395        0.46815277040095
H            1.70865969684655       -1.31959365113284       -1.50812437893552
H            2.11372906074294       -2.40765558713550       -0.17808526820630
H           -0.31246217155770       -2.42299089887141       -0.63435497231650
H            0.02754018336588       -1.81459335864552        0.98681480248299
H            1.55853582428964        1.19650135644655       -1.07316022313262
H            1.91286782036901        1.81481901695076        0.53727532189834
H           -1.45847336080199        2.14261492535057        0.42399268625783
H           -2.37300286084562       -1.55544698600496       -0.38925220023926
H           -1.93146046825503       -0.92318118434166        1.98503676736405
H           -3.58910791979072       -0.63564166259677        1.46939147135578
H           -2.48409802197781        0.71809883242548        1.64198323295217
H           -2.80153323667803        0.14803197299135       -2.08854046058119
H           -2.87616026254445        1.41435977728396       -0.87165260515638
H           -4.07982776431188        0.12717104380067       -0.87573418741021
31
 energy: -35.706435485331 gnorm: 0.003304163250 xtb: 6.7.1 (edcfbbe)
C            3.72675277659921       -0.16831566148128       -0.07187163014233
C            2.25415164624229       -0.30809568347272        0.30546606518365
H            2.18479288477947       -0.49869066280569        1.38286135710662
C            1.60292410116513       -1.47329779424789       -0.43636935333417
C            0.12661856529946       -1.59026507652363       -0.07084851504884
C           -0.64557472192384       -0.30679905498469       -0.39569492893253
H           -0.52516672710895       -0.09593771452509       -1.46417365336619
C            0.00891568016710        0.86101752384688        0.36889376345997
H           -0.05466543072967        0.65971505297679        1.45084152680264
C            1.48774497294148        0.97155077157019       -0.01224135123245
O           -0.56715753730015        2.11598686341815        0.07992585644180
C           -2.15690408972612       -0.51044020296086       -0.13294563604965
C           -2.56091365178145       -0.32251639404283        1.33077729593474
C           -3.02569630008489        0.35503073344763       -1.04956863592172
H            4.26960354977300       -1.08057271244310        0.16594984353655
H            3.82675778551793        0.02349159819258       -1.13795972418872
H            4.18382645708875        0.65648980938585        0.46963597368902
H            1.69837908840264       -1.31122134800877       -1.51234809896006
H            2.11661496511731       -2.40553278256033       -0.19131305043825
H           -0.31633469812056       -2.42599834133494       -0.61732902360599
H            0.03718896614158       -1.80635926889900        0.99635786200087
H            1.55014085544576        1.19151994692798       -1.07941071842646
H            1.91521825399709        1.81926629514545        0.52574360626344
H           -1.46887218279964        2.12944760259619        0.41864448516700
H           -2.37436920911272       -1.55479123253950       -0.39056888873893
H           -1.93367012124166       -0.92239407842428        1.98582811304995
H           -3.59259803217731       -0.64037124198480        1.46923132059244
H           -2.49114132122511        0.71739346226098        1.64345440664171
H           -2.80387805023180        0.13734308529002       -2.09216725178989
H           -2.86017053181582        1.41690517390363       -0.88802407154124
H           -4.07916405567030        0.14297165705132       -0.87437617038570
31
 energy: -35.706443889661 gnorm: 0.001927892902 xtb: 6.7.1 (edcfbbe)
C            3.72678956552193       -0.16806461878630       -0.07259690314770
C            2.25470476504770       -0.30804105334301        0.30498530685656
H            2.18615009228657       -0.49864699415208        1.38252728713559
C            1.60282305143615       -1.47331685494606       -0.43619930054987
C            0.12682278416178       -1.59031754542532       -0.07057960484820
C           -0.64549487484439       -0.30673757925354       -0.39547170849926
H           -0.52518574062106       -0.09654705536788       -1.46416872009796
C            0.00956836839879        0.86008857889919        0.36928559356351
H           -0.05432376660905        0.65915802402830        1.45112232401130
C            1.48767815228386        0.97148801046790       -0.01204746164741
O           -0.56764173493105        2.11604139920905        0.08183507611245
C           -2.15696773109183       -0.50988445082059       -0.13278380523725
C           -2.56156356100713       -0.32178954551672        1.33038181128473
C           -3.02547798251118        0.35493495899863       -1.04982147445620
H            4.27020480350275       -1.08004539855224        0.16507284111378
H            3.82750095475548        0.02405096119506       -1.13860969585613
H            4.18393050573136        0.65665388480016        0.46905562214480
H            1.69839617254379       -1.31194374941914       -1.51238048921589
H            2.11654433006030       -2.40554817540694       -0.19098066748845
H           -0.31584550095439       -2.42632191070090       -0.61698138711361
H            0.03731972224042       -1.80671946605140        0.99670257137933
H            1.55038563177184        1.19214242187349       -1.07911609658407
H            1.91492218695693        1.81921700756778        0.52607374154074
H           -1.46905349789406        2.12772117759755        0.41995729495066
H           -2.37470007713113       -1.55422605152893       -0.39039612861814
H           -1.93473384875431       -0.92175316343404        1.98576409057610
H           -3.59330800375473       -0.63957740003064        1.46852474542897
H           -2.49211670218548        0.71810427871681        1.64354665366838
H           -2.80547689826426        0.13544278755379       -2.09243179201361
H           -2.85965244753137        1.41708226104015       -0.89060538404851
H           -4.07884483098602        0.14388558556210       -0.87326356657737
31
 energy: -35.706452094830 gnorm: 0.001437601218 xtb: 6.7.1 (edcfbbe)
C            3.72667618493256       -0.16706392274894       -0.07594357147731
C            2.25625848889952       -0.30776501192573        0.30342795356389
H            2.19048721372359       -0.49853964551732        1.38128279014881
C            1.60254371473859       -1.47323596678209       -0.43603612658876
C            0.12758477634371       -1.59033470718130       -0.06898057068089
C           -0.64497865056688       -0.30637592229252       -0.39362949329016
H           -0.52453138822050       -0.09763787583576       -1.46262136600626
C            0.01149660210528        0.85721549671112        0.37234056965132
H           -0.05204533249321        0.65551216152518        1.45364665587563
C            1.48722609175401        0.97144042715519       -0.01125399792677
O           -0.56913552122679        2.11600756808024        0.09143818541147
C           -2.15699904133497       -0.50829602684517       -0.13225436393997
C           -2.56393083456653       -0.31909404826674        1.32914867650918
C           -3.02382761137907        0.35465504633763       -1.05159973281376
H            4.27152716531144       -1.07845509176584        0.16069026280036
H            3.82823881087536        0.02620699253495       -1.14166141295651
H            4.18404539807333        0.65727197105016        0.46614940403352
H            1.69734163945281       -1.31324268759890       -1.51266921762870
H            2.11658493366285       -2.40540481036790       -0.19077729472320
H           -0.31484167012246       -2.42709612983458       -0.61459510141393
H            0.03865868623203       -1.80653538932249        0.99860593750775
H            1.54950102598474        1.19360599943405       -1.07811274411290
H            1.91429224839500        1.81914240633058        0.52692600844872
H           -1.47247974490492        2.11856144669406        0.42225646097024
H           -2.37513959206028       -1.55275692205723       -0.38939712645125
H           -1.93861316040254       -0.91888464887995        1.98602669981880
H           -3.59583416319803       -0.63692213538606        1.46546977373437
H           -2.49583146006515        0.72079322371437        1.64297220587036
H           -2.81120954454193        0.12563043411200       -2.09373289382537
H           -2.85230818072275        1.41736628181024       -0.90243294393428
H           -4.07740319705058        0.15076181189299       -0.86828285280720
31
 energy: -35.706455310603 gnorm: 0.000606631109 xtb: 6.7.1 (edcfbbe)
C            3.72666785697494       -0.16677139086145       -0.07685814614957
C            2.25621759362276       -0.30776650976412        0.30359121705459
H            2.19077716185467       -0.49875454450657        1.38133710468776
C            1.60261553766545       -1.47325539382336       -0.43597258227354
C            0.12748154335869       -1.59037684617499       -0.06870572099716
C           -0.64489219418905       -0.30634384110288       -0.39316658009866
H           -0.52406545689794       -0.09669471713786       -1.46189094230745
C            0.01114498859040        0.85731372415309        0.37344692532806
H           -0.05163618254673        0.65458175026998        1.45472169990778
C            1.48711144145242        0.97151276837749       -0.01058845883643
O           -0.56914258198485        2.11569964684803        0.09292961595300
C           -2.15691313453727       -0.50861334826680       -0.13214462159054
C           -2.56430957354496       -0.31878858222035        1.32936501310276
C           -3.02322318176355        0.35439902714488       -1.05237484654275
H            4.27152115454812       -1.07833736831861        0.15905520495865
H            3.82660552866262        0.02661200112647       -1.14267306840731
H            4.18435728171386        0.65756902095289        0.46492063616993
H            1.69708746031193       -1.31288771957935       -1.51248005022659
H            2.11672369489435       -2.40537745750402       -0.19085039738411
H           -0.31528274783191       -2.42680415547010       -0.61444138006883
H            0.03878008187423       -1.80647930505146        0.99879454456768
H            1.54857891588410        1.19360312001548       -1.07745018711524
H            1.91448426971751        1.81904284504191        0.52763491275694
H           -1.47358708902311        2.11717591197586        0.42147078832563
H           -2.37472615258203       -1.55322416238250       -0.38880271265785
H           -1.93908246095725       -0.91825578996911        1.98660705083259
H           -3.59626798399359       -0.63657429874692        1.46549757789288
H           -2.49609006104866        0.72121774965670        1.64248792623314
H           -2.81161535277650        0.12303338820702       -2.09411945392168
H           -2.84886711760862        1.41687565472288       -0.90512890559614
H           -4.07709935221180        0.15319914716203       -0.86781138983030
31
 energy: -35.706458895151 gnorm: 0.000332261250 xtb: 6.7.1 (edcfbbe)
C            3.72643847053375       -0.16582665810919       -0.07981516450967
C            2.25653952341295       -0.30788046485603        0.30398554474634
H            2.19300175673798       -0.49955626280090        1.38163954086829
C            1.60293713664349       -1.47344610656690       -0.43553875819384
C            0.12748007315299       -1.59067007911239       -0.06848243299903
C           -0.64473247818673       -0.30636463973132       -0.39179348015016
H           -0.52331285301022       -0.09495644479111       -1.46005596139983
C            0.01071618621936        0.85685226486408        0.37623539212533
H           -0.05138105588197        0.65241193282177        1.45733270363422
C            1.48688470821902        0.97156555310924       -0.00826035978469
O           -0.56946330175228        2.11494836624438        0.09693161328832
C           -2.15691205951748       -0.50893017775166       -0.13179246575330
C           -2.56540240563331       -0.31707630377991        1.32950667715312
C           -3.02201498693994        0.35332329352973       -1.05441636566834
H            4.27211122268193       -1.07743117171906        0.15400583600198
H            3.82284945305442        0.02826228402522       -1.14582535448016
H            4.18497789237164        0.65846365686391        0.46126727396842
H            1.69735411576103       -1.31309503090350       -1.51196584974691
H            2.11699120952071       -2.40547326150529       -0.19011485448631
H           -0.31541420058189       -2.42627747416322       -0.61524424272580
H            0.03852661427570       -1.80757259275780        0.99869853017818
H            1.54733870915417        1.19480605110489       -1.07488862687257
H            1.91449814692722        1.81838875089666        0.53088798952407
H           -1.47549982446865        2.11404091170280        0.42135522812461
H           -2.37437962456121       -1.55394789730091       -0.38684895118229
H           -1.94078190611836       -0.91597003365132        1.98787667747160
H           -3.59756249662576       -0.63450201375306        1.46509341171241
H           -2.49701408218689        0.72323906792373        1.64132544026949
H           -2.81436754855517        0.11447505326030       -2.09526410972181
H           -2.84058778158457        1.41553345093852       -0.91388924758612
H           -4.07646472543373        0.15919630074258       -0.86554486003838
31
 energy: -35.706460772102 gnorm: 0.000436282962 xtb: 6.7.1 (edcfbbe)
C            3.72621201545332       -0.16490733195921       -0.08261265782209
C            2.25706200411573       -0.30800474345638        0.30401935343607
H            2.19564253873463       -0.50046424778759        1.38162162129602
C            1.60299215658837       -1.47353401703488       -0.43514062144332
C            0.12741102838324       -1.59103178126696       -0.06843153572033
C           -0.64455536153274       -0.30642682297075       -0.39089216415137
H           -0.52280303819300       -0.09387205461787       -1.45891517484648
C            0.01048742770399        0.85609623916966        0.37859785644812
H           -0.05152154920529        0.65048594987131        1.45951791749861
C            1.48665316834130        0.97152632542288       -0.00586888949821
O           -0.56983174876235        2.11427579037766        0.10049646919363
C           -2.15680439478170       -0.50903013047889       -0.13123462322379
C           -2.56656485939358       -0.31513356009142        1.32952201841003
C           -3.02074115251710        0.35198285812953       -1.05622521147982
H            4.27287292340337       -1.07642210093475        0.14919947734514
H            3.81997220023334        0.03004765272784       -1.14869283445720
H            4.18551694046475        0.65924833414071        0.45800895693647
H            1.69756975134909       -1.31340758386478       -1.51157968435185
H            2.11697809189781       -2.40553074087280       -0.18944916291750
H           -0.31529306099821       -2.42604423928668       -0.61627991277559
H            0.03811426685763       -1.80905524306853        0.99851711989421
H            1.54673259312756        1.19648701729406       -1.07214689737185
H            1.91417513739565        1.81758931674470        0.53455483078051
H           -1.47672051961561        2.11200075242797        0.42254672776418
H           -2.37414818897434       -1.55444384633879       -0.38468044400528
H           -1.94254874237765       -0.91338985470746        1.98904856051197
H           -3.59890740080099       -0.63216910273607        1.46471356463473
H           -2.49819336535188        0.72549889957291        1.64020327196271
H           -2.81741067473890        0.10594692699362       -2.09626386082053
H           -2.83346669493812        1.41404767880369       -0.92263705473098
H           -4.07552760424011        0.16416398457155       -0.86311624272904
31
 energy: -35.706461860123 gnorm: 0.000304399164 xtb: 6.7.1 (edcfbbe)
C            3.72582484574128       -0.16420516692873       -0.08490094746868
C            2.25745978455432       -0.30818087925038        0.30411039577857
H            2.19786690897675       -0.50141962153398        1.38171618044588
C            1.60321240988765       -1.47360511190070       -0.43507320972201
C            0.12768981745871       -1.59135738138426       -0.06842034822749
C           -0.64457944797409       -0.30675638020591       -0.38980018866541
H           -0.52274947173463       -0.09355674734980       -1.45766532463542
C            0.01042753347858        0.85533537155731        0.38030928032667
H           -0.05192071726156        0.64908434556451        1.46105616956667
C            1.48653601374099        0.97148791730265       -0.00388326673748
O           -0.57011192287282        2.11363251661006        0.10289893953736
C           -2.15698138175780       -0.50918083587913       -0.13086374640357
C           -2.56743440422741       -0.31324741133310        1.32933176445268
C           -3.01998478301082        0.35065523747271       -1.05771566112910
H            4.27337619957458       -1.07558257157548        0.14530770056117
H            3.81794622031445        0.03166597325583       -1.15097948074753
H            4.18564946031175        0.65973016274391        0.45560382810323
H            1.69771539158083       -1.31354293179363       -1.51158192784459
H            2.11728027155189       -2.40560398142466       -0.18944828970378
H           -0.31474647243189       -2.42601944739547       -0.61707300880625
H            0.03805292499705       -1.81037419744907        0.99834156323497
H            1.54662700319300        1.19824363003994       -1.06981743427655
H            1.91382011434645        1.81686049907631        0.53783431491580
H           -1.47692611061961        2.11144007954201        0.42487500829826
H           -2.37436438298291       -1.55496451588604       -0.38278370060722
H           -1.94392853798775       -0.91083345325080        1.98997175954269
H           -3.59985962031236       -0.63012998817168        1.46417476646078
H           -2.49937762609518        0.72772411792656        1.63903431629706
H           -2.82017777929534        0.09868437007924       -2.09698881800748
H           -2.82797282123959        1.41254313734736       -0.92989759189083
H           -4.07501553227632        0.16800358896867       -0.86127226888132
31
 energy: -35.706461647422 gnorm: 0.000487039246 xtb: 6.7.1 (edcfbbe)
C            3.72544261464673       -0.16351960961439       -0.08714182729649
C            2.25784769607617       -0.30835346389566        0.30420750788031
H            2.20004446586111       -0.50235260774415        1.38181783291543
C            1.60343520523044       -1.47367770268557       -0.43500293023896
C            0.12796715742987       -1.59167273857934       -0.06841246376997
C           -0.64460602105710       -0.30707855532165       -0.38872353793196
H           -0.52270144376040       -0.09324565666078       -1.45643282298261
C            0.01037182827929        0.85459264126659        0.38198423471388
H           -0.05231119838427        0.64771486592273        1.46256121732062
C            1.48642541971901        0.97145193722840       -0.00193902636055
O           -0.57038213869326        2.11300313945698        0.10524739328290
C           -2.15715976984404       -0.50932774638105       -0.13050537613220
C           -2.56827937337491       -0.31140220949695        1.32914389651401
C           -3.01925522146153        0.34935832787538       -1.05917241798050
H            4.27386599152649       -1.07476137197799        0.14150022038232
H            3.81595905011389        0.03324539670576       -1.15321971664610
H            4.18577530979732        0.66020163282162        0.45324594414333
H            1.69787026410739       -1.31368318938011       -1.51158045817627
H            2.11758000387546       -2.40567886474787       -0.18943589890482
H           -0.31420436729442       -2.42598776074984       -0.61786016139774
H            0.03798765984545       -1.81166771244131        0.99816399909744
H            1.54652779710265        1.19996230183805       -1.06753750349238
H            1.91347666041929        1.81614999010886        0.54104327026893
H           -1.47712683683856        2.11088824256168        0.42713642063897
H           -2.37458164647520       -1.55547324635096       -0.38093299653863
H           -1.94527608722305       -0.90834060316739        1.99086944067923
H           -3.60078631314174       -0.62813206945204        1.46364318097409
H           -2.50052586399923        0.72989890109135        1.63789584137557
H           -2.82288813814978        0.09158893568241       -2.09769691460013
H           -2.82261377183615        1.41107373795983       -0.93699316750972
H           -4.07452504486871        0.17175538290165       -0.85947240646093
31
 energy: -35.706462388228 gnorm: 0.000196358345 xtb: 6.7.1 (edcfbbe)
C            3.72572385035162       -0.16374299575462       -0.08619794302397
C            2.25778336257370       -0.30828025779493        0.30374994386825
H            2.19921339338636       -0.50213316520062        1.38131474092623
C            1.60302538350849       -1.47347320559513       -0.43532954430796
C            0.12774468061187       -1.59172170373486       -0.06822783340698
C           -0.64449396907732       -0.30706079797298       -0.38942228201383
H           -0.52259827236416       -0.09371331516124       -1.45729173385823
C            0.01030003582904        0.85473557462821        0.38128509733038
H           -0.05221441696751        0.64816069339079        1.46194784434247
C            1.48628705523075        0.97138218945105       -0.00275974165286
O           -0.57046642919651        2.11321743675825        0.10439450489690
C           -2.15691325202334       -0.50928631458736       -0.13043464924605
C           -2.56826873260327       -0.31198540948912        1.32922755736821
C           -3.01909392451115        0.34966083197415       -1.05871419632180
H            4.27378449157351       -1.07509227362185        0.14293569476885
H            3.81711853666135        0.03286906388893       -1.15220616824173
H            4.18586788206872        0.65994826168668        0.45444288343102
H            1.69713079492386       -1.31314889711086       -1.51186715875516
H            2.11737030465452       -2.40547818893344       -0.19026718692870
H           -0.31461944871931       -2.42646066574669       -0.61690011741594
H            0.03840803656247       -1.81104276830119        0.99857449021179
H            1.54647362124342        1.19941410964417       -1.06843487218414
H            1.91337865890507        1.81629521067479        0.53983254988607
H           -1.47682468671957        2.11163942227460        0.42759781429750
H           -2.37436078919935       -1.55530930746092       -0.38133708643495
H           -1.94492758239230       -0.90871750205542        1.99080197885198
H           -3.60069060166419       -0.62896795405478        1.46396474784472
H           -2.50073433726040        0.72931722280098        1.63800939442794
H           -2.82173595528765        0.09371353077830       -2.09747399181147
H           -2.82406915759797        1.41140125801077       -0.93473527815605
H           -4.07424464487253        0.17039024138861       -0.86007868492538
31
 energy: -35.706462658681 gnorm: 0.000132823486 xtb: 6.7.1 (edcfbbe)
C            3.72576737259117       -0.16391893660916       -0.08562772565194
C            2.25761386443664       -0.30828710827188        0.30354480620125
H            2.19847680063286       -0.50212266685335        1.38107677437075
C            1.60295410783353       -1.47340509851244       -0.43573183976057
C            0.12784228880106       -1.59168583254232       -0.06799460448765
C           -0.64457046325227       -0.30720365443635       -0.38953752528826
H           -0.52271942126675       -0.09417027271810       -1.45746821650772
C            0.01028956482754        0.85481927247132        0.38080252479638
H           -0.05215751469660        0.64856392089283        1.46151227916654
C            1.48628673160385        0.97141686267573       -0.00328144974395
O           -0.57055015361996        2.11319200803939        0.10355627384995
C           -2.15695957051426       -0.50946080855670       -0.13047482267971
C           -2.56822750462939       -0.31226847976731        1.32922738486763
C           -3.01909781009816        0.34979057954833       -1.05852376960424
H            4.27354398702571       -1.07535668499892        0.14381623306583
H            3.81780853840234        0.03270096166876       -1.15157381854960
H            4.18572294036792        0.65967377034180        0.45531847531959
H            1.69656585897382       -1.31259293169111       -1.51222959886465
H            2.11752355001688       -2.40543782411470       -0.19124526850759
H           -0.31471813234188       -2.42669675099875       -0.61605546604340
H            0.03902678621922       -1.81047728971095        0.99894325718880
H            1.54642193121046        1.19909316808904       -1.06902334652818
H            1.91343679593238        1.81648025132561        0.53903964679534
H           -1.47629966806153        2.11236915447024        0.42859831545868
H           -2.37444432949767       -1.55543119008041       -0.38156591133414
H           -1.94459651430309       -0.90869008043613        1.99079587917635
H           -3.60051240182464       -0.62962408963811        1.46409217754825
H           -2.50107046498449        0.72910011199064        1.63786534138023
H           -2.82101556188684        0.09490076674830       -2.09739371836184
H           -2.82473254975603        1.41151618183886       -0.93344436752684
H           -4.07425517051360        0.16974301461012       -0.86061714597816
31
 energy: -35.706462949124 gnorm: 0.000064746985 xtb: 6.7.1 (edcfbbe)
C            3.72573511640277       -0.16387989400446       -0.08560978802532
C            2.25751924545828       -0.30838120039555        0.30326545254649
H            2.19819317991335       -0.50251540708374        1.38074627481317
C            1.60284920753756       -1.47325007619612       -0.43639360317132
C            0.12804408308798       -1.59197037486368       -0.06764185454565
C           -0.64459008442970       -0.30766887493082       -0.38931180402003
H           -0.52275918945520       -0.09484388925554       -1.45726929939171
C            0.01007303031573        0.85470370896503        0.38068728956811
H           -0.05241844561627        0.64877389387589        1.46142434804935
C            1.48608735182508        0.97133116551990       -0.00340434520135
O           -0.57095796550880        2.11293823670507        0.10287870276648
C           -2.15699377084248       -0.50976225247491       -0.13039593684549
C           -2.56850680075289       -0.31197581222903        1.32914917490116
C           -3.01872395381016        0.34945825543510       -1.05883216292991
H            4.27342462284517       -1.07544329793614        0.14358613844180
H            3.81802212707786        0.03318379274116       -1.15145968015115
H            4.18558991807487        0.65947260668302        0.45579869475404
H            1.69561771848351       -1.31172920248127       -1.51285022493262
H            2.11787414865658       -2.40526352278161       -0.19286664156018
H           -0.31476176616482       -2.42733820339410       -0.61494990380116
H            0.03999508821993       -1.81017079352331        0.99946782218596
H            1.54621208863030        1.19925056533439       -1.06910084808341
H            1.91324533837474        1.81627276967213        0.53909788405949
H           -1.47540331104803        2.11370451691255        0.43173153526056
H           -2.37452702118678       -1.55580169457214       -0.38113881789820
H           -1.94449407439379       -0.90742311911894        1.99124241902305
H           -3.60056505152417       -0.63005767479135        1.46409130383414
H           -2.50228389254004        0.72968268694802        1.63703275842195
H           -2.82093892970222        0.09372988002695       -2.09755902949317
H           -2.82316893738040        1.41104373493248       -0.93433757063511
H           -4.07403518291975        0.17045980105528       -0.86067751417288
31
 energy: -35.706463016248 gnorm: 0.000061295619 xtb: 6.7.1 (edcfbbe)
C            3.72561748401612       -0.16369149241395       -0.08609025425820
C            2.25751783073304       -0.30842323930572        0.30315873131513
H            2.19851031333816       -0.50274866718930        1.38061903558114
C            1.60286728725028       -1.47330758378618       -0.43649152287743
C            0.12813070209879       -1.59206336343097       -0.06747531595211
C           -0.64464407269179       -0.30785682465832       -0.38911454562449
H           -0.52274199878290       -0.09494945425998       -1.45704601431546
C            0.00999054449153        0.85449855346436        0.38094536225638
H           -0.05254888453979        0.64860867404291        1.46166855311054
C            1.48601540248553        0.97137083973855       -0.00303524022723
O           -0.57119201915118        2.11266403975456        0.10303295115170
C           -2.15706078543544       -0.50997092786628       -0.13031068599135
C           -2.56880693474658       -0.31162698573163        1.32910278277110
C           -3.01833846663096        0.34917762919156       -1.05923228331865
H            4.27344100735879       -1.07528683545078        0.14265921829805
H            3.81757330461765        0.03371445666183       -1.15190390157509
H            4.18556897833018        0.65952352889651        0.45544592439198
H            1.69539578005771       -1.31161491400997       -1.51293945900901
H            2.11803204361566       -2.40531456139217       -0.19320292120761
H           -0.31469822456270       -2.42743837868976       -0.61473874003168
H            0.04024075763668       -1.81030537758686        0.99963855761443
H            1.54608335615754        1.19960411310645       -1.06866483834386
H            1.91315979609573        1.81617911491556        0.53971426383005
H           -1.47512242760564        2.11392995845155        0.43335101822419
H           -2.37463463817965       -1.55609003333816       -0.38069422654449
H           -1.94466670294536       -0.90653566335749        1.99156285797013
H           -3.60076425948718       -0.63003083296692        1.46404753027477
H           -2.50304615052762        0.73020098884531        1.63652201190897
H           -2.82157280499488        0.09186184656683       -2.09776826269564
H           -2.82120651964061        1.41064250098479       -0.93620265483322
H           -4.07374581073289        0.17180921558795       -0.86015715812597
