17
 energy: -16.829966683959 gnorm: 0.018783318857 xtb: 6.7.1 (edcfbbe)
C           -2.08330741173468       -0.01552786124739       -0.09501236808896
C           -0.76626677783257        0.66192112679163        0.28010895264501
C            0.48201105292162        0.01850920449219       -0.33997013285101
C            1.72901158297663        0.82918459468567        0.01901027314537
C            0.65247504066023       -1.43966621241789        0.09128394494399
H           -2.93801961149740        0.54917616976684        0.28936156801890
H           -2.15036775898208       -1.02822429031238        0.31297129010795
H           -2.19185995827808       -0.08540057662986       -1.18318640747511
H           -0.80305126353649        1.71489260633437       -0.02822984452755
H           -0.65183892613777        0.66674892943210        1.37350779219041
H            0.36099056168375        0.04044784776805       -1.43345291754959
H            2.62574043335130        0.40798626193484       -0.44687519078326
H            1.88561800568335        0.82969459467658        1.10445249494778
H            1.63575046833596        1.87069190555307       -0.30609776491369
H            0.71880877260875       -1.50992670562925        1.18401804499795
H            1.57021235754847       -1.86573546660812       -0.32680448757453
H           -0.18186277806126       -2.06586470753390       -0.23670991535374
17
 energy: -16.830558275385 gnorm: 0.005977344112 xtb: 6.7.1 (edcfbbe)
C           -2.07321373396799       -0.01446175129971       -0.09718869946246
C           -0.76326606497133        0.65996397120574        0.28721826987167
C            0.47568694646256        0.01519313232206       -0.34572192297606
C            1.71876110767280        0.82303139677432        0.02039171491218
C            0.65417412830978       -1.43460925689772        0.09622647786643
H           -2.91755098871568        0.55555381391082        0.28908304307253
H           -2.13570279857137       -1.02163113673778        0.31125070945640
H           -2.17268894566620       -0.07653109955009       -1.18126952157618
H           -0.80382310087364        1.70767002402932       -0.02714218827547
H           -0.65692054324098        0.65206915717469        1.37736433817315
H            0.35739257864019        0.03486087221890       -1.43712528903216
H            2.60623724945364        0.39998939669638       -0.44885415328532
H            1.87268639767316        0.82237199304831        1.10024024506802
H            1.62076594215570        1.85726791789591       -0.30807269567403
H            0.71866776747474       -1.49951657451453        1.18323070702988
H            1.56975849100021       -1.84958289876812       -0.32434774325947
H           -0.17692064312588       -2.05273153645197       -0.23690796002919
17
 energy: -16.830606873368 gnorm: 0.001420087321 xtb: 6.7.1 (edcfbbe)
C           -2.07378019933696       -0.01335912264006       -0.09901212525884
C           -0.76308427263547        0.65836523340293        0.28974847906948
C            0.47545809408218        0.01454096667554       -0.34288076543050
C            1.71914899848193        0.82402594948804        0.01793079027988
C            0.65417883807231       -1.43518344546360        0.09839495127502
H           -2.91609142373927        0.55660008668408        0.28723761947102
H           -2.13557606222118       -1.01976774171215        0.30613515857406
H           -2.16779255840630       -0.07053519576663       -1.18159870124650
H           -0.80146304075283        1.70576640561826       -0.02082488111025
H           -0.65693411554419        0.64168927000520        1.37740029182189
H            0.35419959354874        0.03326025039265       -1.43235411600293
H            2.60346117152664        0.40010087266800       -0.45257580258328
H            1.87097173789610        0.82161823742121        1.09543158750039
H            1.61834911768523        1.85612465564402       -0.31068087321397
H            0.71789463915579       -1.49586918412309        1.18295585114590
H            1.56999217374467       -1.84567892587498       -0.32145142704718
H           -0.17488890184764       -2.05279089136288       -0.23548070536427
17
 energy: -16.830619060176 gnorm: 0.000943027666 xtb: 6.7.1 (edcfbbe)
C           -2.07463851517645       -0.01163917143831       -0.10177357415743
C           -0.76272685663262        0.65700353052954        0.29387198240407
C            0.47431773103741        0.01393819805903       -0.34287080590065
C            1.71912794998353        0.82466399751417        0.01522873049027
C            0.65553070466179       -1.43572114624464        0.10089776924325
H           -2.91665539667903        0.55777612010591        0.28516720483699
H           -2.13813559143634       -1.01959415674253        0.29858369440296
H           -2.16520845064732       -0.06323247324011       -1.18462295675329
H           -0.79906790427363        1.70599049251144       -0.01005668547211
H           -0.65742742902451        0.63267791273516        1.38093425065884
H            0.34977233818909        0.03144948417733       -1.43182104425121
H            2.60193144163303        0.40058068548408       -0.45745107649316
H            1.87280131518346        0.82279017850028        1.09217341247825
H            1.61617982258714        1.85598119106901       -0.31434477020958
H            0.71802093534723       -1.49428498181192        1.18532813880407
H            1.57237572142900       -1.84477097737442       -0.31763773066933
H           -0.17215402647205       -2.05470146277746       -0.23323120753203
17
 energy: -16.830627785359 gnorm: 0.000815913191 xtb: 6.7.1 (edcfbbe)
C           -2.07549983946824       -0.00952643901596       -0.10417901324485
C           -0.76277497974639        0.65501425219500        0.29747988245783
C            0.47371144314637        0.01338512450485       -0.34192363263953
C            1.71935544293961        0.82545934800970        0.01195134085088
C            0.65680434571642       -1.43611490442641        0.10303968630697
H           -2.91787354288880        0.55927649930079        0.28349766486088
H           -2.14103916953461       -1.01957813438732        0.29138525366188
H           -2.16331031480168       -0.05599538818246       -1.18771629075310
H           -0.79771033667649        1.70623404982430        0.00063953171627
H           -0.65941480151847        0.62338721161837        1.38468664947651
H            0.34651488563041        0.02952829292541       -1.43064431293809
H            2.60144119751851        0.40126589411746       -0.46252411271966
H            1.87594757774111        0.82496130138073        1.08881118248178
H            1.61507657784578        1.85659487502341       -0.31864732989435
H            0.71719535034929       -1.49373303148385        1.18801005618567
H            1.57524201254774       -1.84441102285805       -0.31343990785761
H           -0.16962205909083       -2.05684050748942       -0.23205131607158
17
 energy: -16.830633644035 gnorm: 0.000469807900 xtb: 6.7.1 (edcfbbe)
C           -2.07543674213659       -0.00770971079213       -0.10627489889130
C           -0.76270055541046        0.65311810553404        0.30043557720039
C            0.47314345887071        0.01265732532964       -0.34081477512828
C            1.71870744994283        0.82590763687913        0.00940760296068
C            0.65783584978765       -1.43616896500225        0.10496481059201
H           -2.91773185695610        0.56046141213125        0.28249457173873
H           -2.14332723318187       -1.01953075052144        0.28454861743883
H           -2.16197941263214       -0.04942383177719       -1.19013150934154
H           -0.79583240121018        1.70604881460700        0.00916792500012
H           -0.66060043475487        0.61573552202736        1.38766380839052
H            0.34371479697811        0.02784860483819       -1.42933292614500
H            2.60001063236372        0.40168217199867       -0.46657281406650
H            1.87816326623891        0.82716908892532        1.08593125670621
H            1.61327560538579        1.85659086703105       -0.32236246645111
H            0.71672237733177       -1.49365609523732        1.19009553862084
H            1.57739193954774       -1.84360229391046       -0.30986976028127
H           -0.16731295045529       -2.05822048100429       -0.23097522646344
17
 energy: -16.830637430092 gnorm: 0.000188814998 xtb: 6.7.1 (edcfbbe)
C           -2.07572979002281       -0.00600696747911       -0.10766849585871
C           -0.76283594070700        0.65150151059144        0.30236376610414
C            0.47290407433036        0.01181644764187       -0.33989581075103
C            1.71819413575494        0.82612419588245        0.00766505211512
C            0.65894219223206       -1.43646354120667        0.10638440588249
H           -2.91793728637401        0.56119512331470        0.28282879523185
H           -2.14487372528253       -1.01951764587184        0.27854251378476
H           -2.16152094426437       -0.04299485634185       -1.19180115733056
H           -0.79452359927011        1.70544926480481        0.01468987521362
H           -0.66169074834440        0.61048818270417        1.38955611745041
H            0.34198108256382        0.02624561328749       -1.42828869786552
H            2.59922234480310        0.40210009554271       -0.46902176588707
H            1.87921617588234        0.82887352374628        1.08392324485906
H            1.61159161002210        1.85635772587064       -0.32513735952875
H            0.71768819781693       -1.49351032623343        1.19154114281916
H            1.57896360339433       -1.84326425327006       -0.30799312249436
H           -0.16554759282500       -2.05948667192702       -0.22931317186472
17
 energy: -16.830640372727 gnorm: 0.000275962507 xtb: 6.7.1 (edcfbbe)
C           -2.07583014613234       -0.00478021711221       -0.10896755528038
C           -0.76288190274018        0.65051940826248        0.30363126697498
C            0.47265273642451        0.01101998059798       -0.33929067763185
C            1.71757284978266        0.82635055763607        0.00657793364121
C            0.65982145332908       -1.43683088057068        0.10759274130050
H           -2.91773364173027        0.56108446185569        0.28416423232119
H           -2.14561052655475       -1.01999804239516        0.27269919798385
H           -2.16213145969515       -0.03699237670955       -1.19325113700909
H           -0.79326110842246        1.70519914722694        0.01834366353585
H           -0.66231317748112        0.60692429535052        1.39083561011708
H            0.34069314588743        0.02483831341280       -1.42759949696476
H            2.59851279330647        0.40235426171410       -0.47032647041791
H            1.87952088846818        0.83033635920272        1.08271075287499
H            1.61028113400493        1.85622404532524       -0.32719890225018
H            0.71983085269038       -1.49333977165371        1.19273817379376
H            1.57961107006530       -1.84345258781545       -0.30749317524813
H           -0.16469117149293       -2.06054953327122       -0.22679082586120
17
 energy: -16.830643473081 gnorm: 0.000317314880 xtb: 6.7.1 (edcfbbe)
C           -2.07632526440883       -0.00351880742090       -0.11028882352578
C           -0.76303729140556        0.64943612720735        0.30457251487470
C            0.47249223780357        0.01033538240860       -0.33884601744977
C            1.71724078960168        0.82642311447660        0.00568936011758
C            0.66085357299731       -1.43704544961639        0.10887992164491
H           -2.91790781848706        0.56032350732356        0.28645456911844
H           -2.14584737098332       -1.02069938909273        0.26609098787059
H           -2.16348370906604       -0.03010091126424       -1.19464564669953
H           -0.79229561967662        1.70470162344149        0.02142656551925
H           -0.66323263944407        0.60353147177023        1.39173859563530
H            0.33974016077811        0.02337556319554       -1.42705575745528
H            2.59821888794299        0.40232025181631       -0.47103427967129
H            1.87952571158195        0.83173329390968        1.08174836495109
H            1.60934554481621        1.85584070570829       -0.32921175478137
H            0.72328751677843       -1.49270557630976        1.19392195495438
H            1.57975477042061       -1.84387556828097       -0.30792952358150
H           -0.16428568953963       -2.06116791821610       -0.22313569964184
17
 energy: -16.830647053423 gnorm: 0.000242786068 xtb: 6.7.1 (edcfbbe)
C           -2.07678560237986       -0.00214512274897       -0.11201651689696
C           -0.76313829457507        0.64842759606213        0.30563525167714
C            0.47223488589135        0.00946000059961       -0.33827796903029
C            1.71672339547818        0.82669313386060        0.00473598703307
C            0.66200803266888       -1.43750309738327        0.11035651496168
H           -2.91792204159347        0.55889915530161        0.28959928811427
H           -2.14564931111279       -1.02186240500286        0.25756618229747
H           -2.16520027056455       -0.02136059385152       -1.19643042978284
H           -0.79125560955922        1.70441180459284        0.02507071037227
H           -0.66435382322897        0.59968014049682        1.39274728613280
H            0.33873849030444        0.02159920546446       -1.42637549978592
H            2.59770680244559        0.40205967041751       -0.47146591503984
H            1.87909831879690        0.83358443722513        1.08074813287963
H            1.60848900383353        1.85557195895077       -0.33170785268822
H            0.72848504969457       -1.49163570172328        1.19522223117458
H            1.57931677933512       -1.84498031899448       -0.30933819787234
H           -0.16445201572490       -2.06199244221053       -0.21769387166661
17
 energy: -16.830650458707 gnorm: 0.000147669330 xtb: 6.7.1 (edcfbbe)
C           -2.07750200875938       -0.00066232919239       -0.11407092696349
C           -0.76334299389363        0.64705687711890        0.30691149203935
C            0.47193541183054        0.00871683280165       -0.33777703585793
C            1.71639473261862        0.82681935015432        0.00372164193762
C            0.66332692391864       -1.43768960280748        0.11217160726184
H           -2.91821582357613        0.55721822385090        0.29277013067698
H           -2.14575904243221       -1.02311941155008        0.24794025882593
H           -2.16722728531276       -0.01180013505866       -1.19847543377134
H           -0.79005545938382        1.70386083840034        0.02933248868146
H           -0.66558013991171        0.59502948432298        1.39397683436050
H            0.33743741077845        0.01992028365790       -1.42576626864346
H            2.59749306959668        0.40157156574139       -0.47175240063691
H            1.87878940742550        0.83581783109632        1.07974088060624
H            1.60776553159805        1.85500539360200       -0.33467994135422
H            0.73504296723028       -1.49036447271258        1.19681450756942
H            1.57843351150945       -1.84607454941665       -0.31145861760775
H           -0.16489242352682       -2.06239875895228       -0.21102388524436
17
 energy: -16.830653003014 gnorm: 0.000121654713 xtb: 6.7.1 (edcfbbe)
C           -2.07801363750682        0.00081778337211       -0.11591627090899
C           -0.76349872966855        0.64588861270468        0.30824186136288
C            0.47163542727790        0.00788640500812       -0.33713046613147
C            1.71588873351033        0.82712132862945        0.00272538997524
C            0.66463834424062       -1.43811180847822        0.11358838576896
H           -2.91839501459341        0.55617048938090        0.29495631719708
H           -2.14599881008526       -1.02384702321138        0.23969824048466
H           -2.16825734321424       -0.00347774420551       -1.20027363859457
H           -0.78910315467834        1.70350849413705        0.03375237907984
H           -0.66696801390740        0.59051346127759        1.39520830963717
H            0.33625352286534        0.01818178142836       -1.42497211642127
H            2.59697533872900        0.40111421164483       -0.47202395718453
H            1.87828835258554        0.83806227037795        1.07869213450655
H            1.60701279793134        1.85463561194285       -0.33758895702529
H            0.74115746573786       -1.48921885427094        1.19793355654362
H            1.57769546687584       -1.84738979492152       -0.31356889021782
H           -0.16526695639003       -2.06294780375972       -0.20494694619217
17
 energy: -16.830654707148 gnorm: 0.000137146894 xtb: 6.7.1 (edcfbbe)
C           -2.07839230596929        0.00189026675897       -0.11737357756595
C           -0.76361904373934        0.64476013693463        0.30948849198595
C            0.47142060160340        0.00734854125309       -0.33662649239011
C            1.71555072112435        0.82736630505975        0.00185706029565
C            0.66552751519598       -1.43830936428297        0.11475072678301
H           -2.91855599604439        0.55580387299232        0.29584050138275
H           -2.14678048822002       -1.02425658876334        0.23384190755987
H           -2.16864405174407        0.00226827206649       -1.20173000494842
H           -0.78810519514121        1.70305897196432        0.03756380867566
H           -0.66786371174703        0.58664338631335        1.39637342238142
H            0.33515913196497        0.01711648082905       -1.42436541563996
H            2.59668695005228        0.40084765944214       -0.47235968542288
H            1.87803573093287        0.83993532974110        1.07779308073257
H            1.60637784754635        1.85434753214834       -0.33996744411906
H            0.74580425239051       -1.48850215708749        1.19887609319814
H            1.57701763450150       -1.84812581194726       -0.31520890884562
H           -0.16557580299713       -2.06328541236590       -0.20037823218313
17
 energy: -16.830655914373 gnorm: 0.000127379869 xtb: 6.7.1 (edcfbbe)
C           -2.07864733369752        0.00282976708625       -0.11845135108875
C           -0.76374338046544        0.64393246668082        0.31055791304503
C            0.47118652457197        0.00690213543429       -0.33617897111863
C            1.71521131859882        0.82750911977808        0.00118986463672
C            0.66638990472132       -1.43850083190672        0.11550243171841
H           -2.91873842097272        0.55605279884160        0.29581357804666
H           -2.14770825665870       -1.02418156572203        0.23002428438624
H           -2.16843217733096        0.00602822055832       -1.20281763840836
H           -0.78746992314238        1.70281117633459        0.04083073978588
H           -0.66863464190567        0.58347269406732        1.39737448327307
H            0.33415525510465        0.01625476477833       -1.42382829190466
H            2.59634104355421        0.40067193507074       -0.47275366881659
H            1.87797838232994        0.84141153557697        1.07707426714635
H            1.60572715350249        1.85405173027783       -0.34183757641261
H            0.74919298292814       -1.48807086548215        1.19945465007068
H            1.57679247530241       -1.84874406835064       -0.31635098377039
H           -0.16555711673083       -2.06352359196702       -0.19722839870918
17
 energy: -16.830656861736 gnorm: 0.000099552561 xtb: 6.7.1 (edcfbbe)
C           -2.07879803084777        0.00356966729846       -0.11933524405069
C           -0.76378085748543        0.64306655013346        0.31162798818091
C            0.47106532275312        0.00654556958810       -0.33577712379394
C            1.71493621912475        0.82779557970028        0.00048696308367
C            0.66691955416520       -1.43867336707785        0.11613796968013
H           -2.91883225070912        0.55663793295100        0.29526769492611
H           -2.14878953975369       -1.02401868164547        0.22728470377181
H           -2.16782177104620        0.00871941987719       -1.20377254858031
H           -0.78675699024923        1.70244319960528        0.04385513816957
H           -0.66927606506152        0.58056193184361        1.39837146795498
H            0.33333515957703        0.01560285277758       -1.42333821529256
H            2.59601545364295        0.40068752650901       -0.47329712853143
H            1.87797897319136        0.84265917622738        1.07630094906357
H            1.60517792068501        1.85402117852908       -0.34340939220005
H            0.75170006629613       -1.48780689325733        1.19995516693057
H            1.57655485512591       -1.84905458974470       -0.31716213876324
H           -0.16558422969876       -2.06384963225847       -0.19482091866922
17
 energy: -16.830657607192 gnorm: 0.000063680741 xtb: 6.7.1 (edcfbbe)
C           -2.07896906962454        0.00426290860610       -0.12012205395616
C           -0.76388739969412        0.64240155668821        0.31256646738491
C            0.47086543246096        0.00624732401294       -0.33536733912892
C            1.71469728629622        0.82791332849553       -0.00011665455542
C            0.66755790891718       -1.43880196130565        0.11668666523581
H           -2.91898665675190        0.55734428340636        0.29453279997746
H           -2.14992636882132       -1.02376543959811        0.22508168080209
H           -2.16719055605325        0.01085336426554       -1.20463894097827
H           -0.78620207507685        1.70226896847255        0.04665108827965
H           -0.66982891777375        0.57794331235070        1.39923538158012
H            0.33245220411780        0.01507296824841       -1.42284781357852
H            2.59571735266451        0.40070433619940       -0.47395258132333
H            1.87816151449800        0.84364457243264        1.07563124990774
H            1.60453937530340        1.85385461273739       -0.34474217324664
H            0.75384363695494       -1.48762240264267        1.20041273941412
H            1.57659472210221       -1.84934117327304       -0.31775064000651
H           -0.16539459980976       -2.06407313803971       -0.19288454392826
17
 energy: -16.830658164363 gnorm: 0.000055649039 xtb: 6.7.1 (edcfbbe)
C           -2.07908781206902        0.00491615494920       -0.12081884927816
C           -0.76391052140848        0.64173905740559        0.31344358691769
C            0.47073806224618        0.00595270461047       -0.33507420743498
C            1.71446487493584        0.82810680856651       -0.00065996563544
C            0.66803695317056       -1.43894488388925        0.11716366376579
H           -2.91910503210093        0.55799392377682        0.29385557098768
H           -2.15086947846771       -1.02345626163083        0.22317476888346
H           -2.16659392460583        0.01270967103835       -1.20538687201362
H           -0.78571549069072        1.70200022881100        0.04910219162783
H           -0.67034730981152        0.57562282810984        1.40006323899830
H            0.33172290001338        0.01450817656281       -1.42249009663267
H            2.59537695971480        0.40084911053832       -0.47464043150917
H            1.87842076308703        0.84444860510564        1.07500941445459
H            1.60397610437163        1.85384781741835       -0.34579153143156
H            0.75557184131059       -1.48744557257035        1.20080757501857
H            1.57660713605407       -1.84956588206149       -0.31816465246171
H           -0.16524223604015       -2.06437506568438       -0.19121807237672
17
 energy: -16.830658567738 gnorm: 0.000052637741 xtb: 6.7.1 (edcfbbe)
C           -2.07920862327136        0.00537760251485       -0.12138391551418
C           -0.76398095590195        0.64125527786587        0.31409602052457
C            0.47061214624621        0.00574038303854       -0.33478080801790
C            1.71431985867101        0.82821664019782       -0.00115281643813
C            0.66843367884124       -1.43903024904209        0.11762615102502
H           -2.91918049267919        0.55840184074053        0.29346618672884
H           -2.15161410388594       -1.02337062827437        0.22143652158077
H           -2.16617136707753        0.01442055392753       -1.20600681318267
H           -0.78527755306686        1.70185473845446        0.05106736234304
H           -0.67078539685374        0.57376134012063        1.40065046413004
H            0.33114888804708        0.01409886230132       -1.42213207931668
H            2.59514455679762        0.40096632564574       -0.47531891306524
H            1.87863522427265        0.84494522156339        1.07444651911286
H            1.60348038308718        1.85381911687274       -0.34658479094782
H            0.75697075191301       -1.48726469221292        1.20120361159650
H            1.57662560298594       -1.84971332812801       -0.31843423296039
H           -0.16510880841562       -2.06457158452943       -0.18982313571874
17
 energy: -16.830658877845 gnorm: 0.000049406045 xtb: 6.7.1 (edcfbbe)
C           -2.07931275089285        0.00582135200460       -0.12189144616089
C           -0.76401185703962        0.64084869361730        0.31460876618745
C            0.47052262830074        0.00552894617897       -0.33457264972248
C            1.71417914387596        0.82830657225623       -0.00150352181785
C            0.66876726305440       -1.43912504865102        0.11801573113835
H           -2.91926387638052        0.55859805608524        0.29334626930773
H           -2.15205949752279       -1.02327822697802        0.21979278244902
H           -2.16602493528010        0.01602300025815       -1.20652579282224
H           -0.78496295786539        1.70169197648422        0.05256590619982
H           -0.67110305147644        0.57231901848251        1.40112255887067
H            0.33067300049477        0.01367650135483       -1.42187999523715
H            2.59490822621730        0.40111057887351       -0.47589615975382
H            1.87889257367543        0.84532416943561        1.07403757294625
H            1.60304582411860        1.85380890845810       -0.34714879601094
H            0.75815153783984       -1.48707491605050        1.20154296744108
H            1.57664302145097       -1.84988787154099       -0.31863600883414
H           -0.16500050286058       -2.06478428921214       -0.18860285230098
17
 energy: -16.830659149222 gnorm: 0.000047814532 xtb: 6.7.1 (edcfbbe)
C           -2.07940483626331        0.00619022284515       -0.12232126600344
C           -0.76405058460496        0.64052127825539        0.31500909336295
C            0.47043896240314        0.00534215863007       -0.33441487495365
C            1.71406240352943        0.82836671198997       -0.00183560072353
C            0.66905809423748       -1.43919045624330        0.11840783460338
H           -2.91931423515477        0.55858644196126        0.29349949034880
H           -2.15234241915956       -1.02332744639277        0.21807557208289
H           -2.16600851072289        0.01774043657612       -1.20695206038706
H           -0.78467236490300        1.70157919747458        0.05380589530829
H           -0.67145282612561        0.57109092658361        1.40149534788656
H            0.33031002794024        0.01327367144797       -1.42168780351772
H            2.59471913170938        0.40122750380417       -0.47641081022848
H            1.87909091985110        0.84559078392280        1.07365109839931
H            1.60267183079102        1.85379419678952       -0.34761987474109
H            0.75921241139519       -1.48686837141178        1.20188236778661
H            1.57663269490948       -1.85004862309143       -0.31877339523430
H           -0.16490691012264       -2.06496121208472       -0.18743568210963
17
 energy: -16.830659412372 gnorm: 0.000042192309 xtb: 6.7.1 (edcfbbe)
C           -2.07951788468514        0.00656686698503       -0.12279181993322
C           -0.76409426944673        0.64019829588752        0.31537086454452
C            0.47036556396817        0.00514138334345       -0.33422245463072
C            1.71395767353393        0.82841924806143       -0.00214383059540
C            0.66934829159390       -1.43927043232533        0.11881997499192
H           -2.91936436900497        0.55841612797900        0.29388444564080
H           -2.15247640729070       -1.02342522873190        0.21614404632908
H           -2.16620360586247        0.01965531680963       -1.20739837287442
H           -0.78439332145937        1.70144757097986        0.05493748114345
H           -0.67172823806268        0.56995956241082        1.40181739733011
H            0.32994959102090        0.01284674507120       -1.42145500337342
H            2.59454108641231        0.40132656860873       -0.47690117453777
H            1.87927326915749        0.84585433243955        1.07329509883387
H            1.60230954018225        1.85376696010269       -0.34808595337513
H            0.76028184001832       -1.48662734716286        1.20224452606945
H            1.57662314472983       -1.85022201727776       -0.31890059308239
H           -0.16482811509531       -2.06514653212447       -0.18623930060084
17
 energy: -16.830659572738 gnorm: 0.000034303036 xtb: 6.7.1 (edcfbbe)
C           -2.07961288315621        0.00684183904425       -0.12305727996373
C           -0.76411372590614        0.63995894128509        0.31565177139371
C            0.47029874169302        0.00497187417184       -0.33412065519544
C            1.71385645704643        0.82844317723761       -0.00237458705568
C            0.66957997213990       -1.43935725158398        0.11910090729124
H           -2.91939547969038        0.55844459932347        0.29404591509029
H           -2.15274085014024       -1.02344165433403        0.21491009666874
H           -2.16623367284306        0.02096118245461       -1.20764274758699
H           -0.78420707328232        1.70133321362379        0.05570918635657
H           -0.67191177402664        0.56918911626564        1.40208621251365
H            0.32969969312069        0.01258341420856       -1.42133039575266
H            2.59437789365246        0.40142100113290       -0.47730190773658
H            1.87942187127462        0.84603026784751        1.07301852467712
H            1.60198250420669        1.85372791228854       -0.34842339441718
H            0.76083465147198       -1.48654034089497        1.20250438898677
H            1.57679386486321       -1.85025434040906       -0.31878947628692
H           -0.16458640071427       -2.06540553060516       -0.18561122710304
17
 energy: -16.830659742045 gnorm: 0.000032955144 xtb: 6.7.1 (edcfbbe)
C           -2.07968658527204        0.00709985028747       -0.12337976657715
C           -0.76414076908965        0.63974645746153        0.31589132853798
C            0.47024974669362        0.00483709984247       -0.33400366148052
C            1.71380440144162        0.82848292466938       -0.00262600355567
C            0.66975678181963       -1.43939536398599        0.11941761349213
H           -2.91942237667039        0.55819384765291        0.29448412483560
H           -2.15273471228065       -1.02357633913284        0.21339019533199
H           -2.16643381849655        0.02248021159768       -1.20793654186133
H           -0.78399490331477        1.70126749687598        0.05652384854923
H           -0.67214426479553        0.56835944262431        1.40229949194503
H            0.32943594514184        0.01221606145383       -1.42118265573640
H            2.59427650216576        0.40146725810139       -0.47764991285726
H            1.87956890844869        0.84624386275379        1.07272974123450
H            1.60176967192946        1.85370515370721       -0.34880648358055
H            0.76138657320010       -1.48633939716054        1.20279809861620
H            1.57684039416298       -1.85033057200880       -0.31870891607995
H           -0.16448770537438       -2.06555057368316       -0.18486516893394
17
 energy: -16.830659925486 gnorm: 0.000030088618 xtb: 6.7.1 (edcfbbe)
C           -2.07973680995435        0.00741346351300       -0.12377239122829
C           -0.76415910123644        0.63952079920845        0.31615572560821
C            0.47018566186001        0.00468156350470       -0.33389740241042
C            1.71370841938546        0.82851485382242       -0.00290732358894
C            0.66996940321315       -1.43942868193927        0.11980726810050
H           -2.91943928587045        0.55777823340961        0.29512610909385
H           -2.15256798658254       -1.02377686869074        0.21149369669932
H           -2.16676536173391        0.02436506626582       -1.20828760716968
H           -0.78376128534187        1.70120217987544        0.05744310174150
H           -0.67239786376952        0.56744301770361        1.40253643851263
H            0.32916389497049        0.01183646600740       -1.42105226981595
H            2.59413401345575        0.40145163033560       -0.47797669030690
H            1.87963998946600        0.84652905850552        1.07242325650933
H            1.60154278837867        1.85364711766658       -0.34930891114964
H            0.76211065614338       -1.48611631169641        1.20315859076320
H            1.57683433056263       -1.85048402742986       -0.31865339200410
H           -0.16441767323674       -2.06567013900527       -0.18391286747476
17
 energy: -16.830660098072 gnorm: 0.000030086512 xtb: 6.7.1 (edcfbbe)
C           -2.07984213306673        0.00774017554908       -0.12415715565193
C           -0.76420128371996        0.63924936361332        0.31641643501673
C            0.47014243029862        0.00450917898117       -0.33373951912870
C            1.71363886627507        0.82856078561479       -0.00318958450302
C            0.67019637884078       -1.43949142000163        0.12018331873211
H           -2.91949799426230        0.55735092542546        0.29582523459158
H           -2.15250772901818       -1.02400505903036        0.20944651741500
H           -2.16713366867432        0.02642807556778       -1.20862081241353
H           -0.78350684372617        1.70109815220462        0.05836793830618
H           -0.67267226748318        0.56647054201172        1.40276752113711
H            0.32889005160901        0.01141525777888       -1.42086109036458
H            2.59405157925307        0.40142508528065       -0.47822179565019
H            1.87970161196171        0.84694224291260        1.07211338311454
H            1.60135080695756        1.85357331005525       -0.34990620633001
H            0.76297450738604       -1.48585747087560        1.20349247284426
H            1.57681569698835       -1.85064915936162       -0.31868734973465
H           -0.16435621990963       -2.06585256466953       -0.18285397550102
17
 energy: -16.830660237678 gnorm: 0.000027092407 xtb: 6.7.1 (edcfbbe)
C           -2.07990393644373        0.00805537127685       -0.12453801313671
C           -0.76422324533038        0.63900124552897        0.31670386103317
C            0.47006335104471        0.00432638163411       -0.33363983890668
C            1.71351232539183        0.82858803824693       -0.00343149585515
C            0.67044528196781       -1.43954916028476        0.12053161145306
H           -2.91948295513747        0.55704090886472        0.29641322666939
H           -2.15247001379340       -1.02416341930197        0.20760873893750
H           -2.16742332800353        0.02827976978279       -1.20896156221147
H           -0.78326914777840        1.70100398912280        0.05926460555221
H           -0.67290895015947        0.56557109486386        1.40303213492321
H            0.32860368114409        0.01102825487841       -1.42073926066039
H            2.59392137571651        0.40134647251846       -0.47837551532215
H            1.87965535302599        0.84736587538855        1.07185389145039
H            1.60112310280628        1.85346849278654       -0.35050960900592
H            0.76387488375255       -1.48565852845377        1.20380007367720
H            1.57680361330043       -1.85079917495330       -0.31879505134758
H           -0.16427760179409       -2.06599819084259       -0.18184246537022
17
 energy: -16.830660342244 gnorm: 0.000023287569 xtb: 6.7.1 (edcfbbe)
C           -2.08000539727793        0.00833577730005       -0.12483229483619
C           -0.76425243727812        0.63875866514028        0.31693855578925
C            0.47003002979728        0.00418160656397       -0.33351353022177
C            1.71343763634182        0.82863898394152       -0.00365073434786
C            0.67066420373266       -1.43961836591407        0.12080358900416
H           -2.91954549996316        0.55688025964420        0.29677335527116
H           -2.15255854493731       -1.02424534985422        0.20618496199449
H           -2.16761056539217        0.02973892026993       -1.20922109362912
H           -0.78307147330105        1.70089816881472        0.06005621527344
H           -0.67312255685475        0.56474389070055        1.40323869047763
H            0.32839119539209        0.01075509253522       -1.42058581688414
H            2.59385827861047        0.40129358081654       -0.47848046899597
H            1.87959511454905        0.84777754759228        1.07162444543035
H            1.60096843652971        1.85339553506827       -0.35106814662707
H            0.76468965027339       -1.48553451457488        1.20402750895554
H            1.57678678447564       -1.85094571172987       -0.31893233740182
H           -0.16421106498789       -2.06614666525790       -0.18098756737219
17
 energy: -16.830660422572 gnorm: 0.000020569169 xtb: 6.7.1 (edcfbbe)
C           -2.08005695336745        0.00855050344505       -0.12508797239391
C           -0.76427104824187        0.63855700110943        0.31718285187820
C            0.46997659503912        0.00406316050315       -0.33342087152371
C            1.71335223431947        0.82867965360684       -0.00381528169949
C            0.67084191016852       -1.43966798591320        0.12099835418598
H           -2.91955271760906        0.55683760647938        0.29693302908555
H           -2.15270853758089       -1.02428669460456        0.20511050521924
H           -2.16765255757497        0.03081581279212       -1.20945951187374
H           -0.78288342966869        1.70081898696221        0.06079119462043
H           -0.67329613431843        0.56401736745952        1.40346139491411
H            0.32816398574900        0.01050128904834       -1.42047162547244
H            2.59378100622802        0.40123924441721       -0.47854116503589
H            1.87955183454641        0.84816985545956        1.07144742889360
H            1.60082277957137        1.85331991492991       -0.35155070196145
H            0.76540078642594       -1.48539982055034        1.20418361579426
H            1.57675623830557       -1.85105646286833       -0.31911314529293
H           -0.16418220228232       -2.06625201121971       -0.18027276745795
