17
 energy: -197.688545305338 gnorm: 0.018555654859 xtb: 6.7.1 (edcfbbe)
C           -1.72800560336572        0.34879844105456        0.58837623936073
C           -0.88175052009073        0.34114079295117       -0.67985603160126
C            0.58421454895888       -0.07101760023147       -0.48174756021348
C            1.33175641639014        0.89502366969661        0.43500186669276
C            0.71157958511532       -1.50174240816546        0.03716840881647
H           -1.76810420428349       -0.63974723018349        1.03781848525988
H           -2.74537427841655        0.65158554958873        0.34926666605477
H           -1.33161700999007        1.04878279446474        1.31894333588446
H           -1.33673254109234       -0.34240228355173       -1.40138335402099
H           -0.90126746489938        1.34106999139426       -1.12098125599674
H            1.05762164236866       -0.02933345641300       -1.47082422665176
H            0.96086342642578        0.82724337356657        1.45456836784456
H            1.21490223533836        1.92018600925089        0.09023254223998
H            2.39318524066048        0.65667413169099        0.44649709089785
H            1.75492935747766       -1.81002822460207        0.03671566091627
H            0.15105825876694       -2.18998020597044       -0.59178456456224
H            0.33848169984999       -1.57947060449991        1.05521396976759
17
 energy: -197.689094160452 gnorm: 0.005009712320 xtb: 6.7.1 (edcfbbe)
C           -1.73318957299525        0.35010612979546        0.58769904273649
C           -0.88312170294503        0.34226713189390       -0.68316427390033
C            0.58427801997337       -0.07100848469254       -0.48175351123863
C            1.33662855443371        0.89947961837355        0.43151374242887
C            0.71388053460317       -1.50653506048124        0.03234743222314
H           -1.77806129188288       -0.64018183515296        1.04671446733771
H           -2.75729664149519        0.65320911812261        0.35747120544855
H           -1.34125589208764        1.05029385839900        1.32902219882119
H           -1.33813557192755       -0.33797796696993       -1.41301089426457
H           -0.90348061092050        1.34205941356427       -1.13305074637457
H            1.05832634043158       -0.02955071471667       -1.47217665948678
H            0.96655614776051        0.83718006065729        1.45829029909370
H            1.22437006654007        1.93291348274314        0.09162211952023
H            2.40365362157730        0.66256010124668        0.45168437578588
H            1.76070378249244       -1.82148987533572        0.03856872138860
H            0.15268112909483       -2.20531419437619       -0.59442699217378
H            0.33920404772877       -1.59122800495557        1.05587490651654
17
 energy: -197.689136462305 gnorm: 0.000824365068 xtb: 6.7.1 (edcfbbe)
C           -1.73757895367240        0.35113500814798        0.58698747858367
C           -0.88380359020369        0.34244066775201       -0.68203420708869
C            0.58498137414811       -0.07099538076783       -0.48267443884340
C            1.33923935054952        0.89940972654218        0.43037619949910
C            0.71616134243812       -1.50718641996534        0.03137629016405
H           -1.78449396282742       -0.63972953778816        1.04913301620137
H           -2.76375309910673        0.65455552232032        0.35875668272187
H           -1.34764169129112        1.05115840546922        1.33235689721604
H           -1.33927177466003       -0.33635996615876       -1.41488147481186
H           -0.90490106907565        1.34232320723312       -1.13481429474101
H            1.05799612632626       -0.02929581806803       -1.47424509796799
H            0.97034672588641        0.84307135314286        1.46026860504642
H            1.22993509079023        1.93479833775516        0.08972272270869
H            2.40793055772006        0.66234709455351        0.45346202385842
H            1.76420309118724       -1.82397837836456        0.03944625954925
H            0.15601297879735       -2.20873773275961       -0.59635786730535
H            0.34037868530381       -1.59817321134882        1.05634646513773
17
 energy: -197.689140209309 gnorm: 0.000542815279 xtb: 6.7.1 (edcfbbe)
C           -1.73877267324117        0.35112705611844        0.58723875566071
C           -0.88456296480007        0.34258007012779       -0.68080089209112
C            0.58436560695154       -0.07114215563972       -0.48054492579597
C            1.34040735283617        0.89993366703256        0.42996684949390
C            0.71688787970479       -1.50786626080126        0.03103035340308
H           -1.78728197690177       -0.63971603421013        1.04958274225001
H           -2.76442546248247        0.65495096602989        0.35688115937048
H           -1.35030223588619        1.05115810360631        1.33355246089877
H           -1.33952254799751       -0.33607361359619       -1.41431648914909
H           -0.90513816848711        1.34253367811077       -1.13379635031486
H            1.05594332508677       -0.02913738533079       -1.47277772566993
H            0.97128430082274        0.84689077869741        1.46002086428590
H            1.23379142102894        1.93490933076269        0.08687301721502
H            2.40865199674593        0.66050780109806        0.45365044421243
H            1.76551198908553       -1.82303588568609        0.03957761719465
H            0.15869185491808       -2.20956650023245       -0.59845758963006
H            0.34021158271356       -1.60127066112312        1.05554482738106
17
 energy: -197.689140209309 gnorm: 0.000542815279 xtb: 6.7.1 (edcfbbe)
C           -1.73877267324117        0.35112705611844        0.58723875566071
C           -0.88456296480007        0.34258007012779       -0.68080089209112
C            0.58436560695154       -0.07114215563972       -0.48054492579597
C            1.34040735283617        0.89993366703256        0.42996684949390
C            0.71688787970479       -1.50786626080126        0.03103035340308
H           -1.78728197690177       -0.63971603421013        1.04958274225001
H           -2.76442546248247        0.65495096602989        0.35688115937048
H           -1.35030223588619        1.05115810360631        1.33355246089877
H           -1.33952254799751       -0.33607361359619       -1.41431648914909
H           -0.90513816848711        1.34253367811077       -1.13379635031486
H            1.05594332508677       -0.02913738533079       -1.47277772566993
H            0.97128430082274        0.84689077869741        1.46002086428590
H            1.23379142102894        1.93490933076269        0.08687301721502
H            2.40865199674593        0.66050780109806        0.45365044421243
H            1.76551198908553       -1.82303588568609        0.03957761719465
H            0.15869185491808       -2.20956650023245       -0.59845758963006
H            0.34021158271356       -1.60127066112312        1.05554482738106
