12
 energy: -22.129032295892 gnorm: 0.045172072841 xtb: 6.7.1 (edcfbbe)
C           -2.21449539053982       -1.00579016832580       -0.30443972492533
O           -0.84202917466921       -0.74118446149931        0.07597955972135
C           -0.53550872819946        0.55353370131018        0.21877434641113
O           -1.29561065600240        1.47601209267576        0.06850153145405
C            0.91679946139887        0.73900669521577        0.65812625341430
C            1.83723003311638       -0.28017677836967        0.18847332269980
N            2.58183378228278       -1.07546993047025       -0.19336953582390
H           -2.42666775887771       -0.55192590688989       -1.27514252540028
H           -2.89695970914377       -0.59887168012710        0.44523065668549
H           -2.29240574363898       -2.09057602329973       -0.35695687353122
H            0.92313949112053        0.75040091983110        1.75555617206765
H            1.24190730908319        1.72683437464790        0.32200597205698
12
 energy: -22.130117099593 gnorm: 0.015310993763 xtb: 6.7.1 (edcfbbe)
C           -2.20200868756113       -1.00742463783452       -0.30346776593209
O           -0.84540821688403       -0.73226276674349        0.07730156372028
C           -0.53554266037117        0.55433272099088        0.22242610913989
O           -1.29245851242340        1.47033181129276        0.06318694261934
C            0.91503497151149        0.74372385147804        0.66050115057002
C            1.80692036378817       -0.27932206114206        0.17424543139968
N            2.54611206231658       -1.06958757723337       -0.18213475617641
H           -2.41367816493517       -0.55344521743845       -1.27189785291717
H           -2.88479014683445       -0.60080944841619        0.44327512415637
H           -2.28022932330313       -2.08983849470417       -0.35592351919804
H            0.93087522142848        0.73980946577211        1.75674080496050
H            1.25240600919818        1.72628518867743        0.31848592248765
12
 energy: -22.130152558268 gnorm: 0.009106682540 xtb: 6.7.1 (edcfbbe)
C           -2.18662132559006       -1.00938570784168       -0.30080688398073
O           -0.84285704303866       -0.72523003426867        0.08464662225737
C           -0.53216719142369        0.55819139489414        0.21855489435576
O           -1.28866072509882        1.46958766671514        0.03831500686822
C            0.91327284195486        0.75006240433825        0.67201532316828
C            1.80409804647094       -0.27939175349768        0.21025286304479
N            2.48783304503690       -1.08289679570039       -0.22595115723902
H           -2.39809568372249       -0.56208534994947       -1.27202658685641
H           -2.87745680711734       -0.60181162750861        0.43775498456385
H           -2.26373733172299       -2.09099818806230       -0.34860285764279
H            0.92151885154829        0.74922821307147        1.76693433229165
H            1.26010623863344        1.72652261250876        0.32165261399905
12
 energy: -22.130400798122 gnorm: 0.002586822142 xtb: 6.7.1 (edcfbbe)
C           -2.18148930581666       -1.00878549549242       -0.29973859072463
O           -0.84314408623580       -0.71961316781231        0.08887247053909
C           -0.53446879729551        0.56353926103361        0.22207784104784
O           -1.29274551888388        1.47429943857117        0.04027805347842
C            0.91246633536832        0.75188819866365        0.67173715950547
C            1.78494348871932       -0.28249649063020        0.18413607364690
N            2.49103386090720       -1.08832740547423       -0.21088278167719
H           -2.39462250079299       -0.56382061597175       -1.27232708049231
H           -2.87937681212167       -0.60503300435822        0.43531801176348
H           -2.25480966704742       -2.09075915702044       -0.34789041416405
H            0.92842946410700        0.74247563714297        1.76640848702965
H            1.26101645502250        1.72842563604715        0.32474992487735
12
 energy: -22.130431367316 gnorm: 0.002463374702 xtb: 6.7.1 (edcfbbe)
C           -2.17768572480267       -1.00965060341036       -0.29856863642689
O           -0.84296193089343       -0.71633791338808        0.09670560384313
C           -0.53457428786879        0.56822836049560        0.22342222054678
O           -1.29193359567123        1.47903929922910        0.03327531960629
C            0.91270076263609        0.75398254902172        0.67434538146639
C            1.77921768390657       -0.28432949567091        0.18118946675635
N            2.47932953695633       -1.09399324828438       -0.21808590931973
H           -2.38865248204234       -0.56856850726881       -1.27422930572289
H           -2.88339316989671       -0.60707610843837        0.43081163132743
H           -2.24760769384649       -2.09252028888734       -0.34464028321658
H            0.92910327186434        0.74290793562170        1.76883546879780
H            1.26369054558871        1.73011085567909        0.32967819717195
12
 energy: -22.130459831126 gnorm: 0.002919100549 xtb: 6.7.1 (edcfbbe)
C           -2.17224916479301       -1.01144414053726       -0.29573203120085
O           -0.84403760033848       -0.71073846373648        0.11187470800526
C           -0.53409271689610        0.57628391056981        0.22288828570934
O           -1.28810488718379        1.48684394389293        0.01725993771276
C            0.91271904334508        0.75707274771208        0.67909998942212
C            1.77036178333850       -0.28581772942324        0.17692530511776
N            2.45826691364562       -1.10071303337956       -0.23268517603980
H           -2.37627261146550       -0.57744648963267       -1.27700158144732
H           -2.89056718154763       -0.60959682227043        0.42292672161533
H           -2.23628514972019       -2.09563200212969       -0.33706681272890
H            0.92859913290363        0.73979442466403        1.77333842334391
H            1.26889535464227        1.73318648896945        0.34091138532040
12
 energy: -22.130475333420 gnorm: 0.002436456307 xtb: 6.7.1 (edcfbbe)
C           -2.17071982054806       -1.01236650556770       -0.29369998725382
O           -0.84602090574100       -0.70828830330203        0.12245677370592
C           -0.53390453120066        0.57983784726329        0.22271135187714
O           -1.28388405673517        1.49033470309964        0.00406054246051
C            0.91250371675649        0.75805564261724        0.68167306980005
C            1.76680949393357       -0.28491061270476        0.17380297533267
N            2.44902631381991       -1.10138938381075       -0.24142170520859
H           -2.36816839691014       -0.58198711020142       -1.27794174474477
H           -2.89505681194955       -0.61010604011548        0.41847004804421
H           -2.23207900579562       -2.09692456997787       -0.33197551519314
H            0.92758434665100        0.73450626048856        1.77578359158823
H            1.27114257364962        1.73503090691023        0.34881975442161
12
 energy: -22.130509167312 gnorm: 0.002699736178 xtb: 6.7.1 (edcfbbe)
C           -2.17001661693088       -1.01371714315757       -0.28765159147819
O           -0.85186086280599       -0.70443642125838        0.14675679605811
C           -0.53203606244482        0.58530335176259        0.21744516749339
O           -1.27120353937749        1.49560353029612       -0.03316940208529
C            0.91151006568690        0.75837492997719        0.68810784569589
C            1.76262353407437       -0.27957245695051        0.16596608681480
N            2.43580451950035       -1.09639191403809       -0.26182826263896
H           -2.35078808149530       -0.59116581978360       -1.27815322329991
H           -2.90541965992227       -0.60831321680377        0.41012285766746
H           -2.22762157033044       -2.09858329938113       -0.31835581881460
H            0.92239008639659        0.71520989869305        1.78192826804357
H            1.27385110357937        1.73948139534304        0.37157043137375
12
 energy: -22.130548400469 gnorm: 0.004453184628 xtb: 6.7.1 (edcfbbe)
C           -2.17186412686376       -1.01411613685935       -0.27986010350888
O           -0.86012154672292       -0.70223768498463        0.17475339321155
C           -0.52914538293375        0.58728772717490        0.21041737483540
O           -1.25339467068302        1.49720921414076       -0.08348002315359
C            0.91005586949368        0.75667700338561        0.69601739121354
C            1.76272556738248       -0.27034286692084        0.15654414415810
N            2.43056745279665       -1.08362229286162       -0.28545661859856
H           -2.33317446432948       -0.59960144778535       -1.27664517475434
H           -2.91745525311762       -0.60264315865012        0.40218853980973
H           -2.22886607381477       -2.09886973272903       -0.30177234955178
H            0.91448888253834        0.68758973237243        1.78898095748729
H            1.27341666218454        1.74446247841619        0.40105162368156
12
 energy: -22.130612502902 gnorm: 0.007004930532 xtb: 6.7.1 (edcfbbe)
C           -2.17827996095797       -1.01280418423008       -0.26809936340880
O           -0.87308783128684       -0.70146287096357        0.20875374455758
C           -0.52306436486070        0.58437836781254        0.19504697681389
O           -1.22515968648398        1.49207343373467       -0.15711388290417
C            0.90750646624867        0.75131643786905        0.70694358111392
C            1.77011573214771       -0.25370295517247        0.14345122415980
N            2.43929328889915       -1.05603617777032       -0.31564283086657
H           -2.31508796916003       -0.60902725795378       -1.27226730003371
H           -2.93318885405210       -0.58893706768488        0.39440767544119
H           -2.23987083393775       -2.09699791106477       -0.27683931855374
H            0.89998650360981        0.64223768620545        1.79766223054500
H            1.26807042576439        1.75075533391711        0.44643641796562
12
 energy: -22.130714635590 gnorm: 0.005356444248 xtb: 6.7.1 (edcfbbe)
C           -2.18986877503474       -1.00859540227484       -0.25846384363408
O           -0.88604849321258       -0.70472006782064        0.22811369416124
C           -0.51617398974787        0.57208343671905        0.17904804535115
O           -1.19762126835099        1.47513776604074       -0.21817827080389
C            0.90477395547950        0.74206744479641        0.71478380676373
C            1.78807724490909       -0.23448741778222        0.13407930303032
N            2.47264779474326       -1.01841139277822       -0.33412563898162
H           -2.31081870297845       -0.61261054307074       -1.26627777630870
H           -2.94409196445850       -0.56848729969518        0.39241011291122
H           -2.26422295933916       -2.09148942142843       -0.25544543527034
H            0.88527345917531        0.59808368533051        1.80134198706334
H            1.25530661474550        1.75322204666250        0.48545317054761
12
 energy: -22.130662404967 gnorm: 0.020642211678 xtb: 6.7.1 (edcfbbe)
C           -2.20362632840005       -1.00257326717184       -0.23981690362939
O           -0.90962886527204       -0.70576853233791        0.27962930453549
C           -0.50433761061425        0.55799727201612        0.15522060636447
O           -1.14711976222758        1.45365210237151       -0.33707969841758
C            0.90007449357361        0.72795162184415        0.73539505341153
C            1.80947472433038       -0.20421410391472        0.11483695073176
N            2.51097294725337       -0.95831620576646       -0.38329778874274
H           -2.29055653135794       -0.63066492924309       -1.26291352188028
H           -2.97317455412862       -0.53247342393048        0.37787412850632
H           -2.29592824402609       -2.08489198852048       -0.21065325496909
H            0.86474560400942        0.52473396969480        1.81318159756632
H            1.23633704279014        1.75636031965737        0.56036268135317
12
 energy: -22.130797566436 gnorm: 0.008560642077 xtb: 6.7.1 (edcfbbe)
C           -2.20374907071583       -1.00043441344063       -0.24642386491187
O           -0.90411084593313       -0.70790070540096        0.25505327509725
C           -0.50568822592063        0.55331952740695        0.16032326257904
O           -1.16019282594621        1.44738197378784       -0.29252156238698
C            0.90110278763663        0.72657666372782        0.72950630028255
C            1.81290889902256       -0.21042194347281        0.12282595001668
N            2.52684109586225       -0.96082552346138       -0.36247748956130
H           -2.30956209524182       -0.62703711457188       -1.26715467849786
H           -2.96576641729367       -0.53050972381292        0.38265919774869
H           -2.30091249053024       -2.08295377454922       -0.22128211612314
H            0.87372818479233        0.54652003297307        1.80516544265740
H            1.23263392019810        1.74807783551308        0.53706543792954
12
 energy: -22.130846921773 gnorm: 0.002514911137 xtb: 6.7.1 (edcfbbe)
C           -2.20395687925859       -1.00137739535991       -0.24356190394566
O           -0.90691895429112       -0.70499969196073        0.26087143343116
C           -0.50502658746013        0.55703697170133        0.15581657706705
O           -1.15461669446654        1.45119847537975       -0.30919185390023
C            0.90090725293152        0.72712790802026        0.72955714652875
C            1.81048909789124       -0.20839970107974        0.11852991983613
N            2.52304216519033       -0.95747031158025       -0.36564120639934
H           -2.30717669517431       -0.62848831233059       -1.26376193092177
H           -2.96639670773595       -0.53418735820430        0.38305041333963
H           -2.29868679140832       -2.08343868909132       -0.21762735351782
H            0.86887306351889        0.53324543733593        1.80598307214983
H            1.23670064619333        1.75154550186854        0.54871484116226
12
 energy: -22.130875666322 gnorm: 0.006419316214 xtb: 6.7.1 (edcfbbe)
C           -2.20933079312997       -0.99918104076186       -0.23728626887772
O           -0.91606233492308       -0.70408450942957        0.27688289497343
C           -0.50087591105026        0.55259321406372        0.14765975333531
O           -1.13558284226090        1.44319301788505       -0.34919357671940
C            0.89918421203134        0.72170660151366        0.73597884643574
C            1.81799778052677       -0.19808972157240        0.11396107864666
N            2.53771962783643       -0.93371754980568       -0.38235471280469
H           -2.30199435573061       -0.63554959868401       -1.26251812815178
H           -2.97551079690221       -0.52215903590793        0.37805056536514
H           -2.31020971994714       -2.08066378979973       -0.20146279788850
H            0.86068190002627        0.50701679885077        1.80849940738021
H            1.23121614945369        1.75072844834694        0.57452209313558
12
 energy: -22.130901780036 gnorm: 0.007213367716 xtb: 6.7.1 (edcfbbe)
C           -2.21389204653413       -0.99710405577444       -0.23235771573591
O           -0.92367523087233       -0.70213223525625        0.28884182365353
C           -0.49740755581004        0.54952637939656        0.14078469639104
O           -1.11990398673337        1.43590254558930       -0.37869140392760
C            0.89777595890313        0.71694850855373        0.74067689794405
C            1.82360387286827       -0.19017007256749        0.11024174621304
N            2.55057474201401       -0.91309541174278       -0.39484850685949
H           -2.29838780152370       -0.64269461027479       -1.26215855982213
H           -2.98342210952210       -0.51178507461971        0.37309426515551
H           -2.31927501788851       -2.07801820874134       -0.18727367137775
H            0.85420010174179        0.48556026652877        1.80930623577525
H            1.22704198928732        1.74885480360740        0.59512334742043
12
 energy: -22.130953223433 gnorm: 0.005672176154 xtb: 6.7.1 (edcfbbe)
C           -2.22015600402682       -0.99388885599898       -0.22569790103143
O           -0.93543396489821       -0.69619806220596        0.30574258618113
C           -0.49285051619179        0.54629566280551        0.13338995428936
O           -1.09539726670891        1.42390420135661       -0.42041207093123
C            0.89549715496780        0.70968991295920        0.74789980203186
C            1.82937906612852       -0.17970939862230        0.10624547750779
N            2.56662508718999       -0.88131818616428       -0.41381327811046
H           -2.29267431302951       -0.65510506944434       -1.26186845498332
H           -2.99479901146713       -0.49735990908506        0.36379102047027
H           -2.33055393162798       -2.07346090578407       -0.16553967111243
H            0.84565401373673        0.45578265984262        1.80915714163357
H            1.22194260185764        1.74316078504004        0.62384454888487
12
 energy: -22.130978836656 gnorm: 0.005195401087 xtb: 6.7.1 (edcfbbe)
C           -2.22762697320088       -0.99074673032867       -0.21733247158810
O           -0.94848670707986       -0.68952669486969        0.32634292696946
C           -0.48698452666479        0.54356005973528        0.12014576375905
O           -1.06799443611630        1.41096490662592       -0.46984561807376
C            0.89305363503316        0.70236966009617        0.75608304901787
C            1.83566008902154       -0.16662202731888        0.09678926950025
N            2.58357346863866       -0.84732387137112       -0.43515282330890
H           -2.28373544189329       -0.67067793617022       -1.26106579325953
H           -3.00831595695565       -0.47960597275320        0.35263273874761
H           -2.34328127898079       -2.06916178647753       -0.13799960106815
H            0.83403197464136        0.41732231376075        1.81064854111721
H            1.21733906948716        1.74124091377015        0.66149317301697
12
 energy: -22.131007006086 gnorm: 0.003405365882 xtb: 6.7.1 (edcfbbe)
C           -2.22961945841792       -0.98967338474909       -0.21580669226842
O           -0.95293280100877       -0.68548677320042        0.33321650436092
C           -0.48598805805869        0.54250314909344        0.12005437361406
O           -1.05849742943134        1.40396336418394       -0.48295909342233
C            0.89226497808281        0.70026116310806        0.75932946268238
C            1.83543980821282       -0.16301846326324        0.09417369191976
N            2.58435112638637       -0.83715943820325       -0.44171578922992
H           -2.27875049728270       -0.67620798926804       -1.26043819866848
H           -3.01203082196918       -0.47497351434593        0.34646325520123
H           -2.34621592993991       -2.06690109421521       -0.13013825289968
H            0.83337366420700        0.40959504043465        1.81070686123360
H            1.21583833514981        1.73889077512407        0.66985303230686
12
 energy: -22.130998106698 gnorm: 0.010835659955 xtb: 6.7.1 (edcfbbe)
C           -2.23944234773696       -0.98472287679689       -0.20653927529841
O           -0.97189319012487       -0.67749025807123        0.36422388574339
C           -0.47973143183012        0.53320673388307        0.11331481796764
O           -1.01919458126174        1.37871988080444       -0.55081092159062
C            0.88880862649364        0.68991834983964        0.77310695416817
C            1.84374266764777       -0.14376741064470        0.08479880453033
N            2.60210218926897       -0.79098763274627       -0.47209020007434
H           -2.26260846492053       -0.69383268112414       -1.25785350472876
H           -3.02864840192849       -0.45167317140264        0.32821210727694
H           -2.36641978754780       -2.05855004228943       -0.09857299825493
H            0.82588850444684        0.36838389656488        1.81390846642581
H            1.20462913342361        1.73258804668226        0.71104101866474
12
 energy: -22.131043173357 gnorm: 0.001789857170 xtb: 6.7.1 (edcfbbe)
C           -2.23624049812307       -0.98625885089856       -0.21018153311649
O           -0.96591671680541       -0.68113246069505        0.35492606704496
C           -0.48129434080524        0.53436400294037        0.11548107634249
O           -1.03243176774539        1.38418315777078       -0.52381302284632
C            0.89028194197673        0.69377100473089        0.76888012463598
C            1.84182070105644       -0.14883095945524        0.08893323918565
N            2.59378329632472       -0.80711820756279       -0.46391592327599
H           -2.26435123893566       -0.69057003930887       -1.26056137938281
H           -3.02319062878014       -0.45572213866129        0.33086680351289
H           -2.36206035008772       -2.06088081633374       -0.10700402478898
H            0.82940692268419        0.38456428276078        1.81389916878174
H            1.20742559517087        1.73542385941170        0.69522855873684
12
 energy: -22.131028195559 gnorm: 0.002853606714 xtb: 6.7.1 (edcfbbe)
C           -2.23449919975685       -0.98654065559159       -0.21026229144573
O           -0.96629337035179       -0.68130635495128        0.35876424697052
C           -0.47958393873674        0.53235189441351        0.11598859600702
O           -1.03066884228171        1.38173774888596       -0.52428960163904
C            0.89106160917531        0.69516005942445        0.77078285274053
C            1.84827813000748       -0.14031136259934        0.09048425294173
N            2.57799247732356       -0.81591644473916       -0.47125702121472
H           -2.25855797258344       -0.69361803629164       -1.26098275706847
H           -3.02278056516860       -0.45398493224121        0.32519331483526
H           -2.36289393860070       -2.06046292308168       -0.10629583780354
H            0.83245272381760        0.38553475354356        1.81677207546923
H            1.20272580308620        1.73914908792740        0.69784132503718
12
 energy: -22.131054383034 gnorm: 0.001503458063 xtb: 6.7.1 (edcfbbe)
C           -2.23483228752717       -0.98627000211356       -0.21013669404176
O           -0.96821410517346       -0.68068385824301        0.36185280496006
C           -0.48043481844622        0.53214172257877        0.11797559462232
O           -1.03036639203884        1.38113241321522       -0.52393279617112
C            0.89123303938135        0.69448461800528        0.77075763528984
C            1.84370991415129       -0.14371935625270        0.08745411929075
N            2.58248492025950       -0.81172299115850       -0.47061144318693
H           -2.25598603719092       -0.69476240454128       -1.26120587283214
H           -3.02426918901696       -0.45279376057106        0.32223000011626
H           -2.36405773555124       -2.05996142775263       -0.10555784912805
H            0.83476871914581        0.38543684896887        1.81732401058884
H            1.20319688793716        1.73851103256356        0.69658964532189
12
 energy: -22.131060465189 gnorm: 0.001417382728 xtb: 6.7.1 (edcfbbe)
C           -2.23493989646852       -0.98593338188614       -0.21002179201139
O           -0.97121650132220       -0.67929849441804        0.36765592204596
C           -0.48182932284735        0.53225128902348        0.12160127957030
O           -1.02914632500710        1.37968743395835       -0.52475840770811
C            0.89124793396716        0.69413162107768        0.77145846827468
C            1.83855246934861       -0.14592436872706        0.08327571023565
N            2.58505692480816       -0.80809521238955       -0.47263553807637
H           -2.24954134437908       -0.69792006907260       -1.26256329042841
H           -3.02724193181060       -0.45003657927588        0.31629746244012
H           -2.36518899926773       -2.05939329837280       -0.10235201971755
H            0.83812926188178        0.38439923767145        1.81765536595443
H            1.20335064702718        1.73792465711007        0.69712599425065
12
 energy: -22.131063902285 gnorm: 0.000607451080 xtb: 6.7.1 (edcfbbe)
C           -2.23491600033156       -0.98583092903392       -0.20973849939742
O           -0.97183182466052       -0.67886453103959        0.36922593650624
C           -0.48130657621652        0.53181117470339        0.12116498431530
O           -1.02807185963165        1.37888535983903       -0.52613268958095
C            0.89121315430152        0.69401439944149        0.77213763722665
C            1.83929326767645       -0.14403446443395        0.08260591120909
N            2.58304572529651       -0.80741190916084       -0.47458810874525
H           -2.24737581368691       -0.70013255242710       -1.26293260763075
H           -3.02785327044099       -0.44817454717964        0.31385504425505
H           -2.36609612423601       -2.05895527730224       -0.09984510936961
H            0.83857043263842        0.38240018711396        1.81772137909700
H            1.20256180522157        1.73808592417839        0.69926527694463
12
 energy: -22.131068272102 gnorm: 0.000590439061 xtb: 6.7.1 (edcfbbe)
C           -2.23499083298291       -0.98558224824682       -0.20906828870308
O           -0.97382484288061       -0.67733346233303        0.37362010865117
C           -0.48082903146422        0.53152593782274        0.12140962790471
O           -1.02489685271878        1.37673461537915       -0.53058723388323
C            0.89098118937273        0.69356334979661        0.77390158214399
C            1.84019215179647       -0.14009687041294        0.08028427202551
N            2.58044939329373       -0.80473888058251       -0.48005788628417
H           -2.24201948970509       -0.70642730773822       -1.26404207595576
H           -3.02942166212204       -0.44311980465512        0.30729982734687
H           -2.36866558104261       -2.05773693959059       -0.09289212698321
H            0.83926468335327        0.37678714688622        1.81783277531472
H            1.20099379103036        1.73821729837349        0.70503857325243
12
 energy: -22.131074574939 gnorm: 0.001410038099 xtb: 6.7.1 (edcfbbe)
C           -2.23608293603454       -0.98466347207590       -0.20723245226991
O           -0.97861704043921       -0.67432255897376        0.38254326551293
C           -0.47953855847404        0.53018902596819        0.12090264844576
O           -1.01755885867200        1.37165768595819       -0.54093120619516
C            0.89039837900462        0.69164317469508        0.77743999598066
C            1.84097943431306       -0.13300106782495        0.07443269316010
N            2.57986817640186       -0.79465102366988       -0.49089353854697
H           -2.23149053260302       -0.72064347626246       -1.26632428895137
H           -3.03294043789199       -0.43087525633706        0.29361829239543
H           -2.37580367597810       -2.05454889769953       -0.07682011498725
H            0.84027630584076        0.36338089329182        1.81780407684369
H            1.19774266046291        1.73762780762925        0.71819978344205
12
 energy: -22.131080739346 gnorm: 0.001037326258 xtb: 6.7.1 (edcfbbe)
C           -2.23758525361796       -0.98382439250644       -0.20571959287873
O           -0.98160010531516       -0.67270343822760        0.38674379733171
C           -0.47860724155264        0.52913597272440        0.11983415811527
O           -1.01151817536138        1.36745649381847       -0.54998110217964
C            0.88986075531490        0.68960055409964        0.77955624494519
C            1.84250359041081       -0.12811071734814        0.07104192269354
N            2.58325616517656       -0.78503025077861       -0.49758133899716
H           -2.22739898844616       -0.72994796170769       -1.26713304085443
H           -3.03437694178481       -0.42233834945906        0.28634079641847
H           -2.38196453257172       -2.05186487033438       -0.06576064663543
H            0.83925539643535        0.35293099071349        1.81711733557214
H            1.19540824724254        1.73648880370489        0.72828062129904
12
 energy: -22.131091290385 gnorm: 0.001090686769 xtb: 6.7.1 (edcfbbe)
C           -2.24178933171183       -0.98175868744089       -0.20246876027456
O           -0.98677019220798       -0.67117865664122        0.39198780102225
C           -0.47587961899296        0.52533737552174        0.11525831255952
O           -1.00000663364351        1.35875521503664       -0.56727286282911
C            0.88883529243473        0.68459305156598        0.78290529038323
C            1.84711140059859       -0.11920331356529        0.06595865976835
N            2.59557094582211       -0.76327658432886       -0.50815455494259
H           -2.22379069639621       -0.74560975772277       -1.26778999804375
H           -3.03650994688126       -0.40598347107192        0.27604012570550
H           -2.39556136963901       -2.04623659373729       -0.04599468758884
H            0.83591923184190        0.33291270207919        1.81543364641043
H            1.19010383470576        1.73344155500367        0.74683618265953
12
 energy: -22.131098709265 gnorm: 0.001372124600 xtb: 6.7.1 (edcfbbe)
C           -2.24684340344127       -0.97939110480602       -0.19919499770137
O           -0.99314461005379       -0.67027710830795        0.39877588440680
C           -0.47354570335770        0.52033174764008        0.11221594426323
O           -0.98717459255389        1.34789928326832       -0.58554467994737
C            0.88815571695280        0.67848040742957        0.78616869352139
C            1.85342637638522       -0.10928026014631        0.06077150884466
N            2.61018328958163       -0.73805445771684       -0.51945196810255
H           -2.21981251923058       -0.76221487388464       -1.26863436967902
H           -3.03931615508843       -0.38765901430473        0.26397823309718
H           -2.41189776417585       -2.03964803411732       -0.02522520311307
H            0.83365541435867        0.31207558170907        1.81358524496572
H            1.18354686655352        1.72953066793574        0.76529486427436
12
 energy: -22.131103470112 gnorm: 0.001793245357 xtb: 6.7.1 (edcfbbe)
C           -2.25146898383454       -0.97726091446759       -0.19643309374138
O           -0.99851604557115       -0.67022019018069        0.40405800442488
C           -0.47083727250771        0.51467127841339        0.10848645187822
O           -0.97679001480020        1.33803773650472       -0.59927185066508
C            0.88761287192436        0.67316454142892        0.78879674536870
C            1.85975826953746       -0.10017451315520        0.05714104946770
N            2.62293416688853       -0.71625708575971       -0.52862480473199
H           -2.21662608724071       -0.77607836515190       -1.26868193821585
H           -3.04130148951412       -0.37182995423531        0.25324578336703
H           -2.42700611164300       -2.03328587199059       -0.00794723532400
H            0.83226571901731        0.29500847316297        1.81185232718756
H            1.17720789367408        1.72601770012998        0.78011771581418
12
 energy: -22.131106974937 gnorm: 0.000407994629 xtb: 6.7.1 (edcfbbe)
C           -2.25439815328034       -0.97577155685095       -0.19488789122551
O           -1.00254717550642       -0.67030155893063        0.40887433153806
C           -0.46938074274605        0.51042646029780        0.10738609342959
O           -0.97019171514926        1.33085315648791       -0.60739552227042
C            0.88747894039064        0.66945322498487        0.79069485087822
C            1.86408551859297       -0.09372331197637        0.05481428683347
N            2.62972794003189       -0.70177182769921       -0.53526255037592
H           -2.21278904358544       -0.78610880315225       -1.26878733585865
H           -3.04256909723508       -0.36079608570402        0.24399354785257
H           -2.43766333545622       -2.02828712481260        0.00355779390239
H            0.83315008409602        0.28441587800567        1.81099001578790
H            1.17232969577761        1.72340438404876        0.78876153433826
12
 energy: -22.131107569421 gnorm: 0.000917216330 xtb: 6.7.1 (edcfbbe)
C           -2.25746593531077       -0.97426447521647       -0.19302775448974
O           -1.00715675900539       -0.66978071479097        0.41479389629488
C           -0.46755265932187        0.50614627786593        0.10573338721377
O           -0.96246645326201        1.32330425641796       -0.61731578256744
C            0.88709689972774        0.66547323069215        0.79345656478431
C            1.86849976505444       -0.08593365356355        0.05136119583132
N            2.63634955740512       -0.68550921874155       -0.54453609746506
H           -2.20676170881287       -0.79968988651149       -1.26964146013426
H           -3.04410694382679       -0.34669667008498        0.23195024986465
H           -2.44982997619957       -2.02296897433525        0.01917554915088
H            0.83340067538900        0.27083183457417        1.81024115916818
H            1.16722645409330        1.72088082839307        0.80054824717846
12
 energy: -22.131108640224 gnorm: 0.000536480510 xtb: 6.7.1 (edcfbbe)
C           -2.25673022826423       -0.97464515928058       -0.19366537407702
O           -1.00629599148472       -0.66993810259490        0.41388564644566
C           -0.46794322352727        0.50670070436564        0.10653300187684
O           -0.96459435573098        1.32481613015191       -0.61369245360042
C            0.88724633404986        0.66621343399043        0.79303856792338
C            1.86763344641194       -0.08714883296417        0.05207233789213
N            2.63405854654486       -0.68858232843053       -0.54341009316349
H           -2.20665645501616       -0.79892440358914       -1.26953259640663
H           -3.04324251577701       -0.34839863807321        0.23195020981862
H           -2.44847697523244       -2.02324717394280        0.01724122783461
H            0.83401134777267        0.27375124784514        1.81042853155905
H            1.16822298618381        1.72119595722122        0.79789014872724
12
 energy: -22.131109243340 gnorm: 0.000352265499 xtb: 6.7.1 (edcfbbe)
C           -2.25679393472910       -0.97455047692272       -0.19360044391651
O           -1.00676180066485       -0.66967889498291        0.41472924491064
C           -0.46800285150100        0.50666705986614        0.10698534323322
O           -0.96401431590271        1.32445229248466       -0.61420452502373
C            0.88721452876763        0.66580743649437        0.79350042133809
C            1.86751522849747       -0.08647032457527        0.05131608014921
N            2.63410914412016       -0.68682840375653       -0.54508866080940
H           -2.20509418998623       -0.80223678209397       -1.26991508923893
H           -3.04312609561009       -0.34615224735177        0.22902643918187
H           -2.45006620232864       -2.02221737116781        0.02006181407269
H            0.83430025447678        0.27216924010319        1.81043789306329
H            1.16795315079091        1.72083130660161        0.79949063786953
12
 energy: -22.131111961859 gnorm: 0.000554872445 xtb: 6.7.1 (edcfbbe)
C           -2.25713786818262       -0.97414383394096       -0.19345659927109
O           -1.00952783819844       -0.66840309002886        0.41947159541101
C           -0.46813445707382        0.50610737550502        0.10954254015072
O           -0.96083945671608        1.32227374783490       -0.61581761875318
C            0.88699652957873        0.66312021147212        0.79662346744463
C            1.86713107104270       -0.08116315461673        0.04599144195395
N            2.63418048285302       -0.67446875592915       -0.55709953889682
H           -2.19345227804823       -0.82727826570418       -1.27326812630813
H           -3.04114661023023       -0.32819643225842        0.20722789264744
H           -2.46262923601976       -2.01505871343017        0.04208408268044
H            0.83585829173471        0.26043504459712        1.81010405666864
H            1.16593428519035        1.71856870119829        0.81133596110235
12
 energy: -22.131114293632 gnorm: 0.000652768668 xtb: 6.7.1 (edcfbbe)
C           -2.25594936231872       -0.97462813407143       -0.19436240688183
O           -1.00923059986919       -0.66845567255801        0.41995490789664
C           -0.46881664219140        0.50711703318418        0.11200472536213
O           -0.96250777395073        1.32437878923355       -0.61149631047360
C            0.88698347045632        0.66256503532291        0.79830534154423
C            1.86536281105813       -0.07956979842014        0.04315081145006
N            2.63096636880776       -0.67110223136622       -0.56364193997062
H           -2.18591275303570       -0.84440712096597       -1.27580761184473
H           -3.03754856003825       -0.31758698864456        0.19251250434709
H           -2.46938469329017       -2.01063304743523        0.05536185592221
H            0.83718702075032        0.25620289273753        1.81041020041990
H            1.16608362955196        1.71791207768239        0.81634707705847
12
 energy: -22.131119136309 gnorm: 0.000608710722 xtb: 6.7.1 (edcfbbe)
C           -2.25271138709192       -0.97618227095258       -0.19729910009645
O           -1.00610924514471       -0.67067665936713        0.41723522159633
C           -0.47073312004446        0.50954639869387        0.11758152890403
O           -0.97033779849187        1.33167041787396       -0.59612846269055
C            0.88723261871449        0.66269392431976        0.80025575547000
C            1.86173041833558       -0.07869485641619        0.03939400771271
N            2.62335318065276       -0.67009280034296       -0.57253291921955
H           -2.17359935681859       -0.87481497767730       -1.28113394487287
H           -3.02852160249381       -0.29964765686539        0.16676843458443
H           -2.48066233391449       -2.00291714161901        0.07681229229144
H            0.84020474104543        0.25331616308072        1.81115495636722
H            1.16738680118192        1.71759229397125        0.82063138478322
12
 energy: -22.131123977166 gnorm: 0.001040508500 xtb: 6.7.1 (edcfbbe)
C           -2.24906321800530       -0.97829453537163       -0.20158575122955
O           -1.00058832955762       -0.67595992485306        0.41039027708936
C           -0.47317744995540        0.51153370581274        0.12418375268756
O           -0.98253234814823        1.34170336865457       -0.57343131713571
C            0.88766000043361        0.66280645609570        0.80163891378514
C            1.85887288026381       -0.07823798859914        0.03616839811578
N            2.61671402946807       -0.66979397037449       -0.58029842290630
H           -2.16208173107577       -0.91045615449372       -1.28758996105060
H           -3.01539645014388       -0.27784368030861        0.13740712995129
H           -2.49570868821259       -1.99313386061861        0.10104017419988
H            0.84416047617680        0.25187296360977        1.81214556134384
H            1.16837374468684        1.71759645514548        0.82267039997927
12
 energy: -22.131104355792 gnorm: 0.004445198285 xtb: 6.7.1 (edcfbbe)
C           -2.24297538270370       -0.98201577144463       -0.20805322622017
O           -0.98831669248115       -0.68418141516273        0.39310946143138
C           -0.47727863934389        0.51689910213164        0.13061721540563
O           -1.00511432872816        1.36047670472957       -0.53836630874170
C            0.88860665539347        0.66792234605811        0.79804890940851
C            1.85363376166227       -0.08830016267390        0.03998052266803
N            2.60640282261781       -0.69193745553187       -0.57061477398526
H           -2.16548013981325       -0.91822865008042       -1.29162347427261
H           -3.00101242267974       -0.27925139282028        0.13337282982668
H           -2.49287927124735       -1.99191392239099        0.09702248812822
H            0.84712878132309        0.27074416986546        1.81424227969756
H            1.17451777193093        1.72157928201904        0.80500323148367
12
 energy: -22.131125984296 gnorm: 0.001249278864 xtb: 6.7.1 (edcfbbe)
C           -2.24633025226041       -0.98027182681742       -0.20608182998084
O           -0.99317930044087       -0.68302520729417        0.39892139090975
C           -0.47563744775123        0.51281749514161        0.12915735472847
O           -0.99685051333978        1.35223045766829       -0.54866766518914
C            0.88828271520678        0.66397378749748        0.80014296006685
C            1.85781218878501       -0.08142295546414        0.03695183810490
N            2.61419334214591       -0.67608592277051       -0.57803434083718
H           -2.16154230592306       -0.92855023359826       -1.29201609144500
H           -3.00356743288052       -0.26793712827903        0.12427405430221
H           -2.50308302100008       -1.98714592448334        0.10955802119088
H            0.84730510732746        0.25846699418918        1.81306597769103
H            1.16982983606115        1.71874329890931        0.81546748528805
12
 energy: -22.131122183381 gnorm: 0.002368012722 xtb: 6.7.1 (edcfbbe)
C           -2.24749118728855       -0.98012611720291       -0.20736519142837
O           -0.99341925680376       -0.68614576000576        0.39773820494863
C           -0.47588126085437        0.51015330495724        0.13184842626307
O           -0.99793281255237        1.35170716935392       -0.54219820992582
C            0.88831299663302        0.66029894524296        0.80220050793004
C            1.86036253768227       -0.07557558436774        0.03272457065962
N            2.61940428744256       -0.66173144071183       -0.58734866812396
H           -2.15389060102873       -0.95900697147161       -1.29630477730429
H           -2.99679029911969       -0.24493912466789        0.09931921974965
H           -2.52158499110125       -1.97638062490450        0.13489657536679
H            0.84998428467521        0.24746991137810        1.81241858098917
H            1.16615921824601        1.71606912709903        0.82480991570542
12
 energy: -22.131128356094 gnorm: 0.001004108908 xtb: 6.7.1 (edcfbbe)
C           -2.24938861738718       -0.97905373972921       -0.20491456388478
O           -0.99634729750288       -0.68303655852941        0.40135061113591
C           -0.47444884677933        0.50926642645265        0.12778512317535
O           -0.99108414485019        1.34627209307810       -0.55540172345620
C            0.88806216860581        0.66052878555125        0.80130351051248
C            1.86178390464053       -0.07616543331705        0.03484625377180
N            2.62270665735532       -0.66296167178758       -0.58226100915257
H           -2.16106725703546       -0.93684349681442       -1.29231726965523
H           -3.00439817548100       -0.25870465935749        0.11752922883528
H           -2.51194747692933       -1.98272599357125        0.11976379807199
H            0.84749889997204        0.24893716091761        1.81187705694050
H            1.16586310132202        1.71627992180581        0.82317813853544
12
 energy: -22.131128721256 gnorm: 0.000525024925 xtb: 6.7.1 (edcfbbe)
C           -2.24922292137593       -0.97917893803950       -0.20485619382523
O           -0.99598823623859       -0.68319924764857        0.40096983562662
C           -0.47444859306257        0.50951350146166        0.12758304996167
O           -0.99142011658719        1.34700958440960       -0.55552651175394
C            0.88812625798919        0.66064333957257        0.80118363911745
C            1.86205566211105       -0.07458756952689        0.03388664887942
N            2.62220879550441       -0.66428121222748       -0.58117348762056
H           -2.16162743154046       -0.93732833851537       -1.29173514838267
H           -3.00375262246249       -0.25924053125329        0.11733873862446
H           -2.51201062512023       -1.98206064376062        0.11970125230741
H            0.84788446714998        0.24812778724378        1.81127668749577
H            1.16542827956317        1.71637510298310        0.82409064439955
12
 energy: -22.131128328631 gnorm: 0.000840823032 xtb: 6.7.1 (edcfbbe)
C           -2.24942842033595       -0.97912308087719       -0.20473612929880
O           -0.99626805710695       -0.68313055050758        0.40119925669992
C           -0.47442358507464        0.50945317059283        0.12750407434713
O           -0.99078107851059        1.34682370527628       -0.55643929417411
C            0.88807819008386        0.66030151262182        0.80135923192185
C            1.86148870560895       -0.07678651441059        0.03531697423289
N            2.62324759017465       -0.66139171058158       -0.58259430616356
H           -2.16168395987219       -0.93801611616286       -1.29141497333557
H           -3.00362371317831       -0.25893613475201        0.11681637524045
H           -2.51256134264707       -1.98149394358919        0.12025988231190
H            0.84724611462710        0.24824240923139        1.81155857192529
H            1.16594247216146        1.71585008785769        0.82390949112257
12
 energy: -22.131129335402 gnorm: 0.000231027377 xtb: 6.7.1 (edcfbbe)
C           -2.24945176284979       -0.97910230297807       -0.20480917158206
O           -0.99620152445887       -0.68314775474635        0.40102540899079
C           -0.47439636613258        0.50936223322642        0.12746794031000
O           -0.99094314211949        1.34663730374042       -0.55588499338086
C            0.88804504076784        0.66044778437508        0.80126703669307
C            1.86183099825943       -0.07558982850741        0.03450693415745
N            2.62303279602253       -0.66257563666930       -0.58202909860754
H           -2.16144071587901       -0.93793029556447       -1.29184785865414
H           -3.00375066972561       -0.25848546506815        0.11700669966136
H           -2.51245000870115       -1.98190889619264        0.12049467000602
H            0.84738602227481        0.24793903075848        1.81137432215546
H            1.16557224847222        1.71614666232500        0.82416726508040
12
 energy: -22.131129399383 gnorm: 0.000095663777 xtb: 6.7.1 (edcfbbe)
C           -2.24947593714991       -0.97910119158305       -0.20478799389881
O           -0.99619536335521       -0.68315735430529        0.40102015526078
C           -0.47440597741074        0.50938271527002        0.12745164373186
O           -0.99092978646046        1.34668872775368       -0.55601889806224
C            0.88806145543449        0.66036037562625        0.80128395930715
C            1.86193037868636       -0.07533194921127        0.03433805054456
N            2.62316390851244       -0.66236759229103       -0.58198522230335
H           -2.16149915140763       -0.93839479275618       -1.29178080123062
H           -3.00365192200662       -0.25829849410817        0.11664989288439
H           -2.51272899271178       -1.98164965458994        0.12083767816994
H            0.84748359118845        0.24759871323832        1.81128404925619
H            1.16548071261094        1.71606333165566        0.82444664117010
