15
 energy: -233.603313852637 gnorm: 0.025708141187 xtb: 6.7.1 (edcfbbe)
C            1.68625247644722        0.39618703147556        0.62846108697849
C            0.89322619679581        0.36989357256391       -0.67251790289801
C           -0.56632720605095       -0.05998247522658       -0.48562249341519
H           -1.05828270096895       -0.01688005920748       -1.47461265085344
C           -1.33584306479195        0.84708236677536        0.47479701691040
O           -0.56015114104822       -1.40131462102096       -0.03306129931465
H            2.74114404121467        0.55431885174563        0.41756589998503
H            1.57323259559714       -0.55364859144534        1.14369788780680
H            1.34618169529653        1.19627056583010        1.28091461806761
H            1.35572100820076       -0.34519084925296       -1.35482048550036
H            0.90939459190298        1.35334409929970       -1.14583971680775
H           -2.39275198116029        0.58292241035831        0.47948629291247
H           -0.94942752872072        0.73859508992729        1.48466511235789
H           -1.24200468695037        1.88486431953523        0.16718828817409
H           -1.46275764024819       -1.65916353773522        0.18059408968003
15
 energy: -233.603961226673 gnorm: 0.010323564319 xtb: 6.7.1 (edcfbbe)
C            1.69144586902349        0.39373573131723        0.62995998598145
C            0.88964620352152        0.36121021924274       -0.67088465014615
C           -0.57187386532152       -0.05519110038499       -0.49224543960205
H           -1.05783451547411       -0.00695001234026       -1.48319829958762
C           -1.34018173876784        0.84844788648254        0.47111863783861
O           -0.55675091792300       -1.40586538283815       -0.03327980188067
H            2.75124243422276        0.55767184692164        0.42306404751463
H            1.58916696468923       -0.55538638727306        1.15951439736461
H            1.35584931632447        1.19560203560695        1.29163042949216
H            1.35002287144092       -0.34777903849757       -1.36677253054276
H            0.90425022911645        1.34445348472873       -1.15279168147685
H           -2.40221212518534        0.58492997864598        0.48300198169009
H           -0.94989431627190        0.74319697310356        1.48591998350626
H           -1.25611835766935        1.89512693308003        0.16768057808133
H           -1.45915070412310       -1.66590476386565        0.17817766310927
15
 energy: -233.604069475347 gnorm: 0.003483583362 xtb: 6.7.1 (edcfbbe)
C            1.69518115302492        0.39225162257379        0.62967038799017
C            0.88954075197807        0.35987137039142       -0.66928959461016
C           -0.57120251882250       -0.05167008773851       -0.49178380154579
H           -1.05392492185332       -0.00441058268635       -1.48350762292327
C           -1.34350726502639        0.84765028951833        0.46950110941489
O           -0.56077180144751       -1.41033603050610       -0.03148786673974
H            2.75608097592195        0.56014775918335        0.42095784234666
H            1.60024139316062       -0.55652168341842        1.16559471196458
H            1.36207934355112        1.19482750058201        1.29561369031632
H            1.34758930561535       -0.34819206184673       -1.37008988560255
H            0.90902672023682        1.34326951816755       -1.15537309257844
H           -2.40700826646433        0.58170676426378        0.48542175194158
H           -0.95147761865571        0.74836207650923        1.48630352262105
H           -1.26843911843433        1.89794778377264        0.16607376851312
H           -1.46580009301030       -1.66760567799664        0.17329002544648
15
 energy: -233.604090270040 gnorm: 0.001396529147 xtb: 6.7.1 (edcfbbe)
C            1.69777529726534        0.39169001352559        0.62977737558078
C            0.88958208139645        0.35918021122476       -0.66678327000499
C           -0.57146089642873       -0.04891605464293       -0.49151529342667
H           -1.05281458528111       -0.00476497347716       -1.48359485865634
C           -1.34483158869226        0.84778634590654        0.46925089412736
O           -0.56298372139933       -1.41087828409171       -0.03071001231129
H            2.75787046058608        0.56196190679442        0.41826408688330
H            1.60625924991976       -0.55738252148465        1.16551220864806
H            1.36497835709892        1.19350654680966        1.29697741412687
H            1.34618847227868       -0.34953568703225       -1.36802318385838
H            0.91176221721309        1.34246087308242       -1.15355167534791
H           -2.40713469514339        0.57703665203326        0.48701922395250
H           -0.95162522549199        0.75324720978224        1.48600445092216
H           -1.27596182771222        1.89806159923780        0.16365538855642
H           -1.46999512107473       -1.66615521238665        0.16861194608685
15
 energy: -233.604099966928 gnorm: 0.001469816459 xtb: 6.7.1 (edcfbbe)
C            1.69951416474561        0.39044767604894        0.63029164205896
C            0.89042231207849        0.35911773486492       -0.66478200304715
C           -0.57076700406593       -0.04611727567402       -0.48964662584769
H           -1.05091498151584       -0.00489307100337       -1.48201968814577
C           -1.34612507999586        0.84889420115479        0.46901042455679
O           -0.56493642572084       -1.41064310195886       -0.02843820931592
H            2.75773209463263        0.56453112348341        0.41486380879149
H            1.61272412405760       -0.55994835839604        1.16302244485225
H            1.36639882872259        1.18966153148477        1.29956801392354
H            1.34495727231748       -0.35135275268236       -1.36499582264467
H            0.91510908639689        1.34217347645076       -1.15130720435513
H           -2.40572437253370        0.56971928016277        0.49060666910038
H           -0.94979315356620        0.76158609768824        1.48449405557319
H           -1.28626972389608        1.89762448520818        0.15827610728924
H           -1.47471815689556       -1.66350239362566        0.16195065783367
15
 energy: -233.604104043872 gnorm: 0.000811124598 xtb: 6.7.1 (edcfbbe)
C            1.69977753460602        0.38973421543899        0.63061802735540
C            0.89035085904735        0.35935939278361       -0.66461187902601
C           -0.57102537290068       -0.04650275228697       -0.48973133615187
H           -1.05140404383732       -0.00514737548809       -1.48213961509948
C           -1.34601736081799        0.84965729747112        0.46872301924060
O           -0.56476376635862       -1.40969185881591       -0.02728899966615
H            2.75776143565927        0.56555706828109        0.41581354682593
H            1.61397193685351       -0.56179900432359        1.16138597729002
H            1.36538007407119        1.18716471514435        1.30113710158262
H            1.34481682851756       -0.35117136526378       -1.36465113265459
H            0.91480164644787        1.34246806961686       -1.15063519821225
H           -2.40485529712119        0.56818369233364        0.49304465803801
H           -0.94769704939527        0.76536594900411        1.48363029046083
H           -1.28876378422672        1.89746813312431        0.15511146594512
H           -1.47472454632284       -1.66334752600842        0.16048812526170
15
 energy: -233.604104043872 gnorm: 0.000811124598 xtb: 6.7.1 (edcfbbe)
C            1.69977753460602        0.38973421543899        0.63061802735540
C            0.89035085904735        0.35935939278361       -0.66461187902601
C           -0.57102537290068       -0.04650275228697       -0.48973133615187
H           -1.05140404383732       -0.00514737548809       -1.48213961509948
C           -1.34601736081799        0.84965729747112        0.46872301924060
O           -0.56476376635862       -1.40969185881591       -0.02728899966615
H            2.75776143565927        0.56555706828109        0.41581354682593
H            1.61397193685351       -0.56179900432359        1.16138597729002
H            1.36538007407119        1.18716471514435        1.30113710158262
H            1.34481682851756       -0.35117136526378       -1.36465113265459
H            0.91480164644787        1.34246806961686       -1.15063519821225
H           -2.40485529712119        0.56818369233364        0.49304465803801
H           -0.94769704939527        0.76536594900411        1.48363029046083
H           -1.28876378422672        1.89746813312431        0.15511146594512
H           -1.47472454632284       -1.66334752600842        0.16048812526170
