19
 energy: -24.326870863592 gnorm: 0.019017051444 xtb: 6.7.1 (edcfbbe)
C           -2.46535727644166       -1.12894572087932        0.45046873314163
C           -1.72405495519137        0.09542662416794       -0.01552769596230
C           -2.38328030398801        1.18235884973033       -0.43660011898946
C           -0.24462138035838        0.04290722793644       -0.00511560803224
C            0.51748097545405        1.19790710564316        0.22337464928373
C            1.90499244897261        1.15457746289425        0.21414106420651
C            2.56904666511300       -0.04771074256672       -0.01619993574326
C            1.82855943879209       -1.20600361128474       -0.22642957176061
C            0.43880541427755       -1.16303081679565       -0.21253530044799
H           -2.09601278168096       -1.46558423038773        1.42439970938311
H           -3.53484795378603       -0.92694586312308        0.52839971392148
H           -2.33577777246675       -1.96303118803743       -0.24769894591087
H           -1.86452266096546        2.05084782346132       -0.82735627713732
H           -3.46766870382281        1.21804622717584       -0.42493719774863
H            0.01103562009830        2.13289625082349        0.43889006866112
H            2.47178019556669        2.06115983982021        0.40156155816578
H            3.65351915757353       -0.08234142361640       -0.02027113265797
H            2.33443793056668       -2.15021849322145       -0.40198867545289
H           -0.11867312705016       -2.07734314989483       -0.38376602084701
19
 energy: -24.327678007601 gnorm: 0.004226545264 xtb: 6.7.1 (edcfbbe)
C           -2.45843633527433       -1.12478508049467        0.45355035870620
C           -1.71768792649479        0.09290208710745       -0.01706738373219
C           -2.37330586088865        1.17270705989164       -0.43663982395717
C           -0.24388421604156        0.03876026682419       -0.00557934403598
C            0.51285587755721        1.18975193700972        0.22512461904147
C            1.89463483863915        1.14752033307550        0.22038829862879
C            2.55683052945956       -0.04777839493586       -0.01123686180022
C            1.82126868709154       -1.20119507962970       -0.22545887483822
C            0.43809441107127       -1.16015621652198       -0.21712230017536
H           -2.08314051272276       -1.45552947588804        1.42269272399117
H           -3.52272002095574       -0.91532125021381        0.53906486860352
H           -2.33443457333041       -1.94888155981063       -0.25101414592801
H           -1.86282587883470        2.04442018652860       -0.81131696924691
H           -3.45113508893940        1.20868942270803       -0.43758828974034
H            0.00879958299456        2.12414687759645        0.42864101657063
H            2.45951836379674        2.05238038970865        0.39998556514479
H            3.63749980199254       -0.08008587253592       -0.01957542786757
H            2.32735422087998       -2.14111165522002       -0.39993843985748
H           -0.11444496933730       -2.07146180335396       -0.39410057343435
19
 energy: -24.327733594040 gnorm: 0.001270924722 xtb: 6.7.1 (edcfbbe)
C           -2.45487542398813       -1.12409730936012        0.45634712575539
C           -1.71594754127535        0.09345133102283       -0.01643817866265
C           -2.37054415508093        1.17090889507444       -0.43848393316405
C           -0.24407353750052        0.03742990988298       -0.00543625231973
C            0.51058330676531        1.18774657078249        0.22556071746362
C            1.89126378392341        1.14618931507519        0.22188422095362
C            2.55307818964242       -0.04792521545862       -0.00884539802316
C            1.81871714471560       -1.20034290010694       -0.22631022425664
C            0.43689462047735       -1.15982147462285       -0.22013494943023
H           -2.07147716044276       -1.45433082365619        1.42076766741953
H           -3.51666694417247       -0.91096719170985        0.55160036388944
H           -2.33757279224758       -1.94430413582984       -0.25148356333416
H           -1.86395743675924        2.04031563922561       -0.81853711270171
H           -3.44657819282408        1.20883751601695       -0.44225222352686
H            0.00719975840829        2.12098167694581        0.42930268059415
H            2.45536821449381        2.04950633688880        0.40473381528709
H            3.63260497162085       -0.08032290652432       -0.01425198439280
H            2.32506006102308       -2.13862789205446       -0.40232707867452
H           -0.11423593611618       -2.06965516974627       -0.40288667680356
19
 energy: -24.327764139341 gnorm: 0.001513183099 xtb: 6.7.1 (edcfbbe)
C           -2.45187725033633       -1.12280742281372        0.46197881312386
C           -1.71535783386376        0.09327648690457       -0.02027615918420
C           -2.36983736999306        1.16804664138767       -0.44767356484149
C           -0.24446914419802        0.03651099930297       -0.00888467822303
C            0.50835163102248        1.18629756277592        0.22708162945840
C            1.88902959367602        1.14502414304978        0.22765922728015
C            2.55103881525626       -0.04850102385922       -0.00396215945415
C            1.81754766282648       -1.20014217680376       -0.22872715415150
C            0.43598556732615       -1.15987003856415       -0.22693800926857
H           -2.05333376799695       -1.45543899744319        1.41882632533978
H           -3.51092856177326       -0.90541544978370        0.57466410186380
H           -2.34770926807274       -1.93954791037813       -0.25060375579135
H           -1.86566689057790        2.03858397750087       -0.82781526851656
H           -3.44533782262733        1.20955918087508       -0.44823797668830
H            0.00446242187642        2.11871154644123        0.43064526012443
H            2.45248897276283        2.04777828852279        0.41260494789152
H            3.63011496223152       -0.08120440844957       -0.00555289391960
H            2.32463646385691       -2.13721680164163       -0.40660475463682
H           -0.11429725073281       -2.06867242517817       -0.41537491433360
19
 energy: -24.327810355987 gnorm: 0.002551411648 xtb: 6.7.1 (edcfbbe)
C           -2.44744579894069       -1.11990835855792        0.47291597214665
C           -1.71565417027359        0.09498076732466       -0.02322790458222
C           -2.37118656120002        1.16548800960837       -0.45885151402354
C           -0.24496872501723        0.03716171816662       -0.01570880428592
C            0.50631408527645        1.18562714342803        0.23014903198528
C            1.88750165322525        1.14361910263920        0.23836621027279
C            2.54939192030924       -0.04977559254444        0.00453675879461
C            1.81640356961464       -1.19971069233623       -0.23392456369237
C            0.43453434981912       -1.15862249960768       -0.24051580199306
H           -2.01699236999713       -1.46397942831608        1.41244697114034
H           -3.50096006203854       -0.89436405837665        0.62435455337723
H           -2.37395883629989       -1.92966469990667       -0.25215636666221
H           -1.86967145299144        2.03061668432552       -0.85636452395891
H           -3.44731009582000        1.20686626077455       -0.46293430677755
H            0.00101283433991        2.11687602183372        0.43533428639780
H            2.45063792721261        2.04492576724572        0.43103551586511
H            3.62843990802510       -0.08419586634936        0.01165567288476
H            2.32458965702099       -2.13556227718485       -0.41523144318686
H           -0.11583690160188       -2.06540583032084       -0.43907072762912
19
 energy: -24.327836627956 gnorm: 0.002052424088 xtb: 6.7.1 (edcfbbe)
C           -2.44537065428088       -1.11715377816563        0.47997747551633
C           -1.71641284857566        0.09486168921820       -0.02784591107992
C           -2.37331764864409        1.16111545074482       -0.47232161557321
C           -0.24501458047732        0.03842148664147       -0.01943016321492
C            0.50608908923306        1.18601726502620        0.23225349621049
C            1.88752922895530        1.14294617182871        0.24506963546026
C            2.54933473196646       -0.05034359147666        0.00900174746236
C            1.81646558347575       -1.19885866454191       -0.23765647095711
C            0.43439346799719       -1.15702597539531       -0.24782449778345
H           -1.99642813493342       -1.47020892883934        1.40790428578417
H           -3.49420273017095       -0.88627224531449        0.65618358051636
H           -2.39433405663703       -1.92433690009679       -0.25110785629365
H           -1.87111477745035        2.02442888791266       -0.87435336408344
H           -3.44985375976430        1.20435462021821       -0.46829888691119
H           -0.00053169129163        2.11653266881833        0.43970774938607
H            2.45081318008198        2.04295004896517        0.44534975098848
H            3.62868712429476       -0.08610156193077        0.02157934930488
H            2.32507851160979       -2.13424523926677       -0.42207664863373
H           -0.11696910472575       -2.06210923250045       -0.45330264002598
19
 energy: -24.327852088618 gnorm: 0.001021146843 xtb: 6.7.1 (edcfbbe)
C           -2.44405614423665       -1.11442607540898        0.48559320098809
C           -1.71680508973409        0.09493414916056       -0.02929451744887
C           -2.37473706101061        1.15789075088846       -0.48038151209155
C           -0.24485367501983        0.03990094481926       -0.02125658629146
C            0.50640012225477        1.18637790748618        0.23543302289231
C            1.88772965549008        1.14207222618693        0.25133864037732
C            2.54936573110003       -0.05069620485213        0.01168906792446
C            1.81648815384015       -1.19768810294937       -0.24148258891249
C            0.43446420809815       -1.15500963606172       -0.25328906708307
H           -1.98435969044102       -1.47529573170824        1.40455106991783
H           -3.48828161036368       -0.87912866517565        0.67829469614087
H           -2.40988421869447       -1.91965989869603       -0.24880139397707
H           -1.87104328942845        2.01765465444727       -0.88829240679112
H           -3.45145737703316        1.19892730229826       -0.47680231679565
H           -0.00107737580066        2.11644778397452        0.44454360621391
H            2.45128503501398        2.04112173293788        0.45620891625260
H            3.62885382021073       -0.08708060992057        0.02600923103985
H            2.32500459538166       -2.13273506902554       -0.42899251716408
H           -0.11819485896401       -2.05863528655541       -0.46225952911907
19
 energy: -24.327858951662 gnorm: 0.000669661544 xtb: 6.7.1 (edcfbbe)
C           -2.44371976244529       -1.11171223102888        0.49093890118495
C           -1.71681116418864        0.09423890680136       -0.02984273623238
C           -2.37483007614806        1.15396516911812       -0.48842106207089
C           -0.24464974746960        0.04092542390902       -0.02057055768305
C            0.50645014674492        1.18637041159123        0.24044686791829
C            1.88746032034626        1.14131327200557        0.25707430198728
C            2.54917544904494       -0.05033353086372        0.01232661108248
C            1.81651431581205       -1.19602140399725       -0.24580199500645
C            0.43468414147633       -1.15300306081234       -0.25693867039725
H           -1.97451471982188       -1.47926818392210        1.40165168136551
H           -3.48292939030476       -0.87017695837536        0.69870367337175
H           -2.42548848016180       -1.91505450979761       -0.24577325719446
H           -1.86870989886302        2.00899488212115       -0.90218731663974
H           -3.45134676975953        1.19203835023545       -0.48839735753425
H           -0.00159532812964        2.11563768385747        0.45245405918886
H            2.45119485632515        2.03902200808835        0.46746471804589
H            3.62864912217089       -0.08666165749884        0.02690679851043
H            2.32471848617934       -2.13032932206023       -0.43787783336064
H           -0.11941057014472       -2.05497307752568       -0.46934781046354
19
 energy: -24.327852890240 gnorm: 0.001891723228 xtb: 6.7.1 (edcfbbe)
C           -2.44338768553991       -1.10896083491303        0.49640664448113
C           -1.71681022814732        0.09351502018510       -0.03043803696681
C           -2.37488570497642        1.14994781793134       -0.49670098511499
C           -0.24444695736650        0.04193878382964       -0.01987352283279
C            0.50647211030655        1.18634110417973        0.24558529481724
C            1.88716539357216        1.14054153263579        0.26295220351641
C            2.54897360394500       -0.04995285434603        0.01298968497915
C            1.81654447439074       -1.19432480788811       -0.25021563866073
C            0.43490624853956       -1.15098327576682       -0.26067440506063
H           -1.96444377449698       -1.48329943089353        1.39872598965558
H           -3.47749470929359       -0.86105110115891        0.71955119786601
H           -2.44142077861439       -1.91037044625901       -0.24267717190191
H           -1.86629916556758        2.00020707654093       -0.91633637974952
H           -3.45119311972739        1.18509250218236       -0.50022833533799
H           -0.00215552451143        2.11477950426928        0.46055862997907
H            2.45107204498466        2.03689774265057        0.47891373009532
H            3.62843177238791       -0.08620097756954        0.02780223703207
H            2.32444444338791       -2.12786713184225       -0.44694921044969
H           -0.12063151261008       -2.05127805192180       -0.47658291027411
19
 energy: -24.327860445926 gnorm: 0.000360053133 xtb: 6.7.1 (edcfbbe)
C           -2.44413315148112       -1.11139631706768        0.49236699974363
C           -1.71661394065405        0.09377751012753       -0.03005141846259
C           -2.37378395215404        1.15289659778186       -0.49119754231681
C           -0.24469646010722        0.04052695547805       -0.01987288614470
C            0.50592504021748        1.18587834505895        0.24261157552762
C            1.88697304478228        1.14116332151314        0.25891547977206
C            2.54897691461496       -0.04987245242165        0.01206257768944
C            1.81659331929149       -1.19555613590472       -0.24719651684221
C            0.43472677629444       -1.15299729385439       -0.25760948707207
H           -1.97299243467072       -1.47942397066618        1.40201949157677
H           -3.48245624965760       -0.86805655705634        0.70279278106544
H           -2.42883726199199       -1.91436654846125       -0.24461184109694
H           -1.86701153476880        2.00729929043786       -0.90511914734627
H           -3.45016413770049        1.19145325985516       -0.49226318499647
H           -0.00220361396639        2.11468932472731        0.45592958087614
H            2.45055723199952        2.03877655152997        0.46951611484720
H            3.62841250114483       -0.08552801820772        0.02529637943400
H            2.32491352425204       -2.12942204071054       -0.44057483448046
H           -0.11934468478171       -2.05486965031368       -0.47020510570098
19
 energy: -24.327861143075 gnorm: 0.000219770136 xtb: 6.7.1 (edcfbbe)
C           -2.44475678513883       -1.11157916330809        0.49231387695297
C           -1.71651799454613        0.09359463200346       -0.02955468847510
C           -2.37294772062535        1.15289407245321       -0.49121349056823
C           -0.24470644439284        0.03993613719671       -0.01881207027113
C            0.50564906316787        1.18545456837018        0.24350396502323
C            1.88676825521530        1.14132232877526        0.25846975224039
C            2.54895286236508       -0.04945078450169        0.01088158652646
C            1.81675990500402       -1.19549941822982       -0.24732469910987
C            0.43485125269004       -1.15345266909648       -0.25675784148347
H           -1.97557958811269       -1.47829217546383        1.40336853594271
H           -3.48351572227590       -0.86847109072539        0.70007298503680
H           -2.42733750871851       -1.91498813885315       -0.24379480527405
H           -1.86594239953973        2.00749494887786       -0.90464608355432
H           -3.44933700404995        1.19229762162161       -0.49298534431474
H           -0.00248865883601        2.11405785873090        0.45744600367893
H            2.45021002748346        2.03904188725723        0.46897219929443
H            3.62840204937695       -0.08469453614714        0.02323579615301
H            2.32528380386903       -2.12914180393484       -0.44111185506350
H           -0.11890646227291       -2.05555210318029       -0.46925480666172
19
 energy: -24.327861709204 gnorm: 0.000199964806 xtb: 6.7.1 (edcfbbe)
C           -2.44539081282321       -1.11133108130905        0.49321761374916
C           -1.71646388901423        0.09324625646408       -0.02940249113166
C           -2.37203959149871        1.15226967558510       -0.49268222999295
C           -0.24470135313030        0.03935461159201       -0.01809313298800
C            0.50527734667822        1.18487469581856        0.24513531964894
C            1.88646104886559        1.14130806172078        0.25935008978390
C            2.54889321478018       -0.04898344301066        0.01023518450390
C            1.81696869615286       -1.19518274206563       -0.24827842139465
C            0.43501715527179       -1.15369470416609       -0.25699714740537
H           -1.97607875814158       -1.47761711290929        1.40457283615044
H           -3.48417344767238       -0.86738781282197        0.70099602819374
H           -2.42828573989719       -1.91499501457302       -0.24274807489798
H           -1.86448130369384        2.00646644005090       -0.90641220114555
H           -3.44840770568129        1.19256929265092       -0.49534427301678
H           -0.00309960197766        2.11305265061387        0.46023751518980
H            2.44968945144998        2.03909692762795        0.47003051507945
H            3.62836784417072       -0.08368370109940        0.02136286205822
H            2.32578815917748       -2.12847000342611       -0.44286156106820
H           -0.11849978235354       -2.05592082489724       -0.46950941524359
19
 energy: -24.327861711198 gnorm: 0.000455674214 xtb: 6.7.1 (edcfbbe)
C           -2.44594562478380       -1.11112815292391        0.49398862870639
C           -1.71641243079221        0.09293546387733       -0.02929075809707
C           -2.37123869304482        1.15172544187473       -0.49396269398343
C           -0.24469875656994        0.03883748524530       -0.01748036676738
C            0.50494251823506        1.18436427220085        0.24654369225722
C            1.88618524088337        1.14129830514446        0.26011071441548
C            2.54883709435343       -0.04857426629111        0.00968630587502
C            1.81715067345549       -1.19491148898823       -0.24909137690247
C            0.43516107168608       -1.15391644084811       -0.25720196069806
H           -1.97644138707852       -1.47706445040229        1.40558084569800
H           -3.48474974104665       -0.86642435900551        0.70186467691945
H           -2.42916188033299       -1.91498100939645       -0.24190700901162
H           -1.86321184365761        2.00560125465191       -0.90790831500825
H           -3.44758826961717        1.19282743047128       -0.49738726235904
H           -0.00363946693993        2.11217180940286        0.46265244564884
H            2.44922531157150        2.03915442122008        0.47091573323776
H            3.62833324681361       -0.08279062245467        0.01973277113210
H            2.32623114905779       -2.12789047473891       -0.44434042005226
H           -0.11813728152976       -2.05626244719392       -0.46969663493787
19
 energy: -24.327862154844 gnorm: 0.000242628640 xtb: 6.7.1 (edcfbbe)
C           -2.44606589347879       -1.11088966224740        0.49436203305648
C           -1.71646107943583        0.09292623623587       -0.02904641836853
C           -2.37119693477422        1.15156329321106       -0.49432530947784
C           -0.24467161872997        0.03889312572977       -0.01718182081561
C            0.50503419129999        1.18434140188411        0.24706096148597
C            1.88625436056530        1.14125154042055        0.26046610011315
C            2.54890857063903       -0.04850989872709        0.00942485790253
C            1.81719729562507       -1.19477009312571       -0.24954351079109
C            0.43520012541164       -1.15379117235648       -0.25729944455322
H           -1.97750260599665       -1.47654692187070        1.40631057322529
H           -3.48484586904348       -0.86640714678495        0.70122296075025
H           -2.42880004764096       -1.91523895102182       -0.24077313659433
H           -1.86281054565982        2.00498084212029       -0.90865718473316
H           -3.44753440699338        1.19250224059082       -0.49810218152127
H           -0.00364138332276        2.11205504462575        0.46349559184043
H            2.44928841644932        2.03905481729833        0.47151874872415
H            3.62841902973169       -0.08271751131182        0.01919618129381
H            2.32626740593925       -2.12767524343566       -0.44529681609062
H           -0.11819807992253       -2.05604976938922       -0.47002316937359
19
 energy: -24.327862481803 gnorm: 0.000144213913 xtb: 6.7.1 (edcfbbe)
C           -2.44627029235048       -1.11056418779156        0.49487735409550
C           -1.71652509308274        0.09282787940333       -0.02884863698350
C           -2.37105346820245        1.15134601274038       -0.49478610579367
C           -0.24465597585830        0.03884229886871       -0.01668518137842
C            0.50508764680544        1.18421019065515        0.24785980919152
C            1.88627295123020        1.14120912706053        0.26071331322160
C            2.54894490864937       -0.04838209068979        0.00885738608463
C            1.81724787208970       -1.19458644422829       -0.25017147238636
C            0.43525907840552       -1.15370515726848       -0.25738196017781
H           -1.97906335967248       -1.47511955185754        1.40787257754332
H           -3.48539564460787       -0.86637901078451        0.69987459317947
H           -2.42765623785615       -1.91593412650782       -0.23909795187915
H           -1.86211884183062        2.00420368374743       -0.90950296688842
H           -3.44738333453535        1.19211705296849       -0.49911741661388
H           -0.00373167656366        2.11176608218184        0.46476999799043
H            2.44928007176469        2.03888912378219        0.47250588061321
H            3.62846525976096       -0.08261089524245        0.01850526178758
H            2.32633828916958       -2.12732861973564       -0.44676776544107
H           -0.11820122265245       -2.05582919545625       -0.47066770009218
19
 energy: -24.327862521813 gnorm: 0.000315399522 xtb: 6.7.1 (edcfbbe)
C           -2.44647469122217       -1.11023871333572        0.49539267513453
C           -1.71658910672966        0.09272952257078       -0.02865085559846
C           -2.37091000163068        1.15112873226969       -0.49524690210951
C           -0.24464033298664        0.03879147200766       -0.01618854194123
C            0.50514110231089        1.18407897942618        0.24865865689708
C            1.88629154189509        1.14116671370051        0.26096052633005
C            2.54898124665971       -0.04825428265249        0.00828991426672
C            1.81729844855433       -1.19440279533087       -0.25079943398164
C            0.43531803139941       -1.15361914218048       -0.25746447580239
H           -1.98062411334830       -1.47369218184438        1.40943458186135
H           -3.48594542017225       -0.86635087478407        0.69852622560869
H           -2.42651242807133       -1.91662930199382       -0.23742276716397
H           -1.86142713800141        2.00342652537457       -0.91034874904368
H           -3.44723226207732        1.19173186534617       -0.50013265170649
H           -0.00382196980456        2.11147711973794        0.46604440414042
H            2.44927172708005        2.03872343026605        0.47349301250226
H            3.62851148979022       -0.08250427917309        0.01781434228135
H            2.32640917239990       -2.12698199603563       -0.44823871479152
H           -0.11820436538238       -2.05560862152329       -0.47131223081078
19
 energy: -24.327862766684 gnorm: 0.000214373146 xtb: 6.7.1 (edcfbbe)
C           -2.44657024858626       -1.11019684466750        0.49557076945692
C           -1.71658715709728        0.09268560436680       -0.02860218612486
C           -2.37076706446370        1.15104263887948       -0.49546826641388
C           -0.24465980814923        0.03871892077150       -0.01620285850702
C            0.50508097330442        1.18396063319880        0.24897932212232
C            1.88624765828095        1.14105825244716        0.26143752388637
C            2.54896799769958       -0.04825229838242        0.00834961789573
C            1.81730588531902       -1.19432714065480       -0.25127239038066
C            0.43531492004090       -1.15359125409522       -0.25789133810917
H           -1.98148343641002       -1.47257632777325        1.41047638289023
H           -3.48639830567154       -0.86654892807486        0.69739379709590
H           -2.42543792711624       -1.91722249602117       -0.23653479296993
H           -1.86119589691858        2.00327896352926       -0.91065195960359
H           -3.44706984936592        1.19185506387566       -0.50025420984393
H           -0.00388603948983        2.11127947899764        0.46667546988618
H            2.44922653017978        2.03867319467805        0.47364014284177
H            3.62850331000638       -0.08234754076418        0.01729579075993
H            2.32642570331191       -2.12688187022625       -0.44872989893885
H           -0.11817631421143       -2.05563587823901       -0.47140189987065
19
 energy: -24.327863031731 gnorm: 0.000071153244 xtb: 6.7.1 (edcfbbe)
C           -2.44654523602894       -1.11008240694613        0.49599969126877
C           -1.71660101898957        0.09267790490670       -0.02878792060521
C           -2.37070239781317        1.15099602052098       -0.49577236443796
C           -0.24470618564189        0.03861345293381       -0.01654520314883
C            0.50495396097777        1.18376738937849        0.24920470368466
C            1.88615347447969        1.14086579155861        0.26191927016721
C            2.54890835187181       -0.04832429908959        0.00842642965839
C            1.81728532351310       -1.19432139054056       -0.25177659741171
C            0.43528218161663       -1.15359747584250       -0.25857869125677
H           -1.98242268682920       -1.47052172425033        1.41237363429522
H           -3.48709446019006       -0.86700821961261        0.69573253504717
H           -2.42330620176057       -1.91818963911049       -0.23497965480599
H           -1.86123188176976        2.00336207145770       -0.91086282751468
H           -3.44700055926411        1.19203294810854       -0.50046539894882
H           -0.00398147181885        2.11099949774770        0.46729989700909
H            2.44914364954326        2.03844258750946        0.47419628470268
H            3.62844792884857       -0.08231932073298        0.01722956610693
H            2.32641175424378       -2.12680973102221       -0.44948100627752
H           -0.11815359432557       -2.05561128512886       -0.47232333145984
19
 energy: -24.327863200005 gnorm: 0.000113188179 xtb: 6.7.1 (edcfbbe)
C           -2.44643209241508       -1.10990277370616        0.49641838311450
C           -1.71664042526386        0.09266509248565       -0.02901085393819
C           -2.37077156522391        1.15092383538952       -0.49602761496692
C           -0.24474391647315        0.03856514564420       -0.01682127526140
C            0.50488889572720        1.18361758050738        0.24942657326816
C            1.88609373057301        1.14068592477491        0.26230589840373
C            2.54886375214110       -0.04843537792643        0.00853037225401
C            1.81725465868345       -1.19428758846310       -0.25242860554798
C            0.43525571451251       -1.15352360735724       -0.25943220842150
H           -1.98336019275354       -1.46832094808625        1.41416739897405
H           -3.48755672017343       -0.86737635477059        0.69418234679194
H           -2.42122890996475       -1.91922566409007       -0.23318452134749
H           -1.86138076159927        2.00317858379400       -0.91149530586675
H           -3.44706736441910        1.19211456946249       -0.50032907637796
H           -0.00404083602780        2.11080101081506        0.46770678191479
H            2.44908017488236        2.03814141485050        0.47508403044034
H            3.62839533474722       -0.08247652958717        0.01764634916584
H            2.32636631992792       -2.12672703637639       -0.45032898696716
H           -0.11813486621798       -2.05544510551460       -0.47360066955922
19
 energy: -24.327863332228 gnorm: 0.000076490607 xtb: 6.7.1 (edcfbbe)
C           -2.44628023697407       -1.10968134425636        0.49688234828101
C           -1.71667852072649        0.09267434645727       -0.02925236271450
C           -2.37090320744494        1.15086198977846       -0.49627864233838
C           -0.24476302513258        0.03855385629375       -0.01725226807544
C            0.50483938094173        1.18350598247833        0.24945870242200
C            1.88604278135984        1.14051530489895        0.26266137779896
C            2.54882779608311       -0.04855851326210        0.00870344500619
C            1.81724489919568       -1.19428353184478       -0.25281266410796
C            0.43525290801984       -1.15345848692435       -0.26013673576043
H           -1.98382847765407       -1.46672225808391        1.41547758340906
H           -3.48770596787492       -0.86755245331908        0.69338467826299
H           -2.41989700816960       -1.91988369382899       -0.23166822583120
H           -1.86159424726786        2.00305792137735       -0.91194228067147
H           -3.44721094314115        1.19202951761394       -0.50044822726220
H           -0.00412327207303        2.11063481728265        0.46790176765818
H            2.44900775736983        2.03785972173536        0.47596084275926
H            3.62834975180499       -0.08268725635288        0.01825122828449
H            2.32636638068011       -2.12664256289928       -0.45109924949553
H           -0.11810581833349       -2.05525118529862       -0.47498230155224
19
 energy: -24.327863427477 gnorm: 0.000041056226 xtb: 6.7.1 (edcfbbe)
C           -2.44613622106941       -1.10949382367827        0.49727689585502
C           -1.71670958468377        0.09266962433180       -0.02947719531678
C           -2.37100078080480        1.15076385519925       -0.49661831159556
C           -0.24477695538431        0.03853425740527       -0.01753098972166
C            0.50478693056745        1.18340895924466        0.24956692422778
C            1.88597794006030        1.14039871577623        0.26297673698566
C            2.54878536170226       -0.04863202438408        0.00887116436160
C            1.81724168503149       -1.19424021295302       -0.25321294294737
C            0.43525464409601       -1.15339068626663       -0.26077899642379
H           -1.98372231037547       -1.46587960753879        1.41611138315783
H           -3.48758401749635       -0.86743501135529        0.69352720725691
H           -2.41952244014578       -1.92018404434794       -0.23067800981137
H           -1.86174233539408        2.00278046086105       -0.91271112265352
H           -3.44730356714574        1.19200835712244       -0.50048557201943
H           -0.00423484333666        2.11050175834909        0.46803158390663
H            2.44890347717178        2.03764786418463        0.47679379717125
H            3.62830209391995       -0.08285461722203        0.01891573465878
H            2.32639845876101       -2.12654916519072       -0.45163225258624
H           -0.11807660481097       -2.05508248769191       -0.47613701843292
