2025-04-15 19:25:54,526 -   censo.qm_processor   -   INFO   - worker2671403:Running sp calculation in /scratch/pawsey0265/mwang1/.automated/7046/0_PRESCREENING/CONF1/sp.
2025-04-15 19:25:54,527 -   censo.qm_processor   -   INFO   - worker2671404:Running sp calculation in /scratch/pawsey0265/mwang1/.automated/7046/0_PRESCREENING/CONF2/sp.
2025-04-15 19:25:54,528 -   censo.qm_processor   -   INFO   - worker2671406:Running sp calculation in /scratch/pawsey0265/mwang1/.automated/7046/0_PRESCREENING/CONF3/sp.
2025-04-15 19:25:54,528 -   censo.qm_processor   -   INFO   - worker2671408:Running sp calculation in /scratch/pawsey0265/mwang1/.automated/7046/0_PRESCREENING/CONF4/sp.
2025-04-15 19:25:54,528 -   censo.qm_processor   -   INFO   - worker2671411:Running sp calculation in /scratch/pawsey0265/mwang1/.automated/7046/0_PRESCREENING/CONF5/sp.
2025-04-15 19:25:54,528 -   censo.qm_processor   -   INFO   - worker2671415:Running sp calculation in /scratch/pawsey0265/mwang1/.automated/7046/0_PRESCREENING/CONF6/sp.
2025-04-15 19:26:32,927 -     censo.parallel     -   INFO   - All jobs executed successfully.
2025-04-15 19:26:32,952 -   censo.qm_processor   -   INFO   - worker2671606:Running sp calculation in /scratch/pawsey0265/mwang1/.automated/7046/1_SCREENING/CONF1/sp.
2025-04-15 19:26:32,953 -   censo.qm_processor   -   INFO   - worker2671607:Running sp calculation in /scratch/pawsey0265/mwang1/.automated/7046/1_SCREENING/CONF2/sp.
2025-04-15 19:26:32,953 -   censo.qm_processor   -   INFO   - worker2671609:Running sp calculation in /scratch/pawsey0265/mwang1/.automated/7046/1_SCREENING/CONF3/sp.
2025-04-15 19:26:32,955 -   censo.qm_processor   -   INFO   - worker2671611:Running sp calculation in /scratch/pawsey0265/mwang1/.automated/7046/1_SCREENING/CONF4/sp.
2025-04-15 19:26:32,955 -   censo.qm_processor   -   INFO   - worker2671614:Running sp calculation in /scratch/pawsey0265/mwang1/.automated/7046/1_SCREENING/CONF5/sp.
2025-04-15 19:26:32,955 -   censo.qm_processor   -   INFO   - worker2671617:Running sp calculation in /scratch/pawsey0265/mwang1/.automated/7046/1_SCREENING/CONF6/sp.
2025-04-15 19:27:00,750 -     censo.parallel     -   INFO   - All jobs executed successfully.
2025-04-15 19:27:00,774 -   censo.qm_processor   -   INFO   - worker2671767:Running xtb_opt calculation in /scratch/pawsey0265/mwang1/.automated/7046/2_OPTIMIZATION/CONF1/xtb_opt.
2025-04-15 19:27:00,775 -   censo.qm_processor   -   INFO   - worker2671770:Running xtb_opt calculation in /scratch/pawsey0265/mwang1/.automated/7046/2_OPTIMIZATION/CONF3/xtb_opt.
2025-04-15 19:27:00,775 -   censo.qm_processor   -   INFO   - worker2671768:Running xtb_opt calculation in /scratch/pawsey0265/mwang1/.automated/7046/2_OPTIMIZATION/CONF2/xtb_opt.
2025-04-15 19:27:00,776 -   censo.qm_processor   -   INFO   - worker2671772:Running xtb_opt calculation in /scratch/pawsey0265/mwang1/.automated/7046/2_OPTIMIZATION/CONF4/xtb_opt.
2025-04-15 19:27:00,776 -   censo.qm_processor   -   INFO   - worker2671775:Running xtb_opt calculation in /scratch/pawsey0265/mwang1/.automated/7046/2_OPTIMIZATION/CONF5/xtb_opt.
2025-04-15 19:27:00,777 -   censo.qm_processor   -   INFO   - worker2671778:Running xtb_opt calculation in /scratch/pawsey0265/mwang1/.automated/7046/2_OPTIMIZATION/CONF6/xtb_opt.
2025-04-15 19:31:40,322 -     censo.parallel     -   INFO   - All jobs executed successfully.
2025-04-15 19:31:40,334 -   censo.qm_processor   -   INFO   - worker2673573:Running xtb_rrho calculation in /scratch/pawsey0265/mwang1/.automated/7046/2_OPTIMIZATION/CONF1/xtb_rrho.
2025-04-15 19:31:40,335 -   censo.qm_processor   -   INFO   - worker2673576:Running xtb_rrho calculation in /scratch/pawsey0265/mwang1/.automated/7046/2_OPTIMIZATION/CONF2/xtb_rrho.
2025-04-15 19:31:40,336 -   censo.qm_processor   -   INFO   - worker2673574:Running xtb_rrho calculation in /scratch/pawsey0265/mwang1/.automated/7046/2_OPTIMIZATION/CONF3/xtb_rrho.
2025-04-15 19:31:40,336 -   censo.qm_processor   -   INFO   - worker2673578:Running xtb_rrho calculation in /scratch/pawsey0265/mwang1/.automated/7046/2_OPTIMIZATION/CONF4/xtb_rrho.
2025-04-15 19:31:40,336 -   censo.qm_processor   -   INFO   - worker2673580:Running xtb_rrho calculation in /scratch/pawsey0265/mwang1/.automated/7046/2_OPTIMIZATION/CONF5/xtb_rrho.
2025-04-15 19:31:40,337 -   censo.qm_processor   -   INFO   - worker2673584:Running xtb_rrho calculation in /scratch/pawsey0265/mwang1/.automated/7046/2_OPTIMIZATION/CONF6/xtb_rrho.
2025-04-15 19:31:45,337 -     censo.parallel     -   INFO   - All jobs executed successfully.
2025-04-15 19:31:45,338 -censo.ensembleopt.optimization-   INFO   - Threshold: 2.00 kcal/mol
2025-04-15 19:31:45,351 -   censo.qm_processor   -   INFO   - worker2673625:Running xtb_opt calculation in /scratch/pawsey0265/mwang1/.automated/7046/2_OPTIMIZATION/CONF2/xtb_opt.
2025-04-15 19:31:45,351 -   censo.qm_processor   -   INFO   - worker2673626:Running xtb_opt calculation in /scratch/pawsey0265/mwang1/.automated/7046/2_OPTIMIZATION/CONF4/xtb_opt.
2025-04-15 19:36:15,537 -     censo.parallel     -   INFO   - All jobs executed successfully.
2025-04-15 19:36:15,538 -censo.ensembleopt.optimization-   INFO   - Threshold: 2.00 kcal/mol
2025-04-15 19:36:15,552 -   censo.qm_processor   -   INFO   - worker2679268:Running xtb_opt calculation in /scratch/pawsey0265/mwang1/.automated/7046/2_OPTIMIZATION/CONF2/xtb_opt.
2025-04-15 19:36:15,553 -   censo.qm_processor   -   INFO   - worker2679269:Running xtb_opt calculation in /scratch/pawsey0265/mwang1/.automated/7046/2_OPTIMIZATION/CONF4/xtb_opt.
2025-04-15 19:37:48,546 -     censo.parallel     -   INFO   - All jobs executed successfully.
2025-04-15 19:37:48,546 -censo.ensembleopt.optimization-   INFO   - Threshold: 1.50 kcal/mol
2025-04-15 19:37:48,561 -   censo.qm_processor   -   INFO   - worker2684583:Running xtb_rrho calculation in /scratch/pawsey0265/mwang1/.automated/7046/2_OPTIMIZATION/CONF1/xtb_rrho.
2025-04-15 19:37:48,561 -   censo.qm_processor   -   INFO   - worker2684590:Running xtb_rrho calculation in /scratch/pawsey0265/mwang1/.automated/7046/2_OPTIMIZATION/CONF2/xtb_rrho.
2025-04-15 19:37:48,562 -   censo.qm_processor   -   INFO   - worker2684585:Running xtb_rrho calculation in /scratch/pawsey0265/mwang1/.automated/7046/2_OPTIMIZATION/CONF3/xtb_rrho.
2025-04-15 19:37:48,562 -   censo.qm_processor   -   INFO   - worker2684587:Running xtb_rrho calculation in /scratch/pawsey0265/mwang1/.automated/7046/2_OPTIMIZATION/CONF4/xtb_rrho.
2025-04-15 19:37:50,450 -     censo.parallel     -   INFO   - All jobs executed successfully.
