15
 energy: -196.459264303114 gnorm: 0.019789389009 xtb: 6.7.1 (edcfbbe)
C           -2.40171367546426        0.04488160461989        0.00524998500233
C           -0.94308128021790        0.48067865571300       -0.06730254472982
C           -0.00135364880060       -0.67218349479786        0.13730553646084
C            1.32048644578514       -0.60830386136956        0.10088292624470
C            2.13603691394653        0.61816543607393       -0.14939409686620
H           -3.06330449465743        0.89527593769672       -0.14604390806472
H           -2.62169651116174       -0.39126804867338        0.97749339863315
H           -2.61658849885948       -0.69675219980875       -0.76134995613737
H           -0.75235236533339        0.94111092211703       -1.04132912686144
H           -0.75652354843524        1.24418642635133        0.69421528200763
H           -0.47463737551032       -1.62556189282033        0.33041016554641
H            1.89803840034107       -1.50957353816893        0.26364968911683
H            2.76415368502487        0.47495981321047       -1.02875632685587
H            2.79637005743915        0.80515613675679        0.69750588720908
H            1.51122049476966        1.49223556246125       -0.30447337893492
15
 energy: -196.459864948382 gnorm: 0.005763796276 xtb: 6.7.1 (edcfbbe)
C           -2.40964792309287        0.04919245818853        0.00435099866093
C           -0.94529592736363        0.47858130614422       -0.06657228880807
C           -0.00013036671225       -0.67810199301997        0.13881501426420
C            1.32932678674852       -0.61529884566329        0.10196491579632
C            2.14084789154578        0.61749111895570       -0.14952835016104
H           -3.08070705034604        0.89784120496558       -0.14668805576353
H           -2.63532134360460       -0.39222338852591        0.97877679638431
H           -2.62978511176621       -0.69817900702617       -0.76262522363448
H           -0.75185515123444        0.94970299194558       -1.03802974178309
H           -0.75664051450271        1.25140017221101        0.68896211594457
H           -0.46946067812879       -1.64007769764519        0.33361398512867
H            1.90081773854456       -1.52606386199630        0.26674825542726
H            2.77633992224163        0.48477492495735       -1.03120378464618
H            2.80865557272602        0.81487415946642        0.69539423691248
H            1.51791056107118        1.49909381434972       -0.30591530820776
15
 energy: -196.459915668315 gnorm: 0.001106326817 xtb: 6.7.1 (edcfbbe)
C           -2.41281997330562        0.04927209431325        0.00418953752861
C           -0.94736347101631        0.47812728569935       -0.06614676785069
C            0.00033815237768       -0.67818315675761        0.13916700405162
C            1.33235240141702       -0.61611852924274        0.10202261398866
C            2.14441539181550        0.61628787024862       -0.14956235313504
H           -3.08527624364515        0.89849941940338       -0.14703819816395
H           -2.64271226591913       -0.39338723049238        0.97907509683470
H           -2.63660575300271       -0.69930350954754       -0.76308808547105
H           -0.75231917705081        0.95255016835341       -1.03704378327717
H           -0.75771070638481        1.25374512125457        0.68803076206954
H           -0.46508121125727       -1.64397023993866        0.33491557445114
H            1.89848000047014       -1.53170617543123        0.26776585552687
H            2.78276040279086        0.48876223847887       -1.03228812999339
H            2.81525756461451        0.81879514725986        0.69421835637852
H            1.52133922321167        1.49963682050826       -0.30615390948188
15
 energy: -196.459920911398 gnorm: 0.000494788135 xtb: 6.7.1 (edcfbbe)
C           -2.41392100320406        0.04883844952698        0.00403126610346
C           -0.94877347617350        0.47769254246279       -0.06563027500479
C            0.00098120625306       -0.67669091799245        0.13928028957438
C            1.33317342488829       -0.61494436059438        0.10180185389892
C            2.14638731757719        0.61564581435062       -0.14977160909033
H           -3.08600740970617        0.89849373225988       -0.14734858989483
H           -2.64510288805901       -0.39375757347998        0.97871055447103
H           -2.63832222971333       -0.69933674438958       -0.76353569184029
H           -0.75399980843967        0.95275628020046       -1.03640524348584
H           -0.76004578146895        1.25346651064641        0.68879706759962
H           -0.46150603768012       -1.64371834011825        0.33551814556923
H            1.89579407794963       -1.53256604646312        0.26796697116764
H            2.78504990257046        0.48884021438560       -1.03265911208084
H            2.81780704247872        0.81895999429195        0.69367258039108
H            1.52354000030221        1.49932777152791       -0.30636466978025
15
 energy: -196.459921548007 gnorm: 0.000362990090 xtb: 6.7.1 (edcfbbe)
C           -2.41408385809823        0.04796835067839        0.00382904105075
C           -0.94946434061952        0.47822969081175       -0.06511898559626
C            0.00086114077198       -0.67537553059172        0.13958816895770
C            1.33311788317373       -0.61385132502805        0.10162420586524
C            2.14732596216480        0.61548942580136       -0.15019937057280
H           -3.08587482147933        0.89767752712980       -0.14761400584820
H           -2.64545579215804       -0.39478141090902        0.97822534344379
H           -2.63770091715410       -0.69974749210145       -0.76419604602812
H           -0.75490805347064        0.95365837671664       -1.03569391976127
H           -0.76185504419032        1.25357486567412        0.68994544091090
H           -0.46064192095037       -1.64263015215311        0.33628194608768
H            1.89411161262499       -1.53213211875440        0.26798348461598
H            2.78552677977021        0.48744123327844       -1.03288603588360
H            2.81868444256316        0.81780578213744        0.69317144255289
H            1.52541132876533        1.49968012298337       -0.30687725921052
15
 energy: -196.459921548007 gnorm: 0.000362990090 xtb: 6.7.1 (edcfbbe)
C           -2.41408385809823        0.04796835067839        0.00382904105075
C           -0.94946434061952        0.47822969081175       -0.06511898559626
C            0.00086114077198       -0.67537553059172        0.13958816895770
C            1.33311788317373       -0.61385132502805        0.10162420586524
C            2.14732596216480        0.61548942580136       -0.15019937057280
H           -3.08587482147933        0.89767752712980       -0.14761400584820
H           -2.64545579215804       -0.39478141090902        0.97822534344379
H           -2.63770091715410       -0.69974749210145       -0.76419604602812
H           -0.75490805347064        0.95365837671664       -1.03569391976127
H           -0.76185504419032        1.25357486567412        0.68994544091090
H           -0.46064192095037       -1.64263015215311        0.33628194608768
H            1.89411161262499       -1.53213211875440        0.26798348461598
H            2.78552677977021        0.48744123327844       -1.03288603588360
H            2.81868444256316        0.81780578213744        0.69317144255289
H            1.52541132876533        1.49968012298337       -0.30687725921052
