17
 energy: -22.491474039733 gnorm: 0.023425100305 xtb: 6.7.1 (edcfbbe)
C           -1.83791677711955        1.47394693480022        0.00034024580708
C           -0.53683459425319        0.71844366064051       -0.00007075820566
C            0.67703576358578        1.40410286077534       -0.00002569250068
C            1.87616785536545        0.70506189677119       -0.00010119537698
C            1.81926887602117       -0.68289590441179       -0.00018581309133
N            0.67352453920307       -1.36553524861678       -0.00044519863109
C           -0.48354733865140       -0.68836496226523       -0.00048052209885
C           -1.71998234081315       -1.54520324609595       -0.00021251214947
H           -2.44405235467604        1.23366613486422        0.88050806105621
H           -1.65641094705076        2.55164661010993        0.00413789648830
H           -2.44110221436659        1.23950125602245       -0.88347910591340
H            0.67716519204077        2.49108704632558        0.00010573243322
H            2.82969129751181        1.22250683144817       -0.00006045333210
H            2.73282261038176       -1.27596433668248        0.00003810504670
H           -1.71029495007209       -2.20620865369438       -0.87249606814828
H           -1.72160981530578       -2.18984502281772        0.88447410220078
H           -2.64267971778812       -0.96451724085467       -0.01111986683783
17
 energy: -22.492368314601 gnorm: 0.006993266349 xtb: 6.7.1 (edcfbbe)
C           -1.83354517271740        1.47285751027179        0.00043834101245
C           -0.53907009813377        0.71814570130955       -0.00000340271595
C            0.66997926899942        1.40348692833653       -0.00003147304251
C            1.86441529089663        0.70345242098055       -0.00010758245460
C            1.80262852463791       -0.67968798379398       -0.00018271874108
N            0.66371694403534       -1.35222226381741       -0.00047145535163
C           -0.48571679659991       -0.68285740742657       -0.00043326964098
C           -1.71241163267296       -1.54479805724836       -0.00024650203105
H           -2.42822280868157        1.22689750396771        0.88159591599271
H           -1.64615968434826        2.54580142457544        0.00409334421810
H           -2.42535110664111        1.23259458112434       -0.88427700098651
H            0.67220834380059        2.48656496317439        0.00012391712023
H            2.81513640752700        1.21665031984220       -0.00007473434609
H            2.70524646487225       -1.27978089034770       -0.00012233983381
H           -1.69586366802609       -2.20037864876625       -0.87093674534620
H           -1.70772078868728       -2.18326359053655        0.88336197020565
H           -2.62802440424765       -0.96203389532707       -0.01179930731212
17
 energy: -22.492423938009 gnorm: 0.001217462232 xtb: 6.7.1 (edcfbbe)
C           -1.83357700089515        1.47344235561597        0.00054311867838
C           -0.53961458792540        0.71849506663031        0.00003364143634
C            0.66913478295903        1.40343328278515        0.00001708516548
C            1.86333192107709        0.70337636966129       -0.00012425350262
C            1.79940960250245       -0.67926841246262       -0.00027251243642
N            0.66136839578385       -1.34643124207259       -0.00058073743887
C           -0.48662025294783       -0.68112229596502       -0.00049203847500
C           -1.71149007346752       -1.54508124113774       -0.00029897647131
H           -2.42520854458730        1.22623991354364        0.88133721504572
H           -1.64527698713083        2.54476300688204        0.00411696659311
H           -2.42246348490037        1.23185784919666       -0.88370330315076
H            0.67202598641762        2.48523889058013        0.00017483317609
H            2.81280732668703        1.21592673015072       -0.00009256293761
H            2.69705047380114       -1.28429467081878       -0.00022163234661
H           -1.68998985747669       -2.19941048715506       -0.86972747909600
H           -1.70268445649906       -2.18122902857058        0.88286567285586
H           -2.62695815938494       -0.96450747054490       -0.01264808034916
17
 energy: -22.492427505526 gnorm: 0.000488850354 xtb: 6.7.1 (edcfbbe)
C           -1.83422310116911        1.47467749826573        0.00067647148357
C           -0.53989617221300        0.71900318555560        0.00004515626664
C            0.66949909224635        1.40331848956739        0.00004216865997
C            1.86428291584182        0.70367461091482       -0.00014774215985
C            1.79986688692061       -0.67945590622448       -0.00037132229717
N            0.66097846037051       -1.34466707187969       -0.00073939402860
C           -0.48742244730224       -0.68075349903359       -0.00059224397625
C           -1.71193724670592       -1.54614337830211       -0.00038241468680
H           -2.42523433993518        1.22702456919336        0.88150586482382
H           -1.64570026315390        2.54582812720278        0.00419948820211
H           -2.42268942511997        1.23260672465251       -0.88346233677860
H            0.67267877999260        2.48504042673619        0.00029493177338
H            2.81317667747770        1.21707759925945       -0.00010423361008
H            2.69565287673604       -1.28709022399253       -0.00039681145351
H           -1.68792035235579       -2.20087564828523       -0.86922327296106
H           -1.70182255498712       -2.18104400657604        0.88344948295866
H           -2.62804470263025       -0.96679288073553       -0.01386683546960
17
 energy: -22.492427884739 gnorm: 0.000136868085 xtb: 6.7.1 (edcfbbe)
C           -1.83426006806005        1.47497736540203        0.00080702214684
C           -0.53996364095394        0.71908304492651        0.00006197252140
C            0.66953858382978        1.40308730467141        0.00009379015448
C            1.86442496176341        0.70366697419473       -0.00018045332206
C            1.80018721578939       -0.67947527027941       -0.00051964102557
N            0.66104203453578       -1.34473780930417       -0.00092290212263
C           -0.48755246916881       -0.68076900305695       -0.00069819774650
C           -1.71190497346421       -1.54643888719644       -0.00046197956253
H           -2.42537808369322        1.22741966529764        0.88173845499985
H           -1.64562217613180        2.54620070562099        0.00433428351062
H           -2.42299163703135        1.23305012495009       -0.88334088619019
H            0.67279427374532        2.48494958151131        0.00040550178037
H            2.81313158303548        1.21764441407737       -0.00010750553992
H            2.69578992237380       -1.28742969499056       -0.00055530766696
H           -1.68736815460268       -2.20211174580396       -0.86870572269647
H           -1.70248395422295       -2.18054294981743        0.88409030045459
H           -2.62813833373080       -0.96714520388453       -0.01511177294871
17
 energy: -22.492428194009 gnorm: 0.000190366207 xtb: 6.7.1 (edcfbbe)
C           -1.83423203196198        1.47509216152393        0.00103751998132
C           -0.54003736943238        0.71910445829594        0.00008031757127
C            0.66948680259536        1.40292025090834        0.00015455353956
C            1.86442875035077        0.70361441082085       -0.00022371422905
C            1.80027543881764       -0.67944949442024       -0.00073248441430
N            0.66103600988362       -1.34468592995602       -0.00123658091152
C           -0.48759987302539       -0.68075191028414       -0.00088768904772
C           -1.71179696167300       -1.54653185652295       -0.00059685285499
H           -2.42531177716070        1.22756306694593        0.88202771335363
H           -1.64546717191561        2.54630421073067        0.00461163378969
H           -2.42315390147624        1.23334015318368       -0.88305692571962
H            0.67282554692306        2.48483517318056        0.00061780389230
H            2.81293492490087        1.21800470646746       -0.00011417212578
H            2.69562875945919       -1.28772013363707       -0.00089735987029
H           -1.68620713964929       -2.20376812076071       -0.86763597611334
H           -1.70346123602673       -2.17910038069948        0.88509684723646
H           -2.62810368659606       -0.96734214945813       -0.01731767733101
17
 energy: -22.492430996912 gnorm: 0.001502348960 xtb: 6.7.1 (edcfbbe)
C           -1.83406082177990        1.47572873347782        0.00333575123304
C           -0.54049744516897        0.71924659948864        0.00034434711314
C            0.66917456363528        1.40195591408501        0.00088933798280
C            1.86454206812017        0.70326544962322       -0.00074292171080
C            1.80091523155180       -0.67926845296863       -0.00315575925126
N            0.66104077542451       -1.34443467021660       -0.00448592546955
C           -0.48781488475070       -0.68071914571341       -0.00275385066675
C           -1.71115613544372       -1.54703774736222       -0.00189381532995
H           -2.42468603177334        1.22785536159690        0.88469760384140
H           -1.64457880924123        2.54690194141590        0.00768168485140
H           -2.42446489846839        1.23554469747283       -0.88037995742052
H            0.67311971448876        2.48417073766089        0.00278456160742
H            2.81170695872147        1.22038646097619       -0.00016399383092
H            2.69468604346956       -1.28961417196808       -0.00428374240031
H           -1.67500119882741       -2.22002417732680       -0.85673890198853
H           -1.71384497245803       -2.16394965250602        0.89537038245184
H           -2.62783507348670       -0.96857926141700       -0.03957784426584
17
 energy: -22.491687042278 gnorm: 0.027041571844 xtb: 6.7.1 (edcfbbe)
C           -1.83278254301230        1.48045653853032        0.02320986607737
C           -0.54386800217462        0.72035454304241        0.00258236264020
C            0.66685865970640        1.39461543512024        0.00703552686836
C            1.86550764192997        0.70063223176435       -0.00508848991927
C            1.80595131828318       -0.67784458461952       -0.02367545667269
N            0.66117100013629       -1.34249861572225       -0.03256320785875
C           -0.48933196902743       -0.68051145988729       -0.01895533120104
C           -1.70627486004171       -1.55079345717631       -0.01298230294990
H           -2.41941459985154        1.22815056729799        0.90727068435920
H           -1.63807339673750        2.55138089070095        0.03512034376245
H           -2.43490905012807        1.25370254730648       -0.85778114242375
H            0.67549214084170        2.47910244382842        0.02139562117046
H            2.80241490593833        1.23864790162821       -0.00074773620097
H            2.68765928177514       -1.30400684372215       -0.03398385397809
H           -1.57932038854715       -2.35942829295832       -0.76151952001580
H           -1.80482368061670       -2.03171658276924        0.98353149894785
H           -2.62501137446087       -0.97881464604567       -0.23192190585905
17
 energy: -22.492415940885 gnorm: 0.008206929848 xtb: 6.7.1 (edcfbbe)
C           -1.83336874923182        1.47809593388534        0.01249035509456
C           -0.54213620045117        0.71974146293576        0.00142176956338
C            0.66803930358854        1.39835220740286        0.00397733056676
C            1.86503006220491        0.70205409393681       -0.00267560015503
C            1.80345543651707       -0.67853070912801       -0.01320275791266
N            0.66121461504176       -1.34346960748273       -0.01815603312515
C           -0.48848911946213       -0.68065995402931       -0.01047775386243
C           -1.70858786739159       -1.54889964172839       -0.00687673055379
H           -2.42226440895538        1.22841058567851        0.89510837835231
H           -1.64118585920214        2.54913024342792        0.02023478188418
H           -2.42937527200063        1.24426700894038       -0.86990638605630
H            0.67421816421992        2.48166018225900        0.01180933026535
H            2.80711033798131        1.22947226204223        0.00004481320394
H            2.69132410176216       -1.29659375245825       -0.01835048330305
H           -1.63110544396407       -2.28463894079354       -0.81031034709913
H           -1.75709734428027       -2.10165495737327        0.93507268544708
H           -2.62553667236335       -0.97530780119668       -0.12927639556342
17
 energy: -22.492439868617 gnorm: 0.006463862577 xtb: 6.7.1 (edcfbbe)
C           -1.83347426717818        1.47750849215095        0.01180228083605
C           -0.54188341931991        0.71962513942711        0.00148541923120
C            0.66820850811730        1.39870790079385        0.00383235662590
C            1.86503238367166        0.70216386807980       -0.00249039402969
C            1.80325989569152       -0.67860522501925       -0.01242444308117
N            0.66127152662202       -1.34360945834962       -0.01699506634343
C           -0.48833168379795       -0.68070094996737       -0.00970932411290
C           -1.70890845257626       -1.54842240224439       -0.00652666339894
H           -2.42256347168512        1.22771608016108        0.89419591233235
H           -1.64182487174564        2.54859160726270        0.01931349348960
H           -2.42879277296551        1.24290670491519       -0.87076340318175
H            0.67410940043847        2.48190651958313        0.01113095191385
H            2.80766182830484        1.22843251089563       -0.00006042217107
H            2.69177900332291       -1.29577347560176       -0.01758702744179
H           -1.63490771539785       -2.27866008294480       -0.81267408928615
H           -1.75452897324602       -2.10522321313083        0.93089574471512
H           -2.62486183424314       -0.97513539969281       -0.12249836935057
17
 energy: -22.492459021294 gnorm: 0.004439378406 xtb: 6.7.1 (edcfbbe)
C           -1.83369167559942        1.47633863288556        0.01097577139730
C           -0.54132588537366        0.71942797297557        0.00156567095886
C            0.66854412948686        1.39961761281268        0.00364389793077
C            1.86496767744295        0.70240388567852       -0.00233697275880
C            1.80269869006827       -0.67878561039762       -0.01156672368220
N            0.66132283818085       -1.34392821297314       -0.01572774298532
C           -0.48796619987511       -0.68078764264162       -0.00888872375879
C           -1.70967087744213       -1.54756277952626       -0.00600596903476
H           -2.42297089778339        1.22572688672316        0.89283355125885
H           -1.64321328350140        2.54751067072492        0.01865309264013
H           -2.42767894908091        1.24078117644235       -0.87203057875033
H            0.67388854682221        2.48252347563499        0.01039079152582
H            2.80884837220422        1.22606380163482       -0.00025705979121
H            2.69268121531433       -1.29398891260974       -0.01661045955698
H           -1.63956527341211       -2.27110449766771       -0.81550165766930
H           -1.75163715541437       -2.10885495627963        0.92625708543422
H           -2.62398618802406       -0.97395288709822       -0.11446701641167
17
 energy: -22.492468680852 gnorm: 0.003377008598 xtb: 6.7.1 (edcfbbe)
C           -1.83385030246550        1.47550608364191        0.01076068835571
C           -0.54085413444605        0.71930759669366        0.00168542888488
C            0.66882714036598        1.40046921451729        0.00360569393117
C            1.86490341745169        0.70264946549464       -0.00234255931989
C            1.80219932682768       -0.67891711451569       -0.01146800338113
N            0.66136116005515       -1.34417963352935       -0.01557921830379
C           -0.48764866663690       -0.68083944493150       -0.00867638471988
C           -1.71030219642569       -1.54694746758946       -0.00575803426491
H           -2.42326004130851        1.22372933976291        0.89203457862430
H           -1.64425548992619        2.54674133781448        0.01917006747211
H           -2.42674587048064        1.23978265554423       -0.87278325805786
H            0.67371865510987        2.48310318920298        0.01021533816189
H            2.80988772662043        1.22405017942880       -0.00034811261309
H            2.69348472500651       -1.29241476488884       -0.01644406685639
H           -1.64112576740754       -2.26880749998735       -0.81594791375239
H           -1.75136280084590       -2.10896339149400        0.92532076823320
H           -2.62373179748126       -0.97284112884608       -0.11251805564733
17
 energy: -22.492486733738 gnorm: 0.001581223226 xtb: 6.7.1 (edcfbbe)
C           -1.83414942225640        1.47399962852812        0.01111756601528
C           -0.53991492379766        0.71908196012517        0.00207095730801
C            0.66940483468484        1.40220317185069        0.00380967454707
C            1.86478412231701        0.70319938452218       -0.00252330573738
C            1.80122554918941       -0.67916017544853       -0.01232152575346
N            0.66147137601263       -1.34466793511074       -0.01677941203772
C           -0.48701351027959       -0.68093636607029       -0.00899758082600
C           -1.71147702970844       -1.54578424340557       -0.00553205869117
H           -2.42401159848634        1.21890730887458        0.89080114039945
H           -1.64618430342174        2.54534754015126        0.02220678328872
H           -2.42470500910582        1.23908531506136       -0.87394712822222
H            0.67337501667019        2.48429155710032        0.01060100282863
H            2.81201900216168        1.22005095863789       -0.00041634359903
H            2.69519527599582       -1.28917384440047       -0.01747995411528
H           -1.64057649267112       -2.27037894354295       -0.81265397523369
H           -1.75480804415735       -2.10362862983004        0.92759159762427
H           -2.62338975913398       -0.97100807072438       -0.11662048104887
17
 energy: -22.492521186580 gnorm: 0.002073237132 xtb: 6.7.1 (edcfbbe)
C           -1.83458963768134        1.47173112696746        0.01388023389335
C           -0.53843673658034        0.71869852882548        0.00318540539508
C            0.67034611098996        1.40484295536480        0.00493288585863
C            1.86465942212056        0.70414409864117       -0.00337692521433
C            1.79985034023357       -0.67950975111809       -0.01661276720742
N            0.66176672723394       -1.34540586299675       -0.02256511446874
C           -0.48601069004495       -0.68110297868521       -0.01134475255770
C           -1.71311011486846       -1.54392776168958       -0.00595172319179
H           -2.42587013534701        1.20846383576743        0.88970618539431
H           -1.64905046604188        2.54322592716671        0.03272028495178
H           -2.42085646543278        1.24115535303827       -0.87488115657040
H            0.67281503254222        2.48611531769039        0.01341306570914
H            2.81538667723204        1.21397645209815       -0.00040478968818
H            2.69803706100784       -1.28404016064061       -0.02320223336836
H           -1.62956143744629       -2.28887976885115       -0.79437763727954
H           -1.77197233828293       -2.07833757066463        0.94140934850659
H           -2.62215826562101       -0.96972112459523       -0.14560335341580
17
 energy: -22.492557104593 gnorm: 0.007749266294 xtb: 6.7.1 (edcfbbe)
C           -1.83499481219977        1.46925232584520        0.02036333372383
C           -0.53689229507351        0.71823225168929        0.00522456254452
C            0.67137655232467        1.40723734687768        0.00742151837090
C            1.86469715512349        0.70514316147025       -0.00525922986857
C            1.79881357933851       -0.67980704336287       -0.02574454684917
N            0.66229956051388       -1.34609965212916       -0.03459739578066
C           -0.48493058480848       -0.68130335140927       -0.01659699474520
C           -1.71446502518236       -1.54180380223334       -0.00765930649538
H           -2.42903497339733        1.19252380080056        0.88980245007441
H           -1.65198772371051        2.54083021137051        0.05315322670537
H           -2.41576996806218        1.24818091139139       -0.87435850005965
H            0.67227155373846        2.48778369606856        0.01996507779579
H            2.81869484535433        1.20837797146559       -0.00051590389673
H            2.70100228974178       -1.27906075637068       -0.03597429352741
H           -1.60173016628051       -2.33309227059785       -0.75266241586463
H           -1.80945431043078       -2.02325334231937        0.97104438541028
H           -2.61865059297657       -0.97171284223786       -0.21267901079112
17
 energy: -22.492593579996 gnorm: 0.005330131358 xtb: 6.7.1 (edcfbbe)
C           -1.83484436777649        1.46993438206211        0.01990698930851
C           -0.53738321002069        0.71832462577233        0.00504984918640
C            0.67110108093503        1.40621246410173        0.00720446090509
C            1.86479204696792        0.70482099222757       -0.00520266627864
C            1.79937138721042       -0.67969506624822       -0.02506949499351
N            0.66224587999393       -1.34581921408342       -0.03348714642258
C           -0.48529496098954       -0.68123618769556       -0.01603236460278
C           -1.71382111994258       -1.54230874317082       -0.00746158952111
H           -2.42920549767716        1.19446455162139        0.88957004672028
H           -1.65106403998490        2.54137937575272        0.05201479115376
H           -2.41633830604016        1.24892700428827       -0.87443408948430
H            0.67246579148929        2.48707760668070        0.01955708065167
H            2.81753441167820        1.21059525835771       -0.00061091336944
H            2.70003035291877       -1.28091391094681       -0.03533680927674
H           -1.60340759290951       -2.32984312182860       -0.75398440827626
H           -1.80690381863587       -2.02671741285093        0.96760081742870
H           -2.61803295320354       -0.97377398772154       -0.20835759638246
17
 energy: -22.492761364244 gnorm: 0.003651311408 xtb: 6.7.1 (edcfbbe)
C           -1.83454467936983        1.47004695595256        0.02597380386805
C           -0.53808855996762        0.71819888306770        0.00658272730054
C            0.67084556554255        1.40341969095035        0.00917650609258
C            1.86542613053619        0.70414789871468       -0.00748287014342
C            1.80132429818697       -0.67939530568656       -0.03306734445250
N            0.66273322482740       -1.34519581631271       -0.04255597367223
C           -0.48574278981943       -0.68118979200822       -0.01982677289462
C           -1.71204182498789       -1.54220242076772       -0.00878273672346
H           -2.43426576575705        1.18370887162122        0.88858569447882
H           -1.65005048625428        2.54094057186345        0.07267150667133
H           -2.41296510743826        1.26172414613620       -0.87396202897060
H            0.67295315291192        2.48514918944751        0.02570660423520
H            2.81507748643530        1.21622908654222       -0.00180413921462
H            2.69826062511052       -1.28524728998606       -0.04822758979934
H           -1.57627004292946       -2.36875865271521       -0.70605476085356
H           -1.84256037363859       -1.97262033238370        0.98647757055710
H           -2.60884576937533       -0.98752706811711       -0.27248323973271
17
 energy: -22.492186860570 gnorm: 0.028912895582 xtb: 6.7.1 (edcfbbe)
C           -1.83427681040562        1.46629316678995        0.04389979566113
C           -0.53800757096880        0.71738941321083        0.01096521405620
C            0.67104952688809        1.39906329007154        0.01468590453086
C            1.86705812093097        0.70302129929519       -0.01455306717927
C            1.80531710894391       -0.67873610439739       -0.05612269505481
N            0.66470670141323       -1.34469583563158       -0.06842752111864
C           -0.48489738571771       -0.68160189150905       -0.03144949537631
C           -1.70973647600862       -1.53950314901279       -0.01319203305237
H           -2.44813662512054        1.14428183863692        0.88559792101885
H           -1.65187522095842        2.53619992308985        0.13445665263298
H           -2.40099561239612        1.29273605677244       -0.87302052206623
H            0.67396686322400        2.48204772088314        0.04260440315301
H            2.81181705421680        1.22520236954178       -0.00677963804439
H            2.69657730140479       -1.29153173304685       -0.08363850306172
H           -1.50019346176347       -2.47839372777684       -0.56907549542294
H           -1.95005810961984       -1.81182209800340        1.04269697452391
H           -2.58107032004953       -1.01852192259509       -0.45772093845368
17
 energy: -22.493005678571 gnorm: 0.004081517588 xtb: 6.7.1 (edcfbbe)
C           -1.83433024333114        1.46667001519244        0.03415932459689
C           -0.53821598807673        0.71766595717578        0.00806648561874
C            0.67058253098305        1.39972496399046        0.01170192145707
C            1.86660888590488        0.70270808233449       -0.01166108288108
C            1.80461819776035       -0.67872073342513       -0.04400892246896
N            0.66419706357214       -1.34496277420951       -0.05271533413016
C           -0.48476879805089       -0.68170199136310       -0.02503991129464
C           -1.71063205161600       -1.54045909189888       -0.01018040450307
H           -2.44430282947509        1.15856088942076        0.88304817252624
H           -1.65177926679536        2.53691449208987        0.10841327227390
H           -2.40455137050267        1.27943078017261       -0.87656840114595
H            0.67408344887811        2.48242615101158        0.03359245854882
H            2.81149795338748        1.22466499990384       -0.00634921054769
H            2.69609499393413       -1.29150444331394       -0.06540569928294
H           -1.54238427470001       -2.41448764359943       -0.63215462053211
H           -1.89768007787199       -1.88932298734103        1.00550556390962
H           -2.58779308998712       -1.00617804982219       -0.35947665539812
17
 energy: -22.493094019596 gnorm: 0.003622297233 xtb: 6.7.1 (edcfbbe)
C           -1.83445815994820        1.46500346680492        0.03708537097234
C           -0.53736427322625        0.71761645529141        0.00963554817438
C            0.67110233570022        1.40047535986250        0.01178663302226
C            1.86694539565345        0.70289429935800       -0.01349139706789
C            1.80479581587639       -0.67866967501793       -0.04686756673506
N            0.66464748962986       -1.34526172589398       -0.05514518667105
C           -0.48387943870229       -0.68180848046673       -0.02494271152637
C           -1.71128446509647       -1.53901550505986       -0.01089280765212
H           -2.44591314612125        1.15099518769103        0.88235729616932
H           -1.65387051731050        2.53487781052684        0.11782467795563
H           -2.40205736547652        1.28228441274678       -0.87603091397854
H            0.67442321570118        2.48294427847366        0.03512661825009
H            2.81244353035325        1.22345236402651       -0.00845408752946
H            2.69712045081275       -1.29028083670953       -0.06944672112109
H           -1.53318611811988       -2.42809314367458       -0.61116917390265
H           -1.91480130841655       -1.86514930856544        1.01014742980729
H           -2.58341835729607       -1.01083634307498       -0.38659605142052
17
 energy: -22.491730582762 gnorm: 0.037259068872 xtb: 6.7.1 (edcfbbe)
C           -1.83562361252161        1.45074025635145        0.06065341959317
C           -0.53118040222451        0.71643661161194        0.01868832677202
C            0.67440159018885        1.40491939950425        0.01370153224228
C            1.86948569542020        0.70395415911401       -0.02629816853464
C            1.80709763582934       -0.67806657808060       -0.06890198969165
N            0.66874105732222       -1.34779228934890       -0.07681446175122
C           -0.47654447475620       -0.68352013304096       -0.03075302539080
C           -1.71500485737657       -1.52838974509281       -0.01704405181329
H           -2.45930045698588        1.08592895472564        0.87634993442186
H           -1.66987191243919        2.51795543304640        0.19706462561912
H           -2.38238820171682        1.30660336022046       -0.87243999402396
H            0.67662967072110        2.48587472818545        0.04678098423179
H            2.81821050460792        1.21709707834127       -0.02486511744782
H            2.70449216242013       -1.28256885896650       -0.10133895173664
H           -1.46251355113049       -2.53536738125593       -0.43665860127672
H           -2.05659190467598       -1.66232221771469        1.04716390612413
H           -2.53879385866943       -1.05005416128185       -0.60436141059108
17
 energy: -22.493768017338 gnorm: 0.008619197918 xtb: 6.7.1 (edcfbbe)
C           -1.83484725278845        1.45005427266539        0.06274418323041
C           -0.53048853162113        0.71663762332069        0.01704680765971
C            0.67499617987541        1.40483717647092        0.01460937360484
C            1.87016246208640        0.70479339752892       -0.02686370395327
C            1.80836425112208       -0.67720582704951       -0.06976848120956
N            0.67016409523512       -1.34710112388902       -0.07550940680416
C           -0.47555175383286       -0.68298865324122       -0.03170730509351
C           -1.71162216900408       -1.52636855924455       -0.01693290552888
H           -2.45584965256570        1.08444343451823        0.87907068532194
H           -1.66905885824968        2.51649632707140        0.19948028333312
H           -2.38467409817009        1.30557346863543       -0.86782892295637
H            0.67696782775349        2.48603427173771        0.04689797840934
H            2.81868340895523        1.21889175267541       -0.02666913245546
H            2.70554196532403       -1.28181037765402       -0.10330116026054
H           -1.48184450117956       -2.51790677746374       -0.41226328573581
H           -2.07008012478613       -1.65259188405854        1.01254456279241
H           -2.51961816414096       -1.08035990570486       -0.60062261360766
17
 energy: -22.493905690405 gnorm: 0.001610864572 xtb: 6.7.1 (edcfbbe)
C           -1.83582650294275        1.44800950717644        0.06553467080509
C           -0.53145371607139        0.71516564707803        0.01708031178042
C            0.67401451915033        1.40332916034971        0.01415012397217
C            1.86919869992603        0.70376214207331       -0.02878160131206
C            1.80751384625221       -0.67831522096764       -0.07095809147360
N            0.66929262971698       -1.34829381315022       -0.07444114736266
C           -0.47671889272552       -0.68434654958532       -0.03111592045049
C           -1.71331543089573       -1.52612744122405       -0.01781510019967
H           -2.45373265248073        1.08249254453910        0.88400235238357
H           -1.66986714263944        2.51430173924108        0.20124055286611
H           -2.38884175847379        1.30225607484548       -0.86274008326120
H            0.67595528668049        2.48462489313320        0.04777916038715
H            2.81757660179975        1.21842498597324       -0.02895248808590
H            2.70458258724819       -1.28302170800509       -0.10480505852146
H           -1.47568571463032       -2.51521456372963       -0.39657471211305
H           -2.07701455124144       -1.63105628338762        1.00447536963258
H           -2.50443272465977       -1.08456249804138       -0.61715138230044
17
 energy: -22.494017522295 gnorm: 0.002320754893 xtb: 6.7.1 (edcfbbe)
C           -1.83620929351414        1.44476363379525        0.07161944422676
C           -0.53081115442669        0.71423552270221        0.01786973951627
C            0.67433452556991        1.40272084539685        0.01444646340320
C            1.86960096557083        0.70364741502545       -0.03160099771700
C            1.80834124674995       -0.67850943745654       -0.07353930216500
N            0.67026164890734       -1.34869363553442       -0.07508036792869
C           -0.47598158687582       -0.68502546089254       -0.03174327081074
C           -1.71557649445456       -1.52511681028371       -0.02056923510440
H           -2.44888214185101        1.07855901762965        0.89380509172988
H           -1.67157321814915        2.51128955272215        0.20558764828601
H           -2.39459397683402        1.29668257046674       -0.85297789394526
H            0.67589466481461        2.48405407558061        0.04974975219242
H            2.81763712781545        1.21899908969537       -0.03376817878746
H            2.70525399743099       -1.28328502210688       -0.10918887696446
H           -1.46744078991077       -2.52413242510801       -0.36271962283439
H           -2.10329580366434       -1.59217513151464        0.99468971317558
H           -2.48571463316549       -1.09658518379892       -0.65565314952619
17
 energy: -22.494168170734 gnorm: 0.004026512212 xtb: 6.7.1 (edcfbbe)
C           -1.83602246137360        1.44005862444366        0.08259898348441
C           -0.52890639386104        0.71346380407062        0.02335976515034
C            0.67554886135675        1.40274563815852        0.01660032733614
C            1.87086517793672        0.70412852874734       -0.03607799503392
C            1.81024964835717       -0.67807612161093       -0.07956228853350
N            0.67247083914252       -1.34884265639701       -0.07870061585912
C           -0.47351913863688       -0.68548177627164       -0.03068575901259
C           -1.71740840995942       -1.52246832389570       -0.02566846489502
H           -2.43977442058701        1.07690742382048        0.91307883982319
H           -1.67444455920686        2.50818931579607        0.20707225145293
H           -2.40317300236834        1.28214599821988       -0.83510773395205
H            0.67651165542534        2.48406397925435        0.05377838200274
H            2.81844570759387        1.22027484556331       -0.04190295620366
H            2.70705281445206       -1.28279136834309       -0.11772585859436
H           -1.45656788213202       -2.54106164026887       -0.30526111804277
H           -2.15385004390422       -1.53012156669402        0.97610832932521
H           -2.45623330822196       -1.12170608827434       -0.72097713170143
17
 energy: -22.494216132518 gnorm: 0.008691912441 xtb: 6.7.1 (edcfbbe)
C           -1.83566375577399        1.43543280906616        0.09337557375267
C           -0.52679560232605        0.71321963674567        0.02861941029674
C            0.67704321604428        1.40321257299972        0.01988811887959
C            1.87227086062356        0.70462990046542       -0.03887483944754
C            1.81205541443393       -0.67747923516405       -0.08621907256310
N            0.67446132087701       -1.34882080521409       -0.08602382594300
C           -0.47090913120644       -0.68547253555365       -0.03215523037137
C           -1.71799244698400       -1.51867759777953       -0.03062920919965
H           -2.43026539307641        1.07617039787101        0.93254217190675
H           -1.67805074268188        2.50546017377857        0.20699313904340
H           -2.41138497468137        1.26575436436183       -0.81705653033440
H            0.67770609666724        2.48444413525765        0.05942791511717
H            2.81959305748817        1.22116061216152       -0.04755193395102
H            2.70883644556340       -1.28198384773531       -0.12786671216147
H           -1.45028336449590       -2.55597246114443       -0.24312771153746
H           -2.20344483608273       -1.46675986285690        0.95230846766744
H           -2.42593108037574       -1.15288964094096       -0.78272277440823
17
 energy: -22.494318901595 gnorm: 0.002952931783 xtb: 6.7.1 (edcfbbe)
C           -1.83540808614109        1.43581232579682        0.09234836464960
C           -0.52651748863550        0.71386254129464        0.02924507098363
C            0.67738306839646        1.40376380003990        0.02121722846670
C            1.87245467559138        0.70472855253183       -0.03725147217551
C            1.81196127181234       -0.67721299217276       -0.08734858893508
N            0.67424685039892       -1.34852387349694       -0.08978810257343
C           -0.47072654885129       -0.68491547938696       -0.03356128702516
C           -1.71683440076414       -1.51772860427008       -0.02998931740001
H           -2.43026537216899        1.07824798177443        0.93190729764524
H           -1.67870371177450        2.50623978513496        0.20366452874503
H           -2.41037620935777        1.26351158058322       -0.81790351264853
H            0.67836358842634        2.48491653732984        0.06109928865468
H            2.81999970474315        1.22077570632794       -0.04435172434984
H            2.70882836005888       -1.28162258179088       -0.12882345196714
H           -1.45603322917703       -2.55233332158207       -0.24318954028419
H           -2.19969566159708       -1.47064185333283        0.94807967212526
H           -2.42743172694698       -1.15745148846242       -0.77442749716471
17
 energy: -22.494379395154 gnorm: 0.002043166235 xtb: 6.7.1 (edcfbbe)
C           -1.83528998408499        1.43465549947592        0.09685749204027
C           -0.52614606223693        0.71406347116869        0.03117697592465
C            0.67765054651563        1.40404709270053        0.02389718873617
C            1.87247354702337        0.70447186419023       -0.03721571559980
C            1.81171813346296       -0.67713810524479       -0.09263330925325
N            0.67392268466565       -1.34887706762477       -0.09560381117566
C           -0.47031642255689       -0.68493089689581       -0.03460027891308
C           -1.71540647075988       -1.51556045279198       -0.03179461788355
H           -2.42502730453584        1.08256946422126        0.94244356546728
H           -1.68026710555961        2.50628868175908        0.19947675998666
H           -2.41478310513907        1.25364031279031       -0.80877336342280
H            0.67914303925660        2.48500533342141        0.06725874596437
H            2.82034946429544        1.21992243773529       -0.04252086170531
H            2.70881718356210       -1.28101120351195       -0.13798706752510
H           -1.45451592786784       -2.55578482844907       -0.20964377956961
H           -2.22060404270711       -1.43937587595567        0.93202530632992
H           -2.41047308932048       -1.18055711067003       -0.80143627265464
17
 energy: -22.494418602303 gnorm: 0.004679662741 xtb: 6.7.1 (edcfbbe)
C           -1.83526910270995        1.43331445414683        0.10303000403900
C           -0.52593969043814        0.71391818055693        0.03333074729240
C            0.67769849395194        1.40392435258588        0.02881346034147
C            1.87230210642684        0.70402232304821       -0.03750251029983
C            1.81132810065240       -0.67704930592600       -0.10074027138845
N            0.67348971256963       -1.34935479267234       -0.10267149443869
C           -0.47026341560029       -0.68535372256839       -0.03623418736925
C           -1.71437250182172       -1.51385926389696       -0.03466608117599
H           -2.41684761214217        1.09009544915904        0.95814890861453
H           -1.68120530840823        2.50630458970262        0.19294744600139
H           -2.42288683231165        1.24072661458774       -0.79494946253575
H            0.67979130304911        2.48461080458642        0.07761070852837
H            2.82058854223595        1.21881313230258       -0.04035587121711
H            2.70874053782185       -1.28001124824189       -0.15300480320002
H           -1.44908885119444       -2.56251997806202       -0.15820957195451
H           -2.25300098974078       -1.39254088878825        0.90857561412382
H           -2.38381940832724       -1.21361208420176       -0.84319567861484
17
 energy: -22.494442902517 gnorm: 0.002532623438 xtb: 6.7.1 (edcfbbe)
C           -1.83535445399768        1.43413265994004        0.10325403914641
C           -0.52649714070288        0.71372804344073        0.03306214796916
C            0.67723293635750        1.40349264824161        0.03101301931863
C            1.87180978375113        0.70367651982252       -0.03689980697939
C            1.81065142339948       -0.67711187480379       -0.10351113389322
N            0.67278215810330       -1.34946455310609       -0.10393608552046
C           -0.47113719112632       -0.68568133506029       -0.03636294452749
C           -1.71432261447496       -1.51475404006794       -0.03469615252083
H           -2.41439265451403        1.09594222128246        0.96202674016999
H           -1.68006644151892        2.50727802256153        0.18794685116496
H           -2.42594586024182        1.23799027336152       -0.79172739955523
H            0.67963219437926        2.48403536187765        0.08276035362702
H            2.82032062352901        1.21814969535434       -0.03787990682771
H            2.70814000972792       -1.27963992760780       -0.15948906914083
H           -1.44703461250901       -2.56182080309328       -0.14631060629274
H           -2.25817995191777       -1.38464905826489        0.90156716183993
H           -2.37639312423111       -1.22387523755967       -0.84989025123167
17
 energy: -22.494456865914 gnorm: 0.001880330284 xtb: 6.7.1 (edcfbbe)
C           -1.83522662223643        1.43416380902899        0.10593501287389
C           -0.52644190295295        0.71352237268089        0.03434914876992
C            0.67728712650031        1.40312043735790        0.03463765645998
C            1.87185720523576        0.70368623046194       -0.03684791586836
C            1.81059978646191       -0.67683738105205       -0.10834177305609
N            0.67277808576545       -1.34910912257766       -0.10751994139643
C           -0.47136841960390       -0.68574674923953       -0.03723615345966
C           -1.71509618100323       -1.51542979767063       -0.03608429377010
H           -2.40857560024689        1.10342946876640        0.97156203396258
H           -1.67931506016183        2.50799969582499        0.18072317081957
H           -2.43193155433036        1.23021077918800       -0.78316382900296
H            0.67976209750719        2.48346856331956        0.09063841052796
H            2.82038700428935        1.21813263744836       -0.03674085687743
H            2.70791759091330       -1.27911331823874       -0.16862387409079
H           -1.44464682253259       -2.56451923535579       -0.11773518413419
H           -2.27596830616645       -1.36183642960666        0.88627045617218
H           -2.36077334342555       -1.24371334401733       -0.87089511118356
17
 energy: -22.494461694081 gnorm: 0.001003644540 xtb: 6.7.1 (edcfbbe)
C           -1.83503254829767        1.43452110325286        0.10796490707831
C           -0.52638387215028        0.71330341270896        0.03558501889046
C            0.67751469594698        1.40274321021276        0.03636388309597
C            1.87214423760772        0.70402712956274       -0.03705251805954
C            1.81083695881918       -0.67659683387060       -0.10996450197598
N            0.67311746129280       -1.34837944519007       -0.10856306430675
C           -0.47132674913669       -0.68542059763642       -0.03742682299704
C           -1.71645884975019       -1.51677878481781       -0.03734651967288
H           -2.40383307589076        1.10990671061685        0.97878550898382
H           -1.67853367181236        2.50873301945685        0.17437164525620
H           -2.43636043460365        1.22430028485169       -0.77630385467166
H            0.67961111600644        2.48299775281128        0.09422905195882
H            2.82032779297011        1.21902669346264       -0.03787293208943
H            2.70759131661942       -1.27932989789557       -0.17177363787209
H           -1.44445537866489       -2.56522914311749       -0.10333517304967
H           -2.28634699192339       -1.35103894763869        0.87539687745745
H           -2.35116692301966       -1.25535705045135       -0.88213091127947
17
 energy: -22.494462550953 gnorm: 0.000702256714 xtb: 6.7.1 (edcfbbe)
C           -1.83505055875607        1.43427056399544        0.11020205342190
C           -0.52646635990529        0.71322920757618        0.03623902188674
C            0.67754489122164        1.40270041963824        0.03625137916490
C            1.87210120302844        0.70398170422253       -0.03768984035711
C            1.81074530761136       -0.67673753397298       -0.11024586089868
N            0.67300695303456       -1.34850834051362       -0.10863143567784
C           -0.47124788846238       -0.68537917736993       -0.03713853211067
C           -1.71624006519378       -1.51633967107269       -0.03867986774579
H           -2.40110933884336        1.11249024930224        0.98397405520758
H           -1.67887831341661        2.50875813789067        0.17253958790507
H           -2.43881659528074        1.22045358911330       -0.77158051243740
H            0.67959084056548        2.48297138361375        0.09399366128048
H            2.82022076633655        1.21910600953810       -0.03902339590783
H            2.70743972133922       -1.27962433809396       -0.17224824829198
H           -1.44353153843532       -2.56597183909068       -0.09458279607062
H           -2.29306660846923       -1.34212524399240        0.86915385203520
H           -2.34499733236138       -1.26184650446553       -0.89160616465741
17
 energy: -22.494463993403 gnorm: 0.000249735451 xtb: 6.7.1 (edcfbbe)
C           -1.83512355084696        1.43415642970776        0.11023237934929
C           -0.52656703441842        0.71324992112037        0.03578141091186
C            0.67748253225399        1.40282996639649        0.03455993567182
C            1.87201974850379        0.70395629483124       -0.03812301535990
C            1.81075261804168       -0.67691891547793       -0.10815136686951
N            0.67299513951564       -1.34876905701247       -0.10699250319899
C           -0.47118479116244       -0.68540918254230       -0.03695053543008
C           -1.71581777788684       -1.51592006531353       -0.03915939317810
H           -2.40151899064937        1.11124783138999        0.98324149890701
H           -1.67921311875487        2.50847966019930        0.17407559591519
H           -2.43833574960091        1.22146919264939       -0.77212028882126
H            0.67944961939486        2.48321409515180        0.09031291591267
H            2.82010335038559        1.21915344153597       -0.04014760298299
H            2.70756758587619       -1.27991471516894       -0.16795569720919
H           -1.44427833045434       -2.56539838134778       -0.10216578251473
H           -2.28898730300441       -1.34754905688772        0.87159971348442
H           -2.34809886318007       -1.25644884291301       -0.88711030784098
17
 energy: -22.494464473548 gnorm: 0.000244468696 xtb: 6.7.1 (edcfbbe)
C           -1.83507008897839        1.43401194442112        0.11091866206319
C           -0.52647709237775        0.71324144746050        0.03583861452929
C            0.67750855885168        1.40290055520966        0.03375973485970
C            1.87206301160919        0.70402508524574       -0.03861857285028
C            1.81092780516915       -0.67691368479744       -0.10708063917910
N            0.67319988354522       -1.34881276761847       -0.10584214355631
C           -0.47110474540836       -0.68546020170655       -0.03659415581028
C           -1.71592754396117       -1.51582853811240       -0.03971897731965
H           -2.39992919030814        1.11212328163967        0.98535468208633
H           -1.67917774731395        2.50849025441580        0.17311762903788
H           -2.43985506628064        1.22006058461825       -0.77009745716858
H            0.67938460959190        2.48334339226120        0.08855516866570
H            2.82010284393708        1.21929195018163       -0.04158270271311
H            2.70782452575717       -1.27990099049382       -0.16572510435986
H           -1.44465781091596       -2.56498601142535       -0.10322509167668
H           -2.29035274950840       -1.34796890896440        0.87026389994414
H           -2.34721411939554       -1.25618877601648       -0.88839658980586
17
 energy: -22.494464769742 gnorm: 0.000264404349 xtb: 6.7.1 (edcfbbe)
C           -1.83498484990533        1.43394734716133        0.11222125690166
C           -0.52641867133925        0.71327213642318        0.03574767873178
C            0.67748262443785        1.40299855793748        0.03288592907992
C            1.87204469119442        0.70410006893108       -0.03915048836088
C            1.81099103006324       -0.67691519584423       -0.10593737013626
N            0.67328823359055       -1.34882556898470       -0.10474838366548
C           -0.47112921894111       -0.68547500740093       -0.03661842862802
C           -1.71608405661623       -1.51584491831511       -0.04119118693697
H           -2.39697186970301        1.11445706049908        0.98943038927912
H           -1.67912415353632        2.50867159482182        0.17091299868692
H           -2.44260326409568        1.21731936710738       -0.76613177959087
H            0.67931150059695        2.48349380287768        0.08688167629632
H            2.82006843327669        1.21939359922681       -0.04312804282528
H            2.70796145311480       -1.27991272399048       -0.16333300655197
H           -1.44484392561675       -2.56553656914129       -0.10160691977197
H           -2.29295620820184       -1.34610003600859        0.86666418388003
H           -2.34478666430587       -1.25761489898188       -0.89197154964151
17
 energy: -22.494464905504 gnorm: 0.000091647969 xtb: 6.7.1 (edcfbbe)
C           -1.83499580208938        1.43398859792647        0.11239958397843
C           -0.52646841050720        0.71325613417285        0.03574286209894
C            0.67742179490493        1.40297663350866        0.03289172841949
C            1.87199970972118        0.70407232708357       -0.03916251249162
C            1.81090513933159       -0.67694912982113       -0.10592684607009
N            0.67319326013601       -1.34884813437043       -0.10464730314363
C           -0.47117943833135       -0.68549390227894       -0.03652982438364
C           -1.71604080453424       -1.51590803584885       -0.04132198559562
H           -2.39637809823499        1.11538742734213        0.99025470214869
H           -1.67918908174892        2.50873716489314        0.17000770499406
H           -2.44309076971863        1.21652367133461       -0.76530386356916
H            0.67929426078352        2.48346157877208        0.08687553426489
H            2.82005149857818        1.21932079179108       -0.04307565916489
H            2.70787558703793       -1.27995033224787       -0.16334620980229
H           -1.44456787453988       -2.56538715517440       -0.10151311318575
H           -2.29328140784057       -1.34560383357048        0.86631344831871
H           -2.34430447893507       -1.25815518719384       -0.89273129006999
17
 energy: -22.494465020509 gnorm: 0.000088070694 xtb: 6.7.1 (edcfbbe)
C           -1.83503121562111        1.43399585912058        0.11230112302614
C           -0.52648431927218        0.71326499955195        0.03570129929038
C            0.67741140370424        1.40295736898113        0.03313567573630
C            1.87200649874036        0.70405103045246       -0.03894945933826
C            1.81087995575136       -0.67694786457035       -0.10611847204031
N            0.67314709337273       -1.34882997290141       -0.10498778204813
C           -0.47119230168173       -0.68547808841256       -0.03669829592154
C           -1.71605307882419       -1.51587283710796       -0.04133144802402
H           -2.39583272684225        1.11632460542892        0.99086227713637
H           -1.67924995746632        2.50880504172970        0.16868817041049
H           -2.44360172310469        1.21549730866124       -0.76481142666276
H            0.67933812216782        2.48342370051119        0.08736957345682
H            2.82008267694897        1.21924923327796       -0.04253924575782
H            2.70784387687980       -1.27994103878845       -0.16374744958321
H           -1.44442213742714       -2.56529526928529       -0.10153340777943
H           -2.29321033419298       -1.34556969558556        0.86640636302590
H           -2.34438674911961       -1.25820576474490       -0.89282053818039
17
 energy: -22.494465243720 gnorm: 0.000163328336 xtb: 6.7.1 (edcfbbe)
C           -1.83508423754507        1.43399942293908        0.11202558413010
C           -0.52648631864271        0.71330524895571        0.03551963535190
C            0.67742435195253        1.40293252867765        0.03380052233582
C            1.87204055016511        0.70401116715475       -0.03820862747277
C            1.81087056712492       -0.67691969519975       -0.10651229865156
N            0.67309820144432       -1.34877064269191       -0.10588147150450
C           -0.47119537395295       -0.68543339114147       -0.03723146260584
C           -1.71605584056709       -1.51586925887207       -0.04162896015282
H           -2.39380488406929        1.11960843554359        0.99309925440741
H           -1.67945713629733        2.50905506768724        0.16393484923879
H           -2.44550699889662        1.21187201738470       -0.76284811805951
H            0.67946602389942        2.48336506338940        0.08866747700252
H            2.82016071483641        1.21912053255754       -0.04093761874851
H            2.70781853631863       -1.27989794924079       -0.16452064312564
H           -1.44434143703726       -2.56523457300095       -0.10254297691559
H           -2.29267401944626       -1.34591005679948        0.86672152068861
H           -2.34502761527366       -1.25780530102461       -0.89252970917190
17
 energy: -22.494465277239 gnorm: 0.000141639780 xtb: 6.7.1 (edcfbbe)
C           -1.83506701976853        1.43404166030702        0.11191412113670
C           -0.52648806675398        0.71334122676539        0.03543142080267
C            0.67745106114660        1.40293791780313        0.03399253380849
C            1.87204446344642        0.70399263299613       -0.03791057654927
C            1.81086309097153       -0.67692230848984       -0.10644412540035
N            0.67307971109707       -1.34874558194672       -0.10607605684025
C           -0.47121967468665       -0.68538439947328       -0.03745571545736
C           -1.71609395278407       -1.51579984885503       -0.04181106888233
H           -2.39288462422880        1.12111951349625        0.99408090456517
H           -1.67951456377602        2.50918157706128        0.16183542055705
H           -2.44636113763323        1.21036264099511       -0.76191846905732
H            0.67948437244993        2.48336752616612        0.08897028676099
H            2.82016457751368        1.21911223838462       -0.04042352502897
H            2.70779260723685       -1.27992186163116       -0.16449931882634
H           -1.44443297820367       -2.56520398724598       -0.10345143879093
H           -2.29192613499531       -1.34678618130355        0.86694434344149
H           -2.34564664701870       -1.25726414871084       -0.89225177949290
