
         ______________________________________________________________
        |                                                              |
        |                                                              |
        |                   CENSO - Commandline ENSO                   |
        |                           v 2.1.2                            |
        |    energetic sorting of CREST Conformer Rotamer Ensembles    |
        |                    University of Bonn, MCTC                  |
        |                           Oct 2024                           |
        |                 based on ENSO version 2.0.1                  |
        |             L. M. Seidler, F. Bohle and S. Grimme            |
        |                                                              |
        |______________________________________________________________|

        Please cite:
        (TBA)
        S. Grimme, F. Bohle, A. Hansen, P. Pracht, S. Spicher, and M. Stahn
        J. Phys. Chem. A 2021, 125, 19, 4039-4054.
        DOI: https://doi.org/10.1021/acs.jpca.1c00971

        This program is distributed in the hope that it will be useful,
        but WITHOUT ANY WARRANTY; without even the implied warranty of
        MERCHANTABILITY or FITNESS FOR A PARTICULAR PURPOSE.

Reading configuration file from /home/mwang1/.censo2rc.
CALL: /software/projects/pawsey0265/mwang1/censo_screwed/bin/censo -i crest_conformers.xyz --maxcores 4 -O 1
Read 4 conformers.
Number of atoms:              14
Charge:                       0
Unpaired electrons:           0


----------------------------------------------------------------------------------------------------
                                          GENERAL SETTINGS                                          
----------------------------------------------------------------------------------------------------
    
imagthr:                      -100.0
sthr:                         0.0
scale:                        1.0
temperature:                  298.15
solvent:                      h2o
sm_rrho:                      alpb
multitemp:                    False
evaluate_rrho:                False
consider_sym:                 False
bhess:                        False
rmsdbias:                     False
balance:                      False
gas-phase:                    True
copy_mo:                      True
retry_failed:                 True
trange:                       [273.15, 373.15, 5]



----------------------------------------------------------------------------------------------------
                                            PRESCREENING                                            
----------------------------------------------------------------------------------------------------
    
threshold:                    4.0
func:                         pbe-d4
basis:                        def2-sv(p)
prog:                         orca
gfnv:                         gfn2
run:                          True
template:                     False


Running sp calculation for CONF1.
Running sp calculation for CONF2.
Running sp calculation for CONF4.
Running sp calculation for CONF3.



-------------------------------- PRESCREENING SINGLE-POINT RESULTS ---------------------------------

CONF#       E (xTB)        ΔE (xTB)          E (DFT)           ΔE (DFT)        ΔGsolv (xTB)           Gtot             ΔGtot          Boltzmann weight   
             [Eh]         [kcal/mol]           [Eh]           [kcal/mol]        [kcal/mol]            [Eh]           [kcal/mol]        % at 298.15 K     
CONF1         ---            ---           -2730.888243          0.00              ---            -2730.888243          0.00               66.59         
CONF2         ---            ---           -2730.887582          0.41              ---            -2730.887582          0.41               33.06         
CONF3         ---            ---           -2730.882839          3.39              ---            -2730.882839          3.39                0.22         
CONF4         ---            ---           -2730.882380          3.68              ---            -2730.882380          3.68                0.13         

Boltzmann averaged free energy/enthalpy of ensemble on input geometries (not DFT optimized):
temperature /K:   avE(T) /a.u.   avG(T) /a.u.
    298.15       -2730.8880048   -2730.8880048     <<==part0==
----------------------------------------------------------------------------------------------------

Number of conformers:         4
Highest ranked conformer:     CONF1


Ran prescreening in 6.86 seconds!

----------------------------------------------------------------------------------------------------
                                             SCREENING                                              
----------------------------------------------------------------------------------------------------
    
threshold:                    3.5
func:                         r2scan-3c
basis:                        def2-tzvp
prog:                         orca
sm:                           smd
gfnv:                         gfn2
run:                          True
implicit:                     False
template:                     False


Running sp calculation for CONF1.
Running sp calculation for CONF3.
Running sp calculation for CONF2.
Running sp calculation for CONF4.

----------------------------- SCREENING SINGLE-POINT (+ mRRHO) RESULTS -----------------------------

CONF#        G (xTB)          ΔG (xTB)          E (DFT)          ΔGsolv       GmRRHO           Gtot             ΔGtot          Boltzmann weight   
               [Eh]          [kcal/mol]           [Eh]            [Eh]         [Eh]            [Eh]           [kcal/mol]        % at 298.15 K     
CONF1       -17.243945          ---           -2731.933987        ---          ---         -2731.933987          0.00               55.05         
CONF2       -17.243863          ---           -2731.933786        ---          ---         -2731.933786          0.13               44.53         
CONF3       -17.239840          ---           -2731.928786        ---          ---         -2731.928786          3.26                0.22         
CONF4       -17.239695          ---           -2731.928667        ---          ---         -2731.928667          3.34                0.20         

Boltzmann averaged free energy/enthalpy of ensemble on input geometries (not DFT optimized):
temperature /K:   avE(T) /a.u.   avG(T) /a.u.
    298.15       -2731.9338754   -2731.9338754     <<==part1==
----------------------------------------------------------------------------------------------------


----------------------------------- SCREENING RANKING COMPARISON -----------------------------------

CONF#       ΔGtot prescreening       ΔGtot screening   
                [kcal/mol]             [kcal/mol]      
CONF1              0.00                   0.00         
CONF2              0.41                   0.13         
CONF3              3.39                   3.26         
CONF4              3.68                   3.34         
----------------------------------------------------------------------------------------------------



Number of conformers:         4
Highest ranked conformer:     CONF1


Ran screening in 13.44 seconds!

----------------------------------------------------------------------------------------------------
                                            OPTIMIZATION                                            
----------------------------------------------------------------------------------------------------
    
optcycles:                    8
maxcyc:                       200
threshold:                    1.5
hlow:                         0.01
gradthr:                      0.01
func:                         r2scan-3c
basis:                        def2-tzvp
prog:                         orca
sm:                           smd
gfnv:                         gfn2
optlevel:                     normal
run:                          True
macrocycles:                  True
crestcheck:                   True
template:                     False
constrain:                    False
xtb_opt:                      True


Optimization using macrocycles, 8 microcycles per step.
Running xtb_opt calculation for CONF2.
Running xtb_opt calculation for CONF1.
Running xtb_opt calculation for CONF3.
Running xtb_opt calculation for CONF4.
Running xtb_rrho calculation for CONF1.
Running xtb_rrho calculation for CONF2.
Running xtb_rrho calculation for CONF3.
Running xtb_rrho calculation for CONF4.
CONF1 converged after 4 steps.
CONF2 converged after 4 steps.
CONF3 converged after 5 steps.

----------------------------------- OPTIMIZATION CYCLE 8 UPDATE ------------------------------------

CONF#           Gtot             ΔGtot          grad_norm       converged   
                [Eh]           [kcal/mol]        [Eh/a0]                    
CONF1       -2731.845356          0.00          0.000625          True      
CONF2       -2731.845324          0.02          0.000333          True      
CONF3       -2731.840667          2.94          0.000700          True      
CONF4       -2731.841881          2.18          0.003102          False     
----------------------------------------------------------------------------------------------------
Running xtb_opt calculation for CONF4.
No longer considering CONF3 (gradient too small and ΔG = 2.94).

----------------------------------- OPTIMIZATION CYCLE 16 UPDATE -----------------------------------

CONF#           Gtot             ΔGtot          grad_norm       converged   
                [Eh]           [kcal/mol]        [Eh/a0]                    
CONF1       -2731.845356          0.00          0.000625          True      
CONF2       -2731.845324          0.02          0.000333          True      
CONF4       -2731.840358          3.14          0.059788          False     
----------------------------------------------------------------------------------------------------
Running xtb_opt calculation for CONF4.

----------------------------------- OPTIMIZATION CYCLE 24 UPDATE -----------------------------------

CONF#           Gtot             ΔGtot          grad_norm       converged   
                [Eh]           [kcal/mol]        [Eh/a0]                    
CONF1       -2731.845356          0.93          0.000625          True      
CONF2       -2731.845324          0.95          0.000333          True      
CONF4       -2731.846830          0.00          0.004770          False     
----------------------------------------------------------------------------------------------------
Running xtb_opt calculation for CONF4.
CONF4 converged after 50 steps.

----------------------------------- OPTIMIZATION CYCLE 32 UPDATE -----------------------------------

CONF#           Gtot             ΔGtot          grad_norm       converged   
                [Eh]           [kcal/mol]        [Eh/a0]                    
CONF1       -2731.845356          0.95          0.000625          True      
CONF2       -2731.845324          0.97          0.000333          True      
CONF4       -2731.846865          0.00          0.000847          True      
----------------------------------------------------------------------------------------------------
Running xtb_rrho calculation for CONF1.
Running xtb_rrho calculation for CONF2.
Running xtb_rrho calculation for CONF4.

--------------------------------------- OPTIMIZATION RESULTS ---------------------------------------

CONF#       E (DFT) (+ ΔGsolv)       ΔE (DFT) (+ δΔGsolv)       GmRRHO           Gtot             ΔGtot          Boltzmann weight   
                   [Eh]                   [kcal/mol]             [Eh]            [Eh]           [kcal/mol]        % at 298.15 K     
CONF1          -2731.934639                  0.10                ---         -2731.845356          0.00               34.35         
CONF2          -2731.934800                  0.00                ---         -2731.845324          0.02               33.20         
CONF4          -2731.934773                  0.02                ---         -2731.845302          0.03               32.45         

Boltzmann averaged free energy/enthalpy of ensemble on optimized geometries:
temperature /K:   avE(T) /a.u.   avG(T) /a.u.
    298.15       -2731.9347360   -2731.8453275     <<==part2==
----------------------------------------------------------------------------------------------------


--------------------------------------- OPTIMIZATION RESULTS ---------------------------------------

CONF#       E (DFT) (+ ΔGsolv)       ΔE (DFT) (+ δΔGsolv)       GmRRHO           Gtot             ΔGtot          Boltzmann weight   
                   [Eh]                   [kcal/mol]             [Eh]            [Eh]           [kcal/mol]        % at 298.15 K     
CONF1          -2731.934639                  0.10                ---         -2731.845356          0.00               34.35         
CONF2          -2731.934800                  0.00                ---         -2731.845324          0.02               33.20         
CONF4          -2731.934773                  0.02                ---         -2731.845302          0.03               32.45         

Boltzmann averaged free energy/enthalpy of ensemble on optimized geometries:
temperature /K:   avE(T) /a.u.   avG(T) /a.u.
    298.15       -2731.9347360   -2731.8453275     <<==part2==
----------------------------------------------------------------------------------------------------


--------------------------------- OPTIMIZATION RANKING COMPARISON ----------------------------------

CONF#       ΔGtot prescreening       ΔGtot screening       ΔGtot optimization   
                [kcal/mol]             [kcal/mol]              [kcal/mol]       
CONF1              0.00                   0.00                    0.00          
CONF2              0.41                   0.13                    0.02          
CONF4              3.68                   3.34                    0.03          
----------------------------------------------------------------------------------------------------



Number of conformers:         3
Highest ranked conformer:     CONF1


Ran optimization in 444.89 seconds!

Ran CENSO in 00:07:45

CENSO all done!
