2025-04-15 20:01:57,923 -   censo.qm_processor   -   INFO   - worker1735974:Running sp calculation in /scratch/pawsey0265/mwang1/.automated/7118/0_PRESCREENING/CONF1/sp.
2025-04-15 20:01:57,923 -   censo.qm_processor   -   INFO   - worker1735975:Running sp calculation in /scratch/pawsey0265/mwang1/.automated/7118/0_PRESCREENING/CONF2/sp.
2025-04-15 20:01:57,924 -   censo.qm_processor   -   INFO   - worker1735978:Running sp calculation in /scratch/pawsey0265/mwang1/.automated/7118/0_PRESCREENING/CONF4/sp.
2025-04-15 20:01:57,924 -   censo.qm_processor   -   INFO   - worker1735977:Running sp calculation in /scratch/pawsey0265/mwang1/.automated/7118/0_PRESCREENING/CONF3/sp.
2025-04-15 20:02:04,732 -     censo.parallel     -   INFO   - All jobs executed successfully.
2025-04-15 20:02:04,762 -   censo.qm_processor   -   INFO   - worker1736096:Running sp calculation in /scratch/pawsey0265/mwang1/.automated/7118/1_SCREENING/CONF1/sp.
2025-04-15 20:02:04,764 -   censo.qm_processor   -   INFO   - worker1736099:Running sp calculation in /scratch/pawsey0265/mwang1/.automated/7118/1_SCREENING/CONF3/sp.
2025-04-15 20:02:04,764 -   censo.qm_processor   -   INFO   - worker1736097:Running sp calculation in /scratch/pawsey0265/mwang1/.automated/7118/1_SCREENING/CONF2/sp.
2025-04-15 20:02:04,764 -   censo.qm_processor   -   INFO   - worker1736102:Running sp calculation in /scratch/pawsey0265/mwang1/.automated/7118/1_SCREENING/CONF4/sp.
2025-04-15 20:02:18,177 -     censo.parallel     -   INFO   - All jobs executed successfully.
2025-04-15 20:02:18,212 -   censo.qm_processor   -   INFO   - worker1736182:Running xtb_opt calculation in /scratch/pawsey0265/mwang1/.automated/7118/2_OPTIMIZATION/CONF2/xtb_opt.
2025-04-15 20:02:18,213 -   censo.qm_processor   -   INFO   - worker1736181:Running xtb_opt calculation in /scratch/pawsey0265/mwang1/.automated/7118/2_OPTIMIZATION/CONF1/xtb_opt.
2025-04-15 20:02:18,214 -   censo.qm_processor   -   INFO   - worker1736184:Running xtb_opt calculation in /scratch/pawsey0265/mwang1/.automated/7118/2_OPTIMIZATION/CONF3/xtb_opt.
2025-04-15 20:02:18,214 -   censo.qm_processor   -   INFO   - worker1736187:Running xtb_opt calculation in /scratch/pawsey0265/mwang1/.automated/7118/2_OPTIMIZATION/CONF4/xtb_opt.
2025-04-15 20:04:27,565 -     censo.parallel     -   INFO   - All jobs executed successfully.
2025-04-15 20:04:27,580 -   censo.qm_processor   -   INFO   - worker1737137:Running xtb_rrho calculation in /scratch/pawsey0265/mwang1/.automated/7118/2_OPTIMIZATION/CONF1/xtb_rrho.
2025-04-15 20:04:27,581 -   censo.qm_processor   -   INFO   - worker1737138:Running xtb_rrho calculation in /scratch/pawsey0265/mwang1/.automated/7118/2_OPTIMIZATION/CONF2/xtb_rrho.
2025-04-15 20:04:27,582 -   censo.qm_processor   -   INFO   - worker1737140:Running xtb_rrho calculation in /scratch/pawsey0265/mwang1/.automated/7118/2_OPTIMIZATION/CONF3/xtb_rrho.
2025-04-15 20:04:27,582 -   censo.qm_processor   -   INFO   - worker1737143:Running xtb_rrho calculation in /scratch/pawsey0265/mwang1/.automated/7118/2_OPTIMIZATION/CONF4/xtb_rrho.
2025-04-15 20:04:29,564 -     censo.parallel     -   INFO   - All jobs executed successfully.
2025-04-15 20:04:29,564 -censo.ensembleopt.optimization-   INFO   - Threshold: 1.88 kcal/mol
2025-04-15 20:04:29,579 -   censo.qm_processor   -   INFO   - worker1737176:Running xtb_opt calculation in /scratch/pawsey0265/mwang1/.automated/7118/2_OPTIMIZATION/CONF4/xtb_opt.
2025-04-15 20:06:47,309 -     censo.parallel     -   INFO   - All jobs executed successfully.
2025-04-15 20:06:47,309 -censo.ensembleopt.optimization-   INFO   - Threshold: 1.88 kcal/mol
2025-04-15 20:06:47,322 -   censo.qm_processor   -   INFO   - worker1737987:Running xtb_opt calculation in /scratch/pawsey0265/mwang1/.automated/7118/2_OPTIMIZATION/CONF4/xtb_opt.
2025-04-15 20:09:00,370 -     censo.parallel     -   INFO   - All jobs executed successfully.
2025-04-15 20:09:00,370 -censo.ensembleopt.optimization-   INFO   - Threshold: 1.88 kcal/mol
2025-04-15 20:09:00,385 -   censo.qm_processor   -   INFO   - worker1738809:Running xtb_opt calculation in /scratch/pawsey0265/mwang1/.automated/7118/2_OPTIMIZATION/CONF4/xtb_opt.
2025-04-15 20:09:42,482 -     censo.parallel     -   INFO   - All jobs executed successfully.
2025-04-15 20:09:42,482 -censo.ensembleopt.optimization-   INFO   - Threshold: 1.50 kcal/mol
2025-04-15 20:09:42,496 -   censo.qm_processor   -   INFO   - worker1738986:Running xtb_rrho calculation in /scratch/pawsey0265/mwang1/.automated/7118/2_OPTIMIZATION/CONF1/xtb_rrho.
2025-04-15 20:09:42,497 -   censo.qm_processor   -   INFO   - worker1738987:Running xtb_rrho calculation in /scratch/pawsey0265/mwang1/.automated/7118/2_OPTIMIZATION/CONF2/xtb_rrho.
2025-04-15 20:09:42,497 -   censo.qm_processor   -   INFO   - worker1738989:Running xtb_rrho calculation in /scratch/pawsey0265/mwang1/.automated/7118/2_OPTIMIZATION/CONF4/xtb_rrho.
2025-04-15 20:09:43,073 -     censo.parallel     -   INFO   - All jobs executed successfully.
