17
 energy: -22.493268167570 gnorm: 0.023553435337 xtb: 6.7.1 (edcfbbe)
C           -2.89973931117537       -0.07691703361139       -0.00918364641246
C           -1.39909111351199        0.00198620331408        0.00227435222568
C           -0.71219159536469        1.21523195375669        0.00283705003601
C            0.67491155547726        1.22045485896996        0.00308673319425
C            1.36613158755133        0.00574878671686        0.00178474742141
N            0.71866763801053       -1.16773075116617        0.00405824231374
C           -0.61640992339144       -1.15368633954344        0.00500927834131
C            2.86898670350845       -0.03464401659432       -0.00688436978376
H           -3.26844604763551       -0.73009660272760        0.78819474945834
H           -3.34896823821504        0.91008815369456        0.12674125039643
H           -3.26601654825423       -0.48402187376202       -0.95819431661615
H           -1.26365071986354        2.15205529714172        0.00505983135786
H            1.22338629435137        2.15807076596705        0.00571048664222
H           -1.10178478928180       -2.13102188726762        0.01034966493117
H            3.28360995830690        0.54165511901442        0.82696139347064
H            3.21229786119536       -1.06709432076062        0.06887418011083
H            3.26562651550981        0.39990424488730       -0.93132306358772
17
 energy: -22.494214725122 gnorm: 0.007215663920 xtb: 6.7.1 (edcfbbe)
C           -2.88730767301699       -0.07572941597395       -0.00770493836961
C           -1.39250216392168        0.00265153505008        0.00219225682701
C           -0.71240459523359        1.21575245014618        0.00259360712416
C            0.67042658643268        1.22109597588835        0.00268828909598
C            1.35606196939791        0.00872316906840        0.00110427795505
N            0.71308328476562       -1.15560186225750        0.00378515323870
C           -0.61021911422537       -1.14809756538272        0.00483319782843
C            2.85291077040934       -0.03908526903890       -0.00639096450305
H           -3.24464753311550       -0.73068194567126        0.78762368142757
H           -3.33013832652286        0.91023442317399        0.12742501033900
H           -3.24111137407250       -0.48378794597884       -0.95618460515422
H           -1.26275820460268        2.14852517803278        0.00383388494576
H            1.21837092787201        2.15351091623909        0.00444440667170
H           -1.08201224528955       -2.12546402812419        0.00839232631953
H            3.25910575005289        0.53421811854621        0.82753858402672
H            3.18921574002053       -1.06997145551474        0.06879569086486
H            3.24124602826711        0.39369027982647       -0.92961329513779
17
 energy: -22.494281204081 gnorm: 0.001533203093 xtb: 6.7.1 (edcfbbe)
C           -2.88427550287321       -0.07563977121839       -0.00699489844022
C           -1.39056390967524        0.00288501453217        0.00240069030022
C           -0.71259226739663        1.21667687325176        0.00218341908386
C            0.66978640585117        1.22351587645646        0.00194435038957
C            1.35315806714255        0.01072074933843        0.00108152642867
N            0.71069051312910       -1.14990623418929        0.00336993685317
C           -0.60869481282534       -1.14730449869743        0.00423304993862
C            2.84881453585565       -0.04029494765316       -0.00595672641799
H           -3.23756571005221       -0.73147415914650        0.78714915620399
H           -3.32498720781069        0.90943173790528        0.12829374552053
H           -3.23399314690979       -0.48375468716073       -0.95519704975412
H           -1.26350846981728        2.14755930733378        0.00336156932988
H            1.21768067913148        2.15429959547859        0.00321104748988
H           -1.07419522597714       -2.12582069277665        0.00782807524212
H            3.25344227923286        0.53013756743605        0.82844301798964
H            3.17861423592507       -1.07202243268882        0.06851111110112
H            3.23550936428704        0.39097325982790       -0.92850545775915
17
 energy: -22.494285140447 gnorm: 0.000476930287 xtb: 6.7.1 (edcfbbe)
C           -2.88473598205602       -0.07560168929706       -0.00655846705818
C           -1.39049569096123        0.00288847757305        0.00257302586499
C           -0.71280816326680        1.21693397973315        0.00186925613549
C            0.66992867437957        1.22541169368369        0.00130725675200
C            1.35327454911431        0.01210025381956        0.00079903153077
N            0.71055248781946       -1.14789978541229        0.00319099621263
C           -0.60880963479334       -1.14780342337428        0.00423835136775
C            2.84936573759735       -0.04069575216361       -0.00561086863101
H           -3.23715701192635       -0.73212219326121        0.78718870428562
H           -3.32538106090597        0.90916538328200        0.12934064832479
H           -3.23393814032586       -0.48339544779792       -0.95495711093999
H           -1.26482946972666        2.14711029080794        0.00277383135849
H            1.21736390337383        2.15637270786334        0.00196678120616
H           -1.07221419831098       -2.12718539584491        0.00716673439599
H            3.25435814590134        0.52786910020522        0.82960248680901
H            3.17593960772328       -1.07351357328637        0.06810973619858
H            3.23690607358145        0.39034793149916       -0.92764383031328
17
 energy: -22.494285674699 gnorm: 0.000162222816 xtb: 6.7.1 (edcfbbe)
C           -2.88496939625263       -0.07559726091017       -0.00627739403585
C           -1.39049618364192        0.00281385328713        0.00234282193548
C           -0.71283020428880        1.21679049719942        0.00135274148363
C            0.66987810157420        1.22599472678953        0.00075563238272
C            1.35346644719036        0.01268296488034        0.00073575901255
N            0.71082548901654       -1.14740390457186        0.00309947473462
C           -0.60884091335520       -1.14790915650364        0.00385629026689
C            2.84971065730832       -0.04091567645673       -0.00534718539793
H           -3.23728569175758       -0.73264777150974        0.78721651688803
H           -3.32566383599419        0.90912226311455        0.13051411206839
H           -3.23471516141134       -0.48265860761122       -0.95489544296208
H           -1.26544636235102        2.14676344253814        0.00218085219577
H            1.21680763246617        2.15731321310541        0.00105016488218
H           -1.07168657189529       -2.12750613676009        0.00736765451792
H            3.25492777649421        0.52641081037711        0.83069859170521
H            3.17547280185491       -1.07412626405258        0.06745367404593
H            3.23816524226063        0.39085556511385       -0.92674770022365
17
 energy: -22.494285927882 gnorm: 0.000187845992 xtb: 6.7.1 (edcfbbe)
C           -2.88491855714423       -0.07559410361017       -0.00599576633439
C           -1.39046199624360        0.00274048229816        0.00236714316998
C           -0.71282934603070        1.21672920046588        0.00085116620445
C            0.66982994501808        1.22620235720916        0.00006783704941
C            1.35346549633365        0.01292611978994        0.00039377676068
N            0.71091005003724       -1.14716811583364        0.00312066376509
C           -0.60879240292380       -1.14789478748416        0.00413666010140
C            2.84967193688551       -0.04102136551555       -0.00509380000681
H           -3.23706061718895       -0.73321113795054        0.78709989133716
H           -3.32550299711426        0.90906720074672        0.13167582318760
H           -3.23498289129607       -0.48188463093772       -0.95483115595314
H           -1.26569482568745        2.14658840639671        0.00144116694453
H            1.21648343679262        2.15767111042121        0.00011268830652
H           -1.07128347479260       -2.12760989587805        0.00725405032458
H            3.25474633572556        0.52506604774489        0.83189241693694
H            3.17498005403413       -1.07443990067727        0.06658988447215
H            3.23875968081226        0.39181557084387       -0.92572588276635
17
 energy: -22.494286447506 gnorm: 0.000226676536 xtb: 6.7.1 (edcfbbe)
C           -2.88480692020138       -0.07557569004523       -0.00538051978156
C           -1.39044090847330        0.00260442230835        0.00215176226191
C           -0.71283080549214        1.21666273496547       -0.00038516963694
C            0.66977220337845        1.22636902049026       -0.00135386886895
C            1.35345563379717        0.01315687826430        0.00002037957303
N            0.71100608501237       -1.14695430563681        0.00330274398354
C           -0.60870454062407       -1.14785696936238        0.00426735922021
C            2.84955817457881       -0.04113300229140       -0.00456013896695
H           -3.23648052620987       -0.73477274175598        0.78657840957526
H           -3.32514388392633        0.90888232675108        0.13458811958334
H           -3.23559650624901       -0.47982702769597       -0.95480648977682
H           -1.26596418889084        2.14637751405088       -0.00041833654419
H            1.21607085638372        2.15802362871375       -0.00218262817893
H           -1.07074723119006       -2.12774006008217        0.00791608051075
H            3.25407274850051        0.52191039949696        0.83479140592099
H            3.17431308370674       -1.07490317491504        0.06408943838972
H            3.23978655311661        0.39475860477340       -0.92326198376461
17
 energy: -22.494286922767 gnorm: 0.000208988415 xtb: 6.7.1 (edcfbbe)
C           -2.88480698832471       -0.07555822428601       -0.00496907927844
C           -1.39048292239995        0.00257249954135        0.00207271475622
C           -0.71283113952549        1.21666066048553       -0.00134688586792
C            0.66977790922290        1.22618532076354       -0.00247435235521
C            1.35347300144601        0.01299831950641       -0.00027896740322
N            0.71100072867352       -1.14714246695936        0.00357348716074
C           -0.60869828184425       -1.14784387926838        0.00460044761941
C            2.84955258312024       -0.04108053020120       -0.00421900170758
H           -3.23618933389235       -0.73589134839072        0.78615982955006
H           -3.32505265669229        0.90871517740267        0.13657714097382
H           -3.23606603035331       -0.47839982889433       -0.95483479470963
H           -1.26585373314755        2.14641436291168       -0.00171262103026
H            1.21613512184409        2.15781366411353       -0.00378810574814
H           -1.07088144418825       -2.12770772728213        0.00844655661085
H            3.25338326704797        0.51978718386373        0.83694226933467
H            3.17450731343395       -1.07494446119723        0.06204179226830
H            3.24035243279685        0.39740383592039       -0.92143386667386
17
 energy: -22.494287489052 gnorm: 0.000140639583 xtb: 6.7.1 (edcfbbe)
C           -2.88483291866625       -0.07554903867515       -0.00462637855714
C           -1.39050093149536        0.00260544600075        0.00202541367972
C           -0.71282357925060        1.21667335452947       -0.00220252598299
C            0.66980271437153        1.22591001260733       -0.00349616939373
C            1.35345313418654        0.01270572202401       -0.00048631284900
N            0.71091168160707       -1.14740754582747        0.00398965296594
C           -0.60873345781068       -1.14786673909762        0.00499387403811
C            2.84956309944350       -0.04096725915185       -0.00393366445608
H           -3.23591486489122       -0.73718007432199        0.78553194024576
H           -3.32504359881166        0.90847722662457        0.13861213716547
H           -3.23638656739115       -0.47685203360871       -0.95504333379067
H           -1.26558785803994        2.14653891307857       -0.00319527329245
H            1.21643909869652        2.15738112611805       -0.00560317820804
H           -1.07126008896537       -2.12760199595434        0.00954009859069
H            3.25257638111160        0.51732443694904        0.83932965667846
H            3.17495353767090       -1.07488573709741        0.05936634332899
H            3.24070404545197        0.40067674383219       -0.91944571666326
17
 energy: -22.494287955462 gnorm: 0.000092441194 xtb: 6.7.1 (edcfbbe)
C           -2.88488097370094       -0.07555436692022       -0.00444999938181
C           -1.39050406771252        0.00264943675127        0.00209366439478
C           -0.71281645680198        1.21668702409649       -0.00303431686846
C            0.66983851231151        1.22576110303638       -0.00434655834100
C            1.35343894485927        0.01250539435732       -0.00051860551434
N            0.71084530905731       -1.14758487559722        0.00460928760831
C           -0.60878860610491       -1.14792537119909        0.00567429792533
C            2.84960274964467       -0.04088153123730       -0.00381632339687
H           -3.23583570120558       -0.73830313731052        0.78481719837297
H           -3.32512691990860        0.90824989407347        0.14014663561359
H           -3.23647984234376       -0.47555197697093       -0.95540767592892
H           -1.26540235300460        2.14664801648762       -0.00440301469106
H            1.21672986813853        2.15708933264700       -0.00699761778832
H           -1.07160306069182       -2.12754220980335        0.01083893358081
H            3.25207964546892        0.51489353491361        0.84136616586148
H            3.17529319901258       -1.07489351070744        0.05656984674946
H            3.24092958019930        0.40373580141236       -0.91778535469616
17
 energy: -22.494288358771 gnorm: 0.000097874266 xtb: 6.7.1 (edcfbbe)
C           -2.88490696883453       -0.07556349598256       -0.00444325267266
C           -1.39049727008658        0.00267833442367        0.00228903489189
C           -0.71281371290619        1.21669340184631       -0.00343947169809
C            0.66985659760511        1.22569528377897       -0.00489324643565
C            1.35342324430874        0.01240260433414       -0.00056536958384
N            0.71081200360734       -1.14767160070964        0.00531747011303
C           -0.60882193429002       -1.14796184525842        0.00649330483386
C            2.84962439256590       -0.04084091913583       -0.00383411938857
H           -3.23590974590673       -0.73925866746002        0.78399721509534
H           -3.32521286511999        0.90805178634019        0.14122835714801
H           -3.23637275411883       -0.47443999302821       -0.95593021555260
H           -1.26531142043800        2.14670522588871       -0.00547846355321
H            1.21690483766279        2.15693217500537       -0.00812086355864
H           -1.07180366476701       -2.12750283927109        0.01233393971802
H            3.25184794927578        0.51259721780626        0.84300870869326
H            3.17547586791089       -1.07496259183381        0.05384504073559
H            3.24102527074870        0.40642848128538       -0.91645150528594
17
 energy: -22.494288730196 gnorm: 0.000108492649 xtb: 6.7.1 (edcfbbe)
C           -2.88490563695485       -0.07557082556243       -0.00454235202767
C           -1.39048108407470        0.00268394207316        0.00247714675822
C           -0.71281232726094        1.21668888558352       -0.00386880982262
C            0.66985532222889        1.22570774027771       -0.00527859129528
C            1.35340788166473        0.01239878579249       -0.00043376290381
N            0.71080496914822       -1.14765761010811        0.00613917689982
C           -0.60882930949462       -1.14797527154841        0.00740868736372
C            2.84962260674908       -0.04084239027614       -0.00395687978695
H           -3.23606349353617       -0.74005309833999        0.78315641201366
H           -3.32525746000021        0.90789750533764        0.14196577374845
H           -3.23613427447812       -0.47349956466948       -0.95651696585414
H           -1.26531348807159        2.14669841563851       -0.00627617927077
H            1.21694299890494        2.15691520662009       -0.00896403953741
H           -1.07182605784959       -2.12749485322535        0.01391351927067
H            3.25182112752841        0.51038078901830        0.84434579768712
H            3.17546395499988       -1.07510445006759        0.05117248920784
H            3.24102409771403        0.40880935148554       -0.91538485895105
17
 energy: -22.494289110573 gnorm: 0.000085633520 xtb: 6.7.1 (edcfbbe)
C           -2.88489821884463       -0.07557141923221       -0.00469304678636
C           -1.39047765098176        0.00265714491672        0.00275864697035
C           -0.71281518698558        1.21667175891403       -0.00417310307437
C            0.66984600553301        1.22575724628466       -0.00566222240666
C            1.35341219952032        0.01245120392917       -0.00035153724367
N            0.71082938937024       -1.14760655218749        0.00703223289099
C           -0.60882176817639       -1.14798062929637        0.00844281414897
C            2.84962186582026       -0.04086586531868       -0.00412001785159
H           -3.23630608038196       -0.74084597713433        0.78221772732891
H           -3.32527991254331        0.90776671336162        0.14263904698233
H           -3.23584859436878       -0.47251680269139       -0.95718926224047
H           -1.26538368895580        2.14665081757312       -0.00711661773736
H            1.21687515032784        2.15699724276539       -0.00976700277937
H           -1.07173509330846       -2.12752765277532        0.01564072215742
H            3.25190724115622        0.50802999620720        0.84567125691514
H            3.17534354038349       -1.07530203885333        0.04835267864615
H            3.24105062965267        0.41121737156666       -0.91432575242062
17
 energy: -22.494289477474 gnorm: 0.000052692720 xtb: 6.7.1 (edcfbbe)
C           -2.88488283368754       -0.07556603684195       -0.00481297598882
C           -1.39047413421127        0.00261631281951        0.00298208558404
C           -0.71281984664019        1.21664347042290       -0.00456394122907
C            0.66982441650061        1.22581414570617       -0.00603370894643
C            1.35341866420468        0.01252792339519       -0.00024499988177
N            0.71086527337799       -1.14752738925802        0.00793815217813
C           -0.60879867277592       -1.14797243033711        0.00948816380256
C            2.84961124087907       -0.04090718456487       -0.00426301495828
H           -3.23653495952604       -0.74167480303043        0.78127586831770
H           -3.32527010711150        0.90763780727080        0.14342296420847
H           -3.23560157457630       -0.47145136322489       -0.95784198505108
H           -1.26547963814250        2.14657133107247       -0.00800333085947
H            1.21674525714251        2.15711292591310       -0.01068902146914
H           -1.07157156947185       -2.12757004865480        0.01733958043444
H            3.25198064935644        0.50555818901328        0.84707108635484
H            3.17518926734465       -1.07551824780247        0.04546575691113
H            3.24111839455454        0.41368795613059       -0.91317411590745
17
 energy: -22.494289804686 gnorm: 0.000040636251 xtb: 6.7.1 (edcfbbe)
C           -2.88486555010434       -0.07555878907959       -0.00486787167850
C           -1.39047210921971        0.00257096321066        0.00320375025793
C           -0.71282277456499        1.21661177990061       -0.00500169669237
C            0.66980647870061        1.22586454229034       -0.00657391766509
C            1.35342543504966        0.01259652756567       -0.00021851265279
N            0.71089644713505       -1.14745771973193        0.00870990056841
C           -0.60877995576130       -1.14797059809647        0.01037494401277
C            2.84959996924481       -0.04093692026907       -0.00433358224832
H           -3.23667487659615       -0.74253539433278        0.78040495106368
H           -3.32523381436833        0.90750913020375        0.14436427109929
H           -3.23544923557095       -0.47034503876632       -0.95841136572546
H           -1.26556799599599        2.14649354175650       -0.00891764505252
H            1.21662107120724        2.15722000407828       -0.01161418266485
H           -1.07141680681529       -2.12761649686957        0.01889007806212
H            3.25196628594245        0.50319844606159        0.84851547447919
H            3.17502141193341       -1.07571263972473        0.04279964478323
H            3.24126584700120        0.41605121983251       -0.91196767644691
17
 energy: -22.494290086005 gnorm: 0.000052410608 xtb: 6.7.1 (edcfbbe)
C           -2.88485732881066       -0.07555224620137       -0.00483613052539
C           -1.39047311640300        0.00253505374067        0.00331095739064
C           -0.71282624198003        1.21658685604991       -0.00546266366531
C            0.66979375991471        1.22589127725900       -0.00703875343797
C            1.35343315471079        0.01263669401337       -0.00021789830443
N            0.71092305090936       -1.14741926102228        0.00932868455222
C           -0.60876554410878       -1.14797171703628        0.01109602963664
C            2.84959615102714       -0.04095845659459       -0.00433346939998
H           -3.23674016642780       -0.74337492669193        0.77967941946071
H           -3.32520554331480        0.90737486828562        0.14541039776555
H           -3.23540850252403       -0.46926903381966       -0.95883793837388
H           -1.26562975889474        2.14643778300220       -0.00982642095711
H            1.21653753840568        2.15728717672954       -0.01261620653951
H           -1.07131398513267       -2.12765079712536        0.02007888066379
H            3.25186833313068        0.50112730839567        0.84987954903539
H            3.17492434792948       -1.07586032982873        0.04053790557339
H            3.24146367878602        0.41816230887367       -0.91079577937494
17
 energy: -22.494290334289 gnorm: 0.000058651292 xtb: 6.7.1 (edcfbbe)
C           -2.88485135267530       -0.07554792209510       -0.00474674709377
C           -1.39047112096158        0.00251204008615        0.00339604857720
C           -0.71282849014664        1.21656777470495       -0.00594007494433
C            0.66978399469921        1.22589568708903       -0.00760147576951
C            1.35343350883186        0.01264982187944       -0.00027877234400
N            0.71093526571588       -1.14740106934495        0.00976971276499
C           -0.60875603751591       -1.14797332972947        0.01160444033381
C            2.84959182066948       -0.04096690751302       -0.00426492374201
H           -3.23671210639778       -0.74420127792296        0.77906171808124
H           -3.32517216477827        0.90723199110364        0.14654601070822
H           -3.23545816754675       -0.46822208269769       -0.95916475576866
H           -1.26565879493335        2.14640014767853       -0.01067434237821
H            1.21649663211534        2.15730434131111       -0.01355155364503
H           -1.07126043967413       -2.12766589780909        0.02103491206531
H            3.25167940725289        0.49937344908921        0.85114891461169
H            3.17487584863205       -1.07595863005348        0.03870031740356
H            3.24169202393037        0.41998442225314       -0.90968286536070
17
 energy: -22.494290567955 gnorm: 0.000056918257 xtb: 6.7.1 (edcfbbe)
C           -2.88485124336512       -0.07554435750145       -0.00460544179995
C           -1.39047142409483        0.00249672311487        0.00342629606605
C           -0.71282902976204        1.21655365168310       -0.00643180993620
C            0.66978210763060        1.22587703867626       -0.00815207873496
C            1.35343391510958        0.01263305733047       -0.00035877796690
N            0.71093820109942       -1.14741578993502        0.01012004921296
C           -0.60875565888080       -1.14798290303534        0.01200659567886
C            2.84959317268075       -0.04095840596322       -0.00415340260985
H           -3.23662897233882       -0.74506405531188        0.77849448868080
H           -3.32514386909698        0.90707894668149        0.14779699816546
H           -3.23556940530502       -0.46714570190529       -0.95942844173489
H           -1.26565856007040        2.14638487862718       -0.01152159050438
H            1.21650094733877        2.15728105900157       -0.01451685877148
H           -1.07126474479612       -2.12767125874925        0.02179031625220
H            3.25142771936063        0.49784393781981        0.85235995628992
H            3.17487446774224       -1.07601825768613        0.03714692363478
H            3.24194220396551        0.42163399518229       -0.90861665842262
17
 energy: -22.494290796813 gnorm: 0.000045580825 xtb: 6.7.1 (edcfbbe)
C           -2.88485530760100       -0.07554225172946       -0.00443866655966
C           -1.39047107510594        0.00248917876994        0.00344389987437
C           -0.71283079517023        1.21654402185781       -0.00694473076407
C            0.66978073722602        1.22584311691191       -0.00873775138598
C            1.35343108256889        0.01259859268789       -0.00046024024372
N            0.71093520469188       -1.14744437358050        0.01041601307519
C           -0.60875617009427       -1.14799211025231        0.01234539070477
C            2.84959608791791       -0.04094704644573       -0.00401009706956
H           -3.23651372710302       -0.74600714264338        0.77789637806824
H           -3.32512134937147        0.90689938854932        0.14919507281449
H           -3.23572513576785       -0.46597132575141       -0.95969211980424
H           -1.26564010152788        2.14638152297456       -0.01236795220554
H            1.21653096801986        2.15722561602217       -0.01549986259012
H           -1.07129836490608       -2.12766503423523        0.02247869049864
H            3.25113565637294        0.49646029850132        0.85352123562511
H            3.17492446885675       -1.07605084716219        0.03578270409755
H            3.24219764821087        0.42316095355475       -0.90757140063567
17
 energy: -22.494291022763 gnorm: 0.000035447620 xtb: 6.7.1 (edcfbbe)
C           -2.88486017235444       -0.07553911288720       -0.00426157651832
C           -1.39047185920629        0.00248154502293        0.00345512457715
C           -0.71283075575782        1.21653230092091       -0.00746305005613
C            0.66978287903964        1.22579819108905       -0.00932906788326
C            1.35342840886345        0.01255117771336       -0.00055787281907
N            0.71092721735101       -1.14748743788282        0.01071303424536
C           -0.60876270163034       -1.14800729806015        0.01267708759762
C            2.84960095213414       -0.04092254732064       -0.00386060957341
H           -3.23638332718808       -0.74706424740256        0.77721797679574
H           -3.32509656428595        0.90670195089010        0.15074215603784
H           -3.23588667166445       -0.46466361678592       -0.95999694951886
H           -1.26560913484976        2.14638293260538       -0.01323055119317
H            1.21657787823745        2.15715341594026       -0.01649634992811
H           -1.07135592482792       -2.12765755897754        0.02314660424280
H            3.25083048401388        0.49519809721715        0.85463028557687
H            3.17498050736092       -1.07606367399021        0.03455343075756
H            3.24244861198193        0.42458843993736       -0.90658310884082
17
 energy: -22.494291244417 gnorm: 0.000031822081 xtb: 6.7.1 (edcfbbe)
C           -2.88486624568296       -0.07553705908603       -0.00409828135684
C           -1.39047148013049        0.00247415175279        0.00347788981611
C           -0.71283292144088        1.21652250625158       -0.00797310160659
C            0.66978281582188        1.22575560020324       -0.00990796396028
C            1.35342530268477        0.01250603260459       -0.00064938813997
N            0.71092236940736       -1.14752635723894        0.01102010756023
C           -0.60876419275454       -1.14802034536990        0.01302358858955
C            2.84960553210569       -0.04090656750872       -0.00371389033205
H           -3.23626753693569       -0.74822567536007        0.77642359688273
H           -3.32507683983861        0.90647509316629        0.15240816599457
H           -3.23604705711422       -0.46321675244295       -0.96037103207191
H           -1.26558244653354        2.14638418582471       -0.01407196868546
H            1.21662184841208        2.15708242706913       -0.01747921742040
H           -1.07140494113643       -2.12764938872527        0.02384706691782
H            3.25054714334361        0.49405970365656        0.85563269978954
H            3.17505571714270       -1.07607204867038        0.03345614823634
H            3.24267275986665        0.42587705190283       -0.90566785671361
17
 energy: -22.494291322175 gnorm: 0.000040449100 xtb: 6.7.1 (edcfbbe)
C           -2.88486564765515       -0.07553558516418       -0.00411547058968
C           -1.39047111271911        0.00246781239648        0.00353358966291
C           -0.71283341657165        1.21651518343006       -0.00802511957076
C            0.66978128506108        1.22575467526127       -0.00994003269313
C            1.35342536073317        0.01250675940205       -0.00061167534496
N            0.71092406675304       -1.14752568334239        0.01114197707847
C           -0.60876398847551       -1.14802479206544        0.01319120878711
C            2.84960560984596       -0.04090382322555       -0.00371407745313
H           -3.23629745532797       -0.74870024227834        0.77597626336025
H           -3.32507324395655        0.90638220634245        0.15297453872112
H           -3.23601039199784       -0.46262337462437       -0.96063791360650
H           -1.26558833387639        2.14637245051624       -0.01440133937394
H            1.21661557649943        2.15708261105485       -0.01772581684244
H           -1.07139810639640       -2.12765262341243        0.02432581428557
H            3.25056366931174        0.49375348614421        0.85582598396117
H            3.17504621408822       -1.07608958224369        0.03307215477734
H            3.24265974190131        0.42620307983823       -0.90551352165960
