23
 energy: -42.865508102612 gnorm: 0.032673511120 xtb: 6.7.1 (edcfbbe)
C            4.50187514821001       -0.28930753965295        0.04325870454293
C            3.95206150222267        0.82431413169536        0.67087778777639
C            2.58099595888091        1.04562468370896        0.63069410515103
C            1.76101455138027        0.14738527498741       -0.04802213177380
C            2.29945718085001       -0.96885032547441       -0.68390906391888
C            3.67230209467537       -1.17957006335035       -0.63198669065040
N            0.34990296423775        0.40994398130050       -0.10660223730203
C           -0.58584748847141       -0.65488004419565        0.12614645279165
O           -0.21420435778653       -1.79270074529646        0.35914846630790
C           -1.95488038043192       -0.21144037157950        0.06157607956773
C           -2.30715114395929        1.09932891620062       -0.15665713016036
C           -1.22980520722977        2.02316396208886       -0.32233565462824
N            0.02666321366696        1.69064747652397       -0.29530200595688
N           -3.59657300721538        1.53702575131172       -0.26689543158233
Cl          -3.17939006894282       -1.41692601896826        0.31038767226485
H            5.57217233802945       -0.46296937495115        0.08049004871747
H            4.59045101679636        1.52340862172403        1.20100230135954
H            2.14241522004984        1.90989354236250        1.11489890854551
H            1.65449892771753       -1.66286800143574       -1.20509163382085
H            4.09396768801693       -2.04778359568024       -1.12750766718794
H           -1.43281560769001        3.07689634309574       -0.49685704331977
H           -3.76678811742050        2.51959643779262       -0.13098880373101
H           -4.32160201953271        0.91991712865034        0.06500686549307
23
 energy: -42.867068514008 gnorm: 0.013664997879 xtb: 6.7.1 (edcfbbe)
C            4.48617100070832       -0.28850191320868        0.04444135009854
C            3.93944542910878        0.82233831265530        0.66686185304683
C            2.57405113864589        1.04419544452206        0.62335628702528
C            1.75347349272643        0.14692666458477       -0.04920164568645
C            2.29406829896067       -0.96552721626808       -0.68135364749379
C            3.66152183238060       -1.17718051449602       -0.62642689123486
N            0.35052922489121        0.40587729570056       -0.10137713673160
C           -0.57754975389490       -0.64756319743269        0.11902853144239
O           -0.20396835429133       -1.77861294791956        0.34862870019234
C           -1.94599007169032       -0.20428737615032        0.06276309506160
C           -2.29908278675320        1.10546510028603       -0.15055015362672
C           -1.21814192206248        2.02140094283247       -0.31858058086938
N            0.02574506981412        1.67740221917857       -0.28514700704944
N           -3.58675325877384        1.53325069269985       -0.26251734946321
Cl          -3.16476892714200       -1.41143262195744        0.31413501275739
H            5.55274792165911       -0.46039717102712        0.08083944143631
H            4.57714417628106        1.51858586241838        1.19360586396143
H            2.13713847985595        1.90696916912272        1.10341511627679
H            1.65361307666755       -1.65799808466529       -1.20295128922897
H            4.08438818346157       -2.04147346115078       -1.11903903651513
H           -1.41145219604519        3.07141711255312       -0.48944824734774
H           -3.76617665698422        2.51530723504607       -0.13547084064127
H           -4.30743299147004        0.90368862353400        0.05632047307524
23
 energy: -42.867388521375 gnorm: 0.005157174986 xtb: 6.7.1 (edcfbbe)
C            4.47788371396385       -0.28837135299408        0.04503140580420
C            3.93223876259740        0.82404060432019        0.66243921243212
C            2.56898457429044        1.04491654485862        0.61687238616629
C            1.74779392056374        0.14572333534036       -0.05106231204379
C            2.29011553339436       -0.96601278008494       -0.68034409012224
C            3.65570728352672       -1.17786541125386       -0.62425043790814
N            0.35111317523012        0.40267028939765       -0.09665411445252
C           -0.57128058521172       -0.64245142229884        0.11733389738905
O           -0.19928466186636       -1.77533672117042        0.33931291298885
C           -1.94025819461222       -0.19761369970068        0.06292629703808
C           -2.29490301263704        1.11242057509181       -0.14737391834930
C           -1.20951261975905        2.02523493075309       -0.31213546482993
N            0.02658683473589        1.66916927212327       -0.27599648582200
N           -3.58228459104779        1.53101168079079       -0.25710699816867
Cl          -3.15336468325688       -1.40753449637762        0.31451182116110
H            5.54254375940708       -0.46102881783035        0.08472899102890
H            4.56924797475337        1.52017934718424        1.18663716630328
H            2.13092625037499        1.90814317412007        1.09223154972073
H            1.65180364403367       -1.65880496104507       -1.20172967824126
H            4.07899695138284       -2.04244307519390       -1.11205684821673
H           -1.39446668211341        3.07476670104484       -0.47819987784081
H           -3.77255409441630        2.51194406009306       -0.13982548185674
H           -4.29731284727998        0.88709239368968        0.04604196630512
23
 energy: -42.867446752832 gnorm: 0.002825590381 xtb: 6.7.1 (edcfbbe)
C            4.47730719250090       -0.28899348336605        0.04594213622614
C            3.93180521839819        0.82616679358320        0.65959186825127
C            2.56856104339211        1.04636205782608        0.61321521489788
C            1.74692030619475        0.14494783061330       -0.05218378096857
C            2.28968958615067       -0.96791698741785       -0.67943237900038
C            3.65536978696297       -1.18011630144100       -0.62213120388409
N            0.35146930482819        0.40153521325227       -0.09529773227778
C           -0.57043384277231       -0.64160311518891        0.11420905055417
O           -0.20219421959292       -1.77765930868817        0.33255874851231
C           -1.93949986550299       -0.19467881526250        0.06327711684938
C           -2.29454741268336        1.11602111802746       -0.14523698046396
C           -1.20716594085027        2.02893124951996       -0.30656194784965
N            0.02750724725092        1.66813918516431       -0.27053552639612
N           -3.58237166239638        1.53046190647772       -0.25311040242101
Cl          -3.15099085914741       -1.40546588219583        0.31343210947369
H            5.54189946845161       -0.46206929689039        0.08727632096739
H            4.56879591301597        1.52411765425767        1.18138850562480
H            2.12898251233163        1.91080559476030        1.08541944474993
H            1.65148011229072       -1.66186881342242       -1.19983529795574
H            4.07874099314911       -2.04575281692616       -1.10795286871998
H           -1.38886286081388        3.07948211474617       -0.46913296057093
H           -3.77942850363387        2.51047376969624       -0.14295157565301
H           -4.29431311147061        0.87853050373252        0.03938403853985
23
 energy: -42.867495100200 gnorm: 0.002633108954 xtb: 6.7.1 (edcfbbe)
C            4.47837601215632       -0.28979216723165        0.04668216578607
C            3.93323711481826        0.82988252306650        0.65403573113061
C            2.56986228402296        1.04956203434188        0.60667150689093
C            1.74724289760663        0.14421432777343       -0.05376140143382
C            2.28996056660685       -0.97172571465704       -0.67629954968366
C            3.65608991723582       -1.18403199657949       -0.61777139304833
N            0.35198784086618        0.40066791550638       -0.09398402920414
C           -0.57082034228761       -0.64100100101540        0.10929580360487
O           -0.20903121414046       -1.78202915912060        0.31967223557630
C           -1.93975955970934       -0.19153308026968        0.06287304798665
C           -2.29492073395037        1.12035083227587       -0.14180990003202
C           -1.20547172167386        2.03387137038425       -0.29624918849102
N            0.02852022756685        1.66891414821714       -0.26168904198875
N           -3.58333699569255        1.53034277600450       -0.24616453576581
Cl          -3.15035596693519       -1.40323999404081        0.30795876909425
H            5.54306557343445       -0.46384704205679        0.09053161260082
H            4.57055327100397        1.53103408652575        1.17170611111039
H            2.12841288272319        1.91628982341486        1.07386824237293
H            1.65145451666555       -1.66821743804547       -1.19379253065524
H            4.07920488850303       -2.05246422815744       -1.09946923783359
H           -1.38371545325945        3.08630481858766       -0.45201703653612
H           -3.79022203060969        2.50888476649572       -0.14773354070525
H           -4.29161356889779        0.86741256943835        0.02877805770955
23
 energy: -42.867515739109 gnorm: 0.002363280715 xtb: 6.7.1 (edcfbbe)
C            4.47952366599723       -0.29015857267243        0.04682297632137
C            3.93482686434506        0.83230478841964        0.64978655118983
C            2.57146096920898        1.05207494365841        0.60216504313593
C            1.74806090290023        0.14414193751161       -0.05428293677325
C            2.29028473385666       -0.97436318510038       -0.67284632395802
C            3.65661996689848       -1.18661804094784       -0.61391198272260
N            0.35226752697053        0.40068050936371       -0.09368949953212
C           -0.57167030030558       -0.64121437812371        0.10507895178906
O           -0.21287820022358       -1.78436256930863        0.30984330674251
C           -1.94040430125238       -0.19078670415197        0.06163857717185
C           -2.29543405551925        1.12192043463655       -0.13918294814807
C           -1.20543501721124        2.03564908040552       -0.28876550909715
N            0.02872456264320        1.67039136357103       -0.25562138990326
N           -3.58382010982419        1.53089341968761       -0.24112582773877
Cl          -3.15135142434799       -1.40300496460316        0.30169984844564
H            5.54428682869859       -0.46453925048939        0.09133660209568
H            4.57260394530778        1.53554770349909        1.16434729761180
H            2.12979572610645        1.92066328213999        1.06590230023245
H            1.65152666325669       -1.67297051452534       -1.18734856297732
H            4.07928053477458       -2.05722597076378       -1.09244686538404
H           -1.38270000766738        3.08913320857091       -0.43957266703972
H           -3.79557790891007        2.50866229259081       -0.15075032372720
H           -4.29127115964907        0.86303135748966        0.02225528075103
23
 energy: -42.867533987412 gnorm: 0.001373005565 xtb: 6.7.1 (edcfbbe)
C            4.48060832190468       -0.29024896738357        0.04662028035476
C            3.93641562283995        0.83470110097702        0.64514643825168
C            2.57313722854476        1.05481608477814        0.59753830621737
C            1.74892115758669        0.14430202851282       -0.05432754831159
C            2.29048127069883       -0.97696700205082       -0.66844555424721
C            3.65688463155985       -1.18904858384004       -0.60950784298926
N            0.35247494097928        0.40097221209244       -0.09356552407047
C           -0.57267940451527       -0.64189943746363        0.10076915892682
O           -0.21512757873824       -1.78608114384582        0.29967972938709
C           -1.94111962852434       -0.19120944411505        0.05939295956130
C           -2.29597049873333        1.12232445515159       -0.13642232668554
C           -1.20597130583099        2.03606324569698       -0.28106441193992
N            0.02862627294986        1.67202563245719       -0.24947107785663
N           -3.58384055043465        1.53196857264184       -0.23566034810193
Cl          -3.15295443088960       -1.40407872105054        0.29327846339174
H            5.54538047206213       -0.46467769867893        0.09108726944024
H            4.57473328383798        1.53985043657575        1.15649970158458
H            2.13223183298722        1.92543928990343        1.05793986169323
H            1.65163236371314       -1.67786074392256       -1.17946103738126
H            4.07889311615896       -2.06191298964031       -1.08462637447021
H           -1.38325357311463        3.09036053270188       -0.42677619789317
H           -3.79846934260476        2.50936028577562       -0.15373938863658
H           -4.29231379638379        0.86165102558448        0.01644736226059
23
 energy: -42.867549513800 gnorm: 0.001299652167 xtb: 6.7.1 (edcfbbe)
C            4.48147980137060       -0.28982490283273        0.04609079568290
C            3.93779072563878        0.83821887052504        0.63864884528674
C            2.57453926504910        1.05829472973904        0.59163948674860
C            1.74935349715265        0.14420532231235       -0.05371949090829
C            2.29040393157118       -0.98038720873239       -0.66213835456027
C            3.65675179821865       -1.19209249511570       -0.60344776091698
N            0.35258813060382        0.40092899639778       -0.09292650527048
C           -0.57389187310787       -0.64347795229890        0.09534378116516
O           -0.21609242557621       -1.78822603281372        0.28717540406924
C           -1.94179339292255       -0.19266735299688        0.05513017545327
C           -2.29637142674442        1.12201705141016       -0.13287758527415
C           -1.20643059276528        2.03573267221858       -0.27098777404256
N            0.02850883824419        1.67311867754507       -0.24120371234646
N           -3.58306542483358        1.53381196011397       -0.22827169743377
Cl          -3.15500935393247       -1.40672588346214        0.27947618943718
H            5.54622120004616       -0.46385513118934        0.08992324393749
H            4.57673749395771        1.54624165425495        1.14512913087508
H            2.13533645484937        1.93185079223761        1.04760396291068
H            1.65174877587855       -1.68450030344571       -1.16836005782499
H            4.07788633595527       -2.06787598516789       -1.07381096594875
H           -1.38413500822236        3.09090627193676       -0.41011196337426
H           -3.79875269890494        2.51135369318499       -0.15685867314492
H           -4.29508364547262        0.86280272703700        0.00988542396519
23
 energy: -42.867556887642 gnorm: 0.000835349309 xtb: 6.7.1 (edcfbbe)
C            4.48162338308990       -0.28897987120509        0.04567641750625
C            3.93783769293465        0.84066845795381        0.63500446333909
C            2.57438997298837        1.05976694160051        0.58874532786409
C            1.74887575860589        0.14345649243040       -0.05306652320517
C            2.29031888924503       -0.98242770621127       -0.65887714569747
C            3.65669384264530       -1.19357734747691       -0.60041065163373
N            0.35245708935531        0.39996780139648       -0.09187728542376
C           -0.57457563669358       -0.64482757787242        0.09294264931569
O           -0.21648394845329       -1.78989989697420        0.28249622554809
C           -1.94206120567974       -0.19357556141701        0.05201483366810
C           -2.29633058265351        1.12180323001896       -0.13155834285150
C           -1.20597254495061        2.03568621679119       -0.26614656290114
N            0.02866972470124        1.67221909097567       -0.23690784009484
N           -3.58232354514548        1.53488153669720       -0.22485151472881
Cl          -3.15604455925267       -1.40826857445088        0.27051063771660
H            5.54642025903123       -0.46243383892769        0.08917773871512
H            4.57683456294070        1.55076704402871        1.13842416346068
H            2.13571867209390        1.93461312689616        1.04265193170646
H            1.65197939099979       -1.68829483757060       -1.16290092543646
H            4.07767164413401       -2.07064602529382       -1.06834931767781
H           -1.38343656977214        3.09128501495715       -0.40206716481184
H           -3.79666261249607        2.51288470063588       -0.15702241308796
H           -4.29687927161449        0.86478175387567        0.00772319719596
23
 energy: -42.867562180802 gnorm: 0.000441555430 xtb: 6.7.1 (edcfbbe)
C            4.48192162735279       -0.28762633644252        0.04502904981363
C            3.93766193716595        0.84298842554585        0.63204026377119
C            2.57392983475251        1.06056501978873        0.58666955104644
C            1.74838048550489        0.14222231678517       -0.05232611153441
C            2.29055696843585       -0.98449228146960       -0.65611915040376
C            3.65712440307089       -1.19448512693784       -0.59819629010172
N            0.35219272864175        0.39839997411069       -0.09072079614007
C           -0.57552020016015       -0.64644011891510        0.09125621143057
O           -0.21776709607320       -1.79178330124055        0.28044736650673
C           -1.94258915622802       -0.19449148451764        0.04881674657480
C           -2.29625113897490        1.12157011741892       -0.13090875234523
C           -1.20533020317296        2.03555988542841       -0.26265903853400
N            0.02886679610303        1.67068979609884       -0.23359100202534
N           -3.58173458365071        1.53604471362103       -0.22287323584144
Cl          -3.15762107748854       -1.40927499667614        0.26182825896614
H            5.54690841367551       -0.46011469829162        0.08801868568007
H            4.57642104499015        1.55519138868005        1.13273435288766
H            2.13508831973407        1.93611302545480        1.03911884857571
H            1.65252996806577       -1.69206258837181       -1.15823356119643
H            4.07833665406919       -2.07241041506386       -1.06425928448365
H           -1.38228410247075        3.09143691167685       -0.39639039384713
H           -3.79355652013428        2.51465894241246       -0.15539585598228
H           -4.29854469715512        0.86759100176277        0.00704603566814
23
 energy: -42.867565443769 gnorm: 0.000488783938 xtb: 6.7.1 (edcfbbe)
C            4.48221970722239       -0.28629275943840        0.04424646746771
C            3.93747788370534        0.84497689200580        0.62960025112801
C            2.57351554922632        1.06109386661827        0.58508755803556
C            1.74806221359313        0.14095904014362       -0.05161297940869
C            2.29079638091406       -0.98647009624525       -0.65363578595168
C            3.65759687771460       -1.19517624707816       -0.59640583896971
N            0.35196686128851        0.39689639903813       -0.08976050622401
C           -0.57634417948029       -0.64767275443663        0.09019194517773
O           -0.21939459244625       -1.79343314893078        0.27901394363850
C           -1.94318089238710       -0.19506895351507        0.04614296765925
C           -2.29617283950565        1.12155772393500       -0.13064498799678
C           -1.20467443070664        2.03538845805760       -0.26006317960186
N            0.02912553938758        1.66937261862614       -0.23105195300490
N           -3.58130094625969        1.53718624227690       -0.22213289326911
Cl          -3.15906705123564       -1.40972666431437        0.25478037094685
H            5.54741329262797       -0.45771580853443        0.08652079242017
H            4.57593057214040        1.55873979003305        1.12841872096445
H            2.13418185838331        1.93701404655610        1.03637153262131
H            1.65301549481852       -1.69554620162230       -1.15397722666830
H            4.07919512360883       -2.07353710709730       -1.06126987845674
H           -1.38093510975283        3.09158095941277       -0.39196562221280
H           -3.79125814999879        2.51615502420544       -0.15284487902443
H           -4.29944875680437        0.86956885116177        0.00632307921508
23
 energy: -42.867568013501 gnorm: 0.000474834814 xtb: 6.7.1 (edcfbbe)
C            4.48251866997454       -0.28513143243458        0.04347729487039
C            3.93733018277776        0.84642204530225        0.62790260921617
C            2.57318888862957        1.06136285123567        0.58412156981453
C            1.74788566788965        0.13983487493810       -0.05086953445485
C            2.29101349540637       -0.98811900997450       -0.65154760273513
C            3.65806880563755       -1.19557967520887       -0.59514692084497
N            0.35177977894564        0.39565444981126       -0.08904829750702
C           -0.57707090398332       -0.64863041785759        0.08892981310202
O           -0.22105139258246       -1.79471965255382        0.27764479476843
C           -1.94380352433158       -0.19538989845594        0.04412001056637
C           -2.29615253461800        1.12165882977874       -0.13059302595643
C           -1.20413711821975        2.03518996275236       -0.25811416628708
N            0.02941375557597        1.66844570621902       -0.22900347992069
N           -3.58106321116339        1.53818608476035       -0.22245426049186
Cl          -3.16027606105379       -1.40986491297970        0.24956591136567
H            5.54791937704550       -0.45552391771908        0.08491004999462
H            4.57559999982238        1.56156824107937        1.12500298103833
H            2.13337733047681        1.93760300671404        1.03433844859841
H            1.65338854993744       -1.69858525861370       -1.15013178509277
H            4.08000550500329       -2.07439934438971       -1.05888725837209
H           -1.37973446581698        3.09163277801451       -0.38875887612400
H           -3.78983052439602        2.51724602868782       -0.14987470767072
H           -4.29964986490347        0.87098883175192        0.00574833060831
23
 energy: -42.867570768137 gnorm: 0.000369307433 xtb: 6.7.1 (edcfbbe)
C            4.48286175934451       -0.28401229723395        0.04259950388103
C            3.93731431588559        0.84802339675103        0.62584249528423
C            2.57300975595652        1.06180919987732        0.58292587377094
C            1.74779000780684        0.13875846030947       -0.05009691623524
C            2.29117599044545       -0.98995401864578       -0.64912126197027
C            3.65848032551665       -1.19624407858090       -0.59353218540102
N            0.35160712042315        0.39452892052036       -0.08817386501346
C           -0.57781244824533       -0.64930857987510        0.08802322747175
O           -0.22296868652206       -1.79598861115601        0.27564998004801
C           -1.94450401792907       -0.19552283294591        0.04216403939825
C           -2.29614775131068        1.12191487376685       -0.13073933009576
C           -1.20359366796309        2.03505061776440       -0.25608826856318
N            0.02975068157003        1.66772851959426       -0.22681530085120
N           -3.58092792474980        1.53920513654130       -0.22367246351436
Cl          -3.16142198294034       -1.40987818066725        0.24445135166241
H            5.54847442208657       -0.45335130547701        0.08307247226518
H            4.57539772871216        1.56422309309315        1.12161700687252
H            2.13272780550786        1.93820447416674        1.03232307168701
H            1.65371018471432       -1.70175905909627       -1.14595373151202
H            4.08075253867456       -2.07529846685421       -1.05650983971914
H           -1.37845535269984        3.09180058936614       -0.38533833723653
H           -3.78906646973384        2.51810080793862       -0.14593547561012
H           -4.29943392849642        0.87181951170066        0.00463985186660
23
 energy: -42.867573365266 gnorm: 0.000220542091 xtb: 6.7.1 (edcfbbe)
C            4.48323544423585       -0.28307046149817        0.04179065312813
C            3.93743210432468        0.84940821218845        0.62393706831264
C            2.57298791944028        1.06227750792310        0.58184386495139
C            1.74774667227751        0.13782474553352       -0.04919177206016
C            2.29129633804821       -0.99162138784375       -0.64664174418869
C            3.65882921197187       -1.19683391264381       -0.59199530672120
N            0.35147667232768        0.39361898064758       -0.08730305494539
C           -0.57855472371366       -0.64997409452715        0.08623589901329
O           -0.22488770016712       -1.79718342470470        0.27264631215470
C           -1.94520637300780       -0.19554008354274        0.04037577533074
C           -2.29618146645010        1.12226411951441       -0.13080088958990
C           -1.20314320675873        2.03500932904937       -0.25377516038026
N            0.03007054031107        1.66731125155289       -0.22419837487622
N           -3.58089339623438        1.54011657826193       -0.22547176220044
Cl          -3.16245257800993       -1.40985952724876        0.23973588170726
H            5.54902412240082       -0.45152929534389        0.08136088341831
H            4.57556131382946        1.56704439775852        1.11765394790451
H            2.13254354011286        1.93930673944775        1.02986649568766
H            1.65391394391223       -1.70494739954581       -1.14136663073284
H            4.08118627149455       -2.07669240115653       -1.05345685476698
H           -1.37736255617935        3.09207855727061       -0.38149658906046
H           -3.78893273963487        2.51863446395951       -0.14152295431880
H           -4.29896894847741        0.87220727580557        0.00310621071836
23
 energy: -42.867575211225 gnorm: 0.000207855650 xtb: 6.7.1 (edcfbbe)
C            4.48353430210676       -0.28260475976438        0.04135544155679
C            3.93773659440158        0.85074698826268        0.62184743348803
C            2.57321269364493        1.06311952853089        0.58035192695642
C            1.74774838173424        0.13738630377633       -0.04860208095551
C            2.29127832887141       -0.99300886342861       -0.64431992853615
C            3.65891084897301       -1.19777974007258       -0.59007377884173
N            0.35140436874600        0.39317708003363       -0.08651181155354
C           -0.57908615334998       -0.65031830379322        0.08488003930570
O           -0.22624437829623       -1.79806824413443        0.26938655684940
C           -1.94569728606129       -0.19553834032613        0.03880658099273
C           -2.29625823977610        1.12252343938840       -0.13092748647357
C           -1.20291741077391        2.03510520586435       -0.25150976632521
N            0.03022863745845        1.66722556185507       -0.22172395634784
N           -3.58096104587372        1.54067573918481       -0.22714474754524
Cl          -3.16315220704618       -1.41003221364264        0.23537527827189
H            5.54942496925952       -0.45054933839445        0.08029514980683
H            4.57594534821668        1.56931268699275        1.11406695974678
H            2.13286269548435        1.94063805616839        1.02741627021857
H            1.65394505792125       -1.70740367488264       -1.13748367751818
H            4.08120082491627       -2.07816419877889       -1.05054988124864
H           -1.37676026258152        3.09243661332848       -0.37765637656620
H           -3.78915083246343        2.51872093279910       -0.13763432956063
H           -4.29848482945837        0.87224971189101        0.00168808276494
23
 energy: -42.867576285388 gnorm: 0.000208086563 xtb: 6.7.1 (edcfbbe)
C            4.48369213937615       -0.28251949267450        0.04121145130874
C            3.93803713012795        0.85153094743200        0.62041460238981
C            2.57350243837423        1.06383842642672        0.57915307152279
C            1.74777423918613        0.13733767160097       -0.04834397896726
C            2.29121236309448       -0.99373252488846       -0.64288720588012
C            3.65885175091120       -1.19843133152808       -0.58879932998172
N            0.35141950229470        0.39313850334793       -0.08609010039927
C           -0.57930881362093       -0.65045690123787        0.08371103268321
O           -0.22685252065758       -1.79853466197342        0.26676795404735
C           -1.94586892825712       -0.19551139860254        0.03774020996336
C           -2.29631101312884        1.12271855545887       -0.13078788047913
C           -1.20286845153299        2.03532073071371       -0.24968374126369
N            0.03025393176593        1.66737972017813       -0.21986554330736
N           -3.58104297442372        1.54088232536823       -0.22796919839220
Cl          -3.16338121982257       -1.41025947653275        0.23243668858117
H            5.54956134913764       -0.45053373053140        0.08020300612855
H            4.57642101408423        1.57081197133845        1.11136853110564
H            2.13344059182660        1.94205882863999        1.02512844116552
H            1.65385658195040       -1.70880421648131       -1.13499473194449
H            4.08089300943669       -2.07961993669993       -1.04800148702826
H           -1.37660462895299        3.09282735012595       -0.37456948699826
H           -3.78958853970681        2.51857650588967       -0.13517496048695
H           -4.29836854540903        0.87183230548755        0.00036455471823
23
 energy: -42.867577021858 gnorm: 0.000159313287 xtb: 6.7.1 (edcfbbe)
C            4.48376488844099       -0.28276326000932        0.04150965077419
C            3.93830765118248        0.85209439439015        0.61933569089321
C            2.57378906913371        1.06457024811974        0.57797706080571
C            1.74780693880517        0.13751506735145       -0.04840692599302
C            2.29113898792503       -0.99415864033411       -0.64196466630255
C            3.65871980955263       -1.19913457593844       -0.58757402212831
N            0.35145658466763        0.39327790091960       -0.08600724441716
C           -0.57937661713787       -0.65051600382605        0.08265406546106
O           -0.22704179993051       -1.79876054990530        0.26478492197740
C           -1.94589735677542       -0.19552942951564        0.03694840424254
C           -2.29640111851407        1.12279975165020       -0.13061079725972
C           -1.20295630653766        2.03554506623942       -0.24828884275469
N            0.03017813266073        1.66761005213127       -0.21856581356476
N           -3.58114621115265        1.54087133812194       -0.22804005565659
Cl          -3.16339438058144       -1.41057690667141        0.23024649010209
H            5.54961490458412       -0.45088796565137        0.08058166944081
H            4.57683872534052        1.57185577279897        1.10940248776208
H            2.13399401368711        1.94331196474003        1.02316091682302
H            1.65376200143311       -1.70958749599088       -1.13349601770592
H            4.08054930972466       -2.08077016960337       -1.04606233496324
H           -1.37671692400449        3.09319141782063       -0.37202834958349
H           -3.78996921879581        2.51836942503263       -0.13394230562632
H           -4.29830067765426        0.87152276898776       -0.00028208384069
23
 energy: -42.867577621567 gnorm: 0.000109825747 xtb: 6.7.1 (edcfbbe)
C            4.48379706245461       -0.28295026492794        0.04173511007433
C            3.93850996404237        0.85252135569379        0.61844616075491
C            2.57403188772586        1.06521641129058        0.57686816941300
C            1.74783998851048        0.13775505873763       -0.04864631335528
C            2.29108081834824       -0.99442627878597       -0.64135745369577
C            3.65860039659534       -1.19965467631301       -0.58666459511972
N            0.35151203660153        0.39347690394519       -0.08610566820209
C           -0.57934429742073       -0.65048630821908        0.08190958834521
O           -0.22701253817532       -1.79885588568754        0.26324521628206
C           -1.94583698367333       -0.19558346515480        0.03617065101727
C           -2.29647124483677        1.12284264054208       -0.13034200914552
C           -1.20306561989321        2.03577052074960       -0.24702069660804
N            0.03007295522828        1.66784026905078       -0.21759692270531
N           -3.58122533241936        1.54081260435138       -0.22757576856256
Cl          -3.16330189520458       -1.41094540956202        0.22817653935871
H            5.54955931001830       -0.45147040585654        0.08137448507911
H            4.57715772996080        1.57264479621102        1.10780586474440
H            2.13448101797001        1.94450675780871        1.02118993702328
H            1.65368357800367       -1.71013614379413       -1.13243644067046
H            4.08020781665177       -2.08193175665740       -1.04413887195323
H           -1.37690105652516        3.09349286547307       -0.36981813578870
H           -3.79024072676920        2.51821687269393       -0.13312035549332
H           -4.29841446113986        0.87119370926859       -0.00076659230661
23
 energy: -42.867578148951 gnorm: 0.000108604312 xtb: 6.7.1 (edcfbbe)
C            4.48380379283568       -0.28318918945495        0.04215016118597
C            3.93865387031545        0.85301788368530        0.61756493611962
C            2.57419562229785        1.06583287361178        0.57576571284136
C            1.74786179841258        0.13789425462542       -0.04889384509133
C            2.29106451506594       -0.99478467350095       -0.64073519943072
C            3.65851810924948       -1.20026428720004       -0.58560293984969
N            0.35155546920143        0.39357102673049       -0.08632207579655
C           -0.57933467310054       -0.65055802806341        0.08097557749215
O           -0.22701839809929       -1.79899865350420        0.26191825939083
C           -1.94579735878236       -0.19566965956289        0.03531114815319
C           -2.29652115794251        1.12288669407622       -0.12998821592187
C           -1.20313094873508        2.03595231732389       -0.24587063961146
N            0.03000536708323        1.66797958889000       -0.21680295066247
N           -3.58126847881639        1.54085154189736       -0.22677026210810
Cl          -3.16324942225486       -1.41129456664750        0.22599863872350
H            5.54953992329040       -0.45181455445648        0.08200274808426
H            4.57737731334414        1.57356955942435        1.10621263214474
H            2.13478200886175        1.94560315399140        1.01927342368869
H            1.65367633766050       -1.71079265645098       -1.13138079035771
H            4.08000956644508       -2.08295321317258       -1.04234829035716
H           -1.37700034537211        3.09379566276577       -0.36764560411564
H           -3.79034945959699        2.51823608434433       -0.13232803921184
H           -4.29865304530964        0.87097901150559       -0.00115248682412
23
 energy: -42.867578542366 gnorm: 0.000074065143 xtb: 6.7.1 (edcfbbe)
C            4.48385383488900       -0.28314763563010        0.04227352403265
C            3.93870795775784        0.85348537646972        0.61682945525988
C            2.57425221509295        1.06627858234039        0.57487498033269
C            1.74785952713643        0.13788203231223       -0.04906754891786
C            2.29109297387275       -0.99519973863149       -0.64014069263059
C            3.65854626592394       -1.20066035794721       -0.58482627783727
N            0.35155938173428        0.39351695812497       -0.08647881161474
C           -0.57939953987274       -0.65067437046491        0.08029924568676
O           -0.22718061227439       -1.79922289458841        0.26088200668344
C           -1.94583950610049       -0.19577803091028        0.03450148782846
C           -2.29657088693119        1.12290736378061       -0.12976169243849
C           -1.20314494631893        2.03604919227783       -0.24494116329712
N            0.02997255882069        1.66798842144966       -0.21617396327099
N           -3.58126753877763        1.54097996244963       -0.22595713397488
Cl          -3.16332974981735       -1.41158458380154        0.22390423248723
H            5.54956382201022       -0.45187871590882        0.08245459658354
H            4.57743890138843        1.57442140191195        1.10490093802839
H            2.13485527297439        1.94638369764731        1.01773119707972
H            1.65374668704250       -1.71153357733655       -1.13036510173149
H            4.08000211943139       -2.08378307999344       -1.04078950327966
H           -1.37697488143407        3.09398606322496       -0.36594011126497
H           -3.79025604813720        2.51837440965234       -0.13166312034043
H           -4.29876740235709        0.87105969442908       -0.00121464491861
23
 energy: -42.867578848196 gnorm: 0.000064801880 xtb: 6.7.1 (edcfbbe)
C            4.48391213653860       -0.28304257751345        0.04236166950829
C            3.93870847552677        0.85394011985396        0.61617975604579
C            2.57423741807559        1.06657272443785        0.57418867810470
C            1.74785431163661        0.13774484218916       -0.04915062578816
C            2.29116833781962       -0.99564529694298       -0.63956612105513
C            3.65863443338770       -1.20099708093741       -0.58411936351039
N            0.35155119348149        0.39333896027605       -0.08656545561509
C           -0.57951917492102       -0.65084530298367        0.07966717459013
O           -0.22747764880870       -1.79950162384701        0.25995021566133
C           -1.94592578082591       -0.19586291162099        0.03379051619817
C           -2.29658342344181        1.12296433119967       -0.12949274127108
C           -1.20307726750664        2.03608442151653       -0.24411574683113
N            0.03000019616801        1.66789075274602       -0.21562237598622
N           -3.58122296225913        1.54121531369016       -0.22518578596450
Cl          -3.16351477748748       -1.41172284021810        0.22210510258521
H            5.54964234814086       -0.45164283977533        0.08255945562534
H            4.57740333649183        1.57526846609669        1.10371840736814
H            2.13478354135126        1.94692064984453        1.01649936704145
H            1.65388295247804       -1.71237003514805       -1.12929651469649
H            4.08013481686707       -2.08436198698028       -1.03955764354473
H           -1.37680879485218        3.09409143552460       -0.36455828505596
H           -3.79012388388769        2.51862949653252       -0.13103170758064
H           -4.29893937791916        0.87118115291744       -0.00142607734340
23
 energy: -42.867578852196 gnorm: 0.000041835433 xtb: 6.7.1 (edcfbbe)
C            4.48391195866255       -0.28304517095216        0.04235457229510
C            3.93870616972004        0.85394561245989        0.61617772765831
C            2.57424049361630        1.06657597400093        0.57418866369664
C            1.74786099108293        0.13773994713438       -0.04915151994104
C            2.29116332114425       -0.99565009539890       -0.63956066644460
C            3.65863780376093       -1.20099302745925       -0.58411415371447
N            0.35153981944111        0.39331918662874       -0.08655578042197
C           -0.57950576481928       -0.65084147764189        0.07966297274030
O           -0.22748357306595       -1.79950282567948        0.25994244506950
C           -1.94593870868023       -0.19586719194215        0.03378909390455
C           -2.29658057560641        1.12296277144618       -0.12949314814222
C           -1.20307719295982        2.03607402961735       -0.24411235188161
N            0.02999969195100        1.66790567291374       -0.21562290686257
N           -3.58122961924154        1.54121511830246       -0.22517861395972
Cl          -3.16351199551917       -1.41171919363916        0.22209200979146
H            5.54964321435645       -0.45163954180923        0.08255545943223
H            4.57740308840662        1.57527390095053        1.10371047906149
H            2.13478181048700        1.94692267844661        1.01649587800681
H            1.65388422245666       -1.71237402229756       -1.12928573941921
H            4.08013640646226       -2.08436695398049       -1.03955172387552
H           -1.37680572939719        3.09409671779140       -0.36455012280294
H           -3.79012347133908        2.51863071748096       -0.13102890238053
H           -4.29893195486568        0.87118734448501       -0.00143177332436
