13
 energy: -22.339410652140 gnorm: 0.032037894194 xtb: 6.7.1 (edcfbbe)
C            1.33651581725414        1.32929257395896        0.00016325855203
C           -0.02976789392404        1.11218178776498        0.00047271087174
C           -0.49155261058058       -0.20672966406447        0.00054396775764
C            0.44733965474301       -1.24085043231272        0.00013359234502
N            1.76718009332742       -1.04523478422142       -0.00023290560623
C            2.18942587449912        0.22321325102586       -0.00013651299549
C           -1.93388783233084       -0.51519452280921       -0.00001767765616
O           -2.81000482205869        0.32323434479317       -0.00198577460415
H            1.74771781783196        2.33306056849016        0.00005409250812
H           -0.74846654337478        1.92564313047200        0.00059050235207
H            0.11060984137570       -2.27841956577554        0.00011601246264
H            3.26876309597441        0.36664482015141       -0.00049662993646
H           -2.17873745534428       -1.60165516638075        0.00055940164283
13
 energy: -22.340305565760 gnorm: 0.008729840426 xtb: 6.7.1 (edcfbbe)
C            1.33349039438183        1.32585147622224        0.00016332058551
C           -0.03043463198935        1.10831231786406        0.00031050775547
C           -0.49255937018987       -0.20955964727043        0.00018233734369
C            0.45037366101409       -1.23766368265405        0.00001267843417
N            1.75720026952808       -1.03393401467283       -0.00015324024035
C            2.18051508051837        0.22274887933369       -0.00009742973823
C           -1.93207466955987       -0.50826268214505       -0.00049669373765
O           -2.80455939363251        0.32256074035384       -0.00166302472779
H            1.74303467278796        2.32533370670739        0.00020121094620
H           -0.74546857111164        1.91955465550257        0.00046404126394
H            0.12991698471635       -2.27401083116777       -0.00009278978224
H            3.25590798667452        0.35469099055843       -0.00023958229000
H           -2.17020737574539       -1.59043556753965        0.00117270188086
13
 energy: -22.340392927531 gnorm: 0.001918888343 xtb: 6.7.1 (edcfbbe)
C            1.33360339874589        1.32621188846219        0.00006565239142
C           -0.03009010745593        1.10546202899395        0.00016204157534
C           -0.49415207503399       -0.21232198349479        0.00030331215374
C            0.45152617578726       -1.23853867932027        0.00014187904141
N            1.75292196736375       -1.02823038843389       -0.00008984429029
C            2.17950966026486        0.22383318492400       -0.00011543359590
C           -1.93393000424234       -0.50422846477878        0.00072157429891
O           -2.80559687937456        0.32495889265512       -0.00149854930578
H            1.73993879451225        2.32543131532980        0.00010721376218
H           -0.74419663315977        1.91576128875979        0.00036651598910
H            0.13980135980011       -2.27572941682002        0.00017704121240
H            3.25431687259116        0.34883963382394       -0.00034273339128
H           -2.16851749240613       -1.58626295900861       -0.00023463214766
13
 energy: -22.340397053749 gnorm: 0.001868709260 xtb: 6.7.1 (edcfbbe)
C            1.33435899979464        1.32738674768881        0.00036745915652
C           -0.02926641042567        1.10330586431522        0.00018265333200
C           -0.49518683385485       -0.21415845957551       -0.00083998540568
C            0.45162412497120       -1.24030685248940       -0.00066787463359
N            1.75165791374547       -1.02598653784607       -0.00012943143459
C            2.18092349223513        0.22524363284546        0.00027129029621
C           -1.93568583597084       -0.50233186222497       -0.00356295182801
O           -2.80654343937300        0.32772163430998       -0.00072383097325
H            1.73708318802098        2.32797620542669        0.00058554459944
H           -0.74362192062415        1.91345816043281       -0.00004770395616
H            0.14395596058839       -2.27862371028018       -0.00106112515401
H            3.25612419047538        0.34653254070210        0.00068704743747
H           -2.17028839219011       -1.58503102221250        0.00470294625725
13
 energy: -22.340396206481 gnorm: 0.001824387596 xtb: 6.7.1 (edcfbbe)
C            1.33486512457385        1.32814526212743       -0.00016233622348
C           -0.02864316884259        1.10193309665091       -0.00010322745058
C           -0.49564949617420       -0.21514487038666        0.00063083860234
C            0.45158375345795       -1.24149300388917        0.00044473631356
N            1.75143977438420       -1.02517830413305        0.00001634130019
C            2.18211216629365        0.22619445610701       -0.00018747372818
C           -1.93661691287815       -0.50149439206740        0.00281913493252
O           -2.80667975061467        0.32966918645313       -0.00105516059261
H            1.73492148084199        2.32998059338718       -0.00014265941657
H           -0.74339330685365        1.91215572903343        0.00016782246809
H            0.14580179762757       -2.28053311638400        0.00059474461452
H            3.25766123975371        0.34555056229170       -0.00041261176754
H           -2.17226766417711       -1.58459885809808       -0.00284611135867
13
 energy: -22.340403623507 gnorm: 0.000347735655 xtb: 6.7.1 (edcfbbe)
C            1.33435174084561        1.32732584658114        0.00008459481873
C           -0.02912025827623        1.10312558597790        0.00004716846975
C           -0.49489827055342       -0.21400144183618        0.00000674507650
C            0.45160169469224       -1.24036233541682       -0.00005248823501
N            1.75239637051043       -1.02667217336250       -0.00004265187166
C            2.18121441385422        0.22535947639403        0.00004847271685
C           -1.93537859852648       -0.50272217053608       -0.00001899638814
O           -2.80566452811956        0.32819552926835       -0.00088564957980
H            1.73622743666425        2.32849219740011        0.00013383808166
H           -0.74379619054857        1.91348376813043        0.00008781970323
H            0.14335389921071       -2.27869621633262       -0.00010545428244
H            3.25649296939306        0.34691852529150        0.00003474680786
H           -2.17164564175370       -1.58526025046683        0.00042589237604
13
 energy: -22.340403777350 gnorm: 0.000118134381 xtb: 6.7.1 (edcfbbe)
C            1.33440045040871        1.32737069643240        0.00006592546014
C           -0.02911906797497        1.10291128471192        0.00002216316575
C           -0.49500895272796       -0.21423840213858       -0.00004317774689
C            0.45170323768171       -1.24047236938291       -0.00005526322567
N            1.75217827995558       -1.02632554841377       -0.00002484695425
C            2.18120805529884        0.22547979839543        0.00003800363994
C           -1.93554072740953       -0.50246378782654       -0.00017603716557
O           -2.80574606354912        0.32848530276330       -0.00072208522884
H            1.73593975028378        2.32858715275560        0.00014052796124
H           -0.74374496526862        1.91320020555744        0.00003398000934
H            0.14405933862019       -2.27890574201161       -0.00015648571814
H            3.25649361068984        0.34653235025107        0.00013407937406
H           -2.17168790861589       -1.58497460000132        0.00050725412249
13
 energy: -22.340403791432 gnorm: 0.000020430361 xtb: 6.7.1 (edcfbbe)
C            1.33440873954399        1.32737761363331        0.00007058263356
C           -0.02912069196794        1.10291567154069        0.00001266226849
C           -0.49499549224696       -0.21423509098963       -0.00003893616241
C            0.45169744938707       -1.24049319122896       -0.00005961260131
N            1.75223192569597       -1.02638419881106       -0.00000723530803
C            2.18124294856527        0.22549323068542        0.00007590278213
C           -1.93553309960686       -0.50249814367759       -0.00011606169412
O           -2.80570748538787        0.32851444914800       -0.00064631287480
H            1.73591333405962        2.32863044108252        0.00010935659739
H           -0.74375911596714        1.91321461670277        0.00002030669953
H            0.14398598514698       -2.27893276819419       -0.00010743379795
H            3.25654569733515        0.34658715995058        0.00009987506158
H           -2.17177515716473       -1.58500344874941        0.00035094408955
