18
 energy: -327.008783640893 gnorm: 0.023569818745 xtb: 6.7.1 (edcfbbe)
C            2.41035133746809        0.00007289690003       -0.00752759210334
N            0.99738648484197       -0.00002290030001        0.29815617963212
C            0.33002994874624       -1.18534995472526       -0.21157802579376
C           -1.13630703010353       -1.15620268511234        0.21846657389681
O           -1.78777591269221       -0.00006339750003       -0.25256811271192
C           -1.13645262670359        1.15620910361235        0.21831844879674
C            0.32997895824622        1.18534437622526       -0.21144944479370
H            2.61315989635796        0.00011746880005       -1.09038858718318
H            2.86757088677070       -0.88524702609228        0.43205047549145
H            2.86759752117071        0.88518950459225        0.43232080259157
H            0.38371940837004       -1.23688044304809       -1.31455999028252
H            0.81581318336151       -2.07048629541749        0.20474427719073
H           -1.67939622244418       -2.00603281798893       -0.19860925918801
H           -1.18723736682610       -1.19053859842756        1.31724628008371
H           -1.67951269234424        2.00590735828887       -0.19909250868822
H           -1.18757407442625        1.19082227752768        1.31708509658364
H            0.38393545767013        1.23716762884822       -1.31441834588245
H            0.81558409046141        2.07042684691746        0.20519438859093
18
 energy: -327.009600325757 gnorm: 0.011276198117 xtb: 6.7.1 (edcfbbe)
C            2.41336627777061        0.00004968525120       -0.00992895964786
N            0.99656730596981        0.00000839350659        0.30934599909822
C            0.32644793971120       -1.18939096173171       -0.20349782655695
C           -1.13951683302359       -1.16490915695713        0.21645285680426
O           -1.79067980555378       -0.00007024297058       -0.26210808823402
C           -1.13960650356286        1.16486768143485        0.21632773914525
C            0.32643249733068        1.18944437092213       -0.20340266308879
H            2.61391799381740        0.00015176278399       -1.09850774074422
H            2.88569613317376       -0.88620376217684        0.42403977079019
H            2.88570429732979        0.88617467330529        0.42425389525864
H            0.38407929965079       -1.24760233661210       -1.30983194924327
H            0.81004590890926       -2.08173012014440        0.20995499196378
H           -1.67691575713264       -2.02013742541357       -0.20218074282165
H           -1.19578889263528       -1.20517302181570        1.31730073273402
H           -1.67696912948490        2.01999397779268       -0.20256820658982
H           -1.19607724441722        1.20536376240748        1.31715846206169
H            0.38426735778569        1.24785534748804       -1.30971725003666
H            0.80989999403321        2.08174082343199        0.21029889842585
18
 energy: -327.009782401643 gnorm: 0.003671632419 xtb: 6.7.1 (edcfbbe)
C            2.41511944674680        0.00004226240388       -0.01518112219661
N            0.99796675638572        0.00001275811753        0.32008170577110
C            0.32566063976733       -1.19174340102858       -0.19602096265071
C           -1.13953141281345       -1.16846029482818        0.21630244877619
O           -1.79305057691432       -0.00004423918632       -0.27012788186653
C           -1.13961027726783        1.16844478703233        0.21622139294866
C            0.32563321395018        1.19178399933187       -0.19595397057935
H            2.60469808774329        0.00015613533559       -1.10792776218636
H            2.89692347216477       -0.88670969335053        0.41306978561511
H            2.89691913912816        0.88672186333525        0.41323367691645
H            0.39069793826543       -1.25322381408108       -1.30333921030010
H            0.80789808709620       -2.08686128838013        0.21824535934563
H           -1.67375261461775       -2.02451317349029       -0.20724117954290
H           -1.20962585910875       -1.21115555880991        1.31719845765337
H           -1.67381264087899        2.02442338493018       -0.20749455210600
H           -1.20984308196577        1.21128076843772        1.31710037427055
H            0.39080900819961        1.25339706993007       -1.30325289711967
H            0.80777102023362        2.08688197577717        0.21847531187912
18
 energy: -327.009819439291 gnorm: 0.001620377744 xtb: 6.7.1 (edcfbbe)
C            2.41537465509543        0.00005158415174       -0.01959834655460
N            0.99990096081242        0.00002032092830        0.32643936968035
C            0.32635452437579       -1.19224487997416       -0.19059488477647
C           -1.13920096656156       -1.16940885529780        0.21542826534581
O           -1.79284813991592       -0.00003519844907       -0.27488308538447
C           -1.13926003659959        1.16939119799227        0.21537619306651
C            0.32632850003879        1.19229000424921       -0.19054890281985
H            2.59471865855553        0.00014668786127       -1.11391183776040
H            2.90014425470415       -0.88677937726053        0.40479464134427
H            2.90014019605748        0.88682662198103        0.40493163076793
H            0.39579619325353       -1.25425938085783       -1.29733163214648
H            0.80762668795655       -2.08695092333921        0.22606061464587
H           -1.67192080801997       -2.02494534737232       -0.21124189854574
H           -1.21677301854368       -1.21125336556770        1.31549892384082
H           -1.67197028276612        2.02487578388241       -0.21140747614273
H           -1.21692565762948        1.21132957809178        1.31543403355732
H            0.39585766520940        1.25439216356028       -1.29727150710602
H            0.80752661821419        2.08698697557100        0.22621421971367
18
 energy: -327.009842170972 gnorm: 0.002790206589 xtb: 6.7.1 (edcfbbe)
C            2.41382149705677        0.00006426745124       -0.02861596289534
N            1.00292933001648        0.00003183229155        0.33826224738749
C            0.32879240757362       -1.19287878615089       -0.17981931270883
C           -1.13872306620376       -1.16948019625585        0.21342592394274
O           -1.78971692280467       -0.00000850230472       -0.28500151079192
C           -1.13876220363748        1.16948226094985        0.21343391052006
C            0.32875124266881        1.19292119810039       -0.17981107780890
H            2.57213843854729        0.00011234642866       -1.12541521615250
H            2.90377811236871       -0.88682093232847        0.38734934371602
H            2.90376038719002        0.88692473936738        0.38742840654493
H            0.40723045743351       -1.25620079971599       -1.28496779690201
H            0.80703748979744       -2.08581274872329        0.24327936662155
H           -1.66750099969065       -2.02431160940987       -0.21899933555097
H           -1.22961011245880       -1.20884589167106        1.31174469138734
H           -1.66756295708626        2.02429968469230       -0.21898822475604
H           -1.22964793713330        1.20883810037124        1.31175122989574
H            0.40718664094934        1.25625066722691       -1.28495815039065
H            0.80696749754352        2.08586803947048        0.24328846161066
18
 energy: -327.009847887739 gnorm: 0.001529533551 xtb: 6.7.1 (edcfbbe)
C            2.41357149467184        0.00006319263365       -0.02806821940195
N            1.00261643617649        0.00003258914551        0.33668075570293
C            0.32883152695003       -1.19283728522028       -0.18060073827218
C           -1.13900286254971       -1.16899015633426        0.21338971027027
O           -1.78887912610312       -0.00001142104018       -0.28463363993888
C           -1.13904180998220        1.16898788737115        0.21339392150324
C            0.32879316718607        1.19288451671659       -0.18058987797267
H            2.57308950712952        0.00010851715455       -1.12447845585854
H            2.90308299507206       -0.88688589346402        0.38817197330128
H            2.90306586090026        0.88698711124971        0.38824693177408
H            0.40699238315655       -1.25667328710399       -1.28575659958379
H            0.80681115745185       -2.08556399565699        0.24295598368036
H           -1.66784446244862       -2.02410402781036       -0.21813225338244
H           -1.22848161527721       -1.20808416110227        1.31185223543207
H           -1.66790644022035        2.02408546014570       -0.21813182092963
H           -1.22852772287161        1.20807934926516        1.31185566582119
H            0.40695653631581        1.25673290547165       -1.28574447054236
H            0.80674230949971        2.08562235950598        0.24297596888886
18
 energy: -327.009850159517 gnorm: 0.000731822501 xtb: 6.7.1 (edcfbbe)
C            2.41309378713799        0.00005943154555       -0.02842571259437
N            1.00236313643748        0.00003325780983        0.33536642309909
C            0.32912228308509       -1.19303777931585       -0.18047106112727
C           -1.13972676873237       -1.16788004007738        0.21280053671792
O           -1.78748968256259       -0.00001042777422       -0.28571305526985
C           -1.13976834932488        1.16787949314681        0.21280657495798
C            0.32908220983570        1.19308790707379       -0.18045787334335
H            2.57314500542983        0.00009300216177       -1.12479440599320
H            2.90301404794676       -0.88696776895399        0.38756097660382
H            2.90299366984862        0.88707315857271        0.38761200685384
H            0.40769356233291       -1.25909909348931       -1.28564206676502
H            0.80617698800440       -2.08542588009416        0.24487443340266
H           -1.66807756005209       -2.02393095660651       -0.21733811902234
H           -1.22815943333209       -1.20660066802278        1.31163173538435
H           -1.66814739463757        2.02391332277857       -0.21733316666733
H           -1.22820940457682        1.20659439125077        1.31163788348862
H            0.40765753890014        1.25916483457216       -1.28562802393218
H            0.80610565876030        2.08548747488177        0.24489994732848
18
 energy: -327.009850159517 gnorm: 0.000731822501 xtb: 6.7.1 (edcfbbe)
C            2.41309378713799        0.00005943154555       -0.02842571259437
N            1.00236313643748        0.00003325780983        0.33536642309909
C            0.32912228308509       -1.19303777931585       -0.18047106112727
C           -1.13972676873237       -1.16788004007738        0.21280053671792
O           -1.78748968256259       -0.00001042777422       -0.28571305526985
C           -1.13976834932488        1.16787949314681        0.21280657495798
C            0.32908220983570        1.19308790707379       -0.18045787334335
H            2.57314500542983        0.00009300216177       -1.12479440599320
H            2.90301404794676       -0.88696776895399        0.38756097660382
H            2.90299366984862        0.88707315857271        0.38761200685384
H            0.40769356233291       -1.25909909348931       -1.28564206676502
H            0.80617698800440       -2.08542588009416        0.24487443340266
H           -1.66807756005209       -2.02393095660651       -0.21733811902234
H           -1.22815943333209       -1.20660066802278        1.31163173538435
H           -1.66814739463757        2.02391332277857       -0.21733316666733
H           -1.22820940457682        1.20659439125077        1.31163788348862
H            0.40765753890014        1.25916483457216       -1.28562802393218
H            0.80610565876030        2.08548747488177        0.24489994732848
