14
 energy: -17.709726955150 gnorm: 0.023477753672 xtb: 6.7.1 (edcfbbe)
C            1.99316516264234        0.00419381635127       -0.65456123991350
C            1.26330013226372       -0.33215787094378        0.64235012095887
C           -0.24057840863068       -0.54248205048508        0.51083809895023
H           -0.65925668278167       -0.77671461900882        1.49367400453413
C           -0.65121027535035       -1.59476223357671       -0.49981744619262
Cl          -1.05427681765415        1.05750249495969        0.06104677945834
H            1.56017965331217        0.88978782216166       -1.12785852971812
H            1.95273866763619       -0.82168983082595       -1.37049569913850
H            3.04717380096499        0.21167770014685       -0.45099854715059
H            1.43974072323844        0.45215520955836        1.38580948868077
H            1.66920384300054       -1.26202837865512        1.06603494379689
H           -0.35086169068826       -1.31263546165376       -1.51131644448497
H           -0.16742475862195       -2.54562662104547       -0.24588313824685
H           -1.73303368494201       -1.74304928144638       -0.49187061106156
14
 energy: -17.710590894933 gnorm: 0.013903016969 xtb: 6.7.1 (edcfbbe)
C            1.98177417132641        0.00394733672196       -0.65138121341013
C            1.26618781027566       -0.33908673114666        0.64712498401752
C           -0.23611406642734       -0.54635265448179        0.51100770299335
H           -0.66349996004502       -0.77223377807386        1.49098894427561
C           -0.64668776551780       -1.59329458367115       -0.50213323316089
Cl          -1.01700924834157        1.03991903067868        0.04354961307891
H            1.53605730940528        0.88292139623261       -1.11395528455543
H            1.93747892126159       -0.82263397102846       -1.35822956648665
H            3.03009167421135        0.21795483699182       -0.44870407033893
H            1.44159465379032        0.45688526370310        1.37524671452416
H            1.68301726670771       -1.26323486636598        1.06357471217367
H           -0.34576071039204       -1.30667883543594       -1.50714870408650
H           -0.17244283927861       -2.54259621307339       -0.24983460996319
H           -1.72582755258663       -1.73134553551421       -0.49315420858899
14
 energy: -17.710851183457 gnorm: 0.004430548745 xtb: 6.7.1 (edcfbbe)
C            1.97534477133073        0.00232679613999       -0.65117679527730
C            1.26759998315042       -0.34392657088939        0.65201534027371
C           -0.23658872930930       -0.53974395240055        0.50852206735956
H           -0.66773718389525       -0.76818855576009        1.48638983732857
C           -0.64175223346049       -1.59293412650077       -0.50242459224890
Cl          -0.99500300565699        1.03094544428004        0.03708802541298
H            1.51939354533827        0.87683562317376       -1.10606403114554
H            1.92945248122986       -0.82351126539452       -1.35437665164958
H            3.02051863401394        0.22268040529148       -0.45291397841228
H            1.44199476030564        0.45521978252080        1.37495917267558
H            1.68736661757952       -1.26540214423212        1.06372804697451
H           -0.34011952812984       -1.30306240951711       -1.50372045886061
H           -0.17174375781794       -2.54077138905704       -0.25031455831832
H           -1.71986669028929       -1.72629694211774       -0.49475964363987
14
 energy: -17.710883309490 gnorm: 0.001613796459 xtb: 6.7.1 (edcfbbe)
C            1.97558413769435        0.00296552439749       -0.65146346335049
C            1.26756767079744       -0.34436166755658        0.65281300969099
C           -0.23877753693691       -0.53603590522388        0.50909082400935
H           -0.66879592670229       -0.76867657213902        1.48735472548735
C           -0.64210882902168       -1.59246522311521       -0.50220009649548
Cl          -0.99137665127587        1.02934554964405        0.03470308591923
H            1.51684828895877        0.87645583400091       -1.10639499019730
H            1.93052664431979       -0.82376674960429       -1.35425143768780
H            3.02087125940413        0.22581223973082       -0.45508069293130
H            1.44458564036038        0.45245380408492        1.37780208266661
H            1.68457976680570       -1.26751281613707        1.06262786746591
H           -0.33967632366006       -1.30331696578717       -1.50410829349976
H           -0.17040209162271       -2.53908840294191       -0.24809661133622
H           -1.72056638473175       -1.72763795381631       -0.49584422926858
14
 energy: -17.710889856816 gnorm: 0.001045104624 xtb: 6.7.1 (edcfbbe)
C            1.97682838766512        0.00413482106543       -0.65164816547867
C            1.26754929212449       -0.34467251371143        0.65210503843517
C           -0.24088358313115       -0.53160557911748        0.50774912664017
H           -0.66861017890598       -0.76734825317119        1.48704510994007
C           -0.64330634463369       -1.59275895361723       -0.50163252988226
Cl          -0.99278988969717        1.03096958421268        0.03568675660776
H            1.51687706701199        0.87679805656585       -1.10874893259916
H            1.93539016834215       -0.82358143620064       -1.35483157083569
H            3.02195634707675        0.22989659569046       -0.45444771244595
H            1.44784100963975        0.44823078335169        1.38122957735108
H            1.67990349478556       -1.27147433742846        1.05949483167533
H           -0.34080490493170       -1.30593048261328       -1.50507730785067
H           -0.16894999480517       -2.53808032570332       -0.24435517815715
H           -1.72214120615168       -1.73040726378635       -0.49561726292753
14
 energy: -17.710891732089 gnorm: 0.000200984960 xtb: 6.7.1 (edcfbbe)
C            1.97694354894698        0.00440998329901       -0.65146582002432
C            1.26745565002323       -0.34497628626737        0.65150655987490
C           -0.24053526645181       -0.53279039542760        0.50820786769288
H           -0.66864071635968       -0.76707740590606        1.48752243573270
C           -0.64360589200642       -1.59267987374432       -0.50135589098242
Cl          -0.99215593674387        1.03093280574025        0.03426840931010
H            1.51674593167219        0.87664898878869       -1.10883137263699
H            1.93673548422523       -0.82296604396659       -1.35490025796539
H            3.02169080890928        0.23103828043282       -0.45355306077260
H            1.44747689273002        0.44758751060356        1.38097450139238
H            1.68005236352974       -1.27193189180607        1.05839069976924
H           -0.34119967792506       -1.30611270678170       -1.50470336590097
H           -0.16981471231486       -2.53813615066981       -0.24420629046247
H           -1.72228881384569       -1.72977611875807       -0.49490263455452
14
 energy: -17.710892216600 gnorm: 0.000138659187 xtb: 6.7.1 (edcfbbe)
C            1.97682073214865        0.00475947525325       -0.65129445618007
C            1.26772881983513       -0.34567234987355        0.65140167751070
C           -0.24017868723278       -0.53281655277868        0.50773789166453
H           -0.66872687858762       -0.76582778140481        1.48704223908529
C           -0.64383904057288       -1.59287764927475       -0.50109261957021
Cl          -0.99132523013477        1.03113070392247        0.03341308166555
H            1.51546753467656        0.87624133060676       -1.10876201049907
H            1.93811182145900       -0.82259844172264       -1.35469532640229
H            3.02103938743322        0.23302042671173       -0.45289130860970
H            1.44793608801418        0.44635277103190        1.38135251717261
H            1.68031651520948       -1.27301786148758        1.05735254230359
H           -0.34119044308540       -1.30678527096822       -1.50435056537261
H           -0.17077876262408       -2.53851139109611       -0.24365622422809
H           -1.72252219214940       -1.72922671338304       -0.49460565806772
14
 energy: -17.710892515974 gnorm: 0.000092963938 xtb: 6.7.1 (edcfbbe)
C            1.97689291608538        0.00527394742053       -0.65123133560727
C            1.26784495358782       -0.34637479902133        0.65122030989728
C           -0.24019530670283       -0.53263362814913        0.50766819572256
H           -0.66899557349544       -0.76487365351733        1.48705974670549
C           -0.64414565540932       -1.59301346101191       -0.50073248856604
Cl          -0.99009754606080        1.03155669922954        0.03221847544579
H            1.51393396395618        0.87577068167357       -1.10895709082954
H            1.94006960712687       -0.82223863905341       -1.35458944048606
H            3.02058874206497        0.23572617482733       -0.45257041822874
H            1.44859797524641        0.44460914454366        1.38217112210170
H            1.68001608518395       -1.27442836917744        1.05593866334409
H           -0.34089437538225       -1.30770154998167       -1.50405855374464
H           -0.17182220402962       -2.53884338709668       -0.24261177217687
H           -1.72293391778204       -1.72865846514898       -0.49457363310523
14
 energy: -17.710892580821 gnorm: 0.000041093408 xtb: 6.7.1 (edcfbbe)
C            1.97696227404463        0.00552711332099       -0.65127132509165
C            1.26798500751534       -0.34663803266326        0.65118919526033
C           -0.24012919906959       -0.53250630382898        0.50763074690639
H           -0.66902692699122       -0.76456991686047        1.48703551695392
C           -0.64432509106990       -1.59302647682185       -0.50060530109105
Cl          -0.99003057047475        1.03165474149606        0.03195122633353
H            1.51326299921375        0.87555662574143       -1.10915074053018
H            1.94098740342584       -0.82213349137337       -1.35454503847356
H            3.02041754826081        0.23695152341580       -0.45250935186130
H            1.44905716855746        0.44386324732457        1.38259965455928
H            1.67991761174658       -1.27503954572886        1.05535197559571
H           -0.34038036367232       -1.30832682627583       -1.50394629897351
H           -0.17261151262531       -2.53902226058333       -0.24183673422843
H           -1.72322668447202       -1.72811970162616       -0.49494174488697
