13
 energy: -14.710296748383 gnorm: 0.021685950155 xtb: 6.7.1 (edcfbbe)
C           -2.41888511340175        0.00744065207376        0.00000946260990
C           -0.98374680837012        0.52481173979543        0.00001575964415
C            0.03799889802463       -0.62705341147795        0.00015274976952
C            1.41422717360444       -0.16180405678139        0.00054198987698
C            2.54288010937155        0.25923744372273       -0.00224853457086
H           -2.61717767768848       -0.60717314050841        0.88479306013558
H           -3.13554511861673        0.83371773859317       -0.00014721891431
H           -2.61709523638155       -0.60744353809442       -0.88460463480420
H           -0.80480714808763        1.15402935490142       -0.87854689679979
H           -0.80486409215010        1.15414738373704        0.87850136787107
H           -0.12925690889121       -1.26389334648542       -0.87875197243207
H           -0.12950427760996       -1.26393612137690        0.87898087395047
H            3.54198306088767        0.62183210250294        0.00134529210877
13
 energy: -14.710932975737 gnorm: 0.008437603541 xtb: 6.7.1 (edcfbbe)
C           -2.40718028341893        0.00699181612458        0.00105910104489
C           -0.97605676685242        0.52341546230084       -0.00052237432114
C            0.03211596692976       -0.63383426910000       -0.00349533500694
C            1.39986147241879       -0.15651984438921       -0.00416396124514
C            2.51638259003688        0.26929542493781        0.01391374860487
H           -2.59827116859180       -0.60362081904069        0.88394174277146
H           -3.11399532319500        0.83577886497411        0.00274611358939
H           -2.60069593861212       -0.60218663855598       -0.88226038681654
H           -0.80794288838069        1.14869385473176       -0.88171470499459
H           -0.80552214537568        1.14649563938850        0.88177595359173
H           -0.12795699003187       -1.25905632456429       -0.88965382420876
H           -0.12617240168033       -1.26140200328345        0.88130792277406
H            3.51164073744419        0.60986163707799       -0.00289269733809
13
 energy: -14.710944874071 gnorm: 0.003278295429 xtb: 6.7.1 (edcfbbe)
C           -2.40544515341459        0.00829036285816       -0.00227757151384
C           -0.97354482551784        0.52324566227553        0.00074414632492
C            0.02910681890106       -0.63534780368693        0.00656636387381
C            1.39688091029363       -0.16164799393847        0.01066933549806
C            2.51782749230267        0.25324129001983       -0.01795465276470
H           -2.59660219264557       -0.59865080022066        0.88041048611552
H           -3.10917758106023        0.83723880218605       -0.00576825717537
H           -2.59194032993292       -0.60199632712255       -0.88372124931123
H           -0.80301268430442        1.14293889236497       -0.88256261760265
H           -0.80769318937468        1.14685594015215        0.88215566396855
H           -0.12564537922706       -1.25925537241349       -0.87943838015650
H           -0.13144147604319       -1.25635432106506        0.89367452809978
H            3.49689445071390        0.62535446919247       -0.00245649691116
13
 energy: -14.710994054426 gnorm: 0.001449797746 xtb: 6.7.1 (edcfbbe)
C           -2.40716964251711        0.00851898835494       -0.00070039137561
C           -0.97361367032511        0.52146400744727        0.00017564928439
C            0.02942082482724       -0.63678303770883        0.00221206540634
C            1.39587749433697       -0.15779392855748        0.00043386923111
C            2.51556610065658        0.26456700118821       -0.00132515999044
H           -2.59747148494261       -0.59914008521203        0.88186115813547
H           -3.11001036697933        0.83841276269867       -0.00234613739682
H           -2.59558702053364       -0.60090015443618       -0.88246875565478
H           -0.80301150468112        1.14217590194403       -0.88230563296718
H           -0.80446993146294        1.14427394410852        0.88145540346769
H           -0.12749508820501       -1.26097814550860       -0.88294290679174
H           -0.12782683894009       -1.25855238861982        0.88912567010331
H            3.50199798945695        0.61864793490329       -0.00313353300655
13
 energy: -14.710995665145 gnorm: 0.000783884054 xtb: 6.7.1 (edcfbbe)
C           -2.40818688471633        0.00903685729845       -0.00084628260521
C           -0.97335217967402        0.52060882471359       -0.00001724149304
C            0.02984473881384       -0.63794547103071        0.00224957222650
C            1.39612907263706       -0.15736072801654        0.00177059823916
C            2.51533590045587        0.26520863623190       -0.00162553804772
H           -2.59941533159219       -0.59825975469496        0.88205434293354
H           -3.10974167467865        0.84016820019382       -0.00250804235801
H           -2.59756009477734       -0.60024956391394       -0.88277659940000
H           -0.80187223852906        1.14152943030668       -0.88227599408198
H           -0.80365905104771        1.14355398103570        0.88115394691726
H           -0.12663992266230       -1.26328740726317       -0.88223761385409
H           -0.12700073954544       -1.25991909709006        0.88898034129285
H            3.50232526600704        0.62082889283124       -0.00388019132409
13
 energy: -14.710996336451 gnorm: 0.000230592118 xtb: 6.7.1 (edcfbbe)
C           -2.40836211315548        0.00945485759240       -0.00106037686125
C           -0.97300110698985        0.51984563149385       -0.00004440894359
C            0.02976801447810       -0.63887711606430        0.00309054195549
C            1.39571269272739       -0.15725007052247        0.00086354603956
C            2.51496601517442        0.26562135177591       -0.00267705849566
H           -2.60016901608081       -0.59715284472645        0.88200692081075
H           -3.10873374688026        0.84141847962138       -0.00328491130767
H           -2.59784880968719       -0.59986685863344       -0.88276559407367
H           -0.80121273748089        1.14004411711813       -0.88268572655256
H           -0.80333610481063        1.14302174774056        0.88089671203411
H           -0.12669607011076       -1.26474759647374       -0.88087990561387
H           -0.12622863050612       -1.25988581948623        0.89057625630156
H            3.50134847401284        0.62228692116641       -0.00399469684801
13
 energy: -14.710996475965 gnorm: 0.000154829565 xtb: 6.7.1 (edcfbbe)
C           -2.40831340997566        0.00971455187425       -0.00108324552859
C           -0.97284564942592        0.51938505835535       -0.00019806898901
C            0.02983451722838       -0.63938746922943        0.00318121387976
C            1.39557683695440       -0.15726225621819        0.00091507276023
C            2.51472841830760        0.26591796848280       -0.00263120118500
H           -2.60058034123521       -0.59657782038427        0.88207994380425
H           -3.10813917719577        0.84214473716567       -0.00345331194902
H           -2.59828954933438       -0.59963972842535       -0.88263494576955
H           -0.80082216470313        1.13928814179574       -0.88300320261119
H           -0.80304907729560        1.14268261387773        0.88064382836632
H           -0.12666668361793       -1.26566839098658       -0.88054042177030
H           -0.12594479190194       -1.25988649609429        0.89108067355530
H            3.50071793288592        0.62320189038856       -0.00431503611801
13
 energy: -14.710996549536 gnorm: 0.000086422586 xtb: 6.7.1 (edcfbbe)
C           -2.40827049433738        0.00992474848346       -0.00109976590961
C           -0.97273940553865        0.51912091865911       -0.00042255552951
C            0.02989659227766       -0.63975828113429        0.00346402044637
C            1.39555116689226       -0.15744613089342        0.00056633701884
C            2.51458106319687        0.26599020684409       -0.00264300945186
H           -2.60087578238402       -0.59603153285918        0.88226294423094
H           -3.10781342543313        0.84264227710783       -0.00369231735606
H           -2.59867840177867       -0.59964123034094       -0.88245526967367
H           -0.80052124521757        1.13868529628723       -0.88345663541907
H           -0.80270272267546        1.14273948662826        0.88017077192513
H           -0.12682129949515       -1.26655400188417       -0.87987186469278
H           -0.12568086525221       -1.25986601119342        0.89171121480916
H            3.50028168043621        0.62410705489745       -0.00449257195268
