26
 energy: -42.375295900966 gnorm: 0.034798646192 xtb: 6.7.1 (edcfbbe)
C           -3.53440291080691       -0.56557076052451       -1.55532747776196
N           -2.39968920088827       -0.14921788246865       -0.75036469513575
C           -2.40697780157033       -0.26082776998225        0.59936386101660
O           -3.29507179935160       -0.71863341845910        1.27761761938728
O           -1.25546442411585        0.20751751976219        1.23707025136513
C           -0.19815606736002        0.72603938654531        0.51192173127024
C           -0.21723115915432        2.03891754156956        0.10378858464716
C            0.88608674252132        2.57389191685755       -0.59023848733239
C            1.98682393765683        1.79679687035786       -0.85573582408522
C            2.03587724181321        0.44653944839687       -0.43422685362849
C            0.92115710396746       -0.11196795309655        0.26462493023741
C            0.96797316343822       -1.45873368075817        0.69273847808923
C            2.08005950800565       -2.22511938834499        0.44179448218377
C            3.18469330595151       -1.68029934829646       -0.24574678480340
C            3.16170845356119       -0.37647029077316       -0.67519855643611
H           -4.34026071257726       -0.85956596118843       -0.88089481709819
H           -3.27790211275514       -1.41982871469220       -2.19246508658621
H           -3.88211666789892        0.25822218881620       -2.18773355831796
H           -1.60105008942093        0.27113564101718       -1.20358590074043
H           -1.08442477305511        2.65084872980496        0.32961480976849
H            0.85957409707414        3.61111959316982       -0.90597153369411
H            2.83842857912943        2.21014915691412       -1.38692037428025
H            0.11861854568211       -1.86576820209132        1.22973827845900
H            2.11446673255816       -3.25552501808430        0.77887600797165
H            4.05761694836810       -2.29744895677368       -0.43086145247102
H            4.01140690920825        0.04570345776593       -1.20312253378177
26
 energy: -42.376619062708 gnorm: 0.017280131319 xtb: 6.7.1 (edcfbbe)
C           -3.52898210827710       -0.56376212567320       -1.54862496773107
N           -2.40046510881549       -0.14804473081478       -0.74828730496512
C           -2.40544269493669       -0.25437836633291        0.59722204307086
O           -3.29047132700820       -0.71035204471986        1.26550150916181
O           -1.26356764659473        0.20245893309428        1.22688658457256
C           -0.20166814111587        0.72104854281768        0.50727626320833
C           -0.21557657906031        2.03227924340332        0.09834142531612
C            0.88676809278679        2.56673442425308       -0.58583320942223
C            1.98227896020776        1.79167023822577       -0.85011955353633
C            2.03244121818124        0.44480199035451       -0.43134154016624
C            0.92170153911400       -0.11151513423317        0.26178347372133
C            0.97135529664990       -1.45474160470416        0.68781715915583
C            2.07894783822040       -2.21825782009490        0.43947467939693
C            3.17797552602563       -1.67540277091645       -0.24541219837694
C            3.15502389731424       -0.37599849068126       -0.67217391462781
H           -4.32725511203069       -0.85850341856988       -0.86906027174864
H           -3.26356271703083       -1.41418075189884       -2.18179318719050
H           -3.87291188498625        0.25937611310522       -2.17852186080667
H           -1.60219100377761        0.26419063384463       -1.20692681706073
H           -1.07834072385785        2.64558617604336        0.31736441735196
H            0.85886416015966        3.60002791229509       -0.90156104829927
H            2.83047076939872        2.20345213815781       -1.37943179140687
H            0.12444590008611       -1.86090981109498        1.22214140157434
H            2.11407955292531       -3.24598926442961        0.77257253952065
H            4.04609904769407       -2.29259441927295       -0.43083110767775
H            4.00172679870868        0.04490851328597       -1.19770762479182
26
 energy: -42.376884544529 gnorm: 0.009486025610 xtb: 6.7.1 (edcfbbe)
C           -3.52448797052373       -0.56275137590381       -1.54486005189654
N           -2.39832361746331       -0.14742523067571       -0.74681582344615
C           -2.40061773704973       -0.25068478639724        0.59882610308533
O           -3.29263688243470       -0.70049409240088        1.26037583264989
O           -1.26865506194869        0.19936010495891        1.22215714123174
C           -0.20324592097681        0.71963414806810        0.50771672576934
C           -0.21572059961198        2.02925517444704        0.09548468953792
C            0.88631073429900        2.56400730315148       -0.58503037730736
C            1.98123327762502        1.79048386117485       -0.84700243747093
C            2.03105558456882        0.44469014404935       -0.42895263236006
C            0.92226387383807       -0.11013098085419        0.26207501883727
C            0.97162695760648       -1.45304159625133        0.68584040883107
C            2.07680729095739       -2.21676978117963        0.43702425032282
C            3.17449798689587       -1.67412020942391       -0.24658649732203
C            3.15231440145715       -0.37541612151785       -0.67071030343449
H           -4.31778308776031       -0.86002149130181       -0.86200819058947
H           -3.25690779416130       -1.41081176401926       -2.17808713101158
H           -3.87098937928179        0.25943565127428       -2.17222919246893
H           -1.59858451666572        0.25386220531354       -1.21195964495132
H           -1.07806346057071        2.64296270639546        0.30715851528445
H            0.85748919238431        3.59611915417649       -0.89882730830359
H            2.82930334700574        2.20156939410797       -1.37368393775303
H            0.12487694992502       -1.85833033747722        1.21845817164382
H            2.11247250991833       -3.24340400892575        0.76832932457168
H            4.04016463565190       -2.29187514982516       -0.43273569344285
H            3.99734283629657        0.04580118448003       -1.19520186176427
26
 energy: -42.376968153882 gnorm: 0.004097493456 xtb: 6.7.1 (edcfbbe)
C           -3.52272193179814       -0.56418282258443       -1.54313095527461
N           -2.39706092219631       -0.14618151842261       -0.74673104347662
C           -2.39801244417563       -0.24388584194333        0.60117410695314
O           -3.29699712584903       -0.69057980706032        1.25809719549106
O           -1.27010821736717        0.19814451156141        1.22118724898878
C           -0.20325135664209        0.71987615774084        0.50885161349675
C           -0.21611292899831        2.02866628168512        0.09477669396599
C            0.88678646898561        2.56443228624164       -0.58379328936483
C            1.98271670215939        1.79170955453796       -0.84414800159919
C            2.03156850574050        0.44548718796990       -0.42672875034621
C            0.92286135734062       -0.10911562794389        0.26337687790149
C            0.97096221046257       -1.45284353985614        0.68568412165734
C            2.07515704248010       -2.21753031583481        0.43536047722595
C            3.17328138579715       -1.67458450954771       -0.24805558932384
C            3.15224494094661       -0.37511429106890       -0.67004802938027
H           -4.31340936327379       -0.86398302320712       -0.85828336559845
H           -3.25445770354974       -1.41103818966719       -2.17765699680455
H           -3.87334114085064        0.25737853375643       -2.16894162207827
H           -1.59481774744020        0.24353829741713       -1.21764279996187
H           -1.07968584335871        2.64224949397431        0.30161870512347
H            0.85633542296532        3.59611541867394       -0.89814572334242
H            2.83132270431313        2.20242448245709       -1.36999939003742
H            0.12352571023692       -1.85778625968823        1.21742337144414
H            2.11020215948768       -3.24475409300340        0.76436323313526
H            4.03780925703447       -2.29328292937986       -0.43566413379956
H            3.99694640753059        0.04674466863593       -1.19418885675254
26
 energy: -42.377009004272 gnorm: 0.002431165577 xtb: 6.7.1 (edcfbbe)
C           -3.52306154879433       -0.56659685543194       -1.54189714679760
N           -2.39626944465879       -0.14604212680872       -0.74777331824282
C           -2.39597971383575       -0.23782662548269        0.60281841349185
O           -3.30354524629675       -0.67662851552600        1.25624612851968
O           -1.26978636178399        0.19805012932434        1.22156062337005
C           -0.20232636759377        0.72105646271480        0.50974620459195
C           -0.21650018113003        2.02919342953074        0.09436497207158
C            0.88757305264067        2.56581267159446       -0.58300204503629
C            1.98504380004301        1.79374110822245       -0.84126116744063
C            2.03315945506419        0.44686005561171       -0.42406937878165
C            0.92384649808097       -0.10801579047024        0.26554491771315
C            0.97026099278210       -1.45295554064313        0.68607870882101
C            2.07359377727354       -2.21880552106080        0.43330896116997
C            3.17273778200510       -1.67547892117324       -0.24974498352591
C            3.15338185391734       -0.37472353765954       -0.66902415579477
H           -4.31133134361901       -0.86973373592312       -0.85526127306286
H           -3.25421352886819       -1.41210011518861       -2.17850117411710
H           -3.87872830977502        0.25471750524901       -2.16596748164907
H           -1.59014540872113        0.22930236139088       -1.22421629060630
H           -1.08140295786115        2.64252812045811        0.29842663596796
H            0.85620798081555        3.59772390018309       -0.89757655569724
H            2.83485851739517        2.20467767828921       -1.36570678723274
H            0.12203926046506       -1.85789049881944        1.21724758028104
H            2.10752279316179       -3.24720469866581        0.75979145355194
H            4.03644301916330       -2.29532878438080       -0.43931936301155
H            3.99836518011098        0.04757195010901       -1.19305838031092
26
 energy: -42.377024603048 gnorm: 0.002653387474 xtb: 6.7.1 (edcfbbe)
C           -3.52411386877300       -0.56900492981277       -1.54122742254351
N           -2.39658068382555       -0.14592857918718       -0.74877462892434
C           -2.39692105023931       -0.23238010569572        0.60315193502126
O           -3.30846415695037       -0.66568803560218        1.25543187533802
O           -1.26893657547654        0.19846272184963        1.22186524758988
C           -0.20152801153999        0.72184439425754        0.50938395094407
C           -0.21637877189153        2.02992831821724        0.09432490884071
C            0.88853665618345        2.56686015721625       -0.58219155180890
C            1.98676783500592        1.79504183971372       -0.83915277471666
C            2.03450436635567        0.44770914272821       -0.42260106469091
C            0.92441520111496       -0.10762317663556        0.26629982549243
C            0.96996044941335       -1.45313387859672        0.68580337603234
C            2.07285899547609       -2.21949002204707        0.43165185129154
C            3.17265929517528       -1.67599910694327       -0.25084122564216
C            3.15452057674086       -0.37442419078529       -0.66814891154005
H           -4.31077520926270       -0.87430725849188       -0.85352359680163
H           -3.25453660903522       -1.41349617515604       -2.17915016828096
H           -3.88323145587987        0.25207084067688       -2.16414346843654
H           -1.58703283985011        0.21849863004996       -1.22793860217168
H           -1.08194003644891        2.64289708874199        0.29775000443593
H            0.85711912375743        3.59896838090837       -0.89700011700692
H            2.83741653063115        2.20642329466966       -1.36240468188794
H            0.12149225804091       -1.85818322674719        1.21689080539510
H            2.10584467473222       -3.24870284725841        0.75648543960645
H            4.03594156040644       -2.29647926862472       -0.44162928209562
H            4.00014529612022        0.04804009799829       -1.19155662519718
26
 energy: -42.377040827146 gnorm: 0.002565172098 xtb: 6.7.1 (edcfbbe)
C           -3.52578169103284       -0.57227464193599       -1.54011120818591
N           -2.39710176277036       -0.14657738813219       -0.75005184895835
C           -2.39924182944703       -0.22571683936043        0.60289414622790
O           -3.31628878092642       -0.64751508677192        1.25513766345670
O           -1.26803849368559        0.19924247326869        1.22163347906725
C           -0.20070010766587        0.72273514732451        0.50812299937229
C           -0.21611083121428        2.03086908903087        0.09375359738948
C            0.89003644007810        2.56809361574856       -0.58099474529830
C            1.98905072371488        1.79659059568855       -0.83603527989834
C            2.03631655338594        0.44877963606464       -0.42077063169809
C            0.92506977631310       -0.10717758352129        0.26668540525712
C            0.96963287888921       -1.45327254167630        0.68456439708493
C            2.07194917578647       -2.22011979945541        0.42889008772856
C            3.17256081762848       -1.67641769973802       -0.25229745973246
C            3.15608455176933       -0.37381660758408       -0.66667173056693
H           -4.30976872234309       -0.88091653632710       -0.85079778745666
H           -3.25495785849982       -1.41492752788428       -2.17997870403049
H           -3.88971960862042        0.24854663618480       -2.16101956488055
H           -1.58172564792439        0.20074447536165       -1.23210796219029
H           -1.08222667895218        2.64328147101221        0.29683973789026
H            0.85925027790388        3.60049827217722       -0.89556032496774
H            2.84083619064468        2.20876210080046       -1.35718175599120
H            0.12089713629514       -1.85859809356011        1.21524008146422
H            2.10364517279682       -3.25023675638305        0.75160222232553
H            4.03529544604716       -2.29751941495961       -0.44443627063434
H            4.00278042180996        0.04884711007134       -1.18859344453186
26
 energy: -42.377053661563 gnorm: 0.001959564275 xtb: 6.7.1 (edcfbbe)
C           -3.52687998775194       -0.57548661679813       -1.53896823244146
N           -2.39770662261017       -0.14734279905109       -0.75073402407390
C           -2.40287201005631       -0.21842879919150        0.60249293523958
O           -3.32394011553379       -0.62838414360772        1.25601346792383
O           -1.26774956649303        0.20001742076601        1.22072798278692
C           -0.20034121562694        0.72317158396904        0.50660629074417
C           -0.21565786663410        2.03149056503614        0.09303373754988
C            0.89154592502915        2.56898873332990       -0.57963148788208
C            1.99103603754150        1.79775533927560       -0.83307867126610
C            2.03773360070095        0.44955113474890       -0.41945186066800
C            0.92537876002707       -0.10696145357004        0.26609432031483
C            0.96918887417963       -1.45347053158241        0.68225909410596
C            2.07112076621872       -2.22056719921615        0.42586836326285
C            3.17249758539547       -1.67654143628719       -0.25350737562972
C            3.15737271540067       -0.37312018982981       -0.66522680543199
H           -4.30822970418400       -0.88726193569277       -0.84818676384165
H           -3.25466669225481       -1.41612642559480       -2.18066001048614
H           -3.89516584880410        0.24507618921668       -2.15775385082606
H           -1.57606543419201        0.18236223012231       -1.23449870377824
H           -1.08218763122906        2.64331705257723        0.29556892900556
H            0.86169375011241        3.60160767976578       -0.89358205643116
H            2.84380569667866        2.21072037210889       -1.35198431887751
H            0.12016534334197       -1.85911595598895        1.21216503698603
H            2.10173486893658       -3.25126145688573        0.74682328528448
H            4.03484186689929       -2.29790709495252       -0.44638014106481
H            4.00509045488901        0.04982184277605       -1.18525404226254
26
 energy: -42.377063480424 gnorm: 0.001111581625 xtb: 6.7.1 (edcfbbe)
C           -3.52746216301578       -0.57904818590151       -1.53754344496530
N           -2.39808971088851       -0.14942474594434       -0.75066085820185
C           -2.40779500214751       -0.21017483219988        0.60208444321354
O           -3.33343461431366       -0.60238541471202        1.25911681747865
O           -1.26823540706765        0.20105615060730        1.21882761490943
C           -0.20056540155924        0.72322711923057        0.50484907198005
C           -0.21503239300063        2.03175575138207        0.09164710103686
C            0.89331651255878        2.56978986350723       -0.57791769304605
C            1.99323134504012        1.79892570273146       -0.82970302709365
C            2.03895425349716        0.45029088162971       -0.41829357579866
C            0.92541026658734       -0.10674065808238        0.26448769882892
C            0.96830108909785       -1.45381455859500        0.67806961288349
C            2.07004180407634       -2.22101008615730        0.42182168572268
C            3.17250230352342       -1.67628533460437       -0.25454115109373
C            3.15857653390266       -0.37209679701183       -0.66349209436889
H           -4.30589487974662       -0.89451467795318       -0.84536627817319
H           -3.25356702089108       -1.41699283962200       -2.18146348871485
H           -3.90015608985795        0.24144200751784       -2.15356064236623
H           -1.56830114853103        0.15785449717381       -1.23474558904607
H           -1.08186893691589        2.64305600732862        0.29314542492340
H            0.86473290728121        3.60262663041966       -0.89055826928541
H            2.84704192508677        2.21272555660326       -1.34583652144684
H            0.11843531808976       -1.86008387456362        1.20583358439849
H            2.09950062388614       -3.25216659572084        0.74072479424150
H            4.03471875949496       -2.29749368914005       -0.44731491056912
H            4.00738267579386        0.05138622752053       -1.18085520720446
26
 energy: -42.377065404010 gnorm: 0.000685628059 xtb: 6.7.1 (edcfbbe)
C           -3.52673234931358       -0.57866791354939       -1.53780982268390
N           -2.39787466069145       -0.15001393657854       -0.74986586765113
C           -2.40780367731119       -0.21019141351520        0.60267492258263
O           -3.33220554419961       -0.60352007816878        1.26034832274029
O           -1.26858797625391        0.20097561012914        1.21876606919148
C           -0.20095054233701        0.72284442602890        0.50536273650059
C           -0.21496227223197        2.03136786988735        0.09178545531215
C            0.89299506133018        2.56954070571004       -0.57812118039435
C            1.99283013408966        1.79869852374872       -0.83046501639004
C            2.03842758683990        0.45008861645861       -0.41880844233450
C            0.92512259409049       -0.10687245700653        0.26395104634565
C            0.96798234355608       -1.45407357365844        0.67735299391040
C            2.07004442955733       -2.22107825561623        0.42193134581641
C            3.17270197350409       -1.67604088230339       -0.25397466392042
C            3.15826209943147       -0.37210397071666       -0.66371310950578
H           -4.30629192708449       -0.89303264432930       -0.84640278318142
H           -3.25319300461241       -1.41711226179544       -2.18120785114654
H           -3.89771694561092        0.24202329223859       -2.15443267437573
H           -1.56876306301036        0.15941020370310       -1.23251529338469
H           -1.08169477836704        2.64294201678701        0.29308176830150
H            0.86403785748741        3.60235227661723       -0.89060860841249
H            2.84647426066331        2.21228452552171       -1.34691465361964
H            0.11776580233703       -1.86044568284460        1.20446009704390
H            2.09977506316368       -3.25210063168412        0.74105164702073
H            4.03532082876356       -2.29690694948612       -0.44588298685134
H            4.00678025619055        0.05153668986605       -1.18128835267103
26
 energy: -42.377066123084 gnorm: 0.000460485199 xtb: 6.7.1 (edcfbbe)
C           -3.52647252261546       -0.57878221494475       -1.53781484636761
N           -2.39751495536857       -0.15147598615510       -0.74940577468912
C           -2.40802224819311       -0.20936442290898        0.60336933620457
O           -3.33386657369453       -0.59933736456891        1.26168559832847
O           -1.26865437356795        0.20098184841036        1.21881586470724
C           -0.20111553033030        0.72264487942146        0.50558654103200
C           -0.21496930789656        2.03114311602729        0.09178975471556
C            0.89288985062077        2.56956608131695       -0.57806341808486
C            1.99286505683759        1.79888554615454       -0.83048105206115
C            2.03832500786325        0.45020476803852       -0.41883044932268
C            0.92505911693490       -0.10688854865499        0.26368592529018
C            0.96769945390184       -1.45436879804449        0.67648889948752
C            2.06991768185246       -2.22125131563326        0.42138844743650
C            3.17290231866185       -1.67582741780153       -0.25383522423349
C            3.15833106493176       -0.37189573016411       -0.66360035593619
H           -4.30679641013846       -0.89215894874608       -0.84676956188537
H           -3.25344554211769       -1.41770669019415       -2.18082555381846
H           -3.89618747751183        0.24217913418939       -2.15491112282284
H           -1.56695730291907        0.15551810867954       -1.23179008009006
H           -1.08164856045895        2.64289590481888        0.29305084789718
H            0.86357542952280        3.60241055761612       -0.89041758675858
H            2.84654318048311        2.21242726027037       -1.34689969060759
H            0.11704183005764       -1.86098473575404        1.20273641139227
H            2.09960528181798       -3.25243332636978        0.74002824142225
H            4.03580675715572       -2.29649080928534       -0.44522558654900
H            4.00683232415162        0.05201320972581       -1.18100046644401
26
 energy: -42.377066523329 gnorm: 0.000275361066 xtb: 6.7.1 (edcfbbe)
C           -3.52642586229747       -0.57888694934226       -1.53788312991424
N           -2.39737242316551       -0.15238640651352       -0.74917634711722
C           -2.40847326145354       -0.20866731389029        0.60367798680673
O           -3.33459182655265       -0.59753251513168        1.26213003177136
O           -1.26846996143733        0.20092765181671        1.21903321279997
C           -0.20113571126648        0.72254499494388        0.50555250800806
C           -0.21499053541722        2.03111323801391        0.09195434725314
C            0.89276809257686        2.56954764671794       -0.57811241253383
C            1.99276899900894        1.79891233043631       -0.83061704813701
C            2.03830249639900        0.45023132103207       -0.41893898172224
C            0.92499621682046       -0.10700599586531        0.26346325529270
C            0.96760267242843       -1.45458293670482        0.67601848546897
C            2.06994592698443       -2.22132949369185        0.42107413050099
C            3.17310774992784       -1.67569981374817       -0.25374271377150
C            3.15847610683589       -0.37177151238489       -0.66348762619422
H           -4.30748131825696       -0.89108039518810       -0.84710350416939
H           -3.25398522302361       -1.41842010397341       -2.18038644638635
H           -3.89498455553199        0.24220759973964       -2.15557176196944
H           -1.56624069921728        0.15385603386321       -1.23116301658866
H           -1.08158925784844        2.64290708540726        0.29355106192897
H            0.86334112194313        3.60242073490631       -0.89045271857755
H            2.84644171738876        2.21247715314307       -1.34707209669547
H            0.11682808105135       -1.86133092181959        1.20200321836749
H            2.09964075647430       -3.25258344302803        0.73955088089902
H            4.03620070923537       -2.29623058589591       -0.44484350009839
H            4.00706353837452        0.05226670260121       -1.18070271697916
26
 energy: -42.377066935877 gnorm: 0.000171562381 xtb: 6.7.1 (edcfbbe)
C           -3.52623948153922       -0.57877932132501       -1.53791770909717
N           -2.39679712663590       -0.15400542554440       -0.74891058601196
C           -2.40860647331237       -0.20847934088412        0.60400061812334
O           -3.33546622520963       -0.59561048172527        1.26226190477215
O           -1.26827213572407        0.20069973300440        1.21937567932143
C           -0.20114855582611        0.72243000490620        0.50556356419307
C           -0.21515484074152        2.03104983062753        0.09217401183081
C            0.89244541546778        2.56943974441430       -0.57824700760689
C            1.99245682277993        1.79886927335847       -0.83084786862626
C            2.03822391851783        0.45024692593945       -0.41904511344398
C            0.92493077959355       -0.10714198720529        0.26331996461512
C            0.96756318699144       -1.45479308293684        0.67562260808157
C            2.07002640140173       -2.22136568460871        0.42075307076110
C            3.17332683890819       -1.67551088638352       -0.25365368961991
C            3.15860890388545       -0.37158757801212       -0.66333885855952
H           -4.30844918415802       -0.88882032336169       -0.84743238577986
H           -3.25507515162534       -1.41942361786178       -2.17953309638353
H           -3.89273831688924        0.24255835977766       -2.15658458628399
H           -1.56547142912605        0.15224517147438       -1.23037617422057
H           -1.08164867559522        2.64285712756039        0.29420160682292
H            0.86285740331138        3.60229408511608       -0.89068980074066
H            2.84602348225499        2.21244178656683       -1.34749491088571
H            0.11672064670475       -1.86170548972713        1.20136724703540
H            2.09974711988234       -3.25270544291767        0.73898939466718
H            4.03659100915570       -2.29590267890365       -0.44449621346176
H            4.00728921750845        0.05260340409524       -1.18030657125961
26
 energy: -42.377067227396 gnorm: 0.000188651547 xtb: 6.7.1 (edcfbbe)
C           -3.52598701442343       -0.57872448137145       -1.53788503837408
N           -2.39608197597466       -0.15545585064484       -0.74881659655206
C           -2.40883829499254       -0.20795962388677        0.60419953351183
O           -3.33646394856180       -0.59357819254297        1.26222354734025
O           -1.26827773781342        0.20049148993598        1.21962027117547
C           -0.20113862898947        0.72228303952734        0.50565741257363
C           -0.21533303218812        2.03091165712724        0.09237976790319
C            0.89213846974826        2.56932363260245       -0.57823564098150
C            1.99217759920891        1.79884303523301       -0.83087413475293
C            2.03817147171992        0.45025707284084       -0.41903580793901
C            0.92490962219062       -0.10727108684569        0.26329734292470
C            0.96761822630406       -1.45495088862379        0.67541678849975
C            2.07012883322414       -2.22141485516363        0.42044120987938
C            3.17344773928919       -1.67538393945921       -0.25375861962282
C            3.15866531434070       -0.37140713964802       -0.66326572880532
H           -4.30910341787385       -0.88651678679304       -0.84742898623365
H           -3.25625453823192       -1.42053788130903       -2.17856129946561
H           -3.89054580755226        0.24274942217835       -2.15750012861210
H           -1.56457136938821        0.15053244976680       -1.23023762443450
H           -1.08184564038766        2.64261530402481        0.29453413368636
H            0.86244712439409        3.60213676635329       -0.89077499385377
H            2.84562862914345        2.21250116273011       -1.34763867160800
H            0.11681497633503       -1.86198418617527        1.20110982471732
H            2.09987824310545       -3.25280365919371        0.73848829257825
H            4.03677425663301       -2.29567895559688       -0.44457022845983
H            4.00738445072131        0.05292660037779       -1.18002952685225
26
 energy: -42.377067423764 gnorm: 0.000111096126 xtb: 6.7.1 (edcfbbe)
C           -3.52586500274681       -0.57862905122714       -1.53787490841618
N           -2.39549324377651       -0.15644891427314       -0.74886044476738
C           -2.40888359928466       -0.20777616981797        0.60416910977170
O           -3.33707109521665       -0.59215647747161        1.26213485272033
O           -1.26834969049112        0.20037301272529        1.21971786516917
C           -0.20113237984450        0.72215578282993        0.50579997557382
C           -0.21549127539313        2.03075784146694        0.09244512190898
C            0.89193257400343        2.56927403629126       -0.57814656411433
C            1.99204039949000        1.79887501546535       -0.83076170201557
C            2.03815216666724        0.45028277956246       -0.41894270852224
C            0.92495285349173       -0.10732115576376        0.26343884142497
C            0.96774627538158       -1.45500855423282        0.67548090355405
C            2.07025292481340       -2.22144278648752        0.42032595136360
C            3.17349171397927       -1.67533551906292       -0.25392114978920
C            3.15864733157195       -0.37130509247415       -0.66330182380493
H           -4.30951823515887       -0.88479478284721       -0.84731619719856
H           -3.25722399791174       -1.42132628243167       -2.17784013301368
H           -3.88913141468357        0.24286875004772       -2.15819471177132
H           -1.56399384039202        0.14930988855337       -1.23038420459557
H           -1.08209312139419        2.64233923917557        0.29454898259211
H            0.86219376745135        3.60206701262346       -0.89072643190235
H            2.84542763713721        2.21262660566598       -1.34755242249034
H            0.11699856281241       -1.86212027886806        1.20119996826399
H            2.10002174782048       -3.25285895859095        0.73826570997158
H            4.03680402998664       -2.29559232210096       -0.44488900448043
H            4.00732846166791        0.05309048668628       -1.18005977718950
26
 energy: -42.377067553404 gnorm: 0.000053924041 xtb: 6.7.1 (edcfbbe)
C           -3.52586844102582       -0.57854352622091       -1.53789391773956
N           -2.39511613130050       -0.15714373565245       -0.74896464136771
C           -2.40895426583683       -0.20758738979999        0.60407238324612
O           -3.33754795631772       -0.59104246882858        1.26205234286749
O           -1.26840800795868        0.20023056807226        1.21972756684142
C           -0.20112674109385        0.72201339855733        0.50593987655659
C           -0.21559678302272        2.03059447213777        0.09249411719055
C            0.89180530116963        2.56924475697132       -0.57799459839313
C            1.99198614585251        1.79893238075410       -0.83058459416150
C            2.03815527798975        0.45032106308470       -0.41883398329925
C            0.92503251739262       -0.10734863747660        0.26360719296466
C            0.96793487000277       -1.45502821091207        0.67565542819034
C            2.07041441864296       -2.22144359069001        0.42030854096401
C            3.17351659940171       -1.67530699718120       -0.25412464182627
C            3.15861251123993       -0.37124075304425       -0.66340776893330
H           -4.30997671486472       -0.88330428893764       -0.84723520662846
H           -3.25807741932252       -1.42202538932298       -2.17718047369367
H           -3.88803390703786        0.24292500121038       -2.15887684771319
H           -1.56356349101003        0.14820953396822       -1.23068614904455
H           -1.08232353932251        2.64205321702508        0.29445236698565
H            0.86201360606706        3.60203512330959       -0.89056184890301
H            2.84536246441034        2.21277470450942       -1.34730902090873
H            0.11728598407094       -1.86216824927553        1.20151225379732
H            2.10024125885974       -3.25285938742451        0.73823051957683
H            4.03677772121541       -2.29555435890604       -0.44533843163139
H            4.00719827177920        0.05316686951631       -1.18030536669456
26
 energy: -42.377067631420 gnorm: 0.000054280598 xtb: 6.7.1 (edcfbbe)
C           -3.52593460893101       -0.57844354938331       -1.53794220491060
N           -2.39494587070530       -0.15755411111421       -0.74904234740546
C           -2.40903949204804       -0.20745678038419        0.60399545758356
O           -3.33789636105717       -0.59028266443612        1.26197837524297
O           -1.26842877459684        0.20005856379423        1.21971213839391
C           -0.20113108696936        0.72187932120066        0.50601122010442
C           -0.21568853789362        2.03044504139492        0.09250365392492
C            0.89172114932166        2.56921835421300       -0.57785862600091
C            1.99196660440928        1.79898372824555       -0.83043025301005
C            2.03817389462232        0.45034919423942       -0.41876430706037
C            0.92511925718275       -0.10737428840922        0.26374161351227
C            0.96814181401816       -1.45503553305368        0.67585258829606
C            2.07060235168957       -2.22143035420588        0.42035513859823
C            3.17356272378006       -1.67528950801456       -0.25431238005997
C            3.15859312318743       -0.37120638250631       -0.66354030982920
H           -4.31044317836389       -0.88205596760622       -0.84724072234122
H           -3.25879859377222       -1.42258796680106       -2.17662749290504
H           -3.88722516242983        0.24294815474220       -2.15952776292366
H           -1.56329224879282        0.14733817541070       -1.23087191272357
H           -1.08249647885078        2.64181547264018        0.29438083477317
H            0.86188391598414        3.60202472320551       -0.89036580658429
H            2.84533997755185        2.21289320558662       -1.34710299947572
H            0.11757121572099       -1.86218614570846        1.20183057187186
H            2.10050642086472       -3.25283675582598        0.73830213759727
H            4.03678146854331       -2.29553217279982       -0.44572977525807
H            4.00710002751544        0.05322235101976       -1.18055173116776
