8
 energy: -10.911302669643 gnorm: 0.011736702161 xtb: 6.7.1 (edcfbbe)
C           -2.21581907447833       -0.42044027792297        0.00000186408429
C           -1.18949945035543        0.68736122278119       -0.00000857018673
Br           0.65909050718906       -0.03780042131897        0.00004925707880
H           -3.21962168785495        0.02256367665672       -0.00008429162148
H           -2.11863768576824       -1.05100959260025       -0.88680692326049
H           -2.11873911216627       -1.05089977526424        0.88689976752617
H           -1.24494715862970        1.31215733938655        0.89119788969728
H           -1.24491449285477        1.31211047194971       -0.89124995866196
8
 energy: -10.911490287080 gnorm: 0.006440338359 xtb: 6.7.1 (edcfbbe)
C           -2.20992632160728       -0.41621285390505        0.00000166991680
C           -1.18835487350750        0.69357905190117       -0.00000875625403
Br           0.63245254349640       -0.06222566031624        0.00005466636305
H           -3.21145715827476        0.01700514846341       -0.00007537849993
H           -2.10422848872881       -1.04326738122970       -0.88381663925636
H           -2.10431975500735       -1.04316704322382        0.88390201193676
H           -1.25364758300632        1.31419313975943        0.89223800603119
H           -1.25360651828302        1.31413824221855       -0.89229654558161
8
 energy: -10.911524383734 gnorm: 0.003716490022 xtb: 6.7.1 (edcfbbe)
C           -2.21685260595165       -0.41537448343992        0.00000102643469
C           -1.18081333271215        0.68337247992518       -0.00001029725009
Br           0.63805055522050       -0.03848872210769        0.00006497349388
H           -3.21231789202412        0.02045853938389       -0.00006319803352
H           -2.11132600379167       -1.04146057815317       -0.88138165709277
H           -2.11140056673574       -1.04137185599267        0.88145571385351
H           -1.24923766925304        1.30348486960929        0.89137422767350
H           -1.24919063967077        1.30342239444283       -0.89144175442332
8
 energy: -10.911560490337 gnorm: 0.000807985221 xtb: 6.7.1 (edcfbbe)
C           -2.21424491148657       -0.41680775179697        0.00000123835547
C           -1.18147123810732        0.68732624624987       -0.00001073860535
Br           0.63651280141410       -0.04730622631649        0.00006705428867
H           -3.21124297252729        0.02013188129345       -0.00006112954354
H           -2.10989478168469       -1.04400230275433       -0.88273200761428
H           -2.10996684691298       -1.04391588116832        0.88280441767395
H           -1.25141410593104        1.30934033994804        0.89091531896417
H           -1.25136609968284        1.30927633821250       -0.89098511886323
8
 energy: -10.911561375650 gnorm: 0.000187537459 xtb: 6.7.1 (edcfbbe)
C           -2.21431049185910       -0.41734480491053        0.00000137512545
C           -1.18104515754615        0.68773837805462       -0.00001046971249
Br           0.63509542775146       -0.04781689620875        0.00007015385689
H           -3.21129293014274        0.02047722257937       -0.00005566690186
H           -2.10949606797199       -1.04459588291949       -0.88310370893856
H           -2.10956159196502       -1.04451564168597        0.88317122332208
H           -1.25126576854548        1.31008509281481        0.89106881476388
H           -1.25121157463961        1.31001517594368       -0.89114268685952
8
 energy: -10.911561449391 gnorm: 0.000139409926 xtb: 6.7.1 (edcfbbe)
C           -2.21441282444759       -0.41719973439260        0.00000106766003
C           -1.18068169697103        0.68738258300068       -0.00001232932824
Br           0.63590693440266       -0.04752332333875        0.00007564118292
H           -3.21134473085404        0.02061695812728       -0.00005192247403
H           -2.10967812518068       -1.04438490191787       -0.88303723813842
H           -2.10973798878125       -1.04430762771750        0.88310138804363
H           -1.25159573897474        1.30976418886072        0.89097020687041
H           -1.25154398411195        1.30969450104579       -0.89104777916044
