16
 energy: -25.515631220045 gnorm: 0.030218872541 xtb: 6.7.1 (edcfbbe)
C            2.48885024551903       -1.15544489330029        0.20877963165349
C            1.70350108416928        0.13359321458668        0.14324629401427
O            2.26489948396506        1.21383456268581        0.10088818144935
C            0.20949869766165        0.06077919586719        0.13287324163711
C           -0.52781487188328        1.24498586727097        0.04490917727135
C           -1.90998619922325        1.17420139765148        0.03228250017059
C           -2.51329178413021       -0.08053952720618        0.11027701465817
N           -1.83099437376670       -1.22595551341642        0.19799601306335
C           -0.49833449381835       -1.14308064931742        0.20757998732432
H            2.23499477437484       -1.80769373868805       -0.63332613913506
H            2.25497536668958       -1.70437074268311        1.12728304555266
H            3.55318998602894       -0.92269946950226        0.18470447456800
H            0.00396422027055        2.18915519304171       -0.01262623252600
H           -2.51831306330586        2.06980676612681       -0.03649460374771
H           -3.59848201238942       -0.16938937068927        0.10244220624296
H            0.02985087216140       -2.09193965568600        0.27933299165158
16
 energy: -25.516620165087 gnorm: 0.008889167377 xtb: 6.7.1 (edcfbbe)
C            2.47602542136473       -1.15238731264178        0.20836940613376
C            1.70173379498304        0.13811489411202        0.14405520446144
O            2.26045930525879        1.21233341896869        0.10107881405769
C            0.21384472117340        0.05614294082370        0.13259217106848
C           -0.52286362741329        1.23945003233460        0.04443587589869
C           -1.90253187105298        1.17004356825504        0.03285422387636
C           -2.50032531396676       -0.08122887691093        0.11064816060210
N           -1.81867974739804       -1.21488890539480        0.19695130501142
C           -0.49702898779723       -1.14195371599581        0.20696396936141
H            2.22275139037496       -1.79344561404820       -0.63591098097351
H            2.24165070325064       -1.69028479927175        1.12712395073282
H            3.53907777019603       -0.92616471284076        0.18530147852181
H            0.00541987923947        2.18135177237823       -0.01277492137321
H           -2.50870883033729        2.06175203363232       -0.03517106685660
H           -3.57942545135410       -0.18040434135287        0.10357330901354
H            0.01510877580188       -2.09318774530606        0.28005688431223
16
 energy: -25.516739017157 gnorm: 0.001918531873 xtb: 6.7.1 (edcfbbe)
C            2.47020753855037       -1.15066042357075        0.20815903519535
C            1.70348092847068        0.14377779901110        0.14253837764585
O            2.26108729148005        1.21661202650897        0.10102209675263
C            0.21802504136326        0.05391220552796        0.13274783011925
C           -0.52081008943154        1.23629516841494        0.04468103736008
C           -1.90052458021953        1.16926823339824        0.03305435819717
C           -2.49621607189936       -0.08187694670689        0.11063086275080
N           -1.81163712804682       -1.20953079662252        0.19653030158505
C           -0.49415966697066       -1.14316408792304        0.20733506010799
H            2.21388289355787       -1.78543075803708       -0.63710326443713
H            2.23032515558491       -1.68268223254325        1.12634591316185
H            3.53498593832152       -0.93320679391819        0.18705515285888
H            0.00608079889375        2.17742861744573       -0.01322002906765
H           -2.50421952505645        2.06069668596754       -0.03449463509887
H           -3.57298330694009       -0.18874847113207        0.10458385985037
H            0.00898271466528       -2.09744758907904        0.28028182686681
16
 energy: -25.516752180996 gnorm: 0.001222193008 xtb: 6.7.1 (edcfbbe)
C            2.46943899203332       -1.14983092620877        0.20791498700388
C            1.70556016916547        0.14734223940243        0.14392797490095
O            2.26252571338076        1.22027055756733        0.10101267350923
C            0.22043891698217        0.05339590812113        0.13247533711916
C           -0.52086851627902        1.23454173809302        0.04402377093127
C           -1.90109495095977        1.16976842558623        0.03308234487830
C           -2.49661031725316       -0.08193493906017        0.11098842974857
N           -1.80903648998969       -1.20788227507250        0.19654025332598
C           -0.49173798852089       -1.14445622269067        0.20733746563184
H            2.20918573543651       -1.78128855669074       -0.63836673129060
H            2.22478661788911       -1.68006003535841        1.12556208147255
H            3.53589498618367       -0.93912672534216        0.18785123087504
H            0.00589374830758        2.17587074242791       -0.01380136626137
H           -2.50247534544757        2.06266547867151       -0.03436878430013
H           -3.57290121819601       -0.19325161029963        0.10465261052896
H            0.00750787959078       -2.10078116240487        0.28131550577480
16
 energy: -25.516753029719 gnorm: 0.000586027368 xtb: 6.7.1 (edcfbbe)
C            2.47012031555569       -1.14981695292572        0.20798027969002
C            1.70589952065943        0.14730544531939        0.14173821188990
O            2.26262975309543        1.22055330192522        0.10094261423497
C            0.22041012408750        0.05372892913442        0.13281628560454
C           -0.52130506016546        1.23441339953857        0.04467640975955
C           -1.90152237571136        1.16989418868839        0.03300539850569
C           -2.49722890840394       -0.08183198100893        0.11067898624879
N           -1.80936035761694       -1.20816178376927        0.19671539950044
C           -0.49152548587949       -1.14438430245922        0.20788708002164
H            2.21064853516940       -1.78127033256518       -0.63884202903929
H            2.22377738010762       -1.68067668710271        1.12520374853314
H            3.53650979095978       -0.93948112860608        0.18943059501936
H            0.00565410318117        2.17593773745626       -0.01392599403626
H           -2.50221039878692        2.06351064315395       -0.03451392655691
H           -3.57361184645614       -0.19352549826000        0.10523478772940
H            0.00762284252747       -2.10095234177745        0.28111993674345
16
 energy: -25.516753692212 gnorm: 0.000254848841 xtb: 6.7.1 (edcfbbe)
C            2.47023073622026       -1.14985322810622        0.20788693091577
C            1.70577779267052        0.14710909849639        0.14319781916314
O            2.26248380018737        1.22030665404773        0.10095802507596
C            0.22021859787467        0.05379763163515        0.13266804564951
C           -0.52133987024065        1.23443422714719        0.04417361196404
C           -1.90151825333407        1.16982881200217        0.03297130232578
C           -2.49722665408286       -0.08176607296377        0.11095485408490
N           -1.80957495335529       -1.20826858239351        0.19689039831394
C           -0.49169795331288       -1.14423280156917        0.20780631428606
H            2.21097272531375       -1.78114119007452       -0.63923037925753
H            2.22431382575925       -1.68143741545820        1.12479437286637
H            3.53641732224795       -0.93897154076635        0.18929155526635
H            0.00562814384279        2.17601700135328       -0.01407618007590
H           -2.50211463724386        2.06351293080239       -0.03465810248670
H           -3.57359814798022       -0.19340359442890        0.10495735321121
H            0.00753545775654       -2.10068929298203        0.28156186254552
16
 energy: -25.516753808904 gnorm: 0.000083371043 xtb: 6.7.1 (edcfbbe)
C            2.47003262813597       -1.14981210713887        0.20786028503778
C            1.70578047761364        0.14716614047354        0.14303806734933
O            2.26248676129087        1.22032041011484        0.10093644460112
C            0.22028494877243        0.05372580572209        0.13272326023605
C           -0.52123758035552        1.23440367696360        0.04418779053187
C           -1.90144440583201        1.16977996824162        0.03294645559388
C           -2.49706717762676       -0.08177215410753        0.11100554246222
N           -1.80941024884707       -1.20812704446817        0.19700574251099
C           -0.49168531191008       -1.14423061700042        0.20791450658036
H            2.21123935160141       -1.78066461880938       -0.63962511831368
H            2.22364400850176       -1.68163854210585        1.12441115007975
H            3.53626882440747       -0.93893032484370        0.18987609778022
H            0.00564834784837        2.17594315592711       -0.01420375633012
H           -2.50198015188817        2.06341903300578       -0.03475878383937
H           -3.57337745607942       -0.19358945005800        0.10509728464024
H            0.00732491669038       -2.10075069517502        0.28173281492780
16
 energy: -25.516753873711 gnorm: 0.000062471674 xtb: 6.7.1 (edcfbbe)
C            2.47004266941995       -1.14980417103261        0.20782720328278
C            1.70579788666969        0.14716388519948        0.14299654063109
O            2.26250158778792        1.22033014587549        0.10088660737382
C            0.22028891234020        0.05372876711515        0.13279046660021
C           -0.52123222454613        1.23440075933885        0.04413009216512
C           -1.90146768230893        1.16977734553134        0.03288344882498
C           -2.49709184391672       -0.08175451552510        0.11107153139259
N           -1.80941353400393       -1.20811715871638        0.19719717376633
C           -0.49168062693629       -1.14422809303660        0.20811567391000
H            2.21182863881969       -1.78020073585728       -0.64018270214597
H            2.22304796621932       -1.68215067531115        1.12390975221653
H            3.53630574087164       -0.93890144960326        0.19062950681493
H            0.00562501498020        2.17594096042077       -0.01438296286870
H           -2.50194240384756        2.06345384202627       -0.03490530099740
H           -3.57340515019951       -0.19362397841405        0.10525120561253
H            0.00730298097371       -2.10077229126929        0.28192954726961
