15
 energy: -196.461136729802 gnorm: 0.001161589327 xtb: 6.7.1 (edcfbbe)
C           -2.23061159477072        0.05858966659515       -0.41157550468793
C           -1.02551929074879        0.48967591129864        0.43424449453052
C           -0.00450031034057       -0.59934008736599        0.55709512400113
C            1.28335917120392       -0.55977723346370        0.20517369990694
C            2.03301960924349        0.58936885285403       -0.39344799266029
H           -1.92153624824485       -0.17680768871764       -1.43442779091921
H           -2.98557444334679        0.84984530363010       -0.45321500663340
H           -2.70311583827638       -0.83593635903170        0.00758031200943
H           -0.58233179343329        1.39706352135338        0.01285338618797
H           -1.37810880079077        0.75834815684722        1.44017238273168
H           -0.37859213744218       -1.53150163239528        0.98127856902035
H            1.87504814276048       -1.45835583760489        0.37639175926318
H            1.38184946611977        1.40956554380395       -0.69863508017761
H            2.60295081719347        0.26381486566511       -1.27048646351674
H            2.76249842704935        0.99075542918010        0.32070997732747
15
 energy: -196.461145267665 gnorm: 0.000472095466 xtb: 6.7.1 (edcfbbe)
C           -2.22905291658354        0.05815819555468       -0.41261364414832
C           -1.02589015069412        0.49089557443911        0.43490522079557
C           -0.00413184790816       -0.59775733204119        0.55926776482805
C            1.28319485915034       -0.55952280362186        0.20606691956779
C            2.03291527035285        0.58940502210431       -0.39299244393818
H           -1.91820278176311       -0.17704258024921       -1.43495239816158
H           -2.98561984705841        0.84757693635141       -0.45564988833319
H           -2.70010587444112       -0.83712597970232        0.00651609382638
H           -0.58354099517559        1.39871800275276        0.01428923514837
H           -1.37985353944503        0.75849425099930        1.44040546306864
H           -0.38027895169820       -1.52971738237486        0.98297559328676
H            1.87461669103555       -1.45873524230313        0.37524579294930
H            1.38084096511055        1.41195141171588       -0.69388885891361
H            2.59618567055124        0.26326330683172       -1.27463245584142
H            2.76775872984398        0.98674711525593        0.31876988728959
15
 energy: -196.461159281874 gnorm: 0.001469737287 xtb: 6.7.1 (edcfbbe)
C           -2.22490284292065        0.05660518408202       -0.41520579558751
C           -1.02715336788833        0.49386754402564        0.43742047047394
C           -0.00456650333108       -0.59476182879474        0.56309293723555
C            1.28200245675902       -0.55893778900268        0.20791394689060
C            2.03196019431070        0.58873183743902       -0.39355672917565
H           -1.90860520056165       -0.17727835346948       -1.43621032652393
H           -2.98485527554481        0.84241831041253       -0.46143001951328
H           -2.69352223927783       -0.84091238627044        0.00196031691164
H           -0.58585501584278        1.40312848717729        0.01939090575197
H           -1.38564468780968        0.75874727922097        1.44185726518322
H           -0.38363899637498       -1.52527434053001        0.98835105069627
H            1.87328384069863       -1.45841375528577        0.37618668349271
H            1.38068918376623        1.41811190300322       -0.68035903877263
H            2.57935794159138        0.26374882247006       -1.28623311614993
H            2.78028592895441        0.97552781403031        0.31053496384405
15
 energy: -196.461173606305 gnorm: 0.003404255593 xtb: 6.7.1 (edcfbbe)
C           -2.21656841834870        0.05405642017349       -0.42242129345121
C           -1.03045019167818        0.49797744483441        0.44319108969803
C           -0.00487538032637       -0.58790215144688        0.57554967431453
C            1.27986743976154       -0.55629574814719        0.21467497245976
C            2.02909780601103        0.58725202637391       -0.39592579313359
H           -1.88684580714010       -0.17616367535543       -1.44011860169642
H           -2.98374267711497        0.83240914363968       -0.47599403902381
H           -2.68060920450205       -0.84857504336629       -0.01117612192884
H           -0.59086669959143        1.41057622115773        0.03105000001777
H           -1.40011515823752        0.75766933440362        1.44474457066452
H           -0.38693145557051       -1.51599320872560        1.00368514581826
H            1.87025722345067       -1.45709661480740        0.37980805006337
H            1.38200430056644        1.43330378190438       -0.64623716545936
H            2.53786089101622        0.26598622139325       -1.31462095452072
H            2.81075293466266        0.94810515877605        0.28750699952744
15
 energy: -196.461185644541 gnorm: 0.002436015604 xtb: 6.7.1 (edcfbbe)
C           -2.21588302862320        0.05401847089489       -0.42333788957024
C           -1.03075434597955        0.49752754796857        0.44389531979331
C           -0.00523317107862       -0.58811606892113        0.57594487387626
C            1.27953434156195       -0.55601177064205        0.21484182131462
C            2.02835452473645        0.58710861259979       -0.39668432748074
H           -1.88539386075368       -0.17490574254238       -1.44100626144330
H           -2.98260066540475        0.83272419362751       -0.47658436262720
H           -2.68060541509876       -0.84892705649771       -0.01360579433367
H           -0.59083696880968        1.41044424248192        0.03270046754652
H           -1.40153279405561        0.75669582894161        1.44518085509348
H           -0.38540687066457       -1.51584719281780        1.00634171272201
H            1.87043169816787       -1.45600270335658        0.38239794149087
H            1.38271409838073        1.43411511939204       -0.64417528229921
H            2.53396302211197        0.26649022004861       -1.31636460896580
H            2.81208483552152        0.94599565337744        0.28417239830968
15
 energy: -196.461209001449 gnorm: 0.000541119168 xtb: 6.7.1 (edcfbbe)
C           -2.21198628189525        0.05377209936197       -0.42860531490186
C           -1.03261612182818        0.49588782192135        0.44764756363916
C           -0.00583316802610       -0.58724805134429        0.58242912359364
C            1.27871916292087       -0.55355161144270        0.21934420593353
C            2.02495267065655        0.58622593607089       -0.40032872614725
H           -1.87524878606838       -0.16961489604948       -1.44538983642093
H           -2.97838592189178        0.83275241308974       -0.48232986882380
H           -2.67885883177653       -0.85142269473749       -0.02627515227988
H           -0.59118938843963        1.41058669139764        0.04139994269861
H           -1.41069784260649        0.75228215455057        1.44708680546867
H           -0.37981496722913       -1.51422171012147        1.01921202611382
H            1.87071686124828       -1.45168105146516        0.39246966945125
H            1.38470723532446        1.44035128389785       -0.62861010007642
H            2.51000919032582        0.26839453183163       -1.33040758745536
H            2.82436077179761        0.93279673144919        0.26607607906097
15
 energy: -196.461215178855 gnorm: 0.002026690614 xtb: 6.7.1 (edcfbbe)
C           -2.20309547750021        0.05276044299563       -0.43925640895036
C           -1.03641956597872        0.49477675555622        0.45512486766402
C           -0.00647066406209       -0.58363895344909        0.59710760717139
C            1.27679587319321       -0.54946457606976        0.22849178879294
C            2.01886716965952        0.58464420599231       -0.40574499642016
H           -1.85243491978164       -0.16174382950756       -1.45344405144112
H           -2.97199074263671        0.82922067475446       -0.49683935738092
H           -2.67125884546083       -0.85734656658252       -0.04951295569368
H           -0.59371205681390        1.41314429136179        0.05797402359436
H           -1.42894876330615        0.74536985982155        1.45070136273679
H           -0.37325031798733       -1.50823593604956        1.04436589561002
H            1.87062165304110       -1.44522787538265        0.40773775512490
H            1.38688815682653        1.45571817299815       -0.59233224764508
H            2.45831200330778        0.27150204630885       -1.36218337771534
H            2.85492997711436        0.90383158534182        0.23153291230364
15
 energy: -196.461220142574 gnorm: 0.000660553914 xtb: 6.7.1 (edcfbbe)
C           -2.20442970471649        0.05371269022840       -0.43804298574195
C           -1.03568416677783        0.49388253864998        0.45412359339374
C           -0.00578307830057       -0.58464755774839        0.59634543496791
C            1.27767123441390       -0.54997405523477        0.22857755580170
C            2.01920818506650        0.58480528507490       -0.40523262151649
H           -1.85574687424902       -0.16172003604159       -1.45255993061470
H           -2.97254656824501        0.83114328608433       -0.49483019621749
H           -2.67296182542075       -0.85554216834513       -0.04711083754528
H           -0.59286700212723        1.41174220534694        0.05616365770447
H           -1.42638987372530        0.74508434677528        1.45006848428299
H           -0.37341055207111       -1.50999442322200        1.04105968155322
H            1.87150682719254       -1.44609327069631        0.40590665583190
H            1.38621429817755        1.45235035908849       -0.59910563382989
H            2.46534508186919        0.27096055042815       -1.35677674298920
H            2.84870735689495        0.90960043347379        0.23513623735956
15
 energy: -196.461220142574 gnorm: 0.000660553914 xtb: 6.7.1 (edcfbbe)
C           -2.20442970471649        0.05371269022840       -0.43804298574195
C           -1.03568416677783        0.49388253864998        0.45412359339374
C           -0.00578307830057       -0.58464755774839        0.59634543496791
C            1.27767123441390       -0.54997405523477        0.22857755580170
C            2.01920818506650        0.58480528507490       -0.40523262151649
H           -1.85574687424902       -0.16172003604159       -1.45255993061470
H           -2.97254656824501        0.83114328608433       -0.49483019621749
H           -2.67296182542075       -0.85554216834513       -0.04711083754528
H           -0.59286700212723        1.41174220534694        0.05616365770447
H           -1.42638987372530        0.74508434677528        1.45006848428299
H           -0.37341055207111       -1.50999442322200        1.04105968155322
H            1.87150682719254       -1.44609327069631        0.40590665583190
H            1.38621429817755        1.45235035908849       -0.59910563382989
H            2.46534508186919        0.27096055042815       -1.35677674298920
H            2.84870735689495        0.90960043347379        0.23513623735956
