22
 energy: -42.915740341234 gnorm: 0.026787957895 xtb: 6.7.1 (edcfbbe)
C           -4.41521191651332        0.00011358088349       -0.00063593358189
C           -3.71785872077490       -0.48117829248125       -1.10469189890149
C           -2.32772313406627       -0.48410265477338       -1.10486583039183
C           -1.62494180940451       -0.00022599843787       -0.00042191397386
C           -2.32779258556442        0.48377624165155        1.10393048785037
C           -3.71792065745021        0.48120222469839        1.10354799737945
C           -0.14233259993718       -0.00020274727377       -0.00025414555422
C            0.60239373794507       -1.17779020218523        0.15202077886596
C            1.99213578333851       -1.20238510806975        0.15458140483848
C            2.66683444986430        0.00004980465273        0.00058365140506
C            1.99201539143050        1.20235522133953       -0.15389648766335
C            0.60228119361577        1.17750669406260       -0.15218605999016
Cl          -0.23127135988588        2.69847965482866       -0.37461940337891
Cl           4.41469344418181        0.00022494540339        0.00120965604588
Cl          -0.23103296352841       -2.69891323540940        0.37387498281571
H           -5.50039883101214        0.00028102845204       -0.00073672502800
H           -4.25689750690555       -0.85619161025838       -1.96861287213042
H           -1.78021764431925       -0.86161526200193       -1.96273271297610
H           -1.78031303401321        0.86116518188123        1.96186900123409
H           -4.25699371639788        0.85635766706137        1.96738565098552
H            2.52889045406691       -2.13341848084876        0.27982142535825
H            2.52867369418459        2.13348659450382       -0.27881926499417
22
 energy: -42.916993453910 gnorm: 0.016248761115 xtb: 6.7.1 (edcfbbe)
C           -4.39877158323376        0.00008909132894       -0.00063748259495
C           -3.70444142926539       -0.48246968352081       -1.09818115007516
C           -2.31998346758782       -0.48799754872126       -1.09828779554987
C           -1.61907761576561       -0.00018829919026       -0.00042087082092
C           -2.32007246730968        0.48772311338360        1.09735156337493
C           -3.70452507707681        0.48247783222663        1.09703493623383
C           -0.13899667906261       -0.00018572282108       -0.00023426247808
C            0.59603578414632       -1.17572700878629        0.15134440315193
C            1.98172167648065       -1.19793448366207        0.15533287865671
C            2.65885426929197        0.00003789375344        0.00056045708414
C            1.98162167183008        1.19789557380331       -0.15466486736376
C            0.59594158557020        1.17546222861288       -0.15147409451826
Cl          -0.25109941095403        2.67953600698715       -0.36304629594607
Cl           4.39664192981659        0.00019586147670        0.00116296614696
Cl          -0.25088594079841       -2.67994390705186        0.36235877915036
H           -5.47997796186153        0.00023271673913       -0.00073958471805
H           -4.24249353537563       -0.85610288851826       -1.95823170940919
H           -1.77573539057194       -0.86188087329837       -1.95454032681420
H           -1.77587045810496        0.86147876145011        1.95368995439125
H           -4.24263087952623        0.85622719844216        1.95700103891556
H            2.51547042448324       -2.12652180070606        0.27761109654037
H            2.51528622372971        2.12657118575137       -0.27663784514316
22
 energy: -42.917321591673 gnorm: 0.007536611717 xtb: 6.7.1 (edcfbbe)
C           -4.38881703454282        0.00005929645940       -0.00064375948060
C           -3.69569769567836       -0.48538730590230       -1.09533548766761
C           -2.31342467825629       -0.49080457047612       -1.09586010628528
C           -1.61478976360774       -0.00015511784705       -0.00040947770083
C           -2.31354663059479        0.49057334319714        1.09493577297647
C           -3.69581528263460        0.48537660698662        1.09418149978317
C           -0.13633357728933       -0.00016059421838       -0.00021067702604
C            0.59027607305441       -1.17844709368845        0.14698921241227
C            1.97447776854248       -1.19694180420219        0.15268880850598
C            2.65409197479595        0.00002344923200        0.00053731154274
C            1.97440620682225        1.19689493064000       -0.15203671639322
C            0.59020738861781        1.17821335077678       -0.14708412351093
Cl          -0.26509416532242        2.66739173419710       -0.35180813939349
Cl           4.38107791149743        0.00015230550950        0.00108815601788
Cl          -0.26493589852686       -2.66774579581220        0.35120302637399
H           -5.46810197355165        0.00016316658514       -0.00074599305982
H           -4.23291584151478       -0.86255575921037       -1.95208860812770
H           -1.76963724298837       -0.86833509618242       -1.94861130152813
H           -1.76983435377838        0.86800714707601        1.94777837529664
H           -4.23311534400043        0.86262733252088        1.95084635659756
H            2.50733360399231       -2.12444473533369        0.27428021998558
H            2.50720022381852        2.12447045737169       -0.27334256110425
22
 energy: -42.917381479988 gnorm: 0.002539103317 xtb: 6.7.1 (edcfbbe)
C           -4.38746336130464        0.00003479827762       -0.00064736311995
C           -3.69441131038551       -0.48997228776614       -1.09401368266397
C           -2.31182340044902       -0.49532991340762       -1.09452617053594
C           -1.61402831146264       -0.00013380975882       -0.00039639949023
C           -2.31197209098264        0.49512966901558        1.09361537872531
C           -3.69455602704069        0.48994562764663        1.09285593720666
C           -0.13552689476255       -0.00014348682332       -0.00019345954003
C            0.58843340869777       -1.18118360809026        0.14473517566593
C            1.97307691959261       -1.19754271762049        0.15017062681575
C            2.65370365015914        0.00000736662059        0.00050876667356
C            1.97302440062777        1.19747958954401       -0.14954234186199
C            0.58838444062941        1.18096826728698       -0.14480973563046
Cl          -0.26742126718341        2.66585520530303       -0.34325740964265
Cl           4.37605089947324        0.00014548543882        0.00105310711417
Cl          -0.26731247107763       -2.66616684046064        0.34271305361369
H           -5.46680890357542        0.00011700193058       -0.00075415797538
H           -4.23156279862518       -0.86965700584430       -1.94987728075252
H           -1.76708464294658       -0.87476677126841       -1.94609291446117
H           -1.76733257246995        0.87449164713526        1.94527951965995
H           -4.23181268729046        0.86969889152462        1.94862253806423
H            2.50677568204443       -2.12530131179758        0.26981575312276
H            2.50667900718629        2.12529945079296       -0.26890715277332
22
 energy: -42.917402759423 gnorm: 0.000913237927 xtb: 6.7.1 (edcfbbe)
C           -4.38816971762878        0.00000642314135       -0.00065492335028
C           -3.69508355611253       -0.49436202548117       -1.09273647415361
C           -2.31195918483969       -0.49954342757707       -1.09323715932565
C           -1.61431288680089       -0.00010789431740       -0.00038126448121
C           -2.31214230857303        0.49937329329552        1.09234272410255
C           -3.69526291368223        0.49431126847278        1.09157140248288
C           -0.13533570119838       -0.00011608866536       -0.00017321255279
C            0.58797732749749       -1.18320676183779        0.14101461700969
C            1.97324932573070       -1.19822968469749        0.14657424082613
C            2.65442667020492       -0.00000109942702        0.00050369572264
C            1.97322273705884        1.19816841861921       -0.14594651986819
C            0.58795240942065        1.18302970659756       -0.14106058451430
Cl          -0.26608822703431        2.66705364074567       -0.33541704125982
Cl           4.37476427681593        0.00008669477279        0.00096789844846
Cl          -0.26603484453578       -2.66730380193437        0.33493131083260
H           -5.46791590867271        0.00006062682478       -0.00076690065093
H           -4.23241689878284       -0.87805709773198       -1.94723870774910
H           -1.76636283193022       -0.88260259636963       -1.94318340982617
H           -1.76667443610922        0.88237957688156        1.94239576123038
H           -4.23272990817414        0.87805348562466        1.94596770412837
H            2.50797846527643       -2.12637442088401        0.26399457557551
H            2.50792978092416        2.12635701162651       -0.26311594441274
22
 energy: -42.917416520296 gnorm: 0.001835754868 xtb: 6.7.1 (edcfbbe)
C           -4.38934340823949       -0.00002086778850       -0.00066362637014
C           -3.69622011276506       -0.49967223363871       -1.09064386257386
C           -2.31279093916806       -0.50489859210071       -1.09102350867067
C           -1.61488329151069       -0.00008066438867       -0.00036041574592
C           -2.31301346353292        0.50476366612387        1.09015226031109
C           -3.69643967109329        0.49960080073957        1.08947173657502
C           -0.13550617371310       -0.00009223418906       -0.00014655969314
C            0.58821284487240       -1.18414187167845        0.13702234451526
C            1.97387742358707       -1.19872103472641        0.14236372686702
C            2.65535147773838       -0.00002112594559        0.00045573508294
C            1.97387532507920        1.19864192440996       -0.14176895510794
C            0.58821338761220        1.18399207462824       -0.13703178859351
Cl          -0.26352106398003        2.66927665828117       -0.32656030710220
Cl           4.37547062961603        0.00007042849284        0.00091583281084
Cl          -0.26353072959599       -2.66947097389815        0.32615216904879
H           -5.46942197001344        0.00000682470197       -0.00078405699040
H           -4.23375737193591       -0.88700943786741       -1.94372601670854
H           -1.76679891152602       -0.89147388510362       -1.93946773243666
H           -1.76718420801184        0.89131089171716        1.93871451663041
H           -4.23414422631401        0.88696374691836        1.94243634198615
H            2.50928381316092       -2.12728946486365        0.25669630393991
H            2.50928230858798        2.12724061785489       -0.25585234956001
22
 energy: -42.917429878812 gnorm: 0.001160419428 xtb: 6.7.1 (edcfbbe)
C           -4.39002820941311       -0.00004297210712       -0.00067254293207
C           -3.69685026392228       -0.50331155366336       -1.08883063737657
C           -2.31346184020984       -0.50884257685201       -1.08900713406116
C           -1.61520767786500       -0.00005804618869       -0.00034127737304
C           -2.31371974869021        0.50873606941615        1.08815748723016
C           -3.69710634348901        0.50322334444856        1.08765094043997
C           -0.13583061961238       -0.00007222016993       -0.00012584823892
C            0.58863478867488       -1.18408022520397        0.13351190020100
C            1.97429086917019       -1.19891407112854        0.13898920021630
C            2.65581604688129       -0.00003381044067        0.00043919705435
C            1.97430882901483        1.19882383889776       -0.13841154016014
C            0.58865554348515        1.18395363352475       -0.13350009987218
Cl          -0.26169693223754        2.67099368439563       -0.32012728495712
Cl           4.37680044313790        0.00004825642016        0.00085012548225
Cl          -0.26175621151322       -2.67113978081088        0.31979514105530
H           -5.47017248048926       -0.00003753220795       -0.00080114440579
H           -4.23446044641324       -0.89343677842897       -1.94058405724299
H           -1.76763675797181       -0.89841410654911       -1.93617822676864
H           -1.76808883569751        0.89829914495183        1.93545802114753
H           -4.23491438163534        0.89335577038167        1.93927605124634
H            2.50969888247505       -2.12773817264341        0.25093980201909
H            2.50973701517483        2.12766335163722       -0.25013628448925
22
 energy: -42.917445384153 gnorm: 0.000439677335 xtb: 6.7.1 (edcfbbe)
C           -4.38992288026833       -0.00007265104972       -0.00068578150484
C           -3.69668124355512       -0.50778607575149       -1.08653041213095
C           -2.31350612886673       -0.51359260544015       -1.08651268719859
C           -1.61510241245827       -0.00002714274776       -0.00031393686106
C           -2.31381350760218        0.51352361980248        1.08569381281697
C           -3.69698797503905        0.50767395718688        1.08533977206562
C           -0.13608535992156       -0.00004353150648       -0.00008858480764
C            0.58874746498245       -1.18393703597147        0.12967994742471
C            1.97419188918446       -1.19919680644525        0.13514324813728
C            2.65570990557790       -0.00005027028588        0.00039563559972
C            1.97423722905852        1.19909852714344       -0.13459214609892
C            0.58879468893418        1.18384831808820       -0.12961131638375
Cl          -0.26132101923432        2.67216889298591       -0.31204504306069
Cl           4.37727262988050        0.00000176488742        0.00076113567471
Cl          -0.26143922069248       -2.67225512113274        0.31179864892206
H           -5.46991582667698       -0.00009468694733       -0.00082718476515
H           -4.23420832476297       -0.90098366631798       -1.93672459586822
H           -1.76807002195726       -0.90666403959526       -1.93212519722938
H           -1.76861553936096        0.90660923923564        1.93145349562175
H           -4.23475486745741        0.90085511936203        1.93538994620750
H            2.50919591431477       -2.12839699405409        0.24407587266052
H            2.50928627477519        2.12829643623272       -0.24332284100721
22
 energy: -42.917460330572 gnorm: 0.000574394546 xtb: 6.7.1 (edcfbbe)
C           -4.38955416116477       -0.00009963637112       -0.00070146072536
C           -3.69625025314597       -0.51237878641578       -1.08421838513748
C           -2.31322582999900       -0.51829533200929       -1.08410134081433
C           -1.61484750410313        0.00000186914756       -0.00028654965603
C           -2.31358403452691        0.51826168694811        1.08331361051180
C           -3.69660961358875        0.51224564604199        1.08301400361804
C           -0.13622127326834       -0.00001742907081       -0.00005834824423
C            0.58869372064655       -1.18414201283764        0.12517454037523
C            1.97393918551092       -1.19965621135164        0.13083357671604
C            2.65536842509015       -0.00005862892133        0.00039446837029
C            1.97401153167207        1.19955543895283       -0.13028952183629
C            0.58876668621082        1.18408511128168       -0.12507894738249
Cl          -0.26170853374270        2.67318885848596       -0.30347811367072
Cl           4.37713343526214       -0.00005469793851        0.00063357096625
Cl          -0.26188134894779       -2.67321465365875        0.30334828648024
H           -5.46938726770047       -0.00015081154028       -0.00085596868166
H           -4.23364230191007       -0.90981713729811       -1.93239639834277
H           -1.76809340720443       -0.91549867891803       -1.92782873884007
H           -1.76873499534605        0.91550246327583        1.92720655994830
H           -4.23428492648790        0.90964125546666        1.93103253814520
H            2.50849215142477       -2.12927146584169        0.23660628152070
H            2.50863198417319        2.12914840025148       -0.23591187510623
22
 energy: -42.917473247021 gnorm: 0.000777243558 xtb: 6.7.1 (edcfbbe)
C           -4.38927269579079       -0.00012243462263       -0.00071583514571
C           -3.69592727992599       -0.51727880066848       -1.08187684267776
C           -2.31296913808453       -0.52302327696404       -1.08180453672245
C           -1.61466049753155        0.00002590187754       -0.00026039535103
C           -2.31337261864337        0.52301737589255        1.08104602479202
C           -3.69633227507294        0.51712602542909        1.08066050574533
C           -0.13627802227362        0.00000614389893       -0.00001437853162
C            0.58860571228773       -1.18439976030318        0.12177884887605
C            1.97374152536788       -1.20008473167856        0.12704079640385
C            2.65509644248007       -0.00007222506143        0.00032754987454
C            1.97383549702530        1.19998297572672       -0.12652524251570
C            0.58869838402213        1.18437727150386       -0.12159888646052
Cl          -0.26207466287391        2.67413785167653       -0.29535386705773
Cl           4.37680754702933       -0.00010644751440        0.00055186758781
Cl          -0.26228571468791       -2.67412264967443        0.29529090934547
H           -5.46901505056011       -0.00019053096900       -0.00088532913940
H           -4.23319181010161       -0.91787990519657       -1.92853181843931
H           -1.76799274852254       -0.92316714022364       -1.92412533633958
H           -1.76871901618671        0.92321232882434        1.92355075435224
H           -4.23391735769506        0.91767002300941        1.92713937736335
H            2.50802969593127       -2.13011986579996        0.22961358319076
H            2.50820575266129        2.12998711851647       -0.22895596093614
22
 energy: -42.917484374441 gnorm: 0.000658318024 xtb: 6.7.1 (edcfbbe)
C           -4.38915711050767       -0.00013149733098       -0.00072793761489
C           -3.69581723918276       -0.52107759759967       -1.08005568796935
C           -2.31286396173268       -0.52669834073593       -1.08002344361074
C           -1.61460979787266        0.00003735497116       -0.00024323882754
C           -2.31329670421141        0.52670673971155        1.07928429326207
C           -3.69625246079370        0.52091837370147        1.07882842880653
C           -0.13631500686038        0.00001579617375        0.00000556347818
C            0.58851473296022       -1.18482908750460        0.11842407706116
C            1.97363671301618       -1.20046790421426        0.12361381381804
C            2.65499210682452       -0.00007455329961        0.00032292489551
C            1.97374186438426        1.20036545730022       -0.12310267856274
C            0.58861768364454        1.18481658778388       -0.11822457185655
Cl          -0.26203864647075        2.67496274993185       -0.28858969243028
Cl           4.37647379193314       -0.00013384060261        0.00046927469590
Cl          -0.26226848336715       -2.67492381306364        0.28860930083337
H           -5.46887912111319       -0.00021106243596       -0.00090734627457
H           -4.23303625629321       -0.92524277394286       -1.92506451760512
H           -1.76789419915767       -0.92989544889059       -1.92089066010287
H           -1.76867484594637        0.92996369302218        1.92034765162338
H           -4.23381680764911        0.92501491099288        1.92365073894569
H            2.50788116102233       -2.13081457701516        0.22354690471523
H            2.50807425622788        2.13067408072606       -0.22292140906593
22
 energy: -42.917494727613 gnorm: 0.000428437857 xtb: 6.7.1 (edcfbbe)
C           -4.38929400584208       -0.00013165328326       -0.00073724449104
C           -3.69594437358136       -0.52490607934209       -1.07827300500525
C           -2.31294515115607       -0.53034849013086       -1.07829867967408
C           -1.61467055633859        0.00003844681524       -0.00023080910787
C           -2.31339430334962        0.53035790429814        1.07757374085595
C           -3.69639630025721        0.52474703122803        1.07703769352075
C           -0.13637831175971        0.00001743594724        0.00002068847530
C            0.58848442717078       -1.18525828805946        0.11540892705440
C            1.97366170195841       -1.20078154966133        0.12042924104165
C            2.65509454225549       -0.00007591826532        0.00031115187664
C            1.97376763716333        1.20067800027714       -0.11992407810548
C            0.58858773177586        1.18524687152221       -0.11518799433083
Cl          -0.26153988243084        2.67590188547071       -0.28218391992273
Cl           4.37640257587508       -0.00014355667334        0.00042232860731
Cl          -0.26177230184571       -2.67585686219543        0.28225329360506
H           -5.46906244896954       -0.00021244386444       -0.00092472335009
H           -4.23316528563151       -0.93202041696738       -1.92189798543472
H           -1.76791982189958       -0.93612866195399       -1.91792403932546
H           -1.76873059693063        0.93620132560825        1.91740260050860
H           -4.23397644194661        0.93179181448235        1.92046790129393
H            2.50800592237472       -2.13138685713597        0.21787462930337
H            2.50819691221975        2.13124530956269       -0.21726792918095
22
 energy: -42.917504400399 gnorm: 0.000252201118 xtb: 6.7.1 (edcfbbe)
C           -4.38957519051653       -0.00012447006561       -0.00074169017339
C           -3.69621977268083       -0.52848052864409       -1.07656855464115
C           -2.31317101901186       -0.53389449597061       -1.07659236350792
C           -1.61479785630656        0.00003221311313       -0.00022559055609
C           -2.31362212119943        0.53389686514241        1.07587325907003
C           -3.69667345741116        0.52832724508892        1.07532985500864
C           -0.13646435330373        0.00001164681025        0.00002932537391
C            0.58853337867762       -1.18563781004897        0.11259180825732
C            1.97378941575420       -1.20104197682362        0.11738858681066
C            2.65532564389849       -0.00007642336019        0.00029003499109
C            1.97388744814265        1.20093679266423       -0.11689304483105
C            0.58862881172114        1.18561913598396       -0.11235185260574
Cl          -0.26072996067503        2.67691120852921       -0.27582375400861
Cl           4.37653220970082       -0.00013432033048        0.00042088303865
Cl          -0.26094659324005       -2.67687947446553        0.27590350968565
H           -5.46940571986759       -0.00019511419485       -0.00093487907542
H           -4.23349360881811       -0.93858708485578       -1.91878762810899
H           -1.76811033366761       -0.94230991733709       -1.91498459339217
H           -1.76892413433458        0.94236639280923        1.91447397407145
H           -4.23430782887397        0.93837234130963        1.91734916919718
H            2.50829123487266       -2.13189735573747        0.21243441748056
H            2.50846547599383        2.13176037806245       -0.21182908387015
22
 energy: -42.917513319615 gnorm: 0.000294787441 xtb: 6.7.1 (edcfbbe)
C           -4.38987267079283       -0.00010606335763       -0.00074220669745
C           -3.69650229479790       -0.53217568412305       -1.07479974338530
C           -2.31341451866322       -0.53739058953598       -1.07489084099490
C           -1.61491996250461        0.00001590156578       -0.00023059054121
C           -2.31385018227818        0.53737247280642        1.07416731390184
C           -3.69694063804766        0.53203805793647        1.07356062907106
C           -0.13655659640546       -0.00000407679815        0.00001377977403
C            0.58860317577996       -1.18601952768209        0.10948322370733
C            1.97392267894461       -1.20128701758500        0.11434254105922
C            2.65556218156661       -0.00006638707345        0.00033101208305
C            1.97400477686206        1.20118306878580       -0.11383031299250
C            0.58868348939397        1.18597747176946       -0.10928307928945
Cl          -0.25989386723840        2.67785535538490       -0.26973792424140
Cl           4.37671663162355       -0.00010885653599        0.00042714391189
Cl          -0.26007782951523       -2.67784989768651        0.26982052041550
H           -5.46976048032178       -0.00016597803800       -0.00093341987389
H           -4.23381485415608       -0.94491283472011       -1.91573953113308
H           -1.76836386733099       -0.94834552023381       -1.91208903231563
H           -1.76914904077473        0.94837444540813        1.91156984435575
H           -4.23460173580440        0.94472286482156        1.91430360266620
H            2.50854543659680       -2.13236533743061        0.20710412604864
H            2.50869183671827        2.13223338000102       -0.20649526731522
22
 energy: -42.917521387012 gnorm: 0.000364091062 xtb: 6.7.1 (edcfbbe)
C           -4.39010360231124       -0.00009293901923       -0.00073675076018
C           -3.69673207419873       -0.53534798998813       -1.07321236282941
C           -2.31361960047355       -0.54073660095834       -1.07323468606109
C           -1.61500644241353        0.00000090002853       -0.00023829484138
C           -2.31403397935430        0.54070010308592        1.07250219730487
C           -3.69714786225550        0.53521985496881        1.07197896662910
C           -0.13665694499371       -0.00001628959669        0.00001415383922
C            0.58866590034478       -1.18627168267291        0.10694839086818
C            1.97403196668055       -1.20149762982597        0.11151198111049
C            2.65574867915736       -0.00006819899720        0.00028652302163
C            1.97409570499575        1.20139410284649       -0.11101392045872
C            0.58872841879188        1.18621899174532       -0.10671886787628
Cl          -0.25918725755706        2.67876950894553       -0.26375280778234
Cl           4.37690248432286       -0.00008296791585        0.00050395431837
Cl          -0.25933570733185       -2.67880054491547        0.26376017225076
H           -5.47003138071344       -0.00012942940347       -0.00092765771445
H           -4.23409174657941       -0.95100413119892       -1.91275278723152
H           -1.76860885589306       -0.95416241842289       -1.90928241609046
H           -1.76935384436322        0.95415477370549        1.90875034414814
H           -4.23483676779596        0.95084384546405        1.91132502161269
H            2.50873566472802       -2.13279549928549        0.20207557840490
H            2.50884891606771        2.13267948908955       -0.20143494364807
22
 energy: -42.917528921002 gnorm: 0.000392190296 xtb: 6.7.1 (edcfbbe)
C           -4.39025244245168       -0.00007011086439       -0.00072876597549
C           -3.69687937689578       -0.53874330204958       -1.07151510759895
C           -2.31377252454483       -0.54389409220504       -1.07163987963044
C           -1.61505796550825       -0.00001944304754       -0.00025836822026
C           -2.31415145969633        0.54383422618702        1.07088527022637
C           -3.69725986875065        0.53863514340652        1.07028772237634
C           -0.13674899403045       -0.00003818050363       -0.00002599123491
C            0.58871917437709       -1.18654504850128        0.10406190017151
C            1.97409579342727       -1.20171260176445        0.10873266174009
C            2.65585739630894       -0.00004959859091        0.00037725730407
C            1.97413959702018        1.20161415068362       -0.10819574118840
C            0.58876351846823        1.18645891502514       -0.10392485946595
Cl          -0.25865630272344        2.67954879047655       -0.25815241453628
Cl           4.37701558765091       -0.00004869093823        0.00053661533716
Cl          -0.25876260968927       -2.67961361796617        0.25813499652677
H           -5.47018652233308       -0.00009518380441       -0.00090829966820
H           -4.23424769904442       -0.95678006885006       -1.90984641541336
H           -1.76884726429603       -0.95975881311294       -1.90653580508565
H           -1.76952685443225        0.95971366702002        1.90596997954755
H           -4.23492913105627        0.95664789795245        1.90843774534472
H            2.50881012744912       -2.13323232057195        0.19711038820886
H            2.50888948960533        2.13312352969842       -0.19645110055107
22
 energy: -42.917536016190 gnorm: 0.000346965260 xtb: 6.7.1 (edcfbbe)
C           -4.39032255422690       -0.00005991717628       -0.00071753346240
C           -3.69694844918607       -0.54186233530363       -1.06991144074549
C           -2.31385314136762       -0.54709254600407       -1.07001929125210
C           -1.61505904751955       -0.00003161239416       -0.00027408383569
C           -2.31420256725135        0.54701397226087        1.06924744811514
C           -3.69729761268086        0.54175973717380        1.06869485213973
C           -0.13683110752265       -0.00004674773178       -0.00003040853467
C            0.58875592133646       -1.18674063631404        0.10142275913751
C            1.97411448118775       -1.20192593060266        0.10595006227846
C            2.65589781762845       -0.00005360352374        0.00032676229495
C            1.97414339892340        1.20182991498300       -0.10542494471993
C            0.58878484490715        1.18665090837875       -0.10125190132083
Cl          -0.25828852122963        2.68025942930677       -0.25270432829019
Cl           4.37706913520200       -0.00002652486016        0.00064343989373
Cl          -0.25836126769319       -2.68036033863007        0.25256872905619
H           -5.47024935034200       -0.00006612744223       -0.00089010657203
H           -4.23431762654683       -0.96251085227283       -1.90693533527761
H           -1.76903643507869       -0.96517097349864       -1.90384606500962
H           -1.76966005134760        0.96509678066895        1.90325134693622
H           -4.23494098836620        0.96240358842359        1.90554543895950
H            2.50878053807741       -2.13364740417669        0.19223233453768
H            2.50883425195085        2.13355646641439       -0.19152594611409
22
 energy: -42.917542714136 gnorm: 0.000260115858 xtb: 6.7.1 (edcfbbe)
C           -4.39034049446501       -0.00004343893482       -0.00070523746726
C           -3.69697229490334       -0.54499563721320       -1.06827767657933
C           -2.31390814071710       -0.55007906065983       -1.06846505033280
C           -1.61504827170736       -0.00004767120268       -0.00030102499180
C           -2.31421871164977        0.54998843527102        1.06766136893371
C           -3.69728378678045        0.54491224500524        1.06706836126323
C           -0.13693446203388       -0.00006676860645       -0.00009104555014
C            0.58876706299945       -1.18691300709524        0.09879621080673
C            1.97410263092143       -1.20212352895296        0.10328050579278
C            2.65589333670778       -0.00002704670287        0.00048269806874
C            1.97411794551193        1.20203481977546       -0.10269144022438
C            0.58878559977036        1.18678688601930       -0.09877874114934
Cl          -0.25800284697110        2.68097529180492       -0.24721248820751
Cl           4.37709516641159       -0.00000216043183        0.00065297664405
Cl          -0.25805214692426       -2.68109081741826        0.24707676571415
H           -5.47024495740355       -0.00004994681505       -0.00085998195249
H           -4.23433149032856       -0.96812605992558       -1.90403111058652
H           -1.76920326735937       -0.97063731439762       -1.90112118108627
H           -1.76975602822084        0.97054002956631        1.90047946890771
H           -4.23488740492045        0.96803018061304        1.90266950222916
H            2.50870233900659       -2.13407218803754        0.18735017891431
H            2.50873189191027        2.13398200601779       -0.18663127093224
22
 energy: -42.917549055023 gnorm: 0.000200394978 xtb: 6.7.1 (edcfbbe)
C           -4.39034648007508       -0.00005626200753       -0.00069256752323
C           -3.69697291270953       -0.54817785689790       -1.06662091107361
C           -2.31394037990381       -0.55329214066426       -1.06680134534901
C           -1.61502054913344       -0.00003884402518       -0.00030756496429
C           -2.31424046395141        0.55319936874016        1.06599108760308
C           -3.69726962415925        0.54807144430593        1.06542736985862
C           -0.13700789272706       -0.00005157017712       -0.00004691609543
C            0.58879456296679       -1.18707315660310        0.09610632362009
C            1.97408365234362       -1.20234174131896        0.10043331931314
C            2.65588519667205       -0.00006162704799        0.00026199985265
C            1.97409937606561        1.20224981361945       -0.09992034750335
C            0.58880917929232        1.18698765597267       -0.09590083099559
Cl          -0.25773628391058        2.68162074455600       -0.24192564421740
Cl           4.37709630287407       -0.00000567745397        0.00082212146535
Cl          -0.25777893605960       -2.68175838462780        0.24158926612771
H           -5.47021890602866       -0.00004294971424       -0.00084732254492
H           -4.23430814893430       -0.97384935670937       -1.90106795759616
H           -1.76937128946090       -0.97595519403931       -1.89840146088967
H           -1.76990143942775        0.97585368390190        1.89774597807852
H           -4.23483460396898        0.97376377931104        1.89971805937962
H            2.50858092896724       -2.13448780270498        0.18240325663575
H            2.50861038012301        2.13442132126374       -0.18161412496740
22
 energy: -42.917554684601 gnorm: 0.000175134909 xtb: 6.7.1 (edcfbbe)
C           -4.39036746715009       -0.00003147944885       -0.00068745315309
C           -3.69699720415772       -0.55115478021973       -1.06504706980435
C           -2.31399264449352       -0.55618482305309       -1.06528371231013
C           -1.61500295966110       -0.00006131835330       -0.00033944263946
C           -2.31425457095941        0.55608270679494        1.06442982374061
C           -3.69725942387307        0.55108852772226        1.06384431229477
C           -0.13709862811063       -0.00007750210984       -0.00014409014794
C            0.58880802568654       -1.18723315981265        0.09350426422098
C            1.97407099538109       -1.20251909177836        0.09786856229386
C            2.65588270330448       -0.00000507557047        0.00061265412212
C            1.97408112194034        1.20244023417324       -0.09722143664124
C            0.58882327793247        1.18708796632355       -0.09360327829924
Cl          -0.25744425784063        2.68230335349980       -0.23657999106451
Cl           4.37711651682362        0.00000950622966        0.00070078169355
Cl          -0.25748848981561       -2.68241966721880        0.23639453671618
H           -5.47021814381061       -0.00005621442502       -0.00080902212865
H           -4.23432630557432       -0.97926131804165       -1.89823867593947
H           -1.76953888115441       -0.98116018990480       -1.89578106402065
H           -1.76999659205617        0.98105813104854        1.89505654536242
H           -4.23478882634597        0.97915599565522        1.89692065240631
H            2.50849268947940       -2.13488008107307        0.17769266919969
H            2.50851073330969        2.13479352724157       -0.17693777768725
22
 energy: -42.917559641772 gnorm: 0.000187775322 xtb: 6.7.1 (edcfbbe)
C           -4.39042235403782       -0.00008110418593       -0.00067030700452
C           -3.69702797901564       -0.55405456155185       -1.06352221786168
C           -2.31404332255804       -0.55890810342463       -1.06381601013498
C           -1.61500891228023       -0.00002340609951       -0.00033236774843
C           -2.31432350169008        0.55883576843904        1.06297788151384
C           -3.69730604007863        0.55392543064390        1.06234946724107
C           -0.13718905194998       -0.00004732617344       -0.00008350364157
C            0.58882715076887       -1.18735154219531        0.09123464773813
C            1.97406985627192       -1.20269144128613        0.09533337929812
C            2.65591071223159       -0.00006417438658        0.00028546423609
C            1.97409023998119        1.20260043799072       -0.09479555699370
C            0.58884592770058        1.18726933598557       -0.09107771432144
Cl          -0.25708617436170        2.68294085815111       -0.23176554481087
Cl           4.37715789710213       -0.00001220229161        0.00087480764376
Cl          -0.25713792741861       -2.68306955989386        0.23137440328751
H           -5.47026139965780       -0.00005743287535       -0.00081952570461
H           -4.23432779395117       -0.98439326939536       -1.89555380507148
H           -1.76967304698817       -0.98602555513066       -1.89325703318010
H           -1.77016600911405        0.98593806984215        1.89256436581072
H           -4.23482141289608        0.98431083755686        1.89422679816445
H            2.50843392510238       -2.13522801609997        0.17322374191526
H            2.50847088569373        2.13516220405997       -0.17239958216108
22
 energy: -42.917562825458 gnorm: 0.000192350369 xtb: 6.7.1 (edcfbbe)
C           -4.39053865401824       -0.00003795172273       -0.00068851671582
C           -3.69714792094950       -0.55598670190491       -1.06253289001758
C           -2.31413040828571       -0.56064011766720       -1.06294020931724
C           -1.61506010771336       -0.00004808182512       -0.00032950911890
C           -2.31440514722087        0.56054941801675        1.06210347047720
C           -3.69742292134213        0.55591309305336        1.06133348909988
C           -0.13718297360595       -0.00006232741233       -0.00013066304770
C            0.58886232076799       -1.18751389661287        0.08983008827543
C            1.97414460204339       -1.20281588709523        0.09373666906702
C            2.65601264650835       -0.00002533731793        0.00055562380910
C            1.97416727234183        1.20272659923819       -0.09312104337125
C            0.58888944038234        1.18739839242300       -0.08989086519581
Cl          -0.25683697641094        2.68336535884499       -0.22802001382007
Cl           4.37724266187920        0.00000349228376        0.00074122277888
Cl          -0.25689794433402       -2.68347933503055        0.22777077870285
H           -5.47040846104780       -0.00007958783657       -0.00080509012897
H           -4.23445909134687       -0.98828356946084       -1.89357801217170
H           -1.76976744505815       -0.98921348873692       -1.89163667442590
H           -1.77025211689810        0.98913697172631        1.89093211321597
H           -4.23494548602041        0.98815835544458        1.89226434634670
H            2.50855520840555       -2.13548766397314        0.17006224706601
H            2.50859317077774        2.13539751324456       -0.16930477329360
22
 energy: -42.917565958538 gnorm: 0.000181952916 xtb: 6.7.1 (edcfbbe)
C           -4.39065516072373       -0.00005243787617       -0.00068928144200
C           -3.69725626897379       -0.55809882915957       -1.06143884613261
C           -2.31422982218249       -0.56270069429715       -1.06186254321862
C           -1.61511792078497       -0.00003981090012       -0.00032237609073
C           -2.31451949996177        0.56262207609083        1.06102917652602
C           -3.69754492848454        0.55801184402961        1.06023703666070
C           -0.13723069035370       -0.00005583635970       -0.00010266680819
C            0.58888183739216       -1.18769185474437        0.08788383439475
C            1.97417949655828       -1.20293340021697        0.09186170342161
C            2.65608645857289       -0.00002257284598        0.00050106878007
C            1.97420916562585        1.20284355531916       -0.09127035231623
C            0.58891660581983        1.18758337418653       -0.08788379241748
Cl          -0.25637670965937        2.68385835373097       -0.22466172998263
Cl           4.37730107931704       -0.00001099774002        0.00072383980968
Cl          -0.25645376413491       -2.68395216872959        0.22444211634005
H           -5.47054205067844       -0.00008513486490       -0.00082023590446
H           -4.23456450984207       -0.99194279403764       -1.89169997646788
H           -1.76989767513933       -0.99237114064475       -1.89000830147303
H           -1.77041013120736        0.99230667085741        1.88931621971567
H           -4.23507465972695        0.99180711287718        1.89036947569940
H            2.50862930108196       -2.13570121030864        0.16695334186396
H            2.50868151633975        2.13560114331303       -0.16620592274356
22
 energy: -42.917568922276 gnorm: 0.000149305326 xtb: 6.7.1 (edcfbbe)
C           -4.39068779745232       -0.00008392479750       -0.00068834631944
C           -3.69726086242404       -0.56008856047222       -1.06036588525060
C           -2.31427114385166       -0.56473087781974       -1.06073745685327
C           -1.61511078051726       -0.00001389903124       -0.00031174322238
C           -2.31458657333705        0.56467310748244        1.05991997610154
C           -3.69757579692052        0.55996287059831        1.05917384634485
C           -0.13733960634605       -0.00003820428683       -0.00006487717091
C            0.58886635575112       -1.18777456592472        0.08615048973626
C            1.97413750977355       -1.20302142352555        0.09002335479061
C            2.65609174099242       -0.00005074061703        0.00032888036773
C            1.97417176383079        1.20292930687351       -0.08947872044886
C            0.58889808447120        1.18769221247326       -0.08600409327856
Cl          -0.25596175826768        2.68435641653204       -0.22112998698648
Cl           4.37730029032432       -0.00004719678027        0.00074293692806
Cl          -0.25604169979759       -2.68443633292171        0.22089163557934
H           -5.47055327556001       -0.00009213479760       -0.00084629158174
H           -4.23454347747797       -0.99539857687122       -1.88984779334250
H           -1.77001347577630       -0.99595361713620       -1.88811599657474
H           -1.77057417283751        0.99590185937912        1.88745651458688
H           -4.23510518530943        0.99527963208232        1.88849325606706
H            2.50855308346448       -2.13589707983133        0.16375497261844
H            2.50861844612185        2.13580697707130       -0.16299288387680
22
 energy: -42.917571518488 gnorm: 0.000126439230 xtb: 6.7.1 (edcfbbe)
C           -4.39077755379792       -0.00006722271591       -0.00070656265549
C           -3.69731314379569       -0.56196102556904       -1.05937275638529
C           -2.31433011408272       -0.56665693040259       -1.05968860834502
C           -1.61510735504057       -0.00002219906714       -0.00029692907404
C           -2.31465884307721        0.56659586406514        1.05888561248288
C           -3.69764209602948        0.56186085177007        1.05815774529612
C           -0.13742160948203       -0.00003672564989       -0.00007090831823
C            0.58889643495635       -1.18785807571817        0.08444304101738
C            1.97416145897347       -1.20312163709882        0.08831230052939
C            2.65616187392497       -0.00004768175912        0.00043594256222
C            1.97420364489246        1.20303102009182       -0.08774187307981
C            0.58893687200951        1.18777240600053       -0.08436957469358
Cl          -0.25560792634439        2.68482305094666       -0.21776102928496
Cl           4.37736874277712       -0.00005092292509        0.00064533872173
Cl          -0.25571034568914       -2.68488880695532        0.21761099060518
H           -5.47063585866367       -0.00011403130015       -0.00085022183301
H           -4.23457831377043       -0.99870379140182       -1.88810888391867
H           -1.77014352263369       -0.99933419645878       -1.88635409974162
H           -1.77072973097513        0.99929680216581        1.88570774212540
H           -4.23516588676344        0.99855477263123        1.88675316857445
H            2.50851536963017       -2.13613702066062        0.16066816576012
H            2.50858957183580        2.13604074769036       -0.15994681213068
22
 energy: -42.917573716035 gnorm: 0.000113610009 xtb: 6.7.1 (edcfbbe)
C           -4.39085849164088       -0.00010926807831       -0.00069648136437
C           -3.69736959574771       -0.56369074567531       -1.05844717971010
C           -2.31438962130251       -0.56830154115763       -1.05878374508911
C           -1.61512823907100        0.00000563671274       -0.00028828413193
C           -2.31474351094654        0.56826925962915        1.05799422549207
C           -3.69772346940099        0.56354071475049        1.05725027983247
C           -0.13747361026473       -0.00002508145213       -0.00003620256669
C            0.58893860254953       -1.18792153169335        0.08310976981458
C            1.97420392146129       -1.20321766722174        0.08674894386429
C            2.65623626061036       -0.00006457383419        0.00028529650502
C            1.97425460390117        1.20311824375439       -0.08622937944612
C            0.58899021409559        1.18785664192072       -0.08291846622136
Cl          -0.25532387429219        2.68523245898738       -0.21468426582458
Cl           4.37744124119030       -0.00005898348053        0.00067216904823
Cl          -0.25544242925605       -2.68529099224434        0.21452196442661
H           -5.47071939746319       -0.00010537142855       -0.00087778970141
H           -4.23461764168986       -1.00183803007168       -1.88645720288236
H           -1.77025009695800       -1.00228838713477       -1.88478867748979
H           -1.77088450294767        1.00226405837324        1.88417953117102
H           -4.23525118924609        1.00170682880425        1.88507026389879
H            2.50851671013132       -2.13635469300946        0.15788942186799
H            2.50860578514222        2.13624827122879       -0.15716240327878
22
 energy: -42.917575596996 gnorm: 0.000106323745 xtb: 6.7.1 (edcfbbe)
C           -4.39091409852873       -0.00005181617339       -0.00073039150719
C           -3.69741667734227       -0.56527874697267       -1.05759541997532
C           -2.31444059070940       -0.56982814342435       -1.05795857290245
C           -1.61514610021889       -0.00001962975294       -0.00027511663051
C           -2.31479639622777        0.56976864890209        1.05718133055565
C           -3.69777342096919        0.56519535418648        1.05635781127935
C           -0.13751643649215       -0.00003027558409       -0.00004714477770
C            0.58896510113431       -1.18800495946344        0.08169305001097
C            1.97422372464321       -1.20329771678748        0.08534846921965
C            2.65627643000492       -0.00005116275765        0.00043965103016
C            1.97427387086194        1.20320182793321       -0.08478722410572
C            0.58901460760036        1.18793127858193       -0.08160350136728
Cl          -0.25508402272309        2.68558953492671       -0.21185827456567
Cl           4.37748074266202       -0.00006410912181        0.00057220251655
Cl          -0.25520084961118       -2.68563914497411        0.21178692654645
H           -5.47077498152304       -0.00014292816408       -0.00086385608293
H           -4.23465646686645       -1.00480527820465       -1.88487879450604
H           -1.77034802724212       -1.00492118813556       -1.88340580454565
H           -1.77098463974133        1.00490828711047        1.88278870503943
H           -4.23529360477808        1.00462572212669        1.88350841892415
H            2.50851568693206       -2.13653556115831        0.15528823449086
H            2.50860781798924        2.13642525458611       -0.15460891043228
22
 energy: -42.917577212230 gnorm: 0.000097020030 xtb: 6.7.1 (edcfbbe)
C           -4.39097167068083       -0.00012410822133       -0.00069782213462
C           -3.69745967282498       -0.56679937227691       -1.05678188488609
C           -2.31448139085795       -0.57122751204473       -1.05719706766061
C           -1.61516256647068        0.00000971811598       -0.00027804093439
C           -2.31485119743474        0.57120633510031        1.05641706791157
C           -3.69783094886016        0.56664319179899        1.05558154524366
C           -0.13755410343609       -0.00002338635534       -0.00003515951825
C            0.58897896842795       -1.18808078022283        0.08051644745455
C            1.97424166857589       -1.20338057584086        0.08400932795484
C            2.65631467022686       -0.00006107969059        0.00033869035408
C            1.97429407165179        1.20327879804194       -0.08347656974226
C            0.58903332028576        1.18801693007948       -0.08036062085664
Cl          -0.25485301411132        2.68591789458537       -0.20927526838728
Cl           4.37751755592112       -0.00006890439500        0.00060083147152
Cl          -0.25497925862612       -2.68596444939539        0.20918802390184
H           -5.47083554552993       -0.00010730233657       -0.00089513730241
H           -4.23468895392204       -1.00750622632126       -1.88344470559738
H           -1.77041859696304       -1.00735290432668       -1.88211652501886
H           -1.77108245386930        1.00733763162544        1.88152704773023
H           -4.23535431530154        1.00737682957686        1.88204122815859
H            2.50852994840014       -2.13669965833361        0.15291947405049
H            2.50862515425358        2.13658417851592       -0.15222909397809
22
 energy: -42.917578615790 gnorm: 0.000088587976 xtb: 6.7.1 (edcfbbe)
C           -4.39101528686744       -0.00004525489583       -0.00073940471942
C           -3.69749983078417       -0.56815154512383       -1.05604778734732
C           -2.31452841618999       -0.57256289973673       -1.05646784806762
C           -1.61517677674133       -0.00001413016544       -0.00026460344173
C           -2.31489819126504        0.57250645872485        1.05570614960065
C           -3.69787042388112        0.56806846878083        1.05480720542081
C           -0.13759391918865       -0.00002698364129       -0.00002887987001
C            0.58899075085901       -1.18816039523167        0.07931947346524
C            1.97425058217025       -1.20344756871564        0.08277084866421
C            2.65633969345428       -0.00005741458792        0.00036575431603
C            1.97430217680852        1.20334740642440       -0.08223582813152
C            0.58904184550294        1.18809258058911       -0.07917216001184
Cl          -0.25462649689580        2.68621611820962       -0.20686917364565
Cl           4.37753999088713       -0.00006578049196        0.00057846706497
Cl          -0.25474526361196       -2.68626613521761        0.20679428676111
H           -5.47087780080572       -0.00014889916747       -0.00087430276345
H           -4.23472656527682       -1.01004938874134       -1.88207692426431
H           -1.77050466194183       -1.00965468937614       -1.88089583896266
H           -1.77116961065524        1.00964696363412        1.88030378589093
H           -4.23538992638697        1.00986350175879        1.88069749856008
H            2.50853664809323       -2.13684079499602        0.15068579691069
H            2.50863315157108        2.13672562964635       -0.15000472721470
22
 energy: -42.917579824450 gnorm: 0.000082230614 xtb: 6.7.1 (edcfbbe)
C           -4.39106732647048       -0.00013557653602       -0.00069241058460
C           -3.69754411962210       -0.56947946528051       -1.05533006925010
C           -2.31457453884361       -0.57380169764561       -1.05579519152010
C           -1.61518639977451        0.00000570009336       -0.00027880879324
C           -2.31494063344091        0.57377729125315        1.05501066642896
C           -3.69791125742883        0.56931614625141        1.05413095227314
C           -0.13763042616524       -0.00002459707345       -0.00003389683859
C            0.58900368569949       -1.18822706597399        0.07823606424572
C            1.97426461046955       -1.20350863363010        0.08161972479582
C            2.65637296670063       -0.00005630494125        0.00037723114611
C            1.97431484525081        1.20341055305780       -0.08107791555995
C            0.58905441593475        1.18816028369924       -0.07809888055966
Cl          -0.25440563769639        2.68649783957688       -0.20461373787199
Cl           4.37757056479971       -0.00007210471867        0.00057973829873
Cl          -0.25452701247569       -2.68654262925115        0.20454431217886
H           -5.47093032777615       -0.00009451435670       -0.00090113961208
H           -4.23476843065040       -1.01233782196325       -1.88084262467336
H           -1.77059200425015       -1.01181700037803       -1.87975781726542
H           -1.77124807596969        1.01179515043074        1.87916193709633
H           -4.23542562127662        1.01222098538186        1.87943373546742
H            2.50854593766062       -2.13697124116278        0.14861549454129
H            2.50863645417956        2.13685995084624       -0.14793557572880
22
 energy: -42.917580861504 gnorm: 0.000076789458 xtb: 6.7.1 (edcfbbe)
C           -4.39111575629363       -0.00002423761030       -0.00074513835911
C           -3.69758587742543       -0.57061826361174       -1.05470447843954
C           -2.31462037168016       -0.57495856617963       -1.05515911216066
C           -1.61519827732579       -0.00001758051117       -0.00026850806154
C           -2.31498456768770        0.57489635216046        1.05439531975724
C           -3.69795127774406        0.57055059425791        1.05346137651637
C           -0.13766640974546       -0.00003151444220       -0.00003482006987
C            0.58902132745504       -1.18829213499892        0.07723078918557
C            1.97428225061981       -1.20356591272255        0.08054524616009
C            2.65640767326923       -0.00005808616084        0.00033955376077
C            1.97432839614997        1.20346587183365       -0.08001043385916
C            0.58906744034049        1.18821795063344       -0.07707263220439
Cl          -0.25420324647827        2.68675082822601       -0.20254629452806
Cl           4.37760197506621       -0.00005861867487        0.00060587792983
Cl          -0.25431066374663       -2.68681242324877        0.20244824913428
H           -5.47097835370107       -0.00015076527949       -0.00086500309271
H           -4.23480725239216       -1.01453182826926       -1.87965696346628
H           -1.77067719383058       -1.01382212271574       -1.87869217848837
H           -1.77133042146133        1.01380529295724        1.87809641383675
H           -4.23546007483848        1.01434099050359        1.87828773333422
H            2.50855416581326       -2.13709477983630        0.14670510739998
H            2.50863818449109        2.13698420136866       -0.14600831607090
22
 energy: -42.917581748165 gnorm: 0.000070407178 xtb: 6.7.1 (edcfbbe)
C           -4.39116001843134       -0.00012419066524       -0.00069170551182
C           -3.69763007323363       -0.57176764078910       -1.05407785016130
C           -2.31466772918454       -0.57601402411198       -1.05458567353176
C           -1.61520872270593       -0.00000484185274       -0.00028487654636
C           -2.31501858385304        0.57597429622692        1.05379467580042
C           -3.69798119302863        0.57161510019739        1.05287757502398
C           -0.13769965083219       -0.00002975230864       -0.00004233046246
C            0.58903734653239       -1.18834363852973        0.07627595525621
C            1.97429658445406       -1.20361300100810        0.07956305197819
C            2.65643942666778       -0.00005176333329        0.00039924570548
C            1.97434179458943        1.20351816953825       -0.07901549652532
C            0.58908251688354        1.18827044452529       -0.07615749356008
Cl          -0.25400965267740        2.68699488924045       -0.20061879776363
Cl           4.37763056559648       -0.00006380708586        0.00060126320355
Cl          -0.25411849484043       -2.68704893176637        0.20052260941641
H           -5.47102196635391       -0.00008868618157       -0.00089021502425
H           -4.23485153182668       -1.01649015226313       -1.87858879663148
H           -1.77076827449355       -1.01567112118077       -1.87772122002275
H           -1.77139602818876        1.01564145109057        1.87710675186757
H           -4.23547964909217        1.01637693185767        1.87719095245389
H            2.50855733714839       -2.13720465668237        0.14492245053849
H            2.50863766572447        2.13710017276152       -0.14422828728846
22
 energy: -42.917582501274 gnorm: 0.000063890358 xtb: 6.7.1 (edcfbbe)
C           -4.39120426983366       -0.00005797381694       -0.00071913782269
C           -3.69766815911006       -0.57275371631041       -1.05353439563315
C           -2.31470691634460       -0.57699660017013       -1.05404642140419
C           -1.61521882907222       -0.00001390777484       -0.00028450705975
C           -2.31505460044098        0.57694433925140        1.05326027097234
C           -3.69801646152484        0.57265691384759        1.05231297777891
C           -0.13773040783219       -0.00003496265355       -0.00004938845465
C            0.58905467513744       -1.18839429406960        0.07542915831648
C            1.97431418221540       -1.20366140945110        0.07864757763207
C            2.65647165885587       -0.00005451721899        0.00036348473492
C            1.97435422438910        1.20356400431301       -0.07810029969450
C            0.58909537768936        1.18831509280947       -0.07529628421316
Cl          -0.25383854585407        2.68721048956294       -0.19886298793794
Cl           4.37766031669343       -0.00005227408217        0.00063702214916
Cl          -0.25393520432301       -2.68727970756257        0.19873295897402
H           -5.47106681628193       -0.00012018184461       -0.00086345268876
H           -4.23488705355287       -1.01835754466671       -1.87757518795900
H           -1.77084195243284       -1.01736654460056       -1.87682090317701
H           -1.77146353721712        1.01733288683642        1.87620573302071
H           -4.23550869662283        1.01820001264912        1.87620581736139
H            2.50856537087358       -2.13730903313842        0.14329184739376
H            2.50863731344336        2.13720417576981       -0.14258209407448
22
 energy: -42.917583130148 gnorm: 0.000058968503 xtb: 6.7.1 (edcfbbe)
C           -4.39124291275089       -0.00006344875973       -0.00071273900991
C           -3.69770551310934       -0.57367852020717       -1.05302511991915
C           -2.31474686806120       -0.57788667006473       -1.05355874517772
C           -1.61522879005373       -0.00001688576857       -0.00028973591636
C           -2.31508553379721        0.57782818521406        1.05276721336794
C           -3.69804455450855        0.57357539322702        1.05180935905992
C           -0.13776018376723       -0.00003648478484       -0.00005421542496
C            0.58906902125518       -1.18843792785386        0.07463455693716
C            1.97432744191895       -1.20370125182427        0.07781705182839
C            2.65649923068526       -0.00005265728217        0.00037001281006
C            1.97436537539792        1.20360618787183       -0.07726724125885
C            0.58910753620531        1.18835782135703       -0.07450891856557
Cl          -0.25367280468924        2.68741245857756       -0.19727649096224
Cl           4.37768561104414       -0.00005015787455        0.00065474645444
Cl          -0.25376613933078       -2.68748410282840        0.19712681232189
H           -5.47110517621334       -0.00011284861997       -0.00085960520555
H           -4.23492387652208       -1.02001889289757       -1.87666610357617
H           -1.77091716447717       -1.01890277410771       -1.87600703332365
H           -1.77152177739745        1.01886675801341        1.87537955979995
H           -4.23552903324369        1.01987169381686        1.87529942730121
H            2.50856991297299       -2.13739890706335        0.14180666447590
H            2.50863786729649        2.13729827953830       -0.14108766780227
22
 energy: -42.917583674830 gnorm: 0.000054305872 xtb: 6.7.1 (edcfbbe)
C           -4.39127870386936       -0.00007389835497       -0.00070390276790
C           -3.69774024854526       -0.57454901435684       -1.05254500427617
C           -2.31478424379505       -0.57871901058776       -1.05310197092937
C           -1.61523785969074       -0.00001771212795       -0.00029593834519
C           -2.31511445358848        0.57866003692695        1.05230208012287
C           -3.69807048120648        0.57443741825804        1.05133578633177
C           -0.13778788442153       -0.00003762206354       -0.00005980620616
C            0.58908207891968       -1.18847809701009        0.07389037992574
C            1.97433940489943       -1.20373815897209        0.07703834839447
C            2.65652475273236       -0.00005044753261        0.00038428834559
C            1.97437566859345        1.20364500624402       -0.07648430473943
C            0.58911886564125        1.18839677049345       -0.07377719361866
Cl          -0.25351811298628        2.68760115942338       -0.19577904886309
Cl           4.37770910783996       -0.00004833842057        0.00066738400495
Cl          -0.25360831470595       -2.68767471864810        0.19561463533264
H           -5.47114059905712       -0.00010379452693       -0.00085682506325
H           -4.23495847998794       -1.02158017188504       -1.87581029904320
H           -1.77098763018238       -1.02034952086516       -1.87523980009430
H           -1.77157626857594        1.02030935849270        1.87460069889451
H           -4.23554767764663        1.02144350680479        1.87444572210426
H            2.50857400124628       -2.13748269506193        0.14040906229892
H            2.50863874724107        2.13738519144943       -0.13968250359454
22
 energy: -42.917584134872 gnorm: 0.000050110422 xtb: 6.7.1 (edcfbbe)
C           -4.39131197346487       -0.00007649289698       -0.00069922394244
C           -3.69777154895632       -0.57534469164210       -1.05210502916115
C           -2.31481778849948       -0.57948208675457       -1.05268166602078
C           -1.61524605291896       -0.00001807756440       -0.00030098559597
C           -2.31514179186909        0.57942373229911        1.05187520094183
C           -3.69809535971135        0.57523158775770        1.05089917720151
C           -0.13781280386089       -0.00003881113541       -0.00006553892706
C            0.58909408927431       -1.18851487935172        0.07321109754086
C            1.97435066687391       -1.20377222881925        0.07632351995181
C            2.65654842790309       -0.00004920291068        0.00039360365875
C            1.97438536184270        1.20367972449248       -0.07576556280954
C            0.58912936469878        1.18843186317429       -0.07310807864983
Cl          -0.25337692110992        2.68777273770809       -0.19440112348953
Cl           4.37773099866858       -0.00004540252944        0.00067932933336
Cl          -0.25346363203679       -2.68784917442534        0.19422344745991
H           -5.47117366172248       -0.00010009827662       -0.00085209529155
H           -4.23498920893427       -1.02301869242134       -1.87502099090248
H           -1.77105071716706       -1.02167777226131       -1.87453278957395
H           -1.77162769120609        1.02163416255833        1.87388548541916
H           -4.23556658607671        1.02288525631287        1.87366085962568
H            2.50857822798551       -2.13755956838298        0.13912441334245
H            2.50864026914176        2.13746336274846       -0.13839126189657
22
 energy: -42.917584523034 gnorm: 0.000046074733 xtb: 6.7.1 (edcfbbe)
C           -4.39134285224716       -0.00007516554932       -0.00069726525241
C           -3.69779971138437       -0.57607366591412       -1.05170143229313
C           -2.31484779079107       -0.58018120334147       -1.05229522898354
C           -1.61525359190667       -0.00001836080100       -0.00030442444989
C           -2.31516757109710        0.58012287298411        1.05148483332315
C           -3.69811921951190        0.57596191003370        1.05049720135909
C           -0.13783497922065       -0.00003970815494       -0.00007020743458
C            0.58910505471202       -1.18854853200653        0.07259124361118
C            1.97436119455020       -1.20380368592181        0.07566710848198
C            2.65657030505399       -0.00004876379704        0.00039776107194
C            1.97439474094590        1.20371116259233       -0.07510649912990
C            0.58913928102488        1.18846420864490       -0.07249484373423
Cl          -0.25324802100537        2.68792904494294       -0.19313438662031
Cl           4.37775128265839       -0.00004242645168        0.00069001200681
Cl          -0.25333204832361       -2.68800800141719        0.19294517743581
H           -5.47120448544330       -0.00009964156463       -0.00084734066152
H           -4.23501619748619       -1.02434368883449       -1.87429369292115
H           -1.77110689965736       -1.02289491046639       -1.87388246292012
H           -1.77167618553588        1.02284966716691        1.87322989502637
H           -4.23558574355988        1.02421011500799        1.87293807201516
H            2.50858238334332       -2.13763015029272        0.13794340230104
H            2.50864272373617        2.13753417081963       -0.13720513401726
22
 energy: -42.917584850254 gnorm: 0.000042252784 xtb: 6.7.1 (edcfbbe)
C           -4.39137127401617       -0.00007398052280       -0.00069623385718
C           -3.69782501497669       -0.57674347110574       -1.05133046581918
C           -2.31487467496861       -0.58082184794139       -1.05194003117041
C           -1.61526062470482       -0.00001850526707       -0.00030643650945
C           -2.31519180336454        0.58076319145493        1.05112764048620
C           -3.69814185306693        0.57663260704185        1.05012728172666
C           -0.13785483221516       -0.00004007925667       -0.00007317769554
C            0.58911489924057       -1.18857922602564        0.07202394791317
C            1.97437076749141       -1.20383253497030        0.07506384224672
C            2.65659028023202       -0.00004871138117        0.00039938395330
C            1.97440376425361        1.20373988549590       -0.07450187408882
C            0.58914866454102        1.18849441080300       -0.07193134208306
Cl          -0.25312968702014        2.68807206592223       -0.19197045977264
Cl           4.37776982293671       -0.00004046036930        0.00069780222725
Cl          -0.25321242259512       -2.68815226942576        0.19177274766621
H           -5.47123291281375       -0.00010012002505       -0.00084403260852
H           -4.23503981269625       -1.02556300716888       -1.87362420687007
H           -1.77115713196017       -1.02400949671013       -1.87328502520802
H           -1.77172186728723        1.02396410167507        1.87262928177533
H           -4.23560466842584        1.02542884864258        1.87227163328059
H            2.50858611754178       -2.13769477323979        0.13685711724037
H            2.50864593272862        2.13759862005332       -0.13611560461843
22
 energy: -42.917585125939 gnorm: 0.000038642088 xtb: 6.7.1 (edcfbbe)
C           -4.39139736176163       -0.00007380006174       -0.00069599465596
C           -3.69784751157150       -0.57735966636793       -1.05098931946310
C           -2.31489858365372       -0.58140939973993       -1.05161321599910
C           -1.61526716344564       -0.00001844658415       -0.00030703879982
C           -2.31521481029484        0.58135083499214        1.05080011806348
C           -3.69816340914882        0.57724916301701        1.04978601112617
C           -0.13787282494094       -0.00004001824971       -0.00007364011972
C            0.58912371880344       -1.18860719251824        0.07150413968464
C            1.97437938571547       -1.20385890158303        0.07450894401623
C            2.65660843134522       -0.00004884909643        0.00039966534535
C            1.97441227105946        1.20376614929262       -0.07394622794216
C            0.58915745418917        1.18852256993143       -0.07141107016672
Cl          -0.25302060040788        2.68820327692277       -0.19089976974236
Cl           4.37778668116731       -0.00003987492263        0.00069993079735
Cl          -0.25310307320581       -2.68828363159202        0.19069865141211
H           -5.47125900568628       -0.00010095886830       -0.00084266103582
H           -4.23506010549438       -1.02668493681889       -1.87300825728216
H           -1.77120189013686       -1.02503093874018       -1.87273579466408
H           -1.77176535512544        1.02498622144452        1.87207892359834
H           -4.23562338188448        1.02655021520242        1.87165649377330
H            2.50858938757195       -2.13775388435846        0.13585694663272
H            2.50864941576053        2.13765731637792       -0.13511504636419
22
 energy: -42.917585357291 gnorm: 0.000035341761 xtb: 6.7.1 (edcfbbe)
C           -4.39142112194912       -0.00007447768854       -0.00069587251978
C           -3.69786747243889       -0.57792462492095       -1.05067635533886
C           -2.31491990859871       -0.58194721843166       -1.05131320114229
C           -1.61527322188887       -0.00001801738090       -0.00030683729787
C           -2.31523644280302        0.58188900633493        1.05050044768330
C           -3.69818373163016        0.57781321274939        1.04947338464407
C           -0.13788936204590       -0.00003954769756       -0.00007353581695
C            0.58913147609975       -1.18863239649291        0.07102807211862
C            1.97438694234306       -1.20388280630033        0.07399976972579
C            2.65662487394750       -0.00004908413562        0.00039924993251
C            1.97442020973659        1.20379000428329       -0.07343771878584
C            0.58916561952818        1.18854841632210       -0.07093561630823
Cl          -0.25291986269251        2.68832379457152       -0.18991805442510
Cl           4.37780196417347       -0.00004054141592        0.00069998160166
Cl          -0.25300313239511       -2.68840304023189        0.18971747410967
H           -5.47128275428781       -0.00010177764328       -0.00084271916905
H           -4.23507749823083       -1.02771283188033       -1.87244371756330
H           -1.77124199064895       -1.02596491370947       -1.87223234027970
H           -1.77180625155445        1.02592147452427        1.87157562438610
H           -4.23564155194628        1.02757755524562        1.87109183694420
H            2.50859192541536       -2.13780761794138        0.13494000914623
H            2.50865296072105        2.13771067951881       -0.13419809343070
22
 energy: -42.917585551499 gnorm: 0.000032327774 xtb: 6.7.1 (edcfbbe)
C           -4.39144293680604       -0.00007532093209       -0.00069633080156
C           -3.69788517131683       -0.57844254878118       -1.05038935244220
C           -2.31493888520958       -0.58243983528375       -1.05103748389054
C           -1.61527879605445       -0.00001728737904       -0.00030581421494
C           -2.31525698627356        0.58238248846787        1.05022589815743
C           -3.69820306523108        0.57833036521446        1.04918610043832
C           -0.13790465019958       -0.00003880750902       -0.00007236815098
C            0.58913843024251       -1.18865509415030        0.07059226767325
C            1.97439369184651       -1.20390453340015        0.07353246570433
C            2.65663996852096       -0.00004943358044        0.00039809608169
C            1.97442764148916        1.20381162846700       -0.07297144935896
C            0.58917326242352        1.18857206927883       -0.07049866172416
Cl          -0.25282665741607        2.68843452932412       -0.18901708897616
Cl           4.37781601532407       -0.00004206947695        0.00069684391246
Cl          -0.25291137625838       -2.68851207535934        0.18882015357127
H           -5.47130454678266       -0.00010303586746       -0.00084388475845
H           -4.23509230991327       -1.02865525074907       -1.87192610106099
H           -1.77127780833130       -1.02682055925925       -1.87176978760907
H           -1.77184505356221        1.02677866594840        1.87111476207445
H           -4.23565938133311        1.02851886101407        1.87057317549797
H            2.50859394630418       -2.13785667683697        0.13409815133335
H            2.50865633739156        2.13775916852944       -0.13335780324201
22
 energy: -42.917585714280 gnorm: 0.000029574469 xtb: 6.7.1 (edcfbbe)
C           -4.39146306797067       -0.00007617306040       -0.00069732791765
C           -3.69790092215349       -0.57891676348531       -1.05012650160396
C           -2.31495582337145       -0.58289084719734       -1.05078422058658
C           -1.61528391222271       -0.00001632971783       -0.00030412770315
C           -2.31527650362835        0.58283469068232        1.04997451603351
C           -3.69822146790214        0.57880394241715        1.04892243015812
C           -0.13791880594996       -0.00003790855144       -0.00007030341978
C            0.58914477533841       -1.18867548899921        0.07019379018732
C            1.97439981478356       -1.20392428458260        0.07310406626893
C            2.65665397461163       -0.00004990316018        0.00039617210559
C            1.97443464199983        1.20383116021072       -0.07254435253000
C            0.58918046259449        1.18859356766930       -0.07009740237901
Cl          -0.25274047149042        2.68853622175071       -0.18819069686269
Cl           4.37782906815438       -0.00004411243944        0.00069110754232
Cl          -0.25282703798697       -2.68861176024815        0.18799993964840
H           -5.47132465348586       -0.00010463134396       -0.00084593297455
H           -4.23510493642950       -1.02951814024810       -1.87145218636995
H           -1.77130984648591       -1.02760421064840       -1.87134493652814
H           -1.77188185201156        1.02756415515808        1.87069286638468
H           -4.23567683090648        1.02938032773595        1.87009739810648
H            2.50859557832265       -2.13790147290594        0.13332609168280
H            2.50865948504484        2.13780320864325       -0.13258860102821
22
 energy: -42.917585850549 gnorm: 0.000027048684 xtb: 6.7.1 (edcfbbe)
C           -4.39148169743191       -0.00007701534835       -0.00069873081263
C           -3.69791501418330       -0.57935062628945       -1.04988597077119
C           -2.31497101518727       -0.58330358148701       -1.05055175016033
C           -1.61528861352350       -0.00001525361604       -0.00030194217750
C           -2.31529498413066        0.58324876038948        1.04974449448498
C           -3.69823892516809        0.57923720865863        1.04868070435266
C           -0.13793188776726       -0.00003694516752       -0.00006755591949
C            0.58915065316397       -1.18869382303185        0.06982968441363
C            1.97440544595156       -1.20394225000011        0.07271167412918
C            2.65666704812618       -0.00005047175731        0.00039358667498
C            1.97444125878170        1.20384877792139       -0.07215352150012
C            0.58918726926506        1.18861303017388       -0.06972935892756
Cl          -0.25266092183866        2.68862953186836       -0.18743305145282
Cl           4.37784125144609       -0.00004638228146        0.00068348755977
Cl          -0.25274952977356       -2.68870293617140        0.18725044564926
H           -5.47134325963959       -0.00010636138508       -0.00084866567448
H           -4.23511576331238       -1.03030752308616       -1.87101867728538
H           -1.77133858682220       -1.02832162527941       -1.87095495070344
H           -1.77191663667235        1.02828363054428        1.87030677745834
H           -4.23569376643939        1.03016825184258        1.86966134219584
H            2.50859693690382       -2.13794237365629        0.13261873616687
H            2.50866240710606        2.13784322483804       -0.13188496948611
22
 energy: -42.917585851666 gnorm: 0.000026936671 xtb: 6.7.1 (edcfbbe)
C           -4.39148185868240       -0.00007700918218       -0.00069872908765
C           -3.69791499067941       -0.57935419312911       -1.04988420925015
C           -2.31497105329521       -0.58330601440978       -1.05055052539156
C           -1.61528909107854       -0.00001522080036       -0.00030188332087
C           -2.31529504557462        0.58325117982106        1.04974325674205
C           -3.69823892472530        0.57924076305227        1.04867890752371
C           -0.13793133196906       -0.00003692781800       -0.00006756685351
C            0.58915093719829       -1.18869380615020        0.06982802639278
C            1.97440542803870       -1.20394260445267        0.07270877091313
C            2.65666704595756       -0.00005041704818        0.00039356311498
C            1.97444133099547        1.20384906923887       -0.07215061614942
C            0.58918749083461        1.18861299605056       -0.06972767978492
Cl          -0.25266109857751        2.68863030361868       -0.18742615859395
Cl           4.37784131996393       -0.00004639322858        0.00068344578127
Cl          -0.25274972741291       -2.68870372624354        0.18724360290329
H           -5.47134331296453       -0.00010636446153       -0.00084868011734
H           -4.23511587661480       -1.03031474851995       -1.87101511956702
H           -1.77133855736336       -1.02832779086524       -1.87095187205279
H           -1.77191663245125        1.02828980497621        1.87030373143986
H           -4.23569390739534        1.03017547985777        1.86965777425570
H            2.50859703593023       -2.13794293587690        0.13261283870690
H            2.50866248871979        2.13784380325001       -0.13187908939000
