24
 energy: -687.074415151423 gnorm: 0.047640444015 xtb: 6.7.1 (edcfbbe)
C           -2.11258929093614       -0.91611327120595       -0.33799505544977
C           -1.19775383033076       -0.35015570895516        0.76990336134116
H           -1.79085224089357       -0.40414541817909        1.69533286685125
C           -0.77271001074241        1.11786922589536        0.57955186465681
H           -1.64335395122821        1.69114707874939        0.22514236119977
C            0.37746372326726        1.30743372137936       -0.43056767409080
H            0.80432607295642        2.30107628431967       -0.23697095980501
C            1.51070301346943        0.30007100663297       -0.12388400085490
H            2.15629153085551        0.21698232439615       -1.00428054894502
C            1.02997663315641       -1.12589289649891        0.22311966869887
H            1.82979026101083       -1.59293229240587        0.81634490166174
O           -0.08866729953929       -1.19140239572794        1.06286763867098
O            0.83018424666788       -1.86241110642528       -0.96445790802738
O            2.30704270672231        0.77720239154440        0.92779006771113
O           -0.03935160991744        1.33546940069178       -1.75646167797833
O           -0.29528175263085        1.64473714392883        1.80287386009890
O           -1.59211485130551       -0.89042762289457       -1.63842598172603
H           -3.03024420174278       -0.32303667154315       -0.36440214316148
H           -2.36983764565014       -1.94576379696222       -0.05181376622296
H            0.75505866053459       -2.79907295994034       -0.74467588252999
H            1.71486590405990        1.08678913378158        1.62971064932217
H           -0.64142318778423        0.58671636495999       -1.93469515145731
H           -0.97017848582991        1.55250341018796        2.48487617700111
H           -0.74000953852792       -1.37533076160945       -1.63782958922577
24
 energy: -687.076521272127 gnorm: 0.023616832264 xtb: 6.7.1 (edcfbbe)
C           -2.11594624242652       -0.91787967908085       -0.33652036387857
C           -1.20181182892382       -0.34281023933706        0.75968678178656
H           -1.80849100778024       -0.38770508986362        1.67787087711931
C           -0.77797910205426        1.12432704722887        0.57240612519871
H           -1.64571225353028        1.69767598004221        0.20950753293678
C            0.37903763638070        1.30931885196996       -0.43047029312432
H            0.80882972877773        2.29878541367604       -0.22953707646339
C            1.51478394118301        0.30339493266367       -0.11893148771120
H            2.15820532185678        0.22983862306151       -1.00194339424128
C            1.04362027638236       -1.12653146574667        0.22313121265191
H            1.84158006998392       -1.59654193060156        0.81204990595354
O           -0.08437866724712       -1.18451027121891        1.06408253047463
O            0.84478283486521       -1.85886345848153       -0.98299410833506
O            2.31373020306840        0.77082671225412        0.95061239251348
O           -0.04341235525947        1.33296298271686       -1.76554059150534
O           -0.28974296516815        1.65574556079394        1.80426903026780
O           -1.59264132179748       -0.90813054307192       -1.64939373789171
H           -3.03336686363251       -0.31982231084286       -0.35802484991207
H           -2.38536331074673       -1.94156860201977       -0.03415631934059
H            0.76984681804153       -2.79462977331202       -0.75702603856374
H            1.71655832115041        1.07232949886564        1.65042357849863
H           -0.66676416729206        0.59812400326190       -1.92457335093476
H           -0.95786050221692        1.54650912743744        2.49010173645580
H           -0.75616955372407       -1.41953385762276       -1.63397532638104
24
 energy: -687.077183475897 gnorm: 0.005971251454 xtb: 6.7.1 (edcfbbe)
C           -2.12291347167654       -0.91573146216784       -0.32855233873525
C           -1.20539462727719       -0.33571148158798        0.75392580970110
H           -1.81597171420711       -0.37762008260229        1.67034721477620
C           -0.77991114978384        1.12752431495981        0.56238711522653
H           -1.64384606484507        1.70496958969655        0.19724894339675
C            0.38398860640369        1.31149813765316       -0.42904788851214
H            0.81039886339033        2.30191035131299       -0.23095019946989
C            1.52114813161353        0.30707659486276       -0.11776617417861
H            2.17035165688364        0.24789692210038       -0.99753650475016
C            1.05056960491682       -1.12138611603430        0.21843128028054
H            1.84438358343690       -1.60027857237884        0.80219674687907
O           -0.08193994491865       -1.18072346253025        1.06353417320567
O            0.85264740568269       -1.85712416282119       -1.00050782019691
O            2.31573841815306        0.77077770090132        0.96958417813423
O           -0.03654011830311        1.31619309732661       -1.77389991657063
O           -0.29086162805265        1.66435645850262        1.80394897721775
O           -1.61020715868635       -0.91507790208122       -1.65600752381074
H           -3.04304048544115       -0.31890271760259       -0.34629050415363
H           -2.39378843554658       -1.93688743144450       -0.01807594194586
H            0.78878167373979       -2.79172660344724       -0.76329914296982
H            1.70655912452809        1.05937747021756        1.66467336365517
H           -0.66261324868107        0.57903083601277       -1.91304438908846
H           -0.95222315534664        1.52707041733648        2.49256610528749
H           -0.77398021872276       -1.42520052766486       -1.63281015152589
24
 energy: -687.077300463011 gnorm: 0.003257892389 xtb: 6.7.1 (edcfbbe)
C           -2.12624200361671       -0.91450437190645       -0.32348139106180
C           -1.20472292918387       -0.33188707554626        0.75170531511348
H           -1.81062765252926       -0.37286854216083        1.67114854357165
C           -0.77790784038882        1.12909203500868        0.55747687534724
H           -1.63986641492157        1.70896610671016        0.19272050314561
C            0.38699088087689        1.31163175965141       -0.42986959836033
H            0.81011822143212        2.30451339860242       -0.23791767498296
C            1.52257467787205        0.30927321922679       -0.11456642474547
H            2.17847236997943        0.25524736577586       -0.98913397479136
C            1.05221281688090       -1.11764561822857        0.21563912308439
H            1.84373596084448       -1.60318281143181        0.79654875981158
O           -0.08081356084001       -1.17964874912675        1.06068052405737
O            0.85160964405889       -1.85167300859339       -1.00795286371690
O            2.31242088967460        0.77172625209154        0.97968234776201
O           -0.03024978400112        1.30696670711348       -1.77792522105417
O           -0.29296787615984        1.66891065305541        1.80253778345083
O           -1.61867622624036       -0.91854917472079       -1.65493412170829
H           -3.04542114687660       -0.31642154442529       -0.34169494093173
H           -2.39634294959325       -1.93503585360599       -0.01231116312997
H            0.79719315282079       -2.78643462949589       -0.76894133619833
H            1.69577317684258        1.05393791052828        1.67141943912568
H           -0.66030724115626        0.57125806578779       -1.90948184097088
H           -0.94977053570532        1.51190360733107        2.49197521875931
H           -0.78584974617109       -1.43426454484216       -1.63226807716020
24
 energy: -687.077379535880 gnorm: 0.004400039801 xtb: 6.7.1 (edcfbbe)
C           -2.13097883449704       -0.91253055745434       -0.31700049485237
C           -1.20355221664296       -0.32820077517500        0.75076627751996
H           -1.80200717514643       -0.36709342706009        1.67508077814565
C           -0.77591835731167        1.13069072572345        0.55167258765337
H           -1.63614072837626        1.71195613364372        0.18599344278801
C            0.39061723891261        1.30970548735209       -0.43160016018695
H            0.80978538371387        2.30602966778242       -0.24806595417293
C            1.52486871294142        0.31154100512255       -0.10948412165980
H            2.19054081769848        0.26161509555464       -0.97647729095596
C            1.05300795111633       -1.11382243987505        0.21190583309390
H            1.84314132360940       -1.60620712412936        0.78896247656897
O           -0.07953642650828       -1.17874797976918        1.05609878255045
O            0.84903420423481       -1.84296410857029       -1.01628702898558
O            2.30494817883965        0.77278606496456        0.99347142470038
O           -0.02245340313935        1.29376342460571       -1.78186047530035
O           -0.29565415829355        1.67487912180905        1.79827451081420
O           -1.62979385268314       -0.91984484072925       -1.65124360629999
H           -3.04916720204887       -0.31367223661673       -0.33450654137824
H           -2.39823040872410       -1.93248582385515       -0.00402614455453
H            0.80870378770751       -2.77880416670657       -0.77942383842364
H            1.67910311924179        1.04901707277026        1.67991725689505
H           -0.65520765393382        0.55958832280011       -1.90825783884873
H           -0.94457335954842        1.49280287047570        2.48940875136630
H           -0.79920075718167       -1.43869060541047       -1.63226249527268
24
 energy: -687.077422993917 gnorm: 0.004054482978 xtb: 6.7.1 (edcfbbe)
C           -2.13471290451456       -0.91132511477091       -0.31193934471772
C           -1.20218270981334       -0.32604011622872        0.75095317460745
H           -1.79566110886735       -0.36286689026867        1.67860761981635
C           -0.77397438802791        1.13197410818067        0.54758921370497
H           -1.63345321909222        1.71226430202813        0.17892724983292
C            0.39393803670889        1.30836237536328       -0.43399538138544
H            0.81074249106690        2.30683739418325       -0.25608605306991
C            1.52671143013104        0.31288748188146       -0.10471728132351
H            2.20052792479353        0.26521370174807       -0.96545336845242
C            1.05308979317258       -1.11247826064809        0.20905182927210
H            1.84268439545513       -1.60936186386513        0.78325949226189
O           -0.07871401131578       -1.17864846191692        1.05230555467218
O            0.84735275288064       -1.83512261936090       -1.02255059372214
O            2.29660291822507        0.77256671519126        1.00546948741813
O           -0.01602323292431        1.28401044379032       -1.78479678058985
O           -0.29788020020044        1.68055469746841        1.79390042515725
O           -1.63821289237399       -0.92076092368365       -1.64702311159340
H           -3.05216137372259       -0.31180033721934       -0.32740472617090
H           -2.40040261605197       -1.93060211221198        0.00384179978417
H            0.81919624580104       -2.77272914340591       -0.79175038915738
H            1.66411244904110        1.04741595751266        1.68647106459245
H           -0.65246029594331        0.55272298045718       -1.90861684427220
H           -0.93888158115488        1.47959800982656        2.48682311154845
H           -0.80890151638879       -1.44136173116185       -1.63180975300355
24
 energy: -687.077456319740 gnorm: 0.002359354673 xtb: 6.7.1 (edcfbbe)
C           -2.13811835121263       -0.91052876989748       -0.30716227035804
C           -1.20050863407130       -0.32463746064268        0.75161742022877
H           -1.79081602442328       -0.35917731477911        1.68149112652401
C           -0.77276616099370        1.13343317853980        0.54413005893683
H           -1.63227566672215        1.71081965049037        0.17051755701660
C            0.39740607520684        1.30669977358460       -0.43649998441999
H            0.81262497751043        2.30651685422776       -0.26218015299088
C            1.52956600349306        0.31366506626284       -0.09985731277637
H            2.21080739026800        0.26761418280557       -0.95490600775204
C            1.05321855352880       -1.11275351676728        0.20607750821484
H            1.84225069514806       -1.61336175979577        0.77799178365644
O           -0.07791197567213       -1.17907661569234        1.04895178807505
O            0.84625879481860       -1.82754838561053       -1.02854535486706
O            2.28809255506295        0.77109384416401        1.01762980060718
O           -0.00967046951329        1.27513782526984       -1.78713306621112
O           -0.30106573699474        1.68747146544717        1.78901227771193
O           -1.64633901946328       -0.92183851913446       -1.64259785940598
H           -3.05519191296289       -0.31038790172368       -0.31916595563427
H           -2.40325956432617       -1.92890687044709        0.01256696055685
H            0.83028045764660       -2.76756871520437       -0.80721012707463
H            1.64990118859453        1.04872211705565        1.69201794486819
H           -0.65094247237041        0.54808199172131       -1.90926536883758
H           -0.93303399160287        1.47015904557534        2.48440422685928
H           -0.81717013700428       -1.44231894694655       -1.63082833788647
24
 energy: -687.077469478670 gnorm: 0.001249056892 xtb: 6.7.1 (edcfbbe)
C           -2.13972057168318       -0.91033444577508       -0.30458828302998
C           -1.19950389353357       -0.32460195946449        0.75238485544534
H           -1.78935042257322       -0.35767811897065        1.68271194564428
C           -0.77238291583575        1.13382732099781        0.54236355871927
H           -1.63223595297450        1.70842458662278        0.16474441486262
C            0.39951764719966        1.30614133669811       -0.43781442261561
H            0.81437144821691        2.30618338522760       -0.26386030906427
C            1.53143093196893        0.31357148778618       -0.09714318699506
H            2.21593416848442        0.26852159476979       -0.94969477987217
C            1.05359655955500       -1.11409071867171        0.20459225451351
H            1.84204391492664       -1.61666786848331        0.77555086071930
O           -0.07741813310106       -1.17968767416698        1.04808667207645
O            0.84590621721591       -1.82369242532401       -1.03167623814854
O            2.28368197688550        0.76920448882523        1.02418955884754
O           -0.00581042596847        1.27110742978204       -1.78831397919777
O           -0.30373958525170        1.69231031940074        1.78588537870319
O           -1.65073173437263       -0.92268315936982       -1.64039959865386
H           -3.05670620986882       -0.30967444100280       -0.31391501765869
H           -2.40551257216868       -1.92807658488304        0.01751992631226
H            0.83679754082092       -2.76536263398036       -0.81767445640429
H            1.64302671622106        1.05216395329229        1.69387879986657
H           -0.65076805834457        0.54741523020501       -1.90935413305503
H           -0.93001054783081        1.46726655144342        2.48341946223644
H           -0.82107943094110       -1.44227768481387       -1.62983648918761
24
 energy: -687.077473531949 gnorm: 0.000839994759 xtb: 6.7.1 (edcfbbe)
C           -2.14032322435124       -0.91060432465959       -0.30315459076889
C           -1.19889511580579       -0.32515235695487        0.75289545793840
H           -1.78930235245677       -0.35734559418706        1.68298238978130
C           -0.77283652127363        1.13364880962204        0.54147387746754
H           -1.63303126864508        1.70610077413683        0.16112202550364
C            0.40049771809942        1.30542191502174       -0.43797043176846
H            0.81542285638867        2.30525481204959       -0.26272768864971
C            1.53291753812821        0.31294541613067       -0.09588157414919
H            2.21819991371930        0.26869299242534       -0.94790381308094
C            1.05408893534812       -1.11540223442027        0.20383724959459
H            1.84179624671477       -1.61921244379749        0.77455682261265
O           -0.07709505759389       -1.18019644912918        1.04876610777346
O            0.84536603707197       -1.82221953612826       -1.03300635271237
O            2.28243253818709        0.76731960070339        1.02724929522194
O           -0.00322596465543        1.26969764319386       -1.78879413804704
O           -0.30612772592477        1.69569793558931        1.78392578433644
O           -1.65294704679636       -0.92291673079245       -1.63965340776661
H           -3.05718826674573       -0.30939064165269       -0.31071917018966
H           -2.40704458205743       -1.92812490145879        0.01937945622310
H            0.84012258297179       -2.76483935178836       -0.82383599515279
H            1.64098386305401        1.05696525444816        1.69332172798139
H           -0.65091944424879        0.54869202125512       -1.90919070586005
H           -0.92895490375750        1.46771578961423        2.48347074206224
H           -0.82260004094530       -1.44143856571248       -1.62908623652520
24
 energy: -687.077473531949 gnorm: 0.000839994759 xtb: 6.7.1 (edcfbbe)
C           -2.14032322435124       -0.91060432465959       -0.30315459076889
C           -1.19889511580579       -0.32515235695487        0.75289545793840
H           -1.78930235245677       -0.35734559418706        1.68298238978130
C           -0.77283652127363        1.13364880962204        0.54147387746754
H           -1.63303126864508        1.70610077413683        0.16112202550364
C            0.40049771809942        1.30542191502174       -0.43797043176846
H            0.81542285638867        2.30525481204959       -0.26272768864971
C            1.53291753812821        0.31294541613067       -0.09588157414919
H            2.21819991371930        0.26869299242534       -0.94790381308094
C            1.05408893534812       -1.11540223442027        0.20383724959459
H            1.84179624671477       -1.61921244379749        0.77455682261265
O           -0.07709505759389       -1.18019644912918        1.04876610777346
O            0.84536603707197       -1.82221953612826       -1.03300635271237
O            2.28243253818709        0.76731960070339        1.02724929522194
O           -0.00322596465543        1.26969764319386       -1.78879413804704
O           -0.30612772592477        1.69569793558931        1.78392578433644
O           -1.65294704679636       -0.92291673079245       -1.63965340776661
H           -3.05718826674573       -0.30939064165269       -0.31071917018966
H           -2.40704458205743       -1.92812490145879        0.01937945622310
H            0.84012258297179       -2.76483935178836       -0.82383599515279
H            1.64098386305401        1.05696525444816        1.69332172798139
H           -0.65091944424879        0.54869202125512       -1.90919070586005
H           -0.92895490375750        1.46771578961423        2.48347074206224
H           -0.82260004094530       -1.44143856571248       -1.62908623652520
