13
 energy: -16.685959499390 gnorm: 0.024271479046 xtb: 6.7.1 (edcfbbe)
C            1.20809212583903        1.26563351989047        0.04832190403940
C            0.43466447061245       -0.00006890463336       -0.34512731042606
C            1.20934171705396       -1.26503787508824        0.04805210357346
C           -0.89483749910563       -0.00118583618544        0.36968470065995
O           -1.97799337600484       -0.00014474393715       -0.16352824654011
H            0.66777608556899        2.17197238193945       -0.24089718772574
H            2.18580664055475        1.27756324246840       -0.44318993773375
H            1.37771085018252        1.29694453524356        1.13091983443689
H            0.23077536600340        0.00004286309751       -1.42115957712142
H            0.66996413194780       -2.17187785821156       -0.24135394099341
H            1.37896652536914       -1.29638948429019        1.13065154892575
H            2.18707083444465       -1.27582944730311       -0.44344785259999
H           -0.80929916207004       -0.00052542273010        1.48692147860474
13
 energy: -16.686516273508 gnorm: 0.004345579260 xtb: 6.7.1 (edcfbbe)
C            1.20920962544089        1.25808571728651        0.04991911297949
C            0.43381448595431        0.00019047482115       -0.34164019249169
C            1.21010224329883       -1.25715004538315        0.04999779246653
C           -0.89221025049360        0.00040949843061        0.37171925032839
O           -1.96843367103799       -0.00045607476445       -0.15601479324832
H            0.66333575840517        2.15316018019905       -0.24318551814165
H            2.17993291383665        1.26772623077317       -0.44391577215668
H            1.37082531439871        1.28738887107302        1.12760745709543
H            0.24622308829189        0.00006994868190       -1.41959815895352
H            0.66483703591204       -2.15263398289075       -0.24300270946689
H            1.37178009553384       -1.28627094743500        1.12767801505329
H            2.18083956649073       -1.26629046150174       -0.44383482551458
H           -0.80221749563527       -0.00313243903009        1.48011785914992
13
 energy: -16.686537984467 gnorm: 0.001678440818 xtb: 6.7.1 (edcfbbe)
C            1.20735591193875        1.25926159459445        0.05118069998660
C            0.43499666089133       -0.00053163794680       -0.34147402193085
C            1.20931008946034       -1.25927989963631        0.05032556508838
C           -0.89066584925889       -0.00288435501115        0.37074829589113
O           -1.96692038523835        0.00027830258465       -0.15440658243390
H            0.66054054845950        2.15270280565935       -0.24070758440253
H            2.17583172692723        1.27001578265012       -0.44296686370261
H            1.36865415221555        1.28708670038521        1.12694991130574
H            0.25138212192247       -0.00016558398089       -1.42001156598455
H            0.66394180808812       -2.15338933657652       -0.24220022962472
H            1.37061006888202       -1.28752979675644        1.12608965310181
H            2.17777861434744       -1.26794429397032       -0.44385436747424
H           -0.79477675823931        0.00347668826488        1.47617460727947
13
 energy: -16.686523201318 gnorm: 0.003223717679 xtb: 6.7.1 (edcfbbe)
C            1.20802449198808        1.26110959349630        0.05100735990226
C            0.43526145190377        0.00099208148669       -0.34245687052810
C            1.20771141104042       -1.25912562808552        0.05214704012106
C           -0.89041949021502        0.00427434679437        0.36945676485355
O           -1.96768874343593       -0.00140820320585       -0.15340930204104
H            0.66050648622057        2.15373158315904       -0.24025498262876
H            2.17507466033780        1.27159725346993       -0.44404510566685
H            1.36953747653928        1.28804879617831        1.12586887735183
H            0.25497765145918        0.00030873240427       -1.42157779796486
H            0.65987325289348       -2.15185912423878       -0.23824136147757
H            1.36934056699925       -1.28524829449530        1.12699809136722
H            2.17479555232643       -1.27080993424015       -0.44287383582488
H           -0.78895605766113       -0.01051423246306        1.47322863963587
13
 energy: -16.686542378639 gnorm: 0.001062604817 xtb: 6.7.1 (edcfbbe)
C            1.20803892282837        1.26003445340444        0.05128579938591
C            0.43479584925027        0.00034163427088       -0.34274752847773
C            1.20869074246862       -1.25890556691531        0.05155863154224
C           -0.89103137045613        0.00110554382644        0.36958968645783
O           -1.96836969290055       -0.00069128371907       -0.15391169531401
H            0.65981170553837        2.15286878089054       -0.23954007647356
H            2.17569045237102        1.27151201080351       -0.44399231111083
H            1.36984571591615        1.28665219681433        1.12678395470714
H            0.25379427900821        0.00012234116696       -1.42175781417962
H            0.66089590817181       -2.15208856531701       -0.23903388357447
H            1.37056012359427       -1.28523770699972        1.12704965192491
H            2.17635902548383       -1.27017182332215       -0.44371015837330
H           -0.79104295087807       -0.00444504464359        1.47427326058523
13
 energy: -16.686544211900 gnorm: 0.000570979352 xtb: 6.7.1 (edcfbbe)
C            1.20752010809796        1.25984815894770        0.05149854371878
C            0.43503321055273       -0.00021248928745       -0.34268610995479
C            1.20900373911257       -1.25944832900356        0.05105425664777
C           -0.89097374359669       -0.00145865725672        0.36948268972208
O           -1.96789752449890       -0.00004958381525       -0.15477550096325
H            0.65873325420314        2.15311097802937       -0.23791117341235
H            2.17516457936792        1.27243588010106       -0.44445939144688
H            1.37033749466085        1.28542743272742        1.12719933516855
H            0.25393040071682       -0.00004936810082       -1.42155122820830
H            0.66129153849276       -2.15326345267936       -0.23866374151961
H            1.37184457417465       -1.28518168643149        1.12674948833808
H            2.17665233608267       -1.27064208914858       -0.44491866220090
H           -0.79260125697030        0.00058017617792        1.47482901121054
13
 energy: -16.686545018633 gnorm: 0.000066378705 xtb: 6.7.1 (edcfbbe)
C            1.20778506290784        1.25974465251329        0.05157159799897
C            0.43490991652288       -0.00002278219442       -0.34277897260693
C            1.20898010079529       -1.25909558306365        0.05137009120061
C           -0.89116617549058       -0.00061788314329        0.36919774395033
O           -1.96817148128330       -0.00028003440962       -0.15492397472712
H            0.65873611744147        2.15280049431484       -0.23756657210649
H            2.17510630095157        1.27251187075535       -0.44478652954163
H            1.37095345513354        1.28527996986547        1.12711288259158
H            0.25401003764372        0.00001755243790       -1.42171039134699
H            0.66078500344285       -2.15263394385894       -0.23789473955558
H            1.37218318376124       -1.28463645831054        1.12690589813504
H            2.17630934276038       -1.27086832679137       -0.44499723070304
H           -0.79238215419073       -0.00110255785479        1.47434771381097
13
 energy: -16.686545084247 gnorm: 0.000049659704 xtb: 6.7.1 (edcfbbe)
C            1.20774704603622        1.25987441886408        0.05161173611702
C            0.43505017346534        0.00000469065620       -0.34274663582917
C            1.20890382072860       -1.25919222677732        0.05143220890762
C           -0.89111989824795       -0.00050649603315        0.36903523761902
O           -1.96803146250388       -0.00035031662566       -0.15527602359097
H            0.65845757642113        2.15299327142262       -0.23692516113562
H            2.17483410184411        1.27292566472255       -0.44517807072517
H            1.37139987240679        1.28498534286216        1.12708235319485
H            0.25431576004383        0.00001999182077       -1.42170710860039
H            0.66043441849089       -2.15278120413957       -0.23721590857193
H            1.37259584902477       -1.28429898649634        1.12689653494869
H            2.17599835411804       -1.27130577613635       -0.44536796744654
H           -0.79254690143169       -0.00127140387977        1.47420632221230
