17
 energy: -22.483329297753 gnorm: 0.025323747531 xtb: 6.7.1 (edcfbbe)
C            2.84490436976260        0.67033482280006        0.36378675492065
C            1.98365568911162       -0.39884175869867       -0.30712436040363
C            0.49136472367233       -0.22836082802703       -0.14671967150259
C           -0.36295182429765       -1.32696580236850       -0.25677591095430
C           -1.73275851935239       -1.14992494863535       -0.12881855484108
C           -2.21752678517955        0.13277626298209        0.10875258003310
N           -1.42627298997842        1.20132380340983        0.22301089089349
C           -0.10825760509697        1.00974025169333        0.09739289709612
H            2.72339746952347        1.64949034230068       -0.10769966908521
H            3.90261344864504        0.40265429983695        0.29131537084342
H            2.59178551261490        0.77180323675515        1.42385609556922
H            2.25687051747230       -1.38567746994759        0.08525970821726
H            2.21862441511459       -0.43117182506956       -1.38012026619482
H            0.04946739391391       -2.31640952574449       -0.43874577889566
H           -2.41560974999597       -1.98959428956409       -0.20634346124143
H           -3.28662666310751        0.30855636617437        0.21618829984959
H            0.50583587329010        1.90184129813766        0.20203343991031
17
 energy: -22.484279668917 gnorm: 0.007227263028 xtb: 6.7.1 (edcfbbe)
C            2.83488650466419        0.66739903095424        0.36391607731482
C            1.97955331501497       -0.40055658442278       -0.30616025288022
C            0.49310630246096       -0.22545615275862       -0.14337233031889
C           -0.35611654089903       -1.32370974017577       -0.25453286113097
C           -1.72233844371912       -1.14711917504893       -0.12725359623868
C           -2.20229155193305        0.13224840304275        0.11002180181348
N           -1.41455045176982        1.19008328004442        0.22238058913818
C           -0.10781517321545        1.00683175864413        0.09811985672752
H            2.70877771088122        1.63778304393730       -0.11356519275283
H            3.88698798481433        0.39485278957491        0.29049689109073
H            2.57857572104519        0.76345931062911        1.41848122567585
H            2.25414542312815       -1.38262797902639        0.09261193707811
H            2.20785394728190       -0.42072129026807       -1.37876014335767
H            0.05449594165704       -2.30891230898571       -0.43947618908290
H           -2.40303950126168       -1.98271350468560       -0.20759670234320
H           -3.26466418476375        0.31768951448436        0.21566375326781
H            0.49094827272636        1.90304384009549        0.19827350021330
17
 energy: -22.484354637028 gnorm: 0.001604097837 xtb: 6.7.1 (edcfbbe)
C            2.83225672337825        0.66636182321818        0.36462394038627
C            1.97889415021871       -0.40255540704352       -0.30721552876179
C            0.49466160132511       -0.22407892146353       -0.14347604636691
C           -0.35381463006452       -1.32243711445511       -0.25428595503237
C           -1.71993519242968       -1.14741219763491       -0.12681258657327
C           -2.19829326638402        0.13186484697452        0.11089381515655
N           -1.40962712211922        1.18508438671558        0.22122132165871
C           -0.10628606105491        1.00745748651222        0.09662848927462
H            2.70397345767694        1.63358139598902       -0.11442078532817
H            3.88321687853661        0.39433603966890        0.29429290883167
H            2.57126799436024        0.76089358617882        1.41627642473153
H            2.25222347751772       -1.38377476760019        0.09141033120243
H            2.20442850521242       -0.41903610513270       -1.37923350281740
H            0.05710676373958       -2.30602622275472       -0.43888056221411
H           -2.39877006307494       -1.98265782443665       -0.20755318661455
H           -3.25794163293905        0.32304169796969        0.21888869094518
H            0.48515369221317        1.90693153332925        0.19689059573606
17
 energy: -22.484362994559 gnorm: 0.000798759115 xtb: 6.7.1 (edcfbbe)
C            2.83198920172817        0.66542572804722        0.36571275462537
C            1.97946475470460       -0.40350670711849       -0.30903156305672
C            0.49562303031621       -0.22314477588791       -0.14463960331413
C           -0.35353737497139       -1.32133317794446       -0.25419524527248
C           -1.72016805208626       -1.14827757956210       -0.12591681813772
C           -2.19867848017677        0.13127925390112        0.11227314703140
N           -1.40859023042081        1.18345493525173        0.22072525210310
C           -0.10510650599464        1.00894166624651        0.09516764606959
H            2.70387947204494        1.63189556161343       -0.11427813807903
H            3.88304561017582        0.39361369062358        0.29896520314263
H            2.56641020392140        0.75937553647246        1.41615736037286
H            2.25231924716124       -1.38502162890810        0.08816492380483
H            2.20539516174517       -0.41795884490745       -1.38066707873085
H            0.05829463417125       -2.30446871794725       -0.43856569599635
H           -2.39725875070183       -1.98478324008720       -0.20653129553173
H           -3.25751779018835        0.32527299489848        0.22209744143381
H            0.48295114468365        1.91080954134329        0.19381007374984
17
 energy: -22.484365035550 gnorm: 0.000291828964 xtb: 6.7.1 (edcfbbe)
C            2.83195154240802        0.66476124382626        0.36673507280880
C            1.97971277110275       -0.40315905795768       -0.31045493920665
C            0.49570402060787       -0.22274488675059       -0.14619780444489
C           -0.35375920470997       -1.32080430317414       -0.25421916157964
C           -1.72038564684198       -1.14862868988955       -0.12490241385695
C           -2.19919697334563        0.13089190688028        0.11323321428218
N           -1.40893119118403        1.18351816569117        0.22007203017041
C           -0.10502363229051        1.00960091801366        0.09304861664266
H            2.70615275745748        1.63177643822466       -0.11315785703240
H            3.88303240907970        0.39201245549623        0.30259207989852
H            2.56392818480978        0.75874310122055        1.41673877093706
H            2.25225634468654       -1.38547547612051        0.08524010674913
H            2.20669948324690       -0.41605579845500       -1.38199278184715
H            0.05854151824364       -2.30402136447981       -0.43847641844743
H           -2.39658646704075       -1.98613693258676       -0.20462501887778
H           -3.25789038800382        0.32526483122992        0.22456880359680
H            0.48230974788641        1.91203168486615        0.19104606442177
17
 energy: -22.484366557065 gnorm: 0.000379189296 xtb: 6.7.1 (edcfbbe)
C            2.83162637377438        0.66398193520856        0.36795238998952
C            1.97974315664216       -0.40243026087237       -0.31197450478273
C            0.49574286943882       -0.22245474072958       -0.14739711428394
C           -0.35367844999127       -1.32058840257777       -0.25410787706832
C           -1.72021449886128       -1.14885242226479       -0.12376115507702
C           -2.19912473096203        0.13059962351912        0.11410197444669
N           -1.40902924979607        1.18359024019725        0.21930849449366
C           -0.10508815555902        1.00990121910571        0.09132027332127
H            2.70849950734355        1.63148771005504       -0.11178300043040
H            3.88253491995615        0.38983920159194        0.30645083977071
H            2.56105472439718        0.75797115809423        1.41732754813376
H            2.25214414511522       -1.38569556423718        0.08159655002498
H            2.20724499339218       -0.41289818917306       -1.38347633737592
H            0.05885548556166       -2.30387184206571       -0.43803009326921
H           -2.39583236262075       -1.98697150650461       -0.20238429259281
H           -3.25765765034236        0.32509996570795        0.22673102400333
H            0.48169419862385        1.91286611098011        0.18737364491087
17
 energy: -22.484368479812 gnorm: 0.000399003635 xtb: 6.7.1 (edcfbbe)
C            2.83113626076306        0.66305481233504        0.36950224824046
C            1.97970956390960       -0.40135579851579       -0.31394460576373
C            0.49574372511176       -0.22221368604407       -0.14878935484617
C           -0.35336905084330       -1.32073294143600       -0.25346062241205
C           -1.71981992383494       -1.14910504287118       -0.12201159123481
C           -2.19878747983678        0.13034384809797        0.11519379467434
N           -1.40907054037773        1.18385374433946        0.21818361424897
C           -0.10529137590602        1.01021671725996        0.08870810104171
H            2.71141145076844        1.63117790527520       -0.10992575783492
H            3.88177310241954        0.38710971853183        0.31131072628817
H            2.55732875242013        0.75696337809089        1.41802185570748
H            2.25224950092077       -1.38590517484713        0.07640714453932
H            2.20732289083498       -0.40822036521529       -1.38545545438407
H            0.05918764258828       -2.30407945862776       -0.43703082350779
H           -2.39520081667909       -1.98750352063538       -0.19952066362837
H           -3.25726868831626        0.32463646246422        0.22868614146557
H            0.48146026216994        1.91333363783286        0.18337361162034
17
 energy: -22.484370852363 gnorm: 0.000346898909 xtb: 6.7.1 (edcfbbe)
C            2.83049978883054        0.66179144007005        0.37168374717184
C            1.97967302765066       -0.39987745837036       -0.31678875735972
C            0.49576189571175       -0.22200950645715       -0.15021105014440
C           -0.35285714352148       -1.32110329552098       -0.25250251123513
C           -1.71924275385726       -1.14939136155591       -0.11988745608504
C           -2.19834508354552        0.13021338408046        0.11586133228353
N           -1.40906984260174        1.18428734266618        0.21650951102934
C           -0.10550372302415        1.01054472580987        0.08602451004026
H            2.71458265214796        1.63092029814941       -0.10664718506109
H            3.88081588395308        0.38394958438215        0.31722891031378
H            2.55276104738666        0.75467673008401        1.41923573061183
H            2.25273829225343       -1.38619348497335        0.06868706477326
H            2.20698308568678       -0.40131281951632       -1.38838720873109
H            0.05963529099251       -2.30465602083892       -0.43472422358696
H           -2.39466704436366       -1.98793770541228       -0.19512855178604
H           -3.25681642134554        0.32382060914455        0.23073784018541
H            0.48156632375838        1.91385177429342        0.17755666179466
17
 energy: -22.484373084005 gnorm: 0.000221092589 xtb: 6.7.1 (edcfbbe)
C            2.82995382403225        0.66049328862278        0.37382059627591
C            1.97965334078620       -0.39849893496374       -0.31964351747617
C            0.49578759812390       -0.22170051522070       -0.15181639323440
C           -0.35232813349093       -1.32140459903802       -0.25116907874254
C           -1.71864689928400       -1.14977382164450       -0.11735447333947
C           -2.19794967374005        0.13005450320166        0.11674355148862
N           -1.40903540408841        1.18462617228666        0.21460083634876
C           -0.10571068059987        1.01108661612033        0.08285328842346
H            2.71659897137370        1.63083115673692       -0.10255517229221
H            3.88003131868754        0.38147973541881        0.32184841326913
H            2.54913454019010        0.75123657510581        1.42070482186172
H            2.25324631376416       -1.38642843015509        0.06114434159471
H            2.20666049125143       -0.39463095483477       -1.39126686043047
H            0.06016094347857       -2.30512995615853       -0.43211132747786
H           -2.39418037564626       -1.98837656331965       -0.19070458702641
H           -3.25646174866963        0.32327737108669        0.23168573355571
H            0.48160084994370        1.91443259279020        0.17246819141595
17
 energy: -22.484375491749 gnorm: 0.000224009200 xtb: 6.7.1 (edcfbbe)
C            2.82955344447258        0.65916053247766        0.37587262636717
C            1.97963345695962       -0.39720992073282       -0.32227724190390
C            0.49582658298762       -0.22136414216788       -0.15310339611821
C           -0.35181948880645       -1.32165079146602       -0.24953958449956
C           -1.71812546939171       -1.15013066611945       -0.11506421819424
C           -2.19773088581858        0.13002029987466        0.11681959875571
N           -1.40911853975751        1.18500555821623        0.21233496145007
C           -0.10594818239767        1.01169111546831        0.07985439632870
H            2.71734416015897        1.63107524479144       -0.09744313195027
H            3.87950922418128        0.37978629921507        0.32456709564481
H            2.54710711801037        0.74657197462144        1.42256487861021
H            2.25371598234239       -1.38668375696129        0.05395504668698
H            2.20628827994233       -0.38824452029692       -1.39390196315619
H            0.06075226836910       -2.30555220166296       -0.42912779716969
H           -2.39370130357525       -1.98887758993028       -0.18619548622998
H           -3.25625708861730        0.32284000757790        0.23222674997239
H            0.48148571705263        1.91513679312977        0.16770582962044
17
 energy: -22.484379152062 gnorm: 0.000385326360 xtb: 6.7.1 (edcfbbe)
C            2.82921826137266        0.65728814840532        0.37858176955102
C            1.97958116450099       -0.39551527044291       -0.32559650962145
C            0.49585225427798       -0.22084996292546       -0.15463194115754
C           -0.35118701988106       -1.32188903223447       -0.24726124807242
C           -1.71749328898872       -1.15060986281332       -0.11201977972874
C           -2.19758012186107        0.12998636358326        0.11671585549834
N           -1.40937177690832        1.18553637526734        0.20910125934813
C           -0.10633493876919        1.01255102200581        0.07601249456739
H            2.71708105068138        1.63167223839984       -0.08954574514080
H            3.87916044222052        0.37828963268099        0.32629152420111
H            2.54610163645803        0.73904266182488        1.42552628257432
H            2.25428795146159       -1.38700643269217        0.04463275954817
H            2.20569693151252       -0.37988116092797       -1.39721704935061
H            0.06160572922025       -2.30607715602135       -0.42458515839159
H           -2.39305353508533       -1.98960474874363       -0.18021392837824
H           -3.25617692211092        0.32241022447962        0.23202311445243
H            0.48112745801109        1.91623119618907        0.16143466431493
17
 energy: -22.484382960609 gnorm: 0.000524996545 xtb: 6.7.1 (edcfbbe)
C            2.82888708862379        0.65535707747847        0.38133608557544
C            1.97951339932608       -0.39377539326983       -0.32891341891293
C            0.49586772732342       -0.22029498920702       -0.15619107689071
C           -0.35056287965453       -1.32208695810352       -0.24495805560388
C           -1.71686802068284       -1.15107535195026       -0.10896516678880
C           -2.19743726370290        0.12991470460702        0.11665849534929
N           -1.40967446258745        1.18607615832345        0.20584662011778
C           -0.10676171837197        1.01341752203312        0.07203904259330
H            2.71703706355471        1.63219863499865       -0.08168907565746
H            3.87882949969677        0.37661941250365        0.32823779613947
H            2.54500856030362        0.73158966397051        1.42849934618140
H            2.25478843584293       -1.38731879041151        0.03530441573783
H            2.20515603761808       -0.37147346685223       -1.40053008029901
H            0.06246530496127       -2.30652516914311       -0.42019296637641
H           -2.39227806035659       -1.99041699289273       -0.17429968009098
H           -3.25607332120464        0.32195390731858        0.23218161941788
H            0.48061788542264        1.91741426663161        0.15488446372223
17
 energy: -22.484387059687 gnorm: 0.000630675561 xtb: 6.7.1 (edcfbbe)
C            2.82853471104379        0.65335611709220        0.38414779257195
C            1.97944554873959       -0.39198741618333       -0.33226389955981
C            0.49588221266659       -0.21969979444221       -0.15785853816334
C           -0.34993316894808       -1.32223110886596       -0.24275800056490
C           -1.71623070023874       -1.15153359192904       -0.10587913595387
C           -2.19729510585179        0.12980836281523        0.11673300646447
N           -1.41000687326752        1.18661949897316        0.20257341630344
C           -0.10721037668321        1.01430569335648        0.06792879018332
H            2.71709703162056        1.63266614506408       -0.07371711813181
H            3.87846310223953        0.37481049024580        0.33034110342282
H            2.54380984497021        0.72406439132099        1.43147449486780
H            2.25524447538664       -1.38759002770185        0.02585175118384
H            2.20469784964872       -0.36295085248326       -1.40381300612824
H            0.06336522729274       -2.30692712337301       -0.41580142441287
H           -2.39141012405114       -1.99128620944612       -0.16829049051521
H           -3.25596194882012        0.32148107265563        0.23254064502440
H            0.48002357036464        1.91866858893607        0.14803897762246
17
 energy: -22.484391529710 gnorm: 0.000709689464 xtb: 6.7.1 (edcfbbe)
C            2.82815846586413        0.65127123665563        0.38704275261486
C            1.97937847298070       -0.39014085847750       -0.33569003831977
C            0.49589720694070       -0.21906493799847       -0.15963134729116
C           -0.34928689011999       -1.32234191220773       -0.24054714476484
C           -1.71557053750706       -1.15199239166522       -0.10271335431620
C           -2.19714674966103        0.12967931052141        0.11687781312050
N           -1.41036050374274        1.18716921829092        0.19923693635078
C           -0.10767846649672        1.01522148914817        0.06365844693669
H            2.71719686948570        1.63307579793593       -0.06556663834037
H            3.87807737707864        0.37289756016081        0.33258243721766
H            2.54251758914035        0.71637582589119        1.43449937547933
H            2.25566031447197       -1.38780995843593        0.01623722479560
H            2.20430461246848       -0.35426966774575       -1.40712090247443
H            0.06430272755268       -2.30728051844797       -0.41142542825119
H           -2.39045743557460       -1.99219907202956       -0.16216481900627
H           -3.25582946979415        0.32098713386326        0.23310714972959
H            0.47935169302535        1.91999598057566        0.14086590073368
17
 energy: -22.484396435634 gnorm: 0.000778649007 xtb: 6.7.1 (edcfbbe)
C            2.82775332811489        0.64909455721251        0.39002843273505
C            1.97931382835314       -0.38823274136166       -0.33920343089480
C            0.49591461364739       -0.21839365506452       -0.16148986708111
C           -0.34861636032903       -1.32242050636855       -0.23833320118892
C           -1.71488207013977       -1.15245335939513       -0.09944817321101
C           -2.19699062631684        0.12953453235803        0.11709147993241
N           -1.41073718948559        1.18773359583474        0.19579261584158
C           -0.10817106117684        1.01617014960652        0.05921124638962
H            2.71729936152831        1.63345073560917       -0.05714618393296
H            3.87766416560042        0.37089413126367        0.33492340654342
H            2.54115273909191        0.70843147145392        1.43758348517194
H            2.25606311318421       -1.38799693025798        0.00636850954988
H            2.20396189697175       -0.34534793480912       -1.41046142522397
H            0.06528883720683       -2.30760093615578       -0.40699373148296
H           -2.38943066662472       -1.99314987037329       -0.15584526168472
H           -3.25568341218044        0.32047279584686        0.23381259755861
H            0.47861477866681        1.92138820063549        0.13335786519241
17
 energy: -22.484401817509 gnorm: 0.000835031392 xtb: 6.7.1 (edcfbbe)
C            2.82732115155439        0.64682469914877        0.39310774547744
C            1.97924974602597       -0.38625648339232       -0.34280648658551
C            0.49593228976007       -0.21768316553453       -0.16346662873842
C           -0.34792110223433       -1.32247160300873       -0.23610399266487
C           -1.71416286258175       -1.15291327115928       -0.09610046886033
C           -2.19682516243816        0.12937598997263        0.11735318449993
N           -1.41113169172086        1.18830661255625        0.19226144028069
C           -0.10868386693238        1.01715178123541        0.05457961259799
H            2.71737549003559        1.63377654712075       -0.04845946517699
H            3.87723085541867        0.36881810665470        0.33734719849348
H            2.53972659888402        0.70022563735522        1.44073444496677
H            2.25644255891674       -1.38812580622314       -0.00373006503392
H            2.20366891800162       -0.33620884447754       -1.41382893844175
H            0.06632174600147       -2.30788930664795       -0.40249658720488
H           -2.38833302305529       -1.99412799519933       -0.14934261109570
H           -3.25551821145240        0.31993395779176        0.23466950541286
H            0.47782184192903        1.92283737984218        0.12553047628767
17
 energy: -22.484407724250 gnorm: 0.000891179576 xtb: 6.7.1 (edcfbbe)
C            2.82685733910719        0.64445318034196        0.39628347494939
C            1.97918749115615       -0.38421155200824       -0.34651083582707
C            0.49595321143053       -0.21693842169093       -0.16551438603022
C           -0.34719283051199       -1.32249934485142       -0.23382458226916
C           -1.71340767860714       -1.15337723896183       -0.09262815249398
C           -2.19664955075770        0.12920890143874        0.11766030505911
N           -1.41154875630686        1.18889742248645        0.18860044553819
C           -0.10922298317533        1.01816655521149        0.04977379964281
H            2.71740293875169        1.63406657162580       -0.03944951735897
H            3.87677236934694        0.36667352216075        0.33982521290131
H            2.53825872571209        0.69169690453034        1.44395770426763
H            2.25682223168385       -1.38821206010393       -0.01412069983397
H            2.20340994943558       -0.32679206266732       -1.41724020141950
H            0.06740889839504       -2.30814894092896       -0.39791283644929
H           -2.38716669740704       -1.99513053083493       -0.14263311239541
H           -3.25533999128204        0.31937610362049        0.23561758448815
H            0.47697060914143        1.92434522666642        0.11736416144544
17
 energy: -22.484414189171 gnorm: 0.000943591048 xtb: 6.7.1 (edcfbbe)
C            2.82636941979916        0.64198375869599        0.39954804911607
C            1.97912466584566       -0.38209587448003       -0.35029989032692
C            0.49597401087866       -0.21615563648376       -0.16766499268173
C           -0.34643575373241       -1.32249965681727       -0.23152204492704
C           -1.71261911759488       -1.15383745866330       -0.08907343571903
C           -2.19646508525322        0.12903304578081        0.11799858728293
N           -1.41198614693650        1.18949737397503        0.18483857633986
C           -0.10978641630640        1.01921344939683        0.04478783364015
H            2.71736717980380        1.63430464505764       -0.03014387837009
H            3.87629979284248        0.36447651464389        0.34233967426365
H            2.53676436228463        0.68286505923536        1.44724461046132
H            2.25718763357582       -1.38823304153887       -0.02475285874784
H            2.20318674273547       -0.31714182118962       -1.42066658728453
H            0.06854790167547       -2.30837882241434       -0.39323622423400
H           -2.38593316157025       -1.99615196571325       -0.13572583455453
H           -3.25514629535215        0.31879488974075        0.23667597099990
H            0.47606554341708        1.92589977680902        0.10890080895630
17
 energy: -22.484421244797 gnorm: 0.000996582851 xtb: 6.7.1 (edcfbbe)
C            2.82584820951837        0.63941892484330        0.40289409793665
C            1.97906362340016       -0.37991793844723       -0.35417323118814
C            0.49599781906742       -0.21533982615889       -0.16989018231929
C           -0.34564563487479       -1.32247622238691       -0.22917450830976
C           -1.71179356390483       -1.15429551612604       -0.08541757234493
C           -2.19626961152153        0.12885150968350        0.11837076569414
N           -1.41244302153788        1.19011027386702        0.18096815922442
C           -0.11037284674842        1.02028947440047        0.03964235377508
H            2.71724914169347        1.63449736737845       -0.02053501727674
H            3.87580345434085        0.36223600650102        0.34486889499944
H            2.53525166236396        0.67371870036580        1.45058892504090
H            2.25754883125948       -1.38819742761292       -0.03562896891044
H            2.20299848247820       -0.30725625936538       -1.42410988641484
H            0.06974122122587       -2.30857805581214       -0.38847148859916
H           -2.38463375541822       -1.99718470096642       -0.12863937959379
H           -3.25493780000229        0.31819733032747        0.23781478737444
H            0.47510906477259        1.92750059554380        0.10014061512647
17
 energy: -22.484428919212 gnorm: 0.001048963046 xtb: 6.7.1 (edcfbbe)
C            2.82530407037969        0.63676157897298        0.40631091889964
C            1.97900250829066       -0.37767816686182       -0.35811229589565
C            0.49602179631153       -0.21449045437338       -0.17219154358928
C           -0.34482635092294       -1.32242500332894       -0.22680048547875
C           -1.71093514625553       -1.15474687960855       -0.08168473552513
C           -2.19606595374664        0.12866512965103        0.11876708581977
N           -1.41292097297195        1.19073135990514        0.17700207906373
C           -0.11098418938722        1.02139156031009        0.03434650999352
H            2.71703888083862        1.63463050231603       -0.01065129629172
H            3.87529746073643        0.35996763409968        0.34739325773380
H            2.53374129770998        0.66427857772224        1.45397728363025
H            2.25790114998838       -1.38809075754651       -0.04670303357493
H            2.20284327270638       -0.29717263158764       -1.42754566724899
H            0.07098621189867       -2.30874346787890       -0.38362951715766
H           -2.38327204769940       -1.99822569619454       -0.12138756914205
H           -3.25471635495912        0.31758273064029        0.23903517480197
H            0.47409964319486        1.92913821979769        0.09112219817596
17
 energy: -22.484437235660 gnorm: 0.001102515515 xtb: 6.7.1 (edcfbbe)
C            2.82473049182091        0.63401853392115        0.40978863770301
C            1.97894291435054       -0.37538582174486       -0.36210842413742
C            0.49604815928243       -0.21361076115720       -0.17455559022395
C           -0.34397648084099       -1.32234729873128       -0.22439437604992
C           -1.71004254402584       -1.15519017639246       -0.07787570069266
C           -2.19585241878653        0.12847579951898        0.11918776935607
N           -1.41341764061878        1.19136063774774        0.17294686246975
C           -0.11161746823788        1.02251634827329        0.02891846449587
H            2.71672292988907        1.63470731755603       -0.00050443040200
H            3.87477465725084        0.35768190031220        0.34989299786632
H            2.53224227703301        0.65455334882886        1.45740079150774
H            2.25824661774325       -1.38791786051736       -0.05795454682781
H            2.20272038551779       -0.28691039178433       -1.43096576042534
H            0.07228247343862       -2.30887394775956       -0.37871831249793
H           -2.38184895437002       -1.99926807017347       -0.11399282706898
H           -3.25448142998322        0.31695556994620        0.24032094171820
H            0.47304130664924        1.93080910819096        0.08186186742351
17
 energy: -22.484445054154 gnorm: 0.000411819244 xtb: 6.7.1 (edcfbbe)
C            2.82431282189355        0.63202610153544        0.41180169487331
C            1.97903225507560       -0.37420579175417       -0.36347070580644
C            0.49600995123010       -0.21247910907037       -0.17709323312241
C           -0.34380561284279       -1.32118577266021       -0.22551458753200
C           -1.70962693584295       -1.15514478683900       -0.07635473018066
C           -2.19594442582109        0.12812349219834        0.12046862157419
N           -1.41417766202088        1.19171251608965        0.17089541769509
C           -0.11213352737892        1.02332176149647        0.02561594835718
H            2.71503102222091        1.63429226983872        0.00634605620320
H            3.87486321133035        0.35710268965593        0.34976688098998
H            2.53296463626601        0.64777238310893        1.45959490452779
H            2.25736250951804       -1.38714364393068       -0.06104865202244
H            2.20461827326365       -0.28387926382770       -1.43138611116892
H            0.07329952397157       -2.30774720973392       -0.37811461861862
H           -2.37988799827019       -2.00049420930874       -0.10983684988961
H           -3.25432117064148        0.31673398707798        0.24383393689847
H            0.47091840416093        1.93276882215820        0.07374439143637
17
 energy: -22.484453266895 gnorm: 0.000696993872 xtb: 6.7.1 (edcfbbe)
C            2.82372632659059        0.62969090818981        0.41450390555849
C            1.97922187181909       -0.37310698193858       -0.36527009159336
C            0.49610065313962       -0.21116426021935       -0.17969551607289
C           -0.34335614713630       -1.32019885158013       -0.22430269239647
C           -1.70911651416887       -1.15523072114244       -0.07376526956671
C           -2.19598745595651        0.12781287252446        0.12175902019280
N           -1.41498325343458        1.19230757389094        0.16717551469361
C           -0.11281494067257        1.02465926116958        0.01939595182804
H            2.71124994119553        1.63465747685622        0.01678491072469
H            3.87498894305030        0.35775915776440        0.34753878375019
H            2.53570149738121        0.63747122675462        1.46326499239179
H            2.25605432018157       -1.38714212958083       -0.06555539236015
H            2.20653263295400       -0.27956831010929       -1.43230624888084
H            0.07445832620928       -2.30656031304143       -0.37701128955787
H           -2.37763640616912       -2.00199281709908       -0.10555940444637
H           -3.25402931678478        0.31679784685873        0.24777441671734
H            0.46840479791395        1.93538229673724        0.06451677323217
17
 energy: -22.484462799209 gnorm: 0.000881830151 xtb: 6.7.1 (edcfbbe)
C            2.82353591325157        0.62675428331987        0.41814140086937
C            1.97931726952769       -0.37158216449569       -0.36778890185429
C            0.49615508343260       -0.20989980116237       -0.18173598343527
C           -0.34278950531098       -1.31956566527658       -0.22242221399863
C           -1.70859830093097       -1.15542031568893       -0.07085965636594
C           -2.19603445445493        0.12772761175347        0.12210133811157
N           -1.41572874538801        1.19302215626972        0.16234543042572
C           -0.11358527644497        1.02612946395717        0.01314718648451
H            2.70531627789680        1.63534505347985        0.03096879055614
H            3.87561225335328        0.35963094488956        0.34356124482940
H            2.54035316004508        0.62304776433598        1.46843081767081
H            2.25541012372416       -1.38749663156291       -0.07325587727784
H            2.20748936441018       -0.27194080117314       -1.43417837239549
H            0.07572658939160       -2.30603760845232       -0.37263356667570
H           -2.37577943686571       -2.00335736163525       -0.09978397337128
H           -3.25376964417034        0.31687817585526        0.25053199744318
H            0.46588460464537        1.93833913162118        0.05267870319823
17
 energy: -22.484476065029 gnorm: 0.000841267860 xtb: 6.7.1 (edcfbbe)
C            2.82359096111050        0.62275183339917        0.42289427424756
C            1.97920662701323       -0.36904186195214       -0.37152931782412
C            0.49608314621802       -0.20848696557603       -0.18407462269441
C           -0.34183667507460       -1.31920231870003       -0.21849885803045
C           -1.70774217794298       -1.15573464931450       -0.06622544368205
C           -2.19611594745430        0.12776656693359        0.12192904903083
N           -1.41673373008181        1.19398427986694        0.15571688133582
C           -0.11478196434959        1.02793577980341        0.00498291505874
H            2.69742064638570        1.63601069999729        0.05028062503426
H            3.87650166497815        0.36213449309066        0.33789401258150
H            2.54688712816992        0.60328683273806        1.47492718618576
H            2.25561174618410       -1.38742633804199       -0.08552362097865
H            2.20746594849309       -0.25995696721356       -1.43711418261943
H            0.07736426387708       -2.30595142695728       -0.36468731190155
H           -2.37405227673076       -2.00447616703453       -0.09157120144736
H           -3.25378904421719        0.31674593728688        0.25087249064576
H            0.46343495953384        1.94123450770892        0.03897548927227
17
 energy: -22.484499918436 gnorm: 0.001094206308 xtb: 6.7.1 (edcfbbe)
C            2.82350516791483        0.61580185833398        0.43098806750576
C            1.97887836573306       -0.36416718506982       -0.37874321430195
C            0.49604108037789       -0.20638447583724       -0.18704998372777
C           -0.33987526643190       -1.31895818341453       -0.21029160521638
C           -1.70602597963746       -1.15627164522334       -0.05810780123452
C           -2.19629503742823        0.12805583431273        0.11984047171342
N           -1.41850097903465        1.19575196013975        0.14385334399485
C           -0.11680052923726        1.03074732130108       -0.00780276471679
H            2.68501414430266        1.63698793427143        0.08389751726046
H            3.87746084043925        0.36571587056810        0.32876112192637
H            2.55756363569237        0.56913704672261        1.48546772114209
H            2.25644105590543       -1.38706884879721       -0.10939357755619
H            2.20607811402199       -0.23697294966476       -1.44292689799746
H            0.08038308791705       -2.30629605842553       -0.34900217521514
H           -2.37136114442734       -2.00603350389958       -0.07601248615082
H           -3.25404660661857        0.31615305934104        0.24917843238935
H            0.46005532662330        1.94537620137613        0.01659219439921
17
 energy: -22.484537246867 gnorm: 0.002927060487 xtb: 6.7.1 (edcfbbe)
C            2.82366783015161        0.60352581256322        0.44467317480428
C            1.97813741067138       -0.35513617278983       -0.39154751834984
C            0.49574553345240       -0.20271805347920       -0.19259093352001
C           -0.33646232046078       -1.31856242319452       -0.19630582402484
C           -1.70294843362305       -1.15734695138053       -0.04333390679151
C           -2.19660377718555        0.12828068298788        0.11697590254946
N           -1.42176392044282        1.19865709370582        0.12386424446099
C           -0.12055357569069        1.03545081764029       -0.02963208323315
H            2.66667529404493        1.63699887546115        0.13984448656478
H            3.87896237976937        0.37047590029850        0.31615927032301
H            2.57392308940019        0.51239088531744        1.50175675436660
H            2.25801394729112       -1.38565785995583       -0.15181485649798
H            2.20310749880589       -0.19592247838541       -1.45295220964882
H            0.08575552926166       -2.30690205364111       -0.32143530113351
H           -2.36680804447178       -2.00861935815273       -0.04859627853955
H           -3.25481049729941        0.31478247021576        0.24434139449418
H            0.45447733243795        1.95187704882391       -0.02015795160956
17
 energy: -22.484560263086 gnorm: 0.003353103169 xtb: 6.7.1 (edcfbbe)
C            2.82353050869255        0.59765072762418        0.45087712656046
C            1.97774643088791       -0.35079851236648       -0.39763601924374
C            0.49563375053241       -0.20098815167994       -0.19518081022405
C           -0.33465002156917       -1.31832427014193       -0.18980454072723
C           -1.70132777963440       -1.15773485220362       -0.03668843601183
C           -2.19662408241142        0.12836810900020        0.11541366225354
N           -1.42319483289849        1.19980284025582        0.11495003517176
C           -0.12229707189443        1.03751333854730       -0.03948133163588
H            2.65987416839679        1.63531668609002        0.16412251921244
H            3.87892105099495        0.37190596133731        0.31306426674342
H            2.57938342763585        0.48799586200266        1.50756742052141
H            2.25878462218566       -1.38444872421153       -0.17191017356475
H            2.20179987667411       -0.17658364113002       -1.45727110182129
H            0.08842779898530       -2.30689503818531       -0.30929775338633
H           -2.36461282361561       -2.00953363872743       -0.03571677747528
H           -3.25496032402299        0.31375979689878        0.24309823447198
H            0.45208057717340        1.95456774292480       -0.03685795663010
17
 energy: -22.484603538496 gnorm: 0.003367269034 xtb: 6.7.1 (edcfbbe)
C            2.82277523034872        0.58969491962843        0.45893983397828
C            1.97725533941216       -0.34465537805260       -0.40619435975324
C            0.49557583034196       -0.19868847651511       -0.19912225545374
C           -0.33194717695284       -1.31783393285726       -0.18160457595016
C           -1.69877569983669       -1.15813379180617       -0.02742423114478
C           -2.19633557818431        0.12835267844974        0.11410746454566
N           -1.42494964519326        1.20116991410655        0.10359090540866
C           -0.12449894562466        1.04004627693900       -0.05242306029147
H            2.65291108775579        1.63148329429122        0.19461875615621
H            3.87788923032789        0.37233581079699        0.31244027192732
H            2.58327238209228        0.45726613252007        1.51325990402368
H            2.25988570382558       -1.38188139048316       -0.19963707282898
H            2.20010592494125       -0.15015951490587       -1.46267083440936
H            0.09234739465906       -2.30658804020024       -0.29353584614515
H           -2.36142077583041       -2.01039007150503       -0.01788826200464
H           -3.25496675905679        0.31203961949808        0.24153387029849
H            0.44939173308669        1.95751618613015       -0.05874214414222
17
 energy: -22.484719780034 gnorm: 0.005479297844 xtb: 6.7.1 (edcfbbe)
C            2.81957578722737        0.56727039739590        0.48129963520905
C            1.97616739720715       -0.32691012669912       -0.43080184832121
C            0.49561284278274       -0.19228524956780       -0.21123250018604
C           -0.32428855592296       -1.31594260908655       -0.15946948775601
C           -1.69124832715729       -1.15902600907727       -0.00069239914364
C           -2.19525505071037        0.12821884891209        0.11127887303028
N           -1.42987010137955        1.20518232285563        0.07169476923640
C           -0.13033866466595        1.04686155343611       -0.08880929300503
H            2.63362245029165        1.62115957336016        0.27991072360628
H            3.87484282505732        0.37164419037014        0.31219526761586
H            2.59100448967759        0.37015821151972        1.52875236749415
H            2.26316383508333       -1.37314437859194       -0.27753372267959
H            2.19589322555039       -0.07629811817596       -1.47735305229365
H            0.10377743989933       -2.30518893786656       -0.25031490138608
H           -2.35138218970607       -2.01299641152781        0.03367694493287
H           -3.25474000109468        0.30745285426911        0.23771570267372
H            0.44197787397240        1.96541812450890       -0.12106871481275
17
 energy: -22.484818276453 gnorm: 0.010592923987 xtb: 6.7.1 (edcfbbe)
C            2.81375797996470        0.53757242925945        0.50970379152239
C            1.97504808271640       -0.30382525729211       -0.46256323434824
C            0.49573628372356       -0.18363093161638       -0.22996695017297
C           -0.31398663407326       -1.31255426810142       -0.13434747516258
C           -1.68076232516410       -1.15952790782210        0.03338078701679
C           -2.19298565000667        0.12784736384906        0.10993115782333
N           -1.43577956641746        1.20991379721748        0.03204393208237
C           -0.13767807691111        1.05549450435632       -0.13707069303613
H            2.61081419543450        1.60370768899825        0.38428375994639
H            3.86988808653089        0.36804536362348        0.31984418187927
H            2.59272919066538        0.26279080548471        1.54492718519375
H            2.26673168514486       -1.35905998330415       -0.37493965636326
H            2.19353671759852        0.01617881021591       -1.49386581723320
H            0.11917403713149       -2.30173127385329       -0.20040488115310
H           -2.33699227930462       -2.01566826546897        0.10101103932426
H           -3.25307877906962        0.30095590935009        0.23974578420234
H            0.43236232814895        1.97506545113835       -0.20246454730672
17
 energy: -22.484985738206 gnorm: 0.008318570434 xtb: 6.7.1 (edcfbbe)
C            2.80840386788396        0.52671139337983        0.51850061043264
C            1.97518365102856       -0.29573404454961       -0.47353356583043
C            0.49607643107808       -0.17999995650014       -0.24136644930112
C           -0.30933958600448       -1.30983066154351       -0.13184462060076
C           -1.67541487001572       -1.15857018463914        0.04434625919053
C           -2.19041147488998        0.12739492568854        0.11393212601141
N           -1.43680085452549        1.21067801970330        0.02195093828549
C           -0.13974971308138        1.05810307731152       -0.15493683910456
H            2.60843774946019        1.59034209394487        0.40800121149930
H            3.86483997986573        0.36063509450819        0.33826445727833
H            2.57683109619014        0.23711446653981        1.54286532135032
H            2.26714377913311       -1.34970114063147       -0.40348678707951
H            2.19767124755253        0.04279566993273       -1.49563231251641
H            0.12580802195497       -2.29776271052191       -0.19358209005126
H           -2.32983494410925       -2.01482229442153        0.12509112771085
H           -3.25007746992881        0.29724876469379        0.25174419210969
H            0.42974836452023        1.97697172313937       -0.23106521516983
17
 energy: -22.485248697101 gnorm: 0.008025458771 xtb: 6.7.1 (edcfbbe)
C            2.79362693488642        0.49458580642167        0.54329292532860
C            1.97595844150515       -0.27268885094923       -0.50466982905270
C            0.49753399741024       -0.17065880495406       -0.26742446118492
C           -0.29611161030492       -1.30273467228799       -0.11622497700201
C           -1.66050575092313       -1.15570599978581        0.07860253883708
C           -2.18403249211351        0.12733154826519        0.12208755909375
N           -1.44095957171989        1.21412587436511       -0.01297935824011
C           -0.14605793564938        1.06521510613569       -0.20580828608852
H            2.58390420863533        1.56149328409989        0.49858133746642
H            3.85363656487215        0.34844664449117        0.36627853654165
H            2.55109529154879        0.13795605715086        1.54438644158213
H            2.27188040325225       -1.32646241809036       -0.49301406872750
H            2.20496398684705        0.12674479791161       -1.50158675701182
H            0.14553373626715       -2.28848758000428       -0.15938203674788
H           -2.30837244457901       -2.01278613141231        0.19342140916440
H           -3.24301683485584        0.29155435681734        0.27194549519032
H            0.41943835103354        1.98364521786010       -0.31825810493413
17
 energy: -22.485520137042 gnorm: 0.003702919009 xtb: 6.7.1 (edcfbbe)
C            2.77329534874111        0.46203976889783        0.56231826573816
C            1.97866387035573       -0.25174242057130       -0.52995120775003
C            0.49972817314131       -0.16149764766417       -0.29473739328572
C           -0.28227455987206       -1.29269528878588       -0.10836576837513
C           -1.64372273322411       -1.15013500826900        0.10865595210959
C           -2.17589244210868        0.12816837714023        0.13499874622216
N           -1.44512559375797        1.21626765203313       -0.04196748279073
C           -0.15193584219629        1.06985173320692       -0.25185911164363
H            2.55330991191357        1.52562930436313        0.57113780082436
H            3.84084255277425        0.33060342224570        0.39816541836761
H            2.51752971397771        0.05303500298038        1.53678285342026
H            2.27741719919429       -1.29932724954576       -0.56664364575736
H            2.21729795122507        0.19687325951049       -1.49609389940650
H            0.16795609016945       -2.27550574077243       -0.13671670692563
H           -2.28028423728104       -2.00879219802096        0.25256054648550
H           -3.23278732842652        0.29118510104417        0.30006643811400
H            0.40449720148655        1.98761616824205       -0.39910244113211
17
 energy: -22.485388681970 gnorm: 0.016835355316 xtb: 6.7.1 (edcfbbe)
C            2.74746358182101        0.40065030969561        0.60749234625554
C            1.98083041225759       -0.20907970952669       -0.58274745050711
C            0.50152634812569       -0.14313323124113       -0.34238156313943
C           -0.25953553259062       -1.27823613425771       -0.08115262569443
C           -1.61743077817114       -1.14502062109928        0.16769746392078
C           -2.16599482018042        0.12813012799442        0.14807525127419
N           -1.45590169316370        1.22148491718175       -0.10478643553344
C           -0.16541366497172        1.08226303453442       -0.34163237131540
H            2.50809248555376        1.46577295037730        0.72655859148993
H            3.82285875760911        0.30313932508721        0.44603346467218
H            2.48321020640992       -0.11684479533017        1.54140310589499
H            2.28357468071559       -1.25829099306268       -0.72550664771778
H            2.23061485549906        0.35052234850738       -1.50219697206693
H            0.20497854378561       -2.25747510700149       -0.07346985227893
H           -2.23600740639998       -2.00940382097819        0.37114292589456
H           -3.22040972796908        0.28608873529775        0.33614715495669
H            0.37605902778167        2.00100689985592       -0.55142802189047
17
 energy: -22.485773458773 gnorm: 0.002603650070 xtb: 6.7.1 (edcfbbe)
C            2.75578733900595        0.41886951074268        0.59105395006992
C            1.98031668083489       -0.22171337951908       -0.56311722513779
C            0.50034826074826       -0.14646963328956       -0.32892553104717
C           -0.26632524041969       -1.28054623078055       -0.09340895137061
C           -1.62478916208959       -1.14621125102108        0.14548515518198
C           -2.16950483560647        0.12762875779783        0.14444066902545
N           -1.45470627988894        1.21830276948171       -0.08066381493057
C           -0.16324917397348        1.07892664049569       -0.31143804615440
H            2.52964639503889        1.47850247784142        0.66200286030631
H            3.82699380885131        0.30158977435113        0.43761818043621
H            2.49140150841064       -0.05056366222749        1.53606730815038
H            2.27960533954803       -1.26778657821687       -0.66594160800184
H            2.22848294883755        0.29492687419424       -1.49516078715675
H            0.19521661193868       -2.25950314196115       -0.10050591165117
H           -2.24532068626461       -2.01076009336307        0.32918071434769
H           -3.22364873487260        0.28809560306990        0.33059765870143
H            0.37826049601354        1.99828579843871       -0.49803625655419
17
 energy: -22.485834037290 gnorm: 0.002191937364 xtb: 6.7.1 (edcfbbe)
C            2.75087096199224        0.40571448003528        0.59670747190162
C            1.98091306487340       -0.21312353514404       -0.57160380038977
C            0.50076924477786       -0.14142451846486       -0.33707200981127
C           -0.26085831903575       -1.27606309011422       -0.08816808952558
C           -1.61841484230974       -1.14449542328858        0.15594007999450
C           -2.16740642875162        0.12753068228162        0.14749316688241
N           -1.45782259649861        1.21825736015339       -0.09133243671464
C           -0.16703106959743        1.08170535461876       -0.32826731545567
H            2.52137421797212        1.46539344814150        0.68956612119528
H            3.82280722357927        0.29365530870457        0.44619367476369
H            2.48152800862914       -0.08543121402690        1.53169796170034
H            2.28104151114821       -1.25619565464813       -0.69141042568299
H            2.23214580560721        0.31991503176533       -1.49190874664475
H            0.20416128587991       -2.25298496843110       -0.09037255948315
H           -2.23396314742695       -2.00992878087906        0.34906362033115
H           -3.22055794888660        0.28710062257115        0.33947624632681
H            0.36895830415969        2.00194913275971       -0.52675459517307
17
 energy: -22.485912535188 gnorm: 0.006732253581 xtb: 6.7.1 (edcfbbe)
C            2.73437957400062        0.35908325186495        0.62043793059030
C            1.98256847294651       -0.18413923889951       -0.59937524271225
C            0.50172393918424       -0.12395741747303       -0.36523065182917
C           -0.24287851369124       -1.26050508237294       -0.07233689851588
C           -1.59741883512937       -1.13936561473848        0.19131854961920
C           -2.16101645215031        0.12649368146386        0.15839143445630
N           -1.46929769436543        1.21806385712989       -0.12909158268425
C           -0.18032733077966        1.09101821391269       -0.38523773945405
H            2.49788623640993        1.41366316769716        0.77662078925291
H            3.80913399995853        0.26216283019920        0.47870504294907
H            2.45077637696856       -0.19133456215441        1.52071858774312
H            2.28395450452751       -1.22158681281272       -0.78540993287893
H            2.24414679626641        0.41500292677684       -1.48063234262875
H            0.23500352739279       -2.23140233629689       -0.05357817461962
H           -2.19573846939302       -2.00889448306971        0.41841728446635
H           -3.21105567087485        0.28314715737062        0.36808380131650
H            0.33667481484112        2.01412469743684       -0.62255249085591
17
 energy: -22.485962456747 gnorm: 0.002775644873 xtb: 6.7.1 (edcfbbe)
C            2.73625847209091        0.36072428095038        0.61833286569062
C            1.98210278548445       -0.18453146828368       -0.59668061412436
C            0.50132459296470       -0.12300599853571       -0.36363363212756
C           -0.24318321629045       -1.25982559774456       -0.07430708848526
C           -1.59800964112454       -1.13946577047767        0.18797473138011
C           -2.16189227877164        0.12613187355526        0.15714682725258
N           -1.47019142681480        1.21730582887059       -0.12667462538615
C           -0.18112166071685        1.09098739723002       -0.38130219547413
H            2.50203418838677        1.41413576617571        0.76909465146303
H            3.81017637965600        0.26059859196825        0.47519584033358
H            2.45390701413265       -0.18371466067793        1.51945410711977
H            2.28191884287715       -1.22024160602707       -0.77645799810573
H            2.24311031433020        0.40611079468782       -1.47862321893701
H            0.23513167275254       -2.23039613401724       -0.05609051015624
H           -2.19680431234794       -2.00887914156676        0.41337573978623
H           -3.21207163734634        0.28189414364325        0.36634609482074
H            0.33582518684955        2.01374593628371       -0.61390261083527
17
 energy: -22.486000437344 gnorm: 0.002112891662 xtb: 6.7.1 (edcfbbe)
C            2.73220566221537        0.34354453984900        0.62533900691436
C            1.98189435188599       -0.17260410563229       -0.60447270811085
C            0.50111834201248       -0.11496729788745       -0.37172665488440
C           -0.23601474060365       -1.25293926988163       -0.06817449265705
C           -1.59008778694675       -1.13747819468944        0.19937625953258
C           -2.16065265099420        0.12510544897125        0.15959453521999
N           -1.47646249104102        1.21621563600564       -0.13946464973178
C           -0.18791822104880        1.09448782986906       -0.39901064556463
H            2.49811210327943        1.39297580453725        0.79682436205206
H            3.80625376433628        0.24563369934083        0.48351943147226
H            2.44611276283680       -0.21993622444560        1.51273780028515
H            2.28120603865285       -1.20363415661168       -0.80610775280807
H            2.24599039338529        0.43735680283987       -1.47087127246621
H            0.24798062251205       -2.22023883286096       -0.04317682056734
H           -2.18325988170289       -2.00750493060165        0.43568949051773
H           -3.21019220741799        0.27763242998518        0.37376686696595
H            0.32222921475109        2.01792505724697       -0.64459439195479
17
 energy: -22.486048751090 gnorm: 0.003038766296 xtb: 6.7.1 (edcfbbe)
C            2.72606269943028        0.31157545664432        0.63702864174483
C            1.98104248618268       -0.15036221501017       -0.61806974058742
C            0.50046250281547       -0.10067255191065       -0.38448638943346
C           -0.22306040379957       -1.24051097677112       -0.05512764055663
C           -1.57588954150559       -1.13351127492484        0.22019508643136
C           -2.15912495593259        0.12322712480446        0.16166373331199
N           -1.48886718050972        1.21454388035444       -0.16521184570684
C           -0.20098859469543        1.10080603466647       -0.43170659509123
H            2.49108952986521        1.35422693601286        0.85142584078354
H            3.80065615063418        0.21899804770613        0.49598086059887
H            2.43474070018532       -0.28906186576414        1.49819823971500
H            2.28081818508289       -1.17286596800470       -0.86432007784561
H            2.24939697137275        0.49935719126365       -1.45548977226186
H            0.27152717459057       -2.20220895289229       -0.01459804247590
H           -2.15956005620704       -2.00426961694133        0.47851336564621
H           -3.20817613533522        0.26857189436231        0.38275010780339
H            0.29838574393817        2.02373109243890       -0.69749740786122
17
 energy: -22.486085872174 gnorm: 0.003233030882 xtb: 6.7.1 (edcfbbe)
C            2.72561890133040        0.29154731733456        0.64203835460243
C            1.97950870240546       -0.13469026549364       -0.62397739444639
C            0.49946692730623       -0.09133772768113       -0.38665088179757
C           -0.21482090711249       -1.23264643134185       -0.04216302812531
C           -1.56748021979036       -1.13119473006232        0.23364722960799
C           -2.16001633098835        0.12077011044352        0.16115384221893
N           -1.49902037219364        1.21240788578372       -0.18025780530530
C           -0.21078179409629        1.10428678479180       -0.44666117862005
H            2.49223902347740        1.32755852988267        0.88442412229133
H            3.80007658903031        0.20110633340886        0.49819994466461
H            2.43366118319407       -0.33236966417411        1.48523648987430
H            2.28001959402503       -1.14956440138465       -0.89995845768703
H            2.24715062234068        0.53935947945799       -1.44240463800260
H            0.28655285468867       -2.18957746774284        0.00571001705067
H           -2.14683281588998       -2.00031501816158        0.50025075877605
H           -3.21028353432213        0.25927313536882        0.37891472946087
H            0.28345685270734        2.02696036560446       -0.72825374034788
17
 energy: -22.486124240253 gnorm: 0.003558610166 xtb: 6.7.1 (edcfbbe)
C            2.72754051392464        0.26648013122495        0.64769005932644
C            1.97705838155703       -0.11265752272230       -0.63259864902067
C            0.49764131568634       -0.07820742287595       -0.39133781107353
C           -0.20480891458241       -1.22175717077013       -0.02761179644196
C           -1.55792174644571       -1.12815717048567        0.24812886836664
C           -2.16273535629047        0.11725719220896        0.15566988744257
N           -1.51302648217469        1.21000257582773       -0.20210512892966
C           -0.22373744153671        1.10965847164570       -0.46685817845394
H            2.49692002665957        1.29366943757784        0.92923503915349
H            3.80155022235620        0.17935616645618        0.49782715980876
H            2.43707439900587       -0.38965253525356        1.46790796873383
H            2.27607220919323       -1.11598814055217       -0.94356555150407
H            2.24245180553969        0.58770661842047       -1.42680849978690
H            0.30586331072887       -2.17366078297594        0.03614879617553
H           -2.13176159244316       -1.99740700194009        0.53365028807710
H           -3.21541616156607        0.24522322934522        0.37050297703373
H            0.26575078650013        2.02970816090301       -0.75662706469229
17
 energy: -22.486157232643 gnorm: 0.001407204015 xtb: 6.7.1 (edcfbbe)
C            2.72985239777754        0.26651551712586        0.64566546140981
C            1.97664335011520       -0.11278012494975       -0.63185658878444
C            0.49759823015815       -0.07906750139311       -0.38822487215785
C           -0.20562180284292       -1.22148493685286       -0.02336480010563
C           -1.55954292506990       -1.12775345481110        0.24937980614926
C           -2.16478205798299        0.11631725224484        0.15087731166847
N           -1.51278338995578        1.20979143147323       -0.20286206735918
C           -0.22247500999245        1.10950255612370       -0.46402814514295
H            2.49439177461690        1.28867193457827        0.93477207105717
H            3.80353166609211        0.18648415324666        0.49256923901158
H            2.44543483483398       -0.39378573279447        1.46268650794894
H            2.27601981096808       -1.11531006837890       -0.94478071929799
H            2.23929921947723        0.58876621140668       -1.42610649174682
H            0.30462925082025       -2.17310939807281        0.04279783927362
H           -2.13289177865904       -1.99725169593808        0.53323779959206
H           -3.21806090931483        0.24539296346834        0.36281702230810
H            0.26727261507084        2.03067512955778       -0.75433100960908
17
 energy: -22.486189693061 gnorm: 0.002004509746 xtb: 6.7.1 (edcfbbe)
C            2.73533323262617        0.26531260882318        0.64226227927331
C            1.97572208509901       -0.11276756285825       -0.63013525099456
C            0.49738434315676       -0.08089558231388       -0.38105922757824
C           -0.20744119715406       -1.22069753146436       -0.01359245878385
C           -1.56357302232309       -1.12639108708476        0.25133440897672
C           -2.16890630373645        0.11548491331073        0.14195239665909
N           -1.51260485869314        1.20967213235789       -0.20586691472730
C           -0.22063371516418        1.10877137282383       -0.45948050488799
H            2.48410922176693        1.27698742372326        0.94812534023902
H            3.80846076032679        0.20751223165246        0.47649264924505
H            2.47189404711357       -0.40952414527736        1.45294482806174
H            2.27580893573018       -1.11363276050834       -0.94736004893577
H            2.23086654322939        0.59084937911849       -1.42555341849198
H            0.30221059369997       -2.17164019291127        0.06081117933371
H           -2.13570547897255       -1.99644719946289        0.53347385395611
H           -3.22494671820792        0.24642256548119        0.33996048937468
H            0.27053680761498        2.03255767062432       -0.74506123650468
17
 energy: -22.486200858473 gnorm: 0.001374195417 xtb: 6.7.1 (edcfbbe)
C            2.73749423720727        0.26434166481855        0.64200597586315
C            1.97529904266917       -0.11266062974293       -0.62941043238688
C            0.49709610450045       -0.08069142778071       -0.37884878638607
C           -0.20786115212112       -1.22011432287174       -0.01092307636613
C           -1.56469651794191       -1.12583048940647        0.25112235916435
C           -2.17028723472007        0.11561596678810        0.13868507669181
N           -1.51354813832273        1.20976526384374       -0.20819518815760
C           -0.22114024353367        1.10892391303879       -0.45842851262459
H            2.48003953258213        1.27342178662527        0.95350728523980
H            3.81039864184262        0.21540388536752        0.47084978545849
H            2.48330528074831       -0.41715026600979        1.45084018177745
H            2.27479403899352       -1.11330502761626       -0.94813461403755
H            2.22906649366748        0.59157707431840       -1.42467261102738
H            0.30175214632620       -2.17101095603887        0.06580231734038
H           -2.13662820122664       -1.99582480517177        0.53461474582005
H           -3.22667410137342        0.24684266313354        0.33394615520230
H            0.27010534681477        2.03226994273890       -0.74351229735652
17
 energy: -22.486210639824 gnorm: 0.001059063236 xtb: 6.7.1 (edcfbbe)
C            2.74174916259989        0.26161656948974        0.64218208002718
C            1.97432483610360       -0.11202710339233       -0.62787644856616
C            0.49622964578409       -0.07926796787483       -0.37594912407748
C           -0.20833815138948       -1.21843358035297       -0.00649822851695
C           -1.56591100820940       -1.12443537244728        0.25196811169714
C           -2.17246666940567        0.11631021908384        0.13462671392229
N           -1.51637733263080        1.20993250111189       -0.21371133259385
C           -0.22350152203555        1.10954396753161       -0.45926702536711
H            2.47233692054987        1.26533464346633        0.96536634975765
H            3.81386332774708        0.23045959823805        0.46056212892948
H            2.50587354242924       -0.43279615962156        1.44690893963525
H            2.27154760588126       -1.11267336856549       -0.94908719634640
H            2.22751625462396        0.59328004390476       -1.42210346936207
H            0.30144867665802       -2.16921695797975        0.07375983706483
H           -2.13813318027688       -1.99423158034176        0.53740791360713
H           -3.22996153426966        0.24641249804904        0.32342274377325
H            0.26831470195279        2.03176628573497       -0.74246362936912
17
 energy: -22.486213075781 gnorm: 0.000550899640 xtb: 6.7.1 (edcfbbe)
C            2.74182987061544        0.26065761942514        0.64253064781769
C            1.97428641181805       -0.11157820719554       -0.62779042283031
C            0.49630093202534       -0.07866260855198       -0.37558594627878
C           -0.20813808848841       -1.21799129110099       -0.00585618628341
C           -1.56569937730738       -1.12426966709124        0.25224214058797
C           -2.17273186906255        0.11625383338001        0.13375186930144
N           -1.51682876428472        1.20986705135866       -0.21491433900303
C           -0.22370209025665        1.10984982116054       -0.45986877234269
H            2.47069903607598        1.26264573380837        0.96855289857690
H            3.81355106130730        0.23247002730641        0.45974062309978
H            2.50813590738551       -0.43574523417803        1.44548986232390
H            2.27122722861353       -1.11197388199865       -0.94999418305335
H            2.22772177917132        0.59460110150407       -1.42119191944295
H            0.30190890305664       -2.16855551875791        0.07482385494782
H           -2.13804507421127       -1.99359005089625        0.53857855398812
H           -3.23000567804975        0.24593024666153        0.32398917019045
H            0.26800508770399        2.03166526120012       -0.74524948738449
17
 energy: -22.486215331534 gnorm: 0.000300900614 xtb: 6.7.1 (edcfbbe)
C            2.74188383392541        0.25876439052899        0.64322794224181
C            1.97417567871531       -0.11054020988834       -0.62774498842217
C            0.49618611686616       -0.07790035224564       -0.37606434255829
C           -0.20770573958519       -1.21714904015126       -0.00435279010538
C           -1.56501147945315       -1.12365002728411        0.25407971916297
C           -2.17271480513466        0.11654201007727        0.13376218810396
N           -1.51751568738190        1.20975894656388       -0.21721881672125
C           -0.22434892712945        1.10994685980574       -0.46284316238733
H            2.46663241157106        1.25719218991552        0.97523158895689
H            3.81321573345573        0.23665524264016        0.45866610027088
H            2.51238044825161       -0.44255390039904        1.44233273596345
H            2.27112814730901       -1.11014766261744       -0.95221182419352
H            2.22788709924391        0.59751631517154       -1.41942004465258
H            0.30291515677246       -2.16723023763501        0.07727612146890
H           -2.13778916077889       -1.99240189142159        0.54068159846550
H           -3.23022368901872        0.24518477555573        0.32400422794500
H            0.26742013848366        2.03158682741787       -0.75015788932378
17
 energy: -22.486216494070 gnorm: 0.000298597811 xtb: 6.7.1 (edcfbbe)
C            2.74158137744322        0.25701152952521        0.64384070644816
C            1.97418856797000       -0.10950638596595       -0.62813186006787
C            0.49620111153610       -0.07738696218553       -0.37637824095518
C           -0.20720948597310       -1.21647423948775       -0.00313530849177
C           -1.56453180359225       -1.12317058519958        0.25505985604944
C           -2.17268118535145        0.11673295640928        0.13329299509160
N           -1.51799567785006        1.20970849179474       -0.21917644655092
C           -0.22476738470062        1.11000017551309       -0.46485661532858
H            2.46305159332287        1.25301113380866        0.98028572740203
H            3.81286745660736        0.23942756894235        0.45821945424368
H            2.51531869322247       -0.44858426987661        1.44022848923752
H            2.27139411446601       -1.10834646340391       -0.95473491477374
H            2.22779316045209        0.60031029597450       -1.41830785493706
H            0.30400795193246       -2.16611095059911        0.07993996458897
H           -2.13707244126047       -1.99160149590087        0.54305888576810
H           -3.23012051263400        0.24516180420641        0.32404750303058
H            0.26648974052172        2.03139163247935       -0.75400397653990
17
 energy: -22.486217465793 gnorm: 0.000203800514 xtb: 6.7.1 (edcfbbe)
C            2.74110446869559        0.25569464309313        0.64426589975156
C            1.97427427257686       -0.10866065356680       -0.62869181616750
C            0.49622688200727       -0.07713103323750       -0.37702747382221
C           -0.20668829906057       -1.21600950279926       -0.00233453254137
C           -1.56402386644666       -1.12282731040284        0.25600127715750
C           -2.17248389547583        0.11682657880623        0.13335001910801
N           -1.51827228719897        1.20962020287294       -0.22046600896179
C           -0.22510885650562        1.10993151930622       -0.46654711606371
H            2.46128627383557        1.25057709228646        0.98292732831212
H            3.81248507523661        0.23980073553411        0.45907742027359
H            2.51558879341921       -0.45210747173878        1.43900443274804
H            2.27182941823770       -1.10679625762849       -0.95717335059293
H            2.22783464519775        0.60272411989110       -1.41744234900344
H            0.30492363969029       -2.16537189565790        0.08163140633044
H           -2.13612831352384       -1.99126925012730        0.54499056795274
H           -3.22987309587287        0.24534041113269        0.32428645070018
H            0.26554042129984        2.03123230827027       -0.75660379096618
17
 energy: -22.486218508145 gnorm: 0.000134175223 xtb: 6.7.1 (edcfbbe)
C            2.74055741513652        0.25417836844326        0.64476985150246
C            1.97437686519573       -0.10758324334352       -0.62932908836968
C            0.49627980708459       -0.07670840985342       -0.37778011651267
C           -0.20601280237407       -1.21543554403859       -0.00162015668317
C           -1.56333115056431       -1.12250299739538        0.25715548960383
C           -2.17231014950966        0.11673095578482        0.13346392768769
N           -1.51868246090567        1.20942447122716       -0.22183901796612
C           -0.22557553252349        1.10997128620969       -0.46830242440298
H            2.46051577078958        1.24852716039076        0.98500508943129
H            3.81210712153684        0.23853279766672        0.46025391207920
H            2.51445557321376       -0.45514640796713        1.43809913128326
H            2.27219225647686       -1.10494933505670       -0.95990800562013
H            2.22799356105490        0.60557304150545       -1.41642239468707
H            0.30599680858272       -2.16451365652336        0.08326809758192
H           -2.13474697094374       -1.99105986743540        0.54726719765291
H           -3.22968206440183        0.24528542785138        0.32448325382702
H            0.26438122826364        2.03125018856855       -0.75931638219272
17
 energy: -22.486219775674 gnorm: 0.000173628396 xtb: 6.7.1 (edcfbbe)
C            2.73999274358290        0.25213233462532        0.64542118164063
C            1.97442778665692       -0.10604058949173       -0.63010988960272
C            0.49628724393807       -0.07587490567157       -0.37871461881073
C           -0.20503672925144       -1.21451671605886       -0.00062798361371
C           -1.56235261185503       -1.12215292696116        0.25860082572529
C           -2.17222313054304        0.11644023246576        0.13348106085928
N           -1.51949751093146        1.20908261877158       -0.22375151831793
C           -0.22645423842989        1.11017493366094       -0.47063930651158
H            2.46074317708608        1.24613751089648        0.98745813987108
H            3.81170628883761        0.23566818945934        0.46196040660942
H            2.51237408355140       -0.45861563863521        1.43710078111409
H            2.27237861385290       -1.10246164847848       -0.96342282528981
H            2.22829898450370        0.60937524650890       -1.41503139829616
H            0.30756758871488       -2.16318367559587        0.08531803664765
H           -2.13281634926130       -1.99083116370271        0.55030288070988
H           -3.22955693323215        0.24479140629852        0.32478367312438
H            0.26267626889218        2.03144902794303       -0.76288108164401
17
 energy: -22.486221448170 gnorm: 0.000225544313 xtb: 6.7.1 (edcfbbe)
C            2.73942636522897        0.24894554721800        0.64638698478327
C            1.97442506341362       -0.10362353222041       -0.63106242048934
C            0.49625264801443       -0.07435592461093       -0.37983977652337
C           -0.20359319272271       -1.21300004125945        0.00094055579713
C           -1.56086678208746       -1.12163006374712        0.26083325283057
C           -2.17224550726898        0.11594617169350        0.13332805084305
N           -1.52095977923237        1.20855672971850       -0.22673348101309
C           -0.22792070026867        1.11066482851712       -0.47393327150861
H            2.46147618443205        1.24236431637323        0.99137168147963
H            3.81132560666424        0.23125954628230        0.46390515991899
H            2.50972246555030       -0.46404788605084        1.43550191464928
H            2.27233660401173       -1.09870002662704       -0.96843994718160
H            2.22875216241663        0.61509229608825       -1.41278706949707
H            0.31008073315926       -2.16092972611922        0.08872268102784
H           -2.13005027852050       -1.99042825995742        0.55471435821856
H           -3.22964208931323        0.24361168953039        0.32475433295093
H            0.25999577263503        2.03184857120541       -0.76841464207110
17
 energy: -22.486223493244 gnorm: 0.000236018579 xtb: 6.7.1 (edcfbbe)
C            2.73876778939708        0.24418844424486        0.64779042169230
C            1.97434513733720       -0.10001071499978       -0.63234520415618
C            0.49615700400035       -0.07194238152302       -0.38127544173662
C           -0.20145071401242       -1.21062201233809        0.00364122738506
C           -1.55872389897961       -1.12087688191902        0.26396084233523
C           -2.17241493124150        0.11518095487326        0.13270213730270
N           -1.52329988607801        1.20774910615667       -0.23139570681509
C           -0.23022525932618        1.11141968397202       -0.47902739669644
H            2.46260701467732        1.23641801902813        0.99774123438932
H            3.81081461697427        0.22513553179015        0.46635809516482
H            2.50665747878664       -0.47243403325905        1.43291701354847
H            2.27199829453869       -1.09314478483629       -0.97569562372269
H            2.22931652973059        0.62342704953474       -1.40948139813406
H            0.31390735521381       -2.15738962493825        0.09397263223853
H           -2.12613839355340       -1.98968361124028        0.56121730133855
H           -3.22985310977538        0.24160976565316        0.32464391219775
H            0.25605024842289        2.03254972583509       -0.77647568211660
17
 energy: -22.486225476259 gnorm: 0.000224471262 xtb: 6.7.1 (edcfbbe)
C            2.73819174607242        0.23779334448024        0.64955249100523
C            1.97417718085016       -0.09526539208828       -0.63380694329924
C            0.49595664385721       -0.06870541492052       -0.38292692685299
C           -0.19879967332727       -1.20746189766426        0.00715035861862
C           -1.55598231955415       -1.11978545685199        0.26820360114813
C           -2.17270112247304        0.11428795581205        0.13187387577024
N           -1.52646322547754        1.20672547191494       -0.23757083073704
C           -0.23321382293288        1.11248215868711       -0.48530495982390
H            2.46346349516631        1.22786443879098        1.00681092484358
H            3.81036462305202        0.21821834159250        0.46889895957430
H            2.50402252205808       -0.48437204319026        1.42898451925251
H            2.27149981274755       -1.08575999028632       -0.98512249994293
H            2.22994147790195        0.63442388680060       -1.40481529563752
H            0.31900118043733       -2.15252596945532        0.10150575058337
H           -2.12125416410759       -1.98852862024747        0.56967790319771
H           -3.23039979945262        0.23884573723176        0.32369938724370
H            0.25071072129442        2.03333768542856       -0.78756195072871
17
 energy: -22.486226803902 gnorm: 0.000232657961 xtb: 6.7.1 (edcfbbe)
C            2.73759303032318        0.23037758764366        0.65152895438194
C            1.97399706335084       -0.08979802568218       -0.63537999049092
C            0.49577314613432       -0.06501524585966       -0.38452493746571
C           -0.19570462555111       -1.20370909796308        0.01194951260887
C           -1.55295000387609       -1.11845077780566        0.27301366145258
C           -2.17316747616669        0.11326373330992        0.13028313662750
N           -1.53012545134616        1.20548190170003       -0.24512469244653
C           -0.23666687551879        1.11353227563338       -0.49301379653956
H            2.46351568350131        1.21727842331912        1.01806805374847
H            3.80981511989861        0.21159207044111        0.47105384676303
H            2.50241624380815       -0.49895532094264        1.42398360183479
H            2.27087798850155       -1.07717426368045       -0.99582843207780
H            2.23045166726413        0.64694488623241       -1.39941996862621
H            0.32475991314009       -2.14685837984291        0.11043855655698
H           -2.11582915316101       -1.98700869006081        0.57943438257895
H           -3.23100897116394        0.23582623293722        0.32252673058443
H            0.24476797697395        2.03424692665486       -0.79974025527577
17
 energy: -22.486227216118 gnorm: 0.000118673047 xtb: 6.7.1 (edcfbbe)
C            2.73749102895307        0.22648093701818        0.65243878588234
C            1.97386110340466       -0.08699245124304       -0.63603689872113
C            0.49561020101423       -0.06316004390832       -0.38523651300228
C           -0.19428406369610       -1.20177404061007        0.01425092269675
C           -1.55152058943743       -1.11767733408204        0.27541870038092
C           -2.17342677815436        0.11281502024890        0.12956333250286
N           -1.53201071589865        1.20482078091578       -0.24897289435634
C           -0.23839013327963        1.11402842161132       -0.49667635486528
H            2.46310959102698        1.21121024560787        1.02435188979582
H            3.80969049664773        0.20906277507434        0.47190001709868
H            2.50267540129574       -0.50703059159789        1.42092780846819
H            2.27055862772674       -1.07258549477861       -1.00139879956781
H            2.23053017980098        0.65343193223403       -1.39634060010576
H            0.32770296577487       -2.14378688760372        0.11563632329812
H           -2.11317184488965       -1.98607056828023        0.58448291288443
H           -3.23150034234144        0.23428130435732        0.32129432674243
H            0.24159014816460        2.03452023107052       -0.80635459491691
17
 energy: -22.486227333224 gnorm: 0.000062294309 xtb: 6.7.1 (edcfbbe)
C            2.73759284155663        0.22492466710366        0.65273726757050
C            1.97381654320129       -0.08591024560396       -0.63620180433829
C            0.49556310322541       -0.06248169744415       -0.38526356168981
C           -0.19374805520871       -1.20097455186935        0.01562770054740
C           -1.55105462358480       -1.11730130859791        0.27652897471303
C           -2.17365666841865        0.11266026281381        0.12892944448685
N           -1.53276570087329        1.20455564891756       -0.25073055180506
C           -0.23903537705568        1.11416720501490       -0.49814661567357
H            2.46234735629020        1.20834182648515        1.02735803023291
H            3.80974427062728        0.20908288662995        0.47166567849709
H            2.50386908168156       -0.51086680227162        1.41933687055610
H            2.27043965391504       -1.07076212757144       -1.00352949006942
H            2.23038578251319        0.65599935698510       -1.39503983778482
H            0.32870322022335       -2.14258903262198        0.11794696522185
H           -2.11232059843087       -1.98564787538976        0.58635350952527
H           -3.23180967570591        0.23379172784938        0.32043971374210
H            0.24044412215632        2.03458429560496       -0.80876392951710
17
 energy: -22.486227359041 gnorm: 0.000019449966 xtb: 6.7.1 (edcfbbe)
C            2.73772434740492        0.22450231458382        0.65280167987640
C            1.97378287438627       -0.08562628688227       -0.63621437644735
C            0.49553616166273       -0.06233720683212       -0.38517416942193
C           -0.19367902057744       -1.20078005632593        0.01603212030795
C           -1.55103517873925       -1.11719535086401        0.27671482632755
C           -2.17376238498637        0.11263380180672        0.12866991673580
N           -1.53295861318338        1.20448863674028       -0.25125380975791
C           -0.23918836344592        1.11417688705130       -0.49853497951605
H            2.46194976364997        1.20731770280844        1.02848030831819
H            3.80981888694523        0.20959944985200        0.47141195740470
H            2.50481567662268       -0.51215175498786        1.41875889244708
H            2.27036240649096       -1.07026765362595       -1.00414522415566
H            2.23019996301552        0.65670549031173       -1.39469424487478
H            0.32890641279190       -2.14227404974039        0.11886770155246
H           -2.11219447768982       -1.98549170352392        0.58690016389800
H           -3.23196480390441        0.23368599010124        0.31996238974103
H            0.24020162566875        2.03458802556125       -0.80933478822046
