9
 energy: -13.480955404504 gnorm: 0.019292202658 xtb: 6.7.1 (edcfbbe)
C           -1.84134141876658        0.64096977935435       -0.13684396242757
C           -1.35012186952368       -0.52698831708336        0.25620995810820
C            0.08173571024649       -0.93918506083143        0.33132089563134
Cl           1.26039751833256        0.33939098164283       -0.18326171280264
H           -2.91176326441984        0.81311177773578       -0.14477849746001
H           -1.19557430577632        1.45070996981983       -0.45849852730233
H           -2.02894113637110       -1.32000751834752        0.57347779924833
H            0.35031559883008       -1.21385336652525        1.35669340086628
H            0.26667666816155       -1.80746874554905       -0.30966784750851
9
 energy: -13.481537479235 gnorm: 0.009334640445 xtb: 6.7.1 (edcfbbe)
C           -1.82809003707331        0.63351443276699       -0.13483699999320
C           -1.35208192702704       -0.53237060938796        0.25798827529678
C            0.07589741591152       -0.94478541207946        0.33357683510490
Cl           1.21129166781936        0.35072134402062       -0.18479843965377
H           -2.88847518527022        0.82262499362911       -0.14908603381137
H           -1.18021496833742        1.43345588385887       -0.45323980808251
H           -2.02820334665242       -1.32062569869650        0.57371103153917
H            0.35256326640736       -1.20442443875239        1.35854773320830
H            0.26869661493533       -1.80143099514309       -0.31721108725521
9
 energy: -13.481634913116 gnorm: 0.004478885906 xtb: 6.7.1 (edcfbbe)
C           -1.82900063752710        0.63081063944275       -0.13370874569672
C           -1.35510108509337       -0.53396304941637        0.25873383186861
C            0.07656888743022       -0.93959663103244        0.33167288442007
Cl           1.21377386590618        0.34166529039251       -0.18174706152032
H           -2.88552203991856        0.82670366190241       -0.15075908492708
H           -1.18316725694522        1.42934459794667       -0.45160801038379
H           -2.02608918589347       -1.32344802986735        0.57456754844771
H            0.35181402844356       -1.19924286697117        1.35560035886566
H            0.26810692431093       -1.79559411218082       -0.31810021472106
9
 energy: -13.481661929570 gnorm: 0.001747700487 xtb: 6.7.1 (edcfbbe)
C           -1.82816289477859        0.63013657855236       -0.13364300576396
C           -1.35586058983800       -0.53576915234693        0.25930928562906
C            0.07876397542774       -0.93798463884188        0.33098732369231
Cl           1.20721525872587        0.34429744629026       -0.18243782241420
H           -2.88413424450120        0.83108177265356       -0.15225989112731
H           -1.18047701445885        1.42808255363591       -0.45117192356175
H           -2.02434554052140       -1.32667502623924        0.57556261489947
H            0.35097426906292       -1.20022853970880        1.35531595565350
H            0.26741028159467       -1.79626149377906       -0.31701103065403
9
 energy: -13.481665661225 gnorm: 0.000735569546 xtb: 6.7.1 (edcfbbe)
C           -1.82908159377489        0.63056371067913       -0.13332590976751
C           -1.35641550135260       -0.53571820749605        0.25955679385295
C            0.08075600178276       -0.93635595425737        0.33032141763713
Cl           1.20714645801293        0.34446310751595       -0.18255331032684
H           -2.88584303944349        0.83258299591620       -0.15303842187038
H           -1.17963162361984        1.42846301089891       -0.45145063100254
H           -2.02338170136848       -1.32833345819812        0.57597622097275
H            0.35076967726538       -1.20158887746580        1.35550245161332
H            0.26706482321138       -1.79739682737667       -0.31633710475580
9
 energy: -13.481666376578 gnorm: 0.000169960757 xtb: 6.7.1 (edcfbbe)
C           -1.82899880011629        0.63040324809758       -0.13412202592924
C           -1.35615932444932       -0.53553583118542        0.25891504455114
C            0.08019342670204       -0.93683460658711        0.33051288196907
Cl           1.20741977554725        0.34426314046243       -0.18260864678072
H           -2.88561652296785        0.83187668344657       -0.15215055774631
H           -1.17984390696348        1.42862277983971       -0.45103546172554
H           -2.02351474271315       -1.32764662477308        0.57578120407137
H            0.35065435658522       -1.20107272889230        1.35570957709531
H            0.26724923908873       -1.79739656019218       -0.31635050915200
9
 energy: -13.481666145063 gnorm: 0.000330391894 xtb: 6.7.1 (edcfbbe)
C           -1.82886621553286        0.63089375391309       -0.13285799623175
C           -1.35602645038349       -0.53515774730109        0.25969640694555
C            0.07999323272082       -0.93695047410833        0.33058880547440
Cl           1.20741984442667        0.34420326357978       -0.18248295293968
H           -2.88551962209013        0.83125583770698       -0.15300961208994
H           -1.17992992649095        1.42834616020661       -0.45163852452053
H           -2.02352576299266       -1.32752199649447        0.57555743664504
H            0.35089256222323       -1.20129839968155        1.35554099028731
H            0.26694583883252       -1.79709089760484       -0.31674304721732
9
 energy: -13.481666477510 gnorm: 0.000022447055 xtb: 6.7.1 (edcfbbe)
C           -1.82896356590990        0.63059393845432       -0.13363818188295
C           -1.35613948159887       -0.53544004348125        0.25920928755380
C            0.08018272605854       -0.93678365169845        0.33050516863572
Cl           1.20737129229265        0.34419980028982       -0.18258930953576
H           -2.88558484773775        0.83172728574667       -0.15250943000286
H           -1.17983290358033        1.42850288712035       -0.45121053937652
H           -2.02346725670285       -1.32770972713027        0.57569410663126
H            0.35070805406417       -1.20112727622981        1.35561609991763
H            0.26710948382749       -1.79728371285519       -0.31642569558723
9
 energy: -13.481666478381 gnorm: 0.000011528302 xtb: 6.7.1 (edcfbbe)
C           -1.82896566201735        0.63060372299631       -0.13363406883785
C           -1.35613212338659       -0.53543227163279        0.25919306528361
C            0.08017930741809       -0.93679417683999        0.33051391191179
Cl           1.20740423611065        0.34421757498432       -0.18263814933150
H           -2.88560504460426        0.83169444778115       -0.15248707438059
H           -1.17982175388740        1.42851946071576       -0.45118566555822
H           -2.02348830109876       -1.32769982294504        0.57564150402745
H            0.35070376330253       -1.20110927624659        1.35563914570289
H            0.26710907887625       -1.79732015859695       -0.31639116246449
