21
 energy: -275.091936499701 gnorm: 0.018883154976 xtb: 6.7.1 (edcfbbe)
C            1.95203693566500        0.00007721270003       -0.76146121563742
C            1.11221177969285       -0.00011257050005        0.51451472962800
C            0.23835849870562        1.25362003175551        0.62903476147874
C           -0.91695172480633        1.25185658895473       -0.36818831046315
C           -1.77063182208461        0.00010251610005       -0.19464204728625
C           -0.91712395700640       -1.25178864565470       -0.36819770546316
C            0.23822160950556       -1.25376211725558        0.62898770067872
H            2.58928963554738        0.88161598539067       -0.79156523085076
H            2.58823775604692       -0.88219507149092       -0.79248931425117
H            1.32946911488912        0.00093391250041       -1.65104913953162
H            1.81013272080212       -0.00014680430007        1.36147554900331
H           -0.17338850227683        1.30104246867653        1.64059617492699
H            0.85424944527854        2.14352684054985        0.48036443621286
H           -1.52938976237771        2.14359421334988       -0.21530439059541
H           -0.52948341043463        1.29060316507190       -1.38765450031491
H           -2.21244241108039        0.00013730840006        0.80500135945672
H           -2.58655377374617        0.00015863460007       -0.92095609960810
H           -1.52971824117786       -2.14340675304980       -0.21518530139535
H           -0.52974546333474       -1.29066505797193       -1.38769283151492
H           -0.17343043097685       -1.30145517237671        1.64053317152696
H            0.85400641147843       -2.14366044264991        0.48000659981270
21
 energy: -275.092597829929 gnorm: 0.004474196057 xtb: 6.7.1 (edcfbbe)
C            1.95693860549393       -0.00000512981865       -0.76159594215243
C            1.11566202257207       -0.00007497133710        0.51742326331701
C            0.24192162749518        1.25900266285038        0.63093216528988
C           -0.92225144727497        1.25932250101613       -0.36290577871759
C           -1.77549729052223        0.00010191695607       -0.20465262442140
C           -0.92241513882254       -1.25923283824880       -0.36296502227385
C            0.24184471330092       -1.25910721140953        0.63077609925358
H            2.59868150115308        0.88448827983988       -0.79988634422292
H            2.59772836049460       -0.88515345745771       -0.80074864864031
H            1.33783567154825        0.00077482198181       -1.66100594028910
H            1.81427330168861       -0.00014745897470        1.36516401360416
H           -0.17098804842999        1.30913542033017        1.64627568409833
H            0.86020317407481        2.15327340262434        0.49226435379874
H           -1.53329428027948        2.15639580605788       -0.21705510972143
H           -0.53735486732993        1.30465741618277       -1.38799903235464
H           -2.22541536958552        0.00011163287821        0.79657669845063
H           -2.59842860982617        0.00016521544272       -0.92737719265155
H           -1.53358813941820       -2.15621234557213       -0.21704957721957
H           -0.53757977238884       -1.30463088390023       -1.38807802990754
H           -0.17096899724264       -1.30939210573139        1.64613915125330
H            0.86004732623211       -2.15339607313207        0.49189587192460
21
 energy: -275.092653204828 gnorm: 0.000743231171 xtb: 6.7.1 (edcfbbe)
C            1.96013247345375       -0.00000307400568       -0.76268297294466
C            1.11766599914308       -0.00008877604460        0.51680606379069
C            0.24150330004139        1.25910963321095        0.63279747172876
C           -0.92306900395727        1.26081132542835       -0.36282666405185
C           -1.77702879132626        0.00009770223873       -0.20490711624600
C           -0.92321267177492       -1.26070535164199       -0.36292422980569
C            0.24139461975760       -1.25921689700899        0.63266200367053
H            2.60367129060837        0.88537411799054       -0.80425680701732
H            2.60279641662467       -0.88597855979672       -0.80497639380075
H            1.34245269846017        0.00066864376818       -1.66569215670799
H            1.81642200865324       -0.00017575250660        1.36478094989511
H           -0.17040325737745        1.30962857187628        1.65043837353171
H            0.85976597870186        2.15540609292103        0.49761441601930
H           -1.53543698232045        2.15813027974226       -0.21661805882033
H           -0.53914519380614        1.31262300863164       -1.39027319462390
H           -2.23477378455417        0.00008744342979        0.79524497075583
H           -2.59949124294845        0.00016790617955       -0.92958596346197
H           -1.53568966628411       -2.15795196133713       -0.21672100645835
H           -0.53932637261285       -1.31251816985235       -1.39038602203728
H           -0.17046073789491       -1.30985100843013        1.65031876453170
H            0.85958722218904       -2.15553839868415        0.49731534594258
21
 energy: -275.092658505370 gnorm: 0.000532890870 xtb: 6.7.1 (edcfbbe)
C            1.95997673101772       -0.00002752411286       -0.76346336207431
C            1.11831563385732       -0.00008249945252        0.51617044526563
C            0.24206630530757        1.25934164250471        0.63279344725176
C           -0.92327318097707        1.26134700629092       -0.36168631939921
C           -1.77702882833915        0.00009518127530       -0.20689742751681
C           -0.92340470230169       -1.26123113122295       -0.36181713876981
C            0.24194999812100       -1.25943371912924        0.63264283058625
H            2.60364994710475        0.88522153365728       -0.80475602057214
H            2.60289059663166       -0.88579934145870       -0.80537531018376
H            1.34266017612310        0.00055397436490       -1.66671744003509
H            1.81737440745700       -0.00017299681664        1.36381987819980
H           -0.16935071949646        1.30776210283048        1.65074588099643
H            0.85963584899655        2.15626459250264        0.49866809357378
H           -1.53650472918105        2.15778591866098       -0.21300570094310
H           -0.53975932672451        1.31568555245581       -1.38911096639485
H           -2.23789867715750        0.00006878534025        0.79176284696613
H           -2.59729967027929        0.00017394789756       -0.93419626801246
H           -1.53673220227334       -2.15761489014247       -0.21319780643724
H           -0.53990217983913       -1.31552217690352       -1.38924933706396
H           -0.16945065309547       -1.30794428241750        1.65059821388604
H            0.85943940769271       -2.15639476745119        0.49839897887295
21
 energy: -275.092661655589 gnorm: 0.000510396725 xtb: 6.7.1 (edcfbbe)
C            1.95953888173316       -0.00006023221438       -0.76550955039004
C            1.11957315395105       -0.00009057319709        0.51478569640715
C            0.24230949882817        1.25858283739836        0.63403778589768
C           -0.92316829009735        1.26248120624517       -0.35990023853797
C           -1.77616614297825        0.00009628814370       -0.21022860381939
C           -0.92326960945919       -1.26233178039612       -0.36009357658443
C            0.24216341233256       -1.25867208856995        0.63388995316350
H            2.60322527858317        0.88501413367013       -0.80729090300185
H            2.60273564559715       -0.88547411945717       -0.80766194433810
H            1.34181545709316        0.00030023885048       -1.66822305161802
H            1.81980168196111       -0.00018513677415        1.36143986067271
H           -0.16818113510995        1.30402814576176        1.65245954311095
H            0.85891210469191        2.15624511071022        0.50138594504784
H           -1.53793870845011        2.15716760676549       -0.20653938730671
H           -0.54034627851959        1.32213548651581       -1.38714570972761
H           -2.24421112881829        0.00003427733434        0.78494508764752
H           -2.59120370615673        0.00019362200159       -0.94346332354761
H           -1.53811299775035       -2.15699599321123       -0.20690732195328
H           -0.54041017055387       -1.32184002695268       -1.38733384120806
H           -0.16838388688694       -1.30416012805292        1.65228799784702
H            0.85867080304926       -2.15639173642552        0.50119248961170
21
 energy: -275.092661655589 gnorm: 0.000510396725 xtb: 6.7.1 (edcfbbe)
C            1.95953888173316       -0.00006023221438       -0.76550955039004
C            1.11957315395105       -0.00009057319709        0.51478569640715
C            0.24230949882817        1.25858283739836        0.63403778589768
C           -0.92316829009735        1.26248120624517       -0.35990023853797
C           -1.77616614297825        0.00009628814370       -0.21022860381939
C           -0.92326960945919       -1.26233178039612       -0.36009357658443
C            0.24216341233256       -1.25867208856995        0.63388995316350
H            2.60322527858317        0.88501413367013       -0.80729090300185
H            2.60273564559715       -0.88547411945717       -0.80766194433810
H            1.34181545709316        0.00030023885048       -1.66822305161802
H            1.81980168196111       -0.00018513677415        1.36143986067271
H           -0.16818113510995        1.30402814576176        1.65245954311095
H            0.85891210469191        2.15624511071022        0.50138594504784
H           -1.53793870845011        2.15716760676549       -0.20653938730671
H           -0.54034627851959        1.32213548651581       -1.38714570972761
H           -2.24421112881829        0.00003427733434        0.78494508764752
H           -2.59120370615673        0.00019362200159       -0.94346332354761
H           -1.53811299775035       -2.15699599321123       -0.20690732195328
H           -0.54041017055387       -1.32184002695268       -1.38733384120806
H           -0.16838388688694       -1.30416012805292        1.65228799784702
H            0.85867080304926       -2.15639173642552        0.50119248961170
