10
 energy: -17.787512148568 gnorm: 0.041325312003 xtb: 6.7.1 (edcfbbe)
C           -1.74656181398349        0.61568682208996       -0.51260796387059
C           -0.83814089684874        0.23911635152102        0.64523577340846
N            0.51783656051778       -0.18586099236274        0.10915055667449
O            0.83852842573740       -1.35671456530936        0.24172789200626
O            1.18444844945857        0.68030170683821       -0.43631480022279
H           -2.71085930575016        0.94559528090664       -0.11687907031968
H           -1.31029049146702        1.43044220054173       -1.09403564994900
H           -1.91993771835515       -0.24181903297799       -1.16826328663315
H           -1.21604922911712       -0.60522165344341        1.22256891057680
H           -0.64130772802443        1.09517123255995        1.29610372693754
10
 energy: -17.788952034593 gnorm: 0.014569133516 xtb: 6.7.1 (edcfbbe)
C           -1.73940014098932        0.61250562749672       -0.50759347889062
C           -0.82856332784766        0.23455381053503        0.64571661944254
N            0.50224913992364       -0.18123330894557        0.09888137370494
O            0.82439253652564       -1.33708825366067        0.23986141982916
O            1.16490144795832        0.67770374754000       -0.43437029276484
H           -2.69921529913600        0.94803325707918       -0.11937756032691
H           -1.29641683197247        1.41843269148272       -1.08881961850047
H           -1.91046940436067       -0.24184770623952       -1.16003436879717
H           -1.21528527266687       -0.60802771517732        1.21883122145885
H           -0.64452659526697        1.09366520025343        1.29359077345286
10
 energy: -17.788939157493 gnorm: 0.014892140159 xtb: 6.7.1 (edcfbbe)
C           -1.73026833646473        0.60939393422354       -0.50511187660786
C           -0.81874859104932        0.23205476263051        0.65172453510571
N            0.50160623010012       -0.17046917208647        0.11852272478014
O            0.80603345325990       -1.32922720193015        0.22009890939818
O            1.13918912820318        0.67519117263839       -0.45179802754384
H           -2.68947235562193        0.94907987212942       -0.12679497491783
H           -1.28093034495818        1.40988585034739       -1.08659412698087
H           -1.89801579268961       -0.24491355373820       -1.15530389866042
H           -1.21551233400462       -0.60876551240460        1.22113817021319
H           -0.65621480460718        1.09446719855418        1.30080465382194
10
 energy: -17.789198459341 gnorm: 0.005993235154 xtb: 6.7.1 (edcfbbe)
C           -1.73402096568987        0.61038902665022       -0.50615137612760
C           -0.81721489219926        0.23019239248754        0.64802230286440
N            0.49517258613370       -0.17535103245582        0.10205237538685
O            0.81490447279745       -1.32866087282746        0.23163964217525
O            1.14827394418162        0.67942378837514       -0.43809307495050
H           -2.68974607673571        0.95424493398049       -0.12215632948655
H           -1.28365570301190        1.40898458796511       -1.09081048026825
H           -1.90860538268004       -0.24472818489058       -1.15466757831323
H           -1.21447572771807       -0.60984815234923        1.21885760959820
H           -0.65296600291028        1.09205086342861        1.29799299772978
10
 energy: -17.789216379319 gnorm: 0.002079210435 xtb: 6.7.1 (edcfbbe)
C           -1.73478612746570        0.61055023977985       -0.50686191670172
C           -0.81840726863597        0.23002545910815        0.64810126287572
N            0.49667776184447       -0.17494475094169        0.10403228551270
O            0.81710586800861       -1.33053394591231        0.23039096187965
O            1.15016374300808        0.68125517565863       -0.43808484653136
H           -2.68966632715537        0.95658450905149       -0.12131914992576
H           -1.28305580857442        1.40800188397506       -1.09259034048856
H           -1.91143684438787       -0.24566478218644       -1.15409624533611
H           -1.21547228892057       -0.61030110751837        1.21886902618474
H           -0.65345645555361        1.09172466934963        1.29824505113903
10
 energy: -17.789220514393 gnorm: 0.000777359764 xtb: 6.7.1 (edcfbbe)
C           -1.73481821988130        0.61037165300218       -0.50710687126730
C           -0.81762905482784        0.22934735463565        0.64796048643481
N            0.49629339884250       -0.17411499417021        0.10485741504247
O            0.81740299664161       -1.32996933874556        0.22924700680161
O            1.14989441344335        0.68248235641232       -0.43698820157464
H           -2.68824926188770        0.95929435048109       -0.12089579629817
H           -1.28149646719112        1.40577343290483       -1.09434876526974
H           -1.91403564364444       -0.24647330616027       -1.15274202936970
H           -1.21531760005466       -0.61114572700150        1.21816218300372
H           -0.65437830927276        1.09113156900548        1.29854066110526
10
 energy: -17.789221659561 gnorm: 0.000607822894 xtb: 6.7.1 (edcfbbe)
C           -1.73493021462561        0.61005681884867       -0.50735176823320
C           -0.81715184963372        0.22853478619827        0.64784238270256
N            0.49575807775850       -0.17308355562333        0.10526585747673
O            0.81813899728748       -1.32904796023893        0.22733476462030
O            1.15026011662087        0.68437966484898       -0.43471459354043
H           -2.68624467580511        0.96362605720930       -0.12042825907530
H           -1.27920893492858        1.40216914320559       -1.09705642651336
H           -1.91815696160302       -0.24780503595199       -1.15037585353714
H           -1.21511337338992       -0.61245189569760        1.21719768945095
H           -0.65568492951324        1.09031932756505        1.29897229525722
10
 energy: -17.789222000614 gnorm: 0.000206055015 xtb: 6.7.1 (edcfbbe)
C           -1.73496574267362        0.60996360391898       -0.50727732010751
C           -0.81746112892118        0.22863327780736        0.64791104818398
N            0.49597149263715       -0.17302756109299        0.10518428968613
O            0.81809592057356       -1.32901729900273        0.22678336835625
O            1.15056473263984        0.68460706806612       -0.43422740818976
H           -2.68620756756812        0.96410189515653       -0.12065254690545
H           -1.27902278618742        1.40168446039720       -1.09731423202373
H           -1.91858200027797       -0.24802079036247       -1.14999913374094
H           -1.21501790603478       -0.61253233094210        1.21722350256090
H           -0.65570876201983        1.09030502641812        1.29905452078848
10
 energy: -17.789222151213 gnorm: 0.000059813104 xtb: 6.7.1 (edcfbbe)
C           -1.73497177646039        0.60977389493444       -0.50723659033125
C           -0.81763461878970        0.22865271655548        0.64798642886060
N            0.49610247935589       -0.17280707337044        0.10512728808371
O            0.81784574393648       -1.32895462467656        0.22570370763917
O            1.15091113323473        0.68523550381167       -0.43325055738189
H           -2.68585471275639        0.96508719561112       -0.12080364727005
H           -1.27848190644517        1.40067817522442       -1.09796481618522
H           -1.91945464540745       -0.24854076501767       -1.14927056396206
H           -1.21486638956479       -0.61270458353538        1.21722595555837
H           -0.65592905493557        1.09027691082694        1.29916888359696
10
 energy: -17.789222227661 gnorm: 0.000083221587 xtb: 6.7.1 (edcfbbe)
C           -1.73501201337367        0.60960336141886       -0.50723205583156
C           -0.81763877924880        0.22867588964264        0.64802553463921
N            0.49618986227191       -0.17263217446928        0.10513491598973
O            0.81751714128160       -1.32899656868961        0.22465768195210
O            1.15132994202648        0.68579088113071       -0.43221513242404
H           -2.68559446790157        0.96577872859183       -0.12087269739703
H           -1.27816746521885        1.39986283749416       -1.09854493007675
H           -1.92016823295857       -0.24897757785581       -1.14870248125266
H           -1.21473824932343       -0.61274617575064        1.21726137364198
H           -0.65605148538745        1.09033814885116        1.29917387936736
