2025-04-15 20:01:26,092 -   censo.qm_processor   -   INFO   - worker2712788:Running sp calculation in /scratch/pawsey0265/mwang1/.automated/7116/0_PRESCREENING/CONF1/sp.
2025-04-15 20:01:26,093 -   censo.qm_processor   -   INFO   - worker2712789:Running sp calculation in /scratch/pawsey0265/mwang1/.automated/7116/0_PRESCREENING/CONF2/sp.
2025-04-15 20:01:26,093 -   censo.qm_processor   -   INFO   - worker2712791:Running sp calculation in /scratch/pawsey0265/mwang1/.automated/7116/0_PRESCREENING/CONF3/sp.
2025-04-15 20:01:35,319 -     censo.parallel     -   INFO   - All jobs executed successfully.
2025-04-15 20:01:35,341 -   censo.qm_processor   -   INFO   - worker2712957:Running sp calculation in /scratch/pawsey0265/mwang1/.automated/7116/1_SCREENING/CONF1/sp.
2025-04-15 20:01:35,342 -   censo.qm_processor   -   INFO   - worker2712958:Running sp calculation in /scratch/pawsey0265/mwang1/.automated/7116/1_SCREENING/CONF3/sp.
2025-04-15 20:01:35,342 -   censo.qm_processor   -   INFO   - worker2712960:Running sp calculation in /scratch/pawsey0265/mwang1/.automated/7116/1_SCREENING/CONF2/sp.
2025-04-15 20:01:48,700 -     censo.parallel     -   INFO   - All jobs executed successfully.
2025-04-15 20:01:48,722 -   censo.qm_processor   -   INFO   - worker2713058:Running xtb_opt calculation in /scratch/pawsey0265/mwang1/.automated/7116/2_OPTIMIZATION/CONF1/xtb_opt.
2025-04-15 20:01:48,722 -   censo.qm_processor   -   INFO   - worker2713059:Running xtb_opt calculation in /scratch/pawsey0265/mwang1/.automated/7116/2_OPTIMIZATION/CONF2/xtb_opt.
2025-04-15 20:01:48,723 -   censo.qm_processor   -   INFO   - worker2713061:Running xtb_opt calculation in /scratch/pawsey0265/mwang1/.automated/7116/2_OPTIMIZATION/CONF3/xtb_opt.
2025-04-15 20:03:49,072 -     censo.parallel     -   INFO   - All jobs executed successfully.
2025-04-15 20:03:49,083 -   censo.qm_processor   -   INFO   - worker2714206:Running xtb_rrho calculation in /scratch/pawsey0265/mwang1/.automated/7116/2_OPTIMIZATION/CONF1/xtb_rrho.
2025-04-15 20:03:49,084 -   censo.qm_processor   -   INFO   - worker2714208:Running xtb_rrho calculation in /scratch/pawsey0265/mwang1/.automated/7116/2_OPTIMIZATION/CONF2/xtb_rrho.
2025-04-15 20:03:49,085 -   censo.qm_processor   -   INFO   - worker2714209:Running xtb_rrho calculation in /scratch/pawsey0265/mwang1/.automated/7116/2_OPTIMIZATION/CONF3/xtb_rrho.
2025-04-15 20:03:49,600 -     censo.parallel     -   INFO   - All jobs executed successfully.
2025-04-15 20:03:49,601 -censo.ensembleopt.optimization-   INFO   - Threshold: 1.50 kcal/mol
2025-04-15 20:03:49,612 -   censo.qm_processor   -   INFO   - worker2714265:Running xtb_rrho calculation in /scratch/pawsey0265/mwang1/.automated/7116/2_OPTIMIZATION/CONF1/xtb_rrho.
2025-04-15 20:03:49,613 -   censo.qm_processor   -   INFO   - worker2714266:Running xtb_rrho calculation in /scratch/pawsey0265/mwang1/.automated/7116/2_OPTIMIZATION/CONF2/xtb_rrho.
2025-04-15 20:03:49,613 -   censo.qm_processor   -   INFO   - worker2714267:Running xtb_rrho calculation in /scratch/pawsey0265/mwang1/.automated/7116/2_OPTIMIZATION/CONF3/xtb_rrho.
2025-04-15 20:03:50,175 -     censo.parallel     -   INFO   - All jobs executed successfully.
