17
 energy: -197.690183395864 gnorm: 0.000794685533 xtb: 6.7.1 (edcfbbe)
C           -2.08300097407649       -0.01580230296599       -0.09508199603610
C           -0.76582414802419        0.66257602251982        0.28017682136516
C            0.48134896955584        0.01899965158662       -0.34115507254127
C            1.72880577690221        0.82880447286732        0.01930878405775
C            0.65211097723770       -1.43916307018907        0.09098768418932
H           -2.93813580718425        0.54832302938311        0.28975280087950
H           -2.14826121694476       -1.02855252267180        0.31350166978665
H           -2.19153184039058       -0.08626167207655       -1.18349762563160
H           -0.80320008545541        1.71522524438611       -0.02826519296918
H           -0.65091197476003        0.66743748574603        1.37336679403701
H            0.36029479215678        0.04105524379475       -1.43466337556929
H            2.62563532088609        0.40636369176887       -0.44518883146149
H            1.88350724870032        0.82909735022911        1.10498381219599
H            1.63665433650768        1.87033889392224       -0.30591229512713
H            0.71965704582001       -1.50859655145981        1.18408119196023
H            1.56969176250715       -1.86529573046758       -0.32803789097824
H           -0.18279641170902       -2.06564181188116       -0.23598191714256
17
 energy: -197.690184878283 gnorm: 0.000338151409 xtb: 6.7.1 (edcfbbe)
C           -2.08330741173468       -0.01552786124739       -0.09501236808896
C           -0.76626677783257        0.66192112679163        0.28010895264501
C            0.48201105292163        0.01850920449219       -0.33997013285101
C            1.72901158297663        0.82918459468567        0.01901027314537
C            0.65247504066023       -1.43966621241789        0.09128394494399
H           -2.93801961149740        0.54917616976683        0.28936156801890
H           -2.15036775898208       -1.02822429031238        0.31297129010795
H           -2.19185995827807       -0.08540057662986       -1.18318640747511
H           -0.80305126353649        1.71489260633437       -0.02822984452755
H           -0.65183892613777        0.66674892943210        1.37350779219041
H            0.36099056168375        0.04044784776805       -1.43345291754959
H            2.62574043335130        0.40798626193484       -0.44687519078326
H            1.88561800568335        0.82969459467658        1.10445249494778
H            1.63575046833597        1.87069190555307       -0.30609776491369
H            0.71880877260875       -1.50992670562926        1.18401804499795
H            1.57021235754847       -1.86573546660813       -0.32680448757453
H           -0.18186277806127       -2.06586470753390       -0.23670991535374
17
 energy: -197.690184878283 gnorm: 0.000338151409 xtb: 6.7.1 (edcfbbe)
C           -2.08330741173468       -0.01552786124739       -0.09501236808896
C           -0.76626677783257        0.66192112679163        0.28010895264501
C            0.48201105292163        0.01850920449219       -0.33997013285101
C            1.72901158297663        0.82918459468567        0.01901027314537
C            0.65247504066023       -1.43966621241789        0.09128394494399
H           -2.93801961149740        0.54917616976683        0.28936156801890
H           -2.15036775898208       -1.02822429031238        0.31297129010795
H           -2.19185995827807       -0.08540057662986       -1.18318640747511
H           -0.80305126353649        1.71489260633437       -0.02822984452755
H           -0.65183892613777        0.66674892943210        1.37350779219041
H            0.36099056168375        0.04044784776805       -1.43345291754959
H            2.62574043335130        0.40798626193484       -0.44687519078326
H            1.88561800568335        0.82969459467658        1.10445249494778
H            1.63575046833597        1.87069190555307       -0.30609776491369
H            0.71880877260875       -1.50992670562926        1.18401804499795
H            1.57021235754847       -1.86573546660813       -0.32680448757453
H           -0.18186277806127       -2.06586470753390       -0.23670991535374
