18
 energy: -26.541384777818 gnorm: 0.021991878288 xtb: 6.7.1 (edcfbbe)
C           -3.08436312569830       -0.01286334369254       -0.72568460215707
O           -2.32665886753959       -0.17126706957086        0.47520102575927
C           -0.96004045944816       -0.08230718992239        0.27087626660692
C           -0.21529042407333       -1.23039886586713        0.01942658015001
C            1.16196493109265       -1.14960628756431       -0.13939648433319
C            1.81934306587427        0.08388109767291       -0.05381547283722
C            1.05885958804607        1.23248594913377        0.19848478974396
C           -0.31816317377004        1.14924424094224        0.35731234895260
N            3.21392349458326        0.15695164533155       -0.14280390719469
H           -4.13692181376310       -0.10044625180341       -0.44730835819766
H           -2.83175478872450       -0.79281623512398       -1.45748269118231
H           -2.90568344841577        0.97199537130954       -1.17940273028354
H           -0.72183088382524       -2.18854765722622       -0.03714003465681
H            1.73780805587449       -2.05321745080422       -0.31892908583988
H            1.55418723130680        2.19563713049856        0.28444185738289
H           -0.90406198222272        2.03911512665586        0.56396253421371
H            3.63434081745486       -0.58999879138684       -0.67409522594929
H            3.56291616935085        1.05441121272565       -0.44227892927527
18
 energy: -26.542142078968 gnorm: 0.010101872579 xtb: 6.7.1 (edcfbbe)
C           -3.07858667785458       -0.01263356258197       -0.72473883281971
O           -2.32647234277316       -0.17051023178674        0.46714392879439
C           -0.95703999883897       -0.08247972223932        0.27213211457197
C           -0.21146732170061       -1.22775245423337        0.02176306987230
C            1.15841887027741       -1.14585631755134       -0.13909768695565
C            1.81131902132575        0.08418966896472       -0.05823100733782
C            1.05560669433648        1.22848648805277        0.19775462893755
C           -0.31417242886982        1.14621884057325        0.35882553677651
N            3.19848483965165        0.15713970391717       -0.14851601597553
H           -4.12617817832630       -0.10092031330248       -0.44072469585329
H           -2.82736851564656       -0.79119797564943       -1.45406850464029
H           -2.90047080777179        0.97024977505140       -1.17571971639869
H           -0.71400146287258       -2.18283936057500       -0.03896020787351
H            1.73350082378590       -2.04306933880155       -0.32621223589417
H            1.55047901609887        2.18766010569375        0.27418528847496
H           -0.89605306122638        2.03471580037584        0.56002838704736
H            3.62723884233374       -0.59808488754803       -0.66400862020310
H            3.55533707417346        1.05893641294853       -0.43018754962088
18
 energy: -26.542322427247 gnorm: 0.005202424879 xtb: 6.7.1 (edcfbbe)
C           -3.07489470542260       -0.01274129373116       -0.72129058019258
O           -2.32762184928991       -0.17082650923009        0.46455721016236
C           -0.95612408589252       -0.08297209040102        0.27384350801562
C           -0.21033020859865       -1.22703887727384        0.02152215950725
C            1.15668434664244       -1.14460679081112       -0.14161554597112
C            1.80840936564681        0.08457734534840       -0.06174651575711
C            1.05369270830108        1.22774946499552        0.19460825205615
C           -0.31326466855860        1.14532422319225        0.35792497060489
N            3.18945102126783        0.15789870964481       -0.15584411113933
H           -4.12089018297999       -0.10100328555205       -0.43600758895162
H           -2.82699388713325       -0.78930719808090       -1.45301746365289
H           -2.89920047224914        0.96902027918734       -1.17411845913771
H           -0.71097062118618       -2.18110894990942       -0.03910434293129
H            1.73228846972489       -2.03834759245824       -0.33306497517871
H            1.54908668508721        2.18497217689952        0.26580704394460
H           -0.89337010631920        2.03293709541665        0.55867062300998
H            3.62749627389587       -0.60463106699066       -0.65255736594344
H            3.55512630316641        1.06235699106219       -0.41719893754263
18
 energy: -26.542381516817 gnorm: 0.003461888052 xtb: 6.7.1 (edcfbbe)
C           -3.07424828628538       -0.01285899067434       -0.71789679773189
O           -2.32841490384369       -0.17170617369271        0.46520216428101
C           -0.95608403621759       -0.08346151595386        0.27435825699043
C           -0.21042310216847       -1.22734636985219        0.02068545259944
C            1.15632026614290       -1.14464264413911       -0.14440622645372
C            1.80846609188611        0.08499391185128       -0.06470594823050
C            1.05290027738991        1.22834141352193        0.19149864379007
C           -0.31378483524039        1.14526333118717        0.35670266656674
N            3.18635889175689        0.15872724749695       -0.16148160046719
H           -4.12085987868471       -0.10076224637936       -0.43363662290448
H           -2.82860901695745       -0.78829234074621       -1.45263380525573
H           -2.90004406861105        0.96899083019058       -1.17272228334525
H           -0.71089600566171       -2.18150079333938       -0.03945581357837
H            1.73260879319132       -2.03746796357498       -0.33764371018333
H            1.54868917202170        2.18544337010751        0.26044134801897
H           -0.89399430703751        2.03276341368889        0.55752361763052
H            3.63166893879540       -0.60810769690332       -0.64328020672218
H            3.55892039562620        1.06387584851933       -0.40718125410212
18
 energy: -26.542414255889 gnorm: 0.002208641284 xtb: 6.7.1 (edcfbbe)
C           -3.07539164601411       -0.01282944393486       -0.71430957482747
O           -2.32862239190512       -0.17312520702109        0.46700406511097
C           -0.95611201706674       -0.08402631105830        0.27339177313553
C           -0.21064738523211       -1.22792194595732        0.01875770427198
C            1.15648219486126       -1.14490547419654       -0.14785544703441
C            1.80935843584776        0.08545755703893       -0.06788801057646
C            1.05233711484236        1.22923690130871        0.18749341370220
C           -0.31471878002298        1.14535408780298        0.35417232624595
N            3.18516040117009        0.15969169295725       -0.16659341944055
H           -4.12303845362465       -0.10029646689667       -0.43104756998559
H           -2.83164127367026       -0.78748804573213       -1.45187667458144
H           -2.90206774164122        0.96973524201758       -1.17012255446302
H           -0.71134078077887       -2.18257545280996       -0.04033228039164
H            1.73341651730550       -2.03781328724266       -0.34138156526832
H            1.54821022184883        2.18687265312398        0.25574585637337
H           -0.89560652757338        2.03286630508282        0.55560594424502
H            3.63802519964876       -0.61063218016510       -0.63292318585545
H            3.56477129810738        1.06465200699055       -0.39647291975823
18
 energy: -26.542421311809 gnorm: 0.001317436716 xtb: 6.7.1 (edcfbbe)
C           -3.07699783393841       -0.01258058371125       -0.71286972941811
O           -2.32819204314147       -0.17416737539436        0.46791184682293
C           -0.95601850515250       -0.08440362147743        0.27188472816805
C           -0.21047411908567       -1.22823192495668        0.01714138980625
C            1.15686910847526       -1.14495690425597       -0.14964860283188
C            1.80982077358291        0.08566448407197       -0.06944849413156
C            1.05214940361877        1.22952574237083        0.18515170890894
C           -0.31511132305418        1.14528191651311        0.35201889636171
N            3.18526435561488        0.16014185399890       -0.16792874987236
H           -4.12464102616153       -0.09998202686690       -0.42880151897085
H           -2.83398503840590       -0.78694511059215       -1.45118636347520
H           -2.90369568401767        0.97054886785432       -1.16780028880896
H           -0.71118305564183       -2.18316662525404       -0.04143261708937
H            1.73394878483553       -2.03822545494146       -0.34248839547897
H            1.54769581762107        2.18759357776369        0.25375610659606
H           -0.89640434421039        2.03277923187081        0.55358364692045
H            3.64158778212522       -0.61133007517084       -0.62741866351778
H            3.56794133303843        1.06470665948562       -0.39105701908692
18
 energy: -26.542424109097 gnorm: 0.000446279395 xtb: 6.7.1 (edcfbbe)
C           -3.07927194988210       -0.01196404806699       -0.71175278793836
O           -2.32733538709158       -0.17571780115306        0.46834089915556
C           -0.95577374358737       -0.08506849780148        0.26975769038996
C           -0.20979387548108       -1.22865325828332        0.01518276504887
C            1.15762810229959       -1.14496109900383       -0.15122824065589
C            1.81018031356996        0.08579770127280       -0.07072033649048
C            1.05199784788767        1.22955413507178        0.18259185324837
C           -0.31533172101832        1.14492554717578        0.34911635578162
N            3.18558566532444        0.16056093590661       -0.16776604956027
H           -4.12612385829365       -0.09953464116295       -0.42516406185907
H           -2.83724603470329       -0.78567744671574       -1.45064620541219
H           -2.90589032457216        0.97183721775654       -1.16450542642788
H           -0.71022583956238       -2.18380645439730       -0.04311720690157
H            1.73472586539227       -2.03851382366693       -0.34323508081065
H            1.54682999620398        2.18808689326578        0.25141315492131
H           -0.89699012002682        2.03234374368410        0.55027673374934
H            3.64495792378796       -0.61178431941331       -0.62159163243396
H            3.57065152585538        1.06482784683969       -0.38558454290228
18
 energy: -26.542424940544 gnorm: 0.000247043856 xtb: 6.7.1 (edcfbbe)
C           -3.07991990340640       -0.01152161858122       -0.71153946589171
O           -2.32699297274096       -0.17653448443022        0.46790397616063
C           -0.95562703185931       -0.08552854044114        0.26913348751313
C           -0.20927033159848       -1.22893147886531        0.01476309986054
C            1.15810884780418       -1.14503860721126       -0.15121146089311
C            1.81032159598088        0.08574352487001       -0.07053781910500
C            1.05196742290729        1.22939849956196        0.18203591879270
C           -0.31531365960008        1.14458476905978        0.34813865986050
N            3.18579798481889        0.16063641255375       -0.16648970560579
H           -4.12623269240958       -0.09929187999086       -0.42357268305044
H           -2.83860313783994       -0.78457455431350       -1.45108642353142
H           -2.90674107088067        0.97256301549997       -1.16328243020211
H           -0.70942137202668       -2.18411857747583       -0.04365726553578
H            1.73528116963341       -2.03843236794183       -0.34315790984986
H            1.54648734003730        2.18800408682191        0.25049407527099
H           -0.89706391010100        2.03195887878907        0.54875137936328
H            3.64524287768925       -0.61170649751555       -0.62049676701511
H            3.57055322969438        1.06504205091845       -0.38482078523901
18
 energy: -26.542425854325 gnorm: 0.000315656028 xtb: 6.7.1 (edcfbbe)
C           -3.08097697616421       -0.01053648341330       -0.71091414529093
O           -2.32646935704510       -0.17847131238272        0.46714134727607
C           -0.95538479309059       -0.08661045394603        0.26802438036872
C           -0.20831005894242       -1.22970214476099        0.01424343417949
C            1.15908443532886       -1.14534743148271       -0.15101837090312
C            1.81074624007269        0.08564942950137       -0.07020706598117
C            1.05177071353969        1.22913872922765        0.18097928113457
C           -0.31551884575021        1.14383029788146        0.34635933116337
N            3.18636300717558        0.16093080303857       -0.16445529660157
H           -4.12669242056865       -0.09852762147411       -0.42115250862872
H           -2.84115782213161       -0.78215098512943       -1.45232139281610
H           -2.90809019152209        0.97432812488669       -1.16079669629675
H           -0.70798291783673       -2.18507511638983       -0.04425572251293
H            1.73662068984436       -2.03848861528881       -0.34263322346792
H            1.54577438625652        2.18796840479314        0.24888697445993
H           -0.89761995163242        2.03114706215632        0.54598648770676
H            3.64596689868883       -0.61133627197333       -0.61869057506149
H            3.57045134988000        1.06550621606423       -0.38380835782576
18
 energy: -26.542427045774 gnorm: 0.000387323529 xtb: 6.7.1 (edcfbbe)
C           -3.08249219722869       -0.00890006848313       -0.70970191072440
O           -2.32577101934652       -0.18185598403903        0.46610604696381
C           -0.95502469956501       -0.08844728997336        0.26620235721772
C           -0.20685683592702       -1.23106904246895        0.01347605946505
C            1.16057481737773       -1.14587985119310       -0.15083144284746
C            1.81135442942685        0.08555390795827       -0.07003437469531
C            1.05126317955880        1.22874203587755        0.17910414231238
C           -0.31606423374347        1.14257922724544        0.34348663853145
N            3.18712927961841        0.16155769058709       -0.16195438128993
H           -4.12758697587531       -0.09693985539558       -0.41779320859483
H           -2.84514432201386       -0.77821646177184       -1.45430250892043
H           -2.90975577820689        0.97729442186946       -1.15662977017343
H           -0.70578682556358       -2.18681470036118       -0.04478870054205
H            1.73885586785136       -2.03868722916952       -0.34157265960706
H            1.54451484806037        2.18796476712222        0.24645394893856
H           -0.89880098731795        2.02976530043774        0.54180605271392
H            3.64751656310234       -0.61070327361294       -0.61561511745517
H            3.57064927589494        1.06630903667904       -0.38204329039037
18
 energy: -26.542429245747 gnorm: 0.000387433138 xtb: 6.7.1 (edcfbbe)
C           -3.08505880747496       -0.00571945712925       -0.70740830212110
O           -2.32462216919486       -0.18849020040461        0.46435935283255
C           -0.95437647149756       -0.09206179495332        0.26293822794259
C           -0.20420506729953       -1.23382981415505        0.01228045124185
C            1.16331428604806       -1.14695812504431       -0.15044634386509
C            1.81236528199194        0.08540960425742       -0.06993998227536
C            1.05010114008686        1.22798966820942        0.17552455626883
C           -0.31731756065734        1.14013358709362        0.33827200297481
N            3.18833826832757        0.16293652236986       -0.15813518586143
H           -4.12927516249121       -0.09347936397061       -0.41215237024548
H           -2.85234443915611       -0.77072849397152       -1.45805257696360
H           -2.91207038353309        0.98300067775055       -1.14865269481716
H           -0.70177520239717       -2.19031159891674       -0.04532039450517
H            1.74309304535212       -2.03917569763842       -0.33941789164538
H            1.54191933925606        2.18802949337475        0.24189653353901
H           -0.90134649625992        2.02702016245838        0.53427917834749
H            3.65064869595195       -0.60938094077787       -0.60983460428813
H            3.57118608904968        1.06786840275587       -0.37882207565677
18
 energy: -26.542421493049 gnorm: 0.005385758200 xtb: 6.7.1 (edcfbbe)
C           -3.10996505195085        0.02918276726260       -0.68468616788100
O           -2.31323790531167       -0.25967372397349        0.44600058666116
C           -0.94788019869306       -0.13166552765707        0.23057335848235
C           -0.17632402157474       -1.26430317386274        0.00219258070371
C            1.19196148482919       -1.15898279528893       -0.14475794452264
C            1.82189115150180        0.08378939676332       -0.06939734328276
C            1.03658712981127        1.21950905995026        0.13819467120612
C           -0.33153669739716        1.11307811186957        0.28524398807527
N            3.19955707598117        0.17852855281557       -0.12146309315271
H           -4.14555780592280       -0.05610797496271       -0.35701589327411
H           -2.92386010454821       -0.68852848332826       -1.49960074236193
H           -2.93240607336497        1.04534331272852       -1.06282274564606
H           -0.65913733310933       -2.22880313901626       -0.04720389509111
H            1.78789258074447       -2.04484951363344       -0.31428426590540
H            1.51264822048173        2.18851664562734        0.19336789852867
H           -0.92962549818953        1.99637893239733        0.45711661631484
H            3.68260167952603       -0.59454585185279       -0.55162768520178
H            3.57496575328908        1.08538603546944       -0.34846204275017
18
 energy: -26.542445504762 gnorm: 0.001350252587 xtb: 6.7.1 (edcfbbe)
C           -3.09977964240811        0.01589614150684       -0.69350224929213
O           -2.31797097413401       -0.23195429454415        0.45247253498090
C           -0.95056504506381       -0.11646219938995        0.24316351660090
C           -0.18734869347368       -1.25268898123786        0.00655284931987
C            1.18064218395015       -1.15443737353233       -0.14668530395471
C            1.81797658517638        0.08437427593865       -0.06970356625331
C            1.04159220050279        1.22259884537256        0.15283200996587
C           -0.32623946772328        1.12330891779707        0.30605517127423
N            3.19477938133880        0.17272811788335       -0.13660232225415
H           -4.13894163100892       -0.07047708287026       -0.37942807642173
H           -2.89501128044957       -0.71967457773330       -1.48274504921422
H           -2.92300730038341        1.02093105121879       -1.09588224664888
H           -0.67587051300156       -2.21412815342726       -0.04581408160603
H            1.77042323285458       -2.04273431024683       -0.32360980918537
H            1.52378573014500        2.18812750908684        0.21239662875565
H           -0.91890600496719        2.00789253132774        0.48750712963717
H            3.66988418507988       -0.59987419352223       -0.57488184780596
H            3.57313143966842        1.07882640768056       -0.36075740699564
18
 energy: -26.542463990892 gnorm: 0.001287283500 xtb: 6.7.1 (edcfbbe)
C           -3.10404500425045        0.02554296694778       -0.68855195100059
O           -2.31587774494935       -0.25040445254331        0.44604888154521
C           -0.94936546367253       -0.12720297113195        0.23581567290950
C           -0.18068411507574       -1.26111362671003        0.00607555576392
C            1.18737477264764       -1.15783670277081       -0.14369284516137
C            1.81954071588330        0.08386987080102       -0.06960519929248
C            1.03738765322168        1.21988303807470        0.14423713682428
C           -0.33049114329709        1.11559210533919        0.29399153896787
N            3.19622926188373        0.17742320847884       -0.13032795056194
H           -4.14153944278258       -0.06071680833515       -0.36901737543117
H           -2.90959504927482       -0.69612790021116       -1.49297195950046
H           -2.92380888847277        1.03677770706512       -1.07322244548613
H           -0.66529921203733       -2.22469326257707       -0.04347733829107
H            1.78142793944097       -2.04439015777852       -0.31536555990746
H            1.51547451554168        2.18771024333223        0.20084414508125
H           -0.92682092624110        1.99893980599111        0.46982307798659
H            3.67638414602874       -0.59500557989247       -0.56311462433455
H            3.57228237150845        1.08400514722868       -0.35612087920895
18
 energy: -26.542489545623 gnorm: 0.002470008281 xtb: 6.7.1 (edcfbbe)
C           -3.11003443078111        0.03830287760169       -0.68214068612007
O           -2.31285819739278       -0.27521635339559        0.43771389420066
C           -0.94766102601004       -0.14152425550758        0.22613091504534
C           -0.17155390567177       -1.27227042631659        0.00528751270906
C            1.19657717214490       -1.16231935868288       -0.13970877185761
C            1.82174256689521        0.08320616703368       -0.06935950471456
C            1.03190180888253        1.21631261811418        0.13282433532404
C           -0.33602355442498        1.10537213549705        0.27789915487592
N            3.19850413706282        0.18357097156377       -0.12138444768903
H           -4.14515802801279       -0.04758041113506       -0.35440421806554
H           -2.92985707637832       -0.66498022595230       -1.50755349334116
H           -2.92602967211114        1.05815207421474       -1.04311817555494
H           -0.65090886268640       -2.23866732829436       -0.04059962402479
H            1.79625158382430       -2.04656143322669       -0.30430035538326
H            1.50440254970081        2.18721502118646        0.18544707909444
H           -0.93720789532540        1.98715747670907        0.44593106247954
H            3.68527168673230       -0.58877060287695       -0.54723826643083
H            3.57121552965429        1.09085368477560       -0.35005852964477
18
 energy: -26.541482694807 gnorm: 0.030258622742 xtb: 6.7.1 (edcfbbe)
C           -3.14177672328572        0.11188319100335       -0.64726582175028
O           -2.29615704025979       -0.41845820139557        0.38920065856932
C           -0.93822603852685       -0.22422810999695        0.17282548808250
C           -0.11945977002940       -1.33673648106781        0.00364009937909
C            1.24882582110301       -1.18824118476987       -0.11476999361359
C            1.83332863883566        0.07941541326866       -0.06784067334532
C            0.99972408354239        1.19552567093811        0.06892941743760
C           -0.36827976129997        1.04623531172857        0.18825465213849
N            3.21028901015573        0.21933420203042       -0.07349152785193
H           -4.16390365377999        0.02778590500761       -0.27496464003023
H           -3.04217565895194       -0.48431161214901       -1.59363586728443
H           -2.93548884558684        1.18147474150849       -0.87025043328673
H           -0.56854560804039       -2.31926733777521       -0.02042619730102
H            1.88063259082612       -2.05920022947780       -0.23847517686426
H            1.44002711279351        2.18407900205521        0.09850462144916
H           -0.99730020609681        1.91886800085197        0.31195788845112
H            3.73415727595126       -0.55249774634697       -0.46047173336615
H            3.56290315875236        1.13059209589516       -0.32035287991088
18
 energy: -26.542490174852 gnorm: 0.008106112756 xtb: 6.7.1 (edcfbbe)
C           -3.12616631946203        0.06974116090403       -0.66442544286023
O           -2.30596468198078       -0.32817330243044        0.41884880666383
C           -0.94365354516878       -0.17615798599418        0.20084859082327
C           -0.15015225243566       -1.29983716293125        0.00012488078471
C            1.21866876005219       -1.17373335238690       -0.13313668413474
C            1.82748477487194        0.08082040043280       -0.06991882335927
C            1.01885397545937        1.20658262643081        0.10365202295686
C           -0.34894915828963        1.07964339839406        0.23664355329277
N            3.20427854675330        0.19899741353597       -0.09819224138816
H           -4.15558699243683       -0.01202166880311       -0.31556974427516
H           -2.97989743784907       -0.59354900294869       -1.53440382042281
H           -2.93217501196193        1.10678849180733       -0.97413064239352
H           -0.61618473707203       -2.27346795986847       -0.03791472311742
H            1.83261476599793       -2.05214727501199       -0.28041427624964
H            1.47746988603426        2.18496994850194        0.14728867077891
H           -0.96226418117690        1.95720879407467        0.38564896822366
H            3.71027451630067       -0.57207438670449       -0.50498379730787
H            3.56992347846636        1.10866249430619       -0.32859741711271
18
 energy: -26.542541506680 gnorm: 0.007263060391 xtb: 6.7.1 (edcfbbe)
C           -3.11066343217469        0.06414754202067       -0.67643105078003
O           -2.30934817672574       -0.32371430263396        0.42183845547733
C           -0.94548009486928       -0.17158117383025        0.21667275496764
C           -0.15548716621116       -1.29585995661692        0.01333554536490
C            1.21169575926934       -1.17178003740782       -0.12561779347277
C            1.82160293114511        0.08176511992618       -0.06940146853195
C            1.01868084039553        1.20810504594981        0.11570056729055
C           -0.34833008067264        1.08335624566731        0.25666389314436
N            3.19759689311068        0.19732285545740       -0.11640751618145
H           -4.14331234377825       -0.02035049418832       -0.34134908536034
H           -2.95484073855054       -0.60002816554896       -1.54398554163271
H           -2.91840716605889        1.10202832156103       -0.98598276736133
H           -0.62360916510124       -2.26785259859872       -0.02280373899194
H            1.82174516057387       -2.05141993121514       -0.27539426506148
H            1.47965028646317        2.18501024910556        0.15975299604623
H           -0.95935138492403        1.96107185892888        0.41049434788180
H            3.69568035099139       -0.57418615614360       -0.53128441125579
H            3.56075191321976        1.10621820887516       -0.35443304064056
18
 energy: -26.542567765942 gnorm: 0.006064800626 xtb: 6.7.1 (edcfbbe)
C           -3.10931608683576        0.06267975629599       -0.67914121758862
O           -2.31070501009169       -0.32035411199254        0.42252577852726
C           -0.94629988600661       -0.16933630369189        0.21943731447522
C           -0.15713586048715       -1.29430677877638        0.01617679074428
C            1.21015307388161       -1.17127918937610       -0.12431355620225
C            1.82093770749304        0.08180413754969       -0.06870607792585
C            1.01906374210957        1.20874788329334        0.11916602769840
C           -0.34805924557279        1.08499157008047        0.26138635980020
N            3.19694983839481        0.19642631014361       -0.12093962200958
H           -4.14361209236869       -0.02273714599348       -0.34857428997938
H           -2.94659076050424       -0.60351336940183       -1.54199007854658
H           -2.91476405911110        1.09842360811793       -0.99161325291838
H           -0.62630502849553       -2.26580430784819       -0.01988452716752
H            1.81917502747106       -2.05128609808174       -0.27606806780905
H            1.48073618869158        2.18530016600748        0.16355875526897
H           -0.95821688205635        1.96266396382280        0.41854723060893
H            3.69289839759145       -0.57526000173506       -0.53790991743134
H            3.55966532199918        1.10509254289420       -0.36028976864227
18
 energy: -26.542596887778 gnorm: 0.004349711449 xtb: 6.7.1 (edcfbbe)
C           -3.10797691625683        0.06241198327672       -0.68177479500193
O           -2.31257595256944       -0.31763142926654        0.42234850190226
C           -0.94741539396242       -0.16808333363711        0.22235779967372
C           -0.15868262920628       -1.29368009651963        0.01980342529573
C            1.20885980393280       -1.17129838416656       -0.12295371106493
C            1.82022506816341        0.08168657345898       -0.06885067679444
C            1.01866695976682        1.20872476419219        0.12236519517951
C           -0.34844408846875        1.08553127363959        0.26600326290417
N            3.19598949548523        0.19637410410595       -0.12712288933243
H           -4.14432428205059       -0.02427491119585       -0.35730365649876
H           -2.93656543920831       -0.60454282950078       -1.53997913925305
H           -2.91031056391212        1.09594364094884       -0.99473664384699
H           -0.62878477033949       -2.26494107423686       -0.01546172576575
H            1.81772303135509       -2.05159176035000       -0.27531702691074
H            1.48069689014694        2.18508505241613        0.16713205444919
H           -0.95806810857615        1.96329261989495        0.42572042089582
H            3.69090485593824       -0.57564290370342       -0.54451948067328
H            3.55865642586427        1.10488934195169       -0.36634303425566
18
 energy: -26.542619909429 gnorm: 0.003208102562 xtb: 6.7.1 (edcfbbe)
C           -3.10547959311146        0.06432193586411       -0.68406407431915
O           -2.31412638303336       -0.31891104924274        0.42075030559709
C           -0.94835011426135       -0.16945640824997        0.22474216616456
C           -0.15900959925025       -1.29508822814023        0.02440798741165
C            1.20853453278916       -1.17219518374981       -0.11977691610948
C            1.81923544283829        0.08134639747335       -0.06879881064095
C            1.01710536779401        1.20781660214457        0.12417783522376
C           -0.34983494362229        1.08407124398472        0.26882868350563
N            3.19449623298947        0.19759165469251       -0.13318660765081
H           -4.14347724526034       -0.02467699128369       -0.36539525682169
H           -2.92789647939148       -0.59920405211691       -1.54219217905775
H           -2.90579362994584        1.09783448888576       -0.99214444780036
H           -0.62900431819698       -2.26658909870342       -0.00906314075138
H            1.81802403757095       -2.05226902738842       -0.27158581951612
H            1.47866790803678        2.18442947721086        0.16867579621399
H           -0.95953936023790        1.96158344455918        0.42979145191244
H            3.68894879393706       -0.57440400064073       -0.55039605730903
H            3.55607373645794        1.10605142600917       -0.37340303514995
18
 energy: -26.542650738900 gnorm: 0.001301799506 xtb: 6.7.1 (edcfbbe)
C           -3.10332031609870        0.06675353005401       -0.68469492037557
O           -2.31404765151024       -0.32351143661525        0.41676434642004
C           -0.94837417856336       -0.17254896194295        0.22451126796426
C           -0.15787283079215       -1.29719649002582        0.02612271214400
C            1.20918665032462       -1.17290296640420       -0.11683405433842
C            1.81823716448379        0.08119620431684       -0.06849654254780
C            1.01561470540327        1.20656891633330        0.12351128484156
C           -0.35087759024144        1.08142624637040        0.26857156072504
N            3.19290245390647        0.19914822532815       -0.13427819897511
H           -4.14054694950736       -0.02545385267218       -0.36665080750618
H           -2.92662450035592       -0.58868698443024       -1.54710253868818
H           -2.90388824866283        1.10190918488077       -0.98331417925230
H           -0.62651215762554       -2.26911424040063       -0.00589734576063
H            1.81936481906199       -2.05236999224272       -0.26664161719804
H            1.47604220970822        2.18359078449152        0.16628738758497
H           -0.96125890847145        1.95848337559580        0.42722045376565
H            3.68762351701656       -0.57269464697420       -0.55088144529828
H            3.55292619802648        1.10765573564572       -0.37682948260254
18
 energy: -26.542691026955 gnorm: 0.001975201540 xtb: 6.7.1 (edcfbbe)
C           -3.10008098903296        0.07359239203036       -0.68538708507430
O           -2.31394503182511       -0.33639475237936        0.40745602241783
C           -0.94850341132616       -0.18042151061884        0.22313860471513
C           -0.15423626454181       -1.30309053900789        0.03156408146786
C            1.21216026419568       -1.17521996943910       -0.10943941186694
C            1.81702879420269        0.08077698669797       -0.06743014799108
C            1.01193414726510        1.20387362102999        0.12139253763771
C           -0.35415385963733        1.07521705957288        0.26548178512988
N            3.19077915410172        0.20294390912402       -0.13674600758387
H           -4.13672820540464       -0.02611985068680       -0.36927789142046
H           -2.92467035214139       -0.56317686073271       -1.55982479318619
H           -2.90210649406809        1.11385041298027       -0.96299112874513
H           -0.61987611202805       -2.27617849032327        0.00229882951850
H            1.82446175515703       -2.05334724791242       -0.25500402249156
H            1.46945810814922        2.18213676123806        0.16179156077555
H           -0.96624935048840        1.95114143795629        0.42132317062909
H            3.68642038999541       -0.56883957694271       -0.55175781004113
H            3.54688184352952        1.11150884872156       -0.38522041298841
18
 energy: -26.542732740742 gnorm: 0.002134016769 xtb: 6.7.1 (edcfbbe)
C           -3.09987734184021        0.08048708780941       -0.68481958062694
O           -2.31360397447733       -0.34972685818618        0.39932482308060
C           -0.94840096066996       -0.18776652838371        0.22041864954802
C           -0.15011193501150       -1.30880989818626        0.03572100326971
C            1.21610879635549       -1.17761298041580       -0.10359230984860
C            1.81712587793562        0.08037364841839       -0.06654986108138
C            1.00870171540441        1.20159062118677        0.11896232355964
C           -0.35737857044284        1.06962900593295        0.26115171254768
N            3.19056523360996        0.20629087007685       -0.13776309523951
H           -4.13664434810256       -0.02546621155177       -0.37036849834199
H           -2.92513300530853       -0.54000133783025       -1.57145854424269
H           -2.90340687730533        1.12589828966342       -0.94440576676899
H           -0.61313960107923       -2.28320098517530        0.00985249820440
H            1.83093283134363       -2.05467853778950       -0.24466636914931
H            1.46337251497124        2.18125168210879        0.15773528916338
H           -0.97138083061419        1.94477018373030        0.41406503845663
H            3.68748733606408       -0.56560777366000       -0.55109365178410
H            3.54335752526964        1.11483235356021       -0.39114577984407
18
 energy: -26.542763025991 gnorm: 0.002089358036 xtb: 6.7.1 (edcfbbe)
C           -3.10026417004177        0.08534803221893       -0.68405449169675
O           -2.31320219785058       -0.35873239326558        0.39389795369329
C           -0.94820960201286       -0.19288743018653        0.21800240190708
C           -0.14718933646306       -1.31280867236172        0.03794886942963
C            1.21893329815535       -1.17929883072210       -0.09986441668407
C            1.81729579866187        0.08003072053252       -0.06600507940444
C            1.00645658441513        1.19993454955193        0.11661116979457
C           -0.35955518384273        1.06567874146042        0.25744220260930
N            3.19055609681085        0.20863586235984       -0.13759418919475
H           -4.13681551609199       -0.02486895534964       -0.37028468100541
H           -2.92608626177966       -0.52397679769314       -1.57880491412680
H           -2.90457970743391        1.13412366124603       -0.93090168848913
H           -0.60841134104666       -2.28808776313384        0.01414740657432
H            1.83561391777047       -2.05555076254827       -0.23784126386666
H            1.45911810648743        2.18057686106872        0.15413142663533
H           -0.97494135438336        1.94025380067636        0.40809442611381
H            3.68866643376771       -0.56329281640283       -0.54947541924737
H            3.54118882098018        1.11717482385722       -0.39408183213950
18
 energy: -26.542795698251 gnorm: 0.001970574678 xtb: 6.7.1 (edcfbbe)
C           -3.10091496712503        0.09040785137394       -0.68304545287317
O           -2.31269954842548       -0.36802989076468        0.38821574980473
C           -0.94796968772368       -0.19819803021269        0.21521045016435
C           -0.14413216764717       -1.31694777335233        0.03993779146648
C            1.22190512204236       -1.18103325672105       -0.09621070466036
C            1.81754986430205        0.07966229755071       -0.06546505939578
C            1.00417882360608        1.19822478070031        0.11393403906727
C           -0.36177819420233        1.06159114834807        0.25323551692667
N            3.19065041293887        0.21103898221923       -0.13701508819697
H           -4.13714622241411       -0.02427844496542       -0.36972966120505
H           -2.92743970878250       -0.50727929519990       -1.58608125336454
H           -2.90609274281125        1.14253021372665       -0.91666824045643
H           -0.60346639240270       -2.29315203556280        0.01823286064546
H            1.84053898029948       -2.05643235612812       -0.23089240601819
H            1.45475109130124        2.17989040774552        0.15007128959932
H           -0.97862248725645        1.93557684736984        0.40145101754562
H            3.69013615409406       -0.56089756473302       -0.54727129653246
H            3.53912605630896        1.11957874991404       -0.39654167161450
18
 energy: -26.542848296058 gnorm: 0.001726533114 xtb: 6.7.1 (edcfbbe)
C           -3.10229244779461        0.09824678556973       -0.68117911076614
O           -2.31180193815699       -0.38235037391358        0.37923907239448
C           -0.94753798001328       -0.20639193078667        0.21045309999409
C           -0.13935165593724       -1.32332474935442        0.04261521457984
C            1.22658219387991       -1.18369579111395       -0.09078022875901
C            1.81806693435963        0.07907475936074       -0.06464730995325
C            1.00073715160993        1.19558138191993        0.10947768368346
C           -0.36515153396910        1.05528117553119        0.24621834010557
N            3.19095520696575        0.21471851183718       -0.13559395148776
H           -4.13790658514897       -0.02341575353188       -0.36826005139908
H           -2.93008489955824       -0.48131258193668       -1.59685122859859
H           -2.90890053753094        1.15531826979626       -0.89430936920994
H           -0.59575757882039       -2.30095820422546        0.02405576918032
H            1.84826093343601       -2.05776166231483       -0.22030130283107
H            1.44806831134293        2.17882977214156        0.14344852512410
H           -0.98426624457636        1.92835754867875        0.39055077916501
H            3.69275646026712       -0.55720159806928       -0.54316702047992
H            3.53619859574726        1.12325707171973       -0.39960102983964
18
 energy: -26.542904259356 gnorm: 0.001562388529 xtb: 6.7.1 (edcfbbe)
C           -3.10430894148961        0.10625889598783       -0.67879136489279
O           -2.31071785635571       -0.39679987571565        0.36968479055154
C           -0.94700959833973       -0.21468736012802        0.20488706460946
C           -0.13440008215663       -1.32977426248367        0.04475118067115
C            1.23148417367890       -1.18638253123552       -0.08556069044575
C            1.81880901226840        0.07843963353489       -0.06381865532353
C            0.99737153360679        1.19286864335706        0.10451853123191
C           -0.36847563940043        1.04886457735240        0.23829183586825
N            3.19154021738769        0.21841798130090       -0.13338673085302
H           -4.13914263886524       -0.02257168707703       -0.36591659717364
H           -2.93362984876980       -0.45463072288487       -1.60695141548414
H           -2.91248998022027        1.16790111510407       -0.87105410644867
H           -0.58782175245099       -2.30885969723470        0.02925807797340
H            1.85630345437515       -2.05907276635114       -0.20969884380880
H            1.44137943937929        2.17772773227449        0.13630093999263
H           -0.98991050331231        1.92102645392904        0.37850906824743
H            3.69597339497748       -0.55342390259967       -0.53801629985482
H            3.53362000178942        1.12695040417791       -0.40163890395811
18
 energy: -26.542961112100 gnorm: 0.001679450567 xtb: 6.7.1 (edcfbbe)
C           -3.10681084997117        0.11411416867194       -0.67600216735185
O           -2.30948575657792       -0.41090091359297        0.35983874232453
C           -0.94640446684583       -0.22277114368720        0.19873430618815
C           -0.12946595932201       -1.33604165924418        0.04628351002892
C            1.23640978934521       -1.18898710483665       -0.08069619468756
C            1.81973398989268        0.07778204899946       -0.06299348294986
C            0.99421735255022        1.19018110599937        0.09926035514241
C           -0.37161383299044        1.04258057452233        0.22975981008725
N            3.19236288599081        0.22200443799870       -0.13049129141274
H           -4.14070120191483       -0.02190352322484       -0.36277449682581
H           -2.93800489808515       -0.42815240524893       -1.61616322688449
H           -2.91675324745951        1.17988462701018       -0.84761241530694
H           -0.57995651786770       -2.31654327657729        0.03367577344000
H            1.86432856319285       -2.06031477534184       -0.19940224900870
H            1.43495389790311        2.17661076689019        0.12892908589638
H           -0.99531150970284        1.91387578879575        0.36570795983775
H            3.69961770957269       -0.54969523651854       -0.53204735271694
H            3.53145843839223        1.13052915069285       -0.40263878489801
18
 energy: -26.540979451340 gnorm: 0.041484018611 xtb: 6.7.1 (edcfbbe)
C           -3.13768438641649        0.20564247216147       -0.64294222821975
O           -2.29523964268969       -0.57367936038441        0.24238057661642
C           -0.93937097131252       -0.31602958104762        0.12670500209935
C           -0.07243840769141       -1.40857156291818        0.06484258334460
C            1.29360497455260       -1.21931547655779       -0.02389676091993
C            1.83122866590053        0.06971043698252       -0.05255551665433
C            0.95803237352790        1.15860608021731        0.03887399397858
C           -0.40772084458431        0.96970520039871        0.13017662842773
N            3.20303101753115        0.26352284728169       -0.09627101652814
H           -4.16131012071738       -0.01404874202481       -0.32853813648679
H           -2.98784444316726       -0.11943032115194       -1.71799286581453
H           -2.96686154031944        1.31502583767991       -0.57455433477633
H           -0.48949935562943       -2.40528505801852        0.08397122448769
H            1.95749164932070       -2.07465358200141       -0.08075530220472
H            1.36072779176607        2.16331723110287        0.04345651906621
H           -1.05734785375767        1.83134451889208        0.21583225333742
H            3.74299612922286       -0.50563144364322       -0.46403701645003
H            3.50677935056617        1.17202313433973       -0.41332772240094
18
 energy: -26.543058772638 gnorm: 0.014709737036 xtb: 6.7.1 (edcfbbe)
C           -3.13166202603117        0.17582465004723       -0.65067582770429
O           -2.30083013601866       -0.50463693842748        0.28704992576055
C           -0.94179306581508       -0.28315828902848        0.14843641488086
C           -0.09304380779855       -1.38430409961974        0.05350953036772
C            1.27421645240278       -1.20992108323676       -0.04834001458360
C            1.82872757752116        0.07109818534110       -0.05671516222101
C            0.97123143470622        1.16788845887283        0.05916185828130
C           -0.39434714021159        0.99368502814349        0.16123417484736
N            3.20139569357126        0.24986115358779       -0.10449920361165
H           -4.15997832888492       -0.00484694159902       -0.33801590529349
H           -2.97336423832829       -0.23858804879375       -1.66367239727434
H           -2.94754837334592        1.25976914768026       -0.68320444699916
H           -0.52138075200518       -2.37591053097654        0.05937956166760
H            1.92697760846543       -2.07032548919590       -0.12665196570707
H            1.38643359499820        2.16627401334360        0.07527167600112
H           -1.03547883932813        1.85784220965332        0.26634592788658
H            3.73284310230489       -0.51776839033689       -0.48535937060729
H            3.51617562989993        1.15946959585332       -0.40188689478869
18
 energy: -26.543217835699 gnorm: 0.009228807866 xtb: 6.7.1 (edcfbbe)
C           -3.12698391871073        0.16334380408405       -0.65378896909295
O           -2.30225352037645       -0.49045399376881        0.29668363798138
C           -0.94267173721243       -0.27226616619754        0.15564367150360
C           -0.10017787581166       -1.37483581281977        0.05044481682197
C            1.26648453960156       -1.20541453127884       -0.05488615269321
C            1.82715457669323        0.07229972679011       -0.05830079927372
C            0.97597511553626        1.17214309877282        0.06318944482406
C           -0.38967728006546        1.00274548558707        0.16972970573577
N            3.19998108798845        0.24427752637616       -0.10546828023943
H           -4.15571976700836       -0.01680377262001       -0.34098705121936
H           -2.96472991772782       -0.26402852365307       -1.65843289887986
H           -2.94702945817367        1.24696091610406       -0.69768261369849
H           -0.53197902092453       -2.36452544857025        0.05409224035188
H            1.91417075988220       -2.06780354348370       -0.13898520772148
H            1.39599399415733        2.16824984015050        0.08029620414079
H           -1.02742850418903        1.86867562273885        0.27713177319423
H            3.72794546600129       -0.52373361431091       -0.48917628524026
H            3.51951984644221        1.15342201740766       -0.39813535559242
18
 energy: -26.543297650558 gnorm: 0.004232802786 xtb: 6.7.1 (edcfbbe)
C           -3.12584795342448        0.15579311833320       -0.65326765605025
O           -2.30192241676724       -0.48183525339037        0.30133545021012
C           -0.94262161028976       -0.26482208953869        0.15704199250974
C           -0.10396476589484       -1.36850529689982        0.04667527085425
C            1.26245558879845       -1.20257999358040       -0.05919024051896
C            1.82697828324465        0.07299523969474       -0.05871269507547
C            0.97971097979670        1.17494395851462        0.06449073158568
C           -0.38610846237035        1.00896434720069        0.17237379475529
N            3.19990218798829        0.24038092064692       -0.10321925180289
H           -4.15379627255130       -0.02513267967342       -0.34062386739652
H           -2.96461815785621       -0.27805439147160       -1.65105844690938
H           -2.95081447735779        1.23575444202555       -0.70706265664463
H           -0.53833798394875       -2.35662482324306        0.04735178955074
H            1.90665913159343       -2.06628182337381       -0.14775294118407
H            1.40286478287429        2.16954595026547        0.08214279944682
H           -1.02125045929515        1.87618914158635        0.28123502226154
H            3.72618308191573       -0.52785950212360       -0.48809342799935
H            3.52310290964672        1.14938136633560       -0.39229778669016
18
 energy: -26.543332464669 gnorm: 0.002273052487 xtb: 6.7.1 (edcfbbe)
C           -3.12744534638423        0.15386051716831       -0.65139976335349
O           -2.30069529703843       -0.48124903269609        0.29910534698383
C           -0.94206901473578       -0.26262998578161        0.15435944529403
C           -0.10412868408465       -1.36650619119093        0.04395410662440
C            1.26222681549717       -1.20174453950064       -0.06040056379578
C            1.82759530641302        0.07320614140767       -0.05858043735783
C            0.98123823154719        1.17557085435849        0.06291920284005
C           -0.38480634773591        1.01081186635527        0.16951988349989
N            3.20054743414028        0.23904772970430       -0.09980678463627
H           -4.15382587035705       -0.03322728795627       -0.33778856681520
H           -2.96719192693882       -0.27558474320073       -1.64944821733443
H           -2.95783107536579        1.23381071969643       -0.70184103894449
H           -0.53947080377777       -2.35399414819296        0.04360422298220
H            1.90544488488823       -2.06599324917723       -0.14879191355117
H            1.40526040838229        2.16969121726870        0.08029135929792
H           -1.01890478720271        1.87878564182358        0.27680379641441
H            3.72687958314736       -0.52945443701034       -0.48377168071953
H            3.52575087570798        1.14785155823242       -0.38736051652604
18
 energy: -26.543422969664 gnorm: 0.001442821817 xtb: 6.7.1 (edcfbbe)
C           -3.13510542718620        0.15442830333138       -0.64364638852075
O           -2.29617535391912       -0.48903332279855        0.28548564427669
C           -0.93991716974923       -0.26246602907754        0.14179933230219
C           -0.10067729112121       -1.36572911925438        0.03693066909332
C            1.26563068914707       -1.20153824440315       -0.06042518438063
C            1.83044952971629        0.07329249459593       -0.05742525745843
C            0.98338289078909        1.17516307506344        0.05465497109267
C           -0.38342573146075        1.01116022848218        0.15455986548788
N            3.20347428582710        0.23817961351473       -0.08802618670122
H           -4.15611876568521       -0.05457391244658       -0.32676096962365
H           -2.97858628087344       -0.24936826365811       -1.65064349224778
H           -2.98163733256899        1.23645635626679       -0.67106374746615
H           -0.53683057985222       -2.35253779722643        0.03592079543379
H            1.90852771877434       -2.06616096549522       -0.14420513241251
H            1.40734133016711        2.16915372238145        0.07036499604508
H           -1.01634829864391        1.88052669248841        0.25422082566180
H            3.73211547417929       -0.53106013774869       -0.46684789042390
H            3.53247469856239        1.14635993729271       -0.37352496925591
18
 energy: -26.543760958690 gnorm: 0.007752658333 xtb: 6.7.1 (edcfbbe)
C           -3.17122116561894        0.17081947625455       -0.60718411025254
O           -2.27679235400858       -0.54231714032421        0.21445857477539
C           -0.93057624031953       -0.27622526782327        0.08104659907407
C           -0.07857804864659       -1.37423094522096        0.01136427901277
C            1.28770227814935       -1.20559189971984       -0.05300706575426
C            1.84390086299244        0.07251907508176       -0.05144369392376
C            0.98647581635091        1.16869202089766        0.01299997462473
C           -0.38352992344848        1.00097053151853        0.07965874963768
N            3.21716397704574        0.24163976146162       -0.03663982917475
H           -4.16950139119265       -0.13363673290195       -0.27971679074095
H           -3.03186805998654       -0.10075473747942       -1.66647931836992
H           -3.08097188664471        1.26415260396930       -0.50965041313601
H           -0.51297466723101       -2.36112081357712        0.01294262447897
H            1.93520897477116       -2.06883582356262       -0.10921299495912
H            1.40412152367562        2.16522670676980        0.01961637648766
H           -1.01625819650314        1.87394045139673        0.14173273592002
H            3.76011440506454       -0.53026476414604       -0.38937106598373
H            3.55615848165275        1.14727012871389       -0.31974675081379
18
 energy: -26.543892267257 gnorm: 0.013354150842 xtb: 6.7.1 (edcfbbe)
C           -3.18819138378885        0.18650814999747       -0.58650841328217
O           -2.26943769248373       -0.57631327882835        0.17721065639369
C           -0.92700762109545       -0.29235725676469        0.05056595311221
C           -0.06500941095010       -1.38634058824658        0.00068468887244
C            1.30143022408388       -1.21058911813521       -0.04804410063065
C            1.85010339751869        0.07180549992703       -0.04859387558642
C            0.98316531285012        1.16293144399985       -0.00975871530431
C           -0.38811440130956        0.98829471854735        0.03907595880159
N            3.22331969726069        0.24894678577600       -0.01166521976940
H           -4.17630811940198       -0.14328360554668       -0.26085803042549
H           -3.06759814941180       -0.02139152111820       -1.66745321107999
H           -3.10604197104403        1.27565924124870       -0.42592657799738
H           -0.49498238916182       -2.37565859667481        0.00493368910113
H            1.95519898770936       -2.07087909178860       -0.08882630288785
H            1.39385927425585        2.16292775506904       -0.00768426730025
H           -1.02471745569574        1.86066241032532        0.08053738818504
H            3.77624843807353       -0.52292322949217       -0.35054641806029
H            3.56265764869328        1.15425291301296       -0.29577532123945
18
 energy: -26.544091295616 gnorm: 0.011541097657 xtb: 6.7.1 (edcfbbe)
C           -3.18487543830545        0.19757133772407       -0.58238516453022
O           -2.27372013505103       -0.58542837246232        0.17329911682208
C           -0.92921623836938       -0.30537852588922        0.05049092199296
C           -0.06237560472773       -1.39745499069883        0.00360956526625
C            1.30401378232256       -1.21473206146690       -0.04655405946920
C            1.84850015402586        0.07139905806452       -0.04902518546588
C            0.97595384251302        1.15912589192021       -0.01348433524059
C           -0.39468950841595        0.97723226943898        0.03323499669899
N            3.22110590990930        0.25699213718086       -0.01230971158257
H           -4.17539217363536       -0.10686727509961       -0.26930365598633
H           -3.07400032925875       -0.00943462455820       -1.65576974259211
H           -3.06946970020981        1.27225441630116       -0.41464534657286
H           -0.48720233316133       -2.39027044025549        0.00970998966224
H            1.96319239239551       -2.07151576558799       -0.08542064352350
H            1.38121158881942        2.16225332361982       -0.01218281623848
H           -1.03679948426615        1.84593506857615        0.07042302890789
H            3.77798985830801       -0.51305353341658       -0.34905544088472
H            3.55434780320959        1.16362471791780       -0.29926363636150
18
 energy: -26.544339275189 gnorm: 0.009700931006 xtb: 6.7.1 (edcfbbe)
C           -3.18601115059691        0.20760386559575       -0.57260158957159
O           -2.27390305936337       -0.59880468949631        0.15256391733430
C           -0.92967541452534       -0.31457751518804        0.03783817467054
C           -0.05881191479273       -1.40470631918424        0.00180846174534
C            1.30689313410100       -1.21746071151813       -0.04340748610170
C            1.84827982768775        0.07062792070290       -0.04865970200960
C            0.97210593161322        1.15515546404266       -0.02534273439100
C           -0.39806815018111        0.96868808582831        0.01323685916469
N            3.21988638335924        0.26177272878442       -0.00294526930434
H           -4.17641765576775       -0.12137628453067       -0.27081566758238
H           -3.06649871202878        0.04287199521962       -1.65382432011984
H           -3.07214500520623        1.27738674763363       -0.35827240085242
H           -0.47973164801976       -2.39956969022248        0.01128016511642
H            1.96952876805523       -2.07171363222558       -0.07546414162023
H            1.37302059109020        2.16020680549474       -0.02836592088134
H           -1.04236184016401        1.83557968289879        0.03928507801468
H            3.78150567684931       -0.50777052085056       -0.33227831896090
H            3.55097862399237        1.16833869832362       -0.29266722374816
18
 energy: -26.544749464890 gnorm: 0.012777034517 xtb: 6.7.1 (edcfbbe)
C           -3.18161716044959        0.22779856879773       -0.55199411622899
O           -2.27322700759077       -0.62972423327820        0.10204113959573
C           -0.92966714669676       -0.33607685995028        0.01022530080812
C           -0.05166684486445       -1.42025028057801       -0.00028058450540
C            1.31154651148215       -1.22229317300776       -0.03315303205548
C            1.84555115252257        0.06894013000684       -0.04749984869197
C            0.96361577586643        1.14575931503932       -0.04897233754622
C           -0.40425735458686        0.94831701335440       -0.02655460573602
N            3.21361391622081        0.27259685405836        0.01358755964119
H           -4.17292446947647       -0.14987936422087       -0.28125656736941
H           -3.04233151937834        0.16910918023050       -1.65136898119715
H           -3.08328695456107        1.27949728481175       -0.23185893725558
H           -0.46253952165385       -2.41895682163576        0.01953835409570
H            1.98139817570699       -2.07063216863634       -0.04832885434726
H            1.35476720448707        2.15408177504710       -0.06269493066803
H           -1.05274349041137        1.81054138454774       -0.02457407778851
H            3.78491286490372       -0.49536192094308       -0.29979079384445
H            3.53743025458209        1.17878594766501       -0.28569680600380
18
 energy: -26.545054170091 gnorm: 0.009686136391 xtb: 6.7.1 (edcfbbe)
C           -3.17539367121931        0.23725131677673       -0.54492155670597
O           -2.27334579250487       -0.64020921083103        0.07890623016842
C           -0.92961201133052       -0.34707072404674       -0.00268985638128
C           -0.04935287278803       -1.42778935844442       -0.00174002085585
C            1.31279043775686       -1.22404644564877       -0.02817716547269
C            1.84305439737526        0.06789612041454       -0.04705539926010
C            0.95891173785833        1.14124185440921       -0.05726798548268
C           -0.40726278375846        0.93798627715295       -0.04110245869808
N            3.20924826940737        0.27817042175569        0.01818615189456
H           -4.16977033049795       -0.14565073840338       -0.28774520486418
H           -3.03207666048801        0.21514429537737       -1.63917066853935
H           -3.08060306460901        1.27296149049025       -0.18761821253607
H           -0.45442582008776       -2.42798873029852        0.02229399144593
H            1.98609382343904       -2.06917519442224       -0.03572747668608
H            1.34553201245078        2.15038854930033       -0.07336963738709
H           -1.05824292411712        1.79683383584455       -0.04606245080946
H            3.78571133360958       -0.48808438650089       -0.28874995696455
H            3.52731830560616        1.18439325838282       -0.28662044196301
18
 energy: -26.545514081022 gnorm: 0.016345518267 xtb: 6.7.1 (edcfbbe)
C           -3.17453685802106        0.26841974415009       -0.51481865416072
O           -2.26721774069446       -0.69521808971421       -0.00655908495494
C           -0.92631095762841       -0.38541182773288       -0.05313905942406
C           -0.03215544817966       -1.45426488336016       -0.00991680100596
C            1.32796015093673       -1.23162137980023       -0.00939856301448
C            1.84270789454154        0.06537531105414       -0.04194309482561
C            0.94528299597198        1.12723076486357       -0.08961359036347
C           -0.41876272430560        0.90585602078867       -0.10094010417908
N            3.20508467239744        0.29654105544796        0.04406650669716
H           -4.16800736939148       -0.13147176491801       -0.29326714400388
H           -3.04863243228385        0.37763238252790       -1.61059464614422
H           -3.08583427150674        1.25992215832338       -0.02756279865326
H           -0.42186091978832       -2.45889031578731        0.02166794702292
H            2.01282539846846       -2.06778706559896        0.01216495698465
H            1.31701669922502        2.14096870462155       -0.11399605713348
H           -1.07844616999429        1.75801552451030       -0.13821057573627
H            3.79935440570187       -0.46525439238338       -0.24098735969127
H            3.51010706065314        1.20221068431609       -0.27558399651155
18
 energy: -26.545920985115 gnorm: 0.009866873061 xtb: 6.7.1 (edcfbbe)
C           -3.17659939890801        0.26303941687329       -0.50510859093336
O           -2.26235966913044       -0.69981505468147       -0.02839969406068
C           -0.92355981604567       -0.38780783496694       -0.06764172067923
C           -0.02983536374340       -1.45350056723146       -0.01794366867893
C            1.33080859813998       -1.22993869773290       -0.00722179958845
C            1.84412062271370        0.06519863732883       -0.03981760985079
C            0.94608025773999        1.12739075752308       -0.09294105956999
C           -0.41835473562985        0.90655232820427       -0.11133957795940
N            3.20703772963089        0.29649163781797        0.05071580157725
H           -4.17066717271793       -0.11746451733035       -0.29484772798691
H           -3.06953780563501        0.40102107831476       -1.58645741060057
H           -3.09160454904347        1.22608690641706       -0.00951570827853
H           -0.41977460327864       -2.45632861040565        0.00757058112575
H            2.01352184188687       -2.06674426617114        0.02284924513161
H            1.31920359513789        2.13988151145540       -0.11347691192928
H           -1.07740485182593        1.76004049142664       -0.15327715219039
H            3.80463296091789       -0.46278261343251       -0.23292461741579
H            3.51286674589343        1.20093202789961       -0.26885449720985
18
 energy: -26.546415430112 gnorm: 0.003699300735 xtb: 6.7.1 (edcfbbe)
C           -3.18330708431763        0.26054645291729       -0.50267954647180
O           -2.26094775461921       -0.69942055541497       -0.04690668782943
C           -0.92379347224361       -0.38069345993970       -0.07196090682433
C           -0.03134590040878       -1.44877156561784       -0.01818587488684
C            1.32963900372955       -1.22917621416219       -0.00440014558660
C            1.84497356759565        0.06607470712882       -0.03913152385849
C            0.94859698641738        1.12956071126802       -0.09678844471215
C           -0.41642156136770        0.91240087446126       -0.11686676422060
N            3.20853128924972        0.29435181369287        0.05358366364858
H           -4.17196939091301       -0.15879074972626       -0.31695207218242
H           -3.05924709579483        0.43858173663459       -1.57779649289870
H           -3.10535688633150        1.21002854959113        0.03201618198502
H           -0.42513697749364       -2.45194699647939        0.01221786668461
H            2.00982766304330       -2.06814846100233        0.03226485890942
H            1.32491195391840        2.14192533413881       -0.12366523971567
H           -1.07256766148802        1.76705123735343       -0.16670590331567
H            3.80321131563356       -0.46834604045742       -0.22809346809694
H            3.51897639149265        1.19702525692240       -0.26858161972552
18
 energy: -26.546790952114 gnorm: 0.010603175400 xtb: 6.7.1 (edcfbbe)
C           -3.19076648561653        0.25830729634283       -0.49476701738639
O           -2.25557517308654       -0.70568034267697       -0.08552577313016
C           -0.92263236688625       -0.37315347646914       -0.08617228151627
C           -0.03099834644367       -1.44293681220647       -0.01595651567969
C            1.32958540154150       -1.22794423339220        0.00566710493892
C            1.84626748386887        0.06792156026557       -0.03701812577802
C            0.95134981436454        1.13171677591782       -0.10822467381535
C           -0.41501943166701        0.91867283633847       -0.13654028305344
N            3.21064095061222        0.29204755138186        0.06084073046854
H           -4.16916326594554       -0.22267974635100       -0.36601171654340
H           -3.04042897654287        0.52712789487801       -1.55476642609196
H           -3.14324910420132        1.17294850219079        0.12240351423774
H           -0.43068442625916       -2.44554454147952        0.02019958406972
H            2.00660786240631       -2.06917424630682        0.05353908411658
H            1.33177091789001        2.14373778566709       -0.14314926521684
H           -1.06870306289089        1.77436331427698       -0.19923913464900
H            3.80041716874844       -0.47735387161872       -0.21467193979262
H            3.52915542621023        1.18987638454995       -0.26923898427589
18
 energy: -26.546997256017 gnorm: 0.007942515655 xtb: 6.7.1 (edcfbbe)
C           -3.19095413839064        0.25842271066356       -0.48965656258449
O           -2.25329775045732       -0.70970083136499       -0.09734348502515
C           -0.92175005563677       -0.37445932544358       -0.09459701026146
C           -0.02943467703545       -1.44349386805601       -0.01766077587728
C            1.33060484409086       -1.22783389078132        0.00785393782802
C            1.84616159604690        0.06863836276238       -0.03646261654556
C            0.95072037578792        1.13126637381013       -0.11330870653641
C           -0.41589341870711        0.91754437756474       -0.14674506759464
N            3.21036484472874        0.29289205698709        0.06580902247525
H           -4.16652643933200       -0.22413187887434       -0.37370491614782
H           -3.04207824849170        0.54957504217476       -1.54174697930888
H           -3.14848179411538        1.16044479783467        0.14271011538078
H           -0.42986190316973       -2.44554215014217        0.01945894669392
H            2.00794915369398       -2.06839277554825        0.06075772506656
H            1.33090982748270        2.14328479885481       -0.14795303377831
H           -1.07050548542795        1.77242804540751       -0.21279297937451
H            3.79982803337667       -0.47783106753426       -0.20676613003620
H            3.53081962165861        1.18914185299384       -0.26648360347133
18
 energy: -26.547494959346 gnorm: 0.007231780546 xtb: 6.7.1 (edcfbbe)
C           -3.18939804418504        0.26328068739693       -0.47076954249216
O           -2.24608452567551       -0.72746429315822       -0.14881423248862
C           -0.91905211335349       -0.38277346205667       -0.12422200065852
C           -0.02355120016964       -1.44805660455878       -0.02173605405302
C            1.33426650135386       -1.22766677287677        0.01891185633157
C            1.84468796311022        0.07115885587673       -0.03381711044659
C            0.94683784825221        1.12870884760520       -0.13294006077237
C           -0.42016138957064        0.91055836729755       -0.18334324888631
N            3.20813788649415        0.29764919624718        0.08327137328912
H           -4.15815048871688       -0.23060028331496       -0.41398702224926
H           -3.03529347911198        0.64928357210887       -1.49161869777448
H           -3.16994334859519        1.10855368698570        0.23582967871134
H           -0.42516307293750       -2.44831477065705        0.01918172003038
H            2.01422508975887       -2.06444283673121        0.09101788834303
H            1.32470874754200        2.14099351422835       -0.17077998451946
H           -1.07867592667453        1.76158026945884       -0.26753092075989
H            3.79732005717823       -0.47772659639910       -0.17705368409464
H            3.53386388140320        1.18753125385601       -0.26023207660763
18
 energy: -26.547769701491 gnorm: 0.006010952920 xtb: 6.7.1 (edcfbbe)
C           -3.18600819047044        0.27071304988267       -0.45411377515712
O           -2.24323771660887       -0.73856194989216       -0.18551140747053
C           -0.91782657130284       -0.39287015174250       -0.14717177911043
C           -0.01996752540398       -1.45460426252028       -0.02785939080968
C            1.33620824584437       -1.22800612787249        0.02497232399401
C            1.84223770551378        0.07240139369253       -0.03271296841836
C            0.94242842972474        1.12556262019329       -0.15079771672499
C           -0.42361073155340        0.90166732333579       -0.21266639838144
N            3.20424675920237        0.30372251372160        0.09916353440296
H           -4.15467215816602       -0.22050921956674       -0.44119976543861
H           -3.02598775836252        0.71690713010016       -1.44603744824853
H           -3.17474875956545        1.06710934480425        0.30162489151008
H           -0.41973969283275       -2.45457839269597        0.01518824566263
H            2.01970590292981       -2.06041366101280        0.11197369946724
H            1.31641475767962        2.13859954457424       -0.19232349073879
H           -1.08529028296073        1.74880423166547       -0.30993038766736
H            3.79687534114439       -0.47324820335399       -0.14863102369649
H            3.53154663129032        1.18955744799555       -0.25259926227211
18
 energy: -26.547870205798 gnorm: 0.008307171356 xtb: 6.7.1 (edcfbbe)
C           -3.18412117017784        0.27657481271980       -0.44012361509142
O           -2.24211494524521       -0.74622819350330       -0.22185541649757
C           -0.91745137604873       -0.40002214877475       -0.16745045074003
C           -0.01859855124477       -1.45917483908317       -0.03291321940493
C            1.33641845963783       -1.22807660629728        0.03117895264124
C            1.84006308780395        0.07301910362826       -0.03211202900664
C            0.93953586763611        1.12321281527504       -0.16851011230310
C           -0.42519550813329        0.89514092401263       -0.23860587450859
N            3.20038159682086        0.30905199795449        0.11299361196742
H           -4.15306709786698       -0.22273554427501       -0.47685152903659
H           -3.00747849595666        0.79039051269984       -1.40079130367778
H           -3.18442948207722        1.02014609373074        0.37408799401172
H           -0.41616467401573       -2.46009313831666        0.01412496348690
H            2.02186161391300       -2.05743437677582        0.13230242269028
H            1.31086158377261        2.13699865415535       -0.21797998693489
H           -1.08789689728810        1.73963037581117       -0.34802325308666
H            3.79709688484825       -0.46941368551624       -0.12087652254528
H            3.52887348972435        1.19126587386355       -0.24722675106158
18
 energy: -26.547915577857 gnorm: 0.006919426989 xtb: 6.7.1 (edcfbbe)
C           -3.18060852238093        0.28237576303660       -0.43172379578517
O           -2.24568320557382       -0.74476186605300       -0.23613269655288
C           -0.91842442712627       -0.40740994521964       -0.17883045325377
C           -0.02005186506606       -1.46447329877640       -0.04062329112021
C            1.33462368842579       -1.22845215504391        0.03046093605777
C            1.83769439666126        0.07194263089074       -0.03327396450680
C            0.93745505832552        1.12068618652695       -0.18085133067864
C           -0.42476945756552        0.88819209171898       -0.25217502525537
N            3.19540746566284        0.31481159662007        0.12338912140815
H           -4.15492996031686       -0.20020193586383       -0.48501550222619
H           -2.99654976397282        0.81126596756291       -1.36635216450440
H           -3.17467428063227        0.98943268869051        0.39683060372286
H           -0.41199103193205       -2.46791827581482        0.00745884383622
H            2.02183633754000       -2.05502774772715        0.13853678998335
H            1.30537209899800        2.13532851974501       -0.23721918459837
H           -1.08718066099130        1.73096766787944       -0.36555484389646
H            3.80011869665277       -0.46116206510989       -0.09755236101261
H            3.52092981939415        1.19665680824611       -0.24000380071498
18
 energy: -26.547990921598 gnorm: 0.001672803531 xtb: 6.7.1 (edcfbbe)
C           -3.18268818816512        0.28099444409380       -0.43181629160164
O           -2.24401422352402       -0.74829916649763       -0.24744216970954
C           -0.91774949594570       -0.40646371698142       -0.18429519034561
C           -0.01917964739046       -1.46332782249089       -0.04040924936780
C            1.33549846285279       -1.22834609173395        0.03372639583163
C            1.83879339849744        0.07203324359646       -0.03222197325215
C            0.93830548678293        1.12088441040479       -0.18130218177553
C           -0.42444472307240        0.88934774225891       -0.25519038998247
N            3.19644145430336        0.31431317372656        0.12353619305308
H           -4.15323206261492       -0.20879440802881       -0.48710174267173
H           -3.00175638545272        0.82797055690293       -1.36479465194215
H           -3.18144608409110        0.98351452392518        0.40917443393662
H           -0.41156890982555       -2.46668734881115        0.00972159744610
H            2.02157417182592       -2.05581277694513        0.14515542485833
H            1.30727390795318        2.13523077633163       -0.23806580781264
H           -1.08661946601288        1.73274353779941       -0.37017411831848
H            3.80046613754817       -0.46252637212500       -0.09596637504501
H            3.52292055243351        1.19547792588298       -0.24116602239851
18
 energy: -26.548000201890 gnorm: 0.000936953453 xtb: 6.7.1 (edcfbbe)
C           -3.18495063390839        0.27848751162929       -0.43401601424100
O           -2.24317899946567       -0.74703549328267       -0.24770679427276
C           -0.91729071039929       -0.40309409364438       -0.18341168722945
C           -0.01958782849182       -1.46055915466786       -0.03922720759670
C            1.33546639167885       -1.22802559581768        0.03424625480012
C            1.84035033064380        0.07164928054295       -0.03220341530328
C            0.94026513283715        1.12162396354830       -0.17839449798957
C           -0.42304001752858        0.89240202944143       -0.25231821994730
N            3.19806768278690        0.31258434044010        0.12024700730387
H           -4.15399780704410       -0.21601779118830       -0.48275348656146
H           -3.00952078083633        0.82146478704447       -1.36966589477595
H           -3.18425977961473        0.98727039966033        0.40128720495428
H           -0.41248149174386       -2.46375989878055        0.01024206562005
H            2.01934235098518       -2.05728630347457        0.14538272462826
H            1.31111434345032        2.13534391962745       -0.23275298221888
H           -1.08426221543497        1.73726394361772       -0.36522651024800
H            3.80153578630541       -0.46425691673741       -0.09943807206280
H            3.52500263188253        1.19419770335004       -0.24292259395693
18
 energy: -26.548005998533 gnorm: 0.000772110564 xtb: 6.7.1 (edcfbbe)
C           -3.18587764623360        0.27781515585115       -0.43299200055196
O           -2.24239107424929       -0.74756299399395       -0.25778154493090
C           -0.91689096521107       -0.40270563812816       -0.18795167160935
C           -0.01978413677386       -1.45981294971744       -0.04033372992616
C            1.33538781101807       -1.22780899585470        0.03577432589466
C            1.84092949666874        0.07139307263875       -0.03208600025736
C            0.94082200038803        1.12147944818096       -0.18019966426923
C           -0.42237783689673        0.89278051379210       -0.25604166802561
N            3.19818516969061        0.31296469166601        0.12083872811503
H           -4.15427779593026       -0.21788085425664       -0.48408156101159
H           -3.01467999938878        0.83104500951265       -1.36281822476919
H           -3.18415246326759        0.97808221913973        0.41007958002506
H           -0.41213760637225       -2.46321219498731        0.00982713767768
H            2.01797634493833       -2.05761982367338        0.15053886911681
H            1.31239568890712        2.13499364452458       -0.23467359734645
H           -1.08317079703444        1.73800919208945       -0.37004375045602
H            3.80321702961698       -0.46398400458035       -0.09404385988785
H            3.52540116623242        1.19427713910520       -0.24264348688505
18
 energy: -26.548008230837 gnorm: 0.000599918564 xtb: 6.7.1 (edcfbbe)
C           -3.18632567016882        0.27743451876570       -0.43152595456388
O           -2.24157729482552       -0.74805192478567       -0.26489025264393
C           -0.91655587414354       -0.40291805370539       -0.19161624542448
C           -0.01967458311985       -1.45979360302404       -0.04128382778259
C            1.33545050394370       -1.22765611175909        0.03681472882547
C            1.84095640040596        0.07148894231765       -0.03155950271648
C            0.94085301810142        1.12144305165559       -0.18118279190141
C           -0.42217657180030        0.89266748050508       -0.25905521472294
N            3.19801281070947        0.31337609080273        0.12178473035312
H           -4.15472413119896       -0.21785097123671       -0.48300516248858
H           -3.01817393671849        0.83679986455835       -1.35829954029220
H           -3.18196980250863        0.97266317290023        0.41485348811071
H           -0.41212595361353       -2.46309161939961        0.00928753379562
H            2.01772319486714       -2.05735188020751        0.15335978728635
H            1.31263480154897        2.13492744825155       -0.23578302631760
H           -1.08297266298042        1.73767118853815       -0.37429935348056
H            3.80358292483895       -0.46380513988170       -0.09017072663738
H            3.52563721276491        1.19430017701337       -0.24206078849674
18
 energy: -26.548009738684 gnorm: 0.000548363448 xtb: 6.7.1 (edcfbbe)
C           -3.18625675573278        0.27736428495125       -0.43030626945890
O           -2.24084877803913       -0.74841218170540       -0.27093047167780
C           -0.91630020408528       -0.40298369390494       -0.19445461774498
C           -0.01954277708527       -1.45975222627696       -0.04222598239796
C            1.33540679348204       -1.22741856015113        0.03733976502547
C            1.84075620755379        0.07182155099721       -0.03118323053024
C            0.94080604925345        1.12163676243366       -0.18202907564639
C           -0.42208193293217        0.89268336044387       -0.26162303049706
N            3.19774815591690        0.31362922165602        0.12303532639992
H           -4.15460788052217       -0.21796378022997       -0.48075606633611
H           -3.02171375350459        0.83956361293397       -1.35563763687545
H           -3.17911701226149        0.96929526487695        0.41915755944356
H           -0.41249031806215       -2.46281688967762        0.00838266095547
H            2.01772849730766       -2.05686900354026        0.15544947698957
H            1.31266436325037        2.13511050050176       -0.23624599027301
H           -1.08293395165801        1.73737772562789       -0.37844807769955
H            3.80323159172397       -0.46405782646070       -0.08691617139042
H            3.52612609149731        1.19404450883306       -0.24124028738360
18
 energy: -26.548011165328 gnorm: 0.000433047532 xtb: 6.7.1 (edcfbbe)
C           -3.18622071292895        0.27711431768246       -0.42920139907280
O           -2.24038477139493       -0.74880182586209       -0.27493041608017
C           -0.91611766011897       -0.40311004996395       -0.19664604712138
C           -0.01933593674962       -1.45981122147995       -0.04339991989621
C            1.33538530408324       -1.22718205559190        0.03742678398842
C            1.84051336354551        0.07223869479973       -0.03072802526110
C            0.94072366940571        1.12192265092908       -0.18266362438589
C           -0.42205282095866        0.89262131994142       -0.26367093465797
N            3.19749629159522        0.31382671646354        0.12477087336618
H           -4.15487270718054       -0.21789480065163       -0.47606483093364
H           -3.02531360421798        0.84030633698016       -1.35505844792534
H           -3.17519307665295        0.96826703923423        0.42066659406275
H           -0.41276018400042       -2.46270925218598        0.00709331397959
H            2.01803894172050       -2.05627969692259        0.15639692321566
H            1.31242077774718        2.13546995553659       -0.23658755905749
H           -1.08297878676137        1.73702127125922       -0.38176144775783
H            3.80258371298471       -0.46446872948399       -0.08420525349070
H            3.52664258598477        1.19372196062434       -0.24006870206956
18
 energy: -26.548012818644 gnorm: 0.000474354587 xtb: 6.7.1 (edcfbbe)
C           -3.18613256624556        0.27720106845669       -0.42766325007597
O           -2.24008070003100       -0.74919891133124       -0.27857861193785
C           -0.91589681971419       -0.40346062884403       -0.19973950654277
C           -0.01899406049450       -1.46008963459465       -0.04548569948869
C            1.33544213220637       -1.22696860966338        0.03717021550864
C            1.84026627749014        0.07270022124721       -0.02994000377897
C            0.94062346605953        1.12216874679749       -0.18348451689099
C           -0.42201164740637        0.89230896016829       -0.26653445345366
N            3.19714372908520        0.31416202367055        0.12804956017679
H           -4.15564825186985       -0.21709690441558       -0.46696843108328
H           -3.03120128854754        0.83823846950370       -1.35592857198897
H           -3.16867354029690        0.96971206764519        0.42082990572503
H           -0.41265443822815       -2.46294495409001        0.00448000530896
H            2.01861791569576       -2.05556451705818        0.15657892214631
H            1.31187881675167        2.13587333722494       -0.23730916760758
H           -1.08299598204065        1.73642379970644       -0.38606238837197
H            3.80177081652454       -0.46467585523917       -0.08055046990221
H            3.52712052716392        1.19346395212441       -0.23749565684031
18
 energy: -26.548013699885 gnorm: 0.000379935977 xtb: 6.7.1 (edcfbbe)
C           -3.18614750868350        0.27732975851253       -0.42659040894917
O           -2.24017888417527       -0.74946075937592       -0.27964904492681
C           -0.91581898095969       -0.40377142180550       -0.20136728884350
C           -0.01889269199694       -1.46030892031419       -0.04715534210194
C            1.33542272960246       -1.22697497380175        0.03640502071863
C            1.84018854084432        0.07275000130367       -0.02986019858491
C            0.94058475472180        1.12204049612142       -0.18461288165396
C           -0.42194646322936        0.89197038208533       -0.26861318741919
N            3.19679909010797        0.31449916636556        0.13064193276528
H           -4.15631283643273       -0.21656206948475       -0.46033501357298
H           -3.03479635266357        0.83672834684289       -1.35670727903814
H           -3.16448765811015        0.97145737501816        0.42057651672749
H           -0.41215448175244       -2.46334849668008        0.00222856679743
H            2.01864216103981       -2.05550777993497        0.15652493835044
H            1.31161687009326        2.13579768989222       -0.23822290174220
H           -1.08282639271431        1.73607077379443       -0.38931801900280
H            3.80179251627877       -0.46419221384683       -0.07775363914883
H            3.52708997413200        1.19373527661647       -0.23482388947231
18
 energy: -26.548014109033 gnorm: 0.000145252214 xtb: 6.7.1 (edcfbbe)
C           -3.18622713822439        0.27755902845987       -0.42611791650477
O           -2.24045978229532       -0.74947065086515       -0.27902997444993
C           -0.91585840684639       -0.40400627503700       -0.20212006357551
C           -0.01892416124092       -1.46049877778572       -0.04803970534356
C            1.33546635232131       -1.22716193176962        0.03596002833912
C            1.84025898766676        0.07252365432113       -0.02975049241750
C            0.94060403366802        1.12174027267474       -0.18528301337682
C           -0.42188734574507        0.89170093281996       -0.26965986020232
N            3.19657984261528        0.31473948797538        0.13193609127560
H           -4.15669582929811       -0.21597080764275       -0.45702280917926
H           -3.03631271619405        0.83535057071880       -1.35723472523021
H           -3.16277482071121        0.97309716085357        0.41992995558614
H           -0.41165990190951       -2.46376649473254        0.00109706670340
H            2.01843199734525       -2.05584981551051        0.15578852520717
H            1.31165476212770        2.13550054939741       -0.23917946554682
H           -1.08261414750248        1.73585576425399       -0.39060221891321
H            3.80230760916463       -0.46342720702319       -0.07637889560497
H            3.52668505116095        1.19433717020032       -0.23292464586404
18
 energy: -26.548014222423 gnorm: 0.000113998103 xtb: 6.7.1 (edcfbbe)
C           -3.18628005731646        0.27767788095979       -0.42572077664368
O           -2.24056959952543       -0.74949619417254       -0.27879051098426
C           -0.91587860251344       -0.40412801375050       -0.20232003810467
C           -0.01897225857758       -1.46057321369394       -0.04836820428902
C            1.33547657762491       -1.22731073450955        0.03560290912173
C            1.84029805905693        0.07232780980232       -0.02999269721075
C            0.94061260575906        1.12150474890495       -0.18583644208094
C           -0.42185161317554        0.89156157177894       -0.27019403525106
N            3.19642095613132        0.31485244049954        0.13230027972744
H           -4.15684839529229       -0.21582673372249       -0.45665342341760
H           -3.03642456711438        0.83563206121453       -1.35668637548745
H           -3.16263288344932        0.97324415503726        0.42033775574286
H           -0.41147439773767       -2.46392640183461        0.00072337911015
H            2.01822727176578       -2.05617825292239        0.15571569543239
H            1.31178755149324        2.13521240159007       -0.23988400717268
H           -1.08251764838983        1.73574189560525       -0.39152158296277
H            3.80280077579759       -0.46288481056496       -0.07559171259648
H            3.52640061156554        1.19482202108701       -0.23175233203068
18
 energy: -26.548014253182 gnorm: 0.000064144815 xtb: 6.7.1 (edcfbbe)
C           -3.18632306613903        0.27765978815331       -0.42556872721118
O           -2.24057763975740       -0.74947937362041       -0.27891968346916
C           -0.91588097176908       -0.40414171490159       -0.20253895094163
C           -0.01899062421337       -1.46058410320027       -0.04847665519140
C            1.33548471724043       -1.22737173315705        0.03556177879044
C            1.84031690224543        0.07225669925619       -0.03003547492888
C            0.94063810608610        1.12143202120252       -0.18612291361393
C           -0.42181875289578        0.89153859077709       -0.27055208106885
N            3.19635033871111        0.31486689170772        0.13238867517358
H           -4.15683046859344       -0.21576944024032       -0.45644266981453
H           -3.03659224258843        0.83587255895634       -1.35639936141362
H           -3.16259857488667        0.97303751202312        0.42070303887056
H           -0.41151446429104       -2.46392796805737        0.00063736561200
H            2.01814599577287       -2.05628975549651        0.15562124259045
H            1.31190002616878        2.13510668204920       -0.24023362510314
H           -1.08245929109250        1.73570122452588       -0.39194889744077
H            3.80300349204581       -0.46270895702699       -0.07515958337889
H            3.52632090405867        1.19505370835783       -0.23114559655856
