2025-04-15 20:10:11,236 -   censo.qm_processor   -   INFO   - worker1743594:Running sp calculation in /scratch/pawsey0265/mwang1/.automated/7135/0_PRESCREENING/CONF1/sp.
2025-04-15 20:10:11,237 -   censo.qm_processor   -   INFO   - worker1743595:Running sp calculation in /scratch/pawsey0265/mwang1/.automated/7135/0_PRESCREENING/CONF2/sp.
2025-04-15 20:10:11,238 -   censo.qm_processor   -   INFO   - worker1743597:Running sp calculation in /scratch/pawsey0265/mwang1/.automated/7135/0_PRESCREENING/CONF3/sp.
2025-04-15 20:10:11,238 -   censo.qm_processor   -   INFO   - worker1743598:Running sp calculation in /scratch/pawsey0265/mwang1/.automated/7135/0_PRESCREENING/CONF4/sp.
2025-04-15 20:10:16,599 -     censo.parallel     -   INFO   - All jobs executed successfully.
2025-04-15 20:10:16,625 -   censo.qm_processor   -   INFO   - worker1743734:Running sp calculation in /scratch/pawsey0265/mwang1/.automated/7135/1_SCREENING/CONF1/sp.
2025-04-15 20:10:16,626 -   censo.qm_processor   -   INFO   - worker1743735:Running sp calculation in /scratch/pawsey0265/mwang1/.automated/7135/1_SCREENING/CONF2/sp.
2025-04-15 20:10:16,626 -   censo.qm_processor   -   INFO   - worker1743737:Running sp calculation in /scratch/pawsey0265/mwang1/.automated/7135/1_SCREENING/CONF3/sp.
2025-04-15 20:10:16,627 -   censo.qm_processor   -   INFO   - worker1743739:Running sp calculation in /scratch/pawsey0265/mwang1/.automated/7135/1_SCREENING/CONF4/sp.
2025-04-15 20:10:33,523 -     censo.parallel     -   INFO   - All jobs executed successfully.
2025-04-15 20:10:33,551 -   censo.qm_processor   -   INFO   - worker1743946:Running xtb_opt calculation in /scratch/pawsey0265/mwang1/.automated/7135/2_OPTIMIZATION/CONF1/xtb_opt.
2025-04-15 20:10:33,551 -   censo.qm_processor   -   INFO   - worker1743947:Running xtb_opt calculation in /scratch/pawsey0265/mwang1/.automated/7135/2_OPTIMIZATION/CONF3/xtb_opt.
2025-04-15 20:10:33,552 -   censo.qm_processor   -   INFO   - worker1743949:Running xtb_opt calculation in /scratch/pawsey0265/mwang1/.automated/7135/2_OPTIMIZATION/CONF2/xtb_opt.
2025-04-15 20:10:33,553 -   censo.qm_processor   -   INFO   - worker1743951:Running xtb_opt calculation in /scratch/pawsey0265/mwang1/.automated/7135/2_OPTIMIZATION/CONF4/xtb_opt.
2025-04-15 20:14:59,568 -     censo.parallel     -   INFO   - All jobs executed successfully.
2025-04-15 20:14:59,585 -   censo.qm_processor   -   INFO   - worker1745603:Running xtb_rrho calculation in /scratch/pawsey0265/mwang1/.automated/7135/2_OPTIMIZATION/CONF1/xtb_rrho.
2025-04-15 20:14:59,586 -   censo.qm_processor   -   INFO   - worker1745605:Running xtb_rrho calculation in /scratch/pawsey0265/mwang1/.automated/7135/2_OPTIMIZATION/CONF3/xtb_rrho.
2025-04-15 20:14:59,586 -   censo.qm_processor   -   INFO   - worker1745604:Running xtb_rrho calculation in /scratch/pawsey0265/mwang1/.automated/7135/2_OPTIMIZATION/CONF2/xtb_rrho.
2025-04-15 20:14:59,586 -   censo.qm_processor   -   INFO   - worker1745607:Running xtb_rrho calculation in /scratch/pawsey0265/mwang1/.automated/7135/2_OPTIMIZATION/CONF4/xtb_rrho.
2025-04-15 20:15:02,702 -     censo.parallel     -   INFO   - All jobs executed successfully.
2025-04-15 20:15:02,703 -censo.ensembleopt.optimization-   INFO   - Threshold: 2.25 kcal/mol
2025-04-15 20:15:02,718 -   censo.qm_processor   -   INFO   - worker1745707:Running xtb_opt calculation in /scratch/pawsey0265/mwang1/.automated/7135/2_OPTIMIZATION/CONF1/xtb_opt.
2025-04-15 20:15:02,719 -   censo.qm_processor   -   INFO   - worker1745708:Running xtb_opt calculation in /scratch/pawsey0265/mwang1/.automated/7135/2_OPTIMIZATION/CONF2/xtb_opt.
2025-04-15 20:18:45,104 -     censo.parallel     -   INFO   - All jobs executed successfully.
2025-04-15 20:18:45,105 -censo.ensembleopt.optimization-   INFO   - Threshold: 2.25 kcal/mol
2025-04-15 20:18:45,120 -   censo.qm_processor   -   INFO   - worker1746867:Running xtb_opt calculation in /scratch/pawsey0265/mwang1/.automated/7135/2_OPTIMIZATION/CONF1/xtb_opt.
2025-04-15 20:18:45,120 -   censo.qm_processor   -   INFO   - worker1746868:Running xtb_opt calculation in /scratch/pawsey0265/mwang1/.automated/7135/2_OPTIMIZATION/CONF2/xtb_opt.
2025-04-15 20:26:57,920 -     censo.parallel     -   INFO   - All jobs executed successfully.
2025-04-15 20:26:57,921 -censo.ensembleopt.optimization-   INFO   - Threshold: 1.88 kcal/mol
2025-04-15 20:26:57,935 -   censo.qm_processor   -   INFO   - worker1749049:Running xtb_opt calculation in /scratch/pawsey0265/mwang1/.automated/7135/2_OPTIMIZATION/CONF2/xtb_opt.
2025-04-15 20:31:52,354 -     censo.parallel     -   INFO   - All jobs executed successfully.
2025-04-15 20:31:52,355 -censo.ensembleopt.optimization-   INFO   - Threshold: 1.88 kcal/mol
2025-04-15 20:31:52,371 -   censo.qm_processor   -   INFO   - worker1750273:Running xtb_opt calculation in /scratch/pawsey0265/mwang1/.automated/7135/2_OPTIMIZATION/CONF2/xtb_opt.
2025-04-15 20:32:41,200 -     censo.parallel     -   INFO   - All jobs executed successfully.
2025-04-15 20:32:41,200 -censo.ensembleopt.optimization-   INFO   - Threshold: 1.50 kcal/mol
2025-04-15 20:32:41,215 -   censo.qm_processor   -   INFO   - worker1750479:Running xtb_rrho calculation in /scratch/pawsey0265/mwang1/.automated/7135/2_OPTIMIZATION/CONF1/xtb_rrho.
2025-04-15 20:32:41,217 -   censo.qm_processor   -   INFO   - worker1750482:Running xtb_rrho calculation in /scratch/pawsey0265/mwang1/.automated/7135/2_OPTIMIZATION/CONF3/xtb_rrho.
2025-04-15 20:32:41,218 -   censo.qm_processor   -   INFO   - worker1750480:Running xtb_rrho calculation in /scratch/pawsey0265/mwang1/.automated/7135/2_OPTIMIZATION/CONF2/xtb_rrho.
2025-04-15 20:32:42,520 -     censo.parallel     -   INFO   - All jobs executed successfully.
