23
 energy: -28.348900370060 gnorm: 0.028035815070 xtb: 6.7.1 (edcfbbe)
C           -2.81026134931324        0.18802265352949       -1.00950117626752
C           -1.76613897328900       -0.03627495528778        0.05729324149346
O           -2.06029578760145       -0.38104372884462        1.18442003742971
C           -0.31229748595317        0.16961204828720       -0.34699405566175
C            0.40461381946194       -1.19459132574795       -0.36342092938054
C            1.88622193149060       -1.03659263933973       -0.70830567991721
C            2.57955024811867       -0.07146597479826        0.25507088281285
C            1.87090926396379        1.28400797243366        0.27836255693307
C            0.38973234280153        1.12934563472983        0.62579685660450
H           -3.80618892432459       -0.03891768473770       -0.62750086880586
H           -2.76795952120866        1.23011490317659       -1.34846162747901
H           -2.59016927821076       -0.43288621794476       -1.88591354398323
H           -0.27676489244755        0.59427558464168       -1.36060816605274
H            0.29636757969535       -1.64605073164249        0.63087493036011
H           -0.08402874305865       -1.86862444826804       -1.07808327510973
H            2.37739363520834       -2.01634762681047       -0.68537314560691
H            1.98413737081052       -0.65759046113473       -1.73524890692638
H            2.56853787134415       -0.50107104863676        1.26614426829870
H            3.63146657064709        0.05399815440610       -0.02586553765177
H            2.35292833590803        1.95302663636792        1.00045125983898
H            1.96705989799016        1.76111564277815       -0.70726674519307
H            0.27750803586953        0.72727273259521        1.63975712987600
H           -0.11013047630831        2.10564890775802        0.61188382636936
23
 energy: -28.349865724958 gnorm: 0.007804531026 xtb: 6.7.1 (edcfbbe)
C           -2.79092114562733        0.18907096638955       -1.00839680462301
C           -1.75611402245598       -0.03921299293394        0.06160065307403
O           -2.04970754242813       -0.37811615431334        1.18285608607754
C           -0.31096021339069        0.17310892626201       -0.36042945604261
C            0.40321514572144       -1.18761871213550       -0.35677942612840
C            1.87802565244054       -1.02760654198824       -0.71010789255232
C            2.56711280653693       -0.07410851995823        0.26079036313729
C            1.86254524863155        1.27863840631467        0.27118067398426
C            0.38767241258488        1.11866955573597        0.62355273435678
H           -3.78357392846342       -0.03636894433805       -0.62808131281002
H           -2.75331489573614        1.22867128827625       -1.33716946227760
H           -2.57540950638744       -0.43793517129096       -1.87431689231163
H           -0.27381409694293        0.59825302164266       -1.37070250218063
H            0.30326786138643       -1.63522383268920        0.63629932578079
H           -0.08077065689640       -1.85642073713895       -1.07438666816671
H            2.36707308341855       -2.00484722134588       -0.68030075579120
H            1.97129109117670       -0.64266680410278       -1.73116031920815
H            2.54850702171544       -0.50257417083799        1.26767908374704
H            3.61417224687710        0.05433610845057       -0.02582665620756
H            2.34183415991240        1.94062039611270        0.99705433014556
H            1.95499176592351        1.74780020953125       -0.71423846792263
H            0.28399525673843        0.71445042435866        1.63424901169211
H           -0.10692627314117        2.09406452750931        0.60414568620811
23
 energy: -28.349953269976 gnorm: 0.001567051215 xtb: 6.7.1 (edcfbbe)
C           -2.78296560610735        0.18858302138177       -1.00849331663521
C           -1.75373501818103       -0.03865309814783        0.06735624492406
O           -2.04803220017796       -0.37761633341028        1.18562424243489
C           -0.31114938389648        0.17276949971014       -0.35956066904818
C            0.40146151381099       -1.18684611750129       -0.35850065920992
C            1.87561630751642       -1.02657124575340       -0.71157498268122
C            2.56344427504681       -0.07467855391476        0.26088044021172
C            1.86098447773638        1.27851595312198        0.26966213580779
C            0.38681303465407        1.11948301788951        0.62207219054404
H           -3.77743258941406       -0.03671481563593       -0.63376402687913
H           -2.74416327376021        1.22709348229354       -1.33244065431804
H           -2.56303909926800       -0.44038916527161       -1.86885906357417
H           -0.27498391165967        0.59748444739257       -1.36744777818999
H            0.30486745546766       -1.62864567268842        0.63513896945919
H           -0.08240576675445       -1.85671745444008       -1.07387448758111
H            2.36403496653166       -2.00290075892635       -0.68399369470641
H            1.96616004912178       -0.63588001672756       -1.72835283743305
H            2.53703607301698       -0.50247437745403        1.26539973048693
H            3.61043545489163        0.05235271851591       -0.02263989953929
H            2.33945756579762        1.94079396162159        0.99402645146509
H            1.95142366341560        1.74115581172336       -0.71660113413902
H            0.28601218953827        0.71086619683145        1.62913150408531
H           -0.10764870573237        2.09397352690025        0.60432262649676
23
 energy: -28.349968747818 gnorm: 0.001103900172 xtb: 6.7.1 (edcfbbe)
C           -2.78052145455910        0.18765343764648       -1.00956047384917
C           -1.75391503034892       -0.04049591314643        0.07028883862459
O           -2.04878096248905       -0.37629597850297        1.18924189747399
C           -0.31200589620128        0.17277790768553       -0.35771322243959
C            0.40087710351505       -1.18652643856667       -0.35734650908035
C            1.87460989095131       -1.02480812965329       -0.71425413398425
C            2.56212498035555       -0.07569929350012        0.26210521792406
C            1.86142616837549        1.27914021632232        0.26751238616320
C            0.38748846901288        1.11966164302780        0.62310880695537
H           -3.77784025774457       -0.03664590076407       -0.64004003015189
H           -2.73773204889573        1.22593936655940       -1.33212247970670
H           -2.55516303033469       -0.44241699569573       -1.86707127011046
H           -0.27836958858083        0.59721789225008       -1.36523521253588
H            0.30676438569539       -1.62730968888813        0.63668399838948
H           -0.08427496443949       -1.85695344247645       -1.07103970869611
H            2.36333754618058       -2.00073308537600       -0.69173166597554
H            1.96268933979431       -0.62921587382000       -1.72895550534693
H            2.52951134873240       -0.50371163704733        1.26593187698504
H            3.61031624597877        0.04885791070278       -0.01699474981095
H            2.34081670366905        1.94352374419806        0.98880557323009
H            1.95014782832523        1.73768579058704       -0.72038177833539
H            0.28860793334615        0.70994070904907        1.62960522372394
H           -0.10792323874420        2.09339778691917        0.60667425253448
23
 energy: -28.349973224370 gnorm: 0.000860839594 xtb: 6.7.1 (edcfbbe)
C           -2.77978967015586        0.18581517191065       -1.01066513935239
C           -1.75497193330830       -0.03774503499177        0.07248331841157
O           -2.05069185493950       -0.37379919584693        1.19135315792121
C           -0.31246818088206        0.17336759048752       -0.35542651255670
C            0.40041829391527       -1.18639851722523       -0.35664295555154
C            1.87374589748194       -1.02365855998880       -0.71577737239368
C            2.56180861468306       -0.07669820879532        0.26252548248972
C            1.86196126992593        1.27877919476013        0.26645640433125
C            0.38842812104855        1.12015460170916        0.62493219478564
H           -3.77809554461796       -0.03973955661793       -0.64471586855283
H           -2.73701480700070        1.22411981622228       -1.33399532880538
H           -2.54977357138711       -0.44451611029198       -1.86716245199002
H           -0.27956669471138        0.59824922042256       -1.36308929221947
H            0.30863121478522       -1.62794011843136        0.63758569297041
H           -0.08603145622513       -1.85714297788602       -1.06941667670053
H            2.36327453421172       -1.99941890909202       -0.69819520242105
H            1.95954951113094       -0.62420125325800       -1.72940059044178
H            2.52513226556186       -0.50513328893278        1.26626989846432
H            3.61130687125653        0.04583058378198       -0.01299660246412
H            2.34302510410249        1.94523477976531        0.98488939492524
H            1.94898280450742        1.73493765046704       -0.72296162605121
H            0.29132425113364        0.71083607220847        1.63203942451126
H           -0.10699356892231        2.09405107713354        0.60942198267112
23
 energy: -28.349975093133 gnorm: 0.000378751499 xtb: 6.7.1 (edcfbbe)
C           -2.77937112845109        0.18452519381468       -1.01121472546991
C           -1.75525497682716       -0.03849877217172        0.07235953729968
O           -2.05207821521392       -0.37092848695734        1.19202424255717
C           -0.31239669677909        0.17381493188709       -0.35408957038058
C            0.40019727518290       -1.18612245385608       -0.35621148629404
C            1.87302670304036       -1.02290529566940       -0.71636556416792
C            2.56135239675811       -0.07710053739164        0.26249867026375
C            1.86239810610592        1.27858670502057        0.26652967917593
C            0.38914398009805        1.12050227174193        0.62587865502430
H           -3.77754864073988       -0.04109686030395       -0.64579848126480
H           -2.73714647791338        1.22262434151300       -1.33601444464754
H           -2.54874704506896       -0.44628685409317       -1.86733317221083
H           -0.27885262981356        0.59884807541652       -1.36187170284025
H            0.30914275550850       -1.62821452361900        0.63795301221854
H           -0.08695352623474       -1.85658381028508       -1.06885354680350
H            2.36278539215271       -1.99867371125938       -0.70104620510408
H            1.95781754024722       -0.62182722074960       -1.72957461540166
H            2.52357409344793       -0.50596436421180        1.26615292815705
H            3.61127320726175        0.04456434840878       -0.01188793632984
H            2.34457766578158        1.94566585756849        0.98380057382307
H            1.94858457602787        1.73399897090476       -0.72345801993042
H            0.29266288165828        0.71142109311405        1.63324354313081
H           -0.10599576463509        2.09463512868880        0.61078996117607
23
 energy: -28.349976363039 gnorm: 0.000246479148 xtb: 6.7.1 (edcfbbe)
C           -2.77870242900449        0.18298116224844       -1.01175070770479
C           -1.75515953088538       -0.03702281578660        0.07260787477394
O           -2.05259599925292       -0.36763008000975        1.19254409594249
C           -0.31222833797547        0.17475607688236       -0.35356705921639
C            0.39974098016158       -1.18541752540286       -0.35611130352978
C            1.87231942176720       -1.02254414196058       -0.71685537817187
C            2.56094494888738       -0.07756857161163        0.26233976691721
C            1.86274736074026        1.27832659628679        0.26677083218386
C            0.38968660599731        1.12059148174371        0.62663854958926
H           -3.77654983472233       -0.04376725817599       -0.64622885737771
H           -2.73833163084815        1.22072701034521       -1.33772162727662
H           -2.54717413477745       -0.44825496535655       -1.86723997837384
H           -0.27809105060382        0.60007207418592       -1.36116079931362
H            0.30875414100115       -1.62763259394250        0.63790827988658
H           -0.08796539519224       -1.85533652125925       -1.06876860363599
H            2.36183900205251       -1.99837999436925       -0.70219323819503
H            1.95685576162038       -0.62096198048990       -1.72982057879859
H            2.52320042670007       -0.50676287976833        1.26580310528212
H            3.61079878252361        0.04381006443179       -0.01215879451580
H            2.34540188307734        1.94504330853601        0.98397805352608
H            1.94871630378129        1.73388130602881       -0.72311601282827
H            0.29314088369119        0.71125902387228        1.63381125492510
H           -0.10515668714475        2.09481525108240        0.61180245789269
23
 energy: -28.349977806326 gnorm: 0.000257821224 xtb: 6.7.1 (edcfbbe)
C           -2.77833327353016        0.18114473118020       -1.01245335088883
C           -1.75505226631642       -0.03507567148928        0.07269067284703
O           -2.05295664169727       -0.36290685273684        1.19334753610092
C           -0.31209788908673        0.17593966030837       -0.35336931839828
C            0.39902304295929       -1.18472570682693       -0.35637727824828
C            1.87163940397330       -1.02249109990997       -0.71713408971971
C            2.56106806617057       -0.07791767235629        0.26186325344546
C            1.86316819614184        1.27810265656062        0.26744538967389
C            0.39012570436396        1.12073819314482        0.62742098906508
H           -3.77584092902558       -0.04704312330969       -0.64656169389436
H           -2.74017360751094        1.21857402003893       -1.33961979045668
H           -2.54567049099525       -0.45052591182164       -1.86724862383879
H           -0.27758605288634        0.60163910602935       -1.36073901097647
H            0.30802792861801       -1.62706769478608        0.63752035699775
H           -0.08914445221285       -1.85419907641083       -1.06909485309882
H            2.36071671923099       -1.99851557472293       -0.70241168983434
H            1.95626711823040       -0.62106620702785       -1.73008037238382
H            2.52404211530182       -0.50746233702755        1.26515585755996
H            3.61072602572665        0.04344688485153       -0.01340937617545
H            2.34612176945320        1.94401367771350        0.98513346922689
H            1.94907944197087        1.73445818726362       -0.72202349244540
H            0.29344932851001        0.71082289041690        1.63427936724225
H           -0.10440778579510        2.09510094842854        0.61317738018102
23
 energy: -28.349979796855 gnorm: 0.000300534086 xtb: 6.7.1 (edcfbbe)
C           -2.77811324891825        0.17848984924588       -1.01354350794490
C           -1.75521488535282       -0.03247464969047        0.07302405391630
O           -2.05371369591153       -0.35587042200000        1.19486605900008
C           -0.31216453256518        0.17750425640706       -0.35290533509453
C            0.39804177067193       -1.18373030437698       -0.35669570020966
C            1.87078848568690       -1.02248869905673       -0.71766964661154
C            2.56122958472020       -0.07838281441857        0.26119983345323
C            1.86390277310035        1.27800025330880        0.26836743073869
C            0.39087299425638        1.12091571323300        0.62853630181358
H           -3.77531671142302       -0.05176944913798       -0.64784297515343
H           -2.74275003298522        1.21560766540300       -1.34207154821579
H           -2.54315497780714       -0.45369493172820       -1.86728010323263
H           -0.27733705074879        0.60369783436637       -1.36002784763403
H            0.30698035643601       -1.62637397595106        0.63705891719148
H           -0.09060568744384       -1.85263480346888       -1.06960180933519
H            2.35918596760188       -1.99886859148962       -0.70277724833421
H            1.95561132257338       -0.62127268083364       -1.73066802322109
H            2.52531137043634       -0.50842967729310        1.26431364882739
H            3.61058407727427        0.04293248508642       -0.01529053445466
H            2.34732224056565        1.94279251115809        0.98676784257601
H            1.94977844395325        1.73545786849878       -0.72058894156554
H            0.29412654185693        0.71004664965680        1.63497733360837
H           -0.10317363438339        2.09552994059152        0.61536313186309
23
 energy: -28.349982509559 gnorm: 0.000291158161 xtb: 6.7.1 (edcfbbe)
C           -2.77760053837374        0.17480884311190       -1.01506423984456
C           -1.75550618959110       -0.02931507306030        0.07379323160721
O           -2.05484789913014       -0.34642009275007        1.19723378074666
C           -0.31232065163093        0.17963698886728       -0.35205618526741
C            0.39651233445435       -1.18239995057262       -0.35704511706086
C            1.86939442734911       -1.02221395001630       -0.71839892015493
C            2.56154851786602       -0.07903828113632        0.26031257368148
C            1.86485758274570        1.27774727756490        0.26938079606841
C            0.39189684291653        1.12133015588263        0.63016209659858
H           -3.77453327672499       -0.05845912041053       -0.65044125971355
H           -2.74581043743112        1.21158854777918       -1.34513167333244
H           -2.53872872931004       -0.45788279461507       -1.86727562682910
H           -0.27731043459105        0.60647778540709       -1.35889850249218
H            0.30558993303372       -1.62559064796314        0.63649966197451
H           -0.09285648129238       -1.85053213112471       -1.07019640546485
H            2.35684612185101       -1.99907768551843       -0.70373493347816
H            1.95427565477950       -0.62098009053376       -1.73137529526703
H            2.52663930223311       -0.50976615492778        1.26316092353082
H            3.61062938552079        0.04194177507845       -0.01746151060216
H            2.34906053221451        1.94127278286711        0.98840395515772
H            1.95059020230506        1.73638217337561       -0.71903823746363
H            0.29538210650989        0.70918570327605        1.63610358713744
H           -0.10151683410954        2.09628796692933        0.61857863244905
23
 energy: -28.349986021109 gnorm: 0.000315326159 xtb: 6.7.1 (edcfbbe)
C           -2.77686581605752        0.16998340558625       -1.01701532368879
C           -1.75604856316716       -0.02551736234746        0.07493399272839
O           -2.05655450204818       -0.33497270874339        1.20022300185894
C           -0.31260841378992        0.18246141413193       -0.35060677308823
C            0.39454150363665       -1.18053708094307       -0.35733773244881
C            1.86752969974853       -1.02192328851407       -0.71943703482438
C            2.56164170524919       -0.07998078498142        0.25923877010480
C            1.86627746506059        1.27756906332096        0.27063053408338
C            0.39344069727650        1.12204205200691        0.63231259465192
H           -3.77350819703549       -0.06755525027328       -0.65433776749404
H           -2.74969694444765        1.20640265836343       -1.34884824262323
H           -2.53230954784745       -0.46304142821402       -1.86734594610052
H           -0.27747234039987        0.61014030570895       -1.35711544891176
H            0.30383247581121       -1.62463196673131        0.63587525715039
H           -0.09587832956549       -1.84757511797887       -1.07082403852831
H            2.35376559128509       -1.99945108976341       -0.70557363391035
H            1.95223346387332       -0.62030067617459       -1.73229858127410
H            2.52777282592116       -0.51157359308480        1.26177151556232
H            3.61045793175427        0.04031479867860       -0.01989401991581
H            2.35172567103060        1.93977770704156        0.99007265390835
H            1.95165015479567        1.73733717004861       -0.71732067512962
H            0.29732564058124        0.70853400585568        1.63775449780345
H           -0.09906070007101        2.09748179451727        0.62265373206701
23
 energy: -28.349989607476 gnorm: 0.000339974963 xtb: 6.7.1 (edcfbbe)
C           -2.77594379712005        0.16515340864095       -1.01884440109345
C           -1.75654107061484       -0.02202788466559        0.07612188205449
O           -2.05822103709821       -0.32451407462815        1.20297329279369
C           -0.31284357827125        0.18537541437977       -0.34899636461197
C            0.39251488441810       -1.17859811800881       -0.35753438277870
C            1.86551166441011       -1.02134936414830       -0.72054895831429
C            2.56166121601011       -0.08106155144095        0.25835445690086
C            1.86770180660908        1.27723871716762        0.27162040264065
C            0.39499861917736        1.12299813931143        0.63446274861880
H           -3.77222361273394       -0.07691056994945       -0.65831169816435
H           -2.75356237222253        1.20121894441135       -1.35233476155520
H           -2.52558425585553       -0.46797957087374       -1.86739784434406
H           -0.27759474026562        0.61386493503426       -1.35519719158556
H            0.30199255109631       -1.62358376169748        0.63535876102612
H           -0.09909687596247       -1.84445202002916       -1.07135467856204
H            2.35054425847261       -1.99951431181390       -0.70771938047199
H            1.95001311728431       -0.61910876802316       -1.73322967518164
H            2.52834396572372       -0.51353102051225        1.26056919141572
H            3.61034004276453        0.03830668674649       -0.02176168707435
H            2.35458420564022        1.93820051512071        0.99126910806698
H            1.95277760231230        1.73790366484404       -0.71598267570034
H            0.29927440519708        0.70835943450431        1.63950935375485
H           -0.09645552737715        2.09899518314046        0.62648583414679
23
 energy: -28.349992702217 gnorm: 0.000311793367 xtb: 6.7.1 (edcfbbe)
C           -2.77508004382797        0.16124235210469       -1.02018364128657
C           -1.75687278756234       -0.01940139776765        0.07705469326726
O           -2.05945558532367       -0.31690238983064        1.20493712366035
C           -0.31300886096556        0.18786199163246       -0.34771407115075
C            0.39089332662688       -1.17689068104210       -0.35768702034103
C            1.86383836616201       -1.02089358815234       -0.72145076213340
C            2.56147963925533       -0.08203409134919        0.25774687679769
C            1.86894118517765        1.27697091598904        0.27241885648964
C            0.39631844989991        1.12392892083697        0.63609065801155
H           -3.77095295345030       -0.08466468912779       -0.66132094526533
H           -2.75671378469818        1.19698903009466       -1.35498504293808
H           -2.52007429320119       -0.47185073433094       -1.86736785789277
H           -0.27766310400061        0.61700605623757       -1.35366587170206
H            0.30057816817142       -1.62262569835416        0.63491697947133
H           -0.10180163633804       -1.84172372390333       -1.07172682450051
H            2.34785594890664       -1.99959064541010       -0.70979443101086
H            1.94807831514007       -0.61786407677159       -1.73385596125434
H            2.52816293247425       -0.51522977744825        1.25965819973029
H            3.61016499685539        0.03638686913386       -0.02274872296071
H            2.35702669450333        1.93707099164288        0.99206306198387
H            1.95379637849993        1.73810293674172       -0.71500049899508
H            0.30084101061705        0.70867907273973        1.64091859553219
H           -0.09416089132773        2.10041638384493        0.62920793846832
23
 energy: -28.349995332130 gnorm: 0.000263944106 xtb: 6.7.1 (edcfbbe)
C           -2.77435185797628        0.15809805644864       -1.02109212416427
C           -1.75702462423182       -0.01739278392339        0.07774130454993
O           -2.06027082493754       -0.31137299059153        1.20633149366514
C           -0.31305608220965        0.18991170270649       -0.34671479822805
C            0.38965604290153       -1.17546168537217       -0.35787112476675
C            1.86250604004555       -1.02038524544655       -0.72226864472005
C            2.56118698541785       -0.08296329321639        0.25749912348890
C            1.86998425303940        1.27667239752286        0.27298759090049
C            0.39738259248150        1.12483799473040        0.63725043557430
H           -3.76979947452060       -0.09086546359238       -0.66330398231984
H           -2.75931459993132        1.19351299034035       -1.35708795154216
H           -2.51593414685349       -0.47496711216298       -1.86724400138347
H           -0.27761656212771        0.61954921811659       -1.35246356026439
H            0.29942831627808       -1.62172163313110        0.63451115710733
H           -0.10396493063683       -1.83944560440095       -1.07206398203354
H            2.34573481724799       -1.99947741320974       -0.71169666686205
H            1.94659453138392       -0.61655280224524       -1.73437757308602
H            2.52752874242330       -0.51677050919801        1.25914787987450
H            3.60996268807135        0.03456757966505       -0.02298340738616
H            2.35905840770305        1.93606837933506        0.99260597244804
H            1.95480836911715        1.73809464806352       -0.71431064502812
H            0.30190286771629        0.70927784879836        1.64194710294988
H           -0.09221007880748        2.10176974827351        0.63096773320735
23
 energy: -28.349997672633 gnorm: 0.000206118219 xtb: 6.7.1 (edcfbbe)
C           -2.77377329059741        0.15533793478430       -1.02173805451642
C           -1.75704037665129       -0.01561455741081        0.07824249313999
O           -2.06071163833098       -0.30677714965372        1.20742045105115
C           -0.31305811178836        0.19177975441792       -0.34608596377584
C            0.38862345153213       -1.17413853227239       -0.35814944293760
C            1.86140559743413       -1.01994584484227       -0.72294456938766
C            2.56090270438012       -0.08382859518951        0.25738580325757
C            1.87095250448264        1.27637528832525        0.27358305403208
C            0.39830098765766        1.12566266639388        0.63808844151353
H           -3.76874895165652       -0.09614275555933       -0.66449302141844
H           -2.76167688497780        1.19037743893850       -1.35898644946728
H           -2.51276125082280       -0.47789495283518       -1.86695136176149
H           -0.27755625862150        0.62183510962724       -1.35166052086147
H            0.29844816598036       -1.62086506019469        0.63401771244674
H           -0.10581924963928       -1.83732711228665       -1.07249169950492
H            2.34391468307503       -1.99939520610336       -0.71344786370219
H            1.94543201380873       -0.61523675072672       -1.73469482541122
H            2.52660841060612       -0.51821661357139        1.25875064726546
H            3.60984528699533        0.03284050659311       -0.02279463649638
H            2.36079211172833        1.93513774426106        0.99324862408647
H            1.95593905546863        1.73800590059530       -0.71359503726777
H            0.30261824056721        0.71001262985295        1.64271490086232
H           -0.09044572903622        2.10300218436689        0.63209265083439
23
 energy: -28.349999842667 gnorm: 0.000161492093 xtb: 6.7.1 (edcfbbe)
C           -2.77332483925353        0.15273105556087       -1.02220193684994
C           -1.75697314745802       -0.01389758831611        0.07867270451627
O           -2.06092866619354       -0.30248593633008        1.20841993107269
C           -0.31301034181991        0.19353261739484       -0.34562014351752
C            0.38771493045734       -1.17290321422106       -0.35862076685300
C            1.86046229271258       -1.01949324769618       -0.72363820779753
C            2.56056701693507       -0.08473221545109        0.25747980258978
C            1.87189559894785        1.27607228822405        0.27419477351025
C            0.39912920235125        1.12655473252142        0.63868599487946
H           -3.76781704612960       -0.10081757868679       -0.66510272438890
H           -2.76387300661497        1.18730548637921       -1.36091287346384
H           -2.51027028640274       -0.48092232737551       -1.86644842085475
H           -0.27746307810469        0.62396041150179       -1.35102526998197
H            0.29748965122871       -1.62003904265075        0.63333878877305
H           -0.10738520024102       -1.83538679243058       -1.07314396392642
H            2.34228900341838       -1.99927111893570       -0.71511212953006
H            1.94454446728860       -0.61394742593255       -1.73503566288086
H            2.52558973970778       -0.51968471681331        1.25857013834644
H            3.60968834021166        0.03111723007972       -0.02230173528065
H            2.36234519079933        1.93415425479513        0.99405050835024
H            1.95720914120555        1.73798404929706       -0.71281691318583
H            0.30307165673617        0.71083478390264        1.64322812166622
H           -0.08875914818799        2.10431832269336        0.63285131678786
23
 energy: -28.350001908939 gnorm: 0.000142452240 xtb: 6.7.1 (edcfbbe)
C           -2.77301177677544        0.15019114823179       -1.02256808591739
C           -1.75687857907475       -0.01217948588370        0.07903734302348
O           -2.06099399708866       -0.29814853229414        1.20941135366529
C           -0.31297691422690        0.19523207438654       -0.34536036623052
C            0.38686719869573       -1.17167649665075       -0.35916094466047
C            1.85963753792149       -1.01902890053072       -0.72427175294870
C            2.56032828453729       -0.08558602338516        0.25759708410208
C            1.87283309338845        1.27575538809823        0.27485969974489
C            0.39990946843708        1.12731766677848        0.63918639634015
H           -3.76703702037138       -0.10498599330853       -0.66532460223511
H           -2.76591580278062        1.18419626716782       -1.36302645557766
H           -2.50832005855941       -0.48420227181142       -1.86572852343061
H           -0.27744921997755        0.62601983089008       -1.35060923686194
H            0.29648173818042       -1.61927475580731        0.63256538550474
H           -0.10885340198377       -1.83337651869995       -1.07396028168225
H            2.34080766871518       -1.99912598281795       -0.71664671616532
H            1.94393860728998       -0.61263137090007       -1.73529303253530
H            2.52455673585182       -0.52112823612172        1.25839369627408
H            3.60965469927101        0.02947741469968       -0.02171401632811
H            2.36379365134625        1.93310201704776        0.99502435785459
H            1.95866000016776        1.73799338936679       -0.71194651070201
H            0.30333314813115        0.71157573356918        1.64365879817536
H           -0.08717358950089        2.10546766548543        0.63338774257172
23
 energy: -28.350003917860 gnorm: 0.000149270245 xtb: 6.7.1 (edcfbbe)
C           -2.77273051606798        0.14769318903193       -1.02287668888768
C           -1.75674909115855       -0.01043545083842        0.07940606381873
O           -2.06097751665769       -0.29366467197383        1.21043720683621
C           -0.31291797968995        0.19687743708449       -0.34517389821785
C            0.38604986402892       -1.17051974831737       -0.35987195294131
C            1.85887220881269       -1.01861287652066       -0.72490372833788
C            2.56005292062177       -0.08643109836323        0.25777123661289
C            1.87372692955080        1.27547151316627        0.27559394320449
C            0.40063157242860        1.12812820468780        0.63960067721969
H           -3.76632687780829       -0.10873116318838       -0.66530704971399
H           -2.76770460375889        1.18104768403266       -1.36531531642964
H           -2.50665764918346       -0.48776772038381       -1.86478754760555
H           -0.27744520219948        0.62803601267389       -1.35025401578676
H            0.29552170022774       -1.61861508005385        0.63160170567506
H           -0.11012229207307       -1.83150906000138       -1.07499621053647
H            2.33935870758574       -1.99904146222809       -0.71809099134876
H            1.94339862161910       -0.61143441442706       -1.73557380909427
H            2.52357789490292       -0.52254961563216        1.25827754834397
H            3.60956273127211        0.02789705795663       -0.02110800371761
H            2.36508113914416        1.93206499515438        0.99615987129876
H            1.96006728073924        1.73811813422697       -0.71096488543539
H            0.30355648190201        0.71228142509597        1.64396404815889
H           -0.08563485264421        2.10668073632762        0.63392312886548
23
 energy: -28.350005964897 gnorm: 0.000156068405 xtb: 6.7.1 (edcfbbe)
C           -2.77252682210813        0.14514729024410       -1.02319901958079
C           -1.75668349970397       -0.00860451539334        0.07979255771031
O           -2.06102960595195       -0.28884482874246        1.21154678454471
C           -0.31291005914270        0.19850864562213       -0.34500137984984
C            0.38522533488858       -1.16934218513952       -0.36060003485460
C            1.85814802608451       -1.01815921329365       -0.72553736371828
C            2.55987865717889       -0.08723492338038        0.25790547750609
C            1.87463847730558        1.27518520188706        0.27635825720675
C            0.40136575005073        1.12881742170752        0.64006341133999
H           -3.76576578681342       -0.11218292514111       -0.66523532539680
H           -2.76930316954553        1.17773173136265       -1.36794645829043
H           -2.50519301851183       -0.49168470851135       -1.86365852407951
H           -0.27750219263873        0.63006007814059       -1.34990947139625
H            0.29445175413003       -1.61799903203805        0.63059205835345
H           -0.11141145776989       -1.82954008784051       -1.07612245172219
H            2.33798065161416       -1.99890723990755       -0.71948465029988
H            1.94299950150795       -0.61022951547603       -1.73586441372280
H            2.52274120256269       -0.52395591041557        1.25811852020496
H            3.60955933807125        0.02640507243485       -0.02059739438259
H            2.36639323105648        1.93097753940676        0.99737146844689
H            1.96154280735323        1.73829914128295       -0.70992626257035
H            0.30374681415281        0.71280455727871        1.64429663156069
H           -0.08415446217652        2.10773243342257        0.63454891497147
23
 energy: -28.350008109128 gnorm: 0.000153108749 xtb: 6.7.1 (edcfbbe)
C           -2.77228904511066        0.14251474108635       -1.02357467576569
C           -1.75661801440457       -0.00662934497625        0.08021719995631
O           -2.06111437994729       -0.28362034383667        1.21274846042479
C           -0.31289294268896        0.20017876399581       -0.34481557001622
C            0.38435535214993       -1.16816796671819       -0.36138979607707
C            1.85739167335102       -1.01772884155615       -0.72618945077387
C            2.55970760932130       -0.08802216991701        0.25798352583276
C            1.87552275522566        1.27491878594218        0.27718189760256
C            0.40209165882671        1.12950744609500        0.64060926196252
H           -3.76522163072611       -0.11550196451988       -0.66518496554028
H           -2.77072251968840        1.17423967435011       -1.37090919897045
H           -2.50371263724133       -0.49598828634968       -1.86236341358884
H           -0.27758331434807        0.63217492917357       -1.34953071648856
H            0.29337939990501       -1.61744745167014        0.62950230265542
H           -0.11269093979943       -1.82756893574593       -1.07735510799944
H            2.33652401723430       -1.99882215866748       -0.72083838982343
H            1.94256053843042       -0.60909458317923       -1.73619490631097
H            2.52203496538508       -0.52536383204339        1.25789857614481
H            3.60952548976608        0.02495950660032       -0.02026740770151
H            2.36765645838538        1.92986484954999        0.99869621278953
H            1.96295196375958        1.73858286355833       -0.70879352605993
H            0.30401595008023        0.71320673995227        1.64467255219097
H           -0.08268093627163        2.10879160638643        0.63540846753758
23
 energy: -28.350010422616 gnorm: 0.000151511592 xtb: 6.7.1 (edcfbbe)
C           -2.77203032427951        0.13971494061482       -1.02404864551916
C           -1.75663764149800       -0.00451870708916        0.08066907632357
O           -2.06138199939727       -0.27783974093165        1.21403013911228
C           -0.31292904525567        0.20192421434618       -0.34453657632764
C            0.38340116673490       -1.16692533314863       -0.36218755124230
C            1.85656832846529       -1.01726542228098       -0.72688140022619
C            2.55959060433017       -0.08878862147002        0.25796561128727
C            1.87644127119516        1.27466594933556        0.27807555969774
C            0.40287381983924        1.13013675904693        0.64129953105837
H           -3.76472344902523       -0.11870744856981       -0.66523431161380
H           -2.77192587575567        1.17042757638146       -1.37437417130811
H           -2.50217656342192       -0.50082985410504       -1.86086096272725
H           -0.27766369831067        0.63441045230654       -1.34903918012131
H            0.29220965248527       -1.61689294070109        0.62837563370220
H           -0.11407625586048       -1.82547614647586       -1.07863304933127
H            2.33497978965537       -1.99871746432174       -0.72220668717271
H            1.94204985495320       -0.60798083695367       -1.73658995452274
H            2.52155423308525       -0.52678662025922        1.25757587073086
H            3.60950143254255        0.02358264771074       -0.02018701790983
H            2.36901543868973        1.92869632495522        1.00011833777371
H            1.96432000458193        1.73897599709917       -0.70755455254138
H            0.30440404368456        0.71340001502394        1.64513950679643
H           -0.08117331584399        2.10977828699664        0.63659612606223
23
 energy: -28.350011815154 gnorm: 0.000147872425 xtb: 6.7.1 (edcfbbe)
C           -2.77186734221530        0.13814380061616       -1.02459275735129
C           -1.75682306729242       -0.00344298224825        0.08097618281667
O           -2.06175121596566       -0.27564394540620        1.21454703736557
C           -0.31303807855952        0.20304704153517       -0.34409380071192
C            0.38266252344690       -1.16610418891174       -0.36222929298238
C            1.85584119201976       -1.01701111848395       -0.72728524118572
C            2.55965438148102       -0.08914731536998        0.25766370195223
C            1.87704210281907        1.27464006295213        0.27861460541031
C            0.40340226221130        1.13072609655621        0.64192348544367
H           -3.76456704665335       -0.12080230537731       -0.66617667374781
H           -2.77246887762851        1.16832438167703       -1.37654646041908
H           -2.50061995369440       -0.50352334420334       -1.86010051056046
H           -0.27780933584400        0.63569010075740       -1.34855461124904
H            0.29149265944022       -1.61633342031656        0.62825619035545
H           -0.11521997433953       -1.82427063393849       -1.07877760926534
H            2.33371626576854       -1.99874629034874       -0.72302648944568
H            1.94122924575050       -0.60747428945869       -1.73693880330168
H            2.52176613010883       -0.52758289293722        1.25711809895735
H            3.60953088053325        0.02282248115891       -0.02083777713637
H            2.37008430601932        1.92806779623696        1.00091171128478
H            1.96508613314205        1.73938906493838       -0.70681288385971
H            0.30501044523605        0.71359189214894        1.64563370244168
H           -0.08016216418987        2.11062403593352        0.63783952716974
23
 energy: -28.350013550798 gnorm: 0.000184993048 xtb: 6.7.1 (edcfbbe)
C           -2.77141506789547        0.13621735814669       -1.02539865742344
C           -1.75708700682832       -0.00234732087433        0.08138397432090
O           -2.06257574002786       -0.27179883423374        1.21545149217432
C           -0.31320552255164        0.20432640998314       -0.34338635387190
C            0.38178257494611       -1.16519677669825       -0.36226112724887
C            1.85493682451014       -1.01671409551607       -0.72781653837776
C            2.55970158736712       -0.08948177889762        0.25710735437674
C            1.87758283147574        1.27458582718653        0.27919586352819
C            0.40399979043768        1.13104929236134        0.64298667273522
H           -3.76430636605918       -0.12256139067986       -0.66742714409084
H           -2.77229679090122        1.16557722486019       -1.37977317281412
H           -2.49878939904365       -0.50730951297554       -1.85903917504649
H           -0.27794419031797        0.63737912486513       -1.34768783594047
H            0.29080141844533       -1.61577406963656        0.62810936065690
H           -0.11660412792196       -1.82294508329957       -1.07886852161072
H            2.33229546491491       -1.99871741416899       -0.72402284123629
H            1.94010022302981       -0.60693430177444       -1.73740895425166
H            2.52239842957058       -0.52840012612937        1.25639196171004
H            3.60941650780887        0.02228589007123       -0.02211111737787
H            2.37116318563301        1.92728453062958        1.00180160114462
H            1.96555512939985        1.74000772046100       -0.70594072650216
H            0.30579153730792        0.71328462335194        1.64647670185410
H           -0.07910982170558        2.11116673047791        0.63974851527252
23
 energy: -28.350016245900 gnorm: 0.000209568200 xtb: 6.7.1 (edcfbbe)
C           -2.77050472236387        0.13325646430786       -1.02670743605195
C           -1.75755221374502        0.00019472962210        0.08215186793883
O           -2.06413441246290       -0.26504689314582        1.21689900156600
C           -0.31341888274901        0.20611445812619       -0.34217320863104
C            0.38051448469579       -1.16398619834890       -0.36231822930435
C            1.85359032542327       -1.01629892469804       -0.72868107575367
C            2.55975136536686       -0.08994073431124        0.25610087441935
C            1.87820347473798        1.27440368491211        0.28008141635843
C            0.40482035067248        1.13123561902138        0.64481630753901
H           -3.76371170591575       -0.12505935836616       -0.66932116196599
H           -2.77180723762853        1.16124162697907       -1.38502751835776
H           -2.49588460171126       -0.51326460204713       -1.85740068075882
H           -0.27790302990841        0.63995111340625       -1.34612762876063
H            0.28990620188405       -1.61508308600899        0.62786365232634
H           -0.11866393380833       -1.82108320654846       -1.07898185807950
H            2.33031243201534       -1.99862048379723       -0.72556252982228
H            1.93835792008547       -0.60619048417443       -1.73817168092895
H            2.52359326841722       -0.52954596521999        1.25512669295122
H            3.60914992816480        0.02171470059940       -0.02437065146970
H            2.37260444608258        1.92609378579003        1.00304274799585
H            1.96570660944429        1.74086573174064       -0.70461026100494
H            0.30701545539502        0.71242612720868        1.64790881601117
H           -0.07775405049784        2.11160592246303        0.64297387576434
23
 energy: -28.350019637803 gnorm: 0.000174707251 xtb: 6.7.1 (edcfbbe)
C           -2.76926994208610        0.12943299025340       -1.02836477864652
C           -1.75804582831731        0.00340021362064        0.08286242150051
O           -2.06626879357903       -0.25577851834804        1.21855361937253
C           -0.31355051906396        0.20826254982637       -0.34061594237732
C            0.37897905450000       -1.16253810152992       -0.36231787979418
C            1.85184699562449       -1.01562385450083       -0.72985458210049
C            2.55973332356207       -0.09050779853069        0.25484959558791
C            1.87898989572449        1.27417570045769        0.28132781816715
C            0.40586982833500        1.13142488534582        0.64717448214425
H           -3.76277729047802       -0.12814363985939       -0.67129078292271
H           -2.77119404715145        1.15556843781370       -1.39198288959821
H           -2.49256836091451       -0.52098376898000       -1.85529724463418
H           -0.27741119500060        0.64295732648304       -1.34417118260846
H            0.28884094168940       -1.61432084335962        0.62758670182856
H           -0.12127420901296       -1.81865054068253       -1.07909976147633
H            2.32781306168574       -1.99830875907592       -0.72772844873353
H            1.93606202352302       -0.60501088324415       -1.73916999601384
H            2.52493030304411       -0.53109709614503        1.25347115670514
H            3.60875784661337        0.02093504437586       -0.02711442332070
H            2.37456643720257        1.92464168262763        1.00457719194931
H            1.96565884699906        1.74184198648520       -0.70284901649842
H            0.30866205232695        0.71124446855410        1.64971534275678
H           -0.07615895363210        2.11206254592298        0.64724993069369
23
 energy: -28.350023639209 gnorm: 0.000153839690 xtb: 6.7.1 (edcfbbe)
C           -2.76786605769284        0.12467760392311       -1.03029885433516
C           -1.75859039191351        0.00756922357803        0.08364689397632
O           -2.06873233729797       -0.24429751205816        1.22048792557651
C           -0.31368647028490        0.21104987638665       -0.33884856457387
C            0.37712850497800       -1.16064509931936       -0.36245314370768
C            1.84979840853075       -1.01484197461001       -0.73126156479057
C            2.55964764764864       -0.09131190358678        0.25353124746784
C            1.88002486110963        1.27387056679929        0.28268631780411
C            0.40723726474027        1.13166128264276        0.65004537925064
H           -3.76155842736325       -0.13238310550520       -0.67335709739880
H           -2.77107957438834        1.14853076378236       -1.40034067020890
H           -2.48863489271613       -0.53030487036515       -1.85277005039903
H           -0.27672340077492        0.64681441229036       -1.34193238967455
H            0.28764250139594       -1.61333972298919        0.62708232739191
H           -0.12442627057246       -1.81560886605253       -1.07935749831852
H            2.32493693118582       -1.99794469406463       -0.73056707835761
H            1.93327042299792       -0.60336975956817       -1.74027290015351
H            2.52606184001418       -0.53311703886505        1.25165519488570
H            3.60833015062160        0.01976127773462       -0.02985768884578
H            2.37697173010336        1.92284048241151        1.00630906939847
H            1.96594834516449        1.74294741395862       -0.70089952998551
H            0.31057342033910        0.70980336136311        1.65193238834102
H           -0.07408273423112        2.11262230962413        0.65235161863789
23
 energy: -28.350027446294 gnorm: 0.000142972452 xtb: 6.7.1 (edcfbbe)
C           -2.76657765956419        0.11994783777982       -1.03196576802076
C           -1.75900209689936        0.01148482045611        0.08436452913375
O           -2.07083361440412       -0.23326485571784        1.22229805268943
C           -0.31378703361436        0.21380097476872       -0.33732308176546
C            0.37532875467448       -1.15878543107551       -0.36276930896686
C            1.84783410406067       -1.01395542223957       -0.73270059778243
C            2.55950793277673       -0.09224322350396        0.25247599999014
C            1.88116445895635        1.27350092831397        0.28413084852877
C            0.40857970494912        1.13213245427367        0.65245716745134
H           -3.76030576813122       -0.13701651760823       -0.67505268292496
H           -2.77141723082363        1.14163255279817       -1.40790822920563
H           -2.48480415709686       -0.53912015963107       -1.85028981498935
H           -0.27614368536381        0.65060650848023       -1.33992917489997
H            0.28626593646683       -1.61228110445544        0.62643351255463
H           -0.12744946715651       -1.81262494080831       -1.07982834327424
H            2.32203922942977       -1.99749669020584       -0.73346574568287
H            1.93085701756162       -0.60148872958476       -1.74133203786720
H            2.52659793486404       -0.53517935149453        1.25010458578699
H            3.60798748855676        0.01822840888479       -0.03188038315334
H            2.37939668153344        1.92108452874464        1.00810558632057
H            1.96652004258398        1.74377931020495       -0.69891021434817
H            0.31235246623617        0.70877043836291        1.65371435795324
H           -0.07191956800164        2.11347169076737        0.65678207445327
23
 energy: -28.350030747445 gnorm: 0.000134087187 xtb: 6.7.1 (edcfbbe)
C           -2.76561868792696        0.11584247643845       -1.03315613976303
C           -1.75927663037806        0.01478303340408        0.08495791939809
O           -2.07230222265571       -0.22417813151105        1.22377611885763
C           -0.31386439909852        0.21627458121957       -0.33626888223916
C            0.37383861555510       -1.15703369208927       -0.36322216300459
C            1.84625770893387       -1.01321615783319       -0.73387002956202
C            2.55928823453336       -0.09317411801124        0.25187152830935
C            1.88226118355980        1.27317640969967        0.28527673843920
C            0.40976415786211        1.13267925077966        0.65427608297798
H           -3.75921694286833       -0.14164217346222       -0.67624419896420
H           -2.77229835231511        1.13580079215295       -1.41369901752808
H           -2.48147589800877       -0.54623047800624       -1.84818708192460
H           -0.27581411713558        0.65385460381469       -1.33853111046341
H            0.28501051443513       -1.61129297868193        0.62565378130924
H           -0.12992239331029       -1.80981262926555       -1.08053001300513
H            2.31957303239743       -1.99718766980550       -0.73598064025800
H            1.92902300780330       -0.59973600807889       -1.74209913126884
H            2.52651735030936       -0.53714997330227        1.24904334424197
H            3.60770686744201        0.01659755071125       -0.03295668099499
H            2.38151082869984        1.91954641605447        1.00962247201055
H            1.96749459040972        1.74439321594894       -0.69733005512605
H            0.31362541457343        0.70828554275741        1.65509711502842
H           -0.06989039122289        2.11440416457652        0.66001137551058
23
 energy: -28.350033585210 gnorm: 0.000127057020 xtb: 6.7.1 (edcfbbe)
C           -2.76492864004501        0.11241599963204       -1.03388772407290
C           -1.75940287863633        0.01735667484123        0.08547178978421
O           -2.07316326403254       -0.21703104599645        1.22502591529926
C           -0.31390250660711        0.21837398241406       -0.33560092274800
C            0.37259865913652       -1.15555640040646       -0.36385106251424
C            1.84502716167121       -1.01258771898888       -0.73479464528231
C            2.55908685743988       -0.09407325123009        0.25161700618428
C            1.88327477908695        1.27283857462497        0.28623476032974
C            0.41072166398321        1.13339567996904        0.65541370954796
H           -3.75825415388986       -0.14606366021373       -0.67693318742864
H           -2.77361985474935        1.13110838196501       -1.41771493539770
H           -2.47867937264342       -0.55161432446135       -1.84654746353630
H           -0.27570625498633        0.65657004701364       -1.33759054133296
H            0.28379991593423       -1.61049265086495        0.62471588168221
H           -0.13187955509954       -1.80743342529901       -1.08146931554462
H            2.31754155130374       -1.99693841280492       -0.73801520061733
H            1.92781878640313       -0.59818397854403       -1.74263680136001
H            2.52597903971892       -0.53884845087517        1.24841653493398
H            3.60758677489524        0.01495156394909       -0.03319566144753
H            2.38325840864789        1.91821086421853        1.01095286507135
H            1.96873917094877        1.74471638590112       -0.69603199553086
H            0.31439356088798        0.70835401799785        1.65593276110542
H           -0.06809837777393        2.11551517466874        0.66199956485590
23
 energy: -28.350036180171 gnorm: 0.000123423097 xtb: 6.7.1 (edcfbbe)
C           -2.76448805611548        0.10938431106239       -1.03431259269204
C           -1.75944905088565        0.01952860053275        0.08592069358328
O           -2.07359161928415       -0.21110387155366        1.22612123256929
C           -0.31393443657178        0.22026377534830       -0.33524355603267
C            0.37156997964004       -1.15417620205782       -0.36455238873552
C            1.84406750157429       -1.01206799353409       -0.73557918187889
C            2.55882153266622       -0.09497669881682        0.25164049035383
C            1.88428777355535        1.27254479636389        0.28708412471542
C            0.41159687166357        1.13415933919135        0.65610097870526
H           -3.75741740145895       -0.15057632168172       -0.67731661760815
H           -2.77542833774319        1.12716404387247       -1.42048392629847
H           -2.47617839622707       -0.55582016740139       -1.84525763284634
H           -0.27579754574518        0.65893818713918       -1.33703212149995
H            0.28258188188632       -1.60978785403869        0.62369826013080
H           -0.13345548122997       -1.80516179721094       -1.08258609307789
H            2.31578352314213       -1.99679882170931       -0.73972975000570
H            1.92710429220262       -0.59679957687018       -1.74304827664453
H            2.52508749434777       -0.54044885366795        1.24811429127956
H            3.60747755640268        0.01323782341266       -0.03289038082743
H            2.38481727052007        1.91704308972474        1.01220576621667
H            1.97021407769713        1.74492367287446       -0.69490332694308
H            0.31488245152263        0.70882856078591        1.65645936139887
H           -0.06636040996514        2.11668598574475        0.66310197811858
23
 energy: -28.350038755727 gnorm: 0.000114816518 xtb: 6.7.1 (edcfbbe)
C           -2.76411825968547        0.10640867894564       -1.03456262929420
C           -1.75940034192859        0.02154445200520        0.08637109299712
O           -2.07374565747266       -0.20552764613130        1.22723137471677
C           -0.31392849757886        0.22216070725171       -0.33503924642413
C            0.37053706361321       -1.15281253379510       -0.36544556017260
C            1.84317518292898       -1.01157530063738       -0.73623565582033
C            2.55859783220707       -0.09592646307419        0.25182190062009
C            1.88530997655058        1.27218846759828        0.28785418354141
C            0.41240840432345        1.13508829873862        0.65657063814480
H           -3.75650064884777       -0.15556988421015       -0.67751624506405
H           -2.77774065272010        1.12348576159917       -1.42252296733001
H           -2.47362521048376       -0.55941904079435       -1.84419856036432
H           -0.27597734471240        0.66127225726293       -1.33664817037686
H            0.28125510693841       -1.60911678235341        0.62246503829177
H           -0.13495119051662       -1.80289047426956       -1.08398140046380
H            2.31405929028764       -1.99670070030977       -0.74122465675464
H            1.92660723464724       -0.59548467364891       -1.74333041916921
H            2.52400343898368       -0.54204310624639        1.24798097675891
H            3.60747734619607        0.01140706264969       -0.03222645471076
H            2.38630535111910        1.91579815374504        1.01343793703505
H            1.97195302615749        1.74502180914467       -0.69385631840416
H            0.31511917011413        0.70961034021273        1.65681442483915
H           -0.06462914852658        2.11806464382710        0.66375204938488
23
 energy: -28.350041438562 gnorm: 0.000106179118 xtb: 6.7.1 (edcfbbe)
C           -2.76379888614665        0.10324822004957       -1.03475935629263
C           -1.75934928382553        0.02361536238044        0.08682041023480
O           -2.07383671704116       -0.19973138169266        1.22837430091396
C           -0.31394931176846        0.22418430562483       -0.33489711422701
C            0.36947437357549       -1.15133084844584       -0.36639608963769
C            1.84228254735539       -1.01113242716649       -0.73693653299216
C            2.55827267813577       -0.09697197242169        0.25207734371105
C            1.88648335137739        1.27185974279421        0.28870926729698
C            0.41332497897956        1.13610187042047        0.65690755412506
H           -3.75547984468009       -0.16136259067418       -0.67770205385344
H           -2.78066208030251        1.11973834159110       -1.42414097920793
H           -2.47078009988890       -0.56275769252318       -1.84332009383200
H           -0.27622422495950        0.66376003998727       -1.33631349770557
H            0.27975535822201       -1.60840676606935        0.62112787068922
H           -0.13646049247123       -1.80041599048013       -1.08551092367423
H            2.31223979027052       -1.99670009201016       -0.74271892632319
H            1.92626277371204       -0.59420793246240       -1.74364343997781
H            2.52270837797533       -0.54370362492958        1.24792935062801
H            3.60740491692006        0.00938803966017       -0.03138715624673
H            2.38793331765562        1.91456230265225        1.01479179755835
H            1.97393735169132        1.74510600745044       -0.69272890525346
H            0.31534121980585        0.71057153608064        1.65706051494781
H           -0.06268862299804        2.11956957769454        0.66416799109952
23
 energy: -28.350044248742 gnorm: 0.000102446280 xtb: 6.7.1 (edcfbbe)
C           -2.76342053139820        0.09981860461340       -1.03497476938764
C           -1.75924994873354        0.02591692515181        0.08728749430542
O           -2.07389970773299       -0.19336384534493        1.22958158311506
C           -0.31392979206223        0.22639850422894       -0.33478602489881
C            0.36829301643589       -1.14973027121721       -0.36742097480905
C            1.84129269223503       -1.01062532616463       -0.73761933939707
C            2.55799070049783       -0.09811142565187        0.25237867052583
C            1.88768996274625        1.27143631951756        0.28953660729284
C            0.41428317576233        1.13720447986949        0.65732233022277
H           -3.75425197725119       -0.16809873838355       -0.67799884437259
H           -2.78415664262610        1.11579713818275       -1.42556699318310
H           -2.46743056783664       -0.56599455894989       -1.84259270437530
H           -0.27647812304860        0.66642602273250       -1.33602580191302
H            0.27808792116920       -1.60759867801414        0.61970786496318
H           -0.13815386882104       -1.79771736929139       -1.08717115855064
H            2.31021876474943       -1.99667938969074       -0.74419528520179
H            1.92587815207881       -0.59287174627290       -1.74393433497548
H            2.52138261346627       -0.54553775752742        1.24789258713239
H            3.60738665763803        0.00716884975125       -0.03052420182560
H            2.38964728409953        1.91313892477269        1.01614984564091
H            1.97600948218825        1.74515965106724       -0.69160270252840
H            0.31561564480624        0.71163549768094        1.65740085365698
H           -0.06061343676829        2.12121221645034        0.66466663054403
23
 energy: -28.350047160462 gnorm: 0.000110322395 xtb: 6.7.1 (edcfbbe)
C           -2.76296795775215        0.09610377919040       -1.03529739926040
C           -1.75923771514720        0.02844477538360        0.08780394191222
O           -2.07419997426144       -0.18632614028324        1.23087751348562
C           -0.31395790985037        0.22876322486569       -0.33451057011301
C            0.36699245051969       -1.14802063868851       -0.36846126939884
C            1.84018982159529       -1.01020428397146       -0.73836176761302
C            2.55764716379039       -0.09929161299572        0.25256035113503
C            1.88904371478580        1.27106277722190        0.29047506179821
C            0.41536459486207        1.13838908549698        0.65780828590251
H           -3.75282586457083       -0.17566626140236       -0.67853133392436
H           -2.78809980773435        1.11159073445089       -1.42697497761466
H           -2.46354979644048       -0.56925299488423       -1.84200909032820
H           -0.27667938281187        0.66933047504628       -1.33551892120131
H            0.27633254925822       -1.60672203859720        0.61824350558485
H           -0.14000580323252       -1.79489557556558       -1.08882076606717
H            2.30801838106677       -1.99678357728451       -0.74580828117260
H            1.92534273791217       -0.59159071492701       -1.74426803699492
H            2.52005190986201       -0.54738789282895        1.24773501599992
H            3.60729682260256        0.00487756937905       -0.02979639368215
H            2.39160309450694        1.91172433664726        1.01759918833157
H            1.97824824999254        1.74523567746672       -0.69036427132912
H            0.31595295372212        0.71264856148804        1.65773615583483
H           -0.05836876108108        2.12295476230221        0.66539539069589
23
 energy: -28.350050125943 gnorm: 0.000116072476 xtb: 6.7.1 (edcfbbe)
C           -2.76236567179464        0.09216729795038       -1.03574765905799
C           -1.75922175684662        0.03121297382795        0.08830516910839
O           -2.07464483219083       -0.17859398046380        1.23217034386102
C           -0.31396166475868        0.23126356228693       -0.33420087398361
C            0.36557479399605       -1.14624020002478       -0.36934853568830
C            1.83892062457581       -1.00965055049718       -0.73917927014187
C            2.55734323041735       -0.10053846148877        0.25268668412493
C            1.89036400542682        1.27058692110863        0.29138242729936
C            0.41649360217162        1.13951046473183        0.65850066387152
H           -3.75117583910853       -0.18387110797312       -0.67933705608723
H           -2.79228013092048        1.10714711389952       -1.42845331975228
H           -2.45911832098934       -0.57251659381694       -1.84155280848782
H           -0.27683812910695        0.67238534647998       -1.33499022066192
H            0.27448720467160       -1.60577417820262        0.61695321412196
H           -0.14208630425912       -1.79194205725808       -1.09029196186081
H            2.30561617073170       -1.99675495676671       -0.74747813242862
H            1.92461468394010       -0.59020957508786       -1.74470721568678
H            2.51889288042980       -0.54936529441731        1.24751246077833
H            3.60720012543251        0.00250064245423       -0.02932082292949
H            2.39360345118358        1.91014430927696        1.01900459521275
H            1.98027798294003        1.74532091228181       -0.68912924918047
H            0.31653722353941        0.71355783591088        1.65829289373928
H           -0.05604185788690        2.12464360329832        0.66644000581054
23
 energy: -28.350053261434 gnorm: 0.000123752599 xtb: 6.7.1 (edcfbbe)
C           -2.76158889962950        0.08785181388503       -1.03638440093471
C           -1.75930733245629        0.03432749330247        0.08886764430139
O           -2.07547867582942       -0.16978713504537        1.23355781503917
C           -0.31399197843523        0.23394537640244       -0.33362667573477
C            0.36400314552342       -1.14432802820769       -0.37025664550057
C            1.83749059551050       -1.00917898692143       -0.74003719500105
C            2.55700598026702       -0.10179582727040        0.25260095755760
C            1.89177826299167        1.27015388877441        0.29239422968166
C            0.41774260461440        1.14066379645093        0.65945654114973
H           -3.74926565975528       -0.19289916916255       -0.68049954161436
H           -2.79675091545547        1.10225570422967       -1.43023701530648
H           -2.45402259861715       -0.57605842053747       -1.84115988125517
H           -0.27687489260797        0.67567305874375       -1.33415077664677
H            0.27260882967578       -1.60465397850907        0.61564752491825
H           -0.14446029111651       -1.78883515734801       -1.09170455498997
H            2.30297548600132       -1.99685854244431       -0.74936732981050
H            1.92355607559083       -0.58883631117564       -1.74514324621107
H            2.51785846878330       -0.55144833156435        1.24702544109797
H            3.60702504863808        0.00008293519049       -0.02921659580887
H            2.39585460816581        1.90851769555689        1.02049104969211
H            1.98231735026771        1.74549994157219       -0.68776427488672
H            0.31727717390551        0.71431654227509        1.65902511250077
H           -0.05356091443823        2.12637566931318        0.66799314974324
23
 energy: -28.350056631844 gnorm: 0.000143876332 xtb: 6.7.1 (edcfbbe)
C           -2.76058480987641        0.08304302229137       -1.03726369078310
C           -1.75947737587934        0.03790890218963        0.08946427279451
O           -2.07669949932193       -0.15962324827570        1.23502732826744
C           -0.31404426279826        0.23689808290547       -0.33286251476617
C            0.36220966967523       -1.14225720466867       -0.37097785052851
C            1.83575720801204       -1.00855940776536       -0.74110074370204
C            2.55667597907465       -0.10316503230917        0.25234901672434
C            1.89328123167254        1.26962603406186        0.29349687908405
C            0.41912690503514        1.14179695584826        0.66071689059768
H           -3.74702778019501       -0.20282714583318       -0.68204070730296
H           -2.80147428286969        1.09671916021816       -1.43251843727795
H           -2.44816488199526       -0.58008989766453       -1.84077593461610
H           -0.27680462235527        0.67939310139426       -1.33306288425469
H            0.27061688043992       -1.60348071629007        0.61450946419228
H           -0.14717944478645       -1.78548681275415       -1.09289519883614
H            2.29997034081261       -1.99682437346673       -0.75153607901433
H            1.92210565344712       -0.58731064771362       -1.74581292972705
H            2.51705805553059       -0.55367393560662        1.24637367237478
H            3.60679187518721       -0.00242602674265       -0.02950824418777
H            2.39836935491627        1.90664171344135        1.02206897183727
H            1.98432499220477        1.74572757814509       -0.68625170628699
H            0.31825246616180        0.71484733291128        1.65998559540769
H           -0.05089218049800        2.12810659319392        0.67012616198463
23
 energy: -28.350060298405 gnorm: 0.000154670728 xtb: 6.7.1 (edcfbbe)
C           -2.75930891818463        0.07758531990920       -1.03839931689210
C           -1.75973405282279        0.04207266683450        0.09009731382660
O           -2.07837768631363       -0.14775093669989        1.23656543183657
C           -0.31410441149779        0.24020763466575       -0.33183242209854
C            0.36013931014430       -1.13993627571842       -0.37172670185087
C            1.83374317906784       -1.00793031072193       -0.74227321700059
C            2.55632892726752       -0.10461166404884        0.25183184033858
C            1.89488691355464        1.26908363634517        0.29478838417715
C            0.42069619686366        1.14295213687001        0.66240114194333
H           -3.74441716150740       -0.21383662015466       -0.68397912453995
H           -2.80647088543519        1.09029535977464       -1.43552675411980
H           -2.44139424226191       -0.58488986505762       -1.84025971525900
H           -0.27659833702051        0.68350753596910       -1.33167746082410
H            0.26842907539751       -1.60200590534098        0.61335413957139
H           -0.15043607367103       -1.78179692730122       -1.09402204488407
H            2.29654392200431       -1.99685088690240       -0.75402246821314
H            1.92024396615665       -0.58565673720691       -1.74653012267050
H            2.51647106931303       -0.55621757101609        1.24534865664043
H            3.60647587742353       -0.00510041235078       -0.03035202641264
H            2.40115371311918        1.90457481842341        1.02387326592010
H            1.98621128356157        1.74615615107517       -0.68446372194089
H            0.31961611932091        0.71522319408772        1.66131002331965
H           -0.04790631288545        2.12990968607530        0.67300623111323
23
 energy: -28.350064217047 gnorm: 0.000184599599 xtb: 6.7.1 (edcfbbe)
C           -2.75774552842582        0.07138878873947       -1.03981485975229
C           -1.76012807406178        0.04691245688870        0.09080455020392
O           -2.08060488525759       -0.13398375649646        1.23821590133507
C           -0.31420564495167        0.24392768779929       -0.33050484627840
C            0.35778132323831       -1.13732959826907       -0.37233915909660
C            1.83134155567636       -1.00712326950064       -0.74371941618051
C            2.55596548385274       -0.10620063773538        0.25110218334564
C            1.89666997689409        1.26844887258360        0.29624703323175
C            0.42244835605325        1.14414603915439        0.66448672896009
H           -3.74140698627896       -0.22592856657536       -0.68628913755285
H           -2.81169303711462        1.08280068017023       -1.43949728844946
H           -2.43372744382980       -0.59069776835503       -1.83950306173441
H           -0.27623510428582        0.68828001675494       -1.32988751472724
H            0.26610302400541       -1.60041183561304        0.61229120410742
H           -0.15412100355567       -1.77766686778673       -1.09502368957738
H            2.29257678358118       -1.99675952335559       -0.75695416837893
H            1.91782596478182       -0.58377978317835       -1.74753173364789
H            2.51612128441124       -0.55897745508886        1.24409241955073
H            3.60606318841795       -0.00792129647734       -0.03168730931434
H            2.40440611435704        1.90212183953160        1.02589185525747
H            1.98829733794951        1.74667372839660       -0.68241942345151
H            0.32112813495439        0.71528725793177        1.66288028864180
H           -0.04466934881727        2.13177701799148        0.67667077548878
23
 energy: -28.350068257148 gnorm: 0.000211428594 xtb: 6.7.1 (edcfbbe)
C           -2.75586402141743        0.06440331006963       -1.04146989587339
C           -1.76059866797719        0.05245199131055        0.09151902692885
O           -2.08328835801645       -0.11824095762265        1.23987498816800
C           -0.31431210291664        0.24811353133536       -0.32896624881801
C            0.35506211967934       -1.13441127569800       -0.37303134034673
C            1.82859263174258       -1.00626486364523       -0.74532421331432
C            2.55557469527358       -0.10792182139869        0.25009639018965
C            1.89858573283654        1.26776910842076        0.29798093532937
C            0.42442474001607        1.14537590883597        0.66702130408130
H           -3.73797299914627       -0.23900148731612       -0.68882336890020
H           -2.81701753058494        1.07409119065514       -1.44456070687559
H           -2.42518465219187       -0.59774311268830       -1.83833557738805
H           -0.27576739915164        0.69358672139836       -1.32785135332181
H            0.26346355943145       -1.59851887729493        0.61112608403386
H           -0.15844226236103       -1.77309693794074       -1.09602375943878
H            2.28812536471259       -1.99667525910075       -0.76028768839323
H            1.91501434930192       -0.58166803470869       -1.74860225437192
H            2.51595293599626       -0.56217228083328        1.24242019958704
H            3.60556686894896       -0.01095352870968       -0.03354789658972
H            2.40790236969813        1.89941581401806        1.02827500522329
H            1.99025450870182        1.74745702541011       -0.67996511757743
H            0.32311333365308        0.71522468978136        1.66485094284833
H           -0.04099374463455        2.13376317323193        0.68113587680030
23
 energy: -28.350072161408 gnorm: 0.000235257611 xtb: 6.7.1 (edcfbbe)
C           -2.75374267952755        0.05669268892800       -1.04328269814481
C           -1.76120233637225        0.05861566588833        0.09228456948847
O           -2.08646915792878       -0.10076924541866        1.24153769445831
C           -0.31445917520766        0.25269988454740       -0.32715585877139
C            0.35212233959006       -1.13115685725900       -0.37370286394958
C            1.82553750927593       -1.00518323414289       -0.74721366267368
C            2.55514779230698       -0.10978728508114        0.24896609615243
C            1.90067893944473        1.26699581357834        0.29989212516914
C            0.42654563641920        1.14668331024018        0.66989161934616
H           -3.73424563992265       -0.25276444658148       -0.69145596012422
H           -2.82230405291764        1.06417718785054       -1.45078341838726
H           -2.41604733902124       -0.60609164296711       -1.83661359649210
H           -0.27514793041092        0.69952305511253       -1.32543079691817
H            0.26067040723900       -1.59644496792841        0.60993241991103
H           -0.16309242687705       -1.76800468082977       -1.09707593638367
H            2.28316189886676       -1.99645339662683       -0.76408966645014
H            1.91174894672548       -0.57926055965965       -1.74995094703091
H            2.51589481739167       -0.56561560193919        1.24058972460808
H            3.60497586612128       -0.01420772343271       -0.03575526268925
H            2.41186655359013        1.89627196910955        1.03092917974793
H            1.99255717247387        1.74830991345851       -0.67724263426798
H            0.32509758207896        0.71490599365270        1.66699681829146
H           -0.03710325174397        2.13584818701091        0.68624438709096
23
 energy: -28.350075676763 gnorm: 0.000292520075 xtb: 6.7.1 (edcfbbe)
C           -2.75133219922014        0.04821204512904       -1.04519313333959
C           -1.76182708399992        0.06545450293745        0.09302113864792
O           -2.08994199660521       -0.08142347594289        1.24314612352298
C           -0.31459261849748        0.25775154041281       -0.32531499868329
C            0.34883100810417       -1.12761116008437       -0.37455264978910
C            1.82215821924112       -1.00402085556945       -0.74926283544123
C            2.55465724688746       -0.11181302720923        0.24765233935626
C            1.90292929878235        1.26616667250266        0.30213154291403
C            0.42886542835137        1.14804358568429        0.67306429842867
H           -3.73014188521110       -0.26710993280484       -0.69390785458219
H           -2.82744451920737        1.05292502612848       -1.45825806557839
H           -2.40638946101710       -0.61597695875029       -1.83417029047497
H           -0.27449165585755        0.70605007533431       -1.32293595006569
H            0.25755232961037       -1.59422410594927        0.60848237546136
H           -0.16827036894474       -1.76244949103903       -1.09831181882212
H            2.27775030088092       -1.99619341376355       -0.76834327046191
H            1.90822202523251       -0.57650217275806       -1.75132409839735
H            2.51579168847050       -0.56952585138868        1.23841858727770
H            3.60431699737173       -0.01767661910906       -0.03817683423379
H            2.41600444811032        1.89287212161466        1.03404626298680
H            1.99487836114457        1.74940729133542       -0.67404182140883
H            0.32742546035017        0.71454203205564        1.66941306924098
H           -0.03275955238261        2.13808619874413        0.69192921542257
23
 energy: -28.350078615019 gnorm: 0.000336916512 xtb: 6.7.1 (edcfbbe)
C           -2.74854651508903        0.03814182595275       -1.04726298074954
C           -1.76264345978420        0.07354905268073        0.09384584121216
O           -2.09417101570295       -0.05851288938741        1.24478695334663
C           -0.31478498737074        0.26371315333731       -0.32307066985372
C            0.34507893395537       -1.12328609087386       -0.37568096837265
C            1.81828224389854       -1.00246498886988       -0.75183311941703
C            2.55405760623418       -0.11425346158487        0.24625322830556
C            1.90559219445469        1.26511498263269        0.30476816301032
C            0.43153694234830        1.14969548679387        0.67676472573597
H           -3.72549544153600       -0.28325738725240       -0.69633380828409
H           -2.83290388698548        1.03918865600328       -1.46766629611545
H           -2.39548380272194       -0.62842815098916       -1.83059327961275
H           -0.27366992486806        0.71377484264834       -1.31987325726631
H            0.25386975341955       -1.59147803402710        0.60662602534519
H           -0.17416346064647       -1.75570546548180       -1.09999742095052
H            2.27142557865628       -1.99571518838152       -0.77352105536548
H            1.90414569757346       -0.57304859915821       -1.75310465440315
H            2.51555979069300       -0.57418480164250        1.23602236212257
H            3.60352303534503       -0.02190161985375       -0.04087087125625
H            2.42095733332709        1.88861443047399        1.03781715383179
H            1.99794164362822        1.75064147317075       -0.67024330631912
H            0.32983857497065        0.71405304375916        1.67214520066992
H           -0.02775536220518        2.14073375755972        0.69853336636673
23
 energy: -28.350079002980 gnorm: 0.000145349543 xtb: 6.7.1 (edcfbbe)
C           -2.74836840121013        0.03772618441485       -1.04706903775229
C           -1.76257247859504        0.07417770043878        0.09370833092910
O           -2.09422022479548       -0.05721502798358        1.24449905846825
C           -0.31469977695789        0.26388779961453       -0.32325634720875
C            0.34501257661890       -1.12316959248202       -0.37590502356864
C            1.81818419709211       -1.00228554880648       -0.75200995036193
C            2.55391460298979       -0.11438243008565        0.24629616519204
C            1.90565278873113        1.26501926961474        0.30504693041604
C            0.43156786714822        1.14964391859450        0.67678341054839
H           -3.72534560193685       -0.28291712614042       -0.69549727344974
H           -2.83247169675746        1.03810655839360       -1.46872437824334
H           -2.39573439261384       -0.62981621727135       -1.82958422966518
H           -0.27347228343554        0.71402941633568       -1.32001912273608
H            0.25379109325597       -1.59152839147552        0.60630161970936
H           -0.17424649526632       -1.75540173430280       -1.10032738910435
H            2.27129421773948       -1.99551428337977       -0.77404971300252
H            1.90413508598828       -0.57251598074744       -1.75309297483208
H            2.51514455366888       -0.57454276047845        1.23591192019146
H            3.60344626663517       -0.02207061285187       -0.04055447155456
H            2.42096335810258        1.88839911154414        1.03820250083433
H            1.99805177107830        1.75065552012416       -0.66987271890833
H            0.32976871910673        0.71398514317518        1.67212602222107
H           -0.02760427499266        2.14071311126533        0.69859800385854
23
 energy: -28.350078986777 gnorm: 0.000605415441 xtb: 6.7.1 (edcfbbe)
C           -2.74817312747218        0.03724048491441       -1.04685390097169
C           -1.76249502504638        0.07487571466195        0.09356245267558
O           -2.09428198893351       -0.05570262220893        1.24420127046095
C           -0.31460575580864        0.26409113422088       -0.32345809925178
C            0.34493817264249       -1.12302932394854       -0.37617018744349
C            1.81807602373724       -1.00207338145464       -0.75221972185202
C            2.55375636809876       -0.11453256618458        0.24635016508584
C            1.90572770182655        1.26491019994757        0.30536629364102
C            0.43160640509049        1.14959184352323        0.67680836634559
H           -3.72519646996393       -0.28249690710541       -0.69454744691888
H           -2.83195579298669        1.03685569355848       -1.46997742645558
H           -2.39604711671572       -0.63145864805647       -1.82841781260362
H           -0.27325482532049        0.71432428186345       -1.32017509689556
H            0.25370218027740       -1.59158146318836        0.60592085368567
H           -0.17433948438517       -1.75504923687977       -1.10071487181612
H            2.27114795828009       -1.99527908454301       -0.77466661793730
H            1.90412086797674       -0.57189684226450       -1.75308820292256
H            2.51467231947945       -0.57495659126778        1.23579198201509
H            3.60336488425506       -0.02227311186098       -0.04018800792211
H            2.42097916893703        1.88814468528223        1.03864977172231
H            1.99819494300071        1.75067737808816       -0.66944655885406
H            0.32968537041125        0.71390614621412        1.67210422709722
H           -0.02743130578621        2.14069624419862        0.69867990109626
23
 energy: -28.350079421947 gnorm: 0.000281812214 xtb: 6.7.1 (edcfbbe)
C           -2.74820865966893        0.03689265630943       -1.04687654662192
C           -1.76252418548204        0.07482391746155        0.09367420888088
O           -2.09438074239608       -0.05480106605188        1.24455862140202
C           -0.31462672642754        0.26425503897769       -0.32336863686697
C            0.34490971365215       -1.12285133115515       -0.37641039073644
C            1.81807811976877       -1.00189596995130       -0.75240779376785
C            2.55376497191461       -0.11464466199953        0.24645430963721
C            1.90585472496031        1.26487537623954        0.30547635365544
C            0.43168387011096        1.14969422153111        0.67688077959776
H           -3.72543399713040       -0.28195689278979       -0.69428071973814
H           -2.83147863982415        1.03618470747598       -1.47106963626653
H           -2.39650508697827       -0.63286439003824       -1.82782642229747
H           -0.27329389009573        0.71454541812540       -1.32005958634610
H            0.25366011768731       -1.59151556908719        0.60562874374749
H           -0.17436946117505       -1.75480884136867       -1.10103220448689
H            2.27112450728951       -1.99512339336277       -0.77506389496969
H            1.90409152077708       -0.57151891776093       -1.75321234947266
H            2.51450049144218       -0.57517931749293        1.23586405124384
H            3.60342531384634       -0.02251270678792       -0.03995761825729
H            2.42114083883123        1.88794193930152        1.03888226174017
H            1.99849931696334        1.75075424886027       -0.66928616276635
H            0.32962159102118        0.71387268077717        1.67211142828015
H           -0.02734223749244        2.14081688029678        0.69883253639013
23
 energy: -28.350079930685 gnorm: 0.000276259906 xtb: 6.7.1 (edcfbbe)
C           -2.74828660002337        0.03568957950744       -1.04694150070739
C           -1.76265605605634        0.07583999884859        0.09392975525784
O           -2.09451925569446       -0.05243478898885        1.24520287607793
C           -0.31467970570818        0.26492319363157       -0.32318648095377
C            0.34465452483240       -1.12229394691952       -0.37700748050371
C            1.81792808672449       -1.00152422375235       -0.75287914347198
C            2.55373813113118       -0.11498225108287        0.24660373212870
C            1.90624601618643        1.26477054685684        0.30586958634800
C            0.43199864703772        1.14991535099231        0.67721208666177
H           -3.72592465123622       -0.28133985087758       -0.69377226758729
H           -2.83053703537554        1.03402057722392       -1.47399146767403
H           -2.39702839144827       -0.63672631572300       -1.82604371525776
H           -0.27349146274192        0.71556547772169       -1.31972787207678
H            0.25334478974351       -1.59140973230016        0.60484272557935
H           -0.17467983999953       -1.75390311890518       -1.10193747006605
H            2.27078990983803       -1.99486079924823       -0.77609692156731
H            1.90400880483487       -0.57056399395609       -1.75346463094824
H            2.51400015171493       -0.57583605987356        1.23589027209808
H            3.60352948593922       -0.02320740501204       -0.03949402616936
H            2.42165219276746        1.88743686054710        1.03956360420253
H            1.99925644184720        1.75091975803155       -0.66876373909222
H            0.32967734694901        0.71383741259979        1.67233225775588
H           -0.02683005966830        2.14114775818874        0.69937115194660
23
 energy: -28.350080357789 gnorm: 0.000314351129 xtb: 6.7.1 (edcfbbe)
C           -2.74817361451915        0.03432712575549       -1.04690737606066
C           -1.76264257425529        0.07643812731622        0.09405886340020
O           -2.09467183102101       -0.04969792527814        1.24552638999248
C           -0.31470009453070        0.26571297395737       -0.32311457471543
C            0.34427011813239       -1.12165440512562       -0.37760424090849
C            1.81759283371191       -1.00102488966809       -0.75337908760207
C            2.55361920835329       -0.11532286638015        0.24668994507635
C            1.90663580731404        1.26465391186164        0.30642042409309
C            0.43230840999532        1.15016975304860        0.67754921424379
H           -3.72627764800994       -0.28042583389763       -0.69301949970098
H           -2.82899589866814        1.03138291872885       -1.47728265533665
H           -2.39749748165463       -0.64113018821121       -1.82368200655049
H           -0.27362782304156        0.71669258414099       -1.31952243683921
H            0.25283098017944       -1.59129414164926        0.60399526665390
H           -0.17515517363375       -1.75275596893679       -1.10290950260624
H            2.27014052109864       -1.99449144634632       -0.77721985403888
H            1.90384099981534       -0.56943861066326       -1.75368615286908
H            2.51341231155293       -0.57662820986416        1.23575333465473
H            3.60352375880443       -0.02390013712795       -0.03910538970930
H            2.42219342404439        1.88685863432756        1.04041142057544
H            1.99994817422000        1.75113085353912       -0.66802139880535
H            0.32981530580431        0.71383494663881        1.67254277662922
H           -0.02619824209792        2.14154682134408        0.70001787240443
23
 energy: -28.350080864799 gnorm: 0.000202700119 xtb: 6.7.1 (edcfbbe)
C           -2.74776329276871        0.03238286469774       -1.04685481398013
C           -1.76270516750627        0.07794739553935        0.09437683768170
O           -2.09506059474694       -0.04571576999725        1.24596152364639
C           -0.31475908999748        0.26686295017099       -0.32296154016770
C            0.34370445405912       -1.12070777555123       -0.37847539765321
C            1.81708632400212       -1.00040863635878       -0.75409822962909
C            2.55339656509453       -0.11581555985456        0.24670910008206
C            1.90707846438856        1.26442291214942        0.30718087556120
C            0.43266557398908        1.15046879142107        0.67810051336561
H           -3.72644145709947       -0.27932640206402       -0.69195503538428
H           -2.82680106102742        1.02743446375315       -1.48202190825353
H           -2.39776642025232       -0.64728832097229       -1.82022292046384
H           -0.27363720118324        0.71833150296955       -1.31913970493724
H            0.25206869478340       -1.59103992623784        0.60275825524027
H           -0.17587814176798       -1.75109573059036       -1.10426686304849
H            2.26921814736584       -1.99403421763057       -0.77873712965852
H            1.90351081861179       -0.56804784313285       -1.75404197734719
H            2.51277282445795       -0.57776999850772        1.23544488087090
H            3.60338747982714       -0.02473670536127       -0.03883449522681
H            2.42284291034759        1.88592218522830        1.04161189105504
H            2.00076231587002        1.75146076365077       -0.66693607187736
H            0.32987975639113        0.71369492890005        1.67285962739954
H           -0.02537043124409        2.14204215528847        0.70105391470546
23
 energy: -28.350081146526 gnorm: 0.000063934133 xtb: 6.7.1 (edcfbbe)
C           -2.74743728562958        0.03079470311352       -1.04692616058726
C           -1.76278456684302        0.07930974108048        0.09448511921226
O           -2.09546064140871       -0.04239410724901        1.24611858475785
C           -0.31477633350126        0.26780040730416       -0.32280001328169
C            0.34317445765832       -1.12001225360457       -0.37896799296254
C            1.81655873972766       -0.99994564326655       -0.75464848640295
C            2.55325812696266       -0.11612487314623        0.24653301074375
C            1.90747837642371        1.26431086642242        0.30790248074617
C            0.43302854820010        1.15060161635918        0.67867744536441
H           -3.72662491634451       -0.27853820623168       -0.69133208260415
H           -2.82504932711290        1.02419175675956       -1.48596272863464
H           -2.39783756831854       -0.65223744208305       -1.81746705262977
H           -0.27365665638100        0.71969774853455       -1.31878621649908
H            0.25147126022637       -1.59094456732071        0.60198201168346
H           -0.17660853895069       -1.74978177921305       -1.10513968008695
H            2.26832766401967       -1.99371608279072       -0.77988401795460
H            1.90310924976899       -0.56704710273636       -1.75434305634661
H            2.51253834303948       -0.57863922381824        1.23499041958060
H            3.60326290687230       -0.02522483994236       -0.03902191446440
H            2.42344420168637        1.88522470895012        1.04269051433624
H            2.00130301031932        1.75185792854773       -0.66593532956341
H            0.33010751725813        0.71347720050498        1.67327028715108
H           -0.02463509607854        2.14232347133592        0.70207619042301
23
 energy: -28.350081251933 gnorm: 0.000041827214 xtb: 6.7.1 (edcfbbe)
C           -2.74711358575958        0.02970398991345       -1.04706129115149
C           -1.76289606086804        0.08029078627686        0.09458941191650
O           -2.09591652910069       -0.04002319071281        1.24623350581160
C           -0.31481414357248        0.26846922210315       -0.32256601146576
C            0.34279457179536       -1.11948386696299       -0.37926465680989
C            1.81617095184570       -0.99965971651596       -0.75503707945210
C            2.55320891640895       -0.11634689837730        0.24632716603470
C            1.90766828591500        1.26417274314033        0.30832961616022
C            0.43321813179014        1.15073416514960        0.67918514392837
H           -3.72660777854414       -0.27816946183315       -0.69108231745804
H           -2.82389840129405        1.02197739466070       -1.48866958761793
H           -2.39765704176464       -0.65552017733240       -1.81568810027380
H           -0.27354189199251        0.72063109015126       -1.31842590661274
H            0.25107685646490       -1.59070007717878        0.60153818192217
H           -0.17716421216577       -1.74892286576402       -1.10558822259566
H            2.26772394942218       -1.99351885091174       -0.78061367794469
H            1.90269032463118       -0.56648382456514       -1.75460783343020
H            2.51263408431096       -0.57923106413896        1.23461171526098
H            3.60316589707008       -0.02553747650105       -0.03942950051809
H            2.42382527875930        1.88460887851688        1.04337641809914
H            2.00155759093925        1.75216908329942       -0.66527485921876
H            0.33026908353314        0.71326662310753        1.67361972485457
H           -0.02420280622988        2.14255752198525        0.70300949254167
23
 energy: -28.350081291818 gnorm: 0.000039052753 xtb: 6.7.1 (edcfbbe)
C           -2.74693242160156        0.02910384188049       -1.04721083186474
C           -1.76297917426308        0.08081039511702        0.09462964721615
O           -2.09622481353747       -0.03868495120735        1.24630151561639
C           -0.31484154137645        0.26882290118996       -0.32240862190887
C            0.34256260795346       -1.11922022012895       -0.37931886090884
C            1.81591002213154       -0.99952958177599       -0.75524434786822
C            2.55316169556122       -0.11642996526425        0.24615893521084
C            1.90782735123203        1.26416623738382        0.30858392235487
C            0.43338976285701        1.15072985333482        0.67949258489984
H           -3.72657137435307       -0.27816367648644       -0.69110571766642
H           -2.82340980710371        1.02082634043252       -1.49008209703707
H           -2.39743958912428       -0.65713643374803       -1.81491133007009
H           -0.27347001370656        0.72116101121889       -1.31818677204185
H            0.25088798843877       -1.59056923681588        0.60142800251282
H           -0.17753716147888       -1.74849079634717       -1.10568115843772
H            2.26731583606750       -1.99345192568773       -0.78100638730621
H            1.90238060632686       -0.56623416812186       -1.75476794348949
H            2.51275049804789       -0.57950457842984        1.23436282334498
H            3.60306807390244       -0.02562475354037       -0.03978090438675
H            2.42411871511222        1.88436193430251        1.04374589171082
H            2.00168890266140        1.75238898734294       -0.66490715121712
H            0.33044814881109        0.71305949680089        1.67383835486311
H           -0.02391284096401        2.14259331606013        0.70358177845435
