
         ______________________________________________________________
        |                                                              |
        |                                                              |
        |                   CENSO - Commandline ENSO                   |
        |                           v 2.1.2                            |
        |    energetic sorting of CREST Conformer Rotamer Ensembles    |
        |                    University of Bonn, MCTC                  |
        |                           Oct 2024                           |
        |                 based on ENSO version 2.0.1                  |
        |             L. M. Seidler, F. Bohle and S. Grimme            |
        |                                                              |
        |______________________________________________________________|

        Please cite:
        (TBA)
        S. Grimme, F. Bohle, A. Hansen, P. Pracht, S. Spicher, and M. Stahn
        J. Phys. Chem. A 2021, 125, 19, 4039-4054.
        DOI: https://doi.org/10.1021/acs.jpca.1c00971

        This program is distributed in the hope that it will be useful,
        but WITHOUT ANY WARRANTY; without even the implied warranty of
        MERCHANTABILITY or FITNESS FOR A PARTICULAR PURPOSE.

Reading configuration file from /home/mwang1/.censo2rc.
CALL: /software/projects/pawsey0265/mwang1/censo_screwed/bin/censo -i crest_conformers.xyz --maxcores 9 -O 1
Read 9 conformers.
Number of atoms:              27
Charge:                       0
Unpaired electrons:           0


----------------------------------------------------------------------------------------------------
                                          GENERAL SETTINGS                                          
----------------------------------------------------------------------------------------------------
    
imagthr:                      -100.0
sthr:                         0.0
scale:                        1.0
temperature:                  298.15
solvent:                      h2o
sm_rrho:                      alpb
multitemp:                    False
evaluate_rrho:                False
consider_sym:                 False
bhess:                        False
rmsdbias:                     False
balance:                      False
gas-phase:                    True
copy_mo:                      True
retry_failed:                 True
trange:                       [273.15, 373.15, 5]



----------------------------------------------------------------------------------------------------
                                            PRESCREENING                                            
----------------------------------------------------------------------------------------------------
    
threshold:                    4.0
func:                         pbe-d4
basis:                        def2-sv(p)
prog:                         orca
gfnv:                         gfn2
run:                          True
template:                     False


Running sp calculation for CONF1.
Running sp calculation for CONF3.
Running sp calculation for CONF2.
Running sp calculation for CONF4.
Running sp calculation for CONF5.
Running sp calculation for CONF6.
Running sp calculation for CONF7.
Running sp calculation for CONF8.
Running sp calculation for CONF9.


No longer considering CONF9.

-------------------------------- PRESCREENING SINGLE-POINT RESULTS ---------------------------------

CONF#       E (xTB)        ΔE (xTB)          E (DFT)          ΔE (DFT)        ΔGsolv (xTB)          Gtot             ΔGtot          Boltzmann weight   
             [Eh]         [kcal/mol]          [Eh]           [kcal/mol]        [kcal/mol]           [Eh]           [kcal/mol]        % at 298.15 K     
CONF1         ---            ---           -464.845751          0.00              ---            -464.845751          0.00               72.89         
CONF2         ---            ---           -464.843649          1.32              ---            -464.843649          1.32                7.87         
CONF3         ---            ---           -464.843365          1.50              ---            -464.843365          1.50                5.83         
CONF4         ---            ---           -464.843007          1.72              ---            -464.843007          1.72                3.99         
CONF5         ---            ---           -464.841494          2.67              ---            -464.841494          2.67                0.80         
CONF6         ---            ---           -464.842642          1.95              ---            -464.842642          1.95                2.71         
CONF7         ---            ---           -464.842752          1.88              ---            -464.842752          1.88                3.04         
CONF8         ---            ---           -464.842696          1.92              ---            -464.842696          1.92                2.87         

Boltzmann averaged free energy/enthalpy of ensemble on input geometries (not DFT optimized):
temperature /K:   avE(T) /a.u.   avG(T) /a.u.
    298.15        -464.8395959    -464.8395959     <<==part0==
----------------------------------------------------------------------------------------------------

Number of conformers:         8
Highest ranked conformer:     CONF1


Ran prescreening in 30.87 seconds!

----------------------------------------------------------------------------------------------------
                                             SCREENING                                              
----------------------------------------------------------------------------------------------------
    
threshold:                    3.5
func:                         r2scan-3c
basis:                        def2-tzvp
prog:                         orca
sm:                           smd
gfnv:                         gfn2
run:                          True
implicit:                     False
template:                     False


Running sp calculation for CONF1.
Running sp calculation for CONF2.
Running sp calculation for CONF3.
Running sp calculation for CONF4.
Running sp calculation for CONF7.
Running sp calculation for CONF6.
Running sp calculation for CONF8.
Running sp calculation for CONF5.

----------------------------- SCREENING SINGLE-POINT (+ mRRHO) RESULTS -----------------------------

CONF#        G (xTB)          ΔG (xTB)          E (DFT)         ΔGsolv       GmRRHO          Gtot             ΔGtot          Boltzmann weight   
               [Eh]          [kcal/mol]          [Eh]            [Eh]         [Eh]           [Eh]           [kcal/mol]        % at 298.15 K     
CONF1       -33.636852          ---           -465.795123        ---          ---         -465.795123          0.00               65.79         
CONF2       -33.636457          ---           -465.794007        ---          ---         -465.794007          0.70               20.18         
CONF3       -33.635801          ---           -465.792639        ---          ---         -465.792639          1.56                4.74         
CONF4       -33.635100          ---           -465.792713        ---          ---         -465.792713          1.51                5.12         
CONF5       -33.634168          ---           -465.790791        ---          ---         -465.790791          2.72                0.67         
CONF6       -33.633102          ---           -465.791294        ---          ---         -465.791294          2.40                1.14         
CONF7       -33.633096          ---           -465.791345        ---          ---         -465.791345          2.37                1.20         
CONF8       -33.633088          ---           -465.791306        ---          ---         -465.791306          2.40                1.15         

Boltzmann averaged free energy/enthalpy of ensemble on input geometries (not DFT optimized):
temperature /K:   avE(T) /a.u.   avG(T) /a.u.
    298.15        -465.7944947    -465.7944947     <<==part1==
----------------------------------------------------------------------------------------------------


----------------------------------- SCREENING RANKING COMPARISON -----------------------------------

CONF#       ΔGtot prescreening       ΔGtot screening   
                [kcal/mol]             [kcal/mol]      
CONF1              0.00                   0.00         
CONF2              1.32                   0.70         
CONF3              1.50                   1.56         
CONF4              1.72                   1.51         
CONF5              2.67                   2.72         
CONF6              1.95                   2.40         
CONF7              1.88                   2.37         
CONF8              1.92                   2.40         
----------------------------------------------------------------------------------------------------



Number of conformers:         8
Highest ranked conformer:     CONF1


Ran screening in 70.18 seconds!

----------------------------------------------------------------------------------------------------
                                            OPTIMIZATION                                            
----------------------------------------------------------------------------------------------------
    
optcycles:                    8
maxcyc:                       200
threshold:                    1.5
hlow:                         0.01
gradthr:                      0.01
func:                         r2scan-3c
basis:                        def2-tzvp
prog:                         orca
sm:                           smd
gfnv:                         gfn2
optlevel:                     normal
run:                          True
macrocycles:                  True
crestcheck:                   True
template:                     False
constrain:                    False
xtb_opt:                      True


Optimization using macrocycles, 8 microcycles per step.
Running xtb_opt calculation for CONF1.
Running xtb_opt calculation for CONF2.
Running xtb_opt calculation for CONF4.
Running xtb_opt calculation for CONF3.
Running xtb_opt calculation for CONF7.
Running xtb_opt calculation for CONF8.
Running xtb_opt calculation for CONF6.
Running xtb_opt calculation for CONF5.
Running xtb_rrho calculation for CONF1.
Running xtb_rrho calculation for CONF2.
Running xtb_rrho calculation for CONF4.
Running xtb_rrho calculation for CONF3.
Running xtb_rrho calculation for CONF7.
Running xtb_rrho calculation for CONF8.
Running xtb_rrho calculation for CONF6.
Running xtb_rrho calculation for CONF5.
CONF1 converged after 7 steps.
CONF4 converged after 6 steps.
CONF3 converged after 7 steps.
CONF7 converged after 7 steps.
CONF8 converged after 8 steps.

----------------------------------- OPTIMIZATION CYCLE 8 UPDATE ------------------------------------

CONF#          Gtot             ΔGtot          grad_norm       converged   
               [Eh]           [kcal/mol]        [Eh/a0]                    
CONF1       -465.598515          0.00          0.000540          True      
CONF2       -465.596996          0.95          0.000738          False     
CONF3       -465.596233          1.43          0.000555          True      
CONF4       -465.595881          1.65          0.000507          True      
CONF5       -465.593642          3.06          0.001001          False     
CONF6       -465.594681          2.41          0.000498          False     
CONF7       -465.594673          2.41          0.000436          True      
CONF8       -465.594662          2.42          0.000337          True      
----------------------------------------------------------------------------------------------------
Running xtb_opt calculation for CONF2.
Running xtb_opt calculation for CONF6.
Running xtb_opt calculation for CONF5.
CONF2 converged after 17 steps.
CONF6 converged after 17 steps.
CONF5 converged after 19 steps.
No longer considering CONF4 (gradient too small and ΔG = 1.65).
No longer considering CONF7 (gradient too small and ΔG = 2.41).
No longer considering CONF8 (gradient too small and ΔG = 2.42).
No longer considering CONF6 (gradient too small and ΔG = 2.40).
No longer considering CONF5 (gradient too small and ΔG = 3.05).

----------------------------------- OPTIMIZATION CYCLE 16 UPDATE -----------------------------------

CONF#          Gtot             ΔGtot          grad_norm       converged   
               [Eh]           [kcal/mol]        [Eh/a0]                    
CONF1       -465.598515          0.00          0.000540          True      
CONF2       -465.596999          0.95          0.000518          True      
CONF3       -465.596233          1.43          0.000555          True      
----------------------------------------------------------------------------------------------------
Running xtb_rrho calculation for CONF1.
Running xtb_rrho calculation for CONF2.
Running xtb_rrho calculation for CONF3.

--------------------------------------- OPTIMIZATION RESULTS ---------------------------------------

CONF#       E (DFT) (+ ΔGsolv)       ΔE (DFT) (+ δΔGsolv)       GmRRHO          Gtot             ΔGtot          Boltzmann weight   
                   [Eh]                   [kcal/mol]             [Eh]           [Eh]           [kcal/mol]        % at 298.15 K     
CONF1          -465.796478                   0.00                ---         -465.598515          0.00               77.51         
CONF2          -465.795376                   0.69                ---         -465.596999          0.95               15.57         
CONF3          -465.794360                   1.33                ---         -465.596233          1.43                6.92         

Boltzmann averaged free energy/enthalpy of ensemble on optimized geometries:
temperature /K:   avE(T) /a.u.   avG(T) /a.u.
    298.15        -465.7961600    -465.5981211     <<==part2==
----------------------------------------------------------------------------------------------------


--------------------------------------- OPTIMIZATION RESULTS ---------------------------------------

CONF#       E (DFT) (+ ΔGsolv)       ΔE (DFT) (+ δΔGsolv)       GmRRHO          Gtot             ΔGtot          Boltzmann weight   
                   [Eh]                   [kcal/mol]             [Eh]           [Eh]           [kcal/mol]        % at 298.15 K     
CONF1          -465.796478                   0.00                ---         -465.598515          0.00               77.51         
CONF2          -465.795376                   0.69                ---         -465.596999          0.95               15.57         
CONF3          -465.794360                   1.33                ---         -465.596233          1.43                6.92         

Boltzmann averaged free energy/enthalpy of ensemble on optimized geometries:
temperature /K:   avE(T) /a.u.   avG(T) /a.u.
    298.15        -465.7961600    -465.5981211     <<==part2==
----------------------------------------------------------------------------------------------------


--------------------------------- OPTIMIZATION RANKING COMPARISON ----------------------------------

CONF#       ΔGtot prescreening       ΔGtot screening       ΔGtot optimization   
                [kcal/mol]             [kcal/mol]              [kcal/mol]       
CONF1              0.00                   0.00                    0.00          
CONF2              1.32                   0.70                    0.95          
CONF3              1.50                   1.56                    1.43          
----------------------------------------------------------------------------------------------------



Number of conformers:         3
Highest ranked conformer:     CONF1


Ran optimization in 969.57 seconds!

Ran CENSO in 00:17:50

CENSO all done!
