
         ______________________________________________________________
        |                                                              |
        |                                                              |
        |                   CENSO - Commandline ENSO                   |
        |                           v 2.1.2                            |
        |    energetic sorting of CREST Conformer Rotamer Ensembles    |
        |                    University of Bonn, MCTC                  |
        |                           Oct 2024                           |
        |                 based on ENSO version 2.0.1                  |
        |             L. M. Seidler, F. Bohle and S. Grimme            |
        |                                                              |
        |______________________________________________________________|

        Please cite:
        (TBA)
        S. Grimme, F. Bohle, A. Hansen, P. Pracht, S. Spicher, and M. Stahn
        J. Phys. Chem. A 2021, 125, 19, 4039-4054.
        DOI: https://doi.org/10.1021/acs.jpca.1c00971

        This program is distributed in the hope that it will be useful,
        but WITHOUT ANY WARRANTY; without even the implied warranty of
        MERCHANTABILITY or FITNESS FOR A PARTICULAR PURPOSE.

Reading configuration file from /home/mwang1/.censo2rc.
CALL: /software/projects/pawsey0265/mwang1/censo_screwed/bin/censo -i crest_conformers.xyz --maxcores 2 -O 1
Read 2 conformers.
Number of atoms:              23
Charge:                       0
Unpaired electrons:           0


----------------------------------------------------------------------------------------------------
                                          GENERAL SETTINGS                                          
----------------------------------------------------------------------------------------------------
    
imagthr:                      -100.0
sthr:                         0.0
scale:                        1.0
temperature:                  298.15
solvent:                      h2o
sm_rrho:                      alpb
multitemp:                    False
evaluate_rrho:                False
consider_sym:                 False
bhess:                        False
rmsdbias:                     False
balance:                      False
gas-phase:                    True
copy_mo:                      True
retry_failed:                 True
trange:                       [273.15, 373.15, 5]



----------------------------------------------------------------------------------------------------
                                            PRESCREENING                                            
----------------------------------------------------------------------------------------------------
    
threshold:                    4.0
func:                         pbe-d4
basis:                        def2-sv(p)
prog:                         orca
gfnv:                         gfn2
run:                          True
template:                     False


Running sp calculation for CONF1.
Running sp calculation for CONF2.



-------------------------------- PRESCREENING SINGLE-POINT RESULTS ---------------------------------

CONF#       E (xTB)        ΔE (xTB)          E (DFT)           ΔE (DFT)        ΔGsolv (xTB)           Gtot             ΔGtot          Boltzmann weight   
             [Eh]         [kcal/mol]           [Eh]           [kcal/mol]        [kcal/mol]            [Eh]           [kcal/mol]        % at 298.15 K     
CONF1         ---            ---           -1083.939999          0.00              ---            -1083.939999          0.00               93.38         
CONF2         ---            ---           -1083.937500          1.57              ---            -1083.937500          1.57                6.62         

Boltzmann averaged free energy/enthalpy of ensemble on input geometries (not DFT optimized):
temperature /K:   avE(T) /a.u.   avG(T) /a.u.
    298.15       -1083.9398332   -1083.9398332     <<==part0==
----------------------------------------------------------------------------------------------------

Number of conformers:         2
Highest ranked conformer:     CONF1


Ran prescreening in 24.73 seconds!

----------------------------------------------------------------------------------------------------
                                             SCREENING                                              
----------------------------------------------------------------------------------------------------
    
threshold:                    3.5
func:                         r2scan-3c
basis:                        def2-tzvp
prog:                         orca
sm:                           smd
gfnv:                         gfn2
run:                          True
implicit:                     False
template:                     False


Running sp calculation for CONF1.
Running sp calculation for CONF2.

----------------------------- SCREENING SINGLE-POINT (+ mRRHO) RESULTS -----------------------------

CONF#        G (xTB)          ΔG (xTB)          E (DFT)          ΔGsolv       GmRRHO           Gtot             ΔGtot          Boltzmann weight   
               [Eh]          [kcal/mol]           [Eh]            [Eh]         [Eh]            [Eh]           [kcal/mol]        % at 298.15 K     
CONF1       -42.867580          ---           -1085.384640        ---          ---         -1085.384640          0.00               98.54         
CONF2       -42.865832          ---           -1085.380660        ---          ---         -1085.380660          2.50                1.46         

Boltzmann averaged free energy/enthalpy of ensemble on input geometries (not DFT optimized):
temperature /K:   avE(T) /a.u.   avG(T) /a.u.
    298.15       -1085.3845820   -1085.3845820     <<==part1==
----------------------------------------------------------------------------------------------------


----------------------------------- SCREENING RANKING COMPARISON -----------------------------------

CONF#       ΔGtot prescreening       ΔGtot screening   
                [kcal/mol]             [kcal/mol]      
CONF1              0.00                   0.00         
CONF2              1.57                   2.50         
----------------------------------------------------------------------------------------------------



Number of conformers:         2
Highest ranked conformer:     CONF1


Ran screening in 70.01 seconds!

----------------------------------------------------------------------------------------------------
                                            OPTIMIZATION                                            
----------------------------------------------------------------------------------------------------
    
optcycles:                    8
maxcyc:                       200
threshold:                    1.5
hlow:                         0.01
gradthr:                      0.01
func:                         r2scan-3c
basis:                        def2-tzvp
prog:                         orca
sm:                           smd
gfnv:                         gfn2
optlevel:                     normal
run:                          True
macrocycles:                  True
crestcheck:                   True
template:                     False
constrain:                    False
xtb_opt:                      True


Optimization using macrocycles, 8 microcycles per step.
Running xtb_opt calculation for CONF1.
Running xtb_opt calculation for CONF2.
Running xtb_rrho calculation for CONF1.
Running xtb_rrho calculation for CONF2.
CONF2 converged after 8 steps.

----------------------------------- OPTIMIZATION CYCLE 8 UPDATE ------------------------------------

CONF#           Gtot             ΔGtot          grad_norm       converged   
                [Eh]           [kcal/mol]        [Eh/a0]                    
CONF1       -1085.264363          0.00          0.001778          False     
CONF2       -1085.261658          1.70          0.000626          True      
----------------------------------------------------------------------------------------------------
Running xtb_opt calculation for CONF1.
CONF1 converged after 18 steps.
No longer considering CONF2 (gradient too small and ΔG = 1.70).

----------------------------------- OPTIMIZATION CYCLE 16 UPDATE -----------------------------------

CONF#           Gtot             ΔGtot          grad_norm       converged   
                [Eh]           [kcal/mol]        [Eh/a0]                    
CONF1       -1085.264374          0.00          0.001030          True      
----------------------------------------------------------------------------------------------------
Running xtb_rrho calculation for CONF1.

--------------------------------------- OPTIMIZATION RESULTS ---------------------------------------

CONF#       E (DFT) (+ ΔGsolv)       ΔE (DFT) (+ δΔGsolv)       GmRRHO           Gtot             ΔGtot          Boltzmann weight   
                   [Eh]                   [kcal/mol]             [Eh]            [Eh]           [kcal/mol]        % at 298.15 K     
CONF1          -1085.386768                  0.00                ---         -1085.264374          0.00               100.00        

Boltzmann averaged free energy/enthalpy of ensemble on optimized geometries:
temperature /K:   avE(T) /a.u.   avG(T) /a.u.
    298.15       -1085.3867684   -1085.2643741     <<==part2==
----------------------------------------------------------------------------------------------------


--------------------------------------- OPTIMIZATION RESULTS ---------------------------------------

CONF#       E (DFT) (+ ΔGsolv)       ΔE (DFT) (+ δΔGsolv)       GmRRHO           Gtot             ΔGtot          Boltzmann weight   
                   [Eh]                   [kcal/mol]             [Eh]            [Eh]           [kcal/mol]        % at 298.15 K     
CONF1          -1085.386768                  0.00                ---         -1085.264374          0.00               100.00        

Boltzmann averaged free energy/enthalpy of ensemble on optimized geometries:
temperature /K:   avE(T) /a.u.   avG(T) /a.u.
    298.15       -1085.3867684   -1085.2643741     <<==part2==
----------------------------------------------------------------------------------------------------


--------------------------------- OPTIMIZATION RANKING COMPARISON ----------------------------------

CONF#       ΔGtot prescreening       ΔGtot screening       ΔGtot optimization   
                [kcal/mol]             [kcal/mol]              [kcal/mol]       
CONF1              0.00                   0.00                    0.00          
----------------------------------------------------------------------------------------------------



Number of conformers:         1
Highest ranked conformer:     CONF1


Ran optimization in 917.84 seconds!

Ran CENSO in 00:16:52

CENSO all done!
