13
 energy: -195.235853637198 gnorm: 0.002519163225 xtb: 6.7.1 (edcfbbe)
C            1.07008561958898        1.49366327049268        0.02945142626618
C            0.46875139134784        0.11789808302817       -0.06983974418428
C            1.20889039723812       -0.99381352182340        0.01615125563017
C           -0.98340410498757        0.07780786451210       -0.29347294091689
C           -1.82315878466517       -0.81964266564234        0.22628589198196
H            2.14780083917055        1.44891178116040        0.19895459627256
H            0.60908270314175        2.06002138671167        0.84654107506157
H            0.88735384512259        2.05929257448570       -0.89204148395497
H            0.76721522292067       -1.97578027368165       -0.11260975575824
H            2.27734604533467       -0.94653320259655        0.20105414747299
H           -1.38820320804415        0.88198292737392       -0.90855344578887
H           -2.88538641991323       -0.78972260064614        0.00685847888243
H           -1.47376191603884       -1.60309548945794        0.88890147301698
13
 energy: -195.235858880308 gnorm: 0.000727450713 xtb: 6.7.1 (edcfbbe)
C            1.07023069978080        1.49361768749500        0.02989768206115
C            0.46885323086989        0.11780298906729       -0.06897285269591
C            1.20906842941783       -0.99398278515821        0.01722146948313
C           -0.98361853829149        0.07694020203565       -0.29442905490534
C           -1.82347255529233       -0.82177509058605        0.22298894005056
H            2.14823849413551        1.44898381804310        0.19822691073406
H            0.61024418242458        2.06094821728349        0.84708485779475
H            0.88701109096759        2.05931886988925       -0.89166560570950
H            0.76741094449383       -1.97625990036623       -0.11340299747584
H            2.27776581668759       -0.94583127397777        0.20035059993273
H           -1.38902276377042        0.88233278836613       -0.90810346198286
H           -2.88604289892231       -0.78879274452389        0.00648258262871
H           -1.47405449533056       -1.60231264968045        0.89200191059020
13
 energy: -195.235859808463 gnorm: 0.000638189549 xtb: 6.7.1 (edcfbbe)
C            1.07067329510939        1.49369855936174        0.02983299874085
C            0.46895948059314        0.11809044804741       -0.06887432251829
C            1.20895539035941       -0.99395737539464        0.01720645632430
C           -0.98406963887754        0.07754804682481       -0.29324400157038
C           -1.82442293718044       -0.82034697672559        0.22492921141402
H            2.14899237847097        1.44882699403404        0.19650603289456
H            0.61225063635657        2.06149010873539        0.84771572529158
H            0.88639131488359        2.05973909463101       -0.89143128671035
H            0.76688162904421       -1.97635538220620       -0.11299121431476
H            2.27745877238402       -0.94541740014317        0.20118350107306
H           -1.38967757845663        0.88199183897583       -0.90832748011307
H           -2.88601325240645       -0.79039483799563        0.00391981584997
H           -1.47376785212010       -1.60392298966925        0.89125541148879
13
 energy: -195.235859808463 gnorm: 0.000638189549 xtb: 6.7.1 (edcfbbe)
C            1.07067329510939        1.49369855936174        0.02983299874085
C            0.46895948059314        0.11809044804741       -0.06887432251829
C            1.20895539035941       -0.99395737539464        0.01720645632430
C           -0.98406963887754        0.07754804682481       -0.29324400157038
C           -1.82442293718044       -0.82034697672559        0.22492921141402
H            2.14899237847097        1.44882699403404        0.19650603289456
H            0.61225063635657        2.06149010873539        0.84771572529158
H            0.88639131488359        2.05973909463101       -0.89143128671035
H            0.76688162904421       -1.97635538220620       -0.11299121431476
H            2.27745877238402       -0.94541740014317        0.20118350107306
H           -1.38967757845663        0.88199183897583       -0.90832748011307
H           -2.88601325240645       -0.79039483799563        0.00391981584997
H           -1.47376785212010       -1.60392298966925        0.89125541148879
