24
 energy: -32.435658660050 gnorm: 0.030354040913 xtb: 6.7.1 (edcfbbe)
C           -3.57035030357923       -0.26603157477867       -0.40449661589141
O           -2.19630515233015       -0.09502390156901       -0.81326205271237
C           -1.32131133554755        0.09604318126811        0.20622875277276
O           -1.65623036452647        0.14137400437521        1.36788994407762
C            0.09891949522153        0.18955312272995       -0.29755086290701
C            0.75389657010531       -1.20323635624764       -0.18283915261996
C            2.21258951809157       -1.15786633044323       -0.64046973550575
C            3.00785215164652       -0.11533844404520        0.14759562052426
C            2.35654285775310        1.26472539174847        0.04013118101933
C            0.89838119709702        1.22641829927768        0.50024640991362
H           -3.92636072588079        0.62743338339300        0.11491315613389
H           -3.66536047194837       -1.12711218355919        0.26202849012409
H           -4.13088734247932       -0.42592419274393       -1.32536143741572
H            0.07280652297142        0.47255051947662       -1.35702855137112
H            0.70395963641159       -1.52258928593548        0.86643090915407
H            0.18655738791579       -1.93046519763448       -0.77472126826350
H            2.66570859878453       -2.14961655915727       -0.52954299018578
H            2.24915486065341       -0.91008274349875       -1.71043254266302
H            3.04699485851033       -0.41453767554275        1.20401663953598
H            4.04274423688764       -0.07710544194276       -0.21097268648846
H            2.91379012990496        1.99683132592726        0.63530464642267
H            2.40143192676600        1.60544587620941       -1.00377330606481
H            0.84426912517845        0.96266158327807        1.56310549269915
H            0.43519412826927        2.21415828617783        0.39455035684879
24
 energy: -32.436724139008 gnorm: 0.010746979941 xtb: 6.7.1 (edcfbbe)
C           -3.55878023748371       -0.26364738762577       -0.40688948492827
O           -2.19161482851874       -0.09871859465980       -0.79796213611765
C           -1.31571295111984        0.08731610478899        0.20946414829470
O           -1.64598605563884        0.13894039129609        1.36487909548700
C            0.10095218958136        0.18916440531702       -0.30470691446900
C            0.75473153659831       -1.19733691247403       -0.17591350044016
C            2.20578827328986       -1.14908743286233       -0.64327511008457
C            2.99632600899778       -0.11628475857942        0.15381894905349
C            2.34959629954712        1.26014570842478        0.03459243452866
C            0.89796324872646        1.21811862386408        0.50014992264458
H           -3.90941400677888        0.62982466528994        0.11163942539887
H           -3.65420382090182       -1.12259366675378        0.25879958268908
H           -4.11726286580901       -0.42190038981320       -1.32635241134675
H            0.06833641409814        0.47164688183153       -1.36223997414598
H            0.71183466368039       -1.51418889468606        0.87058123476270
H            0.19309504532446       -1.92127135313618       -0.77176465837130
H            2.65848793033096       -2.13690064121924       -0.52450535968137
H            2.23939032684192       -0.89552635501542       -1.70782619417771
H            3.02903039805047       -0.41433746572975        1.20639635444881
H            4.02584021224462       -0.07580822770435       -0.21112257831349
H            2.90549471153485        1.98492302821613        0.63464272798899
H            2.39001773427576        1.59401375235152       -1.00749154275144
H            0.84964954580780        0.95128366644094        1.55929037719726
H            0.44042773319714        2.20448993920157        0.38778600947085
24
 energy: -32.436865179551 gnorm: 0.004076327491 xtb: 6.7.1 (edcfbbe)
C           -3.54896207597369       -0.26334865919344       -0.40829770297738
O           -2.18678259217902       -0.09932991714094       -0.78875693931843
C           -1.31423345243361        0.09003035067459        0.21342927394805
O           -1.64166615132637        0.13521371330185        1.36862884243601
C            0.10176885944759        0.18872173191044       -0.30554781733547
C            0.75308416394806       -1.19629462520833       -0.17708945494734
C            2.20350974899716       -1.14839291764544       -0.64391168403632
C            2.99285489532835       -0.11685576423572        0.15445718258360
C            2.34729390388032        1.25906014849928        0.03349581830244
C            0.89646046541524        1.21801889328802        0.49849796597564
H           -3.90258047254412        0.62953560284151        0.10891737505293
H           -3.65041388281685       -1.12118970240277        0.25781170447284
H           -4.10509410252376       -0.42108743182520       -1.32799144811904
H            0.06532221925440        0.47133552450145       -1.36133495646543
H            0.71363924372647       -1.50761613039383        0.86882577667823
H            0.19238442983631       -1.92129713823930       -0.77090399181188
H            2.65586700185627       -2.13512927404121       -0.52607666478316
H            2.23489512851662       -0.88903398955342       -1.70450827599680
H            3.01768724960246       -0.41381266722658        1.20490181402347
H            4.02211161908734       -0.07693905729855       -0.20791384186674
H            2.90216254982658        1.98321335074738        0.63290014850895
H            2.38544092159196        1.58700937667211       -1.00799784377451
H            0.84925486485963        0.94679828933772        1.55447025328366
H            0.43998297049924        2.20365537939367        0.38598486330402
24
 energy: -32.436884151375 gnorm: 0.001410358709 xtb: 6.7.1 (edcfbbe)
C           -3.54647925096902       -0.26235779129062       -0.40919664766511
O           -2.18534754878163       -0.10040327477772       -0.78610191904979
C           -1.31383405146999        0.08598994650234        0.21557928013333
O           -1.64009720947775        0.13319974262862        1.37188620919800
C            0.10178955827791        0.18824997371643       -0.30528118062969
C            0.75326060546300       -1.19619600161829       -0.17664893298536
C            2.20359629042262       -1.14780306616865       -0.64526751409085
C            2.99237633015430       -0.11704852105577        0.15564881883919
C            2.34769717487489        1.25964220380434        0.03227287628284
C            0.89651750386882        1.21840574747982        0.49772223270318
H           -3.90253205070943        0.63002909805764        0.10845743747501
H           -3.65319845982870       -1.12054518512758        0.25668688667537
H           -4.10170218783714       -0.41902785823913       -1.32979635076583
H            0.06268043828601        0.47048578523202       -1.36098040965617
H            0.71475832725343       -1.50636329710509        0.86957536668355
H            0.19204783938129       -1.92191227145769       -0.76908388156094
H            2.65588318672562       -2.13469889885661       -0.52991980870734
H            2.23400925206847       -0.88590556022991       -1.70511046759185
H            3.01344909463715       -0.41390554442222        1.20606878191312
H            4.02259655188158       -0.07816952427257       -0.20370416845981
H            2.90265598612240        1.98488008787141        0.63004923937133
H            2.38524165606925        1.58529148780319       -1.00979789247347
H            0.84925952494907        0.94680767047245        1.55347432755846
H            0.43935894451440        2.20362013781690        0.38545811394014
24
 energy: -32.436889583635 gnorm: 0.001482464696 xtb: 6.7.1 (edcfbbe)
C           -3.54562093137268       -0.26199907267467       -0.41028265169557
O           -2.18489348114272       -0.10017227305775       -0.78362553994138
C           -1.31439001712885        0.08613223162619        0.21784949199492
O           -1.63813821572105        0.12982263101883        1.37581282788630
C            0.10150790984919        0.18785195518459       -0.30407928955058
C            0.75402994029486       -1.19636420566394       -0.17622223903396
C            2.20430892726926       -1.14717566449516       -0.64680399292470
C            2.99248957307117       -0.11766910559238        0.15724472519015
C            2.34839426750302        1.25956985112996        0.03054274687956
C            0.89706319785559        1.21893340005428        0.49732789937554
H           -3.90492027909967        0.62978029742272        0.10777158977350
H           -3.65744239278854       -1.12076006618801        0.25523405886401
H           -4.09964664101220       -0.41762907519009       -1.33236826414502
H            0.05971913041990        0.47004972181115       -1.35983878859964
H            0.71713425155645       -1.50645295207693        0.87046971676721
H            0.19203764964154       -1.92303491363469       -0.76711477918680
H            2.65714581346460       -2.13441173346263       -0.53583279414980
H            2.23342653021798       -0.88161666737116       -1.70608442309852
H            3.00849831860641       -0.41440685187473        1.20810910132354
H            4.02456089059089       -0.08023734484980       -0.19727244394486
H            2.90381375943440        1.98687298548258        0.62554527558271
H            2.38538702025364        1.58248191636522       -1.01272436863428
H            0.85011791900569        0.94869518528277        1.55374614575892
H            0.43940436510768        2.20400483751692        0.38458639264607
24
 energy: -32.436891615603 gnorm: 0.000456889380 xtb: 6.7.1 (edcfbbe)
C           -3.54678811709531       -0.26152545240840       -0.41017216045882
O           -2.18542981940594       -0.09978712676089       -0.78361815223652
C           -1.31430152279864        0.08463786723483        0.21822368506710
O           -1.63805578075689        0.12885317823653        1.37577391939061
C            0.10159454212511        0.18740920219475       -0.30360135826178
C            0.75447811759322       -1.19676721660069       -0.17613719734916
C            2.20449184231802       -1.14686449825761       -0.64658746664187
C            2.99247080891140       -0.11751139952770        0.15726779807474
C            2.34833410365867        1.25938588182396        0.03055234076798
C            0.89710898750762        1.21915629474668        0.49707129712538
H           -3.90529038948847        0.63011371093726        0.10826955247527
H           -3.65781887804530       -1.12081946921171        0.25440629760890
H           -4.10060269959618       -0.41645412950396       -1.33248377956823
H            0.06011357600598        0.46930914385339       -1.35950780312005
H            0.71790246357548       -1.50713821807369        0.87049616288690
H            0.19261890566129       -1.92347263878014       -0.76713952647734
H            2.65759719214480       -2.13409804226605       -0.53630348431212
H            2.23345593914875       -0.88079367296229       -1.70579450671652
H            3.00796343887155       -0.41421468622560        1.20816466143710
H            4.02481139729809       -0.08017194293836       -0.19655212561433
H            2.90387436054030        1.98708040936786        0.62507176268779
H            2.38528728791952        1.58181304765220       -1.01291423283086
H            0.85054925010958        0.94980131593597        1.55376953861224
H            0.43962249967390        2.20432352829694        0.38373517459090
24
 energy: -32.436892244411 gnorm: 0.000238197955 xtb: 6.7.1 (edcfbbe)
C           -3.54715730317007       -0.26097620775315       -0.40993397473234
O           -2.18555062887278       -0.09882546860916       -0.78344534082400
C           -1.31415971198444        0.08439145147105        0.21859137964959
O           -1.63779164621309        0.12690068589606        1.37604757391821
C            0.10165760054856        0.18692945910832       -0.30354191152117
C            0.75498052009921       -1.19702223539800       -0.17591031964034
C            2.20471224512088       -1.14661530589414       -0.64663993597800
C            2.99206600137276       -0.11749797599214        0.15776025818231
C            2.34808817348361        1.25919133430597        0.03017035453458
C            0.89699997740952        1.21899591068583        0.49677594760815
H           -3.90521588899148        0.63031334939530        0.10902959356257
H           -3.65766413252587       -1.12088432453766        0.25362769207189
H           -4.10068799682446       -0.41500404422699       -1.33244706256628
H            0.06025547944816        0.46867243205375       -1.35948685468289
H            0.71861499588825       -1.50749124708096        0.87063582433301
H            0.19326513170678       -1.92366357535509       -0.76699655428349
H            2.65814456348271       -2.13373496889286       -0.53691571323400
H            2.23347735395775       -0.87991958401059       -1.70566056675291
H            3.00686087811545       -0.41407071141936        1.20866663523374
H            4.02458317613264       -0.08015239033829       -0.19537051771390
H            2.90351435601743        1.98724334983583        0.62431643500526
H            2.38501279807351        1.58101256303809       -1.01345259344703
H            0.85044971452229        0.95044854255493        1.55363884554450
H            0.43953184907926        2.20402404792652        0.38253120286986
24
 energy: -32.436892718205 gnorm: 0.000247854527 xtb: 6.7.1 (edcfbbe)
C           -3.54732587816580       -0.26001473846019       -0.40978338277829
O           -2.18561533469729       -0.09770992506576       -0.78316132234524
C           -1.31394369876200        0.08326375690716        0.21904501479459
O           -1.63724996436161        0.12384066074125        1.37667040069161
C            0.10167684869653        0.18625673115195       -0.30353479113079
C            0.75545745056779       -1.19747449728353       -0.17578581490395
C            2.20511519403502       -1.14639911006659       -0.64665214129070
C            2.99198523457179       -0.11737016038179        0.15830374862051
C            2.34791223244363        1.25917421911806        0.02973250234316
C            0.89672838555689        1.21908031939901        0.49617373606653
H           -3.90511593708088        0.63068831900058        0.11030033147920
H           -3.65797836175375       -1.12077727573151        0.25259886955388
H           -4.10076616351205       -0.41268099870955       -1.33256793522354
H            0.05974067916354        0.46770735651437       -1.35952066516190
H            0.71941831391414       -1.50777553572353        0.87079395250837
H            0.19384820993488       -1.92438934882523       -0.76664097307505
H            2.65892734338502       -2.13341996279458       -0.53769416079754
H            2.23362856589472       -0.87893224397803       -1.70546521255395
H            3.00546893399106       -0.41374958480397        1.20927087590370
H            4.02492606581467       -0.08015953142627       -0.19362563664025
H            2.90315789315015        1.98779716245914        0.62333314855176
H            2.38482704928474        1.58014155151084       -1.01413482424445
H            0.85013734655504        0.95125845160158        1.55319921093094
H            0.43902709725035        2.20390947160989        0.38113546583870
24
 energy: -32.436893458397 gnorm: 0.000227704164 xtb: 6.7.1 (edcfbbe)
C           -3.54772554946937       -0.25797709902029       -0.40936948291584
O           -2.18609372370745       -0.09511202707314       -0.78304339941288
C           -1.31362824381364        0.08115515846189        0.21932067084625
O           -1.63619537680167        0.11732391302523        1.37735600531823
C            0.10162430409173        0.18497549020047       -0.30390597103251
C            0.75641398674994       -1.19824207072251       -0.17563539565519
C            2.20609955303491       -1.14634441311509       -0.64643941136116
C            2.99185459811472       -0.11695905805172        0.15922553286420
C            2.34756088029686        1.25938463821084        0.02905245342485
C            0.89610987180529        1.21908218292436        0.49489144052127
H           -3.90485849664698        0.63134963413093        0.11353404714965
H           -3.65830183679622       -1.12060821624248        0.25061454616113
H           -4.10164088495817       -0.40774946025380       -1.33235257170337
H            0.05879558489925        0.46583971062531       -1.35998302309602
H            0.72052252221310       -1.50811161877931        0.87107002008141
H            0.19525806081465       -1.92579405623840       -0.76616106716684
H            2.66053077345860       -2.13313425266557       -0.53803141888808
H            2.23450104044966       -0.87818907189647       -1.70506921530073
H            3.00363963539260       -0.41289043190101        1.21033054632003
H            4.02534665292504       -0.07977882040649       -0.19105564492328
H            2.90225151594790        1.98886738310353        0.62210826775672
H            2.38475819193269        1.57920389679973       -1.01514476908082
H            0.84917936634536        0.95241619022255        1.55219588473526
H            0.43798507959775        2.20355748542474        0.37848235249502
24
 energy: -32.436894493282 gnorm: 0.000293116620 xtb: 6.7.1 (edcfbbe)
C           -3.54830675800961       -0.25481833862224       -0.40860931165083
O           -2.18704101725288       -0.09121231813905       -0.78316737988982
C           -1.31317174529009        0.07811669073801        0.21915510675517
O           -1.63445828270765        0.10773055156236        1.37782528961209
C            0.10159056472672        0.18309458688716       -0.30494158095935
C            0.75770018747788       -1.19938565871321       -0.17555890059294
C            2.20757327936109       -1.14630949511970       -0.64574329288219
C            2.99198561734713       -0.11615634844887        0.16030995733664
C            2.34676749407701        1.25961695113514        0.02822888880053
C            0.89492348066747        1.21889464647140        0.49300033797847
H           -3.90435857648701        0.63249017819608        0.11852609789692
H           -3.65862753339134       -1.12013633342858        0.24797262602373
H           -4.10342551989601       -0.40039505592269       -1.33154104651156
H            0.05783924246713        0.46319702294079       -1.36115929238799
H            0.72165442872316       -1.50852926853982        0.87135108057027
H            0.19743771864206       -1.92792103637938       -0.76576323090726
H            2.66278556762162       -2.13267015670961       -0.53702153779874
H            2.23624457285298       -0.87818924613279       -1.70435721605121
H            3.00228418306453       -0.41139102376585        1.21161113899421
H            4.02596208837727       -0.07863797581578       -0.18849560191561
H            2.90042205285351        1.99002022966626        0.62108049135114
H            2.38463445968996        1.57845945212663       -1.01622411369949
H            0.84740208170219        0.95350751792928        1.55060707212599
H            0.43616991925946        2.20288951484778        0.37490481493915
24
 energy: -32.436896098292 gnorm: 0.000430597379 xtb: 6.7.1 (edcfbbe)
C           -3.54946381489988       -0.24974089755845       -0.40737738441924
O           -2.18885241598932       -0.08522218839976       -0.78351717483783
C           -1.31263830061543        0.07328000973805        0.21853139534393
O           -1.63172954086651        0.09306970659473        1.37813070154689
C            0.10149730659209        0.18009498552275       -0.30670021965642
C            0.75983360044874       -1.20112505936942       -0.17549553285009
C            2.21008401907486       -1.14670151639102       -0.64436012263674
C            2.99211093693476       -0.11463579558386        0.16162071064617
C            2.34547345711393        1.26028779507565        0.02722621685834
C            0.89304258309681        1.21827486664422        0.49014978597511
H           -3.90364816499344        0.63450823725412        0.12626702218157
H           -3.65940642324450       -1.11912331670482        0.24401067075584
H           -4.10672645314501       -0.38883908637201       -1.33004918811185
H            0.05677753083097        0.45910265054484       -1.36313639041118
H            0.72314263696469       -1.50915395344122        0.87171508161422
H            0.20118295568501       -1.93117255763279       -0.76539364630591
H            2.66644479541001       -2.13239046747867       -0.53430162581309
H            2.23945913623906       -0.87942923337825       -1.70316640916770
H            3.00135775456487       -0.40874040128916        1.21323487955975
H            4.02648188671378       -0.07620242557207       -0.18586222831966
H            2.89738316164725        1.99204877607530        0.62006884343895
H            2.38435308200420        1.57801005033050       -1.01752410757404
H            0.84457096354754        0.95454093610352        1.54814146652199
H            0.43325681276208        2.20152397205115        0.36977765279830
24
 energy: -32.436897804645 gnorm: 0.000412838394 xtb: 6.7.1 (edcfbbe)
C           -3.55089401331547       -0.24403893130980       -0.40609445553177
O           -2.19091414048141       -0.07890197164134       -0.78388714080842
C           -1.31217037194775        0.06806064787614        0.21765097614940
O           -1.62874706420967        0.07768540317891        1.37808365858102
C            0.10146058936045        0.17666202115404       -0.30860369553771
C            0.76216325573581       -1.20319310362162       -0.17535044920495
C            2.21286263552568       -1.14707310239209       -0.64257104123724
C            2.99260194146022       -0.11271476645704        0.16265956527118
C            2.34367223576591        1.26090043337649        0.02604359227121
C            0.89080117618496        1.21730186222850        0.48739976471094
H           -3.90281257281378        0.63693967189936        0.13451723892147
H           -3.66073542284529       -1.11777344157199        0.23954658910517
H           -4.11052485445333       -0.37592307919921       -1.32842809836497
H            0.05606944279504        0.45463450470889       -1.36527602690285
H            0.72458239577281       -1.51005510061671        0.87218445113800
H            0.20544073990596       -1.93489219050449       -0.76507283854462
H            2.67053497310409       -2.13188956185340       -0.53016530982825
H            2.24324551468903       -0.88168824129377       -1.70185269508099
H            3.00178921310954       -0.40548624358417        1.21466090972193
H            4.02710463530320       -0.07290075957198       -0.18430995171370
H            2.89364524994079        1.99402542639959        0.61900949236482
H            2.38348227713823        1.57787201982517       -1.01891941631135
H            0.84158916397995        0.95497482498088        1.54573996252973
H            0.42974050617156        2.19973876475300        0.36502531543927
24
 energy: -32.436899069596 gnorm: 0.000213948506 xtb: 6.7.1 (edcfbbe)
C           -3.55204137027769       -0.23985056609687       -0.40541256350858
O           -2.19228552768666       -0.07481280927760       -0.78397220435275
C           -1.31201540222910        0.06433846545883        0.21716533693609
O           -1.62692558514430        0.06735461956827        1.37801450094452
C            0.10142261887632        0.17402331782065       -0.30964204406497
C            0.76396726827831       -1.20476343586045       -0.17497556988578
C            2.21490729334750       -1.14754359900181       -0.64112637368024
C            2.99294313644385       -0.11106783960661        0.16292987785183
C            2.34221592649337        1.26151663748722        0.02515393052530
C            0.88925070479910        1.21624936571728        0.48583736790909
H           -3.90206945712872        0.63890757956722        0.13994760354768
H           -3.66234944928134       -1.11661788149336        0.23597018966626
H           -4.11303193472688       -0.36634368357835       -1.32765011367622
H            0.05582808731900        0.45138477076262       -1.36647140770547
H            0.72586873077456       -1.51092362791524        0.87274071622901
H            0.20866214249231       -1.93760602721558       -0.76460226364701
H            2.67361298940174       -2.13168234595492       -0.52679817183724
H            2.24582123115342       -0.88383772284176       -1.70082540932205
H            3.00285062220731       -0.40279049716250        1.21521916105859
H            4.02731723773727       -0.07001961612621       -0.18429113218548
H            2.89090162606024        1.99580924131912        0.61791302640083
H            2.38207680215834        1.57787007757034       -1.02000270021397
H            0.83999883940196        0.95462949770387        1.54435899669652
H            0.42706097540660        2.19804116591920        0.36250964345137
24
 energy: -32.436899959011 gnorm: 0.000122459883 xtb: 6.7.1 (edcfbbe)
C           -3.55279257239914       -0.23723906608951       -0.40536042054536
O           -2.19288208965448       -0.07277728973089       -0.78391378719792
C           -1.31201589615994        0.06200982786129        0.21715566613276
O           -1.62619971791819        0.06165792741583        1.37814111201292
C            0.10144142816087        0.17224976358082       -0.30973905000277
C            0.76512974084446       -1.20587107344627       -0.17438055287875
C            2.21609201635047       -1.14775816741000       -0.64028447064641
C            2.99326037226807       -0.10989808536865        0.16275891616469
C            2.34110430063842        1.26189385693293        0.02430636289737
C            0.88835421791392        1.21543154390008        0.48539995326422
H           -3.90141499234056        0.64030504701286        0.14274528655220
H           -3.66393955301544       -1.11581216868858        0.23330968046400
H           -4.11423730927539       -0.36018204018254       -1.32778125932781
H            0.05584918772643        0.44928006688987       -1.36666510810781
H            0.72690714976948       -1.51159529172548        0.87346100939698
H            0.21062814037075       -1.93944699905734       -0.76385237989679
H            2.67559504043916       -2.13138310449284       -0.52467805397631
H            2.24707505938446       -0.88533026471599       -1.70032571115280
H            3.00415046516639       -0.40087401897585        1.21527078143069
H            4.02739728682964       -0.06796923916494       -0.18508515315421
H            2.88919520012749        1.99702712082087        0.61657818693867
H            2.38044981162846        1.57780747964632       -1.02102542163563
H            0.83959356183964        0.95394973524279        1.54398851358830
H            0.42524665718154        2.19678952650860        0.36196629681710
24
 energy: -32.436900725289 gnorm: 0.000163983246 xtb: 6.7.1 (edcfbbe)
C           -3.55330162995608       -0.23528128188887       -0.40567059664579
O           -2.19312022084177       -0.07147461197103       -0.78382648821114
C           -1.31209129549126        0.06035708757563        0.21740140573594
O           -1.62600248905865        0.05768478470011        1.37843905495484
C            0.10142890133636        0.17084619690273       -0.30943542768149
C            0.76602559186380       -1.20675394318435       -0.17352872061768
C            2.21687854269097       -1.14795568363431       -0.63961636010851
C            2.99358296910672       -0.10889953034594        0.16227234148809
C            2.34018977118446        1.26222846883463        0.02353086503517
C            0.88777505326908        1.21466314000392        0.48543282085405
H           -3.90077813927077        0.64134242337312        0.14456212819500
H           -3.66545821419075       -1.11532497068776        0.23072317874846
H           -4.11478336346265       -0.35521612102084       -1.32844535535208
H            0.05583419864818        0.44766458587714       -1.36643030934376
H            0.72810050993776       -1.51215646814218        0.87440786702012
H            0.21197293088465       -1.94090194481937       -0.76269693708890
H            2.67709406770993       -2.13116340707374       -0.52326452919340
H            2.24750291827391       -0.88641577380963       -1.69988211215168
H            3.00538544859540       -0.39925225523652        1.21494056200664
H            4.02747586134637       -0.06627932382422       -0.18623671398053
H            2.88802000072833        1.99817984383621        0.61503560402403
H            2.37858122912541        1.57757604758006       -1.02200213900189
H            0.83987181358896        0.95315719800385        1.54405174751068
H            0.42380304985818        2.19564062571478        0.36222851094119
24
 energy: -32.436901588591 gnorm: 0.000196629224 xtb: 6.7.1 (edcfbbe)
C           -3.55373109317526       -0.23310783774775       -0.40625322726062
O           -2.19318561269490       -0.07024932481315       -0.78370766866037
C           -1.31215830456937        0.05841290984575        0.21789585516238
O           -1.62608158166069        0.05351503492260        1.37891279063254
C            0.10143651049638        0.16921107324358       -0.30873377109219
C            0.76705133452554       -1.20780527505877       -0.17234897585476
C            2.21768377975823       -1.14813389369162       -0.63906751298350
C            2.99390215586111       -0.10780002821191        0.16167750202362
C            2.33915824540428        1.26264557175208        0.02248104863156
C            0.88719400377549        1.21385816434765        0.48564863907378
H           -3.89991512343644        0.64241538012816        0.14652052100355
H           -3.66734774703388       -1.11489047140541        0.22744084051712
H           -4.11516417414074       -0.34939798510580       -1.32952405109313
H            0.05577804382827        0.44569695631996       -1.36580993212538
H            0.72964909573315       -1.51264112699934        0.87575804281956
H            0.21339059798037       -1.94272139629917       -0.76093427837745
H            2.67878141224943       -2.13085427487991       -0.52210119158966
H            2.24763815705799       -0.88745031992196       -1.69956841491350
H            3.00676467068511       -0.39744295356908        1.21453759441408
H            4.02749614238511       -0.06444174385884       -0.18761770907145
H            2.88679509921754        1.99954925395329        0.61297119582431
H            2.37628540734097        1.57728329739897       -1.02331271505313
H            0.84038058219994        0.95221750745321        1.54427576233995
H            0.42218590408890        2.19439656896086        0.36285005277002
24
 energy: -32.436902453411 gnorm: 0.000139410931 xtb: 6.7.1 (edcfbbe)
C           -3.55413081743422       -0.23073628595464       -0.40697877860381
O           -2.19324706836388       -0.06893166938554       -0.78366774963003
C           -1.31223045199079        0.05632459071819        0.21840894836320
O           -1.62631812940141        0.04895352503230        1.37939377921080
C            0.10139959280804        0.16739841948957       -0.30798248140606
C            0.76817174280755       -1.20895620287675       -0.17084051417030
C            2.21850184772900       -1.14829473638218       -0.63846915318606
C            2.99437393100659       -0.10660634702562        0.16089440866053
C            2.33804602454915        1.26306498933591        0.02139383877652
C            0.88653633232587        1.21294900271297        0.48588360424638
H           -3.89883081458405        0.64344753738579        0.14885819673066
H           -3.66943088731917       -1.11457281791120        0.22355510485003
H           -4.11559346314739       -0.34274238254955       -1.33077579068338
H            0.05560533298539        0.44343732223922       -1.36517499137145
H            0.73158884835899       -1.51306494458273        0.87750512050562
H            0.21483250383124       -1.94479851559854       -0.75857744128289
H            2.68062603302030       -2.13047544585139       -0.52106412344360
H            2.24752132890374       -0.88839765299860       -1.69918477150189
H            3.00833281063554       -0.39552347710087        1.21393102071863
H            4.02765318638170       -0.06244591455794       -0.18924627617367
H            2.88547471863412        2.00097045060255        0.61081286010826
H            2.37381013909089        1.57698285579583       -1.02465513639026
H            0.84091455337103        0.95130189584009        1.54456552064900
H            0.42038021167830        2.19298089038656        0.36340520216114
24
 energy: -32.436903290862 gnorm: 0.000065782136 xtb: 6.7.1 (edcfbbe)
C           -3.55452936883897       -0.22802045419842       -0.40775226202152
O           -2.19332310714763       -0.06740265205631       -0.78363631386788
C           -1.31227012215674        0.05392962507429        0.21896196721609
O           -1.62659049087493        0.04363973993614        1.37988197018365
C            0.10138414063906        0.16526093873595       -0.30713690853991
C            0.76950021574033       -1.21031524562262       -0.16911549590040
C            2.21942496967678       -1.14849038321003       -0.63788672747874
C            2.99479223816825       -0.10531461295947        0.16009529155205
C            2.33681957330173        1.26356155309913        0.02022747040576
C            0.88575241534652        1.21202863512108        0.48596145098373
H           -3.89748531045323        0.64446134409699        0.15186581771615
H           -3.67179784616467       -1.11435926525594        0.21892751473635
H           -4.11613143642103       -0.33484507169887       -1.33208891440477
H            0.05544939416832        0.44066748760778       -1.36447986268101
H            0.73394593808068       -1.51337356285140        0.87955320263890
H            0.21654694409807       -1.94737425825827       -0.75570068650810
H            2.68272698623457       -2.13006709400866       -0.52013731739981
H            2.24725566432104       -0.88934071640355       -1.69881160191271
H            3.01000182116323       -0.39347548256892        1.21331599719142
H            4.02770613955722       -0.06022768884862       -0.19098881472465
H            2.88391304361008        2.00250436801504        0.60864828650709
H            2.37122142170669        1.57679323803216       -1.02606383569054
H            0.84128174550759        0.95051861540850        1.54471679034470
H            0.41839253661352        2.19150602957744        0.36363337879152
24
 energy: -32.436904038515 gnorm: 0.000096977840 xtb: 6.7.1 (edcfbbe)
C           -3.55500939006857       -0.22510078341249       -0.40840652294203
O           -2.19353874924204       -0.06567380274870       -0.78365057201337
C           -1.31230126798616        0.05125313501914        0.21939764189828
O           -1.62672441984222        0.03776521135953        1.38028162308334
C            0.10132793841182        0.16298417780653       -0.30652086273418
C            0.77094083387845       -1.21169685057932       -0.16729273919367
C            2.22045907823319       -1.14864999619343       -0.63726547149302
C            2.99529817368884       -0.10399478169589        0.15934559696039
C            2.33557245554536        1.26403274367621        0.01909716742737
C            0.88483128977891        1.21104512539460        0.48580871686840
H           -3.89598344932421        0.64536609131650        0.15560379463736
H           -3.67425898460633       -1.11428187144456        0.21390230165369
H           -4.11695310798238       -0.32609775795528       -1.33321747949726
H            0.05522146502066        0.43761519568739       -1.36406394723723
H            0.73640173050849       -1.51357058907558        0.88174744629993
H            0.21837795884164       -1.95004654195569       -0.75262131965486
H            2.68502907576442       -2.12958496237373       -0.51919896056071
H            2.24715571737720       -0.89021329779215       -1.69839264968182
H            3.01165574520650       -0.39140916137807        1.21275265691752
H            4.02788343010209       -0.05793851598945       -0.19259478875295
H            2.88220367784188        2.00395793036513        0.60670654680147
H            2.36892556258793        1.57667212937068       -1.02739966056216
H            0.84126232443868        0.94993960380143        1.54470879430725
H            0.41621041770235        2.18989265556065        0.36326308460561
24
 energy: -32.436904798748 gnorm: 0.000188039411 xtb: 6.7.1 (edcfbbe)
C           -3.55560098424102       -0.22168248159043       -0.40888396168764
O           -2.19389856657557       -0.06341269935331       -0.78365354197898
C           -1.31225739926465        0.04815265926131        0.21972424722829
O           -1.62652684428934        0.03050208368945        1.38062712107172
C            0.10131994567856        0.16033288140272       -0.30609654043335
C            0.77259896250956       -1.21335408690994       -0.16550076548434
C            2.22171288134231       -1.14886681030744       -0.63648253906701
C            2.99574021203368       -0.10253084201352        0.15875573009614
C            2.33417167245029        1.26457793124481        0.01793952139138
C            0.88367453765515        1.21009904710726        0.48523794241471
H           -3.89421527933033        0.64624362060620        0.16048783275748
H           -3.67690800882668       -1.11430031474146        0.20812458586382
H           -4.11812453037186       -0.31573871337354       -1.33409575938210
H            0.05496254922785        0.43403234135122       -1.36385999196135
H            0.73912298577657       -1.51383372212085        0.88395734787722
H            0.22067456953250       -1.95327687528299       -0.74946185548568
H            2.68765480914630       -2.12909239063212       -0.51800241787640
H            2.24725695264713       -0.89122040177310       -1.69782447511062
H            3.01323278901977       -0.38911819821679        1.21236058720849
H            4.02801017390583       -0.05537346486001       -0.19395404368478
H            2.88009131645948        2.00557898569349        0.60485426764982
H            2.36661428935971        1.57661189122026       -1.02875635074222
H            0.84087766104221        0.94964878034881        1.54432477832955
H            0.41380281098906        2.18828586601341        0.36216867814324
24
 energy: -32.436905658639 gnorm: 0.000241085182 xtb: 6.7.1 (edcfbbe)
C           -3.55640020614194       -0.21753515566794       -0.40912345329938
O           -2.19451199448298       -0.06048421037368       -0.78362305325468
C           -1.31220092242547        0.04429182024488        0.21993131890732
O           -1.62600784021908        0.02143833877796        1.38087994485082
C            0.10126514126309        0.15719415577852       -0.30593961764807
C            0.77463844000861       -1.21522091572387       -0.16362275978954
C            2.22339245157118       -1.14910771913915       -0.63550161391416
C            2.99625439082712       -0.10083162585740        0.15833016826946
C            2.33256019840786        1.26517372869895        0.01660086480856
C            0.88220544546410        1.20896916809036        0.48424106058410
H           -3.89212390746888        0.64713047253717        0.16693521205893
H           -3.67996490445902       -1.11437508751830        0.20132784445162
H           -4.11980027446086       -0.30310226305051       -1.33465077443486
H            0.05458451486687        0.42975351246230       -1.36397907118099
H            0.74204737495606       -1.51413917551900        0.88629453029587
H            0.22355846271964       -1.95688692100756       -0.74616206195261
H            2.69092497885215       -2.12849565537001       -0.51640151887172
H            2.24793994909178       -0.89238717319731       -1.69709168539592
H            3.01471085285984       -0.38641085661068        1.21219094357244
H            4.02826967166737       -0.05242765656154       -0.19495881392364
H            2.87749202664947        2.00741800431119        0.60286636086678
H            2.36436724955850        1.57647010601408       -1.03033329166402
H            0.83992766547191        0.94950433924519        1.54359779997430
H            0.41085874129918        2.18632585619984        0.36018206382677
24
 energy: -32.436905856394 gnorm: 0.000107779558 xtb: 6.7.1 (edcfbbe)
C           -3.55659279722723       -0.21721821936954       -0.40876840629050
O           -2.19472396647983       -0.06043269028295       -0.78355228837395
C           -1.31216283579396        0.04393149155734        0.21970441406787
O           -1.62562747931033        0.02098049742116        1.38064677168676
C            0.10129709914072        0.15697036568880       -0.30631742017683
C            0.77481390178435       -1.21537023018075       -0.16393899804843
C            2.22368364683246       -1.14911620208188       -0.63533090680171
C            2.99617989672211       -0.10071588222189        0.15860473607453
C            2.33242067769724        1.26517782356632        0.01661563142746
C            0.88200599679666        1.20885145499619        0.48391150678640
H           -3.89188574614554        0.64731585808879        0.16753627406443
H           -3.68025901452235       -1.11411938243362        0.20139192039120
H           -4.12022956515160       -0.30235784454581       -1.33408341985255
H            0.05467017368789        0.42956871015776       -1.36436127487267
H            0.74194563800688       -1.51440997573346        0.88594693486100
H            0.22403025587523       -1.95704485820887       -0.74673118137414
H            2.69124531745788       -2.12845276247816       -0.51590366001187
H            2.24860011001220       -0.89257726265253       -1.69697079217275
H            3.01453749253892       -0.38621332784814        1.21249405026897
H            4.02824102910166       -0.05218315120777       -0.19451553216025
H            2.87711726928074        2.00750156007962        0.60300609233422
H            2.36446613095199        1.57646952784298       -1.03032764855398
H            0.83954905824845        0.94952869782494        1.54330242340547
H            0.41066521637194        2.18618088878494        0.35963117045869
24
 energy: -32.436906093498 gnorm: 0.000156153791 xtb: 6.7.1 (edcfbbe)
C           -3.55690557847358       -0.21661063580151       -0.40816925391628
O           -2.19508734872277       -0.06014542560564       -0.78349469396236
C           -1.31212590008096        0.04346505847918        0.21933968466835
O           -1.62497931057112        0.01981466037996        1.38042241796507
C            0.10131465670206        0.15654956775073       -0.30696994584143
C            0.77510996696569       -1.21564102546670       -0.16447758737436
C            2.22424878891751       -1.14918985431548       -0.63498689542501
C            2.99618251077705       -0.10048908985452        0.15903305337039
C            2.33218513182443        1.26520242254147        0.01662658514929
C            0.88160584802723        1.20868802618624        0.48330157810369
H           -3.89144297502502        0.64767014201768        0.16884750874149
H           -3.68065829652993       -1.11384593988793        0.20138108408588
H           -4.12098059581678       -0.30082655232512       -1.33325086614335
H            0.05467855007108        0.42916533701401       -1.36501214923630
H            0.74167697458716       -1.51485925879805        0.88534910892918
H            0.22480284380011       -1.95732334633028       -0.74770296097873
H            2.69188359392436       -2.12843062597061       -0.51498243562301
H            2.24980692315801       -0.89299924485020       -1.69670663051458
H            3.01428181872033       -0.38580712854971        1.21297761407273
H            4.02836173809981       -0.05176938341574       -0.19374212451604
H            2.87645877028401        2.00771684260022        0.60318119930380
H            2.36465235188319        1.57642191031250       -1.03033651865069
H            0.83876474449534        0.94958873582548        1.54273797306596
H            0.41015229885927        2.18591989482751        0.35862465186368
24
 energy: -32.436906366841 gnorm: 0.000181409304 xtb: 6.7.1 (edcfbbe)
C           -3.55728537952764       -0.21558951496062       -0.40739744521208
O           -2.19554877084508       -0.05964804331302       -0.78349759242539
C           -1.31199196216108        0.04234943818555        0.21885984084999
O           -1.62409130852953        0.01773210695209        1.38016254730565
C            0.10133652271154        0.15588233273680       -0.30784107951335
C            0.77555705324253       -1.21604945387898       -0.16508347696321
C            2.22503254928894       -1.14926352854721       -0.63453169638921
C            2.99616018037069       -0.10012565846797        0.15969299111488
C            2.33188041131491        1.26534054162654        0.01653664017382
C            0.88106534778619        1.20849651293622        0.48240042921396
H           -3.89071686708943        0.64819182798889        0.17102823670094
H           -3.68120443175487       -1.11355207109028        0.20106013462333
H           -4.12206623219635       -0.29817334993566       -1.33220875593939
H            0.05449259507275        0.42838636400391       -1.36589914903208
H            0.74138519273754       -1.51545877276429        0.88466750400548
H            0.22591533936107       -1.95779589592496       -0.74886413194592
H            2.69279892376565       -2.12835747630139       -0.51376440945443
H            2.25137816218035       -0.89351465000155       -1.69634553730647
H            3.01380460831715       -0.38517361991335        1.21372577237641
H            4.02851662600342       -0.05118294761366       -0.19255138181050
H            2.87557432986271        2.00815122668338        0.60326657326431
H            2.36488551722250        1.57634573768617       -1.03047910671510
H            0.83771622160532        0.94971605103478        1.54189967898912
H            0.40939287713721        2.18555792964209        0.35715381122663
24
 energy: -32.436906716060 gnorm: 0.000191835532 xtb: 6.7.1 (edcfbbe)
C           -3.55778701375855       -0.21387615824475       -0.40620211407098
O           -2.19628202994547       -0.05842038007516       -0.78353133597664
C           -1.31176270961063        0.04093428912315        0.21815947954065
O           -1.62272574310354        0.01374569634269        1.37974959442246
C            0.10133614889080        0.15474635222977       -0.30918213416888
C            0.77632862066420       -1.21675058548086       -0.16598415493098
C            2.22632849303851       -1.14940071221835       -0.63380956623567
C            2.99613024262815       -0.09956302864860        0.16080291276510
C            2.33133738115659        1.26551068720065        0.01626793476950
C            0.88016084174859        1.20821075619171        0.48090543583469
H           -3.88952376525319        0.64883359004937        0.17485969566775
H           -3.68194008437681       -1.11323878550774        0.20019436267654
H           -4.12380608797089       -0.29349407748553       -1.33054296246495
H            0.05408635299225        0.42701501746635       -1.36726824743006
H            0.74113878045200       -1.51634171632194        0.88367044852500
H            0.22772196008889       -1.95871653272225       -0.75048836901644
H            2.69441475374725       -2.12821973653896       -0.51200923225172
H            2.25379704705232       -0.89414252245050       -1.69570326986706
H            3.01274483845996       -0.38411146854782        1.21498467759932
H            4.02884409803259       -0.05030751241406       -0.19036094256857
H            2.87408418868139        2.00888112736499        0.60316534348327
H            2.36519240994891        1.57599197938983       -1.03086743368184
H            0.83606372829967        0.95001110407289        1.54051629625016
H            0.40810505401350        2.18496770398861        0.35466397826675
24
 energy: -32.436907046483 gnorm: 0.000152500446 xtb: 6.7.1 (edcfbbe)
C           -3.55833163861426       -0.21161573991359       -0.40488056837072
O           -2.19715119742257       -0.05671762977074       -0.78355207239248
C           -1.31141649834977        0.03864842296863        0.21746990505082
O           -1.62126008032781        0.00836806327001        1.37932687412476
C            0.10132338235247        0.15326252590767       -0.31064799477731
C            0.77734566735020       -1.21764346022777       -0.16679196040665
C            2.22784068423138       -1.14945732864334       -0.63301230401239
C            2.99607874849662       -0.09886315899789        0.16211776948973
C            2.33068813414790        1.26572667158255        0.01583517112233
C            0.87908420868177        1.20790158111267        0.47905064982871
H           -3.88804506433384        0.64950868509670        0.17973891337080
H           -3.68283598493826       -1.11294165449555        0.19857676249941
H           -4.12582296068381       -0.28723178770871       -1.32867242827073
H            0.05359029256465        0.42511384738256       -1.36881084824429
H            0.74118136461518       -1.51724518463412        0.88281617495438
H            0.22986826657381       -1.95999778532583       -0.75187890984647
H            2.69637583248185       -2.12794441118962       -0.51032941128199
H            2.25642853790083       -0.89451240201861       -1.69493871463862
H            3.01119108445884       -0.38279421202963        1.21647828230581
H            4.02929486381422       -0.04931787615491       -0.18751860593825
H            2.87235449244037        2.00988481565486        0.60273177393893
H            2.36548084980573        1.57536355612189       -1.03150171987257
H            0.83421523940129        0.95051608614634        1.53882750658232
H            0.40650928122971        2.18425346262991        0.35155615192185
24
 energy: -32.436907324807 gnorm: 0.000098030297 xtb: 6.7.1 (edcfbbe)
C           -3.55865075087024       -0.20985472347244       -0.40413926729911
O           -2.19770834799537       -0.05508511720737       -0.78354858518181
C           -1.31114794676907        0.03701366073574        0.21713414789858
O           -1.62035641980676        0.00383651142249        1.37908930879813
C            0.10133141002461        0.15208478883263       -0.31144202058049
C            0.77819223767322       -1.21835239816062       -0.16700530226202
C            2.22885957956005       -1.14946223161806       -0.63255081079907
C            2.99594462137293       -0.09836803184128        0.16303241710083
C            2.33018380286036        1.26588826630974        0.01532435988048
C            0.87837224321611        1.20765758627610        0.47782823884422
H           -3.88708111061102        0.64981705357313        0.18337531439628
H           -3.68346545863520       -1.11286124714198        0.19678141662380
H           -4.12708978493581       -0.28221468534236       -1.32762247971792
H            0.05319131628961        0.42353818969888       -1.36967891878902
H            0.74169011717456       -1.51774515289517        0.88264776385856
H            0.23142371066108       -1.96116063940542       -0.75217899868815
H            2.69784360091839       -2.12769267242856       -0.50959693912195
H            2.25786410253373       -0.89450435930973       -1.69446384637834
H            3.00996399456835       -0.38185243104432        1.21753541524022
H            4.02951560495259       -0.04861525417192       -0.18547536298723
H            2.87113864828917        2.01071071256548        0.60202894358551
H            2.36544960583337        1.57478777310422       -1.03221574851690
H            0.83310625605819        0.95100246517864        1.53777368079146
H            0.40541647351362        2.18369702310567        0.34935767044133
24
 energy: -32.436907656019 gnorm: 0.000104222294 xtb: 6.7.1 (edcfbbe)
C           -3.55889120451174       -0.20813343508333       -0.40384512565974
O           -2.19808557835520       -0.05332342522170       -0.78348066249983
C           -1.31094333875425        0.03533398307589        0.21711207094754
O           -1.61984492624435       -0.00077726348174        1.37904182199897
C            0.10132273180887        0.15091295423474       -0.31171713830900
C            0.77900993491912       -1.21905350852736       -0.16666980817118
C            2.22962142033312       -1.14939755094471       -0.63222016560636
C            2.99596411565512       -0.09788968818963        0.16349732748412
C            2.32968131823322        1.26599108284037        0.01477581422423
C            0.87776123012286        1.20745753358492        0.47694576937590
H           -3.88640925541780        0.65003289330318        0.18636709732399
H           -3.68413254963218       -1.11279781850492        0.19449934853384
H           -4.12788615509354       -0.27737073568503       -1.32721712174704
H            0.05285393979153        0.42187250817668       -1.37005818527585
H            0.74271755752157       -1.51792641819926        0.88313050796378
H            0.23263917958935       -1.96248869778908       -0.75142143476013
H            2.69917542537470       -2.12736939506109       -0.50947051146393
H            2.25846690217701       -0.89419561790267       -1.69407608389608
H            3.00911797141461       -0.38098632779850        1.21810788317772
H            4.02981752296056       -0.04794686303767       -0.18412950535942
H            2.87016410806220        2.01147496804824        0.60106551860003
H            2.36505908728753        1.57414381369138       -1.03297133437650
H            0.83243333774877        0.95151508198561        1.53705958676797
H            0.40437473088539        2.18318701324916        0.34766472786436
24
 energy: -32.436908036337 gnorm: 0.000182657997 xtb: 6.7.1 (edcfbbe)
C           -3.55917922932142       -0.20612521990552       -0.40388350488951
O           -2.19839686360432       -0.05110587571850       -0.78334114888199
C           -1.31081396135879        0.03345336641884        0.21730710089995
O           -1.61948280545637       -0.00623944474017        1.37917715960080
C            0.10131079128082        0.14952679583965       -0.31165542732669
C            0.77999923916251       -1.21984739537256       -0.16578507051216
C            2.23035051384008       -1.14938836180258       -0.63193215021687
C            2.99596188463256       -0.09728768806361        0.16367344309305
C            2.32906284793858        1.26618615683849        0.01403777082276
C            0.87717150012288        1.20709482622213        0.47628739709796
H           -3.88590329314951        0.65025088116014        0.18935415602900
H           -3.68499365827792       -1.11274957221993        0.19137176256776
H           -4.12846954493052       -0.27175721988725       -1.32733698607979
H            0.05258370858508        0.41990842156233       -1.37013470481461
H            0.74426940465888       -1.51792040495551        0.88426422776454
H            0.23393041712232       -1.96412349271992       -0.74973570536122
H            2.70063268070580       -2.12704135474003       -0.50948352618693
H            2.25860705033213       -0.89402029462260       -1.69377601789060
H            3.00877761718143       -0.37995700596742        1.21840906054626
H            4.02992877123596       -0.04699976161817       -0.18350708149680
H            2.86913628575885        2.01238655674288        0.59979400092455
H            2.36423833776207        1.57362146373006       -1.03393408139816
H            0.83200128899056        0.95193723848408        1.53660599830043
H            0.40326452266480        2.18246247209866        0.34621372454569
24
 energy: -32.436908492923 gnorm: 0.000211015464 xtb: 6.7.1 (edcfbbe)
C           -3.55959382890272       -0.20351311404078       -0.40404317909631
O           -2.19874431511424       -0.04830125144214       -0.78316515035309
C           -1.31070203569720        0.03103298614458        0.21753570507849
O           -1.61899807080554       -0.01308552167955        1.37933669847644
C            0.10131863975799        0.14773000313353       -0.31150130058176
C            0.78117619724917       -1.22093025308665       -0.16461009128656
C            2.23123683217241       -1.14942454052075       -0.63142002878218
C            2.99618249374987       -0.09641130169686        0.16359823066788
C            2.32816442284901        1.26643050832911        0.01314920703098
C            0.87633927315101        1.20662131233435        0.47559520470805
H           -3.88534053231977        0.65062460057135        0.19295987164278
H           -3.68620516189441       -1.11258863399609        0.18730825763927
H           -4.12915267975854       -0.26458793176399       -1.32766117197256
H            0.05230664356413        0.41741253258365       -1.37014163755839
H            0.74616658955480       -1.51793066433842        0.88576054741841
H            0.23550209957208       -1.96632612415844       -0.74751523774048
H            2.70244508508346       -2.12662452298006       -0.50899998998193
H            2.25875457357296       -0.89425840328896       -1.69333937728671
H            3.00909586049817       -0.37850731538308        1.21848855225075
H            4.03014818620083       -0.04554123180416       -0.18350802556621
H            2.86772545891519        2.01345147913303        0.59832591711106
H            2.36296482426510        1.57319297243012       -1.03503431193629
H            0.83150834731905        0.95226267697431        1.53612199562963
H            0.40168860289367        2.18153682530942        0.34474971162612
24
 energy: -32.436909082559 gnorm: 0.000186268952 xtb: 6.7.1 (edcfbbe)
C           -3.56017339940263       -0.20042175063196       -0.40428290019404
O           -2.19919931255725       -0.04501086562698       -0.78297309796926
C           -1.31070275636731        0.02825886801981        0.21774138767059
O           -1.61847839952857       -0.02099426966896        1.37948836851104
C            0.10127147293871        0.14563423784698       -0.31132621717007
C            0.78255842983510       -1.22212523375339       -0.16318647872561
C            2.23234404358493       -1.14966674620985       -0.63065983444224
C            2.99650293199066       -0.09524615120789        0.16323924095485
C            2.32706891546658        1.26683662923800        0.01216652507553
C            0.87536101036571        1.20589363334013        0.47491860724823
H           -3.88470748512942        0.65105943588450        0.19716917810843
H           -3.68774500304828       -1.11238706485139        0.18240738778686
H           -4.12999969287025       -0.25605035458904       -1.32809818165331
H            0.05206133351230        0.41458442305101       -1.37014247048247
H            0.74816361394665       -1.51795830328489        0.88752769880931
H            0.23740740636611       -1.96874027796801       -0.74501641359582
H            2.70459913626245       -2.12630381782781       -0.50775063252842
H            2.25914886681267       -0.89522514369017       -1.69277379960495
H            3.01014306130731       -0.37658132618224        1.21831912945266
H            4.03027654571202       -0.04354992448977       -0.18432273556963
H            2.86603023724061        2.01476698405045        0.59674952251391
H            2.36132967970872        1.57296677989969       -1.03621467610736
H            0.83097825001984        0.95227643592888        1.53564359040913
H            0.39974861970979        2.18024888948641        0.34336719864003
24
 energy: -32.436910060124 gnorm: 0.000188191177 xtb: 6.7.1 (edcfbbe)
C           -3.56117266875935       -0.19485040958587       -0.40468564275095
O           -2.19993963867405       -0.03943476565867       -0.78268509899869
C           -1.31067249725613        0.02330200761856        0.21796498136101
O           -1.61752379079193       -0.03467230917066        1.37960114524082
C            0.10126896985445        0.14186310229090       -0.31108794633724
C            0.78492123805634       -1.22438412680189       -0.16080187661593
C            2.23432304069187       -1.15009970829690       -0.62912152178350
C            2.99718286514427       -0.09301770573888        0.16251691088051
C            2.32491064174818        1.26757428708419        0.01034214560262
C            0.87351778820604        1.20451293482340        0.47388166057121
H           -3.88332882113482        0.65200081873715        0.20458679459883
H           -3.69063546924273       -1.11181714152385        0.17379909482918
H           -4.13154159246875       -0.24077278594721       -1.32875704350762
H            0.05176057064224        0.40962670007984       -1.37019040731886
H            0.75137368639599       -1.51827626896041        0.89047397714038
H            0.24088326111233       -1.97311366802581       -0.74098519114369
H            2.70837717288381       -2.12566402018864       -0.50467146300994
H            2.26011146802163       -0.89759406590815       -1.69173494737239
H            3.01269957715419       -0.37292224259122        1.21796001782736
H            4.03043782671068       -0.03965909328466       -0.18637817329580
H            2.86274014963701        2.01705087667825        0.59398807630063
H            2.35809458187234        1.57283147865879       -1.03833414817293
H            0.83005811750922        0.95188340203062        1.53488983006362
H            0.39614102856360        2.17789779044462        0.34141922302877
24
 energy: -32.436910717292 gnorm: 0.000128207071 xtb: 6.7.1 (edcfbbe)
C           -3.56185897116562       -0.19114946883827       -0.40488781600145
O           -2.20044713281272       -0.03624524465580       -0.78255056574174
C           -1.31073323974808        0.02004670767583        0.21797213285219
O           -1.61709295794620       -0.04304101092615        1.37945327471439
C            0.10120919222076        0.13933608060102       -0.31097003687624
C            0.78652079911418       -1.22586387912595       -0.15937875455156
C            2.23579559273701       -1.15056818885710       -0.62794344603310
C            2.99767124166415       -0.09139070289111        0.16187086755983
C            2.32342337619663        1.26818292708063        0.00924095244790
C            0.87226979651600        1.20340708872580        0.47330856986483
H           -3.88214015350114        0.65282324912584        0.20931376239251
H           -3.69284293688703       -1.11114035262154        0.16839094736899
H           -4.13265574279561       -0.23072833346536       -1.32897377760074
H            0.05159231624598        0.40642876184088       -1.37022918381709
H            0.75325375554266       -1.51872578126318        0.89217788919351
H            0.24334107934338       -1.97582584620824       -0.73877101383430
H            2.71102861106227       -2.12539147159558       -0.50207368911921
H            2.26113000389697       -0.89966559624950       -1.69093673340131
H            3.01471486942778       -0.37025310362777        1.21755194695972
H            4.03049234387125       -0.03683403212689       -0.18815241021079
H            2.86047964548655        2.01875590847776        0.59221764026591
H            2.35573869611930        1.57284505066820       -1.03962256216033
H            0.82952698819064        0.95115962054335        1.53443636710806
H            0.39357033309732        2.17610270447662        0.34054603575745
24
 energy: -32.436911171842 gnorm: 0.000194001549 xtb: 6.7.1 (edcfbbe)
C           -3.56254527357188       -0.18744852809066       -0.40508998925196
O           -2.20095462695138       -0.03305572365292       -0.78241603248480
C           -1.31079398224003        0.01679140773310        0.21797928434337
O           -1.61666212510047       -0.05140971268164        1.37930540418796
C            0.10114941458706        0.13680905891113       -0.31085212741524
C            0.78812036017202       -1.22734363145000       -0.15795563248719
C            2.23726814478215       -1.15103666941730       -0.62676537028270
C            2.99815961818404       -0.08976370004334        0.16122482423915
C            2.32193611064509        1.26879156707707        0.00813975929318
C            0.87102180482596        1.20230124262820        0.47273547915845
H           -3.88095148586747        0.65364567951454        0.21404073018619
H           -3.69505040453133       -1.11046356371923        0.16298279990880
H           -4.13376989312247       -0.22068388098351       -1.32919051169385
H            0.05142406184972        0.40323082360193       -1.37026796031532
H            0.75513382468932       -1.51917529356596        0.89388180124664
H            0.24579889757443       -1.97853802439068       -0.73655683652492
H            2.71368004924073       -2.12511892300252       -0.49947591522848
H            2.26214853977231       -0.90173712659085       -1.69013851943023
H            3.01673016170136       -0.36758396466431        1.21714387609207
H            4.03054686103182       -0.03400897096912       -0.18992664712578
H            2.85821914133609        2.02046094027726        0.59044720423118
H            2.35338281036626        1.57285862267762       -1.04091097614772
H            0.82899585887206        0.95043583905608        1.53398290415249
H            0.39099963763104        2.17430761850861        0.33967284848612
24
 energy: -32.436911487450 gnorm: 0.000104358251 xtb: 6.7.1 (edcfbbe)
C           -3.56275323479950       -0.18590940251862       -0.40505062510695
O           -2.20108681273014       -0.03226426890128       -0.78238670319505
C           -1.31076126735128        0.01547128607157        0.21788482905946
O           -1.61655748509935       -0.05426100060234        1.37912104568879
C            0.10118631103804        0.13569264505603       -0.31091673174385
C            0.78876194500932       -1.22806931293373       -0.15756479262653
C            2.23792250345269       -1.15107491123856       -0.62625856837344
C            2.99835904358068       -0.08903054694710        0.16112073936688
C            2.32115393522893        1.26897306251303        0.00755899781249
C            0.87043140640144        1.20171822830796        0.47257569517849
H           -3.88004366604069        0.65422756233416        0.21582872230748
H           -3.69619127927238       -1.10986175337596        0.16113734781526
H           -4.13422257572909       -0.21661720443695       -1.32899807589339
H            0.05148861502084        0.40194523540943       -1.37038689735583
H            0.75571489890456       -1.51966197893526        0.89433855993021
H            0.24694722917454       -1.97968194884777       -0.73610165444258
H            2.71483553956112       -2.12478401560188       -0.49813143284926
H            2.26284387069533       -0.90262159127765       -1.68983550263305
H            3.01754795890052       -0.36637132541431        1.21716126828630
H            4.03055434974924       -0.03271517913311       -0.19050109323121
H            2.85707082685723        2.02111762438025        0.58956075760281
H            2.35220230243796        1.57279203866774       -1.04158596208926
H            0.82877897421591        0.94981858892400        1.53383791767370
H            0.38980411667049        2.17343325526386        0.33958255595592
24
 energy: -32.436911702493 gnorm: 0.000081956543 xtb: 6.7.1 (edcfbbe)
C           -3.56289044737034       -0.18500096347705       -0.40486314550940
O           -2.20121137166181       -0.03214811294928       -0.78241087005757
C           -1.31069175998574        0.01468441687082        0.21774199477508
O           -1.61646495076644       -0.05557423782215        1.37893392869841
C            0.10122950707833        0.13497057032733       -0.31107292507398
C            0.78920355603671       -1.22858240870922       -0.15760164325856
C            2.23844104642189       -1.15111070271130       -0.62594413056856
C            2.99835342082420       -0.08858510799150        0.16127236739479
C            2.32066833655314        1.26910420181006        0.00722114616707
C            0.87005273896139        1.20135629469778        0.47236516824454
H           -3.87917027611050        0.65472843825427        0.21703551960128
H           -3.69704083796356       -1.10942218279135        0.16033904036132
H           -4.13466071619250       -0.21413609570799       -1.32863832648595
H            0.05152918170444        0.40118232959925       -1.37055802898359
H            0.75607314724501       -1.52017597859186        0.89429938903167
H            0.24780979440386       -1.98042765848560       -0.73623362608225
H            2.71566159720181       -2.12461073702195       -0.49742575349344
H            2.26350123018551       -0.90297758941816       -1.68959382261798
H            3.01754685442007       -0.36562209953741        1.21739136892452
H            4.03055985129510       -0.03197639904072       -0.19023607437328
H            2.85628689784013        2.02168309029727        0.58892867137893
H            2.35150259622047        1.57258333862464       -1.04203626549340
H            0.82864250949431        0.94942457204727        1.53363241755617
H            0.38905560004095        2.17289810849037        0.33944399700159
24
 energy: -32.436911907314 gnorm: 0.000062896479 xtb: 6.7.1 (edcfbbe)
C           -3.56306143891211       -0.18409602865957       -0.40456682171028
O           -2.20138761933116       -0.03221538395317       -0.78246239833551
C           -1.31062678618690        0.01387293093274        0.21756074320797
O           -1.61633312726112       -0.05672977159895        1.37874873287349
C            0.10122942289245        0.13422761405488       -0.31133851291874
C            0.78971036286112       -1.22904375873255       -0.15768324350157
C            2.23904868241734       -1.15106600431739       -0.62568994943918
C            2.99838642286462       -0.08817610150987        0.16157088708065
C            2.32023064413485        1.26918540411712        0.00688737634743
C            0.86965518330761        1.20095339731816        0.47204296123873
H           -3.87818549560754        0.65524506977783        0.21844200432616
H           -3.69799546904909       -1.10901937970557        0.15962268199227
H           -4.13523500939523       -0.21155558987191       -1.32813073236321
H            0.05148373991547        0.40035043080406       -1.37084942296327
H            0.75638803524380       -1.52069761208955        0.89420164991952
H            0.24872304237481       -1.98104025544433       -0.73648670334637
H            2.71660996385332       -2.12436183229535       -0.49690037644154
H            2.26433879518718       -0.90307074892908       -1.68937353227467
H            3.01720495518726       -0.36492000918449        1.21777891459521
H            4.03072078059375       -0.03134322413331       -0.18952928392916
H            2.85553666929100        2.02223900406446        0.58826090428198
H            2.35097108162109        1.57219815764665       -1.04251113945924
H            0.82835871159181        0.94906111852169        1.53332884321633
H            0.38821595828210        2.17226765995101        0.33906681474043
24
 energy: -32.436912077810 gnorm: 0.000044027506 xtb: 6.7.1 (edcfbbe)
C           -3.56322674658718       -0.18315180777696       -0.40422966832526
O           -2.20154754032680       -0.03227823075596       -0.78248187703861
C           -1.31052478000948        0.01299810078419        0.21739476090462
O           -1.61607905476782       -0.05797900284841        1.37861418010738
C            0.10126149464410        0.13342145186138       -0.31162891398402
C            0.79022720530420       -1.22959210340408       -0.15783350934963
C            2.23967680419157       -1.15107462037897       -0.62542649399352
C            2.99834745716739       -0.08776201474222        0.16192939439783
C            2.31981033375305        1.26933234399883        0.00658446449066
C            0.86922979308771        1.20063495908375        0.47160460670792
H           -3.87712645995894        0.65570992109001        0.22007101540073
H           -3.69900505570951       -1.10868666524565        0.15878425484383
H           -4.13583646422525       -0.20871134737590       -1.32759311827335
H            0.05138786953891        0.39939809117488       -1.37116538497688
H            0.75677012423665       -1.52125875640003        0.89403721471580
H            0.24970526536925       -1.98182945276377       -0.73677003136641
H            2.71757621390082       -2.12418137402163       -0.49646568280360
H            2.26514153348649       -0.90313445868821       -1.68911634031090
H            3.01673239298470       -0.36424385004197        1.21821410612493
H            4.03083920917602       -0.03070473874035       -0.18865541772689
H            2.85472847629172        2.02287124633302        0.58768041657101
H            2.35052738758441        1.57188174708956       -1.04294679752899
H            0.82795939873703        0.94886555824970        1.53292037510995
H            0.38741264800736        2.17174009028232        0.33846884344083
24
 energy: -32.436912220768 gnorm: 0.000055401714 xtb: 6.7.1 (edcfbbe)
C           -3.56344566561325       -0.18211618987120       -0.40387551807935
O           -2.20175794696411       -0.03220667305630       -0.78245695670284
C           -1.31045562839091        0.01202793305996        0.21723493712092
O           -1.61576618500245       -0.05951516784213        1.37849259512734
C            0.10125402166803        0.13254720231705       -0.31197176428452
C            0.79081770519443       -1.23012396598943       -0.15787895351046
C            2.24035171465942       -1.15105225919796       -0.62516062416909
C            2.99837804363637       -0.08734952468805        0.16228310036623
C            2.31937678729410        1.26943011824191        0.00629612842982
C            0.86874668227148        1.20028074890960        0.47106499414442
H           -3.87605185193598        0.65610521399647        0.22196637885478
H           -3.70009557984415       -1.10842905458667        0.15767959086978
H           -4.13649126470956       -0.20546951706278       -1.32704356990326
H            0.05122227912382        0.39831265096800       -1.37155319030271
H            0.75724105631962       -1.52175293439579        0.89399730504018
H            0.25075286730854       -1.98262852500613       -0.73689409547359
H            2.71864756290578       -2.12394102000715       -0.49602118542084
H            2.26595884264893       -0.90315624336603       -1.68885830602879
H            3.01632736795961       -0.36356071283392        1.21864484516804
H            4.03101381783054       -0.03003889614809       -0.18783210112412
H            2.85386711504178        2.02341412542182        0.58720601141911
H            2.35015829484332        1.57157535444691       -1.04334558704851
H            0.82741787607401        0.94877612694115        1.53244303196759
H            0.38651959355702        2.17113629651228        0.33757333067727
24
 energy: -32.436912373489 gnorm: 0.000073237135 xtb: 6.7.1 (edcfbbe)
C           -3.56370829616723       -0.18080892915693       -0.40351294050271
O           -2.20199538444263       -0.03182069306572       -0.78239422370362
C           -1.31037454214053        0.01079596966680        0.21708196932242
O           -1.61536456755960       -0.06180204254250        1.37837802169392
C            0.10126422002112        0.13146660489073       -0.31232117792729
C            0.79150866575667       -1.23078977148844       -0.15781067538398
C            2.24110638242006       -1.15107085686773       -0.62482635817073
C            2.99841659287024       -0.08683479724694        0.16259502240961
C            2.31887395859396        1.26959621618751        0.00596074925566
C            0.86816044489528        1.19990296758961        0.47040081427751
H           -3.87491231465205        0.65640619129987        0.22439596151194
H           -3.70134205528088       -1.10822150494125        0.15600481250729
H           -4.13722180636335       -0.20132297435383       -1.32646687934539
H            0.05105384807592        0.39690758927412       -1.37197142704708
H            0.75784400907234       -1.52219415572618        0.89412125985699
H            0.25194853128177       -1.98370241194165       -0.73677077319845
H            2.71986775417422       -2.12370107674557       -0.49546507427090
H            2.26681602106295       -0.90330089091371       -1.68855068693317
H            3.01605261056605       -0.36274045895226        1.21904179728004
H            4.03116861258824       -0.02917899969348       -0.18711984286551
H            2.85285061157990        2.02404157571189        0.58674558759055
H            2.34980418037029        1.57136689043412       -1.04378127770147
H            0.82668233244871        0.94880355860165        1.53186909528059
H            0.38548769670497        2.17046708674341        0.33638664320122
24
 energy: -32.436912652984 gnorm: 0.000137110774 xtb: 6.7.1 (edcfbbe)
C           -3.56424013426468       -0.17807885480323       -0.40290497840634
O           -2.20250026979555       -0.03047134974621       -0.78226485592616
C           -1.31023088617227        0.00825720012379        0.21678175679632
O           -1.61456960478705       -0.06712862013716        1.37810150909352
C            0.10126580412470        0.12931869846164       -0.31297448989231
C            0.79291052430546       -1.23207473295806       -0.15743073159893
C            2.24255725876784       -1.15115506801888       -0.62409283022365
C            2.99854210951130       -0.08580094710089        0.16309812736983
C            2.31781207588422        1.26990160612509        0.00524365297230
C            0.86696096294191        1.19918730730086        0.46908344285647
H           -3.87280894788293        0.65675198977541        0.22953706188661
H           -3.70364171107322       -1.10799581198367        0.15207910008609
H           -4.13863681529840       -0.19256313724673       -1.32547342276301
H            0.05071205201401        0.39407036294337       -1.37277841186965
H            0.75925722178418       -1.52289131664111        0.89465675541378
H            0.25431506791309       -1.98592699935187       -0.73607220520030
H            2.72227669745758       -2.12324152504327       -0.49420134139344
H            2.26829267845203       -0.90379660917096       -1.68791401055469
H            3.01584987905646       -0.36105725596153        1.21972221939016
H            4.03142802501813       -0.02742316263663       -0.18609912430371
H            2.85078274495552        2.02523165609049        0.58580552085067
H            2.34893126059645        1.57103399510838       -1.04467116425584
H            0.82531849335851        0.94894619543947        1.53075070607508
H            0.38340301900910        2.16917146619520        0.33400811073462
24
 energy: -32.436913110579 gnorm: 0.000458111627 xtb: 6.7.1 (edcfbbe)
C           -3.56588333993279       -0.16930640965883       -0.40121813362417
O           -2.20406094264079       -0.02550565330341       -0.78186095679596
C           -1.30981889031341        0.00011873950449        0.21590265011740
O           -1.61225923989360       -0.08488792591484        1.37715527597937
C            0.10127778837839        0.12252300871961       -0.31473935939491
C            0.79726327014968       -1.23614969051417       -0.15591412704196
C            2.24700981005164       -1.15148859116829       -0.62168713987258
C            2.99898777786054       -0.08239823769865        0.16430660217381
C            2.31445969102508        1.27097161977429        0.00284959512838
C            0.86327190598704        1.19686364471803        0.46516856651321
H           -3.86655744672395        0.65754259630695        0.24573096705902
H           -3.71065634554546       -1.10728601011804        0.13903508441337
H           -4.14291828827997       -0.16465759196919       -1.32251036139967
H            0.04981714131504        0.38509156553771       -1.37502809073854
H            0.76362178038520       -1.52482261520784        0.89674478428139
H            0.26155732070102       -1.99301582599533       -0.73334099576777
H            2.72972879710163       -2.12184234460719       -0.48992299873149
H            2.27279996957704       -0.90569042336104       -1.68587453713253
H            3.01564945264201       -0.35549637221030        1.22149961130256
H            4.03217587286317       -0.02165880527201       -0.18360777441422
H            2.84439499289987        2.02910140658173        0.58257730829785
H            2.34601753398119        1.57001755393558       -1.04763954328678
H            0.82121000312281        0.94921901425634        1.52744332827451
H            0.37689889116499        2.16502243442794        0.32692064179714
24
 energy: -32.436913380762 gnorm: 0.000280131044 xtb: 6.7.1 (edcfbbe)
C           -3.56589136396840       -0.16886065499947       -0.40131879383606
O           -2.20405632894454       -0.02492006901422       -0.78183632172382
C           -1.30984531142838       -0.00024756632840        0.21590583679243
O           -1.61231612486693       -0.08607425511065        1.37706392349762
C            0.10125677432843        0.12229491238348       -0.31464392191428
C            0.79743205337875       -1.23624547621875       -0.15562246050717
C            2.24712287334461       -1.15158531155134       -0.62153860860395
C            2.99907115161689       -0.08222132786136        0.16411380260992
C            2.31426916259565        1.27102718057181        0.00272448474795
C            0.86313807184570        1.19675603331200        0.46519713784234
H           -3.86662073969992        0.65743137166123        0.24601751137130
H           -3.71080037770389       -1.10700613673457        0.13828641648782
H           -4.14279056307135       -0.16364885241826       -1.32246413162124
H            0.04980944570652        0.38478708998028       -1.37494709930950
H            0.76388595041343       -1.52477098345306        0.89707341851986
H            0.26177525726467       -1.99325906623660       -0.73288149015112
H            2.72996254095245       -2.12185511296272       -0.48960475632174
H            2.27273982076080       -0.90604556040802       -1.68578489875052
H            3.01608056694185       -0.35519883115064        1.22132942982101
H            4.03214806276687       -0.02135074436521       -0.18411142937831
H            2.84416677946510        2.02927148583617        0.58232448912394
H            2.34559384720566        1.57005430733233       -1.04776633464801
H            0.82125600983820        0.94910254442139        1.52747019384879
H            0.37659994713422        2.16483011007807        0.32700399924019
24
 energy: -32.436913563002 gnorm: 0.000059422815 xtb: 6.7.1 (edcfbbe)
C           -3.56582526609079       -0.16891582275481       -0.40143761673907
O           -2.20403292958558       -0.02427095478713       -0.78176576774415
C           -1.30983949125885       -0.00015683916940        0.21589831869911
O           -1.61240001767663       -0.08669590294462        1.37688136468734
C            0.10129716211979        0.12245330499035       -0.31451960324865
C            0.79729465081037       -1.23617658165109       -0.15546857470030
C            2.24693649748876       -1.15157824833606       -0.62143316536671
C            2.99904157253745       -0.08221315053079        0.16398776912412
C            2.31422137432426        1.27097822796188        0.00257120405887
C            0.86322907355856        1.19679870324653        0.46538525189056
H           -3.86686045789607        0.65691412301565        0.24614236486012
H           -3.71043549272305       -1.10725100969937        0.13769220333294
H           -4.14264334085569       -0.16350351205216       -1.32251090060094
H            0.05002405292227        0.38506583878070       -1.37481377938500
H            0.76377503963905       -1.52462615591788        0.89725808699622
H            0.26158596618700       -1.99319403172647       -0.73266430180974
H            2.72969164764280       -2.12183288200302       -0.48924619950717
H            2.27256273034975       -0.90632985316911       -1.68575390116227
H            3.01638258962747       -0.35508710965053        1.22122526042455
H            4.03200222756996       -0.02134260853512       -0.18454648840194
H            2.84425104302504        2.02919483840906        0.58206390876882
H            2.34537049215646        1.56999870694502       -1.04794399092646
H            0.82154659846123        0.94908744955180        1.52765994369600
H            0.37681178354280        2.16494855679010        0.32732901019121
24
 energy: -32.436913569335 gnorm: 0.000282028272 xtb: 6.7.1 (edcfbbe)
C           -3.56575916821318       -0.16897099051014       -0.40155643964207
O           -2.20400953022663       -0.02362184056004       -0.78169521376449
C           -1.30983367108932       -0.00006611201040        0.21589080060579
O           -1.61248391048633       -0.08731755077859        1.37669880587705
C            0.10133754991116        0.12261169759722       -0.31439528458302
C            0.79715724824198       -1.23610768708343       -0.15531468889343
C            2.24675012163292       -1.15157118512079       -0.62132772212946
C            2.99901199345802       -0.08220497320022        0.16386173563833
C            2.31417358605288        1.27092927535195        0.00241792336979
C            0.86332007527142        1.19684137318106        0.46557336593877
H           -3.86710017609222        0.65639687437006        0.24626721834895
H           -3.71007060774222       -1.10749588266417        0.13709799017806
H           -4.14249611864003       -0.16335817168606       -1.32255766958064
H            0.05023866013803        0.38534458758111       -1.37468045946051
H            0.76366412886468       -1.52448132838271        0.89744275547257
H            0.26139667510933       -1.99312899721633       -0.73244711346835
H            2.72942075433315       -2.12181065104332       -0.48888764269260
H            2.27238563993870       -0.90661414593021       -1.68572290357403
H            3.01668461231309       -0.35497538815041        1.22112109102809
H            4.03185639237306       -0.02133447270503       -0.18498154742558
H            2.84433530658497        2.02911819098196        0.58180332841369
H            2.34514713710726        1.56994310655770       -1.04812164720492
H            0.82183718708427        0.94907235468220        1.52784969354320
H            0.37702361995138        2.16506700350212        0.32765402114222
24
 energy: -32.436913709299 gnorm: 0.000123559524 xtb: 6.7.1 (edcfbbe)
C           -3.56578979644194       -0.16891780210518       -0.40171099480245
O           -2.20403357362182       -0.02308365247292       -0.78171616915595
C           -1.30990717142680       -0.00015140428096        0.21595585507724
O           -1.61260971016197       -0.08796017242753        1.37677142488421
C            0.10127709635786        0.12273281596735       -0.31424907230409
C            0.79713105804871       -1.23596125322776       -0.15513648101959
C            2.24673253887911       -1.15175793835524       -0.62122571254183
C            2.99907298285156       -0.08216866134273        0.16361920295882
C            2.31422771473248        1.27101808541221        0.00240981371529
C            0.86338416741689        1.19689550348102        0.46567641385944
H           -3.86742941726401        0.65613568045436        0.24647624196222
H           -3.70977056276408       -1.10776680323114        0.13656840005324
H           -4.14242871917480       -0.16312880147022       -1.32283468458293
H            0.05022523934090        0.38545570455035       -1.37453330700717
H            0.76360951691656       -1.52425549048140        0.89763748787966
H            0.26123848430432       -1.99295998551236       -0.73216759775941
H            2.72935084724176       -2.12203631343479       -0.48866683836155
H            2.27230227450316       -0.90698422528591       -1.68565804365882
H            3.01698516668631       -0.35485782802639        1.22088984698498
H            4.03185871830534       -0.02134145966082       -0.18544370470188
H            2.84451556924548        2.02928704996004        0.58161110148840
H            2.34498251410532        1.56994517075267       -1.04814862352953
H            0.82205761962277        0.94902057121381        1.52792747566702
H            0.37700494817328        2.16510629628705        0.32793836203212
24
 energy: -32.436913797839 gnorm: 0.000095783633 xtb: 6.7.1 (edcfbbe)
C           -3.56577334643801       -0.16877628882255       -0.40201851304920
O           -2.20399572311486       -0.02199625524900       -0.78174665203125
C           -1.30995124593658       -0.00016438750028        0.21609019972101
O           -1.61267656798335       -0.08927779049915        1.37687615784971
C            0.10125702393246        0.12287311974222       -0.31398543318293
C            0.79703783016975       -1.23585384174385       -0.15478008551991
C            2.24660354664396       -1.15188602773123       -0.62107652329490
C            2.99920894615731       -0.08209194896551        0.16330847034971
C            2.31420546365238        1.27106793842181        0.00219412756962
C            0.86346937146708        1.19696895225572        0.46592926340199
H           -3.86801437279004        0.65565580409378        0.24683018207684
H           -3.70925795488029       -1.10820414845840        0.13555755685376
H           -4.14226614749998       -0.16261061797633       -1.32332531606356
H            0.05018694312431        0.38558774916303       -1.37426421666875
H            0.76355925624885       -1.52396436719771        0.89804325774833
H            0.26096926399726       -1.99288865134200       -0.73162039377425
H            2.72916862116638       -2.12216498498645       -0.48821731034042
H            2.27205945587949       -0.90753461522738       -1.68561110939174
H            3.01757514501090       -0.35463562648497        1.22061721296475
H            4.03186445911303       -0.02126105709035       -0.18619374670611
H            2.84469423289086        2.02939956957179        0.58113826516282
H            2.34459710615432        1.56991621011708       -1.04839752254267
H            0.82244752323094        0.94891420070902        1.52815178450850
H            0.37701867568020        2.16519215196425        0.32849074149611
