24
 energy: -687.076924680194 gnorm: 0.000688721350 xtb: 6.7.1 (edcfbbe)
C           -2.16091876202254       -0.89891348902093       -0.20036479683687
C           -1.14180406215368       -0.31334288956773        0.77704526877641
H           -1.65705723570683       -0.29409543141826        1.74585193033324
C           -0.72117031969623        1.14885401536183        0.52510555354170
H           -1.57334279335107        1.68147699921627        0.08236256498673
C            0.47379921972744        1.29240790909181       -0.43057091422957
H            0.86383345802975        2.31325526628624       -0.31774682559320
C            1.58589029369124        0.30830428647504       -0.06362829384036
H            2.35054102145922        0.29502675858191       -0.85855055100743
C            1.07397807042994       -1.13224878282503        0.11466302767904
H            1.85959664843384       -1.71810215741340        0.61865191183305
O           -0.01913705812397       -1.19139307218454        1.00822110598196
O            0.85858899744811       -1.74891559991739       -1.12886601502256
O            2.14891221854973        0.80889034128625        1.15628215487438
O            0.01121014106438        1.10578896816957       -1.77826914490891
O           -0.44111716694600        1.81011015660957        1.75240727854325
O           -1.73412189620016       -1.01860022585125       -1.55929721251930
H           -3.07407968731948       -0.28650391359450       -0.13874893446070
H           -2.40771190746078       -1.91245672396391        0.12944857253981
H           -0.08474719538475       -1.62774910971612       -1.38006027076483
H            2.65873861228956        0.10104581289879        1.56843325495723
H            0.71783833725552        0.69564538921912       -2.29284086794791
H            0.43319970891168        1.50729042311856        2.04097865521547
H           -1.40793071220566       -0.14337265460789       -1.84075055295419
24
 energy: -687.076925605596 gnorm: 0.000314499649 xtb: 6.7.1 (edcfbbe)
C           -2.16121376877372       -0.89895880224549       -0.20027636209348
C           -1.14181685939102       -0.31330492635895        0.77673064701370
H           -1.65691617480733       -0.29396870300708        1.74561642284701
C           -0.72153888857817        1.14897365363850        0.52493526419577
H           -1.57391150246945        1.68147112879326        0.08251903501409
C            0.47402143265679        1.29269159888184       -0.43015926792402
H            0.86390807943124        2.31361976686808       -0.31700713048808
C            1.58635618427764        0.30835286846953       -0.06374323265580
H            2.35121692495722        0.29511620670585       -0.85837481317694
C            1.07429095313173       -1.13230021530089        0.11409370820426
H            1.85989101870299       -1.71811497118746        0.61821299138875
O           -0.01888957609342       -1.19129721248040        1.00756982756679
O            0.85859190540540       -1.74842045004138       -1.12969170260818
O            2.14869296587811        0.80893765824666        1.15661271675968
O            0.01143160767107        1.10604307512480       -1.77779724847197
O           -0.44089299738614        1.81034178178361        1.75203056068761
O           -1.73465474215927       -1.01893730741673       -1.55924826300087
H           -3.07439741050604       -0.28649139883743       -0.13848714492074
H           -2.40791354282925       -1.91246498072695        0.12976441748123
H           -0.08488419990647       -1.62685915264518       -1.38037232174984
H            2.65820086530802        0.10094835894691        1.56904459792698
H            0.71753897633111        0.69336355305409       -2.29183448358997
H            0.43356585374635        1.50764631641649        2.04037005729357
H           -1.40768921044879       -0.14398554049561       -1.84075133018342
24
 energy: -687.076925605596 gnorm: 0.000314499649 xtb: 6.7.1 (edcfbbe)
C           -2.16121376877372       -0.89895880224549       -0.20027636209348
C           -1.14181685939102       -0.31330492635895        0.77673064701370
H           -1.65691617480733       -0.29396870300708        1.74561642284701
C           -0.72153888857817        1.14897365363850        0.52493526419577
H           -1.57391150246945        1.68147112879326        0.08251903501409
C            0.47402143265679        1.29269159888184       -0.43015926792402
H            0.86390807943124        2.31361976686808       -0.31700713048808
C            1.58635618427764        0.30835286846953       -0.06374323265580
H            2.35121692495722        0.29511620670585       -0.85837481317694
C            1.07429095313173       -1.13230021530089        0.11409370820426
H            1.85989101870299       -1.71811497118746        0.61821299138875
O           -0.01888957609342       -1.19129721248040        1.00756982756679
O            0.85859190540540       -1.74842045004138       -1.12969170260818
O            2.14869296587811        0.80893765824666        1.15661271675968
O            0.01143160767107        1.10604307512480       -1.77779724847197
O           -0.44089299738614        1.81034178178361        1.75203056068761
O           -1.73465474215927       -1.01893730741673       -1.55924826300087
H           -3.07439741050604       -0.28649139883743       -0.13848714492074
H           -2.40791354282925       -1.91246498072695        0.12976441748123
H           -0.08488419990647       -1.62685915264518       -1.38037232174984
H            2.65820086530802        0.10094835894691        1.56904459792698
H            0.71753897633111        0.69336355305409       -2.29183448358997
H            0.43356585374635        1.50764631641649        2.04037005729357
H           -1.40768921044879       -0.14398554049561       -1.84075133018342
