
         ______________________________________________________________
        |                                                              |
        |                                                              |
        |                   CENSO - Commandline ENSO                   |
        |                           v 2.1.2                            |
        |    energetic sorting of CREST Conformer Rotamer Ensembles    |
        |                    University of Bonn, MCTC                  |
        |                           Oct 2024                           |
        |                 based on ENSO version 2.0.1                  |
        |             L. M. Seidler, F. Bohle and S. Grimme            |
        |                                                              |
        |______________________________________________________________|

        Please cite:
        (TBA)
        S. Grimme, F. Bohle, A. Hansen, P. Pracht, S. Spicher, and M. Stahn
        J. Phys. Chem. A 2021, 125, 19, 4039-4054.
        DOI: https://doi.org/10.1021/acs.jpca.1c00971

        This program is distributed in the hope that it will be useful,
        but WITHOUT ANY WARRANTY; without even the implied warranty of
        MERCHANTABILITY or FITNESS FOR A PARTICULAR PURPOSE.

Reading configuration file from /home/mwang1/.censo2rc.
CALL: /software/projects/pawsey0265/mwang1/censo_screwed/bin/censo -i crest_conformers.xyz --maxcores 22 -O 1
Read 22 conformers.
Number of atoms:              15
Charge:                       0
Unpaired electrons:           0


----------------------------------------------------------------------------------------------------
                                          GENERAL SETTINGS                                          
----------------------------------------------------------------------------------------------------
    
imagthr:                      -100.0
sthr:                         0.0
scale:                        1.0
temperature:                  298.15
solvent:                      h2o
sm_rrho:                      alpb
multitemp:                    False
evaluate_rrho:                False
consider_sym:                 False
bhess:                        False
rmsdbias:                     False
balance:                      False
gas-phase:                    True
copy_mo:                      True
retry_failed:                 True
trange:                       [273.15, 373.15, 5]



----------------------------------------------------------------------------------------------------
                                            PRESCREENING                                            
----------------------------------------------------------------------------------------------------
    
threshold:                    4.0
func:                         pbe-d4
basis:                        def2-sv(p)
prog:                         orca
gfnv:                         gfn2
run:                          True
template:                     False


Running sp calculation for CONF2.
Running sp calculation for CONF3.
Running sp calculation for CONF5.
Running sp calculation for CONF1.
Running sp calculation for CONF10.
Running sp calculation for CONF11.
Running sp calculation for CONF7.
Running sp calculation for CONF4.
Running sp calculation for CONF6.
Running sp calculation for CONF8.
Running sp calculation for CONF9.
Running sp calculation for CONF16.
Running sp calculation for CONF18.
Running sp calculation for CONF12.
Running sp calculation for CONF19.
Running sp calculation for CONF17.
Running sp calculation for CONF14.
Running sp calculation for CONF13.
Running sp calculation for CONF15.
Running sp calculation for CONF22.
Running sp calculation for CONF20.
Running sp calculation for CONF21.



-------------------------------- PRESCREENING SINGLE-POINT RESULTS ---------------------------------

CONF#        E (xTB)        ΔE (xTB)          E (DFT)          ΔE (DFT)        ΔGsolv (xTB)          Gtot             ΔGtot          Boltzmann weight   
              [Eh]         [kcal/mol]          [Eh]           [kcal/mol]        [kcal/mol]           [Eh]           [kcal/mol]        % at 298.15 K     
CONF1          ---            ---           -196.031076          0.00              ---            -196.031076          0.00               38.44         
CONF2          ---            ---           -196.029642          0.90              ---            -196.029642          0.90                8.42         
CONF3          ---            ---           -196.029411          1.05              ---            -196.029411          1.05                6.59         
CONF4          ---            ---           -196.029150          1.21              ---            -196.029150          1.21                4.99         
CONF5          ---            ---           -196.028134          1.85              ---            -196.028134          1.85                1.70         
CONF6          ---            ---           -196.028674          1.51              ---            -196.028674          1.51                3.02         
CONF7          ---            ---           -196.029138          1.22              ---            -196.029138          1.22                4.93         
CONF8          ---            ---           -196.028860          1.39              ---            -196.028860          1.39                3.67         
CONF9          ---            ---           -196.028313          1.73              ---            -196.028313          1.73                2.06         
CONF10         ---            ---           -196.028382          1.69              ---            -196.028382          1.69                2.22         
CONF11         ---            ---           -196.028332          1.72              ---            -196.028332          1.72                2.10         
CONF12         ---            ---           -196.028785          1.44              ---            -196.028785          1.44                3.40         
CONF13         ---            ---           -196.028892          1.37              ---            -196.028892          1.37                3.80         
CONF14         ---            ---           -196.028448          1.65              ---            -196.028448          1.65                2.38         
CONF15         ---            ---           -196.028606          1.55              ---            -196.028606          1.55                2.81         
CONF16         ---            ---           -196.028728          1.47              ---            -196.028728          1.47                3.20         
CONF17         ---            ---           -196.029290          1.12              ---            -196.029290          1.12                5.79         
CONF18         ---            ---           -196.025105          3.75              ---            -196.025105          3.75                0.07         
CONF19         ---            ---           -196.025184          3.70              ---            -196.025184          3.70                0.07         
CONF20         ---            ---           -196.025672          3.39              ---            -196.025672          3.39                0.13         
CONF21         ---            ---           -196.025954          3.21              ---            -196.025954          3.21                0.17         
CONF22         ---            ---           -196.025012          3.81              ---            -196.025012          3.81                0.06         

Boltzmann averaged free energy/enthalpy of ensemble on input geometries (not DFT optimized):
temperature /K:   avE(T) /a.u.   avG(T) /a.u.
    298.15        -196.0297770    -196.0297770     <<==part0==
----------------------------------------------------------------------------------------------------

Number of conformers:         22
Highest ranked conformer:     CONF1


Ran prescreening in 58.31 seconds!

----------------------------------------------------------------------------------------------------
                                             SCREENING                                              
----------------------------------------------------------------------------------------------------
    
threshold:                    3.5
func:                         r2scan-3c
basis:                        def2-tzvp
prog:                         orca
sm:                           smd
gfnv:                         gfn2
run:                          True
implicit:                     False
template:                     False


Running sp calculation for CONF1.
Running sp calculation for CONF2.
Running sp calculation for CONF3.
Running sp calculation for CONF17.
Running sp calculation for CONF7.
Running sp calculation for CONF4.
Running sp calculation for CONF13.
Running sp calculation for CONF8.
Running sp calculation for CONF12.
Running sp calculation for CONF16.
Running sp calculation for CONF6.
Running sp calculation for CONF15.
Running sp calculation for CONF14.
Running sp calculation for CONF10.
Running sp calculation for CONF11.
Running sp calculation for CONF21.
Running sp calculation for CONF9.
Running sp calculation for CONF19.
Running sp calculation for CONF5.
Running sp calculation for CONF22.
Running sp calculation for CONF18.
Running sp calculation for CONF20.

----------------------------- SCREENING SINGLE-POINT (+ mRRHO) RESULTS -----------------------------

CONF#         G (xTB)          ΔG (xTB)          E (DFT)         ΔGsolv       GmRRHO          Gtot             ΔGtot          Boltzmann weight   
                [Eh]          [kcal/mol]          [Eh]            [Eh]         [Eh]           [Eh]           [kcal/mol]        % at 298.15 K     
CONF1        -15.773916          ---           -196.460542        ---          ---         -196.460542          0.00               24.62         
CONF2        -15.773650          ---           -196.459557        ---          ---         -196.459557          0.62                8.67         
CONF3        -15.773632          ---           -196.459442        ---          ---         -196.459442          0.69                7.68         
CONF4        -15.773624          ---           -196.459264        ---          ---         -196.459264          0.80                6.36         
CONF5        -15.773463          ---           -196.458295        ---          ---         -196.458295          1.41                2.28         
CONF6        -15.773421          ---           -196.458669        ---          ---         -196.458669          1.18                3.39         
CONF7        -15.773414          ---           -196.459273        ---          ---         -196.459273          0.80                6.42         
CONF8        -15.773411          ---           -196.458981        ---          ---         -196.458981          0.98                4.71         
CONF9        -15.773424          ---           -196.458486        ---          ---         -196.458486          1.29                2.79         
CONF10       -15.773410          ---           -196.458610        ---          ---         -196.458610          1.21                3.18         
CONF11       -15.773415          ---           -196.458464        ---          ---         -196.458464          1.30                2.73         
CONF12       -15.773397          ---           -196.458932        ---          ---         -196.458932          1.01                4.48         
CONF13       -15.773391          ---           -196.458971        ---          ---         -196.458971          0.99                4.66         
CONF14       -15.773404          ---           -196.458593        ---          ---         -196.458593          1.22                3.13         
CONF15       -15.773403          ---           -196.458728        ---          ---         -196.458728          1.14                3.61         
CONF16       -15.773389          ---           -196.458983        ---          ---         -196.458983          0.98                4.72         
CONF17       -15.773388          ---           -196.459272        ---          ---         -196.459272          0.80                6.42         
CONF18       -15.767866          ---           -196.453930        ---          ---         -196.453930          4.15                0.02         
CONF19       -15.767846          ---           -196.454052        ---          ---         -196.454052          4.07                0.03         
CONF20       -15.767835          ---           -196.454380        ---          ---         -196.454380          3.87                0.04         
CONF21       -15.767829          ---           -196.454548        ---          ---         -196.454548          3.76                0.04         
CONF22       -15.767522          ---           -196.453729        ---          ---         -196.453729          4.27                0.02         

Boltzmann averaged free energy/enthalpy of ensemble on input geometries (not DFT optimized):
temperature /K:   avE(T) /a.u.   avG(T) /a.u.
    298.15        -196.4594094    -196.4594094     <<==part1==
----------------------------------------------------------------------------------------------------


----------------------------------- SCREENING RANKING COMPARISON -----------------------------------

CONF#        ΔGtot prescreening       ΔGtot screening   
                 [kcal/mol]             [kcal/mol]      
CONF1               0.00                   0.00         
CONF2               0.90                   0.62         
CONF3               1.05                   0.69         
CONF4               1.21                   0.80         
CONF5               1.85                   1.41         
CONF6               1.51                   1.18         
CONF7               1.22                   0.80         
CONF8               1.39                   0.98         
CONF9               1.73                   1.29         
CONF10              1.69                   1.21         
CONF11              1.72                   1.30         
CONF12              1.44                   1.01         
CONF13              1.37                   0.99         
CONF14              1.65                   1.22         
CONF15              1.55                   1.14         
CONF16              1.47                   0.98         
CONF17              1.12                   0.80         
CONF18              3.75                   4.15         
CONF19              3.70                   4.07         
CONF20              3.39                   3.87         
CONF21              3.21                   3.76         
CONF22              3.81                   4.27         
----------------------------------------------------------------------------------------------------



Number of conformers:         22
Highest ranked conformer:     CONF1


Ran screening in 10.60 seconds!

----------------------------------------------------------------------------------------------------
                                            OPTIMIZATION                                            
----------------------------------------------------------------------------------------------------
    
optcycles:                    8
maxcyc:                       200
threshold:                    1.5
hlow:                         0.01
gradthr:                      0.01
func:                         r2scan-3c
basis:                        def2-tzvp
prog:                         orca
sm:                           smd
gfnv:                         gfn2
optlevel:                     normal
run:                          True
macrocycles:                  True
crestcheck:                   True
template:                     False
constrain:                    False
xtb_opt:                      True


Optimization using macrocycles, 8 microcycles per step.
Running xtb_opt calculation for CONF1.
Running xtb_opt calculation for CONF2.
Running xtb_opt calculation for CONF3.
Running xtb_opt calculation for CONF7.
Running xtb_opt calculation for CONF17.
Running xtb_opt calculation for CONF4.
Running xtb_opt calculation for CONF16.
Running xtb_opt calculation for CONF8.
Running xtb_opt calculation for CONF15.
Running xtb_opt calculation for CONF13.
Running xtb_opt calculation for CONF12.
Running xtb_opt calculation for CONF6.
Running xtb_opt calculation for CONF10.
Running xtb_opt calculation for CONF14.
Running xtb_opt calculation for CONF9.
Running xtb_opt calculation for CONF11.
Running xtb_opt calculation for CONF5.
Running xtb_opt calculation for CONF21.
Running xtb_opt calculation for CONF20.
Running xtb_opt calculation for CONF19.
Running xtb_opt calculation for CONF18.
Running xtb_opt calculation for CONF22.
Running xtb_rrho calculation for CONF1.
Running xtb_rrho calculation for CONF2.
Running xtb_rrho calculation for CONF3.
Running xtb_rrho calculation for CONF7.
Running xtb_rrho calculation for CONF17.
Running xtb_rrho calculation for CONF4.
Running xtb_rrho calculation for CONF16.
Running xtb_rrho calculation for CONF8.
Running xtb_rrho calculation for CONF13.
Running xtb_rrho calculation for CONF12.
Running xtb_rrho calculation for CONF15.
Running xtb_rrho calculation for CONF6.
Running xtb_rrho calculation for CONF10.
Running xtb_rrho calculation for CONF14.
Running xtb_rrho calculation for CONF9.
Running xtb_rrho calculation for CONF11.
Running xtb_rrho calculation for CONF20.
Running xtb_rrho calculation for CONF5.
Running xtb_rrho calculation for CONF18.
Running xtb_rrho calculation for CONF22.
Running xtb_rrho calculation for CONF21.
Running xtb_rrho calculation for CONF19.
CONF1 converged after 4 steps.
CONF17 converged after 4 steps.
CONF4 converged after 4 steps.
CONF5 converged after 4 steps.

----------------------------------- OPTIMIZATION CYCLE 8 UPDATE ------------------------------------

CONF#           Gtot             ΔGtot          grad_norm       converged   
                [Eh]           [kcal/mol]        [Eh/a0]                    
CONF1        -196.357810          0.06          0.000242          True      
CONF2        -196.357055          0.53          0.003683          False     
CONF3        -196.357046          0.54          0.003770          False     
CONF4        -196.357899          0.00          0.000307          True      
CONF5        -196.356648          0.79          0.000271          True      
CONF6        -196.356381          0.95          0.015924          False     
CONF7        -196.356800          0.69          0.008303          False     
CONF8        -196.356505          0.88          0.002220          False     
CONF9        -196.356492          0.88          0.013076          False     
CONF10       -196.356605          0.81          0.005430          False     
CONF11       -196.356352          0.97          0.002246          False     
CONF12       -196.357141          0.48          0.003202          False     
CONF13       -196.356662          0.78          0.010047          False     
CONF14       -196.356333          0.98          0.003851          False     
CONF15       -196.356735          0.73          0.003101          False     
CONF16       -196.356774          0.71          0.003251          False     
CONF17       -196.356527          0.86          0.000497          True      
CONF18       -196.350801          4.45          0.001659          False     
CONF19       -196.352065          3.66          0.001904          False     
CONF20       -196.351936          3.74          0.001526          False     
CONF21       -196.354130          2.37          0.001697          False     
CONF22       -196.352865          3.16          0.006852          False     
----------------------------------------------------------------------------------------------------
Running xtb_opt calculation for CONF2.
Running xtb_opt calculation for CONF3.
Running xtb_opt calculation for CONF7.
Running xtb_opt calculation for CONF16.
Running xtb_opt calculation for CONF8.
Running xtb_opt calculation for CONF13.
Running xtb_opt calculation for CONF12.
Running xtb_opt calculation for CONF15.
Running xtb_opt calculation for CONF6.
Running xtb_opt calculation for CONF10.
Running xtb_opt calculation for CONF14.
Running xtb_opt calculation for CONF11.
Running xtb_opt calculation for CONF9.
Running xtb_opt calculation for CONF21.
Running xtb_opt calculation for CONF20.
Running xtb_opt calculation for CONF19.
Running xtb_opt calculation for CONF18.
Running xtb_opt calculation for CONF22.
CONF21 converged after 17 steps.
No longer considering CONF20 (gradient too small and ΔG = 3.69).
No longer considering CONF19 (gradient too small and ΔG = 3.48).
No longer considering CONF22 (gradient too small and ΔG = 3.06).

----------------------------------- OPTIMIZATION CYCLE 16 UPDATE -----------------------------------

CONF#           Gtot             ΔGtot          grad_norm       converged   
                [Eh]           [kcal/mol]        [Eh/a0]                    
CONF1        -196.357810          0.06          0.000242          True      
CONF2        -196.357284          0.39          0.016294          False     
CONF3        -196.357231          0.42          0.017321          False     
CONF4        -196.357899          0.00          0.000307          True      
CONF5        -196.356648          0.79          0.000271          True      
CONF6        -196.356698          0.75          0.023975          False     
CONF7        -196.357458          0.28          0.003811          False     
CONF8        -196.356594          0.82          0.001085          False     
CONF9        -196.356843          0.66          0.025881          False     
CONF10       -196.356647          0.79          0.027288          False     
CONF11       -196.357193          0.44          0.004647          False     
CONF12       -196.357459          0.28          0.008538          False     
CONF13       -196.354490          2.14          0.046380          False     
CONF14       -196.356619          0.80          0.000906          False     
CONF15       -196.357090          0.51          0.002858          False     
CONF16       -196.357239          0.41          0.008773          False     
CONF17       -196.356527          0.86          0.000497          True      
CONF18       -196.351131          4.25          0.002229          False     
CONF21       -196.354135          2.36          0.000416          True      
----------------------------------------------------------------------------------------------------
Running xtb_opt calculation for CONF2.
Running xtb_opt calculation for CONF3.
Running xtb_opt calculation for CONF7.
Running xtb_opt calculation for CONF16.
Running xtb_opt calculation for CONF8.
Running xtb_opt calculation for CONF13.
Running xtb_opt calculation for CONF12.
Running xtb_opt calculation for CONF15.
Running xtb_opt calculation for CONF6.
Running xtb_opt calculation for CONF10.
Running xtb_opt calculation for CONF14.
Running xtb_opt calculation for CONF9.
Running xtb_opt calculation for CONF11.
Running xtb_opt calculation for CONF20.
Running xtb_opt calculation for CONF19.
Running xtb_opt calculation for CONF18.
Running xtb_opt calculation for CONF22.
CONF8 converged after 33 steps.
CONF14 converged after 33 steps.
CONF20 converged after 33 steps.
CONF19 converged after 40 steps.
CONF22 converged after 33 steps.
No longer considering CONF21 (gradient too small and ΔG = 2.51).

----------------------------------- OPTIMIZATION CYCLE 24 UPDATE -----------------------------------

CONF#           Gtot             ΔGtot          grad_norm       converged   
                [Eh]           [kcal/mol]        [Eh/a0]                    
CONF1        -196.357810          0.21          0.000242          True      
CONF2        -196.357795          0.22          0.000877          False     
CONF3        -196.357942          0.13          0.001707          False     
CONF4        -196.357899          0.15          0.000307          True      
CONF5        -196.356648          0.94          0.000271          True      
CONF6        -196.357678          0.29          0.001081          False     
CONF7        -196.357783          0.23          0.002656          False     
CONF8        -196.356596          0.97          0.000278          True      
CONF9        -196.358142          0.00          0.005672          False     
CONF10       -196.358079          0.04          0.001710          False     
CONF11       -196.357582          0.35          0.001594          False     
CONF12       -196.357919          0.14          0.017240          False     
CONF13       -196.357832          0.19          0.001552          False     
CONF14       -196.356622          0.95          0.000236          True      
CONF15       -196.357297          0.53          0.008246          False     
CONF16       -196.357654          0.31          0.002217          False     
CONF17       -196.356527          1.01          0.000497          True      
CONF18       -196.351317          4.28          0.000970          False     
----------------------------------------------------------------------------------------------------
Running xtb_opt calculation for CONF2.
Running xtb_opt calculation for CONF3.
Running xtb_opt calculation for CONF7.
Running xtb_opt calculation for CONF16.
Running xtb_opt calculation for CONF13.
Running xtb_opt calculation for CONF12.
Running xtb_opt calculation for CONF15.
Running xtb_opt calculation for CONF6.
Running xtb_opt calculation for CONF10.
Running xtb_opt calculation for CONF9.
Running xtb_opt calculation for CONF11.
Running xtb_opt calculation for CONF18.
CONF2 converged after 49 steps.
CONF3 converged after 49 steps.
CONF7 converged after 50 steps.
CONF13 converged after 49 steps.
CONF12 converged after 56 steps.
CONF6 converged after 49 steps.
CONF10 converged after 50 steps.
CONF9 converged after 51 steps.

----------------------------------- OPTIMIZATION CYCLE 32 UPDATE -----------------------------------

CONF#           Gtot             ΔGtot          grad_norm       converged   
                [Eh]           [kcal/mol]        [Eh/a0]                    
CONF1        -196.357810          0.37          0.000242          True      
CONF2        -196.357797          0.38          0.000270          True      
CONF3        -196.357946          0.28          0.000665          True      
CONF4        -196.357899          0.31          0.000307          True      
CONF5        -196.356648          1.10          0.000271          True      
CONF6        -196.357680          0.45          0.000262          True      
CONF7        -196.357797          0.38          0.001008          True      
CONF8        -196.356596          1.13          0.000278          True      
CONF9        -196.358192          0.13          0.000251          True      
CONF10       -196.358090          0.19          0.000330          True      
CONF11       -196.358118          0.17          0.001162          False     
CONF12       -196.358395          0.00          0.000348          True      
CONF13       -196.357835          0.35          0.000387          True      
CONF14       -196.356622          1.11          0.000236          True      
CONF15       -196.357680          0.45          0.007128          False     
CONF16       -196.357971          0.27          0.001295          False     
CONF17       -196.356527          1.17          0.000497          True      
CONF18       -196.351381          4.40          0.002558          False     
----------------------------------------------------------------------------------------------------
Running xtb_opt calculation for CONF16.
Running xtb_opt calculation for CONF15.
Running xtb_opt calculation for CONF11.
Running xtb_opt calculation for CONF18.
CONF16 converged after 65 steps.
CONF11 converged after 71 steps.
CONF18 converged after 66 steps.
No longer considering CONF18 (gradient too small and ΔG = 4.40).

----------------------------------- OPTIMIZATION CYCLE 40 UPDATE -----------------------------------

CONF#           Gtot             ΔGtot          grad_norm       converged   
                [Eh]           [kcal/mol]        [Eh/a0]                    
CONF1        -196.357810          0.37          0.000242          True      
CONF2        -196.357797          0.38          0.000270          True      
CONF3        -196.357946          0.28          0.000665          True      
CONF4        -196.357899          0.31          0.000307          True      
CONF5        -196.356648          1.10          0.000271          True      
CONF6        -196.357680          0.45          0.000262          True      
CONF7        -196.357797          0.38          0.001008          True      
CONF8        -196.356596          1.13          0.000278          True      
CONF9        -196.358192          0.13          0.000251          True      
CONF10       -196.358090          0.19          0.000330          True      
CONF11       -196.358202          0.12          0.000636          True      
CONF12       -196.358395          0.00          0.000348          True      
CONF13       -196.357835          0.35          0.000387          True      
CONF14       -196.356622          1.11          0.000236          True      
CONF15       -196.358077          0.20          0.001377          False     
CONF16       -196.357974          0.26          0.000370          True      
CONF17       -196.356527          1.17          0.000497          True      
----------------------------------------------------------------------------------------------------
Running xtb_opt calculation for CONF15.
CONF15 converged after 88 steps.

----------------------------------- OPTIMIZATION CYCLE 48 UPDATE -----------------------------------

CONF#           Gtot             ΔGtot          grad_norm       converged   
                [Eh]           [kcal/mol]        [Eh/a0]                    
CONF1        -196.357810          0.37          0.000242          True      
CONF2        -196.357797          0.38          0.000270          True      
CONF3        -196.357946          0.28          0.000665          True      
CONF4        -196.357899          0.31          0.000307          True      
CONF5        -196.356648          1.10          0.000271          True      
CONF6        -196.357680          0.45          0.000262          True      
CONF7        -196.357797          0.38          0.001008          True      
CONF8        -196.356596          1.13          0.000278          True      
CONF9        -196.358192          0.13          0.000251          True      
CONF10       -196.358090          0.19          0.000330          True      
CONF11       -196.358202          0.12          0.000636          True      
CONF12       -196.358395          0.00          0.000348          True      
CONF13       -196.357835          0.35          0.000387          True      
CONF14       -196.356622          1.11          0.000236          True      
CONF15       -196.358234          0.10          0.000606          True      
CONF16       -196.357974          0.26          0.000370          True      
CONF17       -196.356527          1.17          0.000497          True      
----------------------------------------------------------------------------------------------------
Running xtb_rrho calculation for CONF1.
Running xtb_rrho calculation for CONF2.
Running xtb_rrho calculation for CONF3.
Running xtb_rrho calculation for CONF7.
Running xtb_rrho calculation for CONF16.
Running xtb_rrho calculation for CONF17.
Running xtb_rrho calculation for CONF4.
Running xtb_rrho calculation for CONF8.
Running xtb_rrho calculation for CONF13.
Running xtb_rrho calculation for CONF12.
Running xtb_rrho calculation for CONF15.
Running xtb_rrho calculation for CONF6.
Running xtb_rrho calculation for CONF10.
Running xtb_rrho calculation for CONF14.
Running xtb_rrho calculation for CONF9.
Running xtb_rrho calculation for CONF11.
Running xtb_rrho calculation for CONF5.

--------------------------------------- OPTIMIZATION RESULTS ---------------------------------------

CONF#        E (DFT) (+ ΔGsolv)       ΔE (DFT) (+ δΔGsolv)       GmRRHO          Gtot             ΔGtot          Boltzmann weight   
                    [Eh]                   [kcal/mol]             [Eh]           [Eh]           [kcal/mol]        % at 298.15 K     
CONF1           -196.461208                   0.01                ---         -196.357810          0.06                7.20         
CONF2           -196.461204                   0.01                ---         -196.357797          0.06                7.10         
CONF3           -196.461207                   0.01                ---         -196.357780          0.07                6.98         
CONF4           -196.459922                   0.81                ---         -196.357899          0.00                7.92         
CONF5           -196.458955                   1.42                ---         -196.356648          0.79                2.10         
CONF6           -196.461203                   0.01                ---         -196.357791          0.07                7.05         
CONF7           -196.461193                   0.02                ---         -196.357764          0.08                6.86         
CONF8           -196.459983                   0.78                ---         -196.356573          0.83                1.94         
CONF9           -196.461200                   0.01                ---         -196.357792          0.07                7.06         
CONF10          -196.461181                   0.02                ---         -196.357764          0.08                6.86         
CONF11          -196.461220                   0.00                ---         -196.357801          0.06                7.13         
CONF12          -196.461199                   0.01                ---         -196.357792          0.07                7.06         
CONF13          -196.461199                   0.01                ---         -196.357775          0.08                6.94         
CONF14          -196.459956                   0.79                ---         -196.356540          0.85                1.88         
CONF15          -196.461192                   0.02                ---         -196.357774          0.08                6.93         
CONF16          -196.461216                   0.00                ---         -196.357807          0.06                7.18         
CONF17          -196.459953                   0.80                ---         -196.356515          0.87                1.83         

Boltzmann averaged free energy/enthalpy of ensemble on optimized geometries:
temperature /K:   avE(T) /a.u.   avG(T) /a.u.
    298.15        -196.4609836    -196.3577021     <<==part2==
----------------------------------------------------------------------------------------------------


--------------------------------------- OPTIMIZATION RESULTS ---------------------------------------

CONF#        E (DFT) (+ ΔGsolv)       ΔE (DFT) (+ δΔGsolv)       GmRRHO          Gtot             ΔGtot          Boltzmann weight   
                    [Eh]                   [kcal/mol]             [Eh]           [Eh]           [kcal/mol]        % at 298.15 K     
CONF1           -196.461208                   0.01                ---         -196.357810          0.06                7.20         
CONF2           -196.461204                   0.01                ---         -196.357797          0.06                7.10         
CONF3           -196.461207                   0.01                ---         -196.357780          0.07                6.98         
CONF4           -196.459922                   0.81                ---         -196.357899          0.00                7.92         
CONF5           -196.458955                   1.42                ---         -196.356648          0.79                2.10         
CONF6           -196.461203                   0.01                ---         -196.357791          0.07                7.05         
CONF7           -196.461193                   0.02                ---         -196.357764          0.08                6.86         
CONF8           -196.459983                   0.78                ---         -196.356573          0.83                1.94         
CONF9           -196.461200                   0.01                ---         -196.357792          0.07                7.06         
CONF10          -196.461181                   0.02                ---         -196.357764          0.08                6.86         
CONF11          -196.461220                   0.00                ---         -196.357801          0.06                7.13         
CONF12          -196.461199                   0.01                ---         -196.357792          0.07                7.06         
CONF13          -196.461199                   0.01                ---         -196.357775          0.08                6.94         
CONF14          -196.459956                   0.79                ---         -196.356540          0.85                1.88         
CONF15          -196.461192                   0.02                ---         -196.357774          0.08                6.93         
CONF16          -196.461216                   0.00                ---         -196.357807          0.06                7.18         
CONF17          -196.459953                   0.80                ---         -196.356515          0.87                1.83         

Boltzmann averaged free energy/enthalpy of ensemble on optimized geometries:
temperature /K:   avE(T) /a.u.   avG(T) /a.u.
    298.15        -196.4609836    -196.3577021     <<==part2==
----------------------------------------------------------------------------------------------------


--------------------------------- OPTIMIZATION RANKING COMPARISON ----------------------------------

CONF#        ΔGtot prescreening       ΔGtot screening       ΔGtot optimization   
                 [kcal/mol]             [kcal/mol]              [kcal/mol]       
CONF1               0.00                   0.00                    0.06          
CONF2               0.90                   0.62                    0.06          
CONF3               1.05                   0.69                    0.07          
CONF4               1.21                   0.80                    0.00          
CONF5               1.85                   1.41                    0.79          
CONF6               1.51                   1.18                    0.07          
CONF7               1.22                   0.80                    0.08          
CONF8               1.39                   0.98                    0.83          
CONF9               1.73                   1.29                    0.07          
CONF10              1.69                   1.21                    0.08          
CONF11              1.72                   1.30                    0.06          
CONF12              1.44                   1.01                    0.07          
CONF13              1.37                   0.99                    0.08          
CONF14              1.65                   1.22                    0.85          
CONF15              1.55                   1.14                    0.08          
CONF16              1.47                   0.98                    0.06          
CONF17              1.12                   0.80                    0.87          
----------------------------------------------------------------------------------------------------



Number of conformers:         17
Highest ranked conformer:     CONF4


Ran optimization in 2121.81 seconds!

Ran CENSO in 00:36:30

CENSO all done!
