2025-04-16 09:51:29,500 -   censo.qm_processor   -   INFO   - worker2015518:Running sp calculation in /scratch/pawsey0265/mwang1/.automated/7279/0_PRESCREENING/CONF2/sp.
2025-04-16 09:51:29,503 -   censo.qm_processor   -   INFO   - worker2015519:Running sp calculation in /scratch/pawsey0265/mwang1/.automated/7279/0_PRESCREENING/CONF3/sp.
2025-04-16 09:51:29,503 -   censo.qm_processor   -   INFO   - worker2015527:Running sp calculation in /scratch/pawsey0265/mwang1/.automated/7279/0_PRESCREENING/CONF5/sp.
2025-04-16 09:51:29,503 -   censo.qm_processor   -   INFO   - worker2015517:Running sp calculation in /scratch/pawsey0265/mwang1/.automated/7279/0_PRESCREENING/CONF1/sp.
2025-04-16 09:51:29,507 -   censo.qm_processor   -   INFO   - worker2015543:Running sp calculation in /scratch/pawsey0265/mwang1/.automated/7279/0_PRESCREENING/CONF10/sp.
2025-04-16 09:51:29,509 -   censo.qm_processor   -   INFO   - worker2015534:Running sp calculation in /scratch/pawsey0265/mwang1/.automated/7279/0_PRESCREENING/CONF11/sp.
2025-04-16 09:51:29,509 -   censo.qm_processor   -   INFO   - worker2015537:Running sp calculation in /scratch/pawsey0265/mwang1/.automated/7279/0_PRESCREENING/CONF7/sp.
2025-04-16 09:51:29,509 -   censo.qm_processor   -   INFO   - worker2015522:Running sp calculation in /scratch/pawsey0265/mwang1/.automated/7279/0_PRESCREENING/CONF4/sp.
2025-04-16 09:51:29,509 -   censo.qm_processor   -   INFO   - worker2015530:Running sp calculation in /scratch/pawsey0265/mwang1/.automated/7279/0_PRESCREENING/CONF6/sp.
2025-04-16 09:51:29,509 -   censo.qm_processor   -   INFO   - worker2015541:Running sp calculation in /scratch/pawsey0265/mwang1/.automated/7279/0_PRESCREENING/CONF8/sp.
2025-04-16 09:51:29,515 -   censo.qm_processor   -   INFO   - worker2015524:Running sp calculation in /scratch/pawsey0265/mwang1/.automated/7279/0_PRESCREENING/CONF9/sp.
2025-04-16 09:51:29,515 -   censo.qm_processor   -   INFO   - worker2015558:Running sp calculation in /scratch/pawsey0265/mwang1/.automated/7279/0_PRESCREENING/CONF16/sp.
2025-04-16 09:51:29,515 -   censo.qm_processor   -   INFO   - worker2015565:Running sp calculation in /scratch/pawsey0265/mwang1/.automated/7279/0_PRESCREENING/CONF18/sp.
2025-04-16 09:51:29,515 -   censo.qm_processor   -   INFO   - worker2015552:Running sp calculation in /scratch/pawsey0265/mwang1/.automated/7279/0_PRESCREENING/CONF12/sp.
2025-04-16 09:51:29,515 -   censo.qm_processor   -   INFO   - worker2015567:Running sp calculation in /scratch/pawsey0265/mwang1/.automated/7279/0_PRESCREENING/CONF19/sp.
2025-04-16 09:51:29,515 -   censo.qm_processor   -   INFO   - worker2015561:Running sp calculation in /scratch/pawsey0265/mwang1/.automated/7279/0_PRESCREENING/CONF17/sp.
2025-04-16 09:51:29,516 -   censo.qm_processor   -   INFO   - worker2015546:Running sp calculation in /scratch/pawsey0265/mwang1/.automated/7279/0_PRESCREENING/CONF14/sp.
2025-04-16 09:51:29,516 -   censo.qm_processor   -   INFO   - worker2015554:Running sp calculation in /scratch/pawsey0265/mwang1/.automated/7279/0_PRESCREENING/CONF13/sp.
2025-04-16 09:51:29,516 -   censo.qm_processor   -   INFO   - worker2015549:Running sp calculation in /scratch/pawsey0265/mwang1/.automated/7279/0_PRESCREENING/CONF15/sp.
2025-04-16 09:51:29,517 -   censo.qm_processor   -   INFO   - worker2015576:Running sp calculation in /scratch/pawsey0265/mwang1/.automated/7279/0_PRESCREENING/CONF22/sp.
2025-04-16 09:51:29,517 -   censo.qm_processor   -   INFO   - worker2015570:Running sp calculation in /scratch/pawsey0265/mwang1/.automated/7279/0_PRESCREENING/CONF20/sp.
2025-04-16 09:51:29,517 -   censo.qm_processor   -   INFO   - worker2015573:Running sp calculation in /scratch/pawsey0265/mwang1/.automated/7279/0_PRESCREENING/CONF21/sp.
2025-04-16 09:52:27,736 -     censo.parallel     -   INFO   - All jobs executed successfully.
2025-04-16 09:52:27,779 -   censo.qm_processor   -   INFO   - worker2015957:Running sp calculation in /scratch/pawsey0265/mwang1/.automated/7279/1_SCREENING/CONF1/sp.
2025-04-16 09:52:27,780 -   censo.qm_processor   -   INFO   - worker2015958:Running sp calculation in /scratch/pawsey0265/mwang1/.automated/7279/1_SCREENING/CONF2/sp.
2025-04-16 09:52:27,780 -   censo.qm_processor   -   INFO   - worker2015959:Running sp calculation in /scratch/pawsey0265/mwang1/.automated/7279/1_SCREENING/CONF3/sp.
2025-04-16 09:52:27,781 -   censo.qm_processor   -   INFO   - worker2015961:Running sp calculation in /scratch/pawsey0265/mwang1/.automated/7279/1_SCREENING/CONF17/sp.
2025-04-16 09:52:27,781 -   censo.qm_processor   -   INFO   - worker2015970:Running sp calculation in /scratch/pawsey0265/mwang1/.automated/7279/1_SCREENING/CONF7/sp.
2025-04-16 09:52:27,782 -   censo.qm_processor   -   INFO   - worker2015964:Running sp calculation in /scratch/pawsey0265/mwang1/.automated/7279/1_SCREENING/CONF4/sp.
2025-04-16 09:52:27,782 -   censo.qm_processor   -   INFO   - worker2015967:Running sp calculation in /scratch/pawsey0265/mwang1/.automated/7279/1_SCREENING/CONF13/sp.
2025-04-16 09:52:27,783 -   censo.qm_processor   -   INFO   - worker2015972:Running sp calculation in /scratch/pawsey0265/mwang1/.automated/7279/1_SCREENING/CONF8/sp.
2025-04-16 09:52:27,784 -   censo.qm_processor   -   INFO   - worker2015975:Running sp calculation in /scratch/pawsey0265/mwang1/.automated/7279/1_SCREENING/CONF12/sp.
2025-04-16 09:52:27,784 -   censo.qm_processor   -   INFO   - worker2015980:Running sp calculation in /scratch/pawsey0265/mwang1/.automated/7279/1_SCREENING/CONF16/sp.
2025-04-16 09:52:27,786 -   censo.qm_processor   -   INFO   - worker2015982:Running sp calculation in /scratch/pawsey0265/mwang1/.automated/7279/1_SCREENING/CONF6/sp.
2025-04-16 09:52:27,787 -   censo.qm_processor   -   INFO   - worker2015986:Running sp calculation in /scratch/pawsey0265/mwang1/.automated/7279/1_SCREENING/CONF15/sp.
2025-04-16 09:52:27,788 -   censo.qm_processor   -   INFO   - worker2015989:Running sp calculation in /scratch/pawsey0265/mwang1/.automated/7279/1_SCREENING/CONF14/sp.
2025-04-16 09:52:27,789 -   censo.qm_processor   -   INFO   - worker2015992:Running sp calculation in /scratch/pawsey0265/mwang1/.automated/7279/1_SCREENING/CONF10/sp.
2025-04-16 09:52:27,790 -   censo.qm_processor   -   INFO   - worker2015994:Running sp calculation in /scratch/pawsey0265/mwang1/.automated/7279/1_SCREENING/CONF11/sp.
2025-04-16 09:52:27,791 -   censo.qm_processor   -   INFO   - worker2016004:Running sp calculation in /scratch/pawsey0265/mwang1/.automated/7279/1_SCREENING/CONF21/sp.
2025-04-16 09:52:27,791 -   censo.qm_processor   -   INFO   - worker2015998:Running sp calculation in /scratch/pawsey0265/mwang1/.automated/7279/1_SCREENING/CONF9/sp.
2025-04-16 09:52:27,792 -   censo.qm_processor   -   INFO   - worker2016008:Running sp calculation in /scratch/pawsey0265/mwang1/.automated/7279/1_SCREENING/CONF19/sp.
2025-04-16 09:52:27,792 -   censo.qm_processor   -   INFO   - worker2016001:Running sp calculation in /scratch/pawsey0265/mwang1/.automated/7279/1_SCREENING/CONF5/sp.
2025-04-16 09:52:27,793 -   censo.qm_processor   -   INFO   - worker2016016:Running sp calculation in /scratch/pawsey0265/mwang1/.automated/7279/1_SCREENING/CONF22/sp.
2025-04-16 09:52:27,793 -   censo.qm_processor   -   INFO   - worker2016013:Running sp calculation in /scratch/pawsey0265/mwang1/.automated/7279/1_SCREENING/CONF18/sp.
2025-04-16 09:52:27,793 -   censo.qm_processor   -   INFO   - worker2016010:Running sp calculation in /scratch/pawsey0265/mwang1/.automated/7279/1_SCREENING/CONF20/sp.
2025-04-16 09:52:38,341 -     censo.parallel     -   INFO   - All jobs executed successfully.
2025-04-16 09:52:38,385 -   censo.qm_processor   -   INFO   - worker2016328:Running xtb_opt calculation in /scratch/pawsey0265/mwang1/.automated/7279/2_OPTIMIZATION/CONF1/xtb_opt.
2025-04-16 09:52:38,385 -   censo.qm_processor   -   INFO   - worker2016329:Running xtb_opt calculation in /scratch/pawsey0265/mwang1/.automated/7279/2_OPTIMIZATION/CONF2/xtb_opt.
2025-04-16 09:52:38,386 -   censo.qm_processor   -   INFO   - worker2016330:Running xtb_opt calculation in /scratch/pawsey0265/mwang1/.automated/7279/2_OPTIMIZATION/CONF3/xtb_opt.
2025-04-16 09:52:38,387 -   censo.qm_processor   -   INFO   - worker2016333:Running xtb_opt calculation in /scratch/pawsey0265/mwang1/.automated/7279/2_OPTIMIZATION/CONF7/xtb_opt.
2025-04-16 09:52:38,387 -   censo.qm_processor   -   INFO   - worker2016336:Running xtb_opt calculation in /scratch/pawsey0265/mwang1/.automated/7279/2_OPTIMIZATION/CONF17/xtb_opt.
2025-04-16 09:52:38,388 -   censo.qm_processor   -   INFO   - worker2016340:Running xtb_opt calculation in /scratch/pawsey0265/mwang1/.automated/7279/2_OPTIMIZATION/CONF4/xtb_opt.
2025-04-16 09:52:38,388 -   censo.qm_processor   -   INFO   - worker2016343:Running xtb_opt calculation in /scratch/pawsey0265/mwang1/.automated/7279/2_OPTIMIZATION/CONF16/xtb_opt.
2025-04-16 09:52:38,388 -   censo.qm_processor   -   INFO   - worker2016345:Running xtb_opt calculation in /scratch/pawsey0265/mwang1/.automated/7279/2_OPTIMIZATION/CONF8/xtb_opt.
2025-04-16 09:52:38,389 -   censo.qm_processor   -   INFO   - worker2016355:Running xtb_opt calculation in /scratch/pawsey0265/mwang1/.automated/7279/2_OPTIMIZATION/CONF15/xtb_opt.
2025-04-16 09:52:38,389 -   censo.qm_processor   -   INFO   - worker2016348:Running xtb_opt calculation in /scratch/pawsey0265/mwang1/.automated/7279/2_OPTIMIZATION/CONF13/xtb_opt.
2025-04-16 09:52:38,390 -   censo.qm_processor   -   INFO   - worker2016351:Running xtb_opt calculation in /scratch/pawsey0265/mwang1/.automated/7279/2_OPTIMIZATION/CONF12/xtb_opt.
2025-04-16 09:52:38,390 -   censo.qm_processor   -   INFO   - worker2016358:Running xtb_opt calculation in /scratch/pawsey0265/mwang1/.automated/7279/2_OPTIMIZATION/CONF6/xtb_opt.
2025-04-16 09:52:38,391 -   censo.qm_processor   -   INFO   - worker2016360:Running xtb_opt calculation in /scratch/pawsey0265/mwang1/.automated/7279/2_OPTIMIZATION/CONF10/xtb_opt.
2025-04-16 09:52:38,391 -   censo.qm_processor   -   INFO   - worker2016363:Running xtb_opt calculation in /scratch/pawsey0265/mwang1/.automated/7279/2_OPTIMIZATION/CONF14/xtb_opt.
2025-04-16 09:52:38,391 -   censo.qm_processor   -   INFO   - worker2016367:Running xtb_opt calculation in /scratch/pawsey0265/mwang1/.automated/7279/2_OPTIMIZATION/CONF9/xtb_opt.
2025-04-16 09:52:38,392 -   censo.qm_processor   -   INFO   - worker2016370:Running xtb_opt calculation in /scratch/pawsey0265/mwang1/.automated/7279/2_OPTIMIZATION/CONF11/xtb_opt.
2025-04-16 09:52:38,393 -   censo.qm_processor   -   INFO   - worker2016373:Running xtb_opt calculation in /scratch/pawsey0265/mwang1/.automated/7279/2_OPTIMIZATION/CONF5/xtb_opt.
2025-04-16 09:52:38,393 -   censo.qm_processor   -   INFO   - worker2016375:Running xtb_opt calculation in /scratch/pawsey0265/mwang1/.automated/7279/2_OPTIMIZATION/CONF21/xtb_opt.
2025-04-16 09:52:38,394 -   censo.qm_processor   -   INFO   - worker2016379:Running xtb_opt calculation in /scratch/pawsey0265/mwang1/.automated/7279/2_OPTIMIZATION/CONF20/xtb_opt.
2025-04-16 09:52:38,395 -   censo.qm_processor   -   INFO   - worker2016382:Running xtb_opt calculation in /scratch/pawsey0265/mwang1/.automated/7279/2_OPTIMIZATION/CONF19/xtb_opt.
2025-04-16 09:52:38,396 -   censo.qm_processor   -   INFO   - worker2016385:Running xtb_opt calculation in /scratch/pawsey0265/mwang1/.automated/7279/2_OPTIMIZATION/CONF18/xtb_opt.
2025-04-16 09:52:38,396 -   censo.qm_processor   -   INFO   - worker2016388:Running xtb_opt calculation in /scratch/pawsey0265/mwang1/.automated/7279/2_OPTIMIZATION/CONF22/xtb_opt.
2025-04-16 09:55:50,004 -     censo.parallel     -   INFO   - All jobs executed successfully.
2025-04-16 09:55:50,034 -   censo.qm_processor   -   INFO   - worker2021043:Running xtb_rrho calculation in /scratch/pawsey0265/mwang1/.automated/7279/2_OPTIMIZATION/CONF1/xtb_rrho.
2025-04-16 09:55:50,035 -   censo.qm_processor   -   INFO   - worker2021044:Running xtb_rrho calculation in /scratch/pawsey0265/mwang1/.automated/7279/2_OPTIMIZATION/CONF2/xtb_rrho.
2025-04-16 09:55:50,035 -   censo.qm_processor   -   INFO   - worker2021045:Running xtb_rrho calculation in /scratch/pawsey0265/mwang1/.automated/7279/2_OPTIMIZATION/CONF3/xtb_rrho.
2025-04-16 09:55:50,035 -   censo.qm_processor   -   INFO   - worker2021048:Running xtb_rrho calculation in /scratch/pawsey0265/mwang1/.automated/7279/2_OPTIMIZATION/CONF7/xtb_rrho.
2025-04-16 09:55:50,035 -   censo.qm_processor   -   INFO   - worker2021051:Running xtb_rrho calculation in /scratch/pawsey0265/mwang1/.automated/7279/2_OPTIMIZATION/CONF17/xtb_rrho.
2025-04-16 09:55:50,036 -   censo.qm_processor   -   INFO   - worker2021054:Running xtb_rrho calculation in /scratch/pawsey0265/mwang1/.automated/7279/2_OPTIMIZATION/CONF4/xtb_rrho.
2025-04-16 09:55:50,036 -   censo.qm_processor   -   INFO   - worker2021058:Running xtb_rrho calculation in /scratch/pawsey0265/mwang1/.automated/7279/2_OPTIMIZATION/CONF16/xtb_rrho.
2025-04-16 09:55:50,037 -   censo.qm_processor   -   INFO   - worker2021061:Running xtb_rrho calculation in /scratch/pawsey0265/mwang1/.automated/7279/2_OPTIMIZATION/CONF8/xtb_rrho.
2025-04-16 09:55:50,037 -   censo.qm_processor   -   INFO   - worker2021063:Running xtb_rrho calculation in /scratch/pawsey0265/mwang1/.automated/7279/2_OPTIMIZATION/CONF13/xtb_rrho.
2025-04-16 09:55:50,037 -   censo.qm_processor   -   INFO   - worker2021067:Running xtb_rrho calculation in /scratch/pawsey0265/mwang1/.automated/7279/2_OPTIMIZATION/CONF12/xtb_rrho.
2025-04-16 09:55:50,038 -   censo.qm_processor   -   INFO   - worker2021070:Running xtb_rrho calculation in /scratch/pawsey0265/mwang1/.automated/7279/2_OPTIMIZATION/CONF15/xtb_rrho.
2025-04-16 09:55:50,038 -   censo.qm_processor   -   INFO   - worker2021072:Running xtb_rrho calculation in /scratch/pawsey0265/mwang1/.automated/7279/2_OPTIMIZATION/CONF6/xtb_rrho.
2025-04-16 09:55:50,038 -   censo.qm_processor   -   INFO   - worker2021076:Running xtb_rrho calculation in /scratch/pawsey0265/mwang1/.automated/7279/2_OPTIMIZATION/CONF10/xtb_rrho.
2025-04-16 09:55:50,039 -   censo.qm_processor   -   INFO   - worker2021082:Running xtb_rrho calculation in /scratch/pawsey0265/mwang1/.automated/7279/2_OPTIMIZATION/CONF14/xtb_rrho.
2025-04-16 09:55:50,039 -   censo.qm_processor   -   INFO   - worker2021079:Running xtb_rrho calculation in /scratch/pawsey0265/mwang1/.automated/7279/2_OPTIMIZATION/CONF9/xtb_rrho.
2025-04-16 09:55:50,039 -   censo.qm_processor   -   INFO   - worker2021085:Running xtb_rrho calculation in /scratch/pawsey0265/mwang1/.automated/7279/2_OPTIMIZATION/CONF11/xtb_rrho.
2025-04-16 09:55:50,041 -   censo.qm_processor   -   INFO   - worker2021090:Running xtb_rrho calculation in /scratch/pawsey0265/mwang1/.automated/7279/2_OPTIMIZATION/CONF20/xtb_rrho.
2025-04-16 09:55:50,041 -   censo.qm_processor   -   INFO   - worker2021086:Running xtb_rrho calculation in /scratch/pawsey0265/mwang1/.automated/7279/2_OPTIMIZATION/CONF5/xtb_rrho.
2025-04-16 09:55:50,042 -   censo.qm_processor   -   INFO   - worker2021098:Running xtb_rrho calculation in /scratch/pawsey0265/mwang1/.automated/7279/2_OPTIMIZATION/CONF18/xtb_rrho.
2025-04-16 09:55:50,042 -   censo.qm_processor   -   INFO   - worker2021102:Running xtb_rrho calculation in /scratch/pawsey0265/mwang1/.automated/7279/2_OPTIMIZATION/CONF22/xtb_rrho.
2025-04-16 09:55:50,042 -   censo.qm_processor   -   INFO   - worker2021087:Running xtb_rrho calculation in /scratch/pawsey0265/mwang1/.automated/7279/2_OPTIMIZATION/CONF21/xtb_rrho.
2025-04-16 09:55:50,043 -   censo.qm_processor   -   INFO   - worker2021095:Running xtb_rrho calculation in /scratch/pawsey0265/mwang1/.automated/7279/2_OPTIMIZATION/CONF19/xtb_rrho.
2025-04-16 09:55:51,899 -     censo.parallel     -   INFO   - All jobs executed successfully.
2025-04-16 09:55:51,900 -censo.ensembleopt.optimization-   INFO   - Threshold: 2.73 kcal/mol
2025-04-16 09:55:51,928 -   censo.qm_processor   -   INFO   - worker2021189:Running xtb_opt calculation in /scratch/pawsey0265/mwang1/.automated/7279/2_OPTIMIZATION/CONF2/xtb_opt.
2025-04-16 09:55:51,929 -   censo.qm_processor   -   INFO   - worker2021190:Running xtb_opt calculation in /scratch/pawsey0265/mwang1/.automated/7279/2_OPTIMIZATION/CONF3/xtb_opt.
2025-04-16 09:55:51,929 -   censo.qm_processor   -   INFO   - worker2021193:Running xtb_opt calculation in /scratch/pawsey0265/mwang1/.automated/7279/2_OPTIMIZATION/CONF7/xtb_opt.
2025-04-16 09:55:51,930 -   censo.qm_processor   -   INFO   - worker2021192:Running xtb_opt calculation in /scratch/pawsey0265/mwang1/.automated/7279/2_OPTIMIZATION/CONF16/xtb_opt.
2025-04-16 09:55:51,930 -   censo.qm_processor   -   INFO   - worker2021196:Running xtb_opt calculation in /scratch/pawsey0265/mwang1/.automated/7279/2_OPTIMIZATION/CONF8/xtb_opt.
2025-04-16 09:55:51,930 -   censo.qm_processor   -   INFO   - worker2021198:Running xtb_opt calculation in /scratch/pawsey0265/mwang1/.automated/7279/2_OPTIMIZATION/CONF13/xtb_opt.
2025-04-16 09:55:51,930 -   censo.qm_processor   -   INFO   - worker2021202:Running xtb_opt calculation in /scratch/pawsey0265/mwang1/.automated/7279/2_OPTIMIZATION/CONF12/xtb_opt.
2025-04-16 09:55:51,931 -   censo.qm_processor   -   INFO   - worker2021206:Running xtb_opt calculation in /scratch/pawsey0265/mwang1/.automated/7279/2_OPTIMIZATION/CONF15/xtb_opt.
2025-04-16 09:55:51,931 -   censo.qm_processor   -   INFO   - worker2021210:Running xtb_opt calculation in /scratch/pawsey0265/mwang1/.automated/7279/2_OPTIMIZATION/CONF6/xtb_opt.
2025-04-16 09:55:51,932 -   censo.qm_processor   -   INFO   - worker2021213:Running xtb_opt calculation in /scratch/pawsey0265/mwang1/.automated/7279/2_OPTIMIZATION/CONF10/xtb_opt.
2025-04-16 09:55:51,932 -   censo.qm_processor   -   INFO   - worker2021216:Running xtb_opt calculation in /scratch/pawsey0265/mwang1/.automated/7279/2_OPTIMIZATION/CONF14/xtb_opt.
2025-04-16 09:55:51,933 -   censo.qm_processor   -   INFO   - worker2021222:Running xtb_opt calculation in /scratch/pawsey0265/mwang1/.automated/7279/2_OPTIMIZATION/CONF11/xtb_opt.
2025-04-16 09:55:51,933 -   censo.qm_processor   -   INFO   - worker2021219:Running xtb_opt calculation in /scratch/pawsey0265/mwang1/.automated/7279/2_OPTIMIZATION/CONF9/xtb_opt.
2025-04-16 09:55:51,934 -   censo.qm_processor   -   INFO   - worker2021225:Running xtb_opt calculation in /scratch/pawsey0265/mwang1/.automated/7279/2_OPTIMIZATION/CONF21/xtb_opt.
2025-04-16 09:55:51,934 -   censo.qm_processor   -   INFO   - worker2021227:Running xtb_opt calculation in /scratch/pawsey0265/mwang1/.automated/7279/2_OPTIMIZATION/CONF20/xtb_opt.
2025-04-16 09:55:51,934 -   censo.qm_processor   -   INFO   - worker2021230:Running xtb_opt calculation in /scratch/pawsey0265/mwang1/.automated/7279/2_OPTIMIZATION/CONF19/xtb_opt.
2025-04-16 09:55:51,934 -   censo.qm_processor   -   INFO   - worker2021234:Running xtb_opt calculation in /scratch/pawsey0265/mwang1/.automated/7279/2_OPTIMIZATION/CONF18/xtb_opt.
2025-04-16 09:55:51,935 -   censo.qm_processor   -   INFO   - worker2021236:Running xtb_opt calculation in /scratch/pawsey0265/mwang1/.automated/7279/2_OPTIMIZATION/CONF22/xtb_opt.
2025-04-16 10:16:39,116 -     censo.parallel     -   INFO   - All jobs executed successfully.
2025-04-16 10:16:39,116 -censo.ensembleopt.optimization-   INFO   - Threshold: 2.66 kcal/mol
2025-04-16 10:16:39,143 -   censo.qm_processor   -   INFO   - worker2088067:Running xtb_opt calculation in /scratch/pawsey0265/mwang1/.automated/7279/2_OPTIMIZATION/CONF2/xtb_opt.
2025-04-16 10:16:39,144 -   censo.qm_processor   -   INFO   - worker2088068:Running xtb_opt calculation in /scratch/pawsey0265/mwang1/.automated/7279/2_OPTIMIZATION/CONF3/xtb_opt.
2025-04-16 10:16:39,145 -   censo.qm_processor   -   INFO   - worker2088072:Running xtb_opt calculation in /scratch/pawsey0265/mwang1/.automated/7279/2_OPTIMIZATION/CONF7/xtb_opt.
2025-04-16 10:16:39,145 -   censo.qm_processor   -   INFO   - worker2088070:Running xtb_opt calculation in /scratch/pawsey0265/mwang1/.automated/7279/2_OPTIMIZATION/CONF16/xtb_opt.
2025-04-16 10:16:39,145 -   censo.qm_processor   -   INFO   - worker2088074:Running xtb_opt calculation in /scratch/pawsey0265/mwang1/.automated/7279/2_OPTIMIZATION/CONF8/xtb_opt.
2025-04-16 10:16:39,146 -   censo.qm_processor   -   INFO   - worker2088077:Running xtb_opt calculation in /scratch/pawsey0265/mwang1/.automated/7279/2_OPTIMIZATION/CONF13/xtb_opt.
2025-04-16 10:16:39,146 -   censo.qm_processor   -   INFO   - worker2088081:Running xtb_opt calculation in /scratch/pawsey0265/mwang1/.automated/7279/2_OPTIMIZATION/CONF12/xtb_opt.
2025-04-16 10:16:39,146 -   censo.qm_processor   -   INFO   - worker2088084:Running xtb_opt calculation in /scratch/pawsey0265/mwang1/.automated/7279/2_OPTIMIZATION/CONF15/xtb_opt.
2025-04-16 10:16:39,147 -   censo.qm_processor   -   INFO   - worker2088087:Running xtb_opt calculation in /scratch/pawsey0265/mwang1/.automated/7279/2_OPTIMIZATION/CONF6/xtb_opt.
2025-04-16 10:16:39,147 -   censo.qm_processor   -   INFO   - worker2088090:Running xtb_opt calculation in /scratch/pawsey0265/mwang1/.automated/7279/2_OPTIMIZATION/CONF10/xtb_opt.
2025-04-16 10:16:39,147 -   censo.qm_processor   -   INFO   - worker2088093:Running xtb_opt calculation in /scratch/pawsey0265/mwang1/.automated/7279/2_OPTIMIZATION/CONF14/xtb_opt.
2025-04-16 10:16:39,148 -   censo.qm_processor   -   INFO   - worker2088096:Running xtb_opt calculation in /scratch/pawsey0265/mwang1/.automated/7279/2_OPTIMIZATION/CONF9/xtb_opt.
2025-04-16 10:16:39,148 -   censo.qm_processor   -   INFO   - worker2088099:Running xtb_opt calculation in /scratch/pawsey0265/mwang1/.automated/7279/2_OPTIMIZATION/CONF11/xtb_opt.
2025-04-16 10:16:39,148 -   censo.qm_processor   -   INFO   - worker2088102:Running xtb_opt calculation in /scratch/pawsey0265/mwang1/.automated/7279/2_OPTIMIZATION/CONF20/xtb_opt.
2025-04-16 10:16:39,149 -   censo.qm_processor   -   INFO   - worker2088106:Running xtb_opt calculation in /scratch/pawsey0265/mwang1/.automated/7279/2_OPTIMIZATION/CONF19/xtb_opt.
2025-04-16 10:16:39,149 -   censo.qm_processor   -   INFO   - worker2088109:Running xtb_opt calculation in /scratch/pawsey0265/mwang1/.automated/7279/2_OPTIMIZATION/CONF18/xtb_opt.
2025-04-16 10:16:39,150 -   censo.qm_processor   -   INFO   - worker2088111:Running xtb_opt calculation in /scratch/pawsey0265/mwang1/.automated/7279/2_OPTIMIZATION/CONF22/xtb_opt.
2025-04-16 10:19:57,049 -     censo.parallel     -   INFO   - All jobs executed successfully.
2025-04-16 10:19:57,050 -censo.ensembleopt.optimization-   INFO   - Threshold: 2.32 kcal/mol
2025-04-16 10:19:57,080 -   censo.qm_processor   -   INFO   - worker2091940:Running xtb_opt calculation in /scratch/pawsey0265/mwang1/.automated/7279/2_OPTIMIZATION/CONF2/xtb_opt.
2025-04-16 10:19:57,081 -   censo.qm_processor   -   INFO   - worker2091941:Running xtb_opt calculation in /scratch/pawsey0265/mwang1/.automated/7279/2_OPTIMIZATION/CONF3/xtb_opt.
2025-04-16 10:19:57,081 -   censo.qm_processor   -   INFO   - worker2091942:Running xtb_opt calculation in /scratch/pawsey0265/mwang1/.automated/7279/2_OPTIMIZATION/CONF7/xtb_opt.
2025-04-16 10:19:57,082 -   censo.qm_processor   -   INFO   - worker2091944:Running xtb_opt calculation in /scratch/pawsey0265/mwang1/.automated/7279/2_OPTIMIZATION/CONF16/xtb_opt.
2025-04-16 10:19:57,082 -   censo.qm_processor   -   INFO   - worker2091947:Running xtb_opt calculation in /scratch/pawsey0265/mwang1/.automated/7279/2_OPTIMIZATION/CONF13/xtb_opt.
2025-04-16 10:19:57,083 -   censo.qm_processor   -   INFO   - worker2091951:Running xtb_opt calculation in /scratch/pawsey0265/mwang1/.automated/7279/2_OPTIMIZATION/CONF12/xtb_opt.
2025-04-16 10:19:57,083 -   censo.qm_processor   -   INFO   - worker2091955:Running xtb_opt calculation in /scratch/pawsey0265/mwang1/.automated/7279/2_OPTIMIZATION/CONF15/xtb_opt.
2025-04-16 10:19:57,083 -   censo.qm_processor   -   INFO   - worker2091956:Running xtb_opt calculation in /scratch/pawsey0265/mwang1/.automated/7279/2_OPTIMIZATION/CONF6/xtb_opt.
2025-04-16 10:19:57,084 -   censo.qm_processor   -   INFO   - worker2091960:Running xtb_opt calculation in /scratch/pawsey0265/mwang1/.automated/7279/2_OPTIMIZATION/CONF10/xtb_opt.
2025-04-16 10:19:57,084 -   censo.qm_processor   -   INFO   - worker2091963:Running xtb_opt calculation in /scratch/pawsey0265/mwang1/.automated/7279/2_OPTIMIZATION/CONF9/xtb_opt.
2025-04-16 10:19:57,084 -   censo.qm_processor   -   INFO   - worker2091965:Running xtb_opt calculation in /scratch/pawsey0265/mwang1/.automated/7279/2_OPTIMIZATION/CONF11/xtb_opt.
2025-04-16 10:19:57,085 -   censo.qm_processor   -   INFO   - worker2091970:Running xtb_opt calculation in /scratch/pawsey0265/mwang1/.automated/7279/2_OPTIMIZATION/CONF18/xtb_opt.
2025-04-16 10:22:19,848 -     censo.parallel     -   INFO   - All jobs executed successfully.
2025-04-16 10:22:19,849 -censo.ensembleopt.optimization-   INFO   - Threshold: 1.77 kcal/mol
2025-04-16 10:22:19,878 -   censo.qm_processor   -   INFO   - worker2094551:Running xtb_opt calculation in /scratch/pawsey0265/mwang1/.automated/7279/2_OPTIMIZATION/CONF16/xtb_opt.
2025-04-16 10:22:19,878 -   censo.qm_processor   -   INFO   - worker2094552:Running xtb_opt calculation in /scratch/pawsey0265/mwang1/.automated/7279/2_OPTIMIZATION/CONF15/xtb_opt.
2025-04-16 10:22:19,879 -   censo.qm_processor   -   INFO   - worker2094554:Running xtb_opt calculation in /scratch/pawsey0265/mwang1/.automated/7279/2_OPTIMIZATION/CONF11/xtb_opt.
2025-04-16 10:22:19,879 -   censo.qm_processor   -   INFO   - worker2094556:Running xtb_opt calculation in /scratch/pawsey0265/mwang1/.automated/7279/2_OPTIMIZATION/CONF18/xtb_opt.
2025-04-16 10:25:34,148 -     censo.parallel     -   INFO   - All jobs executed successfully.
2025-04-16 10:25:34,149 -censo.ensembleopt.optimization-   INFO   - Threshold: 1.57 kcal/mol
2025-04-16 10:25:34,177 -   censo.qm_processor   -   INFO   - worker2125507:Running xtb_opt calculation in /scratch/pawsey0265/mwang1/.automated/7279/2_OPTIMIZATION/CONF15/xtb_opt.
2025-04-16 10:27:55,739 -     censo.parallel     -   INFO   - All jobs executed successfully.
2025-04-16 10:27:55,739 -censo.ensembleopt.optimization-   INFO   - Threshold: 1.50 kcal/mol
2025-04-16 10:27:55,771 -   censo.qm_processor   -   INFO   - worker2126310:Running xtb_rrho calculation in /scratch/pawsey0265/mwang1/.automated/7279/2_OPTIMIZATION/CONF1/xtb_rrho.
2025-04-16 10:27:55,771 -   censo.qm_processor   -   INFO   - worker2126311:Running xtb_rrho calculation in /scratch/pawsey0265/mwang1/.automated/7279/2_OPTIMIZATION/CONF2/xtb_rrho.
2025-04-16 10:27:55,772 -   censo.qm_processor   -   INFO   - worker2126312:Running xtb_rrho calculation in /scratch/pawsey0265/mwang1/.automated/7279/2_OPTIMIZATION/CONF3/xtb_rrho.
2025-04-16 10:27:55,772 -   censo.qm_processor   -   INFO   - worker2126314:Running xtb_rrho calculation in /scratch/pawsey0265/mwang1/.automated/7279/2_OPTIMIZATION/CONF7/xtb_rrho.
2025-04-16 10:27:55,773 -   censo.qm_processor   -   INFO   - worker2126320:Running xtb_rrho calculation in /scratch/pawsey0265/mwang1/.automated/7279/2_OPTIMIZATION/CONF16/xtb_rrho.
2025-04-16 10:27:55,773 -   censo.qm_processor   -   INFO   - worker2126317:Running xtb_rrho calculation in /scratch/pawsey0265/mwang1/.automated/7279/2_OPTIMIZATION/CONF17/xtb_rrho.
2025-04-16 10:27:55,773 -   censo.qm_processor   -   INFO   - worker2126324:Running xtb_rrho calculation in /scratch/pawsey0265/mwang1/.automated/7279/2_OPTIMIZATION/CONF4/xtb_rrho.
2025-04-16 10:27:55,774 -   censo.qm_processor   -   INFO   - worker2126327:Running xtb_rrho calculation in /scratch/pawsey0265/mwang1/.automated/7279/2_OPTIMIZATION/CONF8/xtb_rrho.
2025-04-16 10:27:55,774 -   censo.qm_processor   -   INFO   - worker2126329:Running xtb_rrho calculation in /scratch/pawsey0265/mwang1/.automated/7279/2_OPTIMIZATION/CONF13/xtb_rrho.
2025-04-16 10:27:55,774 -   censo.qm_processor   -   INFO   - worker2126332:Running xtb_rrho calculation in /scratch/pawsey0265/mwang1/.automated/7279/2_OPTIMIZATION/CONF12/xtb_rrho.
2025-04-16 10:27:55,775 -   censo.qm_processor   -   INFO   - worker2126335:Running xtb_rrho calculation in /scratch/pawsey0265/mwang1/.automated/7279/2_OPTIMIZATION/CONF15/xtb_rrho.
2025-04-16 10:27:55,775 -   censo.qm_processor   -   INFO   - worker2126338:Running xtb_rrho calculation in /scratch/pawsey0265/mwang1/.automated/7279/2_OPTIMIZATION/CONF6/xtb_rrho.
2025-04-16 10:27:55,775 -   censo.qm_processor   -   INFO   - worker2126341:Running xtb_rrho calculation in /scratch/pawsey0265/mwang1/.automated/7279/2_OPTIMIZATION/CONF10/xtb_rrho.
2025-04-16 10:27:55,776 -   censo.qm_processor   -   INFO   - worker2126345:Running xtb_rrho calculation in /scratch/pawsey0265/mwang1/.automated/7279/2_OPTIMIZATION/CONF14/xtb_rrho.
2025-04-16 10:27:55,776 -   censo.qm_processor   -   INFO   - worker2126348:Running xtb_rrho calculation in /scratch/pawsey0265/mwang1/.automated/7279/2_OPTIMIZATION/CONF9/xtb_rrho.
2025-04-16 10:27:55,777 -   censo.qm_processor   -   INFO   - worker2126351:Running xtb_rrho calculation in /scratch/pawsey0265/mwang1/.automated/7279/2_OPTIMIZATION/CONF11/xtb_rrho.
2025-04-16 10:27:55,777 -   censo.qm_processor   -   INFO   - worker2126354:Running xtb_rrho calculation in /scratch/pawsey0265/mwang1/.automated/7279/2_OPTIMIZATION/CONF5/xtb_rrho.
2025-04-16 10:28:00,142 -     censo.parallel     -   INFO   - All jobs executed successfully.
