22
 energy: -3220.642103081264 gnorm: 0.025262648973 xtb: 6.7.1 (edcfbbe)
C            1.72591446586480       -1.03132982805701        1.15150099791026
C            3.10057674567395       -1.13700833620384        1.23797774104858
C            3.91571693893516       -0.31606164964006        0.47227992530928
C            3.33968914047990        0.62515230317702       -0.37819932836759
C            1.96161214046924        0.73471390642557       -0.45751501820274
C            1.14292213440646       -0.09756661954323        0.29908847223253
C           -0.32130638844238        0.04431985801964        0.20243930728971
C           -0.89832880949807        1.29950132997584        0.36471952856162
C           -2.26967235170575        1.47174911695217        0.28898882132806
C           -3.10196089827456        0.38127678726895        0.03978475491763
C           -2.53532479372347       -0.88006295768998       -0.14005865116206
C           -1.15350749301115       -1.04655644016376       -0.05849594112592
Cl          -0.49098016691757       -2.60717682035531       -0.34309079695203
Cl          -3.54724962557188       -2.22472698198584       -0.46712035330699
Cl          -4.80110307852750        0.58264640735819       -0.05259800262331
Cl          -2.94902912330679        3.03318893534409        0.50436800052350
Cl           4.33186256721956        1.65806375343473       -1.33384211679106
Cl           5.62616482129310       -0.46076789440418        0.58001592225702
H            1.10340638308895       -1.66431378223750        1.76314617318130
H            3.55278420867433       -1.85770952752320        1.90046517324215
H            1.52607208657624        1.45881300664644       -1.12779166259975
H           -0.26807161771879        2.15001054425273        0.56948770745236
22
 energy: -3220.643607349698 gnorm: 0.013570070098 xtb: 6.7.1 (edcfbbe)
C            1.73419031514315       -1.02361270865670        1.16583715209595
C            3.11141623778732       -1.12979870283393        1.24753875538745
C            3.92831572893890       -0.31008027309965        0.47490765478446
C            3.34703284940201        0.63407464864964       -0.37844798428853
C            1.96339613152012        0.73433456946929       -0.45935188890360
C            1.14484346454775       -0.09931433185053        0.30141014145183
C           -0.32389534586085        0.03253800983106        0.20112479976084
C           -0.90103204449589        1.29087530980508        0.36448807321506
C           -2.27309064802132        1.47271076520487        0.28496655067930
C           -3.11544171404571        0.38282185441205        0.03902860491988
C           -2.55100691518969       -0.88730817123446       -0.14047155065252
C           -1.16293924335497       -1.05912373064263       -0.06487109326165
Cl          -0.49764417661041       -2.62361423553117       -0.37907311197850
Cl          -3.57199512032897       -2.23244592760475       -0.47482229981399
Cl          -4.82037357957358        0.59443549489854       -0.04954014165599
Cl          -2.92486814752095        3.05516094229094        0.51112984150305
Cl           4.32092918123715        1.67834988883284       -1.35627831747308
Cl           5.64474926614082       -0.47626939369097        0.59449569828413
H            1.11288830683397       -1.66210494435285        1.77996452933882
H            3.56669604547311       -1.85159387011474        1.91370756591724
H            1.52448722179218        1.45446270037109       -1.13910075580326
H           -0.26646874733625        2.14165562729321        0.57890738416120
22
 energy: -3220.643904420268 gnorm: 0.005775660389 xtb: 6.7.1 (edcfbbe)
C            1.73914277924045       -1.02542807614013        1.17083837932533
C            3.11817936259615       -1.12186281030079        1.25713692956337
C            3.93311034930323       -0.30177202512787        0.47926782903650
C            3.34866827629431        0.63432195176536       -0.37962335935665
C            1.96253357659763        0.72720825462928       -0.46378059974030
C            1.14499206090238       -0.10710013418883        0.29968774947066
C           -0.32585760869857        0.02279264946034        0.19857597466883
C           -0.90158846066027        1.28220586766917        0.36809368588882
C           -2.27335132585333        1.47004437830343        0.28779778015536
C           -3.12206817225145        0.38549114950026        0.03971707848476
C           -2.56113699500972       -0.88829252364742       -0.14549802632208
C           -1.17090791014764       -1.06450664605758       -0.07513009226745
Cl          -0.50213023709315       -2.63234628145510       -0.40475521936159
Cl          -3.59211437126230       -2.23224571451679       -0.48117771740908
Cl          -4.83024033355788        0.61168787927250       -0.04397113125560
Cl          -2.91291309520716        3.06533535043322        0.51602675495412
Cl           4.32235061769384        1.68341677865283       -1.36337632546086
Cl           5.65611811725341       -0.46624137217879        0.59654061826362
H            1.12020822408275       -1.66306543849730        1.79140805941324
H            3.57831597843735       -1.83738970103135        1.92948421200972
H            1.52314661892373        1.44269486105703       -1.15094176227319
H           -0.26426653771974        2.13120345520249        0.58922857447911
22
 energy: -3220.643966856728 gnorm: 0.002064469240 xtb: 6.7.1 (edcfbbe)
C            1.74123019385123       -1.02699147778397        1.17245689227635
C            3.12060624632243       -1.11698230071321        1.26219231281433
C            3.93308560662810       -0.29720091214248        0.48140232084221
C            3.34705055872977        0.63220754638599       -0.38147577520876
C            1.96077860917265        0.71975461011071       -0.46931639169895
C            1.14500999970384       -0.11389673680022        0.29653133678488
C           -0.32619879871895        0.01779199241129        0.19635183468147
C           -0.89954271229284        1.27762070129780        0.37180852424482
C           -2.27064245962190        1.46839566774323        0.29129540936864
C           -3.12230142098158        0.38804249153449        0.04022974221098
C           -2.56426396375059       -0.88586824283218       -0.14952092968328
C           -1.17514119329095       -1.06493022365618       -0.08147959942755
Cl          -0.50947757689337       -2.63586923575170       -0.41629177250091
Cl          -3.59988172411535       -2.22810111687077       -0.48688787700900
Cl          -4.83160125337538        0.61793995886787       -0.04080788731353
Cl          -2.90614982949692        3.06796177622287        0.52282090639336
Cl           4.32034160766590        1.68349988407723       -1.36748454081561
Cl           5.65915083794403       -0.45291198377008        0.60261199953744
H            1.12395318737477       -1.66488562307529        1.79455043190148
H            3.58359961092493       -1.82550979704797        1.93993708575094
H            1.52127015260076        1.43182800297975       -1.15976105190012
H           -0.26068349131706        2.12425573037449        0.59638665818777
22
 energy: -3220.644008464983 gnorm: 0.002515459712 xtb: 6.7.1 (edcfbbe)
C            1.74238594732871       -1.02943494611895        1.17254449191654
C            3.12192582462183       -1.11093468788313        1.26778701720712
C            3.93167400919469       -0.29074416274433        0.48512737416704
C            3.34398728606398        0.62847566277182       -0.38555076303138
C            1.95806164586576        0.70941690819761       -0.47805471572722
C            1.14472229288006       -0.12249043167997        0.29147609025005
C           -0.32637622208794        0.01230147878522        0.19329991249649
C           -0.89576423637754        1.27268797398423        0.37661367527708
C           -2.26601244540596        1.46660068917887        0.29716585964982
C           -3.12072622595832        0.39125318161180        0.04122636651535
C           -2.56655286921497       -0.88260948685961       -0.15497460032586
C           -1.17900238236502       -1.06507893858821       -0.08860971565394
Cl          -0.51561261890734       -2.63814915552227       -0.42566672469041
Cl          -3.60697316416154       -2.22133923554903       -0.49651226118044
Cl          -4.83009524729800        0.62611003740366       -0.03715236125606
Cl          -2.89877160739331        3.06819739920012        0.53568106470832
Cl           4.31585677968356        1.68087212988630       -1.37446221773677
Cl           5.66008141946044       -0.43305489485250        0.61501088649001
H            1.12670991232754       -1.66726662103404        1.79585366127068
H            3.58762239788132       -1.81079482487839        1.95212346407467
H            1.51787994240964        1.41617245072926       -1.17275032851551
H           -0.25482685808674        2.11595881600275        0.60537397005217
22
 energy: -3220.644033724732 gnorm: 0.003276403391 xtb: 6.7.1 (edcfbbe)
C            1.74270681883339       -1.03055821728503        1.17274752113804
C            3.12231225805275       -1.10520518080532        1.27259752724396
C            3.93021808477704       -0.28458057963450        0.48894147683517
C            3.34141018648248        0.62530914944352       -0.39004692233289
C            1.95580673916556        0.70036443752121       -0.48659986388734
C            1.14437539213304       -0.12931944193858        0.28688434117999
C           -0.32655503183849        0.00763590073183        0.19067039088548
C           -0.89202719650850        1.26870424233995        0.38077010630243
C           -2.26173357534039        1.46549571319785        0.30363730245601
C           -3.11899673805226        0.39390788408338        0.04241036906378
C           -2.56816593079049       -0.88012730050310       -0.15995579116841
C           -1.18172910175289       -1.06595128460190       -0.09409596935366
Cl          -0.52089382324086       -2.63984904786290       -0.43306786933545
Cl          -3.61114615592002       -2.21515357487331       -0.50764667035381
Cl          -4.82754633845892        0.63293695413556       -0.03449759918425
Cl          -2.89166316487497        3.06722248834217        0.55114855314598
Cl           4.31161167456024        1.67566236354848       -1.38307648144320
Cl           5.65937270798994       -0.41390607444848        0.62875539555611
H            1.12785008720413       -1.66832743969733        1.79663111781038
H            3.58948371141133       -1.79832362890558        1.96231967978469
H            1.51426012359544        1.40128651724752       -1.18590971452664
H           -0.24875619307608        2.10892427496654        0.61293370449248
22
 energy: -3220.644055319774 gnorm: 0.002474958394 xtb: 6.7.1 (edcfbbe)
C            1.74260483969418       -1.03045604868610        1.17331036738756
C            3.12223280437469       -1.09884187657499        1.27770661806884
C            3.92903258495499       -0.27824401258164        0.49312734830138
C            3.33948869998319        0.62209951084676       -0.39543557620352
C            1.95411618853034        0.69161448075202       -0.49553835828641
C            1.14409576845144       -0.13501949637705        0.28247344873071
C           -0.32672765030709        0.00337762366281        0.18801989338175
C           -0.88858444521203        1.26486752146837        0.38493889409093
C           -2.25796115502820        1.46467674653437        0.31126683145318
C           -3.11747809762611        0.39609267824333        0.04389683949032
C           -2.56961710593571       -0.87824326763690       -0.16536826612112
C           -1.18354646030362       -1.06751748783198       -0.09957024016221
Cl          -0.52473989703620       -2.64098608902760       -0.44056680538882
Cl          -3.61494351599240       -2.20847918792314       -0.52098555923042
Cl          -4.82478444591623        0.63898230513024       -0.03215177977655
Cl          -2.88465185919722        3.06520639399566        0.57015321699698
Cl           4.30790710404504        1.66777823537320       -1.39390906392678
Cl           5.65772751370142       -0.39524825800338        0.64355214983915
H            1.12800909721956       -1.66759741464263        1.79804973513414
H            3.59000577662855       -1.78613806879588        1.97260436094808
H            1.51072616632125        1.38603822474064       -1.20004219464780
H           -0.24271689991203        2.10218450232151        0.62001912089204
22
 energy: -3220.644065945742 gnorm: 0.000953050453 xtb: 6.7.1 (edcfbbe)
C            1.74245190354045       -1.02902772275176        1.17474962775071
C            3.12219470781336       -1.09244133322936        1.28299109255390
C            3.92873155295173       -0.27306927561753        0.49664442457542
C            3.33880706299489        0.61876606302743       -0.40111685166842
C            1.95336010128802        0.68379002838097       -0.50403388529473
C            1.14387537513676       -0.13926152404248        0.27855166970591
C           -0.32701994326393       -0.00012263273254        0.18542420531346
C           -0.88633591798364        1.26140608782147        0.38882192670185
C           -2.25562784068584        1.46392708232225        0.31884700271822
C           -3.11684697914433        0.39761333430581        0.04542774004770
C           -2.57112717132576       -0.87692325273564       -0.17079604622085
C           -1.18491727819882       -1.06923704182747       -0.10525290775834
Cl          -0.52790962749870       -2.64165819879564       -0.44956321525224
Cl          -3.61763242063543       -2.20291638792131       -0.53501634914393
Cl          -4.82303449389184        0.64447207120315       -0.02939786544071
Cl          -2.87907650179736        3.06261706846030        0.59020940585946
Cl           4.30599041457809        1.65831967699677       -1.40550119661955
Cl           5.65635051145691       -0.37959216740111        0.65678305586456
H            1.12770430883329       -1.66461497764949        1.80122897069341
H            3.58994270886459       -1.77442412312134        1.98332661875168
H            1.50837787814452        1.37224661057452       -1.21357955618136
H           -0.23806347077011        2.09627660728134        0.62680334915603
22
 energy: -3220.644068811405 gnorm: 0.000624197688 xtb: 6.7.1 (edcfbbe)
C            1.74207486073670       -1.02685010061764        1.17602049809992
C            3.12171225228564       -1.09156035274745        1.28386698654004
C            3.92930254330091       -0.27416329958554        0.49628019241678
C            3.34001950266656        0.61777810712171       -0.40206348034654
C            1.95440504649660        0.68404568270417       -0.50427400655740
C            1.14400873962914       -0.13756379349019        0.27895516840185
C           -0.32700355480738        0.00104738165138        0.18520003714090
C           -0.88750318645001        1.26180489871428        0.38922814951277
C           -2.25704446692885        1.46380158772032        0.31999976755399
C           -3.11741221457093        0.39673582623386        0.04570356005058
C           -2.57072191694800       -0.87725453857310       -0.17175556196341
C           -1.18394729449584       -1.06901107209645       -0.10634472235761
Cl          -0.52601565144329       -2.64015734528708       -0.45204052679430
Cl          -3.61681817471887       -2.20286840105181       -0.53735652880672
Cl          -4.82384497588391        0.64227246885870       -0.02878393440151
Cl          -2.88063190922806        3.06127608326685        0.59373053054063
Cl           4.30789420172558        1.65463505070719       -1.40784231879386
Cl           5.65603479268327       -0.38268454941732        0.65559786472948
H            1.12678317439733       -1.66101661209205        1.80356062269022
H            3.58859793404484       -1.77361069617586        1.98477012336339
H            1.50986533092640        1.37245455515532       -1.21423755501901
H           -0.23956117822636        2.09703520472627        0.62733615699400
22
 energy: -3220.644068811405 gnorm: 0.000624197688 xtb: 6.7.1 (edcfbbe)
C            1.74207486073670       -1.02685010061764        1.17602049809992
C            3.12171225228564       -1.09156035274745        1.28386698654004
C            3.92930254330091       -0.27416329958554        0.49628019241678
C            3.34001950266656        0.61777810712171       -0.40206348034654
C            1.95440504649660        0.68404568270417       -0.50427400655740
C            1.14400873962914       -0.13756379349019        0.27895516840185
C           -0.32700355480738        0.00104738165138        0.18520003714090
C           -0.88750318645001        1.26180489871428        0.38922814951277
C           -2.25704446692885        1.46380158772032        0.31999976755399
C           -3.11741221457093        0.39673582623386        0.04570356005058
C           -2.57072191694800       -0.87725453857310       -0.17175556196341
C           -1.18394729449584       -1.06901107209645       -0.10634472235761
Cl          -0.52601565144329       -2.64015734528708       -0.45204052679430
Cl          -3.61681817471887       -2.20286840105181       -0.53735652880672
Cl          -4.82384497588391        0.64227246885870       -0.02878393440151
Cl          -2.88063190922806        3.06127608326685        0.59373053054063
Cl           4.30789420172558        1.65463505070719       -1.40784231879386
Cl           5.65603479268327       -0.38268454941732        0.65559786472948
H            1.12678317439733       -1.66101661209205        1.80356062269022
H            3.58859793404484       -1.77361069617586        1.98477012336339
H            1.50986533092640        1.37245455515532       -1.21423755501901
H           -0.23956117822636        2.09703520472627        0.62733615699400
