9
 energy: -10.570854591448 gnorm: 0.017857394764 xtb: 6.7.1 (edcfbbe)
C           -1.38517415795035       -0.58474336314414       -0.00002616397688
S            0.00000225914783        0.60602777849513        0.00004187169142
C            1.38516433157179       -0.58476121794776        0.00000998237564
H           -1.36069321123703       -1.21298680807539        0.89544305029880
H           -1.36066129527171       -1.21292053528918       -0.89554028988411
H           -2.31162320909121       -0.00561205216466       -0.00002074331917
H            1.36062599435712       -1.21302878135530        0.89546070771294
H            2.31162031489859       -0.00564131672213        0.00008418286357
H            1.36069121788539       -1.21291304139013       -0.89552318406959
9
 energy: -10.571501904180 gnorm: 0.003634168882 xtb: 6.7.1 (edcfbbe)
C           -1.38590186025231       -0.58959072732747       -0.00002677060480
S            0.00000213706100        0.58470103118269        0.00004228676054
C            1.38589167021716       -0.58960848753267        0.00001141173192
H           -1.34123956292482       -1.20721045693072        0.89516374893261
H           -1.34120787563623       -1.20714350665166       -0.89526161428848
H           -2.30050261847659       -0.00165495884501       -0.00002073442494
H            1.34117481331793       -1.20725201036122        0.89518269712452
H            2.30049969379005       -0.00168421063697        0.00008114236102
H            1.34123584721424       -1.20713601049052       -0.89524275389978
9
 energy: -10.571543549959 gnorm: 0.001052964838 xtb: 6.7.1 (edcfbbe)
C           -1.37590730587569       -0.59079240409572       -0.00002684204840
S            0.00000223923041        0.59187301105535        0.00004438615600
C            1.37589694103893       -0.59080998824835        0.00001178603407
H           -1.32791404600630       -1.20640867955378        0.89393422357335
H           -1.32788168791114       -1.20633985963042       -0.89403351397582
H           -2.28904336788455       -0.00564498829087       -0.00002074150742
H            1.32785108214013       -1.20644796846486        0.89395493494855
H            2.28904034364080       -0.00567410160781        0.00007797128389
H            1.32790804593785       -1.20633435875711       -0.89401279077161
9
 energy: -10.571548085809 gnorm: 0.000489232149 xtb: 6.7.1 (edcfbbe)
C           -1.37694569826908       -0.58923291522009       -0.00002697976328
S            0.00000228389348        0.59253930627387        0.00004636791672
C            1.37693529701728       -0.58925046341897        0.00001220860630
H           -1.32632738477967       -1.20557224432726        0.89334790984676
H           -1.32629415128031       -1.20550081546790       -0.89344924619543
H           -2.29336009339804       -0.00921311703484       -0.00002078661197
H            1.32626628615827       -1.20560860094093        0.89337109374081
H            2.29335704613209       -0.00924229516457        0.00007492118874
H            1.32631865883642       -1.20549819229286       -0.89342607503605
9
 energy: -10.571548964354 gnorm: 0.000070834459 xtb: 6.7.1 (edcfbbe)
C           -1.37555538594251       -0.58940716008053       -0.00002716098212
S            0.00000230354842        0.59400837590289        0.00004782122107
C            1.37554495534156       -0.58942467208008        0.00001249880108
H           -1.32461182035865       -1.20559855493540        0.89365866607926
H           -1.32457816192180       -1.20552486303019       -0.89376184957985
H           -2.29226968655087       -0.00972308545428       -0.00002048359197
H            1.32455241553429       -1.20563262863554        0.89368399787188
H            2.29226662380581       -0.00975225523720        0.00007244533768
H            1.32460100085419       -1.20552449404323       -0.89373652146443
9
 energy: -10.571548970839 gnorm: 0.000026080405 xtb: 6.7.1 (edcfbbe)
C           -1.37556513190842       -0.58943823705026       -0.00002736404828
S            0.00000230651867        0.59388635056647        0.00004897348605
C            1.37555469435978       -0.58945574357986        0.00001277121649
H           -1.32461482119790       -1.20557078200789        0.89363045816982
H           -1.32458107124842       -1.20549503926803       -0.89373544369869
H           -2.29220090235333       -0.00968859318285       -0.00002006356354
H            1.32455703048258       -1.20560274709420        0.89365782977162
H            2.29219783837144       -0.00971776240413        0.00007032235905
H            1.32460230128604       -1.20549678357281       -0.89370806999992
