15
 energy: -30.414883761236 gnorm: 0.037078716594 xtb: 6.7.1 (edcfbbe)
C            0.03767208078214       -1.21381626769272        0.00001794461973
C            1.42025764928988       -1.21358224660787        0.00000788478814
C            2.11312351092334        0.00096803649114       -0.00000799520823
C            1.41805791830785        1.21484657096827       -0.00001287108399
C            0.03316734974897        1.21547040443151       -0.00000164499164
C           -0.64364397753451        0.00089841300318        0.00002408758756
N           -2.11048268604592        0.00077223174495        0.00007544394710
O           -2.68015339190706        1.08785942010541       -0.00000282351883
O           -2.67935168530655       -1.08632136664644       -0.00002491187677
O            3.46913764735329       -0.06334644211178       -0.00001753061580
H           -0.52377508352042       -2.13955554020149        0.00003314559832
H            1.98217824661923       -2.14042942660400        0.00001525331987
H            1.96139119779452        2.15589445116222       -0.00002157892349
H           -0.52907741829546        2.14070563270225       -0.00000060271031
H            3.83635437015970        0.82859020143824       -0.00003766949971
15
 energy: -30.416127835905 gnorm: 0.014294554400 xtb: 6.7.1 (edcfbbe)
C            0.03441548421486       -1.21258948372441        0.00001761278522
C            1.41199117175993       -1.21181539437471        0.00001527421259
C            2.10819879198239       -0.00049406698243       -0.00000076489760
C            1.41324428072958        1.20925887726266       -0.00000637447682
C            0.03323416117240        1.21085030697496       -0.00000222035623
C           -0.64636648218432       -0.00011789778643       -0.00000859450662
N           -2.09576228981604        0.00115898049959       -0.00008965710550
O           -2.65877377618225        1.07930666417759        0.00008753420379
O           -2.66075869478615       -1.07549275387156        0.00006765756997
O            3.45917240075042       -0.05694841564982       -0.00000778706892
H           -0.52613884016985       -2.13523361793987        0.00001833811721
H            1.97293316345622       -2.13326054828299        0.00001817261689
H            1.95594599377026        2.14560677714269       -0.00002038445898
H           -0.52633698080598        2.13419330439295       -0.00001603569372
H            3.82985734447754        0.83453134034465       -0.00002663950934
15
 energy: -30.416290260316 gnorm: 0.006202584749 xtb: 6.7.1 (edcfbbe)
C            0.03321944505604       -1.21212708700693        0.00002729312558
C            1.40889096327716       -1.21176613616680       -0.00000676237767
C            2.10783604200663       -0.00170729627645       -0.00002235691129
C            1.41112929725861        1.20662526791708       -0.00002328179542
C            0.03286299176712        1.20884549918173        0.00000907277789
C           -0.65104339198588       -0.00049008473830        0.00008974107187
N           -2.08957188811404        0.00162690855565        0.00038049400418
O           -2.65058349821960        1.07668976594497       -0.00018656977262
O           -2.65402074687886       -1.07110373657151       -0.00020387344384
O            3.45500393461099       -0.05306091113250       -0.00004433551124
H           -0.52689522171698       -2.13382629576757        0.00007281740945
H            1.97020076849617       -2.13114881387476        0.00000066823999
H            1.95426825473813        2.14106864378210       -0.00003091304479
H           -0.52550321766702        2.13181175449217        0.00003934066240
H            3.82906199574053        0.83751659384400       -0.00005520300254
15
 energy: -30.416307833576 gnorm: 0.003275468898 xtb: 6.7.1 (edcfbbe)
C            0.03348616207563       -1.21185015082497        0.00000697967558
C            1.40884011649328       -1.21191423661520        0.00005067189045
C            2.10875045720562       -0.00201093776594        0.00003170702190
C            1.41081932154550        1.20622619276623        0.00002149063358
C            0.03286439066721        1.20853216801782       -0.00001484020859
C           -0.65301869097626       -0.00050076756515       -0.00015669890502
N           -2.08906418292662        0.00170527408952       -0.00083109871343
O           -2.65085577687427        1.07712888915155        0.00050930692860
O           -2.65464009630750       -1.07119351065531        0.00049163735439
O            3.45471971941105       -0.05218452664649        0.00004196661204
H           -0.52660125065788       -2.13371934728672       -0.00006375573395
H            1.97030814004651       -2.13140575188704        0.00004357908075
H            1.95426057893101        2.14062956871321       -0.00000415281723
H           -0.52538513977820        2.13171445791997       -0.00009918708909
H            3.83037197951393        0.83779675077139        0.00001852570197
15
 energy: -30.416308332731 gnorm: 0.002036565712 xtb: 6.7.1 (edcfbbe)
C            0.03397509287564       -1.21136187279693        0.00005774287893
C            1.40900791101941       -1.21198056554214       -0.00013032735277
C            2.10999978412031       -0.00220472764035       -0.00013520338914
C            1.41050017329304        1.20599078342744       -0.00011942687007
C            0.03291283069994        1.20835669798173        0.00004688260210
C           -0.65515598709999       -0.00042668717369        0.00059238035440
N           -2.08870717761684        0.00165689741112        0.00291134612689
O           -2.65213932202934        1.07765566382580       -0.00163188418885
O           -2.65598122351207       -1.07176818898729       -0.00163468581728
O            3.45471143721423       -0.05149501676353       -0.00021887052998
H           -0.52615861880161       -2.13357047818960        0.00035238086566
H            1.97042271433447       -2.13192385929308       -0.00008726291333
H            1.95427873748864        2.14053633354707       -0.00008298216986
H           -0.52532491221984        2.13187092670363        0.00032231239938
H            3.83251428860301        0.83761816567268       -0.00019627056414
15
 energy: -30.416314422267 gnorm: 0.000517222441 xtb: 6.7.1 (edcfbbe)
C            0.03396999247114       -1.21132945824737       -0.00000599539111
C            1.40908389656653       -1.21186816445152        0.00002581357035
C            2.10984037740362       -0.00204530884458        0.00001449505616
C            1.41055605062941        1.20618187636938        0.00000044833216
C            0.03292123577516        1.20852017715511       -0.00002791190564
C           -0.65462429271155       -0.00037801840249       -0.00009888068193
N           -2.08881138661745        0.00155821467651       -0.00040235598834
O           -2.65244269809384        1.07744929886263        0.00029372572243
O           -2.65599670229191       -1.07190704806198        0.00028369965719
O            3.45487501894659       -0.05184820148248        0.00002836234608
H           -0.52620507057402       -2.13354779952557       -0.00003372519297
H            1.97030693259989       -2.13192850887249        0.00003349717871
H            1.95425568056824        2.14079970583736       -0.00000956846865
H           -0.52539605504541        2.13200680923924       -0.00007108365061
H            3.83252274874259        0.83729049793113        0.00001561084810
15
 energy: -30.416314582273 gnorm: 0.000412129114 xtb: 6.7.1 (edcfbbe)
C            0.03385692725841       -1.21137620587380        0.00002443367013
C            1.40903804668349       -1.21178556834485       -0.00000392256033
C            2.10956801653876       -0.00194333994441       -0.00001801649072
C            1.41056713263286        1.20626450314008       -0.00002174440397
C            0.03288162208995        1.20860254714332        0.00000567715354
C           -0.65419297717376       -0.00037194897741        0.00006285119926
N           -2.08869399554142        0.00151952825245        0.00023884102277
O           -2.65222718048143        1.07716114329670       -0.00010351251693
O           -2.65564086599042       -1.07176931259496       -0.00011106177280
O            3.45483530163651       -0.05203747720586       -0.00002967765744
H           -0.52631122364405       -2.13352142213535        0.00005063889336
H            1.97014670649005       -2.13180426839718        0.00000114974431
H            1.95420095511651        2.14084301432456       -0.00003158585536
H           -0.52545644709974        2.13200341878944        0.00001649369628
H            3.83228370985329        0.83716946071015       -0.00003443269016
15
 energy: -30.416314705209 gnorm: 0.000047141820 xtb: 6.7.1 (edcfbbe)
C            0.03390835628001       -1.21132982777631        0.00001602702550
C            1.40907239052121       -1.21177925911314        0.00000529091712
C            2.10967775612873       -0.00193979323436       -0.00000718235099
C            1.41053839744055        1.20626670739354       -0.00001399999778
C            0.03288051491332        1.20860743761243       -0.00000320394475
C           -0.65436854263293       -0.00036162730500        0.00001808084913
N           -2.08865136284997        0.00150590372769        0.00005267575270
O           -2.65240106613382        1.07719297146125        0.00000663174701
O           -2.65579655677824       -1.07183678994967        0.00000064634779
O            3.45484287558154       -0.05200153448390       -0.00001495435234
H           -0.52626279913492       -2.13350993792663        0.00003009853384
H            1.97014804177438       -2.13186197807928        0.00000896001147
H            1.95420205186478        2.14086614099015       -0.00002596615680
H           -0.52546985436402        2.13203312753963       -0.00000429978708
H            3.83253552575838        0.83710253132649       -0.00002267316286
15
 energy: -30.416314707235 gnorm: 0.000017201207 xtb: 6.7.1 (edcfbbe)
C            0.03390373038159       -1.21133863673971        0.00001694962809
C            1.40907733684224       -1.21177267152480        0.00000871390282
C            2.10965670320909       -0.00192638416928       -0.00000597075535
C            1.41053850305877        1.20628076669152       -0.00001107756409
C            0.03287361191423        1.20861857068149       -0.00000217924826
C           -0.65434310956210       -0.00036283427551        0.00000866115796
N           -2.08863469876600        0.00150421813751       -0.00000135462291
O           -2.65240206617669        1.07717641720038        0.00003408860927
O           -2.65579156470738       -1.07182759729914        0.00002963503128
O            3.45483930793455       -0.05201586184796       -0.00001329147627
H           -0.52626413051515       -2.13351459739444        0.00002474700171
H            1.97013974069414       -2.13185925243805        0.00001153639738
H            1.95419902644506        2.14087938175929       -0.00002341739344
H           -0.52548645491535        2.13203340152325       -0.00000892047551
H            3.83254979253199        0.83707915187830       -0.00002198876072
