16
 energy: -23.102858942236 gnorm: 0.019874839157 xtb: 6.7.1 (edcfbbe)
C           -2.28815602902491       -0.33680615345290       -0.02215588048533
C           -1.87540518958897        0.99416148607439       -0.02175758643432
C           -0.52072538249438        1.30201255476250       -0.00824549910327
C            0.43975083171666        0.28726067850437        0.00534323217567
C            0.02371860692049       -1.04208731762666        0.00496671757355
C           -1.33564308039949       -1.34955633768921       -0.00884201404260
C            1.89811089177107        0.66590040317711        0.02121778903367
O            2.70672210667945       -0.50562368609316        0.02063101960845
H           -3.34589407278108       -0.57980199479519       -0.03300443653528
H           -2.61080024866364        1.79269674883194       -0.03234185296161
H           -0.20379621211508        2.34272235664400       -0.00836683932720
H            0.76618662525017       -1.83084277499422        0.01519038825695
H           -1.64953870288521       -2.38896906714974       -0.00921661337852
H            2.11227797534116        1.29169033263939       -0.86105830594583
H            2.09610441931572        1.27923666149972        0.91601332065216
H            3.62891214065106       -0.23292001014971        0.03090158125903
16
 energy: -23.103471628521 gnorm: 0.005476434368 xtb: 6.7.1 (edcfbbe)
C           -2.28117477359867       -0.33491962069935       -0.02220694629176
C           -1.87222167154508        0.99016505278779       -0.02184953547160
C           -0.52443604115801        1.29863426620879       -0.00824017233548
C            0.43179457666694        0.28792477749400        0.00538043412711
C            0.01794105854288       -1.03535111512728        0.00497804410763
C           -1.33349173311229       -1.34319894172581       -0.00891031723058
C            1.89235911296413        0.65847638267829        0.02107170091407
O            2.70662345390683       -0.49891694226238        0.02069414543935
H           -3.33466179122542       -0.57740543899933       -0.03285578566953
H           -2.60590993007249        1.78447810317625       -0.03225325444462
H           -0.20798273994484        2.33415449187959       -0.00813013990674
H            0.75974121576839       -1.81892541010025        0.01521326213788
H           -1.64543076537298       -2.37871821506376       -0.00920016804134
H            2.11336498720227        1.27929486443779       -0.86172663019528
H            2.09705009420858        1.26695442340269        0.91640416135731
H            3.62825962646277       -0.22357279790440        0.03090622184909
16
 energy: -23.103501894387 gnorm: 0.002249889546 xtb: 6.7.1 (edcfbbe)
C           -2.27872365818986       -0.33481259833451       -0.02216634538879
C           -1.87102943417288        0.98944899077162       -0.02177543580887
C           -0.52456067456241        1.29946058145453       -0.00818797033017
C            0.43032018717591        0.28923755492193        0.00534902428806
C            0.01778559750646       -1.03342475074542        0.00495367338112
C           -1.33188431702977       -1.34263895450969       -0.00887112638061
C            1.89159310387039        0.65674596089455        0.02103804688539
O            2.70270693071371       -0.49852824247971        0.02072668664224
H           -3.33124112313116       -0.57715895001677       -0.03291395180024
H           -2.60488357390767        1.78217418227791       -0.03226064667566
H           -0.20789943079929        2.33346194213003       -0.00804343513788
H            0.76113940166738       -1.81428929374043        0.01523649418991
H           -1.64320617567257       -2.37717055719200       -0.00919510145141
H            2.11140317302443        1.27755267848823       -0.86224290136878
H            2.09501792870516        1.26534082917305        0.91676719251723
H            3.62528674449520       -0.22632549291068        0.03086081678397
16
 energy: -23.103506661102 gnorm: 0.000801667053 xtb: 6.7.1 (edcfbbe)
C           -2.27820768398949       -0.33494136028993       -0.02219936350829
C           -1.87092561129353        0.98937189143151       -0.02178309918756
C           -0.52451008121205        1.30029343874850       -0.00816133685253
C            0.42995328925477        0.28986397736256        0.00536077956239
C            0.01789571852666       -1.03309167786916        0.00496302704985
C           -1.33146929775880       -1.34308787855182       -0.00888363606580
C            1.89192683718550        0.65608704649153        0.02102036670280
O            2.70110696714795       -0.49853337739696        0.02080284797850
H           -3.33066935860426       -0.57715512915652       -0.03293530547952
H           -2.60522612374511        1.78155416235250       -0.03222323688327
H           -0.20760630925730        2.33398462295871       -0.00796544357293
H            0.76250532393151       -1.81265614870692        0.01523898550703
H           -1.64273248081637       -2.37744835920545       -0.00919450590328
H            2.11089465076248        1.27780241402202       -0.86213583021201
H            2.09448604385767        1.26574664371401        0.91652614187077
H            3.62440279570338       -0.22871638572195        0.03084462933937
16
 energy: -23.103507507967 gnorm: 0.000383316977 xtb: 6.7.1 (edcfbbe)
C           -2.27813047520003       -0.33507756918463       -0.02219056865821
C           -1.87105005933219        0.98937539124321       -0.02173503563800
C           -0.52444140850146        1.30090924999633       -0.00811488507625
C            0.42984467861350        0.29021249477648        0.00535429011298
C            0.01798808547770       -1.03318181052664        0.00493515084762
C           -1.33135683748803       -1.34365006073987       -0.00889898574809
C            1.89248321853020        0.65581457231453        0.02100253275935
O            2.70020877058214       -0.49849808587322        0.02095956489124
H           -3.33079227759957       -0.57715792143326       -0.03298373685709
H           -2.60587818067489        1.78130452264862       -0.03218848585635
H           -0.20741686458998        2.33467671245403       -0.00789071148348
H            0.76371298162994       -1.81185855779198        0.01522321486230
H           -1.64280441060896       -2.37804790822739       -0.00923655843400
H            2.11084140022150        1.27851680180482       -0.86203205797239
H            2.09441111707714        1.26673331986335        0.91621228626131
H            3.62420494155602       -0.23099727114173        0.03085900633458
16
 energy: -23.103507669147 gnorm: 0.000035362478 xtb: 6.7.1 (edcfbbe)
C           -2.27821697882183       -0.33502787852912       -0.02220644661914
C           -1.87104624436090        0.98937593714664       -0.02174415638693
C           -0.52445058849048        1.30065045188996       -0.00811135105194
C            0.42992364870598        0.29005134208509        0.00536519540934
C            0.01794967579140       -1.03324202623311        0.00493441150399
C           -1.33142476367323       -1.34348345102083       -0.00891565323386
C            1.89236112156744        0.65598836772210        0.02099518675063
O            2.70058871808869       -0.49845352721922        0.02101609996932
H           -3.33087177589197       -0.57715848847590       -0.03295916573935
H           -2.60574872098283        1.78142762283848       -0.03215485698178
H           -0.20754137716561        2.33449273346120       -0.00787747585914
H            0.76335319691705       -1.81222498782920        0.01519538983200
H           -1.64291133073228       -2.37790344812677       -0.00925480587413
H            2.11093285903518        1.27836488294709       -0.86214051504463
H            2.09449631080149        1.26666456134165        0.91624565502973
H            3.62443092890493       -0.23044821181543        0.03088750864142
16
 energy: -23.103507672212 gnorm: 0.000011663801 xtb: 6.7.1 (edcfbbe)
C           -2.27820275967494       -0.33502302118122       -0.02218955680213
C           -1.87103906246513        0.98937346132180       -0.02170985474358
C           -0.52444612133779        1.30064066210938       -0.00809014775312
C            0.42992228454126        0.29005917609346        0.00535626536011
C            0.01795275344193       -1.03323152211737        0.00490689082497
C           -1.33140429325358       -1.34346725510622       -0.00892774252508
C            1.89234875928193        0.65598688784945        0.02098112707566
O            2.70056135022796       -0.49843807583531        0.02110725873400
H           -3.33084146927139       -0.57717171699817       -0.03296523151271
H           -2.60572921817264        1.78141920233053       -0.03213020652001
H           -0.20756630091312        2.33448077370743       -0.00784847449909
H            0.76336184748046       -1.81219680803882        0.01516901312052
H           -1.64290314447738       -2.37787522641938       -0.00928578188774
H            2.11092136586093        1.27827864148861       -0.86220820931208
H            2.09446681525488        1.26673114059346        0.91618351993964
H            3.62442187316964       -0.23049243961501        0.03092615084613
