27
 energy: -33.632792651515 gnorm: 0.029893603219 xtb: 6.7.1 (edcfbbe)
C            3.27324631809722       -0.49585176441456        0.78419123479991
C            1.92649865206824       -0.29159547565728        0.16805236048376
C            1.32995881985604        0.91600990988371        0.13155055222688
C           -0.02949762631667        1.13836663320995       -0.37192443307393
O           -0.53932104954804        2.25194748155202       -0.33960071417823
C           -0.80739680313000       -0.07422035978363       -0.86317161627275
H           -1.40767792653060        0.27868329938776       -1.70970902718119
C            0.14134526663916       -1.16254409017746       -1.37847971075579
C            1.25636100983917       -1.51156881709585       -0.39464097459803
C           -1.81614616317815       -0.55367699486435        0.22906842548238
C           -1.29854334483367       -0.45435107217720        1.66978580239012
C           -3.13079020241867        0.22231798324191        0.10986108168125
H            3.22117448515849       -1.26854131578768        1.56206462065670
H            3.66555862513719        0.42214588656491        1.22710888446362
H            3.98636867525569       -0.85975693680969        0.03397653278499
H            1.82714308752130        1.79560364456795        0.53399474350044
H           -0.42897613381198       -2.06025398842958       -1.64386512394168
H            0.60868401510826       -0.79823221787508       -2.30207458315919
H            0.87175162434225       -2.11802702733267        0.43895067673172
H            2.01118436254040       -2.14159831287438       -0.88304334784663
H           -2.01922053337031       -1.61291120583894        0.01264232572537
H           -2.03285278577779       -0.88698792855833        2.35667370289473
H           -1.15344699983959        0.59296242038871        1.95761454606178
H           -0.35072012281027       -0.97676877098269        1.82127479236120
H           -3.58312371231360        0.08790190862348       -0.87811675940126
H           -2.95373256795917        1.29282683851957        0.25598307333439
H           -3.85033543098663       -0.11583215757817        0.86297068951940
27
 energy: -33.633926394150 gnorm: 0.008830513189 xtb: 6.7.1 (edcfbbe)
C            3.26718570931865       -0.49778257155203        0.77825782698058
C            1.91788058624435       -0.29337877650598        0.17346972468968
C            1.32166999781372        0.90533237559373        0.14282412479209
C           -0.03621425710382        1.13506975801918       -0.34830469737836
O           -0.53755825475931        2.24430642653032       -0.33348199054974
C           -0.80478472794117       -0.07395078779339       -0.85194405004611
H           -1.40810190381365        0.27090101809879       -1.69916453929773
C            0.14558431862846       -1.15539788986390       -1.36991016433278
C            1.25472583942341       -1.51344682917956       -0.38798053725390
C           -1.81315215023409       -0.56495782068714        0.22600981417729
C           -1.29734009350676       -0.44691166425276        1.66032177680610
C           -3.11793077797393        0.22080239968683        0.10664200408006
H            3.21743435602980       -1.26413049476660        1.55506342842386
H            3.65222765589556        0.41994163824700        1.21620749072724
H            3.97462127646665       -0.85045808068938        0.02461207761442
H            1.82315954662345        1.78289393098018        0.53082627905532
H           -0.42337481889686       -2.05205159261956       -1.63094385883417
H            0.60951468400236       -0.78473475728851       -2.28994410968259
H            0.86002528453930       -2.11571295953108        0.43889697831289
H            2.00461613354872       -2.13578722667014       -0.88821764740361
H           -2.02151257940600       -1.62249587497839        0.01656269950869
H           -2.02922212592052       -0.87661548325227        2.34443747058572
H           -1.15319426632952        0.59790412623543        1.93494134805850
H           -0.35491841890978       -0.96894355800028        1.80576311699371
H           -3.57052051176627        0.08115225392619       -0.87468209003116
H           -2.93167862277658        1.28449963142691        0.25029885558499
H           -3.83164834045790       -0.10999962141112        0.86057642310897
27
 energy: -33.634055569670 gnorm: 0.002603131971 xtb: 6.7.1 (edcfbbe)
C            3.26571430319196       -0.49769032414190        0.77426256419916
C            1.91191642251607       -0.29609357343748        0.17856584265273
C            1.31253417224581        0.89828868143585        0.15502308793582
C           -0.03814485898273        1.13628794249275       -0.34956072573736
O           -0.54114286915530        2.24164173753800       -0.33065211185324
C           -0.80412976213963       -0.07509386111275       -0.85009817839568
H           -1.40836214699582        0.26622883068806       -1.69800560545473
C            0.14724676519218       -1.15380035786171       -1.36973719530234
C            1.25218060165924       -1.51607245890992       -0.38468732883377
C           -1.80907289995624       -0.56681139743011        0.22637219274131
C           -1.29389242012420       -0.44430481110607        1.65948638510760
C           -3.11250007060169        0.21960971092586        0.10370663740866
H            3.21967774989901       -1.26341529625370        1.54847643202220
H            3.64722525683689        0.42082578877787        1.21057737055120
H            3.96754670855480       -0.84362798924938        0.01548100221253
H            1.81139362936526        1.77300403034789        0.54846447749211
H           -0.42208841864864       -2.04836216120144       -1.63260747027752
H            0.61318126344384       -0.77864148243017       -2.28541258429852
H            0.85093515759447       -2.11746683954052        0.43684271363484
H            2.00163601195208       -2.13461766097395       -0.88656583925435
H           -2.01884876837422       -1.62366040634102        0.02105590638965
H           -2.02447214935377       -0.86907105960490        2.34546755192601
H           -1.15119932013704        0.60089598207307        1.92274411406632
H           -0.35258013764503       -0.96440136683485        1.80461328103253
H           -3.56599238789892        0.07497312185010       -0.87442312770285
H           -2.91762986262618        1.28040140068902        0.24064362662320
H           -3.82363843107392       -0.10297861068611        0.86110473580447
27
 energy: -33.634093842458 gnorm: 0.001730009204 xtb: 6.7.1 (edcfbbe)
C            3.26556679452095       -0.49762635105872        0.77294086104451
C            1.90933816813906       -0.29807323821140        0.18094985942964
C            1.30736800888522        0.89495067130019        0.16222940518724
C           -0.04327306537572        1.13474156807813       -0.34265610564855
O           -0.54412522468328        2.24105146456590       -0.33106300666494
C           -0.80503307580524       -0.07697547862999       -0.85075688450158
H           -1.40855035146736        0.26422383198764       -1.69939371794474
C            0.14849790432441       -1.15341472791374       -1.37179050696023
C            1.25101269112599       -1.51820402124121       -0.38404171003695
C           -1.80772664691568       -0.56837590140387        0.22639388967201
C           -1.29156075297665       -0.44168447888287        1.65946847530881
C           -3.11088564515941        0.21921401429295        0.10255705764518
H            3.22419335449077       -1.26527276164412        1.54490974296619
H            3.64556503813840        0.42157049646623        1.20930978277351
H            3.96386353753105       -0.83898045188027        0.00949568193600
H            1.80559524213048        1.76889624651852        0.55870220159333
H           -0.42029076193461       -2.04670687244878       -1.63933108944386
H            0.61749754474634       -0.77449375821328       -2.28391622998721
H            0.84552738820831       -2.11890537792090        0.43506982068735
H            2.00099308783910       -2.13659818218586       -0.88405631997186
H           -2.01672546297089       -1.62551638075377        0.02289786540933
H           -2.02153238066076       -0.86368196850682        2.34741089296856
H           -1.14917215834935        0.60443466805283        1.91784927627038
H           -0.35019288758609       -0.96097749166324        1.80582310761588
H           -3.56617253437743        0.06912873890702       -0.87366762143507
H           -2.91166500260013        1.28001509038475        0.23192676082226
H           -3.82061927047920       -0.09669177829282        0.86387626595478
27
 energy: -33.634123209455 gnorm: 0.001883867896 xtb: 6.7.1 (edcfbbe)
C            3.26575487320948       -0.49779906846433        0.77036487777420
C            1.90469214894643       -0.30158814159295        0.18645188234716
C            1.29829621052773        0.89010176848921        0.17753690745596
C           -0.04792892470070        1.13315447116739       -0.33970955159750
O           -0.54704776061524        2.24066826657402       -0.33542997824046
C           -0.80659167598556       -0.07963017659777       -0.85300108906525
H           -1.41073399684742        0.26113045392816       -1.70148741223038
C            0.15101247268147       -1.15176918532822       -1.37656444908030
C            1.24863272915148       -1.52133501214096       -0.38372515821537
C           -1.80582361872027       -0.57181513416244        0.22658510152352
C           -1.28793107286734       -0.43622526367249        1.65973883229041
C           -3.10897125009181        0.21757932588171        0.10126610595714
H            3.23508560225174       -1.27126922872435        1.53734189680265
H            3.64358870071388        0.42151197761640        1.20939007732341
H            3.95913988892696       -0.82985222838490       -0.00201627525569
H            1.79444702333274        1.76225915337126        0.58295343571735
H           -0.41596472822441       -2.04334162297615       -1.65408288037682
H            0.62559814527472       -0.76580644387749       -2.28278525025772
H            0.83552616000904       -2.12108182374609        0.43215148996869
H            2.00008086671984       -2.14155785782425       -0.87883218412758
H           -2.01359566352907       -1.63037026795164        0.02791070537940
H           -2.01757691887058       -0.85429850949661        2.35073321458029
H           -1.14572394429145        0.61181257937909        1.91250922025899
H           -0.34599908026311       -0.95452060083584        1.80936269258267
H           -3.57032618567025        0.05425942100883       -0.87049091687445
H           -2.90491568927154        1.28023701291372        0.21299793154975
H           -3.81523077305850       -0.08440629485082        0.87196852849991
27
 energy: -33.634135137593 gnorm: 0.000722402682 xtb: 6.7.1 (edcfbbe)
C            3.26541521245621       -0.49857315281586        0.76986245632432
C            1.90448197048271       -0.30179918215137        0.18691929976774
C            1.29833135233434        0.89000488229231        0.17947068237641
C           -0.04615561977597        1.13305127631255       -0.34126575640216
O           -0.54338308708379        2.24151378631596       -0.34057346356464
C           -0.80608689396509       -0.07890200804167       -0.85321486898751
H           -1.41158004278339        0.26206164162180       -1.70049215299727
C            0.15164449798946       -1.15023642550495       -1.37774233773263
C            1.24757434657756       -1.52055627115302       -0.38418567359303
C           -1.80508700199567       -0.57077724604968        0.22770899757426
C           -1.28825994747352       -0.43536566096778        1.66078924404997
C           -3.10970961358405        0.21533256077583        0.10089347943739
H            3.23728337434063       -1.27519603469851        1.53407948251554
H            3.64287737039291        0.41912030623852        1.21243190922298
H            3.95955127601554       -0.82711416511861       -0.00370617000856
H            1.79402374363647        1.76145472357037        0.58654214539312
H           -0.41407561515079       -2.04191584671558       -1.65801358984829
H            0.62708188668591       -0.76252285634637       -2.28304683583244
H            0.83290289860434       -2.11936047087882        0.43222551020592
H            1.99886844668380       -2.14283164420503       -0.87774540248514
H           -2.01163169367322       -1.62976189972317        0.03020053812117
H           -2.01834100916883       -0.85371822021982        2.35145577686722
H           -1.14666153762090        0.61282564504195        1.91391760484156
H           -0.34588815065571       -0.95295857938488        1.81143942961307
H           -3.57459925299539        0.04631738074189       -0.86842293620143
H           -2.90774833268953        1.27893944313545        0.20634585880931
H           -3.81333503884579       -0.08298441236903        0.87526452722310
27
 energy: -33.634143621459 gnorm: 0.000818187794 xtb: 6.7.1 (edcfbbe)
C            3.26478918033704       -0.50067145299565        0.76953791201780
C            1.90425242814371       -0.30218777579138        0.18771155013883
C            1.29865264974158        0.88987616039123        0.18175116342911
C           -0.04378417673522        1.13408935039416       -0.34277270987128
O           -0.53761024564695        2.24412641951700       -0.34798107634688
C           -0.80551910817211       -0.07692445275243       -0.85251253861418
H           -1.41310214173856        0.26446120917367       -1.69795467137109
C            0.15192536101930       -1.14734615991295       -1.37855069157943
C            1.24589131812433       -1.51941028932101       -0.38451701639708
C           -1.80370211966008       -0.57119590870583        0.22890058081709
C           -1.28867394143977       -0.43272500950358        1.66178496583742
C           -3.11007145515398        0.21103072538955        0.10057180097380
H            3.23846523788599       -1.28302135757490        1.52801892167051
H            3.64069776989783        0.41426065420638        1.21898633924735
H            3.96037040758339       -0.82224172735154       -0.00590089798286
H            1.79445613592471        1.76064674773501        0.58908727694491
H           -0.41288774215387       -2.03855426385528       -1.66223569528626
H            0.62821137964181       -0.75695400778455       -2.28246519634645
H            0.82907452480232       -2.11674670508249        0.43220524977659
H            1.99644930140911       -2.14402480230280       -0.87662217154410
H           -2.00702110778599       -1.63094855739070        0.03193889150521
H           -2.01857919098503       -0.85252920045142        2.35173831039996
H           -1.14924351485273        0.61570362044614        1.91528846562866
H           -0.34567306435929       -0.94854134262008        1.81383262895836
H           -3.57882322195143        0.03214431432708       -0.86501961049618
H           -2.91140719122479        1.27617169262556        0.19603097267122
H           -3.80964393391311       -0.08244031110674        0.88028500050893
27
 energy: -33.634147929783 gnorm: 0.000706949041 xtb: 6.7.1 (edcfbbe)
C            3.26421858119401       -0.50263899542701        0.77008900907537
C            1.90401558812733       -0.30253390965081        0.18815301723306
C            1.29912831339028        0.88991395473482        0.18240331062909
C           -0.04269989993730        1.13527791987898       -0.34325894128117
O           -0.53438390592557        2.24618160237118       -0.35173312351078
C           -0.80541405176656       -0.07543086423594       -0.85219280592418
H           -1.41381243718687        0.26642918091776       -1.69688439362648
C            0.15206077044399       -1.14516524482840       -1.37957719176417
C            1.24473423937734       -1.51896381055525       -0.38480913257868
C           -1.80237371799111       -0.57082321811860        0.22991842604078
C           -1.28801051655268       -0.43052076979659        1.66276120107565
C           -3.11113925930583        0.20725244872518        0.10013067227685
H            3.23809861017160       -1.28982998896810        1.52349549928334
H            3.63850874494962        0.41008270264275        1.22543483230671
H            3.96092714012919       -0.81822008263209       -0.00679407602179
H            1.79533221138382        1.76043324169434        0.58981367969474
H           -0.41303508676782       -2.03563795400191       -1.66474205473375
H            0.62927942571804       -0.75375433440485       -2.28255509742359
H            0.82641258790399       -2.11576021985214        0.43149751343052
H            1.99484948424836       -2.14432830634055       -0.87646077000040
H           -2.00260050929853       -1.63122147245932        0.03362338218801
H           -2.01723682223908       -0.85133808771307        2.35288497927289
H           -1.15141056094476        0.61856699603602        1.91484585486081
H           -0.34376208843368       -0.94381617042626        1.81577704812288
H           -3.58153247018338        0.02220740811613       -0.86338562482500
H           -2.91438057925609        1.27315128063049        0.18965681294689
H           -3.80828025251015       -0.08346573663436        0.88304572794238
27
 energy: -33.634152772336 gnorm: 0.000378785790 xtb: 6.7.1 (edcfbbe)
C            3.26315442696243       -0.50499640460823        0.77165750892294
C            1.90363572125651       -0.30278040209397        0.18839502766059
C            1.30021361710249        0.89037917448369        0.18162936381734
C           -0.04153179231987        1.13700071170425       -0.34417873293214
O           -0.53183923336174        2.24836271564383       -0.35365993457709
C           -0.80543877470471       -0.07370239544821       -0.85209159114548
H           -1.41455072364961        0.26865948125768       -1.69613601205848
C            0.15156646552109       -1.14335515687735       -1.38067000807690
C            1.24361295207294       -1.51854243603163       -0.38548023480541
C           -1.80071219895925       -0.57084062773949        0.23059152833260
C           -1.28681733036627       -0.42713692784483        1.66338659277324
C           -3.11210003764678        0.20307080594938        0.09994589473361
H            3.23652722645628       -1.29812996739275        1.51870515205205
H            3.63519199176026        0.40485413546662        1.23463357345692
H            3.96176188028129       -0.81326929877828       -0.00637593653258
H            1.79713790898174        1.76067641542740        0.58897031105420
H           -0.41414979088783       -2.03312525954885       -1.66666832954935
H            0.62948155481846       -0.75142690091483       -2.28292703415831
H            0.82433214980246       -2.11547548360890        0.43006713835538
H            1.99357923699096       -2.14385060934336       -0.87722740933762
H           -1.99761894664067       -1.63211828326482        0.03549219778611
H           -2.01450620825276       -0.84984115226655        2.35401819755883
H           -1.15389906444047        0.62271097442778        1.91417877827999
H           -0.34075247099298       -0.93695810106103        1.81683429672776
H           -3.58303972066567        0.01298783530073       -0.86211636858511
H           -2.91840428660436        1.26972723628927        0.18545411800031
H           -3.80734101377581       -0.08683250942519        0.88470966693660
27
 energy: -33.634157924694 gnorm: 0.000450405176 xtb: 6.7.1 (edcfbbe)
C            3.26128240394158       -0.50786312374710        0.77387745806360
C            1.90261693955204       -0.30351607651423        0.18883782588040
C            1.30089998727391        0.89045649430458        0.18085887625549
C           -0.04090171457999        1.13841868271153       -0.34471450400088
O           -0.53061111196966        2.24995947630710       -0.35409051006330
C           -0.80554640863682       -0.07230936043230       -0.85232198045868
H           -1.41544175194897        0.27047099592822       -1.69566124651192
C            0.15125297414588       -1.14153720954151       -1.38226301500918
C            1.24252258658554       -1.51854916916542       -0.38662678604799
C           -1.79874268068954       -0.57061208256065        0.23131745536308
C           -1.28456941120342       -0.42202147060406        1.66367547943438
C           -3.11305710374573        0.19843251472000        0.09973532611551
H            3.23470690821140       -1.30848823133296        1.51283090868033
H            3.62962413817854        0.39854382138451        1.24653431402389
H            3.96251715742119       -0.80623903946706       -0.00568942371734
H            1.79863296437645        1.76029984882842        0.58834595627706
H           -0.41502276122272       -2.03061234648220       -1.66918448268550
H            0.62971204078185       -0.74889875243422       -2.28382652467280
H            0.82233228256591       -2.11622525158268        0.42775044583351
H            1.99274940172734       -2.14316842089255       -0.87870160295019
H           -1.99206179064071       -1.63297898286448        0.03861588800376
H           -2.00983251044750       -0.84704724959449        2.35535559140056
H           -1.15646352101520        0.62884458592885        1.91255773638173
H           -0.33600201653106       -0.92712867360390        1.81726540645521
H           -3.58370798768196        0.00396140499701       -0.86157898661773
H           -2.92280534745895        1.26595782707227        0.18241620278057
H           -3.80659012825129       -0.09210264166037        0.88582194647644
27
 energy: -33.634162174270 gnorm: 0.000512913901 xtb: 6.7.1 (edcfbbe)
C            3.25904212070746       -0.51058369683467        0.77618747437937
C            1.90143053881521       -0.30449544215593        0.18907343741177
C            1.30126486792164        0.89028996250205        0.18030990885107
C           -0.04026124547147        1.13945038273789       -0.34559547155093
O           -0.52980598365415        2.25105984498194       -0.35417058628325
C           -0.80550767737889       -0.07113772953798       -0.85301165152503
H           -1.41635060320529        0.27183730016556       -1.69557026252553
C            0.15074926733813       -1.14017323458105       -1.38419442662135
C            1.24127946623168       -1.51860494326305       -0.38827043984287
C           -1.79639204708251       -0.57042271431838        0.23223600088187
C           -1.28211151952688       -0.41620844182384        1.66410599081576
C           -3.11352045136730        0.19369104878756        0.09957581279728
H            3.23314730897233       -1.31929773220143        1.50624697038970
H            3.62316549625027        0.39201233512937        1.25937062111898
H            3.96333357060598       -0.79808262967425       -0.00472020101573
H            1.79936843096502        1.75932680944359        0.58912895957343
H           -0.41585311978018       -2.02860058418289       -1.67259965566051
H            0.62987886490590       -0.74651165469799       -2.28492157138816
H            0.82023219171747       -2.11732401948694        0.42487791663330
H            1.99187931236923       -2.14261884691443       -0.88051755714194
H           -1.98615532238725       -1.63397881170055        0.04253020466040
H           -2.00449592711527       -0.84350344925936        2.35739945143478
H           -1.15930707578632        0.63589791142383        1.91056267992386
H           -0.33063787755766       -0.91582684738677        1.81780306476102
H           -3.58332531254620       -0.00370030626551       -0.86152253969978
H           -2.92742101389011        1.26203810964255        0.18098683869201
H           -3.80613272131277       -0.09848505082702        0.88583678562047
27
 energy: -33.634164736238 gnorm: 0.000312829946 xtb: 6.7.1 (edcfbbe)
C            3.25708100637470       -0.51299162500491        0.77791150441607
C            1.90027480505963       -0.30559576706491        0.18948482349168
C            1.30122595377285        0.88978735064462        0.18050820271500
C           -0.03969273045537        1.13994212314740       -0.34628527424618
O           -0.52885296395692        2.25177304794340       -0.35481664665674
C           -0.80540146078619       -0.07031563296499       -0.85350939346473
H           -1.41741527309862        0.27277105993141       -1.69509633413321
C            0.15070925952026       -1.13877291175311       -1.38599598324785
C            1.24033717215310       -1.51881212879774       -0.38980695910619
C           -1.79465280134511       -0.57011381361044        0.23316616012054
C           -1.27992601861935       -0.41071562061623        1.66432662917040
C           -3.11413419333588        0.18951986377197        0.09949627971141
H            3.23241155782284       -1.32849221591716        1.50033874004002
H            3.61733161036355        0.38627464507874        1.26999464326953
H            3.96407080327107       -0.79084672880202       -0.00410554214992
H            1.79967383309542        1.75809417070072        0.59035348785443
H           -0.41601457572806       -2.02666700003939       -1.67577350171812
H            0.63022388261154       -0.74414614662501       -2.28614516818332
H            0.81846597791208       -2.11821190999950        0.42252898229483
H            1.99123884302038       -2.14259654281652       -0.88203724030222
H           -1.98123576769772       -1.63469675853282        0.04617050597048
H           -1.99987634844426       -0.84003516167588        2.35883709113695
H           -1.16188728109459        0.64238814098350        1.90891501553831
H           -0.32599999575004       -0.90555969321913        1.81836333746565
H           -3.58267356624054       -0.00964198880204       -0.86195156566696
H           -2.93152220749962        1.25854347599254        0.18081536859217
H           -3.80626598218712       -0.10483466225027        0.88545059177797
27
 energy: -33.634165862089 gnorm: 0.000138235532 xtb: 6.7.1 (edcfbbe)
C            3.25603649326988       -0.51449223919719        0.77864558281462
C            1.89967211008021       -0.30629272468528        0.18960373364612
C            1.30113860563434        0.88936240979632        0.18107658799367
C           -0.03913890469121        1.14033071204229       -0.34679917720029
O           -0.52753239643513        2.25252549693371       -0.35615254416726
C           -0.80527664285846       -0.06956366902606       -0.85388799321516
H           -1.41804288465140        0.27357793989369       -1.69485772225922
C            0.15046324780535       -1.13789905610437       -1.38707271227977
C            1.23948826409202       -1.51882904426242       -0.39074285414721
C           -1.79321831853338       -0.56994083409648        0.23395437024383
C           -1.27891860128647       -0.40723526067643        1.66482563012467
C           -3.11426835605782        0.18657203977422        0.09929754042251
H            3.23242149999581       -1.33421251326444        1.49620470774340
H            3.61395634156041        0.38259112822591        1.27621611944586
H            3.96445914893207       -0.78627884300713       -0.00415666468118
H            1.79958567644615        1.75701066116677        0.59219153127897
H           -0.41625325032152       -2.02543655712702       -1.67809266093198
H            0.63040485479286       -0.74237001350903       -2.28663564985575
H            0.81685896891043       -2.11846529607804        0.42111546623131
H            1.99041735290210       -2.14274682734962       -0.88281295713516
H           -1.97758975654741       -1.63520685613961        0.04883977197535
H           -1.99738289544510       -0.83759625915483        2.36025827166663
H           -1.16390129492403        0.64657961837178        1.90779181422177
H           -0.32342194831665       -0.89888989626717        1.81919315510856
H           -3.58171300697200       -0.01337726790988       -0.86259843338306
H           -2.93442668055426        1.25607678387067        0.18111115077536
H           -3.80632408808881       -0.10974606251814        0.88462169025344
27
 energy: -33.634166410017 gnorm: 0.000135455419 xtb: 6.7.1 (edcfbbe)
C            3.25577075796242       -0.51541079703111        0.77875271406679
C            1.89945834520020       -0.30673138039862        0.18985241761333
C            1.30117057442946        0.88906546855755        0.18181930905471
C           -0.03858200701676        1.14060025458794       -0.34702414960812
O           -0.52615033100046        2.25314455397457       -0.35750485730757
C           -0.80512017380928       -0.06908490803204       -0.85377184617238
H           -1.41836703669701        0.27420216940687       -1.69428606117649
C            0.15046939385387       -1.13718763673773       -1.38764865816781
C            1.23902593955084       -1.51880377782607       -0.39116355632296
C           -1.79261683542623       -0.56981280168412        0.23443377104001
C           -1.27848852109562       -0.40507762880272        1.66511489442026
C           -3.11477541769018        0.18456884443620        0.09917363283178
H            3.23282861498171       -1.33730688834566        1.49377591284760
H            3.61271521788276        0.38050847707503        1.27904309714969
H            3.96468261006428       -0.78412608692823       -0.00463584027939
H            1.79974754758667        1.75641726806320        0.59334071682569
H           -0.41633425344548       -2.02444376636182       -1.67934246519899
H            0.63067220426565       -0.74122150911179       -2.28690484162216
H            0.81584097572243       -2.11833481945317        0.42053614700419
H            1.98981030195092       -2.14305173616373       -0.88306686980640
H           -1.97544443786175       -1.63547959252629        0.05016521105624
H           -1.99635884668600       -0.83598670100679        2.36080860242956
H           -1.16517885513142        0.64909654726547        1.90735555870338
H           -0.32223977161126       -0.89511142631393        1.82002977277988
H           -3.58116581766870       -0.01541731717094       -0.86319842632537
H           -2.93680765396673        1.25430158615395        0.18177999532824
H           -3.80706898560635       -0.11326882592381        0.88370357352635
27
 energy: -33.634166782198 gnorm: 0.000137265248 xtb: 6.7.1 (edcfbbe)
C            3.25592482578514       -0.51604284785105        0.77840134572684
C            1.89946337951642       -0.30697946147172        0.19001597156348
C            1.30127925863483        0.88887394252549        0.18253622766531
C           -0.03812634467406        1.14092258106103       -0.34696656481395
O           -0.52480955074856        2.25382010781543       -0.35865030551339
C           -0.80510368739203       -0.06852793646037       -0.85359803097509
H           -1.41853391698854        0.27501982425800       -1.69387781988891
C            0.15045494087520       -1.13652392667771       -1.38776846815090
C            1.23869613373309       -1.51877543446450       -0.39118735504836
C           -1.79224860953297       -0.56973498756639        0.23475369886604
C           -1.27860884063128       -0.40384032648808        1.66545121315957
C           -3.11518115735112        0.18312447985270        0.09892069459491
H            3.23346315393561       -1.33883033091610        1.49238133799032
H            3.61273782560955        0.37935126767720        1.27967804465423
H            3.96472494819160       -0.78350055459363       -0.00551866127968
H            1.79997951116962        1.75603065299752        0.59431333802788
H           -0.41641444368955       -2.02357921149973       -1.67991126895359
H            0.63084507382909       -0.74027488259312       -2.28679853070613
H            0.81501753672046       -2.11799099514138        0.42051108529248
H            1.98928097577025       -2.14342000196896       -0.88290357623722
H           -1.97399932388599       -1.63567239652291        0.05099929187482
H           -1.99635915048392       -0.83481685404372        2.36124377193762
H           -1.16606349692754        0.65055588605470        1.90707482549000
H           -0.32205615352610       -0.89312290165304        1.82086714820709
H           -3.58061796994450       -0.01694764941153       -0.86394872346706
H           -2.93860796454050        1.25305858318590        0.18231432710459
H           -3.80764341471622       -0.11612905640184        0.88280473756911
27
 energy: -33.634167070742 gnorm: 0.000093217471 xtb: 6.7.1 (edcfbbe)
C            3.25633220861660       -0.51655123874232        0.77785435986243
C            1.89961104498194       -0.30711285249288        0.19018931376378
C            1.30155934200421        0.88878787612160        0.18324096580855
C           -0.03762469690630        1.14132479728932       -0.34664902926644
O           -0.52354901181138        2.25451005004154       -0.35929589125012
C           -0.80495221460552       -0.06800976615341       -0.85319777404659
H           -1.41839434245560        0.27586057779523       -1.69332999531421
C            0.15038820399364       -1.13599126710985       -1.38782129151596
C            1.23829477918007       -1.51862643306156       -0.39102434407618
C           -1.79197757998823       -0.56967163746708        0.23499123122007
C           -1.27887104201476       -0.40282276362786        1.66576140991192
C           -3.11572255176960        0.18170347344190        0.09859287518541
H            3.23413199510831       -1.33962818568548        1.49150364052070
H            3.61356786846669        0.37861945039878        1.27926802410026
H            3.96462543440659       -0.78379057639967       -0.00659610785634
H            1.80046521152529        1.75580548345846        0.59506232049222
H           -0.41661736550553       -2.02283393134580       -1.68038099102431
H            0.63108593905492       -0.73946574113974       -2.28655951421191
H            0.81410173046571       -2.11747872821458        0.42065876517295
H            1.98856596886521       -2.14371843123442       -0.88258564734913
H           -1.97265572790217       -1.63584597843500        0.05156882525897
H           -1.99675077926865       -0.83361095511408        2.36153724720740
H           -1.16671211486892        0.65174218903747        1.90680234954152
H           -0.32223329697286       -0.89176197121279        1.82176926855161
H           -3.58010742602559       -0.01819811006667       -0.86479576096641
H           -2.94055405279957        1.25178508057095        0.18291878707622
H           -3.80851398503654       -0.11897284094986        0.88165471789359
27
 energy: -33.634167280762 gnorm: 0.000092369917 xtb: 6.7.1 (edcfbbe)
C            3.25677641603625       -0.51693164077521        0.77726872552392
C            1.89983499466186       -0.30720258474712        0.19021164047412
C            1.30190445863678        0.88876722457100        0.18360956797944
C           -0.03729205839896        1.14161338144658       -0.34618963790652
O           -0.52286391989414        2.25490781282524       -0.35898043830410
C           -0.80493368422734       -0.06752562987874       -0.85290478760168
H           -1.41830656067173        0.27672587524563       -1.69295173983852
C            0.15040370958577       -1.13543392768989       -1.38771347436582
C            1.23810419203890       -1.51857847684514       -0.39085246468693
C           -1.79184187159238       -0.56965822801501        0.23513071110435
C           -1.27922775634171       -0.40213075572304        1.66602726015244
C           -3.11617891452989        0.18062100177494        0.09823146842802
H            3.23456412544778       -1.33963611625947        1.49134191020266
H            3.61472423411079        0.37833989676786        1.27802391582942
H            3.96448292792267       -0.78491649268125       -0.00744204734177
H            1.80103971271466        1.75571278875325        0.59535148538793
H           -0.41673090287447       -2.02208811131005       -1.68052936017674
H            0.63128565023664       -0.73880675318833       -2.28628477072814
H            0.81350635537591       -2.11704811412732        0.42088032127544
H            1.98812343983716       -2.14409489879173       -0.88223926984855
H           -1.97170112204920       -1.63600483245771        0.05187409434466
H           -1.99732534071007       -0.83262023421732        2.36176726068063
H           -1.16716202800627        0.65254373206186        1.90664044747014
H           -0.32262296358681       -0.89100069694483        1.82256023150375
H           -3.57971126358507       -0.01920486853716       -0.86556562867841
H           -2.94210957905410        1.25081640384041        0.18323961495502
H           -3.80924871234505       -0.12111818539528        0.88063271885525
27
 energy: -33.634167504175 gnorm: 0.000101495464 xtb: 6.7.1 (edcfbbe)
C            3.25731387229729       -0.51722442823125        0.77657136892750
C            1.90010973867432       -0.30724247188666        0.19018615865562
C            1.30232053668054        0.88879661877950        0.18387672265668
C           -0.03705511736669        1.14186315668941       -0.34542739182448
O           -0.52258073876125        2.25518090313991       -0.35778171110853
C           -0.80481611890851       -0.06710781284166       -0.85253258747051
H           -1.41804228697790        0.27753832302422       -1.69252727943367
C            0.15042842202140       -1.13496896741935       -1.38762619156625
C            1.23788728947089       -1.51849130986928       -0.39061901060943
C           -1.79179863328966       -0.56967164038574        0.23520744974767
C           -1.27970967888763       -0.40162337711097        1.66623899427011
C           -3.11659756699095        0.17970504794459        0.09779838075850
H            3.23491773093491       -1.33894652742758        1.49179349563510
H            3.61629165767322        0.37844391243638        1.27589784257317
H            3.96427692911850       -0.78683429599908       -0.00827650761189
H            1.80173485555890        1.75568623577526        0.59542225940141
H           -0.41678636430434       -2.02146631241800       -1.68077625897532
H            0.63152040918602       -0.73813154863563       -2.28598767110304
H            0.81292408732932       -2.11656104687426        0.42120139346961
H            1.98762989428231       -2.14443811147159       -0.88185767917470
H           -1.97096707497018       -1.63616915898912        0.05211820049483
H           -1.99812759028368       -0.83172710063593        2.36188872058208
H           -1.16755987850590        0.65313143023622        1.90645716246604
H           -0.32322673629201       -0.89059689796812        1.82328717860928
H           -3.57944733137760       -0.02036717694819       -0.86631245576644
H           -2.94332318591058        1.25002614863459        0.18310835712430
H           -3.80982358166280       -0.12275602184553        0.87980881396236
27
 energy: -33.634167781022 gnorm: 0.000114318283 xtb: 6.7.1 (edcfbbe)
C            3.25805463933428       -0.51754246349973        0.77559252578962
C            1.90055940297121       -0.30728876837438        0.18998632931543
C            1.30296083669052        0.88884458432281        0.18401144652894
C           -0.03682090029012        1.14206512120792       -0.34422898763037
O           -0.52267634697277        2.25525338623562       -0.35517221503416
C           -0.80464799226135       -0.06660664658111       -0.85205852526903
H           -1.41768015221296        0.27858898151663       -1.69197056276239
C            0.15051703511114       -1.13434931960869       -1.38749620204626
C            1.23765455789485       -1.51839738198599       -0.39034485184877
C           -1.79176483596852       -0.56972152549997        0.23529532285249
C           -1.28037455421568       -0.40101904507511        1.66651548840343
C           -3.11711005521276        0.17857235447585        0.09712932515667
H            3.23519414228366       -1.33750888472998        1.49286533004503
H            3.61861085066586        0.37887612686784        1.27247976727153
H            3.96395298693283       -0.79003770357436       -0.00923708047539
H            1.80274953428363        1.75566081896509        0.59526953925989
H           -0.41679249519142       -2.02061827770642       -1.68113809333807
H            0.63192107787212       -0.73721247092111       -2.28555023128842
H            0.81217796254855       -2.11589523865569        0.42160859658716
H            1.98699961195882       -2.14497778084765       -0.88135155689999
H           -1.97002215308071       -1.63639242116959        0.05234513863884
H           -1.99916231350466       -0.83074167338274        2.36200918294333
H           -1.16825428940162        0.65382863609416        1.90631052195825
H           -0.32400096659548       -0.89002392639840        1.82423112258266
H           -3.57928563712963       -0.02194628799436       -0.86719227698868
H           -2.94475196105010        1.24902614567558        0.18245235470419
H           -3.81051444672172       -0.12438876965407        0.87877634623408
27
 energy: -33.634167960395 gnorm: 0.000065889760 xtb: 6.7.1 (edcfbbe)
C            3.25860773645548       -0.51784314802232        0.77482434794457
C            1.90091853812437       -0.30736286619947        0.18979157864847
C            1.30349903849522        0.88887824696875        0.18407001041657
C           -0.03665397804625        1.14218676299969       -0.34317362665849
O           -0.52287054535093        2.25525946721892       -0.35273264913060
C           -0.80446076671933       -0.06618637857635       -0.85171702058979
H           -1.41735810765213        0.27945771430898       -1.69153120228181
C            0.15060717114793       -1.13382318323563       -1.38749050113220
C            1.23744200656101       -1.51831818079168       -0.39020385332324
C           -1.79170887506801       -0.56976655714386        0.23537115207681
C           -1.28094065569625       -0.40044956050393        1.66674194203612
C           -3.11748138266631        0.17762291553565        0.09659787549137
H            3.23531097274079       -1.33626358943956        1.49386025904072
H            3.62046285641428        0.37918485951737        1.26964387303638
H            3.96370338652200       -0.79282702795988       -0.00984698952219
H            1.80360979396846        1.75562728923903        0.59506444641596
H           -0.41674403983892       -2.01990140282185       -1.68163145433851
H            0.63226477040241       -0.73637589105783       -2.28527769310768
H            0.81154507259487       -2.11533457184781        0.42188703740799
H            1.98644608363937       -2.14547647787074       -0.88099471442597
H           -1.96918865525479       -1.63659609974565        0.05259835332992
H           -1.99980284160922       -0.83026669491870        2.36210696728151
H           -1.16934055546916        0.65451033999638        1.90629939125262
H           -0.32440063835382       -0.88901859724161        1.82492414673815
H           -3.57922790075531       -0.02356977622347       -0.86780541138853
H           -2.94582147481730        1.24822256865346        0.18161235708385
H           -3.81092347103053       -0.12552259113575        0.87814913238798
27
 energy: -33.634168064987 gnorm: 0.000033657857 xtb: 6.7.1 (edcfbbe)
C            3.25888901711932       -0.51808281670015        0.77439469732151
C            1.90113471167190       -0.30742785374477        0.18961236800730
C            1.30383624714261        0.88887600914042        0.18406920361182
C           -0.03654449597558        1.14224572587271       -0.34254044558356
O           -0.52303552987854        2.25521683237717       -0.35107234066884
C           -0.80434277824653       -0.06591557981728       -0.85151415118065
H           -1.41723222490468        0.27999459778501       -1.69121540131392
C            0.15066361915567       -1.13346199935504       -1.38752834226535
C            1.23727505787783       -1.51827636065773       -0.39015698402157
C           -1.79162905165497       -0.56979655277018        0.23545204490815
C           -1.28120509660602       -0.40001784558386        1.66688510747377
C           -3.11767291418590        0.17699324047854        0.09621015542044
H            3.23525284146120       -1.33555616585950        1.49452338091573
H            3.62149706521123        0.37932700681154        1.26796816026433
H            3.96353765182209       -0.79460009985871       -0.01015138201267
H            1.80411239652652        1.75554903220462        0.59499968303347
H           -0.41670414409804       -2.01940793905563       -1.68203632265684
H            0.63250784909117       -0.73577044267475       -2.28511613733657
H            0.81105526184232       -2.11498548906032        0.42200260869985
H            1.98606234167218       -2.14580823506896       -0.88080085853311
H           -1.96857232832030       -1.63673262620701        0.05281779698481
H           -1.99983411791735       -0.83038722946324        2.36214401105031
H           -1.17050770945023        0.65503756259060        1.90642442771531
H           -0.32429261359050       -0.88779558412576        1.82525057305413
H           -3.57931847834316       -0.02482390263159       -0.86810882595842
H           -2.94641494041955        1.24768951688885        0.18074505970703
H           -3.81102409826473       -0.12603523181286        0.87787966805354
27
 energy: -33.634168066358 gnorm: 0.000026015333 xtb: 6.7.1 (edcfbbe)
C            3.25888967925299       -0.51808183064588        0.77439361547330
C            1.90113435680189       -0.30743137284707        0.18961545275934
C            1.30383394717652        0.88887858099749        0.18407270435182
C           -0.03654587625143        1.14224004906444       -0.34254112847449
O           -0.52303306913114        2.25521741706183       -0.35107267742748
C           -0.80433570265095       -0.06591512967135       -0.85151662656724
H           -1.41723195123391        0.27999407584468       -1.69121414275632
C            0.15066528004545       -1.13346027161400       -1.38752855595203
C            1.23727346460096       -1.51827285900753       -0.39016208860375
C           -1.79162817212528       -0.56979191261638        0.23545221164164
C           -1.28120356154746       -0.40001883335679        1.66688527368263
C           -3.11767501511237        0.17699146640576        0.09621375994051
H            3.23525319021321       -1.33555455354679        1.49452044201717
H            3.62149644178421        0.37932161315213        1.26796750971243
H            3.96353616094078       -0.79460099650119       -0.01014607709961
H            1.80411213328630        1.75554782325611        0.59499986901121
H           -0.41670392684329       -2.01940649260681       -1.68203752962702
H            0.63250737367318       -0.73577003293453       -2.28511770324458
H            0.81105660387448       -2.11498599293015        0.42200265500228
H            1.98606225753182       -2.14580967147153       -0.88080262564239
H           -1.96857282060401       -1.63673107990426        0.05281863693997
H           -1.99982980639850       -0.83039084890824        2.36214648057613
H           -1.17051599173903        0.65503803542747        1.90642531989540
H           -0.32429305040115       -0.88778331988650        1.82524757928577
H           -3.57931715073873       -0.02482670694970       -0.86810319255726
H           -2.94641776748884        1.24768328054204        0.18074154320018
H           -3.81102348817775       -0.12603286665111        0.87787704915240
