2025-04-15 19:09:24,671 -   censo.qm_processor   -   INFO   - worker1962926:Running sp calculation in /scratch/pawsey0265/mwang1/.automated/7016/0_PRESCREENING/CONF1/sp.
2025-04-15 19:09:24,672 -   censo.qm_processor   -   INFO   - worker1962929:Running sp calculation in /scratch/pawsey0265/mwang1/.automated/7016/0_PRESCREENING/CONF2/sp.
2025-04-15 19:09:24,673 -   censo.qm_processor   -   INFO   - worker1962934:Running sp calculation in /scratch/pawsey0265/mwang1/.automated/7016/0_PRESCREENING/CONF3/sp.
2025-04-15 19:09:40,927 -     censo.parallel     -   INFO   - All jobs executed successfully.
2025-04-15 19:09:40,948 -   censo.qm_processor   -   INFO   - worker1963222:Running sp calculation in /scratch/pawsey0265/mwang1/.automated/7016/1_SCREENING/CONF2/sp.
2025-04-15 19:09:40,949 -   censo.qm_processor   -   INFO   - worker1963223:Running sp calculation in /scratch/pawsey0265/mwang1/.automated/7016/1_SCREENING/CONF3/sp.
2025-04-15 19:09:40,950 -   censo.qm_processor   -   INFO   - worker1963225:Running sp calculation in /scratch/pawsey0265/mwang1/.automated/7016/1_SCREENING/CONF1/sp.
2025-04-15 19:10:03,697 -     censo.parallel     -   INFO   - All jobs executed successfully.
2025-04-15 19:10:03,922 -   censo.qm_processor   -   INFO   - worker1965794:Running xtb_opt calculation in /scratch/pawsey0265/mwang1/.automated/7016/2_OPTIMIZATION/CONF2/xtb_opt.
2025-04-15 19:10:03,922 -   censo.qm_processor   -   INFO   - worker1965795:Running xtb_opt calculation in /scratch/pawsey0265/mwang1/.automated/7016/2_OPTIMIZATION/CONF3/xtb_opt.
2025-04-15 19:10:03,923 -   censo.qm_processor   -   INFO   - worker1965797:Running xtb_opt calculation in /scratch/pawsey0265/mwang1/.automated/7016/2_OPTIMIZATION/CONF1/xtb_opt.
2025-04-15 19:13:33,126 -     censo.parallel     -   INFO   - All jobs executed successfully.
2025-04-15 19:13:33,136 -   censo.qm_processor   -   INFO   - worker1985979:Running xtb_rrho calculation in /scratch/pawsey0265/mwang1/.automated/7016/2_OPTIMIZATION/CONF2/xtb_rrho.
2025-04-15 19:13:33,138 -   censo.qm_processor   -   INFO   - worker1985980:Running xtb_rrho calculation in /scratch/pawsey0265/mwang1/.automated/7016/2_OPTIMIZATION/CONF3/xtb_rrho.
2025-04-15 19:13:33,138 -   censo.qm_processor   -   INFO   - worker1985982:Running xtb_rrho calculation in /scratch/pawsey0265/mwang1/.automated/7016/2_OPTIMIZATION/CONF1/xtb_rrho.
2025-04-15 19:13:34,130 -     censo.parallel     -   INFO   - All jobs executed successfully.
2025-04-15 19:13:34,130 -censo.ensembleopt.optimization-   INFO   - Threshold: 3.00 kcal/mol
2025-04-15 19:13:34,142 -   censo.qm_processor   -   INFO   - worker1986018:Running xtb_opt calculation in /scratch/pawsey0265/mwang1/.automated/7016/2_OPTIMIZATION/CONF2/xtb_opt.
2025-04-15 19:13:34,143 -   censo.qm_processor   -   INFO   - worker1986019:Running xtb_opt calculation in /scratch/pawsey0265/mwang1/.automated/7016/2_OPTIMIZATION/CONF3/xtb_opt.
2025-04-15 19:13:34,143 -   censo.qm_processor   -   INFO   - worker1986020:Running xtb_opt calculation in /scratch/pawsey0265/mwang1/.automated/7016/2_OPTIMIZATION/CONF1/xtb_opt.
2025-04-15 19:16:38,869 -     censo.parallel     -   INFO   - All jobs executed successfully.
2025-04-15 19:16:38,870 -censo.ensembleopt.optimization-   INFO   - Threshold: 3.00 kcal/mol
2025-04-15 19:16:38,881 -   censo.qm_processor   -   INFO   - worker2000430:Running xtb_opt calculation in /scratch/pawsey0265/mwang1/.automated/7016/2_OPTIMIZATION/CONF2/xtb_opt.
2025-04-15 19:16:38,882 -   censo.qm_processor   -   INFO   - worker2000431:Running xtb_opt calculation in /scratch/pawsey0265/mwang1/.automated/7016/2_OPTIMIZATION/CONF3/xtb_opt.
2025-04-15 19:16:38,883 -   censo.qm_processor   -   INFO   - worker2000432:Running xtb_opt calculation in /scratch/pawsey0265/mwang1/.automated/7016/2_OPTIMIZATION/CONF1/xtb_opt.
2025-04-15 19:20:17,170 -     censo.parallel     -   INFO   - All jobs executed successfully.
2025-04-15 19:20:17,171 -censo.ensembleopt.optimization-   INFO   - Threshold: 3.00 kcal/mol
2025-04-15 19:20:17,181 -   censo.qm_processor   -   INFO   - worker2017447:Running xtb_opt calculation in /scratch/pawsey0265/mwang1/.automated/7016/2_OPTIMIZATION/CONF2/xtb_opt.
2025-04-15 19:20:17,183 -   censo.qm_processor   -   INFO   - worker2017448:Running xtb_opt calculation in /scratch/pawsey0265/mwang1/.automated/7016/2_OPTIMIZATION/CONF3/xtb_opt.
2025-04-15 19:20:17,183 -   censo.qm_processor   -   INFO   - worker2017450:Running xtb_opt calculation in /scratch/pawsey0265/mwang1/.automated/7016/2_OPTIMIZATION/CONF1/xtb_opt.
2025-04-15 19:23:43,016 -     censo.parallel     -   INFO   - All jobs executed successfully.
2025-04-15 19:23:43,017 -censo.ensembleopt.optimization-   INFO   - Threshold: 2.00 kcal/mol
2025-04-15 19:23:43,029 -   censo.qm_processor   -   INFO   - worker2031089:Running xtb_opt calculation in /scratch/pawsey0265/mwang1/.automated/7016/2_OPTIMIZATION/CONF3/xtb_opt.
2025-04-15 19:26:40,897 -     censo.parallel     -   INFO   - All jobs executed successfully.
2025-04-15 19:26:40,897 -censo.ensembleopt.optimization-   INFO   - Threshold: 2.00 kcal/mol
2025-04-15 19:26:40,907 -   censo.qm_processor   -   INFO   - worker2043053:Running xtb_opt calculation in /scratch/pawsey0265/mwang1/.automated/7016/2_OPTIMIZATION/CONF3/xtb_opt.
2025-04-15 19:29:55,757 -     censo.parallel     -   INFO   - All jobs executed successfully.
2025-04-15 19:29:55,758 -censo.ensembleopt.optimization-   INFO   - Threshold: 2.00 kcal/mol
2025-04-15 19:29:55,769 -   censo.qm_processor   -   INFO   - worker2049599:Running xtb_opt calculation in /scratch/pawsey0265/mwang1/.automated/7016/2_OPTIMIZATION/CONF3/xtb_opt.
2025-04-15 19:33:40,118 -     censo.parallel     -   INFO   - All jobs executed successfully.
2025-04-15 19:33:40,118 -censo.ensembleopt.optimization-   INFO   - Threshold: 2.00 kcal/mol
2025-04-15 19:33:40,130 -   censo.qm_processor   -   INFO   - worker2064382:Running xtb_opt calculation in /scratch/pawsey0265/mwang1/.automated/7016/2_OPTIMIZATION/CONF3/xtb_opt.
2025-04-15 19:36:37,872 -     censo.parallel     -   INFO   - All jobs executed successfully.
2025-04-15 19:36:37,873 -censo.ensembleopt.optimization-   INFO   - Threshold: 2.00 kcal/mol
2025-04-15 19:36:37,884 -   censo.qm_processor   -   INFO   - worker2075594:Running xtb_opt calculation in /scratch/pawsey0265/mwang1/.automated/7016/2_OPTIMIZATION/CONF3/xtb_opt.
2025-04-15 19:37:33,551 -     censo.parallel     -   INFO   - All jobs executed successfully.
2025-04-15 19:37:33,551 -censo.ensembleopt.optimization-   INFO   - Threshold: 1.50 kcal/mol
2025-04-15 19:37:33,562 -   censo.qm_processor   -   INFO   - worker2078573:Running xtb_rrho calculation in /scratch/pawsey0265/mwang1/.automated/7016/2_OPTIMIZATION/CONF2/xtb_rrho.
2025-04-15 19:37:33,564 -   censo.qm_processor   -   INFO   - worker2078574:Running xtb_rrho calculation in /scratch/pawsey0265/mwang1/.automated/7016/2_OPTIMIZATION/CONF3/xtb_rrho.
2025-04-15 19:37:33,564 -   censo.qm_processor   -   INFO   - worker2078575:Running xtb_rrho calculation in /scratch/pawsey0265/mwang1/.automated/7016/2_OPTIMIZATION/CONF1/xtb_rrho.
2025-04-15 19:37:34,664 -     censo.parallel     -   INFO   - All jobs executed successfully.
