18
 energy: -26.542384835317 gnorm: 0.022258025756 xtb: 6.7.1 (edcfbbe)
C           -2.81072720100344        0.79438617624296        0.69636462577663
O           -2.09099741102135        0.51967294292722       -0.50862254692877
C           -0.82955031448100        0.00272550920388       -0.27618259407593
C           -0.65056363825835       -1.37644221005262       -0.21553954674493
C            0.63636183687859       -1.86869355860452       -0.01878830089677
C            1.72014508194726       -1.01174346125500        0.11823419396331
C            1.53385541136429        0.37621910603002        0.05532738787338
C            0.24164989768326        0.87719905017913       -0.14226291398542
N            2.60732027511816        1.24646479923904        0.24658973208713
H           -2.28316501180209        1.53745428817776        1.31020877068582
H           -2.95231314222717       -0.12072932211379        1.28738076174316
H           -3.78303979052705        1.19113668483595        0.39708329172089
H           -1.50284035286027       -2.03513427457048       -0.33674937042474
H            0.80032553460782       -2.94091811113491        0.02301978657198
H            2.71686534354819       -1.41351680888932        0.27530084453280
H            0.06064852791148        1.94654189603248       -0.20213045797598
H            3.50880441661643        0.85667606095134        0.01820009518007
H            2.48566717107407        2.16084798663237       -0.16069668263841
18
 energy: -26.543170903115 gnorm: 0.009710957443 xtb: 6.7.1 (edcfbbe)
C           -2.80955100718482        0.79388517596306        0.69580176072619
O           -2.09501645411534        0.52076468683140       -0.49915995750506
C           -0.82982194607607        0.00451254810850       -0.27190691011656
C           -0.64289848477656       -1.37094333714489       -0.21206476528557
C            0.63712031066507       -1.86392649884420       -0.01890914593051
C            1.71477228588937       -1.00930433228876        0.11228528814314
C            1.53125020190895        0.37272293161804        0.04409541887482
C            0.24346047287835        0.87225923876667       -0.14339955607569
N            2.59956040125155        1.23876901417740        0.23934767742950
H           -2.28276424962656        1.53529896802877        1.30692318387902
H           -2.95091577205335       -0.11922879948607        1.28451780652499
H           -3.77725951840104        1.18864079052848        0.39054937129539
H           -1.48962824380163       -2.03018611069406       -0.32837131908976
H            0.79913127881062       -2.93235720166138        0.02614059017065
H            2.70838056305690       -1.40742990508374        0.26618441916247
H            0.06961423750929        1.93795552122032       -0.20196195726570
H            3.50657238377979        0.84927473912747        0.02795503428842
H            2.47644017485428        2.16143932466452       -0.15128986276151
18
 energy: -26.543327600703 gnorm: 0.004613298426 xtb: 6.7.1 (edcfbbe)
C           -2.80902272642451        0.79334875499058        0.69368238677823
O           -2.09837534828009        0.52122795016260       -0.49477999864913
C           -0.83039278922027        0.00565729638282       -0.27194271072906
C           -0.63952010279692       -1.36836746046337       -0.20881114836283
C            0.63807169435291       -1.86339175963654       -0.01927100974280
C            1.71439508711795       -1.00935780319031        0.10716560947553
C            1.53120412356797        0.37103932323436        0.03887539295010
C            0.24458651141175        0.87002413738825       -0.14565406118396
N            2.59605099253861        1.23470256880305        0.23175117817753
H           -2.28592130298440        1.53471567257532        1.30703336572270
H           -2.95367670158013       -0.11691814638809        1.28511579416041
H           -3.77523541093342        1.18776920012988        0.38690364241293
H           -1.48449075536693       -2.02865216620144       -0.31947420092347
H            0.79756212635949       -2.93032921042974        0.02816351424880
H            2.70812242624135       -1.40493629541632        0.25620311363291
H            0.07635708186904        1.93504359804102       -0.20405465147284
H            3.50742236250358        0.84641614863249        0.03775588185067
H            2.47130936619284        2.16415494521696       -0.14192502188149
18
 energy: -26.543373074079 gnorm: 0.002867453342 xtb: 6.7.1 (edcfbbe)
C           -2.80984438765998        0.79327057351602        0.69181459618736
O           -2.09956135930038        0.52095602306681       -0.49325836209588
C           -0.83064445200216        0.00591963217707       -0.27114775551106
C           -0.63899418151110       -1.36791177704357       -0.20564986898269
C            0.63875694089532       -1.86426085553333       -0.01948338458013
C            1.71592483660086       -1.01036886202124        0.10291893719175
C            1.53243200848287        0.37042911926284        0.03555475605504
C            0.24513557215076        0.86946892578755       -0.14752274553231
N            2.59559224993180        1.23318189502198        0.22592487584166
H           -2.28933656341836        1.53520602175274        1.30787982210492
H           -2.95743162848517       -0.11550121018584        1.28610463399040
H           -3.77623623030679        1.18814762162261        0.38486448250300
H           -1.48411605356874       -2.02896856814054       -0.31270481256369
H            0.79669639965474       -2.93116377775882        0.02853866927854
H            2.71059852129357       -1.40500819121191        0.24886589021410
H            0.07972013980110        1.93505889569086       -0.20629471923288
H            3.50962788785458        0.84664966541976        0.04488957795109
H            2.47012693415589        2.16704162240852       -0.13455751635502
18
 energy: -26.543395783784 gnorm: 0.001817283355 xtb: 6.7.1 (edcfbbe)
C           -2.81140666266591        0.79331751633452        0.69037655087391
O           -2.09955125823425        0.52059649563276       -0.49250505315883
C           -0.83046969143692        0.00584934087627       -0.26988842709509
C           -0.63939828707838       -1.36813307854836       -0.20232251796853
C            0.63926743313351       -1.86512761256356       -0.01967275796007
C            1.71768561229168       -1.01150418137464        0.09898532644202
C            1.53392327663937        0.37012533429493        0.03295307859881
C            0.24559957866732        0.86944469696134       -0.14920921409205
N            2.59622980839659        1.23227567384238        0.22003689054171
H           -2.29282017323499        1.53587311914384        1.30881386521538
H           -2.96157071459721       -0.11481196585563        1.28653822650418
H           -3.77816575927796        1.18886906180245        0.38308359552767
H           -1.48527193923748       -2.02964313387365       -0.30568482095270
H            0.79628694598910       -2.93243639573995        0.02827233075547
H            2.71337178884794       -1.40603664916339        0.24163310091939
H            0.08176856597672        1.93573517002560       -0.20878885004658
H            3.51243339189162        0.84775489569534        0.05151492280476
H            2.47053471849805        2.16999846634129       -0.12739917044525
18
 energy: -26.543401201294 gnorm: 0.000948966900 xtb: 6.7.1 (edcfbbe)
C           -2.81280389540716        0.79327512045346        0.69028741425991
O           -2.09864328168520        0.52082514537453       -0.49232734370772
C           -0.83001993795249        0.00576315215746       -0.26879441486115
C           -0.64015798405893       -1.36845234932006       -0.20015574932187
C            0.63924932590550       -1.86518344485118       -0.01959667920094
C            1.71837293162257       -1.01195100454532        0.09684964599907
C            1.53479586372946        0.37010098803162        0.03138980583471
C            0.24597488798742        0.86971069372495       -0.15016064855524
N            2.59718350691637        1.23177921114877        0.21606974282004
H           -2.29469773381697        1.53578297686887        1.30952477038524
H           -2.96380112290805       -0.11538029833855        1.28571022361387
H           -3.77935457725485        1.18917440357578        0.38194534180120
H           -1.48664249283741       -2.02975720344110       -0.30131802500928
H            0.79638064915043       -2.93282888725680        0.02806437254214
H            2.71430211418492       -1.40711768121261        0.23763981413189
H            0.08196512463334        1.93613501710908       -0.21053970787441
H            3.51447850656898        0.84851851081951        0.05522474794055
H            2.47186474979088        2.17175240353313       -0.12307623433378
18
 energy: -26.543402411308 gnorm: 0.000222668750 xtb: 6.7.1 (edcfbbe)
C           -2.81298281997811        0.79295866597488        0.69084674404627
O           -2.09818145651877        0.52166471593009       -0.49244378775030
C           -0.82984498457126        0.00605238242495       -0.26889627702465
C           -0.64039298485396       -1.36820568657510       -0.20011269687249
C            0.63889860373174       -1.86474625893500       -0.01934111966567
C            1.71797686570121       -1.01169405561396        0.09700476104723
C            1.53478888102011        0.37020456425137        0.03111865896635
C            0.24621735320667        0.86991004153132       -0.15034791361231
N            2.59744719574165        1.23156706525414        0.21558534751890
H           -2.29466657649739        1.53484175085430        1.31007387920483
H           -2.96343710107855       -0.11643734224806        1.28463569151781
H           -3.77911271063758        1.18878620226140        0.38193689522832
H           -1.48693682167021       -2.02914126445581       -0.30118766876397
H            0.79630149637404       -2.93232371048893        0.02865141214597
H            2.71357312208576       -1.40728542927032        0.23795603300225
H            0.08159050930687        1.93606643900164       -0.21097686957890
H            3.51473864137371        0.84816648908865        0.05517879598925
H            2.47246942183288        2.17176218484599       -0.12294480893467
18
 energy: -26.543402746210 gnorm: 0.000142474332 xtb: 6.7.1 (edcfbbe)
C           -2.81315936906236        0.79237657895208        0.69105423359451
O           -2.09783769221526        0.52283317419995       -0.49257122787376
C           -0.82972515121345        0.00664114419938       -0.26911975151124
C           -0.64062569231626       -1.36764696212067       -0.19993186014335
C            0.63849843433351       -1.86440465721076       -0.01897207682489
C            1.71776245285881       -1.01155715652761        0.09712031706448
C            1.53499667718098        0.37033813638831        0.03082328621205
C            0.24660390083227        0.87023153091456       -0.15074220171847
N            2.59782155893911        1.23133503370138        0.21510691038121
H           -2.29508384151593        1.53353966627508        1.31113774872781
H           -2.96335939342400       -0.11783269849124        1.28341984130532
H           -3.77913710165067        1.18826572463828        0.38208320708202
H           -1.48732656756064       -2.02833742680536       -0.30088150637162
H            0.79579574536558       -2.93194218302130        0.02943501972448
H            2.71317975249731       -1.40746367073695        0.23817936490422
H            0.08183840010695        1.93630679251208       -0.21169556157257
H            3.51511221039777        0.84769542873718        0.05517743339933
H            2.47309231101511        2.17176829822717       -0.12288609991530
18
 energy: -26.543403271292 gnorm: 0.000354132492 xtb: 6.7.1 (edcfbbe)
C           -2.81348592019120        0.79112714379449        0.69125224882049
O           -2.09715203517019        0.52519145705939       -0.49280722300262
C           -0.82947510797248        0.00789718200185       -0.26952620466439
C           -0.64110818476664       -1.36645470138616       -0.19956631166372
C            0.63771690282312       -1.86375527655091       -0.01829316466394
C            1.71738747092582       -1.01137623949991        0.09743172389365
C            1.53544871967405        0.37057283900330        0.03035948495162
C            0.24737551807779        0.87092982296637       -0.15158584285839
N            2.59863051568453        1.23098178653116        0.21445625675540
H           -2.29609877308918        1.53103044897264        1.31327508477343
H           -2.96321677340133       -0.12069282496301        1.28106558758078
H           -3.77942370989378        1.18711447912813        0.38254408216764
H           -1.48813804158793       -2.02675256285588       -0.30023768964099
H            0.79462026126446       -2.93128521759044        0.03077502273414
H            2.71251420937879       -1.40783432989044        0.23881024875899
H            0.08267880288766        1.93695732850125       -0.21315954006973
H            3.51581205611380        0.84687523112537        0.05503914361355
H            2.47436072381153        2.17162018748432       -0.12309583102167
18
 energy: -26.543406190771 gnorm: 0.001276992797 xtb: 6.7.1 (edcfbbe)
C           -2.81545113904421        0.78444091540809        0.69193412832735
O           -2.09352911094716        0.53751721378543       -0.49382805841642
C           -0.82805568093174        0.01466049263455       -0.27127421550080
C           -0.64364502785921       -1.36003929968046       -0.19744360822607
C            0.63366289766007       -1.86032012227217       -0.01473632289473
C            1.71561729758020       -1.01055735384689        0.09897896284659
C            1.53797545663574        0.37171025610719        0.02807595364436
C            0.25151485337073        0.87473613770374       -0.15573587889685
N            2.60313603701939        1.22916245446139        0.21117174843210
H           -2.30223907309609        1.51792670999654        1.32465743534193
H           -2.96302236524555       -0.13576050702183        1.26864543772013
H           -3.78138895698500        1.18082073505072        0.38467043579224
H           -1.49240630814872       -2.01833438772262       -0.29650747102211
H            0.78817892573803       -2.92793343084348        0.03741713070377
H            2.70932453353504       -1.40982377830922        0.24187612257281
H            0.08788095753402        1.94065910226065       -0.22046517167640
H            3.51968322813314        0.84263450493570        0.05404631675648
H            2.48121010962014        2.17064711118418       -0.12474586904018
18
 energy: -26.540289224458 gnorm: 0.047894674828 xtb: 6.7.1 (edcfbbe)
C           -2.85083574069129        0.66773973761005        0.70302450147990
O           -2.03035343725725        0.75190377943557       -0.51031693832858
C           -0.80295631064326        0.13294686647025       -0.30024007739514
C           -0.68760587563744       -1.24785927636837       -0.15986467019729
C            0.56339029825774       -1.80035672005446        0.04702801743222
C            1.68537394077602       -0.99652455929242        0.12576906423825
C            1.58242610430841        0.39131879926255       -0.01118807447651
C            0.32390931006118        0.94143728344353       -0.22678218851770
N            2.68235983589587        1.19746986716626        0.15390854878726
H           -2.41138754985777        1.28912353712465        1.52318602061733
H           -2.96180357268901       -0.39801181949108        1.05159138345565
H           -3.81677564861354        1.07107559473331        0.42032522688921
H           -1.56655902109005       -1.87128141710808       -0.23082295774512
H            0.67562481508576       -2.86965085394325        0.15216506941716
H            2.65454152636576       -1.44458675320154        0.29450435080308
H            0.18029644943510        2.00584937864052       -0.34571358051396
H            3.58756434501832        0.76864848447067        0.03571242134747
H            2.60123716584445        2.15290482493287       -0.15554904082907
18
 energy: -26.543162358364 gnorm: 0.017670937215 xtb: 6.7.1 (edcfbbe)
C           -2.83913631223830        0.70697940105641        0.69973966172492
O           -2.05837730564678        0.66575711197949       -0.49729069388766
C           -0.81294786771453        0.09190015148487       -0.28988121836526
C           -0.67158602892866       -1.28490145863400       -0.17437258714153
C            0.58748910147027       -1.81921090981354        0.02325593186074
C            1.69490175729531       -0.99955366292402        0.11471663668920
C            1.56652903673702        0.38591669335303       -0.00000251472545
C            0.29798719761075        0.91923284306822       -0.20592728889208
N            2.65538003641972        1.20661515500192        0.17368715203368
H           -2.36983499441629        1.36698928243083        1.44166264319961
H           -2.95527062128810       -0.29673721716235        1.13505639343596
H           -3.80763558846248        1.10148565710465        0.41004334890908
H           -1.54060725709226       -1.91937070370881       -0.25489384392527
H            0.71305255666276       -2.88712226382826        0.11203036906416
H            2.67187434380265       -1.43076905590277        0.27619461848686
H            0.14808748233948        1.98417170099203       -0.30779421325215
H            3.56479492119099        0.79089246096300        0.04842799902288
H            2.56374617682740        2.15987156837051       -0.13791531777350
18
 energy: -26.543349537339 gnorm: 0.011602572539 xtb: 6.7.1 (edcfbbe)
C           -2.83441735778479        0.71859929123292        0.69811489609249
O           -2.06224460388770        0.65040711337699       -0.49216027558753
C           -0.81506732345939        0.08161567948093       -0.28508699703771
C           -0.66740478394952       -1.29523275208492       -0.17636185555682
C            0.59427086941615       -1.82524881157766        0.01845564047397
C            1.69753093386429       -1.00105264882111        0.11306707844281
C            1.56166567461202        0.38342668340596        0.00421380117310
C            0.29123169889015        0.91262384745762       -0.19740049612563
N            2.64696940216704        1.20936045506332        0.17686898082697
H           -2.36054107941282        1.38338744103036        1.42852108148755
H           -2.95676560084031       -0.27391193499129        1.14494040341578
H           -3.80117709791645        1.11491141119434        0.40419678408646
H           -1.53368716091861       -1.93264395676508       -0.25917010843014
H            0.72448816505198       -2.89277415074381        0.10101149316359
H            2.67698509917733       -1.42696007355769        0.27157119726627
H            0.13950639248750        1.97726797240090       -0.29418644062907
H            3.55647831626968        0.79768390479657        0.04714815791061
H            2.55062509080237        2.16068728293289       -0.13700626450851
18
 energy: -26.543405120498 gnorm: 0.008952697178 xtb: 6.7.1 (edcfbbe)
C           -2.83287156416072        0.72714991798005        0.69642800933956
O           -2.06400861861424        0.63922451785115       -0.48914912450030
C           -0.81615128356267        0.07311835657544       -0.28041184843806
C           -0.66391943238690       -1.30395508754887       -0.17778312892518
C            0.60006073160075       -1.83010906642102        0.01433268797910
C            1.70060846471525       -1.00266170867935        0.11126853066177
C            1.55895633902207        0.38120185492270        0.00749820035280
C            0.28654795350943        0.90734567061538       -0.18935291080627
N            2.64170578963170        1.21203181279421        0.17941438815345
H           -2.35611688618855        1.39627723905557        1.41873768547693
H           -2.96348560038684       -0.25632633741473        1.15444268828359
H           -3.79715811327889        1.12828155893199        0.39885420067416
H           -1.52769573277200       -1.94414114970084       -0.26268283213360
H            0.73382962437241       -2.89773920455055        0.09215167420844
H            2.68204776429620       -1.42475441275346        0.26735857980442
H            0.13311562889745        1.97196651210544       -0.28060749918028
H            3.55183729264578        0.80375720311660        0.04473811591197
H            2.54114427722867        2.16147907695157       -0.13850034039831
18
 energy: -26.543438285127 gnorm: 0.007231272772 xtb: 6.7.1 (edcfbbe)
C           -2.83320180533719        0.73506393221811        0.69466092034391
O           -2.06534950452236        0.62862606420746       -0.48729694119187
C           -0.81679316513980        0.06523591936054       -0.27558564309408
C           -0.66059560054995       -1.31192673369200       -0.17838064799613
C            0.60562795249628       -1.83438403689129        0.01086057915161
C            1.70420668633490       -1.00434044184021        0.10927326873334
C            1.55746073298046        0.37919617542637        0.01095165883648
C            0.28284649715664        0.90263392794776       -0.18120508291322
N            2.63801043561827        1.21465358664091        0.18222980086611
H           -2.35326650345205        1.40818154571447        1.41105592944715
H           -2.97404306033737       -0.24141228054638        1.16371215072224
H           -3.79449060618475        1.14212399401015        0.39282039005908
H           -1.52195964457962       -1.95497198382124       -0.26529326114581
H            0.74240605786197       -2.90228981504849        0.08362410499644
H            2.68755804134044       -1.42342778861629        0.26190843396799
H            0.12806192233595        1.96752294335033       -0.26701285574634
H            3.54877146756615        0.80967115900557        0.04144373172575
H            2.53319673098092        2.16199058640552       -0.14102946029844
18
 energy: -26.543467972154 gnorm: 0.005334247474 xtb: 6.7.1 (edcfbbe)
C           -2.83468482817519        0.74253039525124        0.69268013278141
O           -2.06716043057193        0.61700432378247       -0.48634823160377
C           -0.81727485611289        0.05766931593685       -0.27084311129210
C           -0.65724444046664       -1.31936629622947       -0.17869651291602
C            0.61124796690500       -1.83831655112757        0.00735166477616
C            1.70819643561597       -1.00602968808317        0.10698018929999
C            1.55661193126940        0.37748926604512        0.01465230236758
C            0.27953949479465        0.89836943977342       -0.17323495114630
N            2.63510942213572        1.21744684913824        0.18602692438508
H           -2.35039671080716        1.41911771927424        1.40405846404984
H           -2.98755188561330       -0.22750345599825        1.17383088051711
H           -3.79250394979442        1.15670775668692        0.38675070951708
H           -1.51627946704355       -1.96546297883768       -0.26727685063216
H            0.75036149068072       -2.90667526636180        0.07517481558550
H            2.69345891969485       -1.42252496129219        0.25572504725788
H            0.12425822044377        1.96386096032298       -0.25372612263711
H            3.54650978366083        0.81567530051777        0.03811901950390
H            2.52624953795305        2.16215462503220       -0.14448729334987
18
 energy: -26.543483739398 gnorm: 0.003848337576 xtb: 6.7.1 (edcfbbe)
C           -2.83684965578959        0.74711722973459        0.69069510801902
O           -2.06892606746064        0.60816232135079       -0.48610132196208
C           -0.81744403221320        0.05323424701720       -0.26681129189030
C           -0.65491522421185       -1.32355256576418       -0.17753251111324
C            0.61513667206454       -1.84072362063702        0.00524134728881
C            1.71127883147514       -1.00722415452074        0.10464421562917
C            1.55657335433979        0.37655279713578        0.01731121701839
C            0.27769083602305        0.89602298578576       -0.16747636099584
N            2.63397274889307        1.21906111170555        0.18888460454608
H           -2.34938862456475        1.42582238702452        1.39940293429808
H           -2.99874899892792       -0.21867389247841        1.18058688126348
H           -3.79207695705464        1.16607282902728        0.38171241932220
H           -1.51263445927010       -1.97164874042281       -0.26649878841166
H            0.75513310678861       -2.90949212641713        0.06901389476752
H            2.69805191952199       -1.42220059412973        0.24916992670126
H            0.12337850642021        1.96219788355990       -0.24460107213881
H            3.54556666966567        0.81936933952259        0.03564387958175
H            2.52264800886950        2.16204931633740       -0.14654800545965
18
 energy: -26.543492294805 gnorm: 0.003332590332 xtb: 6.7.1 (edcfbbe)
C           -2.83870813659874        0.74719559848237        0.68954639838019
O           -2.06958798237665        0.60597623323266       -0.48606893057338
C           -0.81715832260977        0.05345344406337       -0.26494172701878
C           -0.65440485059310       -1.32319375273213       -0.17572255251360
C            0.61591270046346       -1.84083221218956        0.00505613501320
C            1.71226481554492       -1.00751367744385        0.10328906931895
C            1.55717248766285        0.37655985957537        0.01794471131249
C            0.27789043654176        0.89636384887456       -0.16580530946603
N            2.63486554120560        1.21894962020406        0.18949893248115
H           -2.35123457417752        1.42616099931261        1.39868116987519
H           -3.00277653612741       -0.21797460874273        1.18119086405229
H           -3.79332659037170        1.16675424819112        0.37948019002782
H           -1.51227870640713       -1.97143107712449       -0.26368380362206
H            0.75518026642848       -2.90982643971122        0.06752929065926
H            2.69955239544443       -1.42243084758186        0.24530872463663
H            0.12536178670796        1.96298002014761       -0.24231207803194
H            3.54617264569955        0.81932437368018        0.03462513550766
H            2.52354925813188        2.16163112359327       -0.14687914357485
18
 energy: -26.543510244755 gnorm: 0.003027098436 xtb: 6.7.1 (edcfbbe)
C           -2.84303696771638        0.74303542810118        0.68764732674714
O           -2.06946876941853        0.60797864425766       -0.48568326294030
C           -0.81581780071798        0.05842113687334       -0.26228095071806
C           -0.65486147757458       -1.31815057888074       -0.17102566084643
C            0.61483871264829       -1.83891322571423        0.00657013242502
C            1.71274478619875       -1.00742803532540        0.10134739455582
C            1.55932077232855        0.37728830362837        0.01761052938875
C            0.28046525585849        0.89976060757224       -0.16526132703536
N            2.63911159787591        1.21717220012206        0.18888857318787
H           -2.35945586288245        1.42081635943324        1.40137373176777
H           -3.00627451127418       -0.22440671846530        1.17632090424045
H           -3.79805329909246        1.16049361054343        0.37647413997978
H           -1.51440678066117       -1.96491388489501       -0.25583407455929
H            0.75093760548139       -2.90833754961459        0.06829554345631
H            2.70024396121337       -1.42354666848710        0.23951769573947
H            0.13286755645238        1.96720783991321       -0.24238166248784
H            3.54918304769880        0.81562473269867        0.03258600179763
H            2.53010880815070        2.16004455207030       -0.14742795823456
18
 energy: -26.543532294820 gnorm: 0.002935428083 xtb: 6.7.1 (edcfbbe)
C           -2.84732950326321        0.73613049217472        0.68617968754011
O           -2.06763424215053        0.61558018901631       -0.48446253145849
C           -0.81384140578931        0.06624865582544       -0.26049959602580
C           -0.65637908666536       -1.31059790725963       -0.16629973851880
C            0.61195971039592       -1.83568089326980        0.00917502103728
C            1.71220441017055       -1.00704742663444        0.10041517212310
C            1.56200337913246        0.37818866752079        0.01623689062690
C            0.28449459354543        0.90478549101857       -0.16660529602257
N            2.64471019351554        1.21462030817980        0.18722164199344
H           -2.37149206157822        1.41189824107015        1.40739418704266
H           -3.00594932177690       -0.23613376453539        1.16713869792053
H           -3.80418805459389        1.14906779133063        0.37460472501623
H           -1.51836704423678       -1.95474978301117       -0.24762231227921
H            0.74393969471336       -2.90558544630704        0.07151894362088
H            2.69924913866475       -1.42511616777620        0.23653334833321
H            0.14251375652384        1.97295508397864       -0.24524299065952
H            3.55317266144972        0.80984476283443        0.03025890576995
H            2.53937981651153        2.15773845967552       -0.14920767959571
18
 energy: -26.543574343187 gnorm: 0.002844808972 xtb: 6.7.1 (edcfbbe)
C           -2.85320552044916        0.72437486133421        0.68452332341038
O           -2.06293176057413        0.63224610761652       -0.48127407669897
C           -0.81048771554335        0.07940394292161       -0.25849009925351
C           -0.65949424908218       -1.29822155600111       -0.16006201239169
C            0.60636435545132       -1.83004811106420        0.01363353893185
C            1.71070169331187       -1.00643298869101        0.10038027157927
C            1.56638332243502        0.37931637094556        0.01352636642673
C            0.29149520980441        0.91288437825458       -0.16991792388944
N            2.65361883253775        1.21062089903605        0.18391238781975
H           -2.39246175164144        1.39668280210370        1.41926666535557
H           -3.00203994596262       -0.25678934795451        1.15052299575147
H           -3.81404857908778        1.12862895017970        0.37269805530838
H           -1.52529125465549       -1.93794545995061       -0.23684725595593
H            0.73195958000939       -2.90070136982238        0.07780751461258
H            2.69643458463374       -1.42793254987030        0.23575530984050
H            0.15765233918148        1.98188588209902       -0.25129286848360
H            3.55962871132861        0.80048479654475        0.02662360521679
H            2.55416878287147        2.15368914614966       -0.15402872111592
18
 energy: -26.543605328790 gnorm: 0.001701506526 xtb: 6.7.1 (edcfbbe)
C           -2.85476204253564        0.72271624084264        0.68433557202220
O           -2.05958843748094        0.63940699904885       -0.47734547105456
C           -0.80948842880470        0.08135658634345       -0.25631733187552
C           -0.65998357882819       -1.29684156948671       -0.16034801176340
C            0.60550555100337       -1.82887973035960        0.01469811981532
C            1.71083083252729       -1.00647809207065        0.10225153750394
C            1.56786464203394        0.37896736229672        0.01369423613569
C            0.29326650880513        0.91368755587976       -0.16778700160845
N            2.65583343727610        1.21032699890254        0.18071231360891
H           -2.39866757077738        1.39000844345054        1.42576000196075
H           -3.00559352040994       -0.26113435293462        1.14265102651365
H           -3.81447622511487        1.12924693469235        0.37074707785664
H           -1.52579892487613       -1.93618675481833       -0.23833089387235
H            0.73080966206028       -2.89969464449044        0.07925418490046
H            2.69594243803344       -1.42890259767255        0.23898604727185
H            0.15926676098428        1.98254248123285       -0.24888656718312
H            3.56146322534008        0.79955604914497        0.02294278435825
H            2.55602230533278        2.15244884382948       -0.16028054812606
18
 energy: -26.543681625605 gnorm: 0.001949801983 xtb: 6.7.1 (edcfbbe)
C           -2.86143241971966        0.71427545139836        0.68370150021613
O           -2.04643147438950        0.66952166073571       -0.46332744410399
C           -0.80532158611056        0.09079227132760       -0.24955524128923
C           -0.66281820415715       -1.28915729600470       -0.15856890067568
C            0.60107943741825       -1.82340581469818        0.01926433221951
C            1.71116189587760       -1.00671121450464        0.10822819602197
C            1.57486332201505        0.37805201977266        0.01245898152569
C            0.30180612568601        0.91748198481339       -0.16425118431678
N            2.66533884244224        1.20915694648565        0.16965535132792
H           -2.42389113176274        1.36246371582586        1.45311304755646
H           -3.01925667739276       -0.28143957735947        1.11187648423600
H           -3.81736924307936        1.12813981866498        0.36455991883275
H           -1.52894428776973       -1.92706452643941       -0.24106521788170
H            0.72414474621389       -2.89487808895205        0.08494096359997
H            2.69322539554897       -1.43396877177092        0.25095166877743
H            0.16756625567890        1.98595623545168       -0.24369829961274
H            3.56981389466351        0.79581693313286        0.01212270439047
H            2.56491174340593        2.14711500595189       -0.18366978436001
18
 energy: -26.543766472706 gnorm: 0.002904549328 xtb: 6.7.1 (edcfbbe)
C           -2.87194776939879        0.70137719936459        0.68177803672590
O           -2.03388872830939        0.70143344772120       -0.44999636313733
C           -0.80042380168853        0.10545017248905       -0.24146412318028
C           -0.66654394649097       -1.27563258274451       -0.15159132007726
C            0.59497590204279       -1.81559516913021        0.02523427707777
C            1.71111748664438       -1.00640370088923        0.11145960336174
C            1.58378984332531        0.37856401176797        0.01027408841912
C            0.31308799818234        0.92450875757782       -0.16260100082521
N            2.67846900258675        1.20620640861091        0.15940482302230
H           -2.45329388255697        1.32702794335456        1.48194015057439
H           -3.03324261825621       -0.30880283832692        1.07498754021250
H           -3.82416150844765        1.12113014168579        0.35823220541714
H           -1.53471436007695       -1.91076708383847       -0.23339500711227
H            0.71277196216678       -2.88776120516491        0.09265762417599
H            2.68983835846422       -1.44057261085517        0.25583538904674
H            0.18196067628685        1.99305274068447       -0.24361613643680
H            3.58087142283071        0.78831582405320        0.00156623908744
H            2.57978059726424        2.14061529747110       -0.20396894988770
18
 energy: -26.543837072105 gnorm: 0.003664392892 xtb: 6.7.1 (edcfbbe)
C           -2.87971105061465        0.69111875651919        0.68038965322530
O           -2.02595993744901        0.72338016628359       -0.44118830866126
C           -0.79708445798008        0.11701809230023       -0.23663427040225
C           -0.66961619197345       -1.26449863620247       -0.14487472378129
C            0.59008697809327       -1.80961705153819        0.02940851466850
C            1.71071515967240       -1.00605860380662        0.11207462060218
C            1.59019075762933        0.37937590466295        0.00762810574306
C            0.32152901773061        0.93016410125237       -0.16433261487414
N            2.68782173431739        1.20369773310721        0.15391199654738
H           -2.47368755832864        1.30148834386055        1.50050897767053
H           -3.04017892666743       -0.32905499206578        1.04955135356297
H           -3.83008078559414        1.11303471265703        0.35499125481190
H           -1.53976111821355       -1.89743861053473       -0.22379008611655
H            0.70319824797535       -2.88224239648932        0.09826234434192
H            2.68703302709879       -1.44555677919746        0.25651622523912
H            0.19371149407207        1.99891693986930       -0.24774385457591
H            3.58886135450470        0.78235044782296       -0.00296672738530
H            2.59137889029596        2.13606862533047       -0.21497538415198
18
 energy: -26.543918171905 gnorm: 0.004864364211 xtb: 6.7.1 (edcfbbe)
C           -2.88819808708658        0.67961520193330        0.67878210227166
O           -2.01856762873905        0.74529754899793       -0.43180414340872
C           -0.79377114201298        0.12998681591969       -0.23156033471708
C           -0.67302526222694       -1.25169881402165       -0.13637169932896
C            0.58467795483810       -1.80298188009766        0.03358545253044
C            1.71005394118330       -1.00554598922845        0.11131076974199
C            1.59684151367501        0.38056722374689        0.00428114018294
C            0.33052340753285        0.93666568052653       -0.16757055195076
N            2.69781448462517        1.20055982930178        0.14931653905300
H           -2.49527854802572        1.27500725917603        1.51757923244928
H           -3.04483681750598       -0.35017425593254        1.02380686707874
H           -3.83739759914397        1.10155802196190        0.35168880253081
H           -1.54562206058645       -1.88213385741296       -0.21032879073873
H            0.69217200514554       -2.87605108777745        0.10382869826353
H            2.68391221057751       -1.45087263842128        0.25448291483665
H            0.20711172153342        2.00574550250280       -0.25455603630916
H            3.59738014649664        0.77525316037879       -0.00592562529815
H            2.60465639428904        2.13134903227762       -0.22380826072333
18
 energy: -26.544025091576 gnorm: 0.007006845567 xtb: 6.7.1 (edcfbbe)
C           -2.90023751130709        0.66378154302890        0.67613238931869
O           -2.00943947644759        0.77299686433466       -0.41819420260642
C           -0.78936786453793        0.14801325812054       -0.22347851942241
C           -0.67730120666383       -1.23375501548945       -0.12323439578678
C            0.57762905299020       -1.79387593625918        0.03923597537826
C            1.70922520191250       -1.00467881327908        0.10896124053477
C            1.60557728094407        0.38241020659943       -0.00033862317238
C            0.34246796143571        0.94602834494901       -0.17128791404133
N            2.71173511541272        1.19553053878995        0.14324281156023
H           -2.52588452219966        1.24004450833216        1.53805671559314
H           -3.05031688505621       -0.37762425877779        0.98966612853810
H           -3.84813281218154        1.08400062686087        0.34537206362380
H           -1.55350001851366       -1.86049233297011       -0.18922276180188
H            0.67711528939646       -2.86752748539198        0.11057024810009
H            2.68009881409231       -1.45770907452983        0.24832660944288
H            0.22590336085519        2.01566026785997       -0.26319011442222
H            3.60888161439726        0.76425446351728       -0.01037759304323
H            2.62399324004000        2.12508904813591       -0.23350298132914
18
 energy: -26.544136394379 gnorm: 0.012030186718 xtb: 6.7.1 (edcfbbe)
C           -2.92163833981201        0.63840449507614        0.67047971057324
O           -1.99520396590065        0.81531825058802       -0.39342803275381
C           -0.78200648971988        0.17736014724631       -0.20657796129445
C           -0.68299317197495       -1.20450971457205       -0.09954268293404
C            0.56740723306220       -1.77915865679150        0.04856597011601
C            1.70868099257436       -1.00309828219735        0.10384710969011
C            1.61968103038060        0.38553159732115       -0.00708273406095
C            0.36147740293653        0.96175891124979       -0.17314476797854
N            2.73549786148607        1.18620619975771        0.13176637081331
H           -2.57935021423033        1.18333510335312        1.56874952701171
H           -3.06252032747655       -0.41976576953983        0.93348474751660
H           -3.86627054730736        1.05607006643219        0.33010856571754
H           -1.56504277979902       -1.82490108999051       -0.15266398631340
H            0.65381973507484       -2.85372811061036        0.12028356951771
H            2.67532392729981       -1.46809781503607        0.23379627929556
H            0.25665337708708        2.03240306026437       -0.27126652136093
H            3.62760966854522        0.74418240251853       -0.02224793836241
H            2.65732124234298        2.11483595876160       -0.24839014872912
18
 energy: -26.544255483861 gnorm: 0.010056392633 xtb: 6.7.1 (edcfbbe)
C           -2.92893742585380        0.63362993855641        0.66729296943910
O           -1.99376227139262        0.81949273700845       -0.38505214623323
C           -0.78042674810153        0.18338715453752       -0.19803021660532
C           -0.68248250960291       -1.19815576454024       -0.09097994167510
C            0.56698426759601       -1.77604429766553        0.05049191676028
C            1.70966827973721       -1.00247364384812        0.10066305090357
C            1.62264219738909        0.38659075113107       -0.00731269613801
C            0.36490807989166        0.96559646364465       -0.16832123655768
N            2.74195032671543        1.18291041110906        0.12806804827494
H           -2.59436992039748        1.17173529793791        1.57006861644815
H           -3.06909887299496       -0.42465322920851        0.92172700654494
H           -3.87120387238740        1.05120882516147        0.32086842622502
H           -1.56553698264792       -1.81711010955163       -0.14133267052175
H            0.65054171000838       -2.85070962812124        0.12017893352843
H            2.67609882449922       -1.46959604695445        0.22386641065028
H            0.26315991964922        2.03664607204021       -0.26543312318741
H            3.63160686515967        0.73730536974814       -0.03003763374131
H            2.66670476730166        2.11238645284612       -0.24998863765078
18
 energy: -26.544569499912 gnorm: 0.005779840926 xtb: 6.7.1 (edcfbbe)
C           -2.95277673353021        0.61536661349502        0.65535195062799
O           -1.98436964836367        0.84276906632874       -0.35097548906661
C           -0.77294596778970        0.20714707217628       -0.16722606961116
C           -0.68030815764888       -1.17512446364265       -0.05935118669557
C            0.56535845011384       -1.76592218307739        0.06018636335146
C            1.71308780874194       -1.00066410298731        0.08872195673104
C            1.63230305033947        0.38966613876757       -0.01016321592083
C            0.37776242262276        0.98094889050596       -0.14920237475927
N            2.76446323426433        1.16963184313983        0.11083026884233
H           -2.65637176766673        1.12011967261303        1.58545559997702
H           -3.09825605194526       -0.44942380940595        0.86277519325080
H           -3.88275630556905        1.04076111701275        0.28509915953752
H           -1.56878000222774       -1.78729254498219       -0.09454690112437
H            0.63822032935597       -2.84122734128467        0.12466253248277
H            2.67983672795739       -1.47341840388018        0.18675778391124
H            0.28950118727917        2.05368982887072       -0.24199111881582
H            3.64393733912351        0.71018918346264       -0.06470035587994
H            2.70054071951179        2.10493017671910       -0.25494702037449
18
 energy: -26.544765261592 gnorm: 0.009239341200 xtb: 6.7.1 (edcfbbe)
C           -2.98122321227896        0.59227989603335        0.64121937300514
O           -1.96716721940728        0.88310973132187       -0.30787681358003
C           -0.76273260622368        0.23606688805985       -0.13083852104433
C           -0.67939748703020       -1.14792639044691       -0.02283288793671
C            0.56161430120274       -1.75371439474700        0.07228025705820
C            1.71699272565377       -0.99958600782485        0.07640371807032
C            1.64596630318927        0.39188597477947       -0.01637678119406
C            0.39609896075239        0.99834075083106       -0.13078871546366
N            2.79133521958608        1.15487566490563        0.08808357264696
H           -2.73360866756073        1.04765928709143        1.61397966215222
H           -3.13554998766138       -0.48418387883957        0.78275238206003
H           -3.89529969746207        1.03382159327014        0.24775549543530
H           -1.57405805936731       -1.75197196186186       -0.04196206991178
H            0.62171801514878       -2.82991075657395        0.13388567419685
H            2.68285585365351       -1.47940909060365        0.15077674173640
H            0.32290104411119        2.07264923073555       -0.21974938114846
H            3.65973326458246        0.68159893639950       -0.10619350128180
H            2.73826788368037        2.09656128130126       -0.26378112833649
18
 energy: -26.545034239287 gnorm: 0.006743308100 xtb: 6.7.1 (edcfbbe)
C           -2.99877248331171        0.58663392959073        0.62487864230256
O           -1.95447736734996        0.90175824497348       -0.26699035616963
C           -0.75512021760636        0.24524239790447       -0.09422560988634
C           -0.67187736467636       -1.14171685690586        0.00558648825412
C            0.56717565055006       -1.75254872996305        0.08040693193779
C            1.72332969417144       -1.00053799147785        0.06432123086809
C            1.65099691648121        0.39073713698489       -0.01891274529139
C            0.40307370602186        1.00559297001127       -0.10104703701461
N            2.80382118422858        1.14372585499412        0.06469038968665
H           -2.79098383703874        0.99448113552871        1.62333678175154
H           -3.17915494154317       -0.48942687929160        0.71579067025007
H           -3.88989985690677        1.06345489953638        0.21260591742522
H           -1.56873937397095       -1.74099646711662       -0.00346946831234
H            0.62350891216276       -2.82906727529455        0.13866060322018
H            2.69205796294477       -1.47693916148143        0.11579177154387
H            0.33832937929762        2.08090466249695       -0.17580042772211
H            3.66113836177353        0.66407983664637       -0.15917604057808
H            2.75404030934114        2.09676904669491       -0.25971066580151
18
 energy: -26.545222630818 gnorm: 0.011535355697 xtb: 6.7.1 (edcfbbe)
C           -3.02307384170065        0.57137517336309        0.60816631591739
O           -1.93324865542163        0.94419858999082       -0.21673746003684
C           -0.74498023274347        0.26480927721458       -0.05672423383746
C           -0.67084995096837       -1.12366542235274        0.03826202588206
C            0.56494286496212       -1.74368053854623        0.09021920673575
C            1.72773962974122       -1.00183231919491        0.05577037686116
C            1.66453973014732        0.39021669823345       -0.02220106289205
C            0.42057269426873        1.01583038859354       -0.07979808110347
N            2.82528962103162        1.13317763452911        0.03994200771371
H           -2.86312831659052        0.91924885649435        1.64433648512044
H           -3.21561603992144       -0.51222939164650        0.62633800500877
H           -3.89402679287079        1.07643818734523        0.18554348289032
H           -1.57119934130938       -1.71765924727495        0.04234922284925
H            0.61333743460728       -2.82103550436953        0.14520796168308
H            2.69425573919983       -1.48443630611283        0.08858495812343
H            0.36383010152569        2.09173451940007       -0.14631468832105
H            3.67291412798666        0.64845937546062       -0.20741404882936
H            2.77714786262475        2.09119678270416       -0.26879339730104
18
 energy: -26.545608763406 gnorm: 0.010560081234 xtb: 6.7.1 (edcfbbe)
C           -3.02773506907646        0.57363185980517        0.59705777996854
O           -1.91561245807201        0.97148038639199       -0.18209345728618
C           -0.74010681633120        0.26247777325855       -0.03972976680457
C           -0.67317839785394       -1.12585942601401        0.04696002132379
C            0.56321512649955       -1.74262742414391        0.09100270119876
C            1.72933046414084       -1.00607452047215        0.05856025676353
C            1.67249158343028        0.38615567293406       -0.01949480701426
C            0.42988161883064        1.01056048300452       -0.06918084771947
N            2.82884572769869        1.13525903283358        0.02695747874754
H           -2.89207585056748        0.88005360806121        1.64322569153159
H           -3.22118721249091       -0.50725589872935        0.56993846130731
H           -3.88702289729172        1.10097454004349        0.19230353394608
H           -1.57193252141260       -1.72141456511892        0.05411230602081
H            0.61423598447032       -2.82059657034116        0.14410178528181
H            2.69133367042828       -1.49349333215711        0.09246812780027
H            0.36567049959345        2.08527330558109       -0.12819195900508
H            3.67506819994043        0.66211391715894       -0.23508040153788
H            2.76722498263279        2.09148791173534       -0.27617982805851
18
 energy: -26.545901103096 gnorm: 0.012532036975 xtb: 6.7.1 (edcfbbe)
C           -3.03749589543889        0.57398671354636        0.58390754000409
O           -1.89730217978584        0.99587146694237       -0.13381206223177
C           -0.73510524117446        0.26427075663050       -0.01161374070896
C           -0.67444362760704       -1.12300491704275        0.06702001620672
C            0.56350029814117       -1.73962730979313        0.09518511948489
C            1.73332922497269       -1.00922833017706        0.05588096324995
C            1.68158164807562        0.38368413989400       -0.01805743230328
C            0.43890761352081        1.00814646551771       -0.05129735442823
N            2.83730838462377        1.13449357425993        0.01127638013356
H           -2.92604930742071        0.81268239083449        1.65714078530430
H           -3.25002907344728       -0.50274667586061        0.49098046075008
H           -3.87454318510892        1.14254277279319        0.17790659151290
H           -1.57137034848450       -1.72098289626454        0.08104043006497
H            0.61556513833411       -2.81819760227626        0.14385679404065
H            2.69227254772129       -1.50389526001276        0.08115740277078
H            0.36851147119658        2.08236085945761       -0.10802936319581
H            3.68137026968400        0.66911043655743       -0.27363672759790
H            2.76243889676656        2.09268016882484       -0.28216872659289
18
 energy: -26.546089041743 gnorm: 0.009696441491 xtb: 6.7.1 (edcfbbe)
C           -3.03592316002792        0.57994232354450        0.57838733384941
O           -1.88640602930948        1.00090249594948       -0.09819455770182
C           -0.73514019502161        0.25913947518638        0.00192357482368
C           -0.67834685836063       -1.12565282013944        0.07267324316745
C            0.56372822877495       -1.73939643911254        0.09451806414947
C            1.73548233510767       -1.01230357094910        0.05652939558580
C            1.68629899466447        0.38149756130720       -0.01512587695499
C            0.44065212950397        1.00085747449686       -0.04136459664893
N            2.83826767788851        1.13885552395973        0.00969835146356
H           -2.93300889886399        0.77577539699444        1.65461790554028
H           -3.25475584837811       -0.47988941151833        0.44642773827850
H           -3.86085058187767        1.17207321314512        0.17776555199282
H           -1.57088265073540       -1.73077227725210        0.08891830174809
H            0.62000938189222       -2.81849344631594        0.13899744936858
H            2.69116691884651       -1.51646920757456        0.08127350030166
H            0.35668162486818        2.07480353183242       -0.10433114592860
H            3.68663235820263        0.68494032036382       -0.28939135220455
H            2.74484120739465        2.09633660991339       -0.28658580436635
18
 energy: -26.546297266898 gnorm: 0.017805284724 xtb: 6.7.1 (edcfbbe)
C           -3.05874501071916        0.56260207456128        0.55911629887782
O           -1.85771856879393        1.05048904641114       -0.01434468469384
C           -0.72491168836323        0.28202035941309        0.04885172779510
C           -0.68058930021889       -1.10332014097771        0.10970964517723
C            0.55956257655442       -1.72808759677112        0.10470209207799
C            1.73933527013939       -1.01477371103230        0.04696536128214
C            1.70286761058648        0.38052658537356       -0.01916563189924
C            0.46082625268763        1.00966353761298       -0.01530493622122
N            2.86222726671102        1.12932249587254       -0.01403057323652
H           -3.01937373331778        0.67078269048634        1.66434410313880
H           -3.28231736353402       -0.48849572357786        0.31669648097316
H           -3.85713545619089        1.19156578055719        0.15733864559530
H           -1.57394361679281       -1.70779947983754        0.14559437849690
H            0.60716475589188       -2.80833945946869        0.14453767485787
H            2.68933496914859       -1.53364672047760        0.05232580960501
H            0.37773326656696        2.08495329249420       -0.07413104360784
H            3.70305055694600        0.67487380489163       -0.34137504822124
H            2.76107884726729        2.08980991830023       -0.30509322353334
18
 energy: -26.546595847371 gnorm: 0.007019175829 xtb: 6.7.1 (edcfbbe)
C           -3.05069965944098        0.55830457587119        0.56893426568988
O           -1.87158509121773        1.03683508197553       -0.04021323954936
C           -0.72845995002609        0.28501042162562        0.02895249137449
C           -0.67937354068741       -1.10175607319080        0.09789738733800
C            0.55773070873570       -1.72848669670909        0.10347518249605
C            1.73416087549075       -1.01101943853276        0.04787085920702
C            1.69484169130477        0.38327239321465       -0.02326335815668
C            0.45548449891311        1.01394021625822       -0.03276493988749
N            2.85560714916683        1.12906199767818       -0.00327048197580
H           -2.99702928375270        0.70069661182756        1.65722807612158
H           -3.25931846703849       -0.49703322797086        0.35334646880787
H           -3.86188214040009        1.16615448851506        0.17179163113155
H           -1.57439108203874       -1.70332550854716        0.13407872157423
H            0.60164508931571       -2.80790850140006        0.14838883473055
H            2.68571529366217       -1.52314367842044        0.05899219613069
H            0.38076477532152        2.09001152868094       -0.08986316863865
H            3.69619058625119        0.66592320772480       -0.30634306850660
H            2.76904518100944        2.08560935523079       -0.30850078142330
18
 energy: -26.546866468325 gnorm: 0.006148616634 xtb: 6.7.1 (edcfbbe)
C           -3.05470252300218        0.54976473966509        0.56240119190829
O           -1.86819044306719        1.04651044890316       -0.01212510669677
C           -0.72658517083118        0.29433149443482        0.04087843071889
C           -0.67785913705721       -1.09345363847988        0.11082923395125
C            0.55640614992390       -1.72500371144484        0.10702740134212
C            1.73255415442782       -1.00930741439417        0.04238649520898
C            1.69458273312679        0.38472154434639       -0.02673809668236
C            0.45907545154576        1.01945815764178       -0.03066711729448
N            2.85897447704695        1.12585384387804       -0.00636715035431
H           -3.01787177337258        0.65248299282188        1.65687321524196
H           -3.26068536929985       -0.49510188229892        0.30552245939158
H           -3.85659110472951        1.17724570653919        0.17297745516000
H           -1.57321192437055       -1.69314006410762        0.15791577887140
H            0.59464221658140       -2.80408436194718        0.15203300973782
H            2.68336440792249       -1.52082516645400        0.04643554995117
H            0.39098424827341        2.09627560834885       -0.08446402804927
H            3.69549843604896        0.65640686029572       -0.30765290845261
H            2.77806180540173        2.08001159608302       -0.32052873748961
18
 energy: -26.547363362861 gnorm: 0.016030080835 xtb: 6.7.1 (edcfbbe)
C           -3.07321893014988        0.52490661448443        0.53504822519579
O           -1.85154872336640        1.08572013500364        0.08882419585632
C           -0.71906770880464        0.32384550170030        0.09353950921822
C           -0.67433796504359       -1.06591300041572        0.16288410542532
C            0.55215168894166       -1.71311607088499        0.11922965763555
C            1.73079177001262       -1.00620779457626        0.02305940524382
C            1.69823157822196        0.38844346704163       -0.03321215645314
C            0.47174929411134        1.03712352601779       -0.00942953194966
N            2.87514601627119        1.11535827771646       -0.02098129265586
H           -3.09646744832228        0.48962774653053        1.64542306061515
H           -3.27020946678869       -0.48250603826325        0.13294960298041
H           -3.84589592877564        1.20985011100152        0.17514286666643
H           -1.57110590029898       -1.65884218632460        0.24270060996842
H            0.57388503064375       -2.79190517661241        0.15904408874187
H            2.68015618972308       -1.51977695262128       -0.00171074374775
H            0.42295971520587        2.11496159019437       -0.05905504630276
H            3.69891836596609        0.62611061025780       -0.33202380802148
H            2.80630905702153        2.06446639358139       -0.35469567195262
18
 energy: -26.547712385054 gnorm: 0.011767021423 xtb: 6.7.1 (edcfbbe)
C           -3.07620479047541        0.52159723213234        0.52561950803792
O           -1.85467040013445        1.08201799867712        0.09848360017875
C           -0.71871870679103        0.32686627087551        0.10603651177137
C           -0.67112755347437       -1.06283126837774        0.17796449455981
C            0.55296216838037       -1.71266708622724        0.12018007169964
C            1.73051257553088       -1.00485023596818        0.01538935494233
C            1.69496488925453        0.39030420301617       -0.03175844311485
C            0.46884075051861        1.04199047512753       -0.00161258377237
N            2.87531875767217        1.11409529346942       -0.01908491223521
H           -3.10054960549274        0.45925807929398        1.62698621545663
H           -3.26767187696002       -0.46412588557717        0.11104919707990
H           -3.84907697053653        1.21153097760755        0.18017182174518
H           -1.56910686116014       -1.65150013524713        0.26455109577500
H            0.57187484859720       -2.79125181034094        0.15468886455057
H            2.68284905160591       -1.51440317848141       -0.02055058604340
H            0.42844668636051        2.11908839737536       -0.05341800984104
H            3.69667958084096        0.61517657090638       -0.33083092500809
H            2.81312409083254        2.06185085556983       -0.35712819931812
18
 energy: -26.548154581793 gnorm: 0.012364971552 xtb: 6.7.1 (edcfbbe)
C           -3.07277802614456        0.51337368454034        0.50868876575522
O           -1.85087935073232        1.09726289401339        0.15113343566086
C           -0.71714039057588        0.33514012787298        0.13121535951923
C           -0.67247681191467       -1.05323310764324        0.20687380119256
C            0.54687482073179       -1.70669025167678        0.12648649951466
C            1.72561372908222       -1.00360139403815        0.00698107526061
C            1.69417792793964        0.39222768345679       -0.03387796454760
C            0.47020988746043        1.04790520822399        0.00858950314173
N            2.87608996908698        1.11458073893692       -0.02482680376719
H           -3.10893279644101        0.35218055013666        1.59804172971942
H           -3.25992239303058       -0.44242710913326       -0.00980415017287
H           -3.83482680369363        1.24144568929218        0.21186913767835
H           -1.57171218270636       -1.63745566873269        0.31792877524652
H            0.56126018400166       -2.78526178546807        0.15754014915278
H            2.67647166659123       -1.51488605615625       -0.04219935446892
H            0.43541679985032        2.12436871056671       -0.03948458097780
H            3.69417004106628        0.60909319146872       -0.33416610353388
H            2.81683036399742        2.05812364817114       -0.37425219790968
18
 energy: -26.548435517028 gnorm: 0.017552227720 xtb: 6.7.1 (edcfbbe)
C           -3.07638425261470        0.50024463612352        0.48657840283487
O           -1.83704170323855        1.12518365357386        0.21398815401830
C           -0.70978328555460        0.35032951715172        0.16654857136123
C           -0.67631067746871       -1.03735006308601        0.23897958712584
C            0.53740510835343       -1.69756369491938        0.13290319801116
C            1.72078124323109       -1.00441072826814       -0.00164874282735
C            1.70224278464778        0.39254055729332       -0.03717718836779
C            0.48190852261656        1.05572191225614        0.02395102679190
N            2.88582968627033        1.11149635211406       -0.03926758649276
H           -3.15465452937583        0.24829731903094        1.56320208554601
H           -3.24007990705731       -0.41272269199276       -0.12508063050086
H           -3.83561550732556        1.23865103951860        0.23483458891474
H           -1.57795968941743       -1.61546836678304        0.37287877562574
H            0.54643649807713       -2.77714753254332        0.15833890149213
H            2.66587103955932       -1.52525688966562       -0.06725624488577
H            0.44927855891581        2.13276569143638       -0.01473075136151
H            3.69969612415957        0.60393835613452       -0.34694201798676
H            2.82682662079064        2.05289768645660       -0.39336305283511
18
 energy: -26.549097056815 gnorm: 0.005995440365 xtb: 6.7.1 (edcfbbe)
C           -3.07628816155194        0.50367979047074        0.48226748223317
O           -1.83610438521142        1.11974312325828        0.22135963563177
C           -0.70807791491955        0.34810121635654        0.17463254710143
C           -0.67660713226016       -1.03976671246111        0.24150552288561
C            0.53889422800373       -1.69785364767302        0.14008377049735
C            1.72119081726917       -1.00357953870789        0.00453467692300
C            1.70329824521239        0.39276827705731       -0.03074730118646
C            0.48305219341402        1.05442285490715        0.03556009647616
N            2.88587086267656        1.11046682282821       -0.05056684721224
H           -3.15095246589382        0.20643342402733        1.53812582297079
H           -3.24638471880449       -0.37506357594668       -0.15214952508891
H           -3.83443310883431        1.25310527523606        0.26047432253786
H           -1.57713495723225       -1.61855834002833        0.37102754518991
H            0.55183821511294       -2.77758182025387        0.17004343955897
H            2.66415277399483       -1.52604201412777       -0.06553169552234
H            0.44570298858194        2.13177797837495       -0.00885041697613
H            3.69739817110080        0.60523274482644       -0.36928787095042
H            2.82303098391052        2.05486089568704       -0.39574412860551
18
 energy: -26.549477485521 gnorm: 0.003070429163 xtb: 6.7.1 (edcfbbe)
C           -3.07259686573165        0.50126355481580        0.47520712454770
O           -1.83423514956336        1.11745608064238        0.23037014613777
C           -0.70614772391725        0.34824665704422        0.18393992451036
C           -0.67862981316079       -1.04004458476336        0.24779199342847
C            0.53837522256152       -1.69718165972565        0.15188976693510
C            1.72024624044216       -1.00279070551830        0.01326155515061
C            1.70414737073134        0.39325504730833       -0.02783642534458
C            0.48454521353942        1.05443399187618        0.04552284341361
N            2.88582005860804        1.10866395440956       -0.06639174972914
H           -3.14017716163782        0.14668234671186        1.51074827480285
H           -3.25818615222733       -0.33369569541477       -0.20487060662216
H           -3.82681756644841        1.27217899323412        0.30525455337266
H           -1.57997503931519       -1.61814619345519        0.36965308421309
H            0.55496271352152       -2.77703074962652        0.18525336342167
H            2.66104872089739       -1.52812164544478       -0.05774602217588
H            0.44259603613720        2.13203664238530        0.00046889488532
H            3.69439067880514        0.60709007650939       -0.39846834593171
H            2.81907985132704        2.05785064284279       -0.39731129855173
18
 energy: -26.549767797083 gnorm: 0.008128936749 xtb: 6.7.1 (edcfbbe)
C           -3.06753271493976        0.49651035226940        0.46539904004429
O           -1.83114940665385        1.11978775456537        0.24389687147811
C           -0.70356753983687        0.35118136490296        0.19473124321707
C           -0.68139424115412       -1.03751196396927        0.25783096079414
C            0.53604249569057       -1.69533231156967        0.16678210924832
C            1.71839114565317       -1.00234800506938        0.02360124536443
C            1.70549971113076        0.39364701557656       -0.02690031427441
C            0.48722769603384        1.05585895381090        0.05411730894558
N            2.88652002090354        1.10567558137374       -0.08620833565206
H           -3.12341435227004        0.05814795658415        1.47381413456318
H           -3.27612126934184       -0.28001062303140       -0.28290398387487
H           -3.81719758449093        1.29249832826716        0.37201735592132
H           -1.58509857193488       -1.61276889774406        0.37345789219564
H            0.55521893856417       -2.77508912437133        0.20606057620455
H            2.65710004232229       -1.53143278700582       -0.04620635294812
H            0.44178285092885        2.13352106317281        0.01029762290935
H            3.69072078449802        0.60885158485398       -0.43488926881861
H            2.81541862946604        2.06096051121526       -0.39816102885386
18
 energy: -26.549899831268 gnorm: 0.007251848780 xtb: 6.7.1 (edcfbbe)
C           -3.06459385505673        0.49290386720386        0.45904161597078
O           -1.82961754413517        1.12420496414902        0.25176845499611
C           -0.70194401293449        0.35499897044697        0.20198893029089
C           -0.68288775974226       -1.03376090853201        0.26534951547402
C            0.53346771386210       -1.69345482288418        0.17462969703642
C            1.71673663633360       -1.00248509945959        0.02815470874087
C            1.70640696966555        0.39366031190313       -0.02730144321646
C            0.48944193476438        1.05797213179100        0.05827300620635
N            2.88766786356160        1.10304370192549       -0.09650663388305
H           -3.11564390630035        0.01328982988705        1.44823883858815
H           -3.28222690031072       -0.25259358056024       -0.31931498713503
H           -3.81294363851325        1.29105748956573        0.40647227538182
H           -1.58910111115425       -1.60606073489370        0.37759248429706
H            0.55185711570675       -2.77304254843978        0.21536482331708
H            2.65455211007356       -1.53363078595810       -0.04147257877538
H            0.44438383047984        2.13558531255910        0.01687908863118
H            3.68820077649697        0.60872987019414       -0.45569289975152
H            2.81469041177182        2.06172878493346       -0.39672781970524
18
 energy: -26.550005229971 gnorm: 0.002268326326 xtb: 6.7.1 (edcfbbe)
C           -3.06421401496127        0.49033631098339        0.45388770299025
O           -1.82946218524214        1.12953255600073        0.25843574088053
C           -0.70129685949717        0.35907593326744        0.20610342050990
C           -0.68344330767075       -1.02947950287089        0.27070138224397
C            0.53102086349808       -1.69165752207313        0.17896017516361
C            1.71524396223509       -1.00293402408708        0.02992088434884
C            1.70671991018495        0.39333323779013       -0.02752794073404
C            0.49103351937567        1.06039798124193        0.06000290558351
N            2.88881051907998        1.10047210057222       -0.10149600473743
H           -3.10869085290001       -0.01542120139295        1.42448939688721
H           -3.28254250301678       -0.23299531949571       -0.33921676006086
H           -3.81246747267827        1.27991545535591        0.43069838986690
H           -1.59154304756642       -1.59886347088626        0.38402924265886
H            0.54661946607539       -2.77102776436229        0.22126629034699
H            2.65296540485295       -1.53466361006064       -0.04033346418027
H            0.44912681420344        2.13795195208299        0.01993416452363
H            3.68536330653478        0.60729996905947       -0.46914461682550
H            2.81520311206142        2.06087367270611       -0.39397383300206
18
 energy: -26.550037851457 gnorm: 0.004486201866 xtb: 6.7.1 (edcfbbe)
C           -3.06494066311632        0.48828628520073        0.44840766312666
O           -1.82906985158192        1.13330931289774        0.27048606396514
C           -0.70103188752511        0.36207060341346        0.20959468536870
C           -0.68380672644349       -1.02629245309914        0.27539577235925
C            0.52961074816230       -1.69014874249376        0.18537462189674
C            1.71417586194910       -1.00296063391340        0.03335839531150
C            1.70648933322089        0.39313266397630       -0.02745405050857
C            0.49179080979317        1.06216094839145        0.06091360332122
N            2.88927486039793        1.09860762384240       -0.10750269237407
H           -3.09605875968669       -0.06790787908426        1.39641862933691
H           -3.28873913039378       -0.19799445464753       -0.38038424664142
H           -3.81168282445673        1.28244780834661        0.47310833920605
H           -1.59239773694254       -1.59384991402573        0.39254883906728
H            0.54342522670337       -2.76935852523877        0.23299114843715
H            2.65180649072240       -1.53473342647125       -0.03675406892627
H            0.45240604736669        2.13972185461278        0.01798688171911
H            3.68231249828927        0.60573496356827       -0.48242530442666
H            2.81488233811038        2.05992071855542       -0.39532720377467
18
 energy: -26.550064238330 gnorm: 0.001835996045 xtb: 6.7.1 (edcfbbe)
C           -3.06610363837032        0.48899040500537        0.45045721139731
O           -1.82938622091342        1.13182099022099        0.27032455951975
C           -0.70153241142268        0.36099860103877        0.20844244151098
C           -0.68293900442716       -1.02735446322786        0.27394622881375
C            0.53077083224523       -1.69073347701361        0.18351828422366
C            1.71490708440947       -1.00287913459134        0.03194762385068
C            1.70590722040278        0.39311087602239       -0.02802296654546
C            0.49084253548989        1.06157649557774        0.05874720126181
N            2.88884041173321        1.09959581422040       -0.10380984020236
H           -3.09908476438453       -0.05707583007244        1.40020084776095
H           -3.28851031250355       -0.20148336357174       -0.37173106821594
H           -3.81227645188530        1.28169735886438        0.46702185764754
H           -1.59059765392581       -1.59640673625048        0.39143235529932
H            0.54427763295026       -2.76998873400897        0.23034987096134
H            2.65305906292382       -1.53351868636197       -0.03802564566458
H            0.45209907246097        2.13916132468392        0.01417198396313
H            3.68284427209286        0.60524015936759       -0.47504709181177
H            2.81532896769324        2.05939515392821       -0.39718677730609
18
 energy: -26.550080938310 gnorm: 0.001198026686 xtb: 6.7.1 (edcfbbe)
C           -3.06725991930369        0.48880212325560        0.45133410519619
O           -1.82898477972199        1.13142663175065        0.27763513257320
C           -0.70194995012419        0.36104463763993        0.20976850144258
C           -0.68208065838569       -1.02732345665029        0.27482193575041
C            0.53181729682491       -1.69070426946593        0.18417811377379
C            1.71560190646975       -1.00250942571943        0.03228593128733
C            1.70501310697302        0.39328084187851       -0.02903219341014
C            0.48983375417979        1.06163464408503        0.05603114038665
N            2.88853949948216        1.10066366103748       -0.10179055848646
H           -3.10021413800176       -0.07066562884168        1.39134085031327
H           -3.29205413016461       -0.18686201666341       -0.38071034554469
H           -3.81115005428204        1.28276552185918        0.47983492086438
H           -1.58879952451473       -1.59806223942524        0.39258112620252
H            0.54434431927324       -2.76996773805457        0.23138104276991
H            2.65442812488987       -1.53180122893159       -0.03686192945478
H            0.45272341113381        2.13920679584434        0.00803650090916
H            3.68280109194060        0.60330589511596       -0.46941749883027
H            2.81583727790050        2.05791200511679       -0.40467969927900
18
 energy: -26.550087060822 gnorm: 0.000585731086 xtb: 6.7.1 (edcfbbe)
C           -3.06714893527302        0.48864192045476        0.45097429567163
O           -1.82842325651593        1.13125066752132        0.28255192771332
C           -0.70194385263989        0.36110979653677        0.21121506404816
C           -0.68203915473136       -1.02731138197395        0.27553833872021
C            0.53214852449321       -1.69044023354233        0.18494438527981
C            1.71597658301106       -1.00202589586409        0.03387648625175
C            1.70499947620055        0.39372478789530       -0.02863096219162
C            0.48969111758289        1.06174184590151        0.05631369179183
N            2.88858960663986        1.10159858985312       -0.10247181043160
H           -3.10101959651891       -0.08361381218574        1.38424643299531
H           -3.29481028623018       -0.17573632453699       -0.38969358718234
H           -3.80975220872572        1.28482165139471        0.49033879193019
H           -1.58862811381003       -1.59846554460612        0.39247793349612
H            0.54500154595216       -2.76969825108496        0.23206532822533
H            2.65492786184889       -1.53133553545992       -0.03433474379263
H            0.45220655776995        2.13923280806837        0.00814904449689
H            3.68316343936245        0.60210739244308       -0.46733816776138
H            2.81550732615294        2.05654427301650       -0.41348537279693
18
 energy: -26.550088788918 gnorm: 0.000315233867 xtb: 6.7.1 (edcfbbe)
C           -3.06712320890188        0.48897714824336        0.45097828094728
O           -1.82821162165126        1.13080207813634        0.28425307724360
C           -0.70183703735601        0.36067808855347        0.21215358330970
C           -0.68198473602641       -1.02781885899090        0.27522608748899
C            0.53245473962561       -1.69045845514725        0.18479691504986
C            1.71622959089190       -1.00168280765142        0.03443005927380
C            1.70520589638184        0.39406010492986       -0.02804510652145
C            0.48974770053514        1.06161153278048        0.05775808296668
N            2.88851949872562        1.10239711788659       -0.10284696292780
H           -3.10256120075922       -0.08453174324897        1.38320225249170
H           -3.29518225543641       -0.17349700310185       -0.39075706669164
H           -3.80919086966256        1.28536801697881        0.49096751777531
H           -1.58863415566062       -1.59901244297069        0.39116785614626
H            0.54605460603422       -2.76974407114152        0.23121093779019
H            2.65513572434134       -1.53120267345987       -0.03341435325735
H            0.45124230092653        2.13908564432980        0.01045658965197
H            3.68365125396433        0.60159025695575       -0.46501601032234
H            2.81493040859677        2.05552482074934       -0.41978466395074
18
 energy: -26.550089217403 gnorm: 0.000101886170 xtb: 6.7.1 (edcfbbe)
C           -3.06714226956773        0.48906528848917        0.45034163606520
O           -1.82807038924783        1.13096434090228        0.28543093201334
C           -0.70163351395955        0.36062710964786        0.21314646520441
C           -0.68197261541165       -1.02791648144011        0.27541066913784
C            0.53245780943080       -1.69041274555573        0.18512838091846
C            1.71617558657044       -1.00152458945228        0.03460714857877
C            1.70533909769046        0.39419908850325       -0.02770100303726
C            0.48993946736429        1.06169521525605        0.05924684165888
N            2.88842089132421        1.10265317718331       -0.10364486018940
H           -3.10274816287801       -0.08583243760952        1.38172375322700
H           -3.29474143444966       -0.17232288031589       -0.39244542453033
H           -3.80920137716094        1.28535866719498        0.49186903757969
H           -1.58885612462993       -1.59881860272917        0.39076964565411
H            0.54642002257652       -2.76971658165702        0.23129773340085
H            2.65496329068453       -1.53122343262396       -0.03349744483074
H            0.45094954376691        2.13920352703999        0.01270568419298
H            3.68364534857773        0.60124351972247       -0.46469102944352
H            2.81450146388833        2.05490457127565       -0.42296108913624
18
 energy: -26.550089279379 gnorm: 0.000133180652 xtb: 6.7.1 (edcfbbe)
C           -3.06708868604917        0.48907589169223        0.45027297913650
O           -1.82801826816251        1.13111543265433        0.28568622184009
C           -0.70157337200972        0.36069594492356        0.21345731578040
C           -0.68199906187645       -1.02786021967006        0.27561895763938
C            0.53238314881773       -1.69039156600972        0.18508475814072
C            1.71609986927048       -1.00150805287209        0.03442614227813
C            1.70534281452518        0.39421663466723       -0.02762466236488
C            0.48998619347654        1.06177122342377        0.05971856227904
N            2.88839042395857        1.10265290661195       -0.10391555367182
H           -3.10318409672634       -0.08548449768105        1.38191241406629
H           -3.29405783287402       -0.17279436274369       -0.39233131086075
H           -3.80924783157877        1.28505328444890        0.49080502416172
H           -1.58892990310258       -1.59868405565025        0.39099133018090
H            0.54636983898778       -2.76969735292717        0.23119725267761
H            2.65484105156568       -1.53125644241500       -0.03402933059916
H            0.45100624470877        2.13928855658085        0.01351508943286
H            3.68364942529372        0.60108279119701       -0.46470492029128
H            2.81447667634404        2.05487063760053       -0.42334319336169
