24
 energy: -463.637064375084 gnorm: 0.009763417587 xtb: 6.7.1 (edcfbbe)
C           -3.41561326401845       -0.78420567572475       -0.02965230214525
O           -2.00390483953315       -0.79506983928196       -0.28845887728280
C           -1.35712210740330        0.34137916328204        0.04626298972280
O           -1.91520289056480        1.29758379036971        0.54133677392809
C            0.12111844338175        0.29373515195239       -0.28994902630638
C            0.68658060726541       -1.10546508385909       -0.55706780756467
C            2.17471076888714       -1.02626692482041       -0.91279673057053
C            2.97758929223723       -0.30838964677268        0.17533077328428
C            2.40418442172592        1.08484851622197        0.44804394789041
C            0.91910528963257        1.01670914824000        0.80505836161959
H           -3.78803504069894       -1.74828714162872       -0.38357016892471
H           -3.89745184962385        0.03927954594547       -0.56724596550359
H           -3.61043312919932       -0.66524621953045        1.04337342528870
H            0.21608753671939        0.88292216992106       -1.21817368637335
H            0.55392333547081       -1.72246628972735        0.34303670845425
H            0.12793735333032       -1.59911338729812       -1.35778905076039
H            2.57144603738532       -2.03417855498310       -1.08029456029381
H            2.28673527552764       -0.48247481444062       -1.86248987476862
H            2.93841942863919       -0.90052003906460        1.10108295176483
H            4.03334365974315       -0.23961639158340       -0.11113369761207
H            2.95848471940125        1.57623669765520        1.25582257208751
H            2.53125118254011        1.71197294289842       -0.44662548731868
H            0.79210750184807        0.46432546825463        1.74750837367527
H            0.49982908239697        2.01307615480022        0.96513785116344
24
 energy: -463.637134406294 gnorm: 0.004284086427 xtb: 6.7.1 (edcfbbe)
C           -3.42008491192260       -0.78619742316380       -0.03063735751264
O           -2.00501389881956       -0.79616301413406       -0.29152026970855
C           -1.35767528039073        0.34164252663817        0.04568346434187
O           -1.91617754193639        1.29468024262422        0.54179057693731
C            0.12127547985546        0.29536016758188       -0.28851654430512
C            0.68649033748537       -1.10407146820938       -0.55590667983651
C            2.17404550001074       -1.02538815298550       -0.91210959908357
C            2.97633561647912       -0.30928831631178        0.17623215175056
C            2.40633310101856        1.08481463831859        0.44704805959888
C            0.92221180151664        1.01729398848740        0.80593787022813
H           -3.79093442666393       -1.74947864833241       -0.38219172397574
H           -3.90300574908068        0.03474452273213       -0.56800008000786
H           -3.61124089193437       -0.66715889364950        1.04010853957388
H            0.21504048998597        0.88567278511480       -1.21562878427598
H            0.55420046149056       -1.72113358717660        0.34330530093428
H            0.12855457949424       -1.59486656001269       -1.35844203435993
H            2.57012367897191       -2.03363030550996       -1.07847027605945
H            2.28775738338971       -0.48166685538395       -1.86101578379472
H            2.93742994751294       -0.90096024488653        1.10183517624589
H            4.03162063106421       -0.24055639086579       -0.11174330803414
H            2.96149277609997        1.57549033511291        1.25454148035533
H            2.53360003963239        1.70990522918825       -0.44841406955682
H            0.79672885528823        0.46614723214030        1.74878749964580
H            0.50598268023810        2.01557681545408        0.96407389979807
24
 energy: -463.637154463281 gnorm: 0.001037497067 xtb: 6.7.1 (edcfbbe)
C           -3.42365391441428       -0.78782177436150       -0.03194410380290
O           -2.00539317228534       -0.79701244530734       -0.29466539019747
C           -1.35801349573865        0.34149102386253        0.04870822935196
O           -1.91794006248621        1.29231663243248        0.54511751358679
C            0.12114317180139        0.29677871432542       -0.28677032183486
C            0.68617292282858       -1.10257877491149       -0.55613474178639
C            2.17378142887153       -1.02525465638197       -0.91120086067029
C            2.97668295369940       -0.31027674150003        0.17645412145224
C            2.40757037040088        1.08389823953267        0.44594968347731
C            0.92377615565184        1.01954320126550        0.80680810792554
H           -3.79155788792545       -1.75176430426827       -0.38215748445362
H           -3.90680831884433        0.03105906568570       -0.57064092460341
H           -3.61130171843958       -0.66814531932181        1.03783542057567
H            0.21312944075579        0.88802050094518       -1.21313960840920
H            0.55363212799439       -1.71977308349289        0.34230316402534
H            0.12816737305352       -1.59107154977356       -1.35970472856460
H            2.56859988964061       -2.03406944050895       -1.07679653526756
H            2.28890866080776       -0.48185947101872       -1.85970594930767
H            2.93717344133653       -0.90109192432932        1.10226569788066
H            4.03197285474057       -0.24262505072686       -0.11192738116233
H            2.96372788487860        1.57481447242124        1.25256043027176
H            2.53534233162449        1.70705008337782       -0.45039235919072
H            0.79986152343793        0.46980754589986        1.75023927973612
H            0.51011656990437        2.01933353119121        0.96368622116924
24
 energy: -463.637157365127 gnorm: 0.001097684227 xtb: 6.7.1 (edcfbbe)
C           -3.42459369798954       -0.78894308691291       -0.03266026953241
O           -2.00528524809248       -0.79674176970388       -0.29753627551840
C           -1.35865188569912        0.34245090713513        0.04860806894794
O           -1.91875003232481        1.29014638516197        0.55108925283656
C            0.12087984670737        0.29786728008562       -0.28610272640135
C            0.68581900872652       -1.10148904142229       -0.55628270852289
C            2.17358230818721       -1.02560014144022       -0.91100697008123
C            2.97627359484052       -0.31098164300622        0.17699720685017
C            2.40879535136346        1.08404155086918        0.44556949997742
C            0.92476324039587        1.02050466091884        0.80692714855087
H           -3.79024274248550       -1.75463145627245       -0.38137004136810
H           -3.90831565111388        0.02830799226334       -0.57352040224426
H           -3.61039009376743       -0.66725277925773        1.03740424847592
H            0.21192590112562        0.88982571358596       -1.21211621161367
H            0.55196965889673       -1.71960757832370        0.34138662918964
H            0.12758959778831       -1.58858625807805       -1.36045387203612
H            2.56703433552435       -2.03499672473076       -1.07651144052168
H            2.28974381975001       -0.48256243598105       -1.85965551678091
H            2.93619490121284       -0.90148942500587        1.10304807895137
H            4.03177476024107       -0.24437639542909       -0.11085839138841
H            2.96566808089640        1.57574265872853        1.25124796263616
H            2.53651405943429        1.70617578835091       -0.45155236757652
H            0.80057044602715        0.47213005640302        1.75109458041859
H            0.51222090576132        2.02083400969942        0.96300211399055
24
 energy: -463.637161673693 gnorm: 0.001171498330 xtb: 6.7.1 (edcfbbe)
C           -3.42424787007776       -0.78943182719071       -0.03417076699419
O           -2.00467326754274       -0.79616701628160       -0.29945462145872
C           -1.35812888788344        0.34170490086162        0.05246354363389
O           -1.91861627062938        1.28768715211132        0.55770364028575
C            0.12084956307263        0.29871289922711       -0.28558532084649
C            0.68521712629073       -1.10072881719957       -0.55654743823691
C            2.17315333189039       -1.02573334169273       -0.91084131463481
C            2.97609157766047       -0.31149192224455        0.17737106408907
C            2.40942014667750        1.08418772380532        0.44481868888031
C            0.92524226712346        1.02174306701208        0.80666233591918
H           -3.78869309997295       -1.75643130375672       -0.38148261389998
H           -3.90876990195611        0.02659488435764       -0.57648125853523
H           -3.60982668206402       -0.66611370134305        1.03608232467719
H            0.21045793288729        0.89059646418784       -1.21195908468355
H            0.55047693295449       -1.71959464112767        0.34069416257396
H            0.12673658551026       -1.58717630713944       -1.36104184489223
H            2.56568699319684       -2.03556683286584       -1.07610349183274
H            2.29004966757698       -0.48309438166732       -1.85978398469440
H            2.93497855167880       -0.90164950645387        1.10371934960636
H            4.03188517110556       -0.24598621662345       -0.10973485393640
H            2.96682159569260        1.57652212623552        1.24976220309945
H            2.53709472866874        1.70557790105668       -0.45297455916573
H            0.80071494643396        0.47435490127494        1.75144247176489
H            0.51316929936823        2.02225199509786        0.96218897822227
24
 energy: -463.637166512360 gnorm: 0.001196600713 xtb: 6.7.1 (edcfbbe)
C           -3.42312504910756       -0.78996350039474       -0.03674236197742
O           -2.00441656075998       -0.79409858542802       -0.30364598830240
C           -1.35743789201962        0.34047923740507        0.05683814481759
O           -1.91723042749780        1.28233673379882        0.57078806644837
C            0.12073233618408        0.29992257738161       -0.28480323282254
C            0.68428654706528       -1.09958383147881       -0.55703757709722
C            2.17252982326711       -1.02599932965435       -0.91032470211757
C            2.97608419597447       -0.31213404284686        0.17783882642029
C            2.41002736107735        1.08421801037346        0.44359264665959
C            0.92579632617648        1.02385745515549        0.80590568397817
H           -3.78642814425462       -1.75863407733143       -0.38089015900844
H           -3.91041147550892        0.02352551920942       -0.58066110389490
H           -3.60859665313331       -0.66390881219718        1.03340631265260
H            0.20810135354501        0.89131047082204       -1.21182880143232
H            0.54855287701509       -1.71934257151384        0.33960650024499
H            0.12575173899858       -1.58523605726043       -1.36205720557061
H            2.56414926346284       -2.03629697244084       -1.07499256560927
H            2.29045343062820       -0.48388947559846       -1.85953757880683
H            2.93256024956760       -0.90138401657163        1.10473303634110
H            4.03239331899438       -0.24861593412427       -0.10792037315890
H            2.96811803130816        1.57738929344579        1.24753314607848
H            2.53786081078550        1.70423928220450       -0.45523990732424
H            0.80100766926880        0.47785974638261        1.75153769939800
H            0.51433128498743        2.02471697682604        0.96064919135011
24
 energy: -463.637169658062 gnorm: 0.001940787297 xtb: 6.7.1 (edcfbbe)
C           -3.42161059210458       -0.79070824769573       -0.04408543447382
O           -2.00555282085870       -0.78789385329723       -0.31700575452120
C           -1.35638119202921        0.33661711259226        0.06823939124727
O           -1.91307100604524        1.26684801051488        0.60748795451019
C            0.11993358272203        0.30228828045472       -0.28259190755509
C            0.68299143620007       -1.09721690145155       -0.55693318398681
C            2.17148436126957       -1.02701847354331       -0.90921263616196
C            2.97468808838503       -0.31353035960274        0.17943054053459
C            2.41219702575557        1.08523799558625        0.43991296288692
C            0.92824022022811        1.02839023358817        0.80354195239601
H           -3.78182787952450       -1.76299297407097       -0.38110022433991
H           -3.91675736548107        0.01651575903621       -0.59073085002665
H           -3.60489055203169       -0.65912737534097        1.02579903137041
H            0.20113870921526        0.89233325838473       -1.21123693832037
H            0.54526904023962       -1.71851598685175        0.33842867180201
H            0.12424704626367       -1.58031760917361       -1.36327641756350
H            2.56095328349336       -2.03840543760804       -1.07235299458753
H            2.29172889782233       -0.48595464076516       -1.85879311278111
H            2.92596371659851       -0.90026795100660        1.10773176513876
H            4.03196466229091       -0.25445460259839       -0.10352112148223
H            2.97168836362070        1.58065639406337        1.24149058713488
H            2.54064720948880        1.70120083338021       -0.46174450413021
H            0.80332287346378        0.48658233816373        1.75163579509867
H            0.51872325514810        2.03050224003732        0.95563418740613
24
 energy: -463.637173819062 gnorm: 0.000800717266 xtb: 6.7.1 (edcfbbe)
C           -3.42308372415712       -0.79009166544846       -0.04361929906653
O           -2.00673946671486       -0.78771657628261       -0.31708427816120
C           -1.35680015657275        0.33716734700840        0.06603467181648
O           -1.91283717965888        1.26754094648963        0.60399551467202
C            0.12002605533191        0.30127761183395       -0.28235935144661
C            0.68352719635004       -1.09833509727547       -0.55617335588575
C            2.17175973595764       -1.02666767451960       -0.90901158690268
C            2.97530517833865       -0.31302322253121        0.17902231362678
C            2.41187587019513        1.08508178260123        0.44001369539160
C            0.92814610319084        1.02780407328948        0.80394761567558
H           -3.78352983609953       -1.76132962363896       -0.38270545000493
H           -3.91748122768844        0.01841718882777       -0.58858681016730
H           -3.60507299468774       -0.66069368494963        1.02636676073892
H            0.20159645404855        0.89104943648894       -1.21095025300976
H            0.54695145921976       -1.71882375968659        0.33970402149312
H            0.12465711026635       -1.58203002500348       -1.36203100833562
H            2.56191148517536       -2.03768311773863       -1.07253129120263
H            2.29112206504800       -0.48538582822029       -1.85841460602409
H            2.92775771653307       -0.89986556880273        1.10715223940085
H            4.03229555577724       -0.25304893395559       -0.10471763778992
H            2.97107292581150        1.58020549618006        1.24192983846312
H            2.54035035768216        1.70142884266559       -0.46117500099536
H            0.80392377128165        0.48569311636905        1.75177502867047
H            0.51835590971089        2.02979719643174        0.95616575914465
24
 energy: -463.637173819062 gnorm: 0.000800717266 xtb: 6.7.1 (edcfbbe)
C           -3.42308372415712       -0.79009166544846       -0.04361929906653
O           -2.00673946671486       -0.78771657628261       -0.31708427816120
C           -1.35680015657275        0.33716734700840        0.06603467181648
O           -1.91283717965888        1.26754094648963        0.60399551467202
C            0.12002605533191        0.30127761183395       -0.28235935144661
C            0.68352719635004       -1.09833509727547       -0.55617335588575
C            2.17175973595764       -1.02666767451960       -0.90901158690268
C            2.97530517833865       -0.31302322253121        0.17902231362678
C            2.41187587019513        1.08508178260123        0.44001369539160
C            0.92814610319084        1.02780407328948        0.80394761567558
H           -3.78352983609953       -1.76132962363896       -0.38270545000493
H           -3.91748122768844        0.01841718882777       -0.58858681016730
H           -3.60507299468774       -0.66069368494963        1.02636676073892
H            0.20159645404855        0.89104943648894       -1.21095025300976
H            0.54695145921976       -1.71882375968659        0.33970402149312
H            0.12465711026635       -1.58203002500348       -1.36203100833562
H            2.56191148517536       -2.03768311773863       -1.07253129120263
H            2.29112206504800       -0.48538582822029       -1.85841460602409
H            2.92775771653307       -0.89986556880273        1.10715223940085
H            4.03229555577724       -0.25304893395559       -0.10471763778992
H            2.97107292581150        1.58020549618006        1.24192983846312
H            2.54035035768216        1.70142884266559       -0.46117500099536
H            0.80392377128165        0.48569311636905        1.75177502867047
H            0.51835590971089        2.02979719643174        0.95616575914465
