12
 energy: -248.472465529223 gnorm: 0.001592366145 xtb: 6.7.1 (edcfbbe)
C           -1.96217384933678        0.45037248874187        0.06222338904063
C           -0.88580008380036       -0.61626217355732       -0.12364212383735
C            0.57137576714284       -0.17159642211486       -0.12100031518451
O            1.48121005002995       -0.98510740273931       -0.13967034321859
N            0.80384860538163        1.17455915268454       -0.11513113552304
H           -2.95403914447369       -0.00963275010846        0.07749785496851
H           -1.84003422135116        0.98577575925931        1.00959061628862
H           -1.96112682940420        1.17883010753485       -0.75576627617726
H           -1.03112652545131       -1.14786543598504       -1.07161675108995
H           -0.95903089499230       -1.38173778142839        0.65617262732407
H            0.06945315955510        1.85373670922385       -0.02834208169002
H            1.75973312700316        1.48665732457648       -0.06955406823878
12
 energy: -248.472467109945 gnorm: 0.001737919223 xtb: 6.7.1 (edcfbbe)
C           -1.96177825670551        0.45071581980759        0.06186635684031
C           -0.88552226836079       -0.61595081894069       -0.12233255937963
C            0.57155453237858       -0.17138580315396       -0.11564326284763
O            1.48129354669651       -0.98550753132918       -0.14307548760192
N            0.80366923215131        1.17439208227171       -0.11396208507394
H           -2.95320297805414       -0.01028091016217        0.07424789320234
H           -1.84291212430430        0.98577679705772        1.01023279910811
H           -1.95911367508224        1.18003626544048       -0.75551158421691
H           -1.02967177270034       -1.14698790317288       -1.07054844443042
H           -0.96009057333643       -1.38164228132520        0.65666743066203
H            0.06820585325124        1.85190004463810       -0.02498501687720
H            1.75985763364073        1.48666387485367       -0.07619493534657
12
 energy: -248.472473059524 gnorm: 0.000342078376 xtb: 6.7.1 (edcfbbe)
C           -1.96184892178504        0.45079293812607        0.06173082036290
C           -0.88528504725538       -0.61563503974114       -0.12150478060340
C            0.57177725100724       -0.17116385578162       -0.11898303428472
O            1.48137006926768       -0.98567907411249       -0.14430710163193
N            0.80392429094389        1.17439180857447       -0.11353712414397
H           -2.95320441637750       -0.01036947170715        0.07288976047656
H           -1.84445774145228        0.98598036172615        1.01032014549147
H           -1.95835776312382        1.18020186757124       -0.75558686074763
H           -1.02943719343320       -1.14751150318756       -1.06912186287646
H           -0.95993212701982       -1.38057327278678        0.65819382200680
H            0.06761805232455        1.85077223282028       -0.02330590249549
H            1.76012266836604        1.48652267505303       -0.07602685718458
12
 energy: -248.472474221594 gnorm: 0.000212400628 xtb: 6.7.1 (edcfbbe)
C           -1.96215817084400        0.45077179318347        0.06129695931013
C           -0.88513188891972       -0.61546456690908       -0.12079943993815
C            0.57189041718707       -0.17096954043563       -0.11996482022174
O            1.48119164986512       -0.98565129996730       -0.14687208617490
N            0.80432357118162        1.17443785948344       -0.11249308585225
H           -2.95368652051544       -0.01008461009232        0.07093558798736
H           -1.84598663605009        0.98557055037905        1.01013757843747
H           -1.95756541055317        1.18038386246156       -0.75578218749511
H           -1.02962862520076       -1.14869041645358       -1.06770368189043
H           -0.95918250238043       -1.37940777110899        0.66004856898622
H            0.06766737790189        1.85028668818315       -0.02104955120640
H            1.76055583562438        1.48654716783434       -0.07699295406245
12
 energy: -248.472474221594 gnorm: 0.000212400628 xtb: 6.7.1 (edcfbbe)
C           -1.96215817084400        0.45077179318347        0.06129695931013
C           -0.88513188891972       -0.61546456690908       -0.12079943993815
C            0.57189041718707       -0.17096954043563       -0.11996482022174
O            1.48119164986512       -0.98565129996730       -0.14687208617490
N            0.80432357118162        1.17443785948344       -0.11249308585225
H           -2.95368652051544       -0.01008461009232        0.07093558798736
H           -1.84598663605009        0.98557055037905        1.01013757843747
H           -1.95756541055317        1.18038386246156       -0.75578218749511
H           -1.02962862520076       -1.14869041645358       -1.06770368189043
H           -0.95918250238043       -1.37940777110899        0.66004856898622
H            0.06766737790189        1.85028668818315       -0.02104955120640
H            1.76055583562438        1.48654716783434       -0.07699295406245
