17
 energy: -29.507487898039 gnorm: 0.036099401938 xtb: 6.7.1 (edcfbbe)
C           -0.18531230167805       -2.33257957792935       -0.28969103848243
C            0.48493302993199       -0.99940493402864       -0.12035101125945
C            1.88522097003262       -0.95929593254009       -0.10898594992809
C            2.59854078128474        0.22179835514295        0.04106949745973
C            1.92422572369973        1.43013317807881        0.18713327489610
C            0.53984373944680        1.43675071336810        0.18005359134618
C           -0.16150686742977        0.24120562458950        0.02931848326893
N           -1.63877207622016        0.35414581690506        0.03587531839137
O           -2.29850988049181       -0.67389418998355       -0.06853068421881
O           -2.12399524352338        1.47399653291999        0.14643587533095
H           -0.82649953620901       -2.57165298193530        0.56194282677055
H           -0.83058029317482       -2.35043337316442       -1.17121105034506
H            0.57682140360881       -3.10874838006065       -0.39080846241137
H            2.42356696687502       -1.89497834928718       -0.22287248539159
H            3.68341328385361        0.19707677026502        0.04346586059416
H            2.46997693590766        2.35957738422610        0.30537167305403
H           -0.02009200342549        2.35616567828842        0.29027826775081
17
 energy: -29.509177814859 gnorm: 0.015722488794 xtb: 6.7.1 (edcfbbe)
C           -0.18809531693931       -2.31703501153781       -0.28784850107999
C            0.49086920259485       -0.99797687685275       -0.12042669424434
C            1.88568833907858       -0.95800498080496       -0.10889032795574
C            2.59154916800186        0.22121499608629        0.04090145996137
C            1.91587287569120        1.42381344398820        0.18620972699480
C            0.53610076570329        1.42467238531696        0.17875813813509
C           -0.16353563893282        0.23115888393345        0.02803435473082
N           -1.62045358601957        0.33804333515786        0.03388508648069
O           -2.27737638747781       -0.67922616190240       -0.06969672823457
O           -2.09886778746418        1.45012532657776        0.14390099455209
H           -0.82723818138354       -2.53925357903254        0.56601312451083
H           -0.83213937845529       -2.31769476787550       -1.16664581641239
H            0.55701863578243       -3.10416700923080       -0.39063588005214
H            2.42647811106420       -1.88761445216441       -0.22162589397491
H            3.67206731008921        0.20079853046636        0.04398658148645
H            2.45827188613740        2.35032991981061        0.30393677981502
H           -0.02493538498198        2.34067835291846        0.28863758211291
17
 energy: -29.509421902099 gnorm: 0.007711184591 xtb: 6.7.1 (edcfbbe)
C           -0.18917321829975       -2.31064512898583       -0.28711986262811
C            0.49557505458831       -0.99775788500033       -0.12032350877564
C            1.88855144710346       -0.95850346466496       -0.10885398795341
C            2.59033998172295        0.22146973031640        0.04091158293470
C            1.91213207267728        1.42203918808164        0.18592170663624
C            0.53428452970111        1.41944538048867        0.17818144896993
C           -0.16840159340803        0.22615838935154        0.02746250815026
N           -1.61163769648558        0.33014937859339        0.03298216025738
O           -2.27044390085379       -0.68141584776654       -0.06999220696562
O           -2.08805308464335        1.44000310353372        0.14204394281108
H           -0.82859117389854       -2.52432652302772        0.56745624721559
H           -0.83462454166602       -2.30234060133068       -1.16359869302975
H            0.54480710293533       -3.10608705530413       -0.39162149955115
H            2.43109712424352       -1.88534953858488       -0.22121575600372
H            3.66939097241519        0.20472255424270        0.04444317284636
H            2.45260091479790        2.34768687972520        0.30348034710889
H           -0.02657935844149        2.33461377518659        0.28833638480295
17
 energy: -29.509451173263 gnorm: 0.003952782029 xtb: 6.7.1 (edcfbbe)
C           -0.18925629375428       -2.31009133888586       -0.28707532134105
C            0.49720979498862       -0.99782820354545       -0.12031093384225
C            1.89001356541378       -0.95898035706188       -0.10887514328696
C            2.59118558633326        0.22161833794671        0.04096087623403
C            1.91179458112949        1.42202618763857        0.18599572693344
C            0.53435492424048        1.41872786113959        0.17820210987245
C           -0.17063409126051        0.22540249691910        0.02732699417670
N           -1.61025344372184        0.32891191170812        0.03233317629707
O           -2.27146149521680       -0.68205124118242       -0.06957077495590
O           -2.08801238361236        1.43931013358879        0.14146653346274
H           -0.82882903876937       -2.52245070510828        0.56785568704044
H           -0.83581363740703       -2.29999943146345       -1.16284212069919
H            0.54217445959202       -3.10753654090100       -0.39245006221439
H            2.43277624560847       -1.88565939296129       -0.22116515826639
H            3.67036264807282        0.20630126291095        0.04466106811374
H            2.45180750258679        2.34790686148421        0.30353742625737
H           -0.02614429173504        2.33425449262840        0.28844390304414
17
 energy: -29.509459506218 gnorm: 0.000921551640 xtb: 6.7.1 (edcfbbe)
C           -0.18922980047919       -2.31019385056158       -0.28713533896670
C            0.49802579169681       -0.99778575205787       -0.12027720919036
C            1.89072801382145       -0.95926778426649       -0.10889402472005
C            2.59199218982676        0.22162719590783        0.04097342228741
C            1.91185441783182        1.42207872690031        0.18605088190614
C            0.53464022860781        1.41867815381146        0.17829659413563
C           -0.17208776105775        0.22535394975198        0.02757026480102
N           -1.60938596822638        0.32838695659187        0.03361563717268
O           -2.27287554121087       -0.68235015796211       -0.06964021771993
O           -2.08920981442590        1.43967003561338        0.13955554844012
H           -0.82846484240489       -2.52259456785603        0.56829568585387
H           -0.83693504965564       -2.29944629260259       -1.16228113853325
H            0.54147525698119       -3.10815395312392       -0.39351992977057
H            2.43322466747445       -1.88623641701827       -0.22127285481475
H            3.67142442318761        0.20722688249024        0.04468418708386
H            2.45170440867617        2.34825458192502        0.30369388636609
H           -0.02560598815494        2.33461462731158        0.28877859249479
17
 energy: -29.509452274323 gnorm: 0.002407917081 xtb: 6.7.1 (edcfbbe)
C           -0.18916914428869       -2.31043975310296       -0.28725359243777
C            0.49794961441956       -0.99770653565827       -0.12028901107983
C            1.89060622262537       -0.95928629416629       -0.10873698186718
C            2.59221604386672        0.22151540809863        0.04123018894651
C            1.91196768385775        1.42204875036899        0.18629486989861
C            0.53477943419978        1.41893449528986        0.17825705089086
C           -0.17235008219080        0.22574112889231        0.02678934805666
N           -1.60886627640477        0.32903044086895        0.02886565466936
O           -2.27336876784376       -0.68258234792640       -0.06640245029678
O           -2.09002960008171        1.43978455012814        0.14100267589197
H           -0.82787573100037       -2.52356426843683        0.56850967603112
H           -0.83751617880676       -2.29970972895074       -1.16202086539138
H            0.54203658845563       -3.10793374201093       -0.39435309283679
H            2.43274012764815       -1.88659282485848       -0.22108939853964
H            3.67175253348283        0.20723186977618        0.04523843930621
H            2.45187732344418        2.34834086018162        0.30401151691577
H           -0.02547515889460        2.33505032636099        0.28843995866829
17
 energy: -29.509459945001 gnorm: 0.000793581378 xtb: 6.7.1 (edcfbbe)
C           -0.18919006541352       -2.31038070601273       -0.28724317813308
C            0.49773457335975       -0.99770525075261       -0.12028693425248
C            1.89041564364234       -0.95919891546676       -0.10879801782201
C            2.59200780374107        0.22151790123687        0.04114565433863
C            1.91195272185322        1.42203743559492        0.18622595945319
C            0.53471039441893        1.41894941364195        0.17830735957293
C           -0.17199755414876        0.22571147554912        0.02718899340129
N           -1.60901239425474        0.32885268106022        0.03117615289372
O           -2.27293958888557       -0.68242146874718       -0.06754591839063
O           -2.08972547508231        1.43977809409147        0.13977487777207
H           -0.82778252436376       -2.52355762531516        0.56852050160555
H           -0.83744980315524       -2.29975349782302       -1.16200986527546
H            0.54218116285034       -3.10773184155670       -0.39432548671976
H            2.43260447522155       -1.88643055373264       -0.22117979975295
H            3.67147052068033        0.20702019069615        0.04501566322976
H            2.45190853398328        2.34824414912545        0.30392665562413
H           -0.02561379195843        2.33493085326545        0.28860136928110
17
 energy: -29.509460799949 gnorm: 0.000383300567 xtb: 6.7.1 (edcfbbe)
C           -0.18921338760948       -2.31030922936392       -0.28731643901080
C            0.49759229972008       -0.99771302104177       -0.12030748731886
C            1.89030360788205       -0.95914344372424       -0.10880942024829
C            2.59186808599841        0.22151204756972        0.04117327244966
C            1.91193588694451        1.42202871128422        0.18623839205221
C            0.53466178122171        1.41897305441025        0.17832809599505
C           -0.17179391988135        0.22568815231755        0.02745847123609
N           -1.60898313168748        0.32867780546444        0.03294071481090
O           -2.27261995755186       -0.68237931353158       -0.06760650465647
O           -2.08951290327552        1.43981122479780        0.13789271990983
H           -0.82725818722525       -2.52377707446131        0.56873356570512
H           -0.83791330637606       -2.29952756365877       -1.16170334417672
H            0.54222082180592       -3.10752762862579       -0.39500258254478
H            2.43253162751681       -1.88632019891292       -0.22123254544331
H            3.67127023219797        0.20687883689493        0.04499089465222
H            2.45192424886440        2.34816148355162        0.30399184759392
H           -0.02573916605637        2.33482849188455        0.28872433582023
17
 energy: -29.509461117774 gnorm: 0.000051354004 xtb: 6.7.1 (edcfbbe)
C           -0.18921219475503       -2.31031993088112       -0.28737383957070
C            0.49761987042862       -0.99771833741772       -0.12030787132331
C            1.89033214036294       -0.95915794959858       -0.10878046048379
C            2.59190064456042        0.22150581662837        0.04124514326593
C            1.91194585932142        1.42203102950227        0.18630571343547
C            0.53467982358700        1.41898236768459        0.17834006600067
C           -0.17183572262232        0.22570320048520        0.02737270463055
N           -1.60896330069670        0.32873849368164        0.03235658684300
O           -2.27269547749712       -0.68246756607512       -0.06676951491650
O           -2.08957951526454        1.43987248151952        0.13755320478683
H           -0.82697091823054       -2.52398776094698        0.56885717669262
H           -0.83823053868844       -2.29939412038316       -1.16153551939227
H            0.54220848461470       -3.10749832625399       -0.39545930910827
H            2.43254967460302       -1.88635070189317       -0.22119769721796
H            3.67131824007552        0.20689134068998        0.04513021613210
H            2.45193248233175        2.34817614964702        0.30407734295956
H           -0.02572491964220        2.33485614846603        0.28868004409206
17
 energy: -29.509461275918 gnorm: 0.000091868652 xtb: 6.7.1 (edcfbbe)
C           -0.18921527467129       -2.31030786594612       -0.28748810160186
C            0.49762684699018       -0.99772223792212       -0.12031194601227
C            1.89034108404528       -0.95916643417998       -0.10873297586079
C            2.59190583342975        0.22149257373552        0.04136918432453
C            1.91194793141631        1.42202541124639        0.18641223111092
C            0.53468563772053        1.41898657151290        0.17836379148258
C           -0.17183954938816        0.22570647425334        0.02734839248210
N           -1.60894345906281        0.32875831086370        0.03215830082550
O           -2.27270948109931       -0.68259375183757       -0.06549368443636
O           -2.08958853287050        1.44000049321189        0.13627411604258
H           -0.82635285737418       -2.52437511737227        0.56911538012862
H           -0.83886360639704       -2.29909333905794       -1.16117972303609
H            0.54219426161450       -3.10738642636186       -0.39639421467393
H            2.43255756935262       -1.88635972287139       -0.22117693040739
H            3.67132882890745        0.20687504237928        0.04531437344911
H            2.45193745574890        2.34816707976971        0.30423196653943
H           -0.02573805587374        2.33485527343129        0.28868382646931
17
 energy: -29.509463138077 gnorm: 0.001412662244 xtb: 6.7.1 (edcfbbe)
C           -0.18928309562925       -2.31003867250763       -0.28958527325745
C            0.49769748213771       -0.99775863875961       -0.12040563370498
C            1.89043872132718       -0.95928270165440       -0.10797343135956
C            2.59194399602479        0.22126325818537        0.04347419581748
C            1.91197114728583        1.42189036639918        0.18829175353701
C            0.53475353627807        1.41903061796412        0.17877168130394
C           -0.17183547307354        0.22575164795693        0.02701481762855
N           -1.60869267164292        0.32896722710858        0.02971255073125
O           -2.27279207302799       -0.68487803468544       -0.04260597060927
O           -2.08963776497892        1.44228170967442        0.11258028435972
H           -0.81548167635923       -2.53112661774440        0.57353004536057
H           -0.84991514646300       -2.29372689197742       -1.15504661575892
H            0.54195296753969       -3.10532925983028       -0.41290243071877
H            2.43265271141582       -1.88646280401872       -0.22077480803686
H            3.67141579042363        0.20653866567769        0.04856453283413
H            2.45201133004418        2.34792485448260        0.30704470321619
H           -0.02592514881352        2.33481760858378        0.28880358548296
17
 energy: -29.509464966008 gnorm: 0.002700321853 xtb: 6.7.1 (edcfbbe)
C           -0.18938646478878       -2.30968969580163       -0.29179235926855
C            0.49775333130487       -0.99777028244571       -0.12052820982986
C            1.89050682440579       -0.95939171113190       -0.10719405629852
C            2.59192938896157        0.22102225300233        0.04569457576854
C            1.91195579201432        1.42172254680763        0.19029513858242
C            0.53477027969777        1.41902878066096        0.17936714964286
C           -0.17180847588361        0.22576408376109        0.02681979897028
N           -1.60847040887629        0.32908800761315        0.02770177143134
O           -2.27261578080006       -0.68696469480325       -0.01842322442882
O           -2.08952874641612        1.44435693687203        0.08679003141439
H           -0.80397411219529       -2.53821397290062        0.57801713464673
H           -0.86146803159622       -2.28810974475995       -1.14846129754048
H            0.54150578085445       -3.10303350639352       -0.43027237910032
H            2.43274353707873       -1.88651201196981       -0.22046388358686
H            3.67142657850130        0.20618429025299        0.05184175053636
H            2.45203344594523        2.34763017714174        0.30998577013471
H           -0.02609830571917        2.33475087894926        0.28911627575176
17
 energy: -29.509469320750 gnorm: 0.003397058642 xtb: 6.7.1 (edcfbbe)
C           -0.18954353442179       -2.30929727869328       -0.29373640234852
C            0.49779313023733       -0.99774632348188       -0.12070186753446
C            1.89054388081516       -0.95947083143018       -0.10657130476509
C            2.59187145279322        0.22082296766402        0.04761171351863
C            1.91191229541931        1.42155322086213        0.19213261046459
C            0.53473870789232        1.41898561440193        0.18007943688673
C           -0.17174277991917        0.22574999775162        0.02675189718380
N           -1.60830536794158        0.32906785642218        0.02633129963847
O           -2.27214009999325       -0.68834411313451        0.00306874879921
O           -2.08930066017920        1.44563468832820        0.06302876852647
H           -0.79347031199439       -2.54452632653424        0.58195226196714
H           -0.87186131197577       -2.28313708697405       -1.14224474699496
H            0.54080940113271       -3.10079316688891       -0.44586568591027
H            2.43282343641337       -1.88650542288737       -0.22026374612057
H            3.67136686372560        0.20587273687529        0.05464184166812
H            2.45201044246631        2.34733070963683        0.31265154160929
H           -0.02623091198170        2.33466509293700        0.28962762023742
17
 energy: -29.509472973040 gnorm: 0.007114291383 xtb: 6.7.1 (edcfbbe)
C           -0.19016127608658       -2.30800208812367       -0.29921071972981
C            0.49791334727315       -0.99759266270400       -0.12137069488207
C            1.89061601536014       -0.95966204610363       -0.10495584034277
C            2.59163047156112        0.22029171543584        0.05296585911206
C            1.91172623162247        1.42102220582137        0.19747223054275
C            0.53454012686178        1.41877543154335        0.18241645885170
C           -0.17143213720818        0.22566068764110        0.02673365911049
N           -1.60790708072772        0.32866914700162        0.02358823819134
O           -2.27016369591546       -0.69109446242772        0.06398522595068
O           -2.08832081951808        1.44781247441812       -0.00634958455767
H           -0.76306552740218       -2.56236480235950        0.59297512206250
H           -0.90159821172565       -2.26907489255645       -1.12377888598922
H            0.53809769976234       -3.09398481072958       -0.49037954990647
H            2.43305716846039       -1.88638448033188       -0.21993360982232
H            3.67106876291182        0.20503422232434        0.06229818814313
H            2.45184231338793        2.34639427924938        0.32042278607291
H           -0.02656875612877        2.33436241675608        0.29161510401877
17
 energy: -29.509498949739 gnorm: 0.001324161628 xtb: 6.7.1 (edcfbbe)
C           -0.19020868932463       -2.30804007734684       -0.29766440885308
C            0.49781816627657       -0.99747538144347       -0.12167507244525
C            1.89048036705553       -0.95953998130936       -0.10558066564236
C            2.59147568264305        0.22046778444570        0.05150031608895
C            1.91163454393194        1.42109132623543        0.19623799902713
C            0.53438915039188        1.41866700076406        0.18249901671628
C           -0.17135051407843        0.22560306134510        0.02696223171709
N           -1.60814154806241        0.32837047581529        0.02589289586909
O           -2.26955042914964       -0.68854920213136        0.04699482335089
O           -2.08788089257743        1.44512235079674        0.00985282130581
H           -0.76999107562645       -2.55761962939677        0.58997397180767
H           -0.89421992659972       -2.27304820420019       -1.12722957223719
H            0.53773565464594       -3.09507206731517       -0.47905862660122
H            2.43299018309338       -1.88619404388241       -0.22026569849466
H            3.67082850079158        0.20523928956508        0.05988891564806
H            2.45170355474936        2.34650173522046        0.31839613087458
H           -0.02643809567202        2.33433789769250        0.29176890869420
17
 energy: -29.509518227404 gnorm: 0.002362132138 xtb: 6.7.1 (edcfbbe)
C           -0.19102094388352       -2.30697871579282       -0.30139192496671
C            0.49811517497236       -0.99726270155698       -0.12206834606252
C            1.89067679704933       -0.95963917826940       -0.10490370139527
C            2.59154389878660        0.22023582720113        0.05459486514343
C            1.91162469519928        1.42074775767421        0.19961625227786
C            0.53428999134251        1.41872130065800        0.18264079414061
C           -0.17087354066225        0.22568575748896        0.02631658679787
N           -1.60786652131496        0.32738148512973        0.02583559650956
O           -2.26841064476428       -0.68903768793240        0.08834769996310
O           -2.08712954434836        1.44352654534461       -0.03696842029162
H           -0.75066822384737       -2.56825509204903        0.59599702886610
H           -0.91288096126642       -2.26382283270797       -1.11521176250305
H            0.53476307309821       -3.09020609135934       -0.50732243941850
H            2.43317523899357       -1.88624513471199       -0.22003062163281
H            3.67085615732295        0.20489600708396        0.06526968644173
H            2.45162177405842        2.34581824314710        0.32476660709092
H           -0.02654178824758        2.33429684550701        0.29300608586529
17
 energy: -29.509523825902 gnorm: 0.005243065257 xtb: 6.7.1 (edcfbbe)
C           -0.19213114860588       -2.30573444887466       -0.30534220328542
C            0.49861086930055       -0.99702869590264       -0.12264858794565
C            1.89103157242078       -0.95978705028531       -0.10415202430658
C            2.59167878492180        0.21996348908899        0.05834163354517
C            1.91162482654938        1.42033805597734        0.20337615187620
C            0.53416997487481        1.41879663179263        0.18300155411807
C           -0.17009213768614        0.22577321322052        0.02560512925507
N           -1.60729715767378        0.32627999134756        0.02549242352657
O           -2.26705799431110       -0.68887899799412        0.13271460414396
O           -2.08645351565961        1.43997848432994       -0.08526130409178
H           -0.73141655833748       -2.57881153906072        0.60152788872894
H           -0.93162623833795       -2.25379176815588       -1.10319624936256
H            0.53105654253670       -3.08509310266667       -0.53626401712718
H            2.43350510593707       -1.88634133581964       -0.21993563339392
H            3.67094022010361        0.20464546554312        0.07120373218394
H            2.45151168513687        2.34514520320706        0.33109667971696
H           -0.02678019868113        2.33440873910724        0.29293420924420
17
 energy: -29.509536905268 gnorm: 0.001962095822 xtb: 6.7.1 (edcfbbe)
C           -0.19229105955678       -2.30584950115787       -0.30465915078223
C            0.49881356313287       -0.99708197871871       -0.12217472557130
C            1.89120533092045       -0.95979945836387       -0.10449118818950
C            2.59192077984873        0.22009101188093        0.05744224864201
C            1.91175212652714        1.42042093828383        0.20253485859056
C            0.53426371371650        1.41895325992620        0.18200971304060
C           -0.16995739797138        0.22581287428596        0.02562394260120
N           -1.60720111589513        0.32606024752692        0.02628205602429
O           -2.26755198423480       -0.68801498276860        0.12571316501579
O           -2.08690595849732        1.43811775646317       -0.07643776894173
H           -0.73642565984639       -2.57582141153943        0.59928115803420
H           -0.92689367202915       -2.25533149478604       -1.10622838336069
H            0.53088978425501       -3.08601070588644       -0.52958900401970
H            2.43356806748357       -1.88649523448591       -0.22012653294452
H            3.67122143649084        0.20494565705278        0.07040519741264
H            2.45159169687033        2.34529928373596        0.33052680264017
H           -0.02672501872599        2.33456607340589        0.29238159863420
17
 energy: -29.509550193779 gnorm: 0.001562625651 xtb: 6.7.1 (edcfbbe)
C           -0.19327859047729       -2.30497275714589       -0.30648159192904
C            0.49940601279671       -0.99719059320948       -0.12140184647537
C            1.89166593855984       -0.95999972059772       -0.10397788723742
C            2.59201493381109        0.21998676325331        0.05953100443821
C            1.91170112953929        1.42015063999386        0.20480331722321
C            0.53411102079201        1.41881811991110        0.18399490407424
C           -0.16921902987056        0.22546034406162        0.02742215232904
N           -1.60633890884991        0.32540527554439        0.02546989175760
O           -2.26569809545468       -0.68611505655515        0.15078065733223
O           -2.08708632267517        1.43366917218047       -0.10552695346132
H           -0.72711761671849       -2.58165020403632        0.60150042294041
H           -0.93635106478116       -2.24886003110495       -1.09977144081417
H            0.52774951853916       -3.08312346658521       -0.54492110926022
H            2.43409438676302       -1.88645341164067       -0.22135965525081
H            3.67129603334263        0.20518026809697        0.07267534891863
H            2.45144614169382        2.34505366031341        0.33297358281459
H           -0.02712085452182        2.33450333237502        0.29278318942619
17
 energy: -29.509541337867 gnorm: 0.006992273195 xtb: 6.7.1 (edcfbbe)
C           -0.19519959923104       -2.30286558542401       -0.31176823517137
C            0.50019132490483       -0.99720828705703       -0.12200261296652
C            1.89229283997083       -0.96022774635090       -0.10267100769248
C            2.59175460010742        0.21986000849070        0.06467754188433
C            1.91148933416965        1.41985243918324        0.21039872719096
C            0.53368221073114        1.41892271332427        0.18605419554982
C           -0.16782219980124        0.22508443854692        0.02765289757942
N           -1.60453964530586        0.32388034926634        0.02205230484237
O           -2.26199128819559       -0.68157471029246        0.21806028058258
O           -2.08511744458071        1.42417620482583       -0.17643324240820
H           -0.70430961529585       -2.59610551164393        0.60588046831841
H           -0.95899710206096       -2.23568532954216       -1.08464906763349
H            0.52076903439694       -3.07584240642800       -0.58159460607772
H            2.43513828003441       -1.88606988674811       -0.22239642457497
H            3.67102076590327        0.20527214910350        0.07916838041590
H            2.45128312437612        2.34439483364433        0.34085019987011
H           -0.02836998763485        2.33399866195623        0.29521418711684
17
 energy: -29.509565740418 gnorm: 0.001818823768 xtb: 6.7.1 (edcfbbe)
C           -0.19455322428135       -2.30353287622436       -0.30960113717400
C            0.49988734966360       -0.99733913326861       -0.12177103510119
C            1.89208702168144       -0.96013175987381       -0.10311525375704
C            2.59164288579960        0.21999169659055        0.06275471207603
C            1.91147183021866        1.42005962264827        0.20870979104093
C            0.53375371941747        1.41878944891137        0.18662147896430
C           -0.16830404122880        0.22499693144067        0.02825039465659
N           -1.60486747692786        0.32445616495265        0.02172572325609
O           -2.26251932081775       -0.68172734815536        0.19458970951841
O           -2.08549312942704        1.42645633653168       -0.15183837161263
H           -0.71366933866803       -2.59099996039151        0.60380508616924
H           -0.95012999429480       -2.24066020249766       -1.09039599489109
H            0.52295102356780       -3.07854125378774       -0.56739188483113
H            2.43498861818733       -1.88597169045743       -0.22245290239513
H            3.67094455149793        0.20537075609049        0.07577443151761
H            2.45135038083576        2.34476732485891        0.33736599206335
H           -0.02826622273546        2.33387827748667        0.29546324732566
17
 energy: -29.509567758505 gnorm: 0.000360993079 xtb: 6.7.1 (edcfbbe)
C           -0.19459784693883       -2.30343642674242       -0.31021365479608
C            0.49991431010365       -0.99729057821632       -0.12149921301060
C            1.89215548124419       -0.96015341531809       -0.10324020719291
C            2.59184875260891        0.21999223554627        0.06234194661579
C            1.91157840816605        1.42012821479756        0.20835312118766
C            0.53393236855241        1.41897010824299        0.18544205213425
C           -0.16843099694689        0.22521236059539        0.02748384164678
N           -1.60511043165863        0.32405521607297        0.02282270182345
O           -2.26196182412279       -0.68104619004431        0.19786801247797
O           -2.08656901587895        1.42531951890704       -0.15330084645820
H           -0.71412230807540       -2.59032650334807        0.60300436477281
H           -0.94989347970651       -2.24067175041203       -1.09139551514771
H            0.52299261006056       -3.07865474255430       -0.56745316293586
H            2.43496939187228       -1.88621030391268       -0.22181502936320
H            3.67119193372303        0.20518625162952        0.07665245634862
H            2.45142799260057        2.34468044772475        0.33863689787459
H           -0.02805071311514        2.33410789188648        0.29480622084863
17
 energy: -29.509567712254 gnorm: 0.000722899794 xtb: 6.7.1 (edcfbbe)
C           -0.19467586570337       -2.30335709502585       -0.31061140297007
C            0.50005618374632       -0.99725336658334       -0.12191704969436
C            1.89226884046085       -0.96016789591176       -0.10312248849337
C            2.59191447192129        0.21992773775161        0.06305427362235
C            1.91152931217323        1.42008417720392        0.20864402213035
C            0.53391192464636        1.41889763289475        0.18518933521093
C           -0.16838150722442        0.22520714477162        0.02671157358249
N           -1.60510643917718        0.32357815590728        0.02194899545179
O           -2.26177213590749       -0.68051792894382        0.20154409989910
O           -2.08664421292606        1.42497453646043       -0.15369317459688
H           -0.71463856294844       -2.59007659102970        0.60240450159878
H           -0.94953229083244       -2.24050959077872       -1.09220753636239
H            0.52287710918173       -3.07869467647877       -0.56753982633078
H            2.43507251456714       -1.88624420919599       -0.22165668234058
H            3.67126185293310        0.20520917474001        0.07728891795552
H            2.45132389332138        2.34470898047183        0.33868889592990
H           -0.02819045574350        2.33409614860128        0.29376753223322
17
 energy: -29.509568564035 gnorm: 0.000288991775 xtb: 6.7.1 (edcfbbe)
C           -0.19482970254225       -2.30317664445109       -0.31077648279769
C            0.50013386194580       -0.99716077733114       -0.12216356267764
C            1.89231356469841       -0.96015509975867       -0.10304538706163
C            2.59192918439342        0.21989554745519        0.06349342363049
C            1.91155201056043        1.42006694635732        0.20878744371648
C            0.53392810245545        1.41889103337962        0.18536808457750
C           -0.16826295223915        0.22521472703023        0.02688630864699
N           -1.60499772722230        0.32345071020590        0.02307112299692
O           -2.26163764967065       -0.68078503369653        0.20291931092607
O           -2.08654187477056        1.42445328739557       -0.15544287942914
H           -0.71493345620570       -2.59002955005196        0.60214537802885
H           -0.94946743525996       -2.24012086052868       -1.09253616532913
H            0.52260931655573       -3.07855417615520       -0.56777119891582
H            2.43509728485767       -1.88620140413437       -0.22178943150338
H            3.67126007424993        0.20523138294558        0.07748560655937
H            2.45135290868570        2.34473677961308        0.33837367683828
H           -0.02823087800347        2.33410546657993        0.29348873861947
17
 energy: -29.509568962812 gnorm: 0.000193992221 xtb: 6.7.1 (edcfbbe)
C           -0.19488734379827       -2.30308302874047       -0.31108211612036
C            0.50019478923090       -0.99723597596388       -0.12178829253306
C            1.89236034501129       -0.96018985685297       -0.10302918665526
C            2.59190824005077        0.21996694250987        0.06314253737510
C            1.91153336470590        1.42011194532773        0.20843454956338
C            0.53387628977820        1.41893786586709        0.18519606613474
C           -0.16819066445361        0.22513849540781        0.02729437762195
N           -1.60492327333652        0.32339618360897        0.02348714684215
O           -2.26154846025115       -0.68062272613611        0.20558755769421
O           -2.08639178012339        1.42395812215266       -0.15795126144291
H           -0.71501775450201       -2.59020483629351        0.60171147433867
H           -0.94948795406563       -2.23960494911290       -1.09286090576187
H            0.52244241484449       -3.07847844394401       -0.56836281529590
H            2.43517565274384       -1.88622553260473       -0.22166742511754
H            3.67121933829459        0.20522867838779        0.07809237885183
H            2.45132811779962        2.34470530031965        0.33856070015408
H           -0.02831668944052        2.33406415092177        0.29372920117677
17
 energy: -29.509569507680 gnorm: 0.000249074673 xtb: 6.7.1 (edcfbbe)
C           -0.19510425723176       -2.30283973970377       -0.31168043293025
C            0.50034151588502       -0.99727671824380       -0.12162552621069
C            1.89248122795554       -0.96025125978055       -0.10285219807763
C            2.59192303018740        0.21998292746426        0.06351055332688
C            1.91152773354435        1.42010713290169        0.20866733564075
C            0.53383162527844        1.41896970380617        0.18527983931067
C           -0.16804258195657        0.22506501424768        0.02758144321707
N           -1.60478145696242        0.32309139411201        0.02387629281174
O           -2.26103725158385       -0.68021548369337        0.21142966998727
O           -2.08640422293815        1.42265547137401       -0.16304328243496
H           -0.71521477108188       -2.59042771732621        0.60094468835645
H           -0.94971061315259       -2.23858099831023       -1.09341323435531
H            0.52196161835067       -3.07828036448734       -0.56959650601137
H            2.43535018802692       -1.88623941660614       -0.22160029821956
H            3.67123506776875        0.20531610981192        0.07857222430641
H            2.45132000887567        2.34472966986719        0.33861204138080
H           -0.02840222847705        2.33405660942124        0.29383137672772
17
 energy: -29.509570016946 gnorm: 0.000159650112 xtb: 6.7.1 (edcfbbe)
C           -0.19538073541800       -2.30256419740888       -0.31227005213923
C            0.50048915547649       -0.99728265665422       -0.12168232870396
C            1.89259635054171       -0.96027903678281       -0.10273929937314
C            2.59193753514999        0.22001435065990        0.06386030760243
C            1.91151793208517        1.42008609319798        0.20914036921707
C            0.53378591267780        1.41892505066315        0.18577554469613
C           -0.16787108207683        0.22498733542992        0.02776647233220
N           -1.60460251682483        0.32276626080987        0.02380086588429
O           -2.26035092781339       -0.67948707455866        0.21841985037553
O           -2.08641668829973        1.42103325306901       -0.16973309707948
H           -0.71466829955843       -2.59099088404801        0.60055050394617
H           -0.95064922439632       -2.23741905553135       -1.09330503916155
H            0.52128572937954       -3.07786455230361       -0.57167462287105
H            2.43553789003707       -1.88620580720129       -0.22159957810201
H            3.67125814755954        0.20541911261869        0.07887264851537
H            2.45129227961999        2.34471761072519        0.33913109770840
H           -0.02848682565129        2.33400653216987        0.29418034397882
17
 energy: -29.509570261409 gnorm: 0.000087637241 xtb: 6.7.1 (edcfbbe)
C           -0.19551879291590       -2.30244411509090       -0.31250227751819
C            0.50054018346813       -0.99728121077795       -0.12169841318394
C            1.89263606251794       -0.96026800827353       -0.10277392287161
C            2.59193725089688        0.22000989021654        0.06419696018958
C            1.91150685745177        1.42004239123263        0.20976677439231
C            0.53376367062593        1.41889373935932        0.18606107719991
C           -0.16778378628460        0.22496263758346        0.02775921229149
N           -1.60451629942464        0.32264840444611        0.02341196515583
O           -2.26003727212811       -0.67879849932639        0.22258318674534
O           -2.08634700470523        1.42004735173533       -0.17461100224177
H           -0.71331623470343       -2.59172417884991        0.60089880344547
H           -0.95200699651342       -2.23671591953626       -1.09230956484594
H            0.52081262705718       -3.07745622544218       -0.57369257978495
H            2.43561658601181       -1.88612668526493       -0.22200369430372
H            3.67126596805838        0.20547554123455        0.07878826197933
H            2.45126511864736        2.34465941202819        0.33992793116572
H           -0.02854330557158        2.33393780958070        0.29469126901112
17
 energy: -29.509570437818 gnorm: 0.000079787945 xtb: 6.7.1 (edcfbbe)
C           -0.19563066664273       -2.30236128587466       -0.31255665073332
C            0.50056555869081       -0.99724051494538       -0.12188712353757
C            1.89266220254013       -0.96022528313282       -0.10300918553002
C            2.59194297335522        0.22001996890499        0.06427575433553
C            1.91149457470806        1.41998832063311        0.21032666529514
C            0.53375098972781        1.41884668214780        0.18646557834167
C           -0.16772209465336        0.22496449782216        0.02767927474715
N           -1.60445494927832        0.32259664239606        0.02290645721557
O           -2.25986725568317       -0.67823780593317        0.22514299592992
O           -2.08623634775117        1.41937841640308       -0.17843314946975
H           -0.71124867963138       -2.59263479734367        0.60178786974624
H           -0.95388608811437       -2.23616635757924       -1.09058888554001
H            0.52033022637506       -3.07694870892334       -0.57600860542809
H            2.43565625173339       -1.88605432896789       -0.22242472382518
H            3.67127201878647        0.20548459446438        0.07891141797360
H            2.45123068977870        2.34455430188552        0.34093242889675
H           -0.02858477145265        2.33389799289785        0.29497386840836
17
 energy: -29.509570565247 gnorm: 0.000096576949 xtb: 6.7.1 (edcfbbe)
C           -0.19569681305988       -2.30231029307951       -0.31250818192406
C            0.50056653029031       -0.99718772066135       -0.12205014218554
C            1.89266549338057       -0.96020060314500       -0.10309960820463
C            2.59194144969590        0.21999703117376        0.06451103918999
C            1.91150197834889        1.41997434929780        0.21067161430745
C            0.53376468035944        1.41888046999453        0.18647197830468
C           -0.16768003780625        0.22501212844368        0.02747655037059
N           -1.60441630590672        0.32256730292540        0.02239999465418
O           -2.25980838944954       -0.67798395231451        0.22596610064373
O           -2.08616059345617        1.41904522808891       -0.18059255389908
H           -0.70894067521386       -2.59355017916437        0.60289166219181
H           -0.95589902187631       -2.23574093202670       -1.08857829258705
H            0.51987989377725       -3.07645364416938       -0.57829738730134
H            2.43563648919934       -1.88600643104961       -0.22281167460240
H            3.67126867216945        0.20544937319669        0.07912868746722
H            2.45124202539925        2.34447022426189        0.34174686053885
H           -0.02859074336316        2.33389998308254        0.29516733986160
17
 energy: -29.509570619327 gnorm: 0.000048346535 xtb: 6.7.1 (edcfbbe)
C           -0.19566258860227       -2.30233104912597       -0.31250270673473
C            0.50054449972747       -0.99717340244473       -0.12209128697109
C            1.89264915520598       -0.96021207795995       -0.10308796644885
C            2.59192026723596        0.21997364709156        0.06456960868509
C            1.91148506019029        1.41995333840270        0.21074777444266
C            0.53375437958013        1.41889816791013        0.18643504576837
C           -0.16769882491414        0.22503894676318        0.02740856757787
N           -1.60442569633072        0.32263543357258        0.02227062163617
O           -2.25991013865154       -0.67794571124922        0.22550146283295
O           -2.08610408591119        1.41919056106160       -0.18060705648871
H           -0.70769543113821       -2.59412046039976        0.60340737149997
H           -0.95684139019095       -2.23558339668677       -1.08757241918991
H            0.51976967671266       -3.07619500066936       -0.57948394825836
H            2.43559918370686       -1.88604812560645       -0.22265781864227
H            3.67124388984922        0.20540174356495        0.07941273119565
H            2.45124533724934        2.34444364370430        0.34176832595811
H           -0.02859866123039        2.33393607692596        0.29497567996306
