16
 energy: -22.750937228630 gnorm: 0.025978967033 xtb: 6.7.1 (edcfbbe)
C            2.79148592895032       -0.80371117370215        0.13869549258485
C            1.95345068303675        0.44004324703511       -0.12709914110922
C            0.46280322992596        0.21919280381188       -0.05651677355783
C           -0.42488139955293        1.27962961555437       -0.29685054721265
N           -1.74603981405919        1.14264272909682       -0.24600819112077
C           -2.19829876427393       -0.08191223386754        0.05131256582862
C           -1.33128949451303       -1.13876064835467        0.29038569786423
N           -0.00190032245288       -0.99712536978972        0.23862343869464
H            3.85564444696571       -0.56202852063998        0.06883970058119
H            2.56443503995230       -1.59176378137228       -0.58331164661593
H            2.58966962527173       -1.20773937640396        1.13350187909151
H            2.19073874568956        0.85293127867632       -1.11685210884188
H            2.21447242067651        1.23209370713826        0.58790954425841
H           -0.04021932421385        2.27100681378999       -0.53814910423711
H           -3.27686064408118       -0.21709254320655        0.09834930862868
H           -1.71202227297788       -2.13009407595518        0.53082739621946
16
 energy: -22.751962378323 gnorm: 0.008434962143 xtb: 6.7.1 (edcfbbe)
C            2.77219558041459       -0.80543293799217        0.13938178229118
C            1.95051860305000        0.44507181279743       -0.12816387145804
C            0.46683224506510        0.22231997758545       -0.05710407649828
C           -0.42146475152920        1.27721687417773       -0.29623744087170
N           -1.73299079257432        1.13220283673113       -0.24388428803207
C           -2.18136868966116       -0.08479929662490        0.05160220039899
C           -1.31282764566966       -1.13683935900173        0.28957598514588
N            0.00661063463717       -0.98865077549127        0.23669284013892
H            3.83395929189885       -0.57291766989224        0.07174621406510
H            2.53626738832636       -1.58178590923188       -0.58548082286292
H            2.56135157484750       -1.19772850670853        1.13201000866157
H            2.18745363722271        0.84428390882799       -1.12100484009787
H            2.21137274294189        1.22623283967132        0.59518297409372
H           -0.05182133430099        2.26779198542037       -0.53708015652200
H           -3.25548897051340       -0.21207889129323        0.09670388836600
H           -1.67941142981148       -2.12757441716476        0.52971711423772
16
 energy: -22.752125472244 gnorm: 0.002264194671 xtb: 6.7.1 (edcfbbe)
C            2.76041968515624       -0.80891907791433        0.14038347910843
C            1.95245106442293        0.45139557913900       -0.12962596390495
C            0.47096176174968        0.23015544742684       -0.05885438732512
C           -0.42107280401129        1.28094825411943       -0.29702476187345
N           -1.72888023320944        1.12491451112926       -0.24226305547003
C           -2.17454624715168       -0.08981226314829        0.05261447012237
C           -1.30087330963306       -1.13799489986585        0.28972098372765
N            0.01351712560174       -0.97947386681893        0.23456699375029
H            3.82395360854882       -0.59101998418482        0.07617376760957
H            2.51383696528217       -1.57874104991506       -0.58505758162224
H            2.53864359273314       -1.19511834467386        1.13097533590881
H            2.19179330906650        0.84489342727104       -1.12226009662422
H            2.21584250491500        1.22744570250272        0.59565147312029
H           -0.06370941431942        2.27370029123022       -0.53817601047772
H           -3.24713564804638       -0.21341294666552        0.09660241497528
H           -1.65401387676098       -2.13164830782117        0.53023045003123
16
 energy: -22.752163300296 gnorm: 0.001640251583 xtb: 6.7.1 (edcfbbe)
C            2.75454041841863       -0.81169583652202        0.14112253888496
C            1.95536902254933        0.45517458219481       -0.13054276668389
C            0.47351033532409        0.23711762220180       -0.06035812216857
C           -0.42202884951495        1.28520238012166       -0.29787704847685
N           -1.72920394876137        1.12128226591700       -0.24142713912988
C           -2.17294554477698       -0.09375639444640        0.05339054992327
C           -1.29502665623020       -1.13932694705935        0.28994284937718
N            0.01767597520071       -0.97306479101960        0.23312774602224
H            3.81993716359102       -0.60364603129152        0.07919540925645
H            2.50106287307136       -1.57863000509547       -0.58471170891916
H            2.52569316991634       -1.19508301585070        1.13099047820745
H            2.19790459782036        0.84657247603712       -1.12267841919860
H            2.22211047327114        1.22924563680524        0.59486075950019
H           -0.07228531801622        2.28037499730626       -0.53946067896040
H           -3.24546614836298       -0.21666346506242        0.09706757863498
H           -1.63965947915633       -2.13579100242572        0.53101548478682
16
 energy: -22.752172566688 gnorm: 0.000810018879 xtb: 6.7.1 (edcfbbe)
C            2.75042875477769       -0.81412527222771        0.14177093449108
C            1.95828598014854        0.45742949081824       -0.13116529328081
C            0.47515239795750        0.24372169134317       -0.06183212044869
C           -0.42358314952098        1.28926578487326       -0.29865958685149
N           -1.73093464268890        1.11922984611617       -0.24089735707041
C           -2.17259628632331       -0.09696147207458        0.05404840384097
C           -1.29115513044266       -1.14020181044677        0.29015940385566
N            0.02086434327564       -0.96773648411079        0.23194071005458
H            3.81725479330648       -0.61338028157267        0.08154900259289
H            2.49252138245063       -1.57979871446564       -0.58423020900477
H            2.51696920308455       -1.19619908445664        1.13134972241650
H            2.20420181632042        0.84809580011585       -1.12290342829845
H            2.22859854775753        1.23087206278472        0.59378812903922
H           -0.08005931068705        2.28685106804695       -0.54054448653225
H           -3.24547147554485       -0.22064990337617        0.09761657812864
H           -1.62928913952731       -2.13910024955669        0.53166710812350
16
 energy: -22.752173461382 gnorm: 0.000198848038 xtb: 6.7.1 (edcfbbe)
C            2.75027510337583       -0.81385450822243        0.14172312062452
C            1.95802645258967        0.45711310182696       -0.13114131782475
C            0.47495777084926        0.24331249718252       -0.06175992544333
C           -0.42350284534713        1.28879668727563       -0.29849226264639
N           -1.73085338185072        1.11969652415862       -0.24097801239580
C           -2.17219324874987       -0.09660158443585        0.05391302793521
C           -1.29114511551435       -1.13988305105816        0.29002622543591
N            0.02096724633295       -0.96831029885752        0.23201927006748
H            3.81698260652080       -0.61247918382497        0.08143727045043
H            2.49307235968793       -1.57988034391959       -0.58421151527545
H            2.51740173822568       -1.19627675732706        1.13134496154277
H            2.20374240670932        0.84800076233693       -1.12301189864315
H            2.22810974430949        1.23084966498779        0.59381204988711
H           -0.07949854155303        2.28618848879455       -0.54032396342425
H           -3.24498207611926       -0.22099651044208        0.09772996256675
H           -1.63017213512261       -2.13836301666465        0.53157051819913
16
 energy: -22.752173527675 gnorm: 0.000080399958 xtb: 6.7.1 (edcfbbe)
C            2.75007551240237       -0.81382419094709        0.14174023471191
C            1.95806350494116        0.45714561753504       -0.13121144470879
C            0.47498522269334        0.24346419554128       -0.06183984201163
C           -0.42352354390560        1.28879574844913       -0.29847307360220
N           -1.73090640370528        1.11975850530866       -0.24094600042294
C           -2.17201277551225       -0.09657864564671        0.05395778651405
C           -1.29088895798725       -1.13978888158517        0.29004981123692
N            0.02119397089717       -0.96827554222266        0.23198205738686
H            3.81689417938423       -0.61285733563329        0.08162356960333
H            2.49273694824923       -1.57981946693458       -0.58417911696725
H            2.51692610299257       -1.19618964889096        1.13131930865497
H            2.20381002027530        0.84796415310078       -1.12310459839243
H            2.22818697361414        1.23094234794545        0.59366797489474
H           -0.07961430792725        2.28625027680534       -0.54018344145986
H           -3.24473713902054       -0.22141774421741        0.09775570019944
H           -1.63000122304741       -2.13825691679709        0.53149858541906
