15
 energy: -17.726568565296 gnorm: 0.023247297562 xtb: 6.7.1 (edcfbbe)
C            1.84827996947739        0.96093533784308       -0.25024731620004
C            0.97384963681454       -0.10458334306114        0.40959233196964
C           -0.38325965053995       -0.30367660782169       -0.26744646834532
H           -0.21584948648252       -0.58859003094441       -1.31456408339388
C           -1.26781999831347        0.93652427599685       -0.22233754958058
O           -1.06474192343328       -1.43331076028254        0.29920018752530
H            1.41791836888798        1.96165836856124       -0.14958710696928
H            1.97536473319758        0.75626463372341       -1.31929432391180
H            2.84364200157532        0.98434383717434        0.20274848262399
H            0.80468649822891        0.15403375666706        1.46546956270894
H            1.49111174229307       -1.07072587312971        0.40003821729389
H           -0.82131913231776        1.77098658509745       -0.77149751567382
H           -2.24293605333962        0.71695607416551       -0.66502776270688
H           -1.42215447184191        1.26073132086037        0.81506292792549
H           -1.25101454791851       -1.22621026247625        1.22281200915210
15
 energy: -17.727191883278 gnorm: 0.010124616795 xtb: 6.7.1 (edcfbbe)
C            1.84359187776614        0.95626445619612       -0.25073960763424
C            0.97241804644914       -0.09927181835619        0.41482043558299
C           -0.37978186523049       -0.30026244171613       -0.27734910574027
H           -0.21719378063555       -0.58706596969735       -1.32305006899695
C           -1.26732301003481        0.93782889371896       -0.21645773865189
O           -1.05291765120902       -1.42093939397539        0.28788585750979
H            1.40886834352687        1.94907384235317       -0.14845197819010
H            1.96557897024281        0.74111232171216       -1.31234001440730
H            2.83070820907039        0.97221618129609        0.20923477032269
H            0.80547472899356        0.17121658110350        1.46441070212576
H            1.49569074002581       -1.05936532062913        0.40281419904613
H           -0.82150537818633        1.76032164922303       -0.77130347168835
H           -2.23915436204577        0.71465299078577       -0.65313274087070
H           -1.41621419721064        1.25638286538205        0.81747015535667
H           -1.24248298523434       -1.21682752502308        1.21111019865355
15
 energy: -17.727291825160 gnorm: 0.003205851728 xtb: 6.7.1 (edcfbbe)
C            1.84489034391551        0.95617620353953       -0.25244815178010
C            0.97186141536059       -0.09600903884710        0.41650888254907
C           -0.38137271344282       -0.30209177869906       -0.27581621140889
H           -0.21583115857904       -0.58287882441695       -1.32138629431872
C           -1.26659435562902        0.93991494676437       -0.21384232935162
O           -1.05025859902201       -1.42120154649000        0.28015141564604
H            1.40923204487178        1.94657370806679       -0.15481446787103
H            1.96606381237106        0.73367174927321       -1.30971715589785
H            2.82870383764621        0.97228200131899        0.20987770575649
H            0.79931423873987        0.18146298281614        1.46089138353318
H            1.49424924318903       -1.05537661667893        0.40966400859133
H           -0.82202547807720        1.75752008771254       -0.77210364477489
H           -2.23876758256029        0.71483626880453       -0.64492391652536
H           -1.40878123987160        1.25438876981063        0.81916673089226
H           -1.24492612262432       -1.22393160060113        1.20371363737785
15
 energy: -17.727315818733 gnorm: 0.001086687853 xtb: 6.7.1 (edcfbbe)
C            1.84579411429620        0.95536434187816       -0.25421265501633
C            0.97117868610971       -0.09430670518292        0.41918199281989
C           -0.38166864272123       -0.30326206863508       -0.27586090755969
H           -0.21248438556603       -0.57785156533511       -1.32263881272751
C           -1.26707558480670        0.94066031621893       -0.21164691292444
O           -1.04854245319475       -1.42272083170215        0.27393090208797
H            1.41008491168300        1.94625179704155       -0.16233770449789
H            1.96881280506114        0.72715707923909       -1.30987835686774
H            2.82852259901255        0.97353355833225        0.21006850329627
H            0.79498383698459        0.18839663877300        1.46117839827410
H            1.49278217076000       -1.05398513966972        0.41837100991730
H           -0.82408493250657        1.75681051286146       -0.77265968726748
H           -2.24127984182271        0.71511471943598       -0.63832297627422
H           -1.40378292733177        1.25520990960995        0.82182355169286
H           -1.24748266966968       -1.23103525049182        1.19792524746468
15
 energy: -17.727330185142 gnorm: 0.002066711277 xtb: 6.7.1 (edcfbbe)
C            1.84802286181535        0.95281430916107       -0.25621375614704
C            0.97000867416158       -0.09130533828084        0.42301561723223
C           -0.38149921812350       -0.30320230597697       -0.27612938256623
H           -0.20690204905304       -0.56848091732475       -1.32495316642344
C           -1.26883920772996        0.94111437623932       -0.20819775656611
O           -1.04636810249288       -1.42609128582337        0.26386238376626
H            1.41187669236712        1.94510602346273       -0.17480169116818
H            1.97482876230182        0.71546296191623       -1.31004607072321
H            2.82978484241831        0.97551164382475        0.21114723269491
H            0.79022828523679        0.19986953295974        1.46231085030712
H            1.49060095984646       -1.05172269752158        0.43197775275874
H           -0.83023585565796        1.75666278524399       -0.77428389920613
H           -2.24662424329413        0.71410239495216       -0.62725357098375
H           -1.39750915429505        1.25827781349390        0.82609513826045
H           -1.25161556121315       -1.24278198395280        1.18839191118216
15
 energy: -17.727335722393 gnorm: 0.001448521132 xtb: 6.7.1 (edcfbbe)
C            1.84884007185710        0.95156092634789       -0.25659638190974
C            0.96961470366134       -0.09020723876669        0.42393653773750
C           -0.38093640374260       -0.30181154074670       -0.27649000723361
H           -0.20542841005314       -0.56541189334129       -1.32557773882527
C           -1.26969658074484        0.94101378982945       -0.20704925609999
O           -1.04542388684513       -1.42683759044409        0.26093650139661
H            1.41278546644809        1.94426619406717       -0.17890622937006
H            1.97760417125085        0.71148616953837       -1.30967889853358
H            2.82996687858018        0.97561426668539        0.21217890433203
H            0.78942136385916        0.20314468204206        1.46266020825165
H            1.48936870821338       -1.05110190754021        0.43531054085363
H           -0.83354227622980        1.75703202169088       -0.77461302582745
H           -2.24808750254717        0.71263857225515       -0.62385034994850
H           -1.39678556091500        1.25917382472047        0.82724321435554
H           -1.25194305650466       -1.24522296396428        1.18541757323901
15
 energy: -17.727344047235 gnorm: 0.000782514099 xtb: 6.7.1 (edcfbbe)
C            1.85169798711555        0.94824840581897       -0.25739426525192
C            0.96843292394001       -0.08706149378418        0.42570888713445
C           -0.37947842989866       -0.29755282304486       -0.27792132838640
H           -0.20226674340697       -0.55717450948510       -1.32751356191868
C           -1.27214917766834        0.94069032723029       -0.20377831734014
O           -1.04299005718618       -1.42851265854248        0.25321869131394
H            1.41492750972369        1.94145747147916       -0.19089582756373
H            1.98696829012702        0.69982367862265       -1.30774064098941
H            2.83010842593798        0.97660426433198        0.21683557406050
H            0.78709305588952        0.21202036600800        1.46267312729236
H            1.48542936181931       -1.04940452031406        0.44313731407530
H           -0.84352113823620        1.75798980119425       -0.77562532871124
H           -2.25214892937313        0.70778910227826       -0.61378446613191
H           -1.39417918679066        1.26094776416122        0.83051042726459
H           -1.25216620570520       -1.25052786358053        1.17749130757005
15
 energy: -17.727346066379 gnorm: 0.000423068627 xtb: 6.7.1 (edcfbbe)
C            1.85289538815764        0.94745461415653       -0.25801245903608
C            0.96807034288841       -0.08616427774368        0.42613957348822
C           -0.37942073413395       -0.29673010391048       -0.27851108979185
H           -0.20161940706675       -0.55479188384787       -1.32835435774587
C           -1.27316028057088        0.94082520923451       -0.20264215982816
O           -1.04211065131254       -1.42875890000451        0.25094039600617
H            1.41544044828095        1.94057168719378       -0.19620737150429
H            1.99151564371444        0.69533328231049       -1.30692979061416
H            2.82963435705582        0.97765660999863        0.21929775780062
H            0.78562039537116        0.21474891655334        1.46228154368309
H            1.48439830764068       -1.04878936558291        0.44552278990768
H           -0.84635523204679        1.75865628953857       -0.77475643647134
H           -2.25352357553256        0.70701260748036       -0.61110962123644
H           -1.39376222319788        1.26022658919048        0.83191330691281
H           -1.25186509295999       -1.25191396219367        1.17534951084738
15
 energy: -17.727348043284 gnorm: 0.000180267730 xtb: 6.7.1 (edcfbbe)
C            1.85416766457958        0.94694156626307       -0.25860926103802
C            0.96777420292230       -0.08550211704821        0.42590096563449
C           -0.37980994295802       -0.29639879670596       -0.27894762417326
H           -0.20196891850988       -0.55316507242501       -1.32908192415210
C           -1.27410015433229        0.94098812573603       -0.20161074893411
O           -1.04185600951476       -1.42884887795481        0.24973308358738
H            1.41514897261975        1.93960261273112       -0.20224366711116
H            1.99710504653483        0.69078176564735       -1.30585745306260
H            2.82885129707534        0.97995773960689        0.22263834810983
H            0.78478379873582        0.21665314266893        1.46147896052287
H            1.48361565380664       -1.04828476286251        0.44646322322078
H           -0.84768326863920        1.75983693316301       -0.77235787064682
H           -2.25426656040522        0.70708798315889       -0.61050566706921
H           -1.39482908812986        1.25839603556047        0.83348408872580
H           -1.25117500749727       -1.25270896516568        1.17443713880389
15
 energy: -17.727349818117 gnorm: 0.000358161146 xtb: 6.7.1 (edcfbbe)
C            1.85504763873176        0.94607965372421       -0.25960957051444
C            0.96760108356389       -0.08503475309026        0.42584806136611
C           -0.38002614528841       -0.29567442534613       -0.27922959067423
H           -0.20222441756919       -0.55118049391488       -1.32967546128506
C           -1.27509740242719        0.94125158530554       -0.20039907506377
O           -1.04129976994912       -1.42877412751356        0.24858069395443
H            1.41395433293862        1.93816511926395       -0.20999516881197
H            2.00371026535903        0.68528285599145       -1.30490029734367
H            2.82719188589307        0.98309878824804        0.22641409414243
H            0.78423628312122        0.21836900238930        1.46098901966122
H            1.48283589117695       -1.04813366707017        0.44753583863560
H           -0.84819335997754        1.76173791274619       -0.76837735726201
H           -2.25458390628956        0.70793725866138       -0.61129717934561
H           -1.39746317394641        1.25586692851911        0.83534783508474
H           -1.24993151904935       -1.25365432554061        1.17368974987398
15
 energy: -17.727351095373 gnorm: 0.000267552045 xtb: 6.7.1 (edcfbbe)
C            1.85593803722206        0.94521139038722       -0.26044105287752
C            0.96732415310165       -0.08421741585664        0.42580839453468
C           -0.38024604268798       -0.29505086726223       -0.27932293916492
H           -0.20239403041921       -0.54943015583956       -1.33004636009330
C           -1.27582039444354        0.94136188015330       -0.19914112209765
O           -1.04108892783292       -1.42893903769749        0.24739430467616
H            1.41300752628706        1.93674456483755       -0.21691307974331
H            2.00900163658873        0.68014671239121       -1.30399669437148
H            2.82616138118104        0.98604271776103        0.22909170660876
H            0.78407086569187        0.22052596221956        1.46059924438688
H            1.48191276891291       -1.04764844191574        0.44871565585611
H           -0.84800652045745        1.76348798796906       -0.76411920889504
H           -2.25435500996189        0.70882814041815       -0.61272264487210
H           -1.40054106586950        1.25334791057774        0.83715382196798
H           -1.24920669102505       -1.25507403576960        1.17286156650249
15
 energy: -17.727351917577 gnorm: 0.000119443517 xtb: 6.7.1 (edcfbbe)
C            1.85637796983423        0.94444135777851       -0.26121809049922
C            0.96721588511083       -0.08359266438828        0.42612032920278
C           -0.38020491858090       -0.29435453558706       -0.27922795487364
H           -0.20211785973875       -0.54788145570787       -1.33012218094872
C           -1.27642880335406        0.94141878481465       -0.19832646082462
O           -1.04059655795403       -1.42908909677934        0.24641745573012
H            1.41276623587362        1.93581503702030       -0.22151591030197
H            2.01177906229178        0.67656034073392       -1.30370116736051
H            2.82558465416203        0.98743405011008        0.23010628903877
H            0.78392892970700        0.22250955869908        1.46054408099675
H            1.48131145944679       -1.04731110441454        0.45036832022611
H           -0.84762243696063        1.76501210541199       -0.76053399632038
H           -2.25408150951927        0.70962980126059       -0.61448568733056
H           -1.40343194618812        1.25113426355678        0.83842646753349
H           -1.24872247784277       -1.25638913013524        1.17207009814935
15
 energy: -17.727352562653 gnorm: 0.000097589809 xtb: 6.7.1 (edcfbbe)
C            1.85677246350162        0.94386310210197       -0.26188048101731
C            0.96702740101528       -0.08282484707618        0.42656928030074
C           -0.38009556992523       -0.29393842121173       -0.27915993329221
H           -0.20162039716159       -0.54686334778305       -1.33014705174611
C           -1.27683947283072        0.94131976808588       -0.19768963726988
O           -1.04015182724507       -1.42933019403440        0.24563053966700
H            1.41334693526763        1.93537566338847       -0.22396769153311
H            2.01270278048115        0.67442221990335       -1.30388517613569
H            2.82575591050499        0.98752136634143        0.22981729046101
H            0.78359349307507        0.22454355380376        1.46062015837216
H            1.48070760913698       -1.04674187349775        0.45209323498686
H           -0.84715407092055        1.76608542703458       -0.75755918306116
H           -2.25361125336071        0.71009823802976       -0.61619258775822
H           -1.40605263793665        1.24925169206251        0.83934711875371
H           -1.24862367731443       -1.25744503477502        1.17132571168997
15
 energy: -17.727353213873 gnorm: 0.000138964414 xtb: 6.7.1 (edcfbbe)
C            1.85727801318287        0.94333055993325       -0.26245698212812
C            0.96689757694258       -0.08200876030198        0.42706160171990
C           -0.37996292545788       -0.29350792778779       -0.27902992563034
H           -0.20104112052855       -0.54580101894805       -1.33008493525849
C           -1.27742031957028        0.94113142372456       -0.19723721296304
O           -1.03957789768777       -1.42961749665881        0.24485290703002
H            1.41467144274876        1.93526977381608       -0.22538508812512
H            2.01260668607521        0.67275285167269       -1.30427270044007
H            2.82650460785585        0.98667423819535        0.22882984538276
H            0.78320216107723        0.22699153064230        1.46056867724944
H            1.48022336422010       -1.04608572238865        0.45422467410005
H           -0.84685048735135        1.76709254952555       -0.75469842086038
H           -2.25331132312768        0.71039722560575       -0.61808050109435
H           -1.40878732832062        1.24713545572446        0.84011585000321
H           -1.24867476377070       -1.25841737038114        1.17051380343231
15
 energy: -17.727353796531 gnorm: 0.000106820402 xtb: 6.7.1 (edcfbbe)
C            1.85788388617737        0.94276349967256       -0.26317173123372
C            0.96664712016864       -0.08097913590302        0.42771108252858
C           -0.37980785982824       -0.29314735932639       -0.27898422877907
H           -0.20029428997108       -0.54471795466854       -1.33011918188316
C           -1.27804455651222        0.94088308261560       -0.19673071214563
O           -1.03884006332309       -1.42998741260178        0.24403529199703
H            1.41659205099430        1.93532011272878       -0.22649021159454
H            2.01224760119218        0.67133084988034       -1.30493348404372
H            2.82749246860782        0.98521179696778        0.22747899438713
H            0.78249715561721        0.22977308525266        1.46059245222415
H            1.47950456109587       -1.04523083337021        0.45667305601117
H           -0.84667345521245        1.76815477386224       -0.75163698427186
H           -2.25293403956718        0.71047424616361       -0.62005990757820
H           -1.41176722905547        1.24478259891327        0.84095276233411
H           -1.24874566409588       -1.25929403781335        1.16960439446547
15
 energy: -17.727354126767 gnorm: 0.000059982360 xtb: 6.7.1 (edcfbbe)
C            1.85851949587735        0.94230121109425       -0.26368747611491
C            0.96653000485058       -0.08017557123834        0.42815861279296
C           -0.37967972941379       -0.29280167499381       -0.27894259939159
H           -0.19968161361238       -0.54373197447451       -1.33013810697412
C           -1.27872030011927        0.94064592266836       -0.19630572148587
O           -1.03825473680508       -1.43021674260534        0.24330195624521
H            1.41822744437634        1.93534580687383       -0.22747824295960
H            2.01209743291407        0.66997145319912       -1.30533684701790
H            2.82840560982703        0.98404024494061        0.22648968227020
H            0.78199014794824        0.23213298804602        1.46047216625986
H            1.47903530671692       -1.04455997804301        0.45867173445105
H           -0.84677427276011        1.76896716967717       -0.74913109685059
H           -2.25281800147222        0.71050512187446       -0.62157186605420
H           -1.41428349830381        1.24282443901383        0.84162085561580
H           -1.24883560373608       -1.25991110365908        1.16879854163144
15
 energy: -17.727354273224 gnorm: 0.000037329570 xtb: 6.7.1 (edcfbbe)
C            1.85886506576807        0.94200410973712       -0.26402098410225
C            0.96639558277211       -0.07968323387538        0.42844070730892
C           -0.37964523529041       -0.29258275650981       -0.27894241885103
H           -0.19939533995465       -0.54305407889072       -1.33020192460584
C           -1.27905454932973        0.94057988257455       -0.19603988807482
O           -1.03786892098516       -1.43041289686889        0.24282659980179
H            1.41902969901478        1.93527889939638       -0.22841810614454
H            2.01236184126334        0.66897942400409       -1.30550813575842
H            2.82874835918414        0.98356688720147        0.22618697870156
H            0.78165305774176        0.23347361479077        1.46044285247980
H            1.47865488508449       -1.04415932398602        0.45981509197303
H           -0.84691054394626        1.76953359279265       -0.74776717997916
H           -2.25274489283270        0.71046564709547       -0.62225637178313
H           -1.41550229098922        1.24171166103720        0.84207460639494
H           -1.24882903121280       -1.26036411612532        1.16828976505690
15
 energy: -17.727354365205 gnorm: 0.000032027186 xtb: 6.7.1 (edcfbbe)
C            1.85910132906870        0.94182527713670       -0.26419720162994
C            0.96634716778342       -0.07944682675242        0.42854073749910
C           -0.37961196267548       -0.29244145932635       -0.27898858286169
H           -0.19922812095488       -0.54264318012694       -1.33028858391184
C           -1.27928357861799        0.94052894595172       -0.19580848749217
O           -1.03770573606099       -1.43046480489328        0.24248720981400
H            1.41932171422947        1.93514827813121       -0.22928188765695
H            2.01290441764675        0.66822106567486       -1.30548307916869
H            2.82883036044869        0.98358556707563        0.22629877746174
H            0.78145524270384        0.23416821871611        1.46036972294995
H            1.47845680413679       -1.04398437015755        0.46038992571988
H           -0.84711313451634        1.76976879716652       -0.74705583351165
H           -2.25281849481092        0.71045278644050       -0.62239286736813
H           -1.41607088341194        1.24121729445374        0.84238338603322
H           -1.24882743868136       -1.26059827711689        1.16794835654093
