24
 energy: -687.077002507988 gnorm: 0.001326332077 xtb: 6.7.1 (edcfbbe)
C           -2.19269226076418       -0.91131594288889       -0.14035940405651
C           -1.13814235336051       -0.31630605722023        0.79040445552682
H           -1.61240755594535       -0.28023126559388        1.77911390150784
C           -0.71959640924264        1.13882580394325        0.49586925563070
H           -1.56876920471291        1.64914030439682        0.02268757216989
C            0.48697671656742        1.25904573264266       -0.45212956671114
H            0.85297085499328        2.29148397278510       -0.38191685705678
C            1.60549793289463        0.30892271584251       -0.02351395146282
H            2.40136731092035        0.30840384623648       -0.78519711764843
C            1.08422412827064       -1.12880268340186        0.11878309518542
H            1.85465574488250       -1.74972633893890        0.60415538523137
O           -0.01962927528390       -1.21754426736084        0.98244884936845
O            0.86730193931786       -1.66967782120970       -1.17653538948185
O            2.10609687582920        0.80667898202527        1.22227613454195
O            0.08582018545876        1.00867029650262       -1.80799689171873
O           -0.46616979001968        1.84746800995742        1.70352335152784
O           -1.79554560222526       -1.07143181044685       -1.50330739320710
H           -3.09586466652210       -0.28526516281426       -0.07166252150631
H           -2.44491271493399       -1.91318819831080        0.21977316895457
H           -0.10236700199822       -1.72176440199141       -1.32496843530371
H            2.62066800170982        0.10898610419745        1.64545609731561
H            0.60468751870619        0.25634128148622       -2.13204339482401
H            0.40769260049931        1.56723978637688        2.01521499185458
H           -1.49603773484557       -0.20040582369272       -1.82212628701792
24
 energy: -687.077006991679 gnorm: 0.000638159496 xtb: 6.7.1 (edcfbbe)
C           -2.19243397828054       -0.91169983247243       -0.13965229611311
C           -1.13784291405989       -0.31689209557531        0.79087466611915
H           -1.61215135866678       -0.28038335820654        1.77954706188705
C           -0.71969197018248        1.13831885049898        0.49551081862530
H           -1.56889129316540        1.64789107642635        0.02150498540127
C            0.48707969530577        1.25869828017692       -0.45237014059865
H            0.85294634091812        2.29113039669310       -0.38187625695081
C            1.60539924766727        0.30843274269069       -0.02392923701219
H            2.40175508230363        0.30788090278809       -0.78515467947220
C            1.08440811482091       -1.12944852305192        0.11855515581944
H            1.85506705554022       -1.75010099621791        0.60360020633730
O           -0.01938692669720       -1.21791623766366        0.98368802934980
O            0.86640683060963       -1.67157863683639       -1.17585496666054
O            2.10569660339373        0.80657570260004        1.22200256715712
O            0.08566477649199        1.00880345870756       -1.80845358660159
O           -0.46699433742693        1.84802819904640        1.70276013075794
O           -1.79572023107882       -1.06986299863900       -1.50339874534826
H           -3.09572889156996       -0.28579246089975       -0.07034694344313
H           -2.44446090584752       -1.91402819794833        0.21928752440570
H           -0.10333124162424       -1.72023980387643       -1.32513201540334
H            2.61956101948127        0.10902440445400        1.64658815298607
H            0.60653878204927        0.25871856955421       -2.13385735598090
H            0.40719211626426        1.56854346511354        2.01427742417162
H           -1.49525627084981       -0.19855579847424       -1.82022180385471
24
 energy: -687.077006991679 gnorm: 0.000638159496 xtb: 6.7.1 (edcfbbe)
C           -2.19243397828054       -0.91169983247243       -0.13965229611311
C           -1.13784291405989       -0.31689209557531        0.79087466611915
H           -1.61215135866678       -0.28038335820654        1.77954706188705
C           -0.71969197018248        1.13831885049898        0.49551081862530
H           -1.56889129316540        1.64789107642635        0.02150498540127
C            0.48707969530577        1.25869828017692       -0.45237014059865
H            0.85294634091812        2.29113039669310       -0.38187625695081
C            1.60539924766727        0.30843274269069       -0.02392923701219
H            2.40175508230363        0.30788090278809       -0.78515467947220
C            1.08440811482091       -1.12944852305192        0.11855515581944
H            1.85506705554022       -1.75010099621791        0.60360020633730
O           -0.01938692669720       -1.21791623766366        0.98368802934980
O            0.86640683060963       -1.67157863683639       -1.17585496666054
O            2.10569660339373        0.80657570260004        1.22200256715712
O            0.08566477649199        1.00880345870756       -1.80845358660159
O           -0.46699433742693        1.84802819904640        1.70276013075794
O           -1.79572023107882       -1.06986299863900       -1.50339874534826
H           -3.09572889156996       -0.28579246089975       -0.07034694344313
H           -2.44446090584752       -1.91402819794833        0.21928752440570
H           -0.10333124162424       -1.72023980387643       -1.32513201540334
H            2.61956101948127        0.10902440445400        1.64658815298607
H            0.60653878204927        0.25871856955421       -2.13385735598090
H            0.40719211626426        1.56854346511354        2.01427742417162
H           -1.49525627084981       -0.19855579847424       -1.82022180385471
