23
 energy: -42.868776232256 gnorm: 0.031019841614 xtb: 6.7.1 (edcfbbe)
C            4.56655391369953       -0.23012330832780        0.04478031680617
C            4.01367092580560        1.04617779001787        0.08501883084384
C            2.63876248138197        1.22676912822595        0.07871056127583
C            1.78057282477565        0.11822843299605        0.03229132680181
C            2.33121021759213       -1.16867522553597       -0.00676497660346
C            3.71505844056871       -1.32449343341399       -0.00066494365890
N            0.35282044364288        0.35999218661923        0.02455506899380
C           -0.62748734317984       -0.69418890240441       -0.04180646389013
O           -0.33264528578607       -1.87759426604102       -0.08309845243077
C           -1.98722480069334       -0.20932199885525       -0.04989886074881
C           -2.31973864913666        1.12074536282049       -0.00046135758797
C           -1.21615490031183        2.02242794345530        0.06876837094564
N            0.02642145565104        1.65411627553267        0.08157486354144
N           -3.59563978972423        1.60285749512455       -0.06343462202014
Cl          -3.23471360936787       -1.41355135411236       -0.12722968130660
H            5.64290206370962       -0.36577692728555        0.04866205902394
H            4.65655616204512        1.91995766116200        0.12119435664490
H            2.22877837022628        2.22530005924985        0.10929945947043
H            1.69386456432976       -2.03542885414779       -0.04214599079699
H            4.12065088488112       -2.33061877582171       -0.03249862382601
H           -1.38571878692011        3.09629398899164        0.11114063302817
H           -3.75500083438167        2.54140476865704        0.26245455299922
H           -4.34360910218155        0.94871451179745        0.10536204083103
23
 energy: -42.870477490951 gnorm: 0.014160878095 xtb: 6.7.1 (edcfbbe)
C            4.54600326370352       -0.22486410717479        0.04514385846072
C            3.99419930523708        1.04608966705591        0.08477799661194
C            2.62288196989598        1.22009411894410        0.07761422684230
C            1.77153163323808        0.11398068239499        0.03097625883391
C            2.32451073229225       -1.16389568665789       -0.00676325331144
C            3.70203043948339       -1.31911977012340       -0.00018874378664
N            0.35678189676823        0.35213432105749        0.02196186083460
C           -0.61696132193544       -0.68703463018566       -0.04428966974508
O           -0.32490600762341       -1.86511963505670       -0.08444678521793
C           -1.97453410320508       -0.20200918972163       -0.04826225970396
C           -2.30627145557393        1.12718757281938        0.00665556244735
C           -1.19709956002084        2.02022824996030        0.07048824505543
N            0.03385960455578        1.63904674685714        0.07810388575263
N           -3.58058540634305        1.60032456230521       -0.05868386424484
Cl          -3.21594698202590       -1.40946313323701       -0.12030747010622
H            5.61866037318118       -0.35777822751756        0.04948750754028
H            4.63586951895719        1.91604331257254        0.12089364829613
H            2.20619228555188        2.21349445784620        0.10762495023440
H            1.69205508341162       -2.03224266719280       -0.04238895141682
H            4.11098897358455       -2.31975657061718       -0.03150434106523
H           -1.35611590013347        3.08932710048625        0.11535311406364
H           -3.74874573279988        2.53994817711385        0.25959177333610
H           -4.32450896357348        0.93659720677552        0.09397091862513
23
 energy: -42.870831332610 gnorm: 0.005450885769 xtb: 6.7.1 (edcfbbe)
C            4.53513883840106       -0.22062637042542        0.04566638947823
C            3.98225189379189        1.04819568309589        0.08418227359898
C            2.61209284902410        1.21600397206758        0.07551204994351
C            1.76432321569695        0.10899938905737        0.02848536916789
C            2.32143942734422       -1.16452388290557       -0.00777994281375
C            3.69678879072523       -1.31813117239399        0.00022637202761
N            0.35857341745902        0.34449450904058        0.02010364733030
C           -0.61092226379334       -0.68305740910986       -0.04337176234779
O           -0.32487391296986       -1.86241109377038       -0.08653944923774
C           -1.96782169369678       -0.19456627564569       -0.04653440611318
C           -2.29929554697348        1.13511457880770        0.01122473075814
C           -1.18451894722061        2.02241934687276        0.07339730558955
N            0.03826080683957        1.62753152987911        0.07640374005331
N           -3.57291945002463        1.59994822910507       -0.05262472731893
Cl          -3.20379055019587       -1.40475134588480       -0.11542135627851
H            5.60647850723040       -0.35026390280735        0.05097519955495
H            4.62218211910255        1.91708171757943        0.12061810669418
H            2.18879690806050        2.20587380391063        0.10495028551943
H            1.69299362087355       -2.03559509040632       -0.04304239685073
H            4.10977710500727       -2.31507151019143       -0.02982103892731
H           -1.33326540051561        3.09006935016124        0.12061371417460
H           -3.75063762350559        2.54068641957816        0.25621076548842
H           -4.31116246403429        0.92579208308956        0.08237359884526
23
 energy: -42.870876146677 gnorm: 0.002697180763 xtb: 6.7.1 (edcfbbe)
C            4.53485833958265       -0.21981154236676        0.04604408684914
C            3.98124410481615        1.04907910539388        0.08373300615473
C            2.61109655799260        1.21516069509276        0.07455989348362
C            1.76326364374467        0.10725440415855        0.02779147951198
C            2.32187967831296       -1.16614118460271       -0.00811544109538
C            3.69769257660215       -1.31880057351958        0.00053056120726
N            0.35865715251139        0.34225124679539        0.01906393823688
C           -0.61054495739783       -0.68219470066260       -0.04444745020394
O           -0.32862824458462       -1.86372529549486       -0.08828408880166
C           -1.96774524855886       -0.19194559874083       -0.04503773607025
C           -2.29923205002676        1.13822069567568        0.01300341237695
C           -1.18260797314281        2.02448917073761        0.07510097633424
N            0.03852110554214        1.62515281493603        0.07659485183149
N           -3.57319293965397        1.59985568292278       -0.04867653241073
Cl          -3.20262050249710       -1.40216876287009       -0.11290173973726
H            5.60648759664685       -0.34830550844864        0.05214534545340
H            4.62044364660366        1.91845957371069        0.12016553401187
H            2.18567617576915        2.20423767108374        0.10313760576137
H            1.69410706746897       -2.03812551610582       -0.04363730271242
H            4.11229385941532       -2.31500188188790       -0.02881080138299
H           -1.32752619096875        3.09263598027026        0.12348136454124
H           -3.75580596830435        2.54152051371664        0.25326049879986
H           -4.30842778324737        0.92111556891001        0.07710700619702
23
 energy: -42.870899739409 gnorm: 0.001766959858 xtb: 6.7.1 (edcfbbe)
C            4.53583869857560       -0.22009500988807        0.04663185654219
C            3.98217203308869        1.04931509947729        0.08299906414870
C            2.61208054267503        1.21496833663071        0.07285913307557
C            1.76348033433594        0.10665683821005        0.02664114328794
C            2.32229683762083       -1.16727761080285       -0.00858282291137
C            3.69874398460788       -1.31959559828546        0.00106802162202
N            0.35877713357541        0.34155032916377        0.01849443792744
C           -0.61035578568931       -0.68120340426786       -0.04453694812279
O           -0.33206069276182       -1.86449943200128       -0.09085868495856
C           -1.96820049015197       -0.19004297486839       -0.04322587890598
C           -2.30004931560477        1.14050752108613        0.01480376424212
C           -1.18235025023538        2.02648720636908        0.07749741759325
N            0.03814674614020        1.62482917474849        0.07775259703852
N           -3.57465624004548        1.59896028991415       -0.04333665654995
Cl          -3.20257802025139       -1.39979267045050       -0.11104585643682
H            5.60786587069241       -0.34824132661704        0.05360354594753
H            4.62111283676324        1.91915255743546        0.11913984011683
H            2.18535760241357        2.20366248899228        0.10060772519797
H            1.69418466963500       -2.03946185754520       -0.04413788429579
H            4.11426908061700       -2.31561023820017       -0.02752483062155
H           -1.32438646164210        3.09521177788300        0.12735230910670
H           -3.76298261864744        2.54214212569671        0.24855821449340
H           -4.30681684908488        0.91558893602394        0.07104896079906
23
 energy: -42.870909693543 gnorm: 0.001558339001 xtb: 6.7.1 (edcfbbe)
C            4.53657222167691       -0.22121635808853        0.04684327265488
C            3.98369097072752        1.04879654507809        0.08193687623665
C            2.61370976426542        1.21544695958220        0.07143276068029
C            1.76439770786252        0.10746741405816        0.02629546659449
C            2.32202548113030       -1.16709187119571       -0.00840944633088
C            3.69862054705415       -1.32001694593946        0.00159631128940
N            0.35908143939497        0.34265586835129        0.01850307911401
C           -0.60980960475233       -0.68012790099410       -0.04550174805951
O           -0.33263658758911       -1.86373989460890       -0.09394732115721
C           -1.96819869345603       -0.18952462697405       -0.04169971685304
C           -2.30063896431385        1.14104661232654        0.01681057519824
C           -1.18299784111078        2.02729493573600        0.08003872306723
N            0.03787358604930        1.62630583827037        0.07969456957701
N           -3.57565208351083        1.59730123654646       -0.03780263435163
Cl          -3.20244853044955       -1.39900240023467       -0.10998510362108
H            5.60867909520383       -0.35004057396906        0.05470485667691
H            4.62309993985776        1.91850995409105        0.11753320034641
H            2.18697198126015        2.20424601499753        0.09802376817100
H            1.69293177529025       -2.03864221286189       -0.04391105750694
H            4.11380950592325       -2.31637906402733       -0.02622572063363
H           -1.32438290942829        3.09617587481562        0.13116638753353
H           -3.76852467284684        2.54248324652630        0.24274005003774
H           -4.30628448161245        0.91126390721836        0.06597131967257
23
 energy: -42.870915632192 gnorm: 0.000817696397 xtb: 6.7.1 (edcfbbe)
C            4.53641097345023       -0.22197551341189        0.04683082170670
C            3.98426077464183        1.04824954693027        0.08090645483518
C            2.61431958430617        1.21601759801570        0.07022410258327
C            1.76490897315687        0.10851200983230        0.02616215818272
C            2.32149065921343       -1.16626467950077       -0.00763384322305
C            3.69776720900559       -1.32002039896691        0.00234678318270
N            0.35930482682052        0.34396483157776        0.01921363288452
C           -0.60940839801604       -0.67966582137932       -0.04571043726927
O           -0.33107797462457       -1.86253216338199       -0.09682238854112
C           -1.96768151757660       -0.18999270232766       -0.04140022969902
C           -2.30048123773122        1.14038634193918        0.01822040315879
C           -1.18344126877383        2.02686765685862        0.08217654220298
N            0.03806868645261        1.62760778614031        0.08160487075723
N           -3.57529414561938        1.59600384278509       -0.03391705815564
Cl          -3.20187528273169       -1.39976381700175       -0.11100863871423
H            5.60830185947789       -0.35156733245253        0.05460595503192
H            4.62433745468573        1.91746950906100        0.11562737089636
H            2.18836051474137        2.20512619043324        0.09623270281693
H            1.69180544838715       -2.03718428172566       -0.04243694543008
H            4.11203482553151       -2.31678790632590       -0.02512809009791
H           -1.32590538978549        3.09552281810860        0.13429980964433
H           -3.76969656247112        2.54302222506555        0.23789752115890
H           -4.30662036591466        0.91021681843100        0.06351697042422
23
 energy: -42.870918279128 gnorm: 0.000545486490 xtb: 6.7.1 (edcfbbe)
C            4.53629153256728       -0.22199173155370        0.04628692658792
C            3.98424231060095        1.04817162256923        0.07950565463754
C            2.61424418255180        1.21619863054262        0.06938940828092
C            1.76490252188317        0.10875950316806        0.02678841174107
C            2.32144519192076       -1.16601416453179       -0.00603110566506
C            3.69755999024558       -1.32003081573999        0.00323282158097
N            0.35932752781862        0.34426508685718        0.01972285577781
C           -0.60949919196117       -0.67974014483100       -0.04753840035118
O           -0.33016674491412       -1.86219251292428       -0.10036218171304
C           -1.96736846433445       -0.19037632967719       -0.04159616248065
C           -2.30028806395660        1.13992440357412        0.01968115615935
C           -1.18350666061936        2.02641191417293        0.08441873843758
N            0.03823984160870        1.62770030577755        0.08358833063125
N           -3.57469165940388        1.59531242635477       -0.03031274877003
Cl          -3.20173662044069       -1.40031431123504       -0.11265232115450
H            5.60808690472092       -0.35175407886291        0.05404686056126
H            4.62458021913498        1.91718183912933        0.11333440157557
H            2.18886604967357        2.20554845994568        0.09436052666719
H            1.69172702696363       -2.03685382354035       -0.03987931043614
H            4.11138490799961       -2.31696974142117       -0.02329471088132
H           -1.32677846271588        3.09492297121336        0.13758431051425
H           -3.76942375794237        2.54435381595640        0.23341456716390
H           -4.30754893477483        0.91069923376044        0.06212043947175
23
 energy: -42.870919517062 gnorm: 0.000337173649 xtb: 6.7.1 (edcfbbe)
C            4.53631349313067       -0.22167515477754        0.04618698629636
C            3.98399932485560        1.04835662312273        0.07818333334664
C            2.61395173025423        1.21610591038134        0.06794441789171
C            1.76470303442422        0.10853269737332        0.02671090505885
C            2.32166562271718       -1.16615852857896       -0.00434844561850
C            3.69779012192948       -1.32001545070696        0.00475255736985
N            0.35926558459403        0.34389627024703        0.02036116655593
C           -0.60980678619903       -0.68015699050442       -0.04813402259943
O           -0.32988109971231       -1.86236901601028       -0.10405357512450
C           -1.96728379665275       -0.19061476242599       -0.04246895115203
C           -2.30021152436928        1.13969506640480        0.02043113652868
C           -1.18339789481028        2.02607967676608        0.08658187195400
N            0.03823948548867        1.62708714817357        0.08549699756435
N           -3.57427420697465        1.59510844916581       -0.02747770241247
Cl          -3.20208610870152       -1.40032623310287       -0.11561612601651
H            5.60814169441369       -0.35121096036655        0.05303987617543
H            4.62421870228507        1.91748944114180        0.11071880484397
H            2.18873496388648        2.20553083762200        0.09240472208291
H            1.69216248201818       -2.03724362462312       -0.03669382220465
H            4.11167884093015       -2.31690131071218       -0.02115498127558
H           -1.32690094032572        3.09449698426080        0.14102915274747
H           -3.76854269426235        2.54569714164900        0.23035715335552
H           -4.30859038229351        0.91180834420485        0.06155701296844
23
 energy: -42.870920117607 gnorm: 0.000215834839 xtb: 6.7.1 (edcfbbe)
C            4.53635895715057       -0.22138338744011        0.04583415216345
C            3.98378462521724        1.04856961938117        0.07722950928176
C            2.61372422994311        1.21592830788259        0.06737314899885
C            1.76455928406385        0.10819063840560        0.02718113554153
C            2.32183882428547       -1.16640515051951       -0.00298134523552
C            3.69803756793785       -1.31994347799174        0.00558294060684
N            0.35923204800351        0.34345757400568        0.02045596877610
C           -0.60993077622473       -0.68045227313021       -0.04968273272404
O           -0.32992741228781       -1.86261328344856       -0.10634516628907
C           -1.96732682214719       -0.19071302604292       -0.04323439427456
C           -2.30022284677449        1.13958573045251        0.02073371287498
C           -1.18328573943205        2.02591209102235        0.08760261784616
N            0.03816227422518        1.62650764207043        0.08655272479159
N           -3.57415502988231        1.59524204012434       -0.02650748165512
Cl          -3.20249720227237       -1.40008941759825       -0.11734900170613
H            5.60823947246718       -0.35067885690029        0.05263976529463
H            4.62374462974064        1.91791972186585        0.10916573401059
H            2.18831079086344        2.20530728499990        0.09102739113388
H            1.69253944924993       -2.03771266552210       -0.03452112605894
H            4.11221268359578       -2.31672838954354       -0.01940678453120
H           -1.32662174398504        3.09428949435940        0.14270873057701
H           -3.76770309837264        2.54631771418013        0.22986020503593
H           -4.30918451873885        0.91270462809155        0.06188876387771
23
 energy: -42.870920572054 gnorm: 0.000199902263 xtb: 6.7.1 (edcfbbe)
C            4.53639560758600       -0.22120758903758        0.04582120619376
C            3.98366403585389        1.04874072677398        0.07642539757828
C            2.61360447077218        1.21581994729212        0.06660433988957
C            1.76450227402830        0.10792935764534        0.02731897041855
C            2.32193082780938       -1.16663566575529       -0.00183057008892
C            3.69820297378211       -1.31989937746974        0.00657055464888
N            0.35919806600805        0.34315032977861        0.02047960050553
C           -0.60997320519712       -0.68062040573633       -0.05077958891019
O           -0.33010354619509       -1.86279257447188       -0.10833358228379
C           -1.96740382447892       -0.19071355131766       -0.04404691508066
C           -2.30026122704138        1.13953738544038        0.02078577698702
C           -1.18324055276143        2.02582118171912        0.08837283021367
N            0.03809284953663        1.62615189652827        0.08738835521940
N           -3.57414670294050        1.59547346579540       -0.02633371362050
Cl          -3.20272944881621       -1.39984544509887       -0.11906699735006
H            5.60831371932669       -0.35031689020063        0.05244627432956
H            4.62340828535822        1.91828136523062        0.10772357055074
H            2.18789701395211        2.20509980582242        0.08958968151060
H            1.69276837242095       -2.03809310127131       -0.03259041592321
H            4.11265210525003       -2.31659970465364       -0.01777376073537
H           -1.32632747669113        3.09419093653694        0.14405048738957
H           -3.76709752418374        2.54651382779114        0.23071422555921
H           -4.30945744675278        0.91322663736279        0.06227274133479
23
 energy: -42.870921076446 gnorm: 0.000195901170 xtb: 6.7.1 (edcfbbe)
C            4.53641259733270       -0.22115573439281        0.04595443788966
C            3.98364637974276        1.04883994077572        0.07560122812276
C            2.61359762125641        1.21580310526793        0.06554352236004
C            1.76451305464413        0.10780842142056        0.02725425585130
C            2.32192537757686       -1.16679192350897       -0.00068220012732
C            3.69825688938182       -1.31990102350581        0.00765745721608
N            0.35917240058876        0.34303096742941        0.02039790664668
C           -0.60992564954544       -0.68061428027552       -0.05190111583564
O           -0.33022061724380       -1.86278252116617       -0.11067826041654
C           -1.96747270116624       -0.19067472509398       -0.04489101642689
C           -2.30032329342493        1.13951477781355        0.02076195011131
C           -1.18327666111662        2.02576181545277        0.08913094588746
N            0.03803130419243        1.62602222523333        0.08820186823283
N           -3.57421261342258        1.59567522690378       -0.02639120982305
Cl          -3.20276490968268       -1.39970587162987       -0.12063275232648
H            5.60835370936743       -0.35018251247009        0.05265405958848
H            4.62328647556593        1.91848914851617        0.10628071481529
H            2.18763943292798        2.20499562477292        0.08771882036472
H            1.69280430088211       -2.03831750921838       -0.03064240239991
H            4.11287462668516       -2.31657094808598       -0.01587970097309
H           -1.32616158644753        3.09412536798799        0.14546359406805
H           -3.76677762581953        2.54642276519160        0.23226589743046
H           -4.30948886564890        0.91342022128610        0.06262046808023
23
 energy: -42.870921664388 gnorm: 0.000195028819 xtb: 6.7.1 (edcfbbe)
C            4.53636955866969       -0.22119317572430        0.04632899407586
C            3.98365526061716        1.04886545195910        0.07466777269959
C            2.61362159446693        1.21584915055305        0.06425714713159
C            1.76454609250003        0.10781286650769        0.02709250248364
C            2.32185850583641       -1.16683881888124        0.00054824372710
C            3.69819563657247       -1.31993910680241        0.00905844338298
N            0.35916801214715        0.34306683740241        0.02018800676943
C           -0.60982804593804       -0.68046925315149       -0.05333970629352
O           -0.33019978360568       -1.86257674084010       -0.11356306500399
C           -1.96748757476170       -0.19061444074892       -0.04574757410950
C           -2.30033945343630        1.13950064236655        0.02081939555336
C           -1.18331894955839        2.02569784207236        0.08997646621832
N            0.03802350924493        1.62604178570262        0.08905544742238
N           -3.57426246868919        1.59581784395547       -0.02642589971466
Cl          -3.20264003000558       -1.39964832423636       -0.12219746866165
H            5.60830645556105       -0.35022819600421        0.05309786706413
H            4.62331048553814        1.91853141315244        0.10455601834827
H            2.18755458548060        2.20501404273417        0.08537686357690
H            1.69271378101933       -2.03836912724632       -0.02852106415361
H            4.11283512632260       -2.31662336919190       -0.01365728372209
H           -1.32615120431042        3.09402893163740        0.14709668410724
H           -3.76664857981502        2.54609402081205        0.23426791146528
H           -4.30939286722993        0.91339228267621        0.06287276596938
23
 energy: -42.870922363520 gnorm: 0.000182073517 xtb: 6.7.1 (edcfbbe)
C            4.53630545317023       -0.22129774930938        0.04670316137435
C            3.98370848249070        1.04883242574041        0.07350564077067
C            2.61368604080222        1.21595600352228        0.06265797094578
C            1.76457690546700        0.10793154912808        0.02685638561736
C            2.32174508564632       -1.16680033890632        0.00195950768043
C            3.69805519493642       -1.32001994369471        0.01062344793655
N            0.35917349637478        0.34323226672622        0.01988024109229
C           -0.60972350575737       -0.68023045635626       -0.05496070242724
O           -0.33005270696755       -1.86222307545339       -0.11707449671057
C           -1.96746277245337       -0.19052884962627       -0.04669579908204
C           -2.30032625189086        1.13951505732446        0.02092937060783
C           -1.18337498290101        2.02566099730536        0.09099013890673
N            0.03803585438747        1.62617142321007        0.08997022320969
N           -3.57430653263070        1.59589379055982       -0.02634178828162
Cl          -3.20241332245086       -1.39964242284722       -0.12401858964661
H            5.60822082615807       -0.35043095741389        0.05390351378320
H            4.62348047587282        1.91843647596541        0.10251180736100
H            2.18769534255729        2.20517318830637        0.08251899753463
H            1.69251484527873       -2.03828761675171       -0.02616336133519
H            4.11257733803137       -2.31678174471806       -0.01078950260482
H           -1.32630679040116        3.09393351999435        0.14907029544719
H           -3.76674588371866        2.54555421438120        0.23669126753619
H           -4.30917294537564        0.91316480161744        0.06308073862062
23
 energy: -42.870923115912 gnorm: 0.000158359894 xtb: 6.7.1 (edcfbbe)
C            4.53624024053899       -0.22145502614599        0.04743004867716
C            3.98378894938181        1.04875583662087        0.07226700225510
C            2.61377247706306        1.21608372729986        0.06083610458770
C            1.76459687350081        0.10811466219474        0.02647363285794
C            2.32162099849624       -1.16671073747470        0.00348036739770
C            3.69787898183477       -1.32013939057061        0.01266201833301
N            0.35919646111481        0.34346785325863        0.01943783667730
C           -0.60963499848502       -0.67994219844855       -0.05693472905676
O           -0.32983148817440       -1.86177782223706       -0.12109354677945
C           -1.96740149747480       -0.19041209307031       -0.04771538628834
C           -2.30028407417340        1.13956019849032        0.02117392853157
C           -1.18341284729132        2.02566113248225        0.09216227459219
N            0.03806997719794        1.62633795112900        0.09092536167804
N           -3.57433739848776        1.59589003380611       -0.02596987268280
Cl          -3.20218881710199       -1.39960343712236       -0.12603461509960
H            5.60812935244317       -0.35071639118161        0.05471892964677
H            4.62372936806107        1.91827307213165        0.10006140000449
H            2.18799477858749        2.20541690401031        0.07927026515176
H            1.69226734944542       -2.03813328012950       -0.02354443644650
H            4.11220513378109       -2.31699066771319       -0.00763193576681
H           -1.32654724625989        3.09385353775371        0.15131557035827
H           -3.76705817957232        2.54490603217453        0.23928635044872
H           -4.30890474779952        0.91277266144614        0.06323189925896
23
 energy: -42.870923909516 gnorm: 0.000155295128 xtb: 6.7.1 (edcfbbe)
C            4.53618820151982       -0.22160036555315        0.04789420860556
C            3.98387754614558        1.04868365136058        0.07082433608296
C            2.61386727898377        1.21620318963979        0.05888092272272
C            1.76461408061883        0.10828653046358        0.02614822152603
C            2.32150554602129       -1.16662911786464        0.00515224601094
C            3.69771217580558       -1.32024832139473        0.01459681178428
N            0.35922822367307        0.34369407224472        0.01902646985264
C           -0.60956414471161       -0.67966700365000       -0.05895865905663
O           -0.32961495547528       -1.86133405918787       -0.12548090407002
C           -1.96731734691191       -0.19027555441099       -0.04877917944777
C           -2.30023378991789        1.13962087726785        0.02153091209694
C           -1.18342581682728        2.02567611385990        0.09350541414108
N            0.03811245656250        1.62647737266978        0.09200100480205
N           -3.57434957609199        1.59580450984330       -0.02511021917022
Cl          -3.20201155644781       -1.39950117230979       -0.12818890121167
H            5.60804991902346       -0.35100560110922        0.05573310940846
H            4.62396994111289        1.91811568442682        0.09756621091075
H            2.18830107552502        2.20565491431041        0.07577816761785
H            1.69202904164346       -2.03798544340484       -0.02075532119287
H            4.11184959296049       -2.31720591094910       -0.00412235427099
H           -1.32673525592633        3.09378338066875        0.15384579949223
H           -3.76748779890515        2.54436371208814        0.24148216271191
H           -4.30867519175426        0.91230109969494        0.06323800899019
23
 energy: -42.870924648844 gnorm: 0.000140945442 xtb: 6.7.1 (edcfbbe)
C            4.53615308067798       -0.22168737916343        0.04829619762638
C            3.98393144692061        1.04864596624739        0.06954812470588
C            2.61392534710729        1.21627583063613        0.05722034517022
C            1.76460878346723        0.10838979576094        0.02594060169067
C            2.32142274338986       -1.16658958298013        0.00668821613395
C            3.69759946587616       -1.32032682125929        0.01631874293907
N            0.35924903868131        0.34383341533468        0.01869291903999
C           -0.60952950425803       -0.67949423899823       -0.06081078877372
O           -0.32940802026941       -1.86099264590422       -0.12929164742442
C           -1.96723933682671       -0.19018240379746       -0.04977315815984
C           -2.30019258304843        1.13965237388676        0.02189916005880
C           -1.18342771311978        2.02567005093235        0.09476650558207
N            0.03812675347373        1.62651706763377        0.09300444625191
N           -3.57433237570464        1.59572166477978       -0.02408332631810
Cl          -3.20193045384508       -1.39939268228974       -0.13035805337429
H            5.60799831715366       -0.35117538480244        0.05641602797650
H            4.62411279748318        1.91804335407214        0.09520275654891
H            2.18851664119563        2.20581566347235        0.07279169825420
H            1.69186572214048       -2.03791798490297       -0.01815734800141
H            4.11161702276037       -2.31735477873959       -0.00101113056683
H           -1.32685491772537        3.09370124993120        0.15615359572527
H           -3.76775495741485        2.54402761177913        0.24306775406659
H           -4.30856765148897        0.91203241707509        0.06328682918463
23
 energy: -42.870925281583 gnorm: 0.000131111772 xtb: 6.7.1 (edcfbbe)
C            4.53613575500180       -0.22171888622145        0.04853459455406
C            3.98394681009731        1.04864498576799        0.06843634848840
C            2.61394154052585        1.21630167900276        0.05592747861261
C            1.76459042418806        0.10841809518179        0.02584475105157
C            2.32138749699382       -1.16659538199107        0.00800708137005
C            3.69755177035935       -1.32037918818642        0.01777418780677
N            0.35926790686537        0.34388007747211        0.01849432996136
C           -0.60952131232669       -0.67940011149278       -0.06229999241793
O           -0.32928256947716       -1.86077993293552       -0.13228976709269
C           -1.96718192344616       -0.19010193070321       -0.05062885151218
C           -2.30015868448694        1.13967466165442        0.02222678644977
C           -1.18340418001104        2.02565736387815        0.09583636265218
N            0.03813798269012        1.62646868860590        0.09387451099161
N           -3.57430648255831        1.59566172452487       -0.02315225329403
Cl          -3.20193528543723       -1.39924082811407       -0.13228547081634
H            5.60797654690843       -0.35123577457119        0.05680812530525
H            4.62415503688389        1.91804387443431        0.09324999595735
H            2.18860417945998        2.20589288804040        0.07044683718669
H            1.69180149732768       -2.03793053827690       -0.01597902188179
H            4.11152802447721       -2.31743370841648        0.00144960226780
H           -1.32688161935190        3.09362770453912        0.15808621886899
H           -3.76789829835468        2.54386880487235        0.24415107447475
H           -4.30856496970252        0.91188829163916        0.06329553935218
23
 energy: -42.870925927974 gnorm: 0.000135918368 xtb: 6.7.1 (edcfbbe)
C            4.53613258232074       -0.22171648650854        0.04862953443584
C            3.98394688446682        1.04866645404876        0.06734217915967
C            2.61394012827641        1.21630275941855        0.05477138819789
C            1.76456371907540        0.10840188282505        0.02588589620786
C            2.32137391834095       -1.16662977254794        0.00930188625851
C            3.69753968109273       -1.32041050678742        0.01904535421450
N            0.35927769228274        0.34387266015009        0.01850608714387
C           -0.60953458364490       -0.67936424017372       -0.06344139872032
O           -0.32919130162632       -1.86064654559718       -0.13448897074856
C           -1.96713558272914       -0.19003824324181       -0.05151178796984
C           -2.30013565099660        1.13967833883995        0.02255255780384
C           -1.18338083422175        2.02562834503766        0.09694700794793
N            0.03813440978573        1.62636859118077        0.09480520391815
N           -3.57427167983746        1.59561738350522       -0.02221411147643
Cl          -3.20198025620575       -1.39904216712275       -0.13492191254401
H            5.60797692511656       -0.35122873673218        0.05690432432679
H            4.62414714723119        1.91809775258165        0.09124533902450
H            2.18862885800143        2.20592482073279        0.06831057775085
H            1.69178472988311       -2.03799413306987       -0.01379758441918
H            4.11151944101072       -2.31747473211821        0.00367076306572
H           -1.32687228186689        3.09354445171159        0.15997893698754
H           -3.76794248111516        2.54380432320050        0.24500356897559
H           -4.30863181801435        0.91185035937127        0.06328362879573
23
 energy: -42.870926549747 gnorm: 0.000135855314 xtb: 6.7.1 (edcfbbe)
C            4.53613267669580       -0.22169040534081        0.04866481662656
C            3.98393551706618        1.04871010176776        0.06630826559267
C            2.61392908205530        1.21629721608444        0.05371045284245
C            1.76454574297540        0.10835540557445        0.02597084347937
C            2.32136770787335       -1.16668989597624        0.01055224566690
C            3.69754816721054       -1.32042275027280        0.02016294813386
N            0.35927420817558        0.34382513510880        0.01859861266955
C           -0.60952943145768       -0.67935745783983       -0.06460033680059
O           -0.32912432284713       -1.86057208907551       -0.13669700684316
C           -1.96710300045454       -0.18999306274922       -0.05249518531163
C           -2.30013042120935        1.13966067763800        0.02281446169852
C           -1.18337717029852        2.02556406168171        0.09816173268460
N            0.03811073799029        1.62624787999229        0.09588989340630
N           -3.57422723008001        1.59561944764910       -0.02144047957644
Cl          -3.20203237171298       -1.39886541789162       -0.13703531746121
H            5.60798411256988       -0.35117417786239        0.05687865050071
H            4.62410713701492        1.91819269899394        0.08926171370071
H            2.18857803367175        2.20591564360725        0.06637629732321
H            1.69179057630161       -2.03809571295545       -0.01160512186257
H            4.11156933734780       -2.31749154230224        0.00572336601483
H           -1.32683631116521        3.09343687492863        0.16195921042438
H           -3.76787838751409        2.54381648342536        0.24563505748010
H           -4.30874474358266        0.91192344451860        0.06301334794728
23
 energy: -42.870927141179 gnorm: 0.000118392113 xtb: 6.7.1 (edcfbbe)
C            4.53613454399500       -0.22165450577233        0.04856368303084
C            3.98391738154628        1.04876365784846        0.06524507909626
C            2.61391127983669        1.21628544210510        0.05272128236703
C            1.76453749845824        0.10829249357100        0.02609172051398
C            2.32136508726116       -1.16676413039114        0.01181579044871
C            3.69756712448818       -1.32043261601900        0.02125978267404
N            0.35927151864893        0.34375808194441        0.01874778716495
C           -0.60950782516860       -0.67934285619264       -0.06559999582356
O           -0.32907656984896       -1.86049077006145       -0.13873448487388
C           -1.96708679476248       -0.18996367966394       -0.05332118528388
C           -2.30013432808878        1.13962498270081        0.02305611953424
C           -1.18337727226939        2.02547685265523        0.09933379951153
N            0.03809148604005        1.62611411478646        0.09706071704355
N           -3.57419037566274        1.59563469018830       -0.02086005567310
Cl          -3.20206361423486       -1.39871222822900       -0.13902251741021
H            5.60799624382910       -0.35109891669846        0.05668185361670
H            4.62404834344165        1.91829529946210        0.08744802585146
H            2.18847464668934        2.20587953017493        0.06461224383469
H            1.69180557760505       -2.03820720062758       -0.00949089838108
H            4.11164822819408       -2.31748795817988        0.00752898290095
H           -1.32678207087598        3.09330485713570        0.16403073393030
H           -3.76777275509031        2.54389356260394        0.24602966676547
H           -4.30888770740541        0.91204385536322        0.06261033749740
23
 energy: -42.870927154366 gnorm: 0.000070408061 xtb: 6.7.1 (edcfbbe)
C            4.53613201198923       -0.22166595200525        0.04856522343642
C            3.98391529176482        1.04876477229436        0.06524024408052
C            2.61391910290627        1.21629145674505        0.05271503704266
C            1.76455454168519        0.10828731885985        0.02608914669405
C            2.32135519478652       -1.16676595102415        0.01182226795545
C            3.69756984978413       -1.32042374877368        0.02126769482752
N            0.35924708227763        0.34373892900541        0.01874810158656
C           -0.60946565885269       -0.67932690898555       -0.06559268547679
O           -0.32908613745774       -1.86049530316450       -0.13874876971053
C           -1.96711676775050       -0.18996714179200       -0.05332752825642
C           -2.30012137054799        1.13961364017808        0.02305805750866
C           -1.18339244732845        2.02547001997167        0.09934154517123
N            0.03809818038840        1.62613222320679        0.09707495229499
N           -3.57420523819764        1.59563536985568       -0.02087512240741
Cl          -3.20205193530536       -1.39870148196060       -0.13903702056058
H            5.60799655924879       -0.35109784668293        0.05667295827044
H            4.62404808346394        1.91829701860727        0.08743184719304
H            2.18846911357564        2.20587683154129        0.06460430806040
H            1.69180636700408       -2.03820686551269       -0.00947433446684
H            4.11165079435981       -2.31748899507698        0.00753930448738
H           -1.32677664758283        3.09330336259507        0.16404705169800
H           -3.76776564258828        2.54390389789860        0.24604040138368
H           -4.30889068099674        0.91203791292344        0.06260578752400
