15
 energy: -17.723908808423 gnorm: 0.022259672859 xtb: 6.7.1 (edcfbbe)
C           -1.73899015419033       -0.82258981245598        0.00445610787558
C           -0.50478566806035        0.00393547858781       -0.36027915575826
C           -0.66742189554771        1.45612484513299        0.08948103931673
C            0.73773991596338       -0.63761495647061        0.26078270806812
O            1.96087077576667        0.00515261706992       -0.09775803963805
H           -1.89389198964018       -0.83029163545929        1.09004133812546
H           -1.63918254192152       -1.86116422237283       -0.32821859571434
H           -2.64028920245386       -0.40710074960977       -0.45619004747952
H           -0.37224461494060       -0.01296256577549       -1.45059049509880
H           -1.56694842014986        1.90251383274399       -0.34579038393359
H            0.18057345686987        2.07631085018668       -0.21985589753264
H           -0.76164260193309        1.51549311593012        1.18140157523300
H            0.61971853554615       -0.67434082960793        1.35790299657779
H            0.83547797140658       -1.66985986300854       -0.09311533412584
H            1.98289504505219        0.86597013969622        0.33174827240815
15
 energy: -17.724536276351 gnorm: 0.008704314782 xtb: 6.7.1 (edcfbbe)
C           -1.73815947919647       -0.81486510332178        0.00288841404287
C           -0.50388127181208        0.00386517356575       -0.36183223741334
C           -0.67106821701910        1.45091826561719        0.09449172621014
C            0.73693899168878       -0.64048803245897        0.26775815528711
O            1.95042690723591       -0.00654802995245       -0.09153925661174
H           -1.88673205677561       -0.82198666695161        1.08328593240487
H           -1.63157618435010       -1.84540712357506       -0.33312188912238
H           -2.62916253723789       -0.39411300986106       -0.46087631731836
H           -0.37544856474975       -0.00780519418576       -1.45042207093310
H           -1.57028011122196        1.88501353871773       -0.34114120447864
H            0.17532516662920        2.06189808118127       -0.21919973505504
H           -0.75930049564988        1.50546547175570        1.18100923775014
H            0.62989926286457       -0.66229693619031        1.36314848116302
H            0.83876356276615       -1.67020349620720       -0.08560846282348
H            1.96613363859557        0.86612930645384        0.31517531522169
15
 energy: -17.724654693002 gnorm: 0.002828925981 xtb: 6.7.1 (edcfbbe)
C           -1.73953645517159       -0.81518532000313       -0.00058698408498
C           -0.50330063320476        0.00318930262215       -0.35913453768203
C           -0.66958418585130        1.45055709876541        0.09906536389731
C            0.73909152867122       -0.64044546712953        0.27304364371720
O            1.94902132645194       -0.01559649168853       -0.08751766909735
H           -1.88801913514968       -0.82135637186761        1.07680209016420
H           -1.63191220735365       -1.84271122392285       -0.33770023506201
H           -2.62460562714093       -0.39046648170554       -0.46676232445962
H           -0.37026609632268       -0.00607685745284       -1.44574686431630
H           -1.57010372865537        1.87793374924159       -0.33442593612214
H            0.17378700128568        2.06117716260384       -0.21650445048208
H           -0.75491304531654        1.50066300633066        1.18301288752595
H            0.62826940860654       -0.65317284605967        1.36670108569593
H            0.83686007256031       -1.67115482936304       -0.07545037020377
H            1.95709038835817        0.87222181421638        0.28922038883346
15
 energy: -17.724698045611 gnorm: 0.003752973895 xtb: 6.7.1 (edcfbbe)
C           -1.73922555980312       -0.81524781548552       -0.00383150352158
C           -0.50107721293279        0.00314996935047       -0.35805603105228
C           -0.66939174459458        1.45065115408073        0.10276133410358
C            0.74055133104551       -0.64087378603909        0.27852789882475
O            1.94991685068743       -0.02330943358698       -0.08518807787316
H           -1.89068186062627       -0.82248978011563        1.07282034275440
H           -1.63105108877516       -1.84187144568976       -0.34258321897374
H           -2.62167318491953       -0.38849161164732       -0.47256304039157
H           -0.36369703525065       -0.00468808133735       -1.44400634664816
H           -1.57209362063456        1.87590916333393       -0.32753864310536
H            0.17134682492036        2.06340947965737       -0.21485561907851
H           -0.75120431282174        1.49822278517868        1.18675528640032
H            0.62571634892727       -0.64791026052342        1.37214941983328
H            0.83314562028517       -1.67406142776416       -0.06400657047973
H            1.95129725626000        0.87717733517535        0.26363085753153
15
 energy: -17.724732480018 gnorm: 0.004125390177 xtb: 6.7.1 (edcfbbe)
C           -1.73857980888842       -0.81564948370113       -0.00826739909240
C           -0.49866240395566        0.00360970253769       -0.35625688611982
C           -0.66908208564564        1.45107224573049        0.10647090747598
C            0.74129615872760       -0.64096042416475        0.28467397662061
O            1.95208840968548       -0.03157149211303       -0.08293907519336
H           -1.89435013679666       -0.82498337280171        1.06825413894843
H           -1.62980569633441       -1.84213616326681       -0.34872305969593
H           -2.61965851391908       -0.38771842240637       -0.47948650843953
H           -0.35637252586002       -0.00291432484118       -1.44178193412120
H           -1.57537844973188        1.87467752761402       -0.31895383413783
H            0.16801593325873        2.06810435279929       -0.21424129853824
H           -0.74586715407470        1.49697280654198        1.19136691342792
H            0.62387423226007       -0.64184437267789        1.37899921615960
H            0.82797972571888       -1.67755836724379       -0.05031031505261
H            1.94638092732307        0.88047603258049        0.23521124608215
15
 energy: -17.724755052851 gnorm: 0.002752147594 xtb: 6.7.1 (edcfbbe)
C           -1.73772857901691       -0.81572529930253       -0.01232203562989
C           -0.49675462442672        0.00433084102094       -0.35448798090540
C           -0.66918834229226        1.45109465717128        0.10961949574316
C            0.74080239145606       -0.64077068836977        0.28981409718844
O            1.95397426348640       -0.03828059827941       -0.08230274986129
H           -1.89788815490989       -0.82757336529087        1.06410912802077
H           -1.62796229442022       -1.84210370218434       -0.35432272821666
H           -2.61808173570278       -0.38756122295752       -0.48571164859352
H           -0.35039141605840       -0.00122795592029       -1.43978277415422
H           -1.57864505608720        1.87350211863111       -0.31142853953413
H            0.16465994422440        2.07205832391724       -0.21373313481159
H           -0.74157322663518        1.49663413414623        1.19535849703873
H            0.62393300571467       -0.63490710778924        1.38497306585622
H            0.82310017290546       -1.68040641523572       -0.03785564620278
H            1.94362226352992        0.88051252503020        0.21208904238592
15
 energy: -17.724768119977 gnorm: 0.001312107382 xtb: 6.7.1 (edcfbbe)
C           -1.73714546550786       -0.81564565154245       -0.01601412558174
C           -0.49539516369326        0.00491342217309       -0.35268596940917
C           -0.66941473502702        1.45063357956917        0.11257525281413
C            0.73959627451401       -0.64050135522682        0.29435086867424
O            1.95535756917154       -0.04415301868575       -0.08284288890791
H           -1.90085385628296       -0.82984561506088        1.06001060926885
H           -1.62628135696695       -1.84154616465758       -0.35953832729036
H           -2.61654624788543       -0.38712947400498       -0.49117757041503
H           -0.34580049914770        0.00043194367782       -1.43771626649096
H           -1.58083425052703        1.87199198806573       -0.30556944525681
H            0.16220175925471        2.07425574824161       -0.21192274823889
H           -0.73914520631174        1.49582036127232        1.19864673750544
H            0.62536680994157       -0.62657328678510        1.38992566054116
H            0.81908106344220       -1.68259519609818       -0.02616473347112
H            1.94169191679329        0.87951896364931        0.19213903458193
15
 energy: -17.724774578237 gnorm: 0.000622390853 xtb: 6.7.1 (edcfbbe)
C           -1.73688189325452       -0.81562739849843       -0.01961337297551
C           -0.49418481404645        0.00526810761135       -0.35077417944210
C           -0.66993127389892        1.44988930504582        0.11592959121680
C            0.73821581467644       -0.64009525601793        0.29909797553286
O            1.95645555811116       -0.05030568457812       -0.08497514222036
H           -1.90371957678971       -0.83225734730074        1.05567717055369
H           -1.62500644540487       -1.84055888127648       -0.36513554528539
H           -2.61465122728905       -0.38600264839368       -0.49646628337234
H           -0.34141732269893        0.00213761923422       -1.43540751823472
H           -1.58179148704958        1.87046003522587       -0.30149129292096
H            0.16073726328304        2.07506408584465       -0.20740631188458
H           -0.73959780243520        1.49390826736567        1.20186586854763
H            0.62791403228653       -0.61586030437111        1.39452717421558
H            0.81529805516416       -1.68452074215777       -0.01330962855463
H            1.94043973111324        0.87807708685400        0.17149758314778
15
 energy: -17.724776748887 gnorm: 0.000664168881 xtb: 6.7.1 (edcfbbe)
C           -1.73707441671576       -0.81587140328770       -0.02005704252797
C           -0.49411519848309        0.00525286075050       -0.35035551217390
C           -0.67052493989104        1.44988606544413        0.11670063190539
C            0.73833405929926       -0.63965491127805        0.29990331760185
O            1.95654812250041       -0.05161263878746       -0.08728801623703
H           -1.90412484578092       -0.83309936568737        1.05505462062354
H           -1.62514410318086       -1.84042241623684       -0.36637173119651
H           -2.61434457052630       -0.38555960960119       -0.49699007943317
H           -0.34080207611480        0.00239627150784       -1.43484120196846
H           -1.58096343251878        1.87091269594017       -0.30310250978245
H            0.16140456491010        2.07465579900384       -0.20386879453016
H           -0.74318802680177        1.49293659399539        1.20237772507415
H            0.62939230479773       -0.61236544210922        1.39504508519943
H            0.81442872774568       -1.68469085541940       -0.01015988337049
H            1.94205244252748        0.87681260035267        0.16796947913955
15
 energy: -17.724780015257 gnorm: 0.000511105320 xtb: 6.7.1 (edcfbbe)
C           -1.73722613864548       -0.81630279512478       -0.02022953312323
C           -0.49423736638252        0.00529826582432       -0.35009340365657
C           -0.67168442166658        1.44990217667305        0.11755262992981
C            0.73876669690668       -0.63886937343510        0.30049206079053
O            1.95669608328688       -0.05372020655020       -0.09134024339971
H           -1.90359860244303       -0.83487490567206        1.05483193565185
H           -1.62551590588603       -1.84021941907645       -0.36815176581845
H           -2.61432452171262       -0.38488484227222       -0.49621538736316
H           -0.34052565417553        0.00288383228752       -1.43441317037510
H           -1.57852019964817        1.87264885436918       -0.30813260186648
H            0.16360209587662        2.07341394833470       -0.19648186479377
H           -0.75167726582675        1.49129751681424        1.20270202663586
H            0.63170206955746       -0.60715719467313        1.39532905841227
H            0.81299049880819       -1.68498077886044       -0.00604254563342
H            1.94543124371825        0.87514116594868        0.16420889293331
15
 energy: -17.724782272722 gnorm: 0.000484960984 xtb: 6.7.1 (edcfbbe)
C           -1.73700358407444       -0.81688151929955       -0.02038990610079
C           -0.49451762076940        0.00574965953074       -0.34955378675432
C           -0.67320912610198        1.45009062970180        0.11821986187568
C            0.73899884604444       -0.63768057575526        0.30095489495297
O            1.95675670500151       -0.05603180558797       -0.09667197222384
H           -1.90261428297987       -0.83766300375902        1.05484927561629
H           -1.62541380730968       -1.84017597244632       -0.37041309544402
H           -2.61467203466520       -0.38475465779142       -0.49481703492145
H           -0.34021701638722        0.00362210738249       -1.43380541542949
H           -1.57568698944983        1.87524069631526       -0.31457916429100
H            0.16596554494499        2.07252081909047       -0.18791350421841
H           -0.76218198215309        1.49033746599734        1.20280479380911
H            0.63460321703948       -0.60155517296934        1.39597288377928
H            0.81049185537659       -1.68520142377655       -0.00160097287940
H            1.95057888725107        0.87195899795466        0.16095923055315
15
 energy: -17.724783398676 gnorm: 0.000273058153 xtb: 6.7.1 (edcfbbe)
C           -1.73673462744317       -0.81705012014018       -0.02095713873897
C           -0.49439388628641        0.00607317959476       -0.34902084457131
C           -0.67397509453484        1.45008987333910        0.11891209469586
C            0.73903961397484       -0.63715450525292        0.30185648866117
O            1.95705002145847       -0.05837585489989       -0.09860476747457
H           -1.90204276494272       -0.83964643335240        1.05433006745385
H           -1.62519660194166       -1.83980782318850       -0.37261884791923
H           -2.61471566634647       -0.38431951537579       -0.49435505475225
H           -0.33926530907675        0.00422798180939       -1.43320687208214
H           -1.57443730738914        1.87628617116264       -0.31705127524978
H            0.16674271703307        2.07228022750272       -0.18343981468790
H           -0.76707242742596        1.48984261559157        1.20314291974843
H            0.63588878420904       -0.59816796081094        1.39700806623857
H            0.80878392757121       -1.68564485765849        0.00214701020202
H            1.95220723290785        0.87094326626625        0.15587405680001
15
 energy: -17.724784076582 gnorm: 0.000263605252 xtb: 6.7.1 (edcfbbe)
C           -1.73642984743849       -0.81716064485477       -0.02156485635138
C           -0.49418076102885        0.00633889310468       -0.34863854786113
C           -0.67434251803124        1.45008594613103        0.11950729026784
C            0.73891543171386       -0.63681433682612        0.30283640245331
O            1.95724106350560       -0.06013162420433       -0.09944974219255
H           -1.90177235166330       -0.84124744529087        1.05373333902543
H           -1.62496631525454       -1.83949211509876       -0.37457741984486
H           -2.61453355262815       -0.38387426603979       -0.49431094375316
H           -0.33830116176852        0.00467964351382       -1.43278007662889
H           -1.57400426905791        1.87661797438204       -0.31781531711401
H            0.16692499573954        2.07243363944924       -0.18104412713633
H           -0.76931554333493        1.48956916545506        1.20359511020514
H            0.63650225050133       -0.59565780927824        1.39813773425696
H            0.80740116383683       -1.68602910331832        0.00521776192718
H            1.95274002667611        0.87025832746266        0.15116948107020
15
 energy: -17.724784640260 gnorm: 0.000229697933 xtb: 6.7.1 (edcfbbe)
C           -1.73626432717860       -0.81725850732306       -0.02240799311262
C           -0.49387114902958        0.00653283576960       -0.34802600556502
C           -0.67480861403286        1.45007928096081        0.12025066027476
C            0.73890219938630       -0.63645433072390        0.30411258865691
O            1.95766898264154       -0.06218211837788       -0.10029625962511
H           -1.90162918283830       -0.84306321024431        1.05285611522644
H           -1.62487631473834       -1.83905548635171       -0.37702214244747
H           -2.61439388536147       -0.38320872318339       -0.49448290405981
H           -0.33710288027624        0.00510336719643       -1.43205733100169
H           -1.57372421461258        1.87693834647177       -0.31835778989623
H            0.16698917850521        2.07262655396623       -0.17848762468379
H           -0.77156604995456        1.48912101718005        1.20421431960755
H            0.63721870461411       -0.59259462131671        1.39944696379653
H            0.80607918547305       -1.68649438785295        0.00906884967148
H            1.95325697916966        0.86948622841636        0.14520464148183
15
 energy: -17.724784905530 gnorm: 0.000133573500 xtb: 6.7.1 (edcfbbe)
C           -1.73608702674042       -0.81746973166928       -0.02303276878948
C           -0.49365825221966        0.00666848798446       -0.34773155982626
C           -0.67506408111761        1.45005561237668        0.12097007841553
C            0.73875693672350       -0.63612329243770        0.30524094558319
O            1.95775578428331       -0.06377303197063       -0.10127362944467
H           -1.90161688169331       -0.84456036684989        1.05216705639009
H           -1.62485262986677       -1.83882200850046       -0.37894881520974
H           -2.61402777545671       -0.38264482242873       -0.49469978766294
H           -0.33613127499738        0.00545424855390       -1.43167051713774
H           -1.57320351661914        1.87718511308997       -0.31892392733708
H            0.16728748716089        2.07270432619273       -0.17601936713887
H           -0.77361631570433        1.48860731922430        1.20479235895673
H            0.63786464685664       -0.58974519365862        1.40053905715924
H            0.80489049524249       -1.68682056577627        0.01237542002241
H            1.95358101591588        0.86886015045689        0.14023154434334
15
 energy: -17.724784990764 gnorm: 0.000069297355 xtb: 6.7.1 (edcfbbe)
C           -1.73613479045013       -0.81749951243726       -0.02339437488832
C           -0.49353558701107        0.00669748415651       -0.34741484490458
C           -0.67537958421960        1.45003331812851        0.12135885217853
C            0.73885415539560       -0.63594323362006        0.30575527509826
O            1.95798078827532       -0.06467375522058       -0.10201686287890
H           -1.90173773220820       -0.84517797240736        1.05175284560855
H           -1.62484780077960       -1.83862819733952       -0.37988410487273
H           -2.61398389866077       -0.38236653888333       -0.49493857136810
H           -0.33565481840783        0.00562686927632       -1.43127706809160
H           -1.57297067141175        1.87741169931977       -0.31940360213912
H            0.16741806619713        2.07260152668744       -0.17447784287959
H           -0.77507407117267        1.48820956904457        1.20506690938741
H            0.63845674531962       -0.58803896054775        1.40097594704030
H            0.80440658130123       -1.68703048473006        0.01420390532977
H            1.95408122960007        0.86835443316014        0.13770962570386
