31
 energy: -746.594428751234 gnorm: 0.002702127598 xtb: 6.7.1 (edcfbbe)
C            2.59923106931255        2.41972704626446        1.02852570655324
C            2.27940088883119        1.74228626025655       -0.29742928842136
C            3.06403587511688        0.41303325842438       -0.45886964672262
C            2.06601030675732       -0.61109542729273        0.00552915932079
C            2.18611869505461       -1.96084226442229        0.28800333267378
C            1.04354547965599       -2.67624141893989        0.65771857394500
C           -0.19250927873122       -2.04216435466284        0.74764547967061
C           -0.30940161568645       -0.68413937450193        0.46491726653359
C            0.82592795073239        0.02022469110084        0.08562681477662
O            0.85482795378944        1.33940244321432       -0.23267833141115
O           -1.49457756906251        0.01928375495216        0.63286921650259
C           -2.61408520482056       -0.41869785752700       -0.05952896443056
O           -2.63330252814665       -1.34250565388107       -0.83864604713933
N           -3.67395723200733        0.34703994595197        0.30764464688037
C           -4.94310028082316        0.24805831876465       -0.39295852396292
C            2.41948496618333        2.68357261275722       -1.47680030933340
H            3.63290614950626        2.78035562131053        1.02977599195513
H            1.92967965819651        3.26863688493842        1.19028164769019
H            2.47550161944491        1.71273457453298        1.85483656438054
H            3.34246983354669        0.24225611656161       -1.50677288107229
H            3.98316524365862        0.42157918729130        0.13498686857880
H            3.14984686579292       -2.45670494078653        0.22252423051002
H            1.11473176708818       -3.73479240426586        0.88149877138991
H           -1.08077834183304       -2.59320659940721        1.03454583861623
H           -3.47901796290342        1.16032802586363        0.86762246085863
H           -5.10221661673553       -0.79097650343411       -0.68571007854054
H           -4.96799169881599        0.86855756438963       -1.29728979774169
H           -5.75119953592284        0.55872902436976        0.27480875382578
H            3.46190718070342        3.00189557730510       -1.57740902495465
H            1.79838303100406        3.57237037987566       -1.33516372098847
H            2.11367728157422        2.18625323319691       -2.40109015273665
31
 energy: -746.594447380766 gnorm: 0.001264302077 xtb: 6.7.1 (edcfbbe)
C            2.60038620818232        2.41908997189523        1.02897083656373
C            2.27881113170902        1.74221509080649       -0.29658717107301
C            3.06225985465457        0.41316430898486       -0.46019131949961
C            2.06506207889560       -0.61120228344528        0.00586625722294
C            2.18548391867170       -1.96137121916127        0.28731137408903
C            1.04362909851067       -2.67606036606283        0.65895877133811
C           -0.19231955720915       -2.04193684012228        0.74990313212618
C           -0.30952494230815       -0.68399975543969        0.46754228176708
C            0.82557081409387        0.02029025897784        0.08818452013678
O            0.85412628208733        1.33980367391386       -0.22910626431222
O           -1.49379897860832        0.02006144058359        0.63253036719536
C           -2.61246366534071       -0.41711537326346       -0.06064287795837
O           -2.62984224138605       -1.34022397957866       -0.84110043618575
N           -3.67234057221652        0.34889319543307        0.30585261741611
C           -4.94144036355678        0.24758979303551       -0.39382082181736
C            2.41719536397920        2.68356579050885       -1.47603334733668
H            3.63440349368524        2.77869394680249        1.03035755870182
H            1.93173407340609        3.26869959878199        1.19102114408073
H            2.47559572185109        1.71213635479601        1.85524748314195
H            3.33870723000169        0.24243863655512       -1.50867515082865
H            3.98271533947420        0.42086971690623        0.13216123141819
H            3.14853061575808       -2.45792371527042        0.21941309332633
H            1.11515221678555       -3.73465749447989        0.88268028719221
H           -1.07974029421831       -2.59381612975267        1.03666779725658
H           -3.47740569048547        1.16403501035766        0.86352825508158
H           -5.09996194859784       -0.79259812714428       -0.68385205913304
H           -4.96871964859532        0.86685212766949       -1.29986434638391
H           -5.74959998419038        0.55749345922847        0.27403494666895
H            3.45959753696554        3.00164354881193       -1.57742632727103
H            1.79604070621262        3.57230012937354       -1.33387829665940
H            2.11086990780402        2.18602788041648       -2.40004163699587
31
 energy: -746.594463089145 gnorm: 0.001852245056 xtb: 6.7.1 (edcfbbe)
C            2.60552225249156        2.41670555574165        1.03063507995693
C            2.27711241059319        1.74173243250083       -0.29375948538368
C            3.05785607505822        0.41332159734493       -0.46436487583891
C            2.06311443797832       -0.61128378251636        0.00732818395891
C            2.18385357249056       -1.96259098160991        0.28562757751000
C            1.04330987847613       -2.67550729342620        0.66237844176471
C           -0.19254170188483       -2.04119694240527        0.75714182582831
C           -0.30995325133837       -0.68353650778497        0.47559355237396
C            0.82511067765495        0.02043435879604        0.09641982608013
O            0.85207485201835        1.34071728030897       -0.21773045812105
O           -1.49188284425397        0.02252579651610        0.63309655711426
C           -2.60761175118552       -0.41148181018786       -0.06423931985746
O           -2.62035266479251       -1.33393038471582       -0.84611328970199
N           -3.66774460330661        0.35506408311073        0.29933216262547
C           -4.93687602279091        0.24524170230272       -0.39718676374859
C            2.40887268278501        2.68400626377998       -1.47316493866608
H            3.64099542503476        2.77198363620358        1.03131828937736
H            1.94065098320728        3.26906483606277        1.19441027556775
H            2.47808086493876        1.70992686037502        1.85680417147039
H            3.32666530552250        0.24324005659678       -1.51501162695600
H            3.98287010961372        0.41861316654508        0.12166361925347
H            3.14508618284810       -2.46124278771652        0.21007749534727
H            1.11533296583470       -3.73426759915710        0.88576128127826
H           -1.07792641343431       -2.59517784853316        1.04495144329296
H           -3.47273726810846        1.17625416976061        0.84859966097709
H           -5.09220611086942       -0.79784068825239       -0.67994876470806
H           -4.97022491303562        0.85888040660708       -1.30805924959392
H           -5.74546904295706        0.55452169664598        0.27028805133614
H            3.45072201491755        3.00259577722889       -1.57850512420630
H            1.78733777989513        3.57203086437330       -1.32829681704802
H            2.09967078073744        2.18615842208627       -2.39604503805000
31
 energy: -746.594469932143 gnorm: 0.000864387124 xtb: 6.7.1 (edcfbbe)
C            2.60691419004256        2.41624309348906        1.03087507144417
C            2.27727804992004        1.74194920157711       -0.29376658254849
C            3.05796013260486        0.41313839578698       -0.46487715611662
C            2.06348691108414       -0.61137411179996        0.00729465886792
C            2.18379971720625       -1.96255737380909        0.28562510134136
C            1.04310751525105       -2.67561453099996        0.66247801718854
C           -0.19267047431978       -2.04116389663042        0.75787238443405
C           -0.30988541197037       -0.68343983631983        0.47623840438955
C            0.82541902453461        0.02036199740342        0.09669631313356
O            0.85234389786991        1.34067399658871       -0.21751838364926
O           -1.49229010298921        0.02225880355675        0.63549311958760
C           -2.60781747917109       -0.41232549580919       -0.06245091472654
O           -2.62097659249837       -1.33516266225957       -0.84358859626491
N           -3.66810557357267        0.35542283382331        0.29866128014709
C           -4.93693177496997        0.24508930113692       -0.39886736223947
C            2.40776901121062        2.68479458290262       -1.47282250866897
H            3.64274398596589        2.77046852388817        1.03028186527177
H            1.94302663619005        3.26913712183992        1.19566722024529
H            2.48015854220999        1.70924005173807        1.85691029046796
H            3.32556955633409        0.24324897095701       -1.51583198252283
H            3.98336388514556        0.41880720237169        0.12000207163488
H            3.14515771037880       -2.46103142022588        0.21035837657017
H            1.11475722622781       -3.73440043833766        0.88546007954709
H           -1.07840524429718       -2.59471631826492        1.04618151992840
H           -3.47324760567211        1.17685720189286        0.84728967500438
H           -5.09151677695327       -0.79796266530124       -0.68133505392399
H           -4.96898768469570        0.85768840889256       -1.30976209882737
H           -5.74580466466922        0.55545432247211        0.26793479909611
H            3.44924384825368        3.00419446419383       -1.57940065978305
H            1.78591406031158        3.57235759604138       -1.32657219667181
H            2.09733786672345        2.18732582255965       -2.39552712070891
31
 energy: -746.594478573202 gnorm: 0.000822997500 xtb: 6.7.1 (edcfbbe)
C            2.61240336442890        2.41406470032384        1.03177049781372
C            2.27667356886124        1.74212190375309       -0.29282791023559
C            3.05652947169057        0.41268836099036       -0.46813513783377
C            2.06322910984298       -0.61132112128125        0.00750517570655
C            2.18314286833152       -1.96253664049481        0.28531237718825
C            1.04274391347622       -2.67569707148688        0.66378009528028
C           -0.19265490679280       -2.04082394593892        0.76186372894271
C           -0.30981202247280       -0.68282885936943        0.48094017407867
C            0.82530195920222        0.02075024748461        0.09979509226906
O            0.85186251734425        1.34119725292933       -0.21341499307860
O           -1.49318172487970        0.02212883351728        0.64256897136477
C           -2.60690854594709       -0.41228155313354       -0.05946892967046
O           -2.62038579457915       -1.33859275557614       -0.83627546392192
N           -3.66768999039884        0.35823561093631        0.29493082076519
C           -4.93547004631619        0.24410202678269       -0.40470499887328
C            2.40254111546245        2.68703687618157       -1.47067340614334
H            3.64949361626382        2.76474406022121        1.02733189282309
H            1.95217664935183        3.26898293509686        1.20034975366719
H            2.48717279028074        1.70631239518833        1.85730859101533
H            3.31877986180747        0.24327261538034       -1.52052851119705
H            3.98461400349020        0.41810341410876        0.11197140032640
H            3.14437282350047       -2.46121891414001        0.20831722174665
H            1.11403538335433       -3.73463123858375        0.88587856936380
H           -1.07856210365070       -2.59367462672058        1.05178802711330
H           -3.47364821452722        1.18203609456601        0.83999808849183
H           -5.08782039730946       -0.79990451368661       -0.68397491983508
H           -4.96557063872289        0.85294318314816       -1.31746317277105
H           -5.74579103317681        0.55670791315912        0.25941645892598
H            3.44294619920023        3.00841096153361       -1.58160940910231
H            1.78012648566063        3.57344398069461       -1.31988631795081
H            2.08806093591281        2.19119437128233       -2.39287303234548
31
 energy: -746.594483417025 gnorm: 0.001032748624 xtb: 6.7.1 (edcfbbe)
C            2.61741301437872        2.41144041313638        1.03253530026021
C            2.27565559775992        1.74234984757017       -0.29205866613053
C            3.05379308881895        0.41251047529365       -0.47189921107975
C            2.06209238121725       -0.61125202034198        0.00748478697592
C            2.18237765515005       -1.96264119637700        0.28421250231637
C            1.04296919678646       -2.67559992147760        0.66600287405509
C           -0.19207329363271       -2.04059586120695        0.76706564746374
C           -0.30980567646252       -0.68260007482004        0.48661357750456
C            0.82462986101071        0.02125250792976        0.10407600483499
O            0.85092831158899        1.34209581665537       -0.20787976114313
O           -1.49391229756177        0.02133039470104        0.64918015291115
C           -2.60611228842746       -0.41335371271585       -0.05522861314517
O           -2.61826392506640       -1.34094599817806       -0.83050109999249
N           -3.66662039923526        0.36112532892729        0.29128014588349
C           -4.93275036787936        0.24396324695560       -0.41097967132282
C            2.39687836994469        2.68934846965467       -1.46868214128662
H            3.65550361444535        2.75916704901327        1.02466180900786
H            1.96026585566514        3.26802745850133        1.20478834498078
H            2.49344827593226        1.70276378779979        1.85753419696635
H            3.31042443943114        0.24381090140442       -1.52581738533499
H            3.98482538577771        0.41707205199084        0.10348142930279
H            3.14321279126976       -2.46159199190519        0.20417352737369
H            1.11453979808999       -3.73463835562541        0.88745847550572
H           -1.07757750719741       -2.59335469683565        1.05823917529113
H           -3.47340325054782        1.18744991963345        0.83285540668838
H           -5.08377038407106       -0.80135586794247       -0.68614859303601
H           -4.96127741235707        0.84892070284283       -1.32640466212530
H           -5.74471913646300        0.55873861597198        0.25013563434734
H            3.43667494622057        3.01145644526297       -1.58297408596194
H            1.77447473866483        3.57511797939872       -1.31372531570319
H            2.07888876198061        2.19495801376821       -2.39049826064939
31
 energy: -746.594488020220 gnorm: 0.000719145716 xtb: 6.7.1 (edcfbbe)
C            2.62391173650389        2.40773265824717        1.03347672706933
C            2.27364989423964        1.74243308012248       -0.29083322479693
C            3.04921287771519        0.41232041279041       -0.47799564758496
C            2.05987553500294       -0.61106101279749        0.00715593583233
C            2.18132600812193       -1.96259473759719        0.28251993140841
C            1.04365454977887       -2.67555908903557        0.66938330277097
C           -0.19091018087479       -2.04061614284645        0.77514234895176
C           -0.30980274596708       -0.68261451943595        0.49561024555581
C            0.82311815353909        0.02194683553543        0.11041473092407
O            0.84900662937712        1.34329191538518       -0.20007857056314
O           -1.49497681944835        0.01989206803957        0.65844969206488
C           -2.60447031359029       -0.41364585877649       -0.05102900651555
O           -2.61528594018334       -1.34578292203770       -0.82100782985424
N           -3.66471231610241        0.36521253157844        0.28597513004164
C           -4.92846184932349        0.24413275841482       -0.41982529862823
C            2.38905716007133        2.69248392670956       -1.46555666095769
H            3.66295753443449        2.75240328553759        1.02085244718786
H            1.97030522995389        3.26586984313272        1.21142397579976
H            2.50245909623177        1.69739400681982        1.85741778062419
H            3.29795179824967        0.24445239724831       -1.53399372978893
H            3.98442790272499        0.41536363952405        0.09068759125087
H            3.14158788167214       -2.46173121455094        0.19724080451736
H            1.11626181841772       -3.73465463247419        0.89024465304405
H           -1.07554592010295       -2.59339276304816        1.06848429011873
H           -3.47292436717192        1.19460333597071        0.82340427723746
H           -5.07829928513472       -0.80272878274905       -0.68990605697587
H           -4.95361250311314        0.84412605170926       -1.33883986351004
H           -5.74305347176864        0.56227066773554        0.23643021551622
H            3.42822606708778        3.01489225820271       -1.58413928573266
H            1.76741510797099        3.57784174786639       -1.30499406529642
H            2.06635943136482        2.20069230747259       -2.38714627074075
31
 energy: -746.594488020220 gnorm: 0.000719145716 xtb: 6.7.1 (edcfbbe)
C            2.62391173650389        2.40773265824717        1.03347672706933
C            2.27364989423964        1.74243308012248       -0.29083322479693
C            3.04921287771519        0.41232041279041       -0.47799564758496
C            2.05987553500294       -0.61106101279749        0.00715593583233
C            2.18132600812193       -1.96259473759719        0.28251993140841
C            1.04365454977887       -2.67555908903557        0.66938330277097
C           -0.19091018087479       -2.04061614284645        0.77514234895176
C           -0.30980274596708       -0.68261451943595        0.49561024555581
C            0.82311815353909        0.02194683553543        0.11041473092407
O            0.84900662937712        1.34329191538518       -0.20007857056314
O           -1.49497681944835        0.01989206803957        0.65844969206488
C           -2.60447031359029       -0.41364585877649       -0.05102900651555
O           -2.61528594018334       -1.34578292203770       -0.82100782985424
N           -3.66471231610241        0.36521253157844        0.28597513004164
C           -4.92846184932349        0.24413275841482       -0.41982529862823
C            2.38905716007133        2.69248392670956       -1.46555666095769
H            3.66295753443449        2.75240328553759        1.02085244718786
H            1.97030522995389        3.26586984313272        1.21142397579976
H            2.50245909623177        1.69739400681982        1.85741778062419
H            3.29795179824967        0.24445239724831       -1.53399372978893
H            3.98442790272499        0.41536363952405        0.09068759125087
H            3.14158788167214       -2.46173121455094        0.19724080451736
H            1.11626181841772       -3.73465463247419        0.89024465304405
H           -1.07554592010295       -2.59339276304816        1.06848429011873
H           -3.47292436717192        1.19460333597071        0.82340427723746
H           -5.07829928513472       -0.80272878274905       -0.68990605697587
H           -4.95361250311314        0.84412605170926       -1.33883986351004
H           -5.74305347176864        0.56227066773554        0.23643021551622
H            3.42822606708778        3.01489225820271       -1.58413928573266
H            1.76741510797099        3.57784174786639       -1.30499406529642
H            2.06635943136482        2.20069230747259       -2.38714627074075
